[2024-09-08T06:39:28.125+0000] {processor.py:186} INFO - Started process (PID=62) to work on /home/airflow/.local/lib/python3.12/site-packages/airflow/example_dags/example_python_operator.py
[2024-09-08T06:39:28.125+0000] {processor.py:914} INFO - Processing file /home/airflow/.local/lib/python3.12/site-packages/airflow/example_dags/example_python_operator.py for tasks to queue
[2024-09-08T06:39:28.127+0000] {logging_mixin.py:190} INFO - [2024-09-08T06:39:28.126+0000] {dagbag.py:587} INFO - Filling up the DagBag from /home/airflow/.local/lib/python3.12/site-packages/airflow/example_dags/example_python_operator.py
[2024-09-08T06:39:28.136+0000] {processor.py:925} INFO - DAG(s) 'example_python_operator' retrieved from /home/airflow/.local/lib/python3.12/site-packages/airflow/example_dags/example_python_operator.py
[2024-09-08T06:39:28.202+0000] {logging_mixin.py:190} INFO - [2024-09-08T06:39:28.202+0000] {override.py:1900} INFO - Created Permission View: can edit on DAG:example_python_operator
[2024-09-08T06:39:28.209+0000] {logging_mixin.py:190} INFO - [2024-09-08T06:39:28.209+0000] {override.py:1900} INFO - Created Permission View: can read on DAG:example_python_operator
[2024-09-08T06:39:28.213+0000] {logging_mixin.py:190} INFO - [2024-09-08T06:39:28.213+0000] {override.py:1900} INFO - Created Permission View: can delete on DAG:example_python_operator
[2024-09-08T06:39:28.217+0000] {logging_mixin.py:190} INFO - [2024-09-08T06:39:28.216+0000] {override.py:1900} INFO - Created Permission View: can read on DAG Run:example_python_operator
[2024-09-08T06:39:28.219+0000] {logging_mixin.py:190} INFO - [2024-09-08T06:39:28.219+0000] {override.py:1900} INFO - Created Permission View: can delete on DAG Run:example_python_operator
[2024-09-08T06:39:28.222+0000] {logging_mixin.py:190} INFO - [2024-09-08T06:39:28.222+0000] {override.py:1900} INFO - Created Permission View: can create on DAG Run:example_python_operator
[2024-09-08T06:39:28.226+0000] {logging_mixin.py:190} INFO - [2024-09-08T06:39:28.226+0000] {override.py:1900} INFO - Created Permission View: menu access on DAG Run:example_python_operator
[2024-09-08T06:39:28.226+0000] {logging_mixin.py:190} INFO - [2024-09-08T06:39:28.226+0000] {dag.py:3229} INFO - Sync 1 DAGs
[2024-09-08T06:39:28.234+0000] {logging_mixin.py:190} INFO - [2024-09-08T06:39:28.234+0000] {dag.py:3252} INFO - Creating ORM DAG for example_python_operator
[2024-09-08T06:39:28.235+0000] {logging_mixin.py:190} INFO - [2024-09-08T06:39:28.235+0000] {dag.py:4156} INFO - Setting next_dagrun for example_python_operator to None, run_after=None
[2024-09-08T06:39:28.248+0000] {processor.py:208} INFO - Processing /home/airflow/.local/lib/python3.12/site-packages/airflow/example_dags/example_python_operator.py took 0.127 seconds
[2024-09-08T06:39:58.306+0000] {processor.py:186} INFO - Started process (PID=124) to work on /home/airflow/.local/lib/python3.12/site-packages/airflow/example_dags/example_python_operator.py
[2024-09-08T06:39:58.307+0000] {processor.py:914} INFO - Processing file /home/airflow/.local/lib/python3.12/site-packages/airflow/example_dags/example_python_operator.py for tasks to queue
[2024-09-08T06:39:58.308+0000] {logging_mixin.py:190} INFO - [2024-09-08T06:39:58.308+0000] {dagbag.py:587} INFO - Filling up the DagBag from /home/airflow/.local/lib/python3.12/site-packages/airflow/example_dags/example_python_operator.py
[2024-09-08T06:39:58.314+0000] {processor.py:925} INFO - DAG(s) 'example_python_operator' retrieved from /home/airflow/.local/lib/python3.12/site-packages/airflow/example_dags/example_python_operator.py
[2024-09-08T06:39:58.328+0000] {logging_mixin.py:190} INFO - [2024-09-08T06:39:58.328+0000] {dag.py:3229} INFO - Sync 1 DAGs
[2024-09-08T06:39:58.339+0000] {logging_mixin.py:190} INFO - [2024-09-08T06:39:58.339+0000] {dag.py:4156} INFO - Setting next_dagrun for example_python_operator to None, run_after=None
[2024-09-08T06:39:58.352+0000] {processor.py:208} INFO - Processing /home/airflow/.local/lib/python3.12/site-packages/airflow/example_dags/example_python_operator.py took 0.049 seconds
[2024-09-08T06:40:28.839+0000] {processor.py:186} INFO - Started process (PID=186) to work on /home/airflow/.local/lib/python3.12/site-packages/airflow/example_dags/example_python_operator.py
[2024-09-08T06:40:28.839+0000] {processor.py:914} INFO - Processing file /home/airflow/.local/lib/python3.12/site-packages/airflow/example_dags/example_python_operator.py for tasks to queue
[2024-09-08T06:40:28.841+0000] {logging_mixin.py:190} INFO - [2024-09-08T06:40:28.840+0000] {dagbag.py:587} INFO - Filling up the DagBag from /home/airflow/.local/lib/python3.12/site-packages/airflow/example_dags/example_python_operator.py
[2024-09-08T06:40:28.847+0000] {processor.py:925} INFO - DAG(s) 'example_python_operator' retrieved from /home/airflow/.local/lib/python3.12/site-packages/airflow/example_dags/example_python_operator.py
[2024-09-08T06:40:28.862+0000] {logging_mixin.py:190} INFO - [2024-09-08T06:40:28.862+0000] {dag.py:3229} INFO - Sync 1 DAGs
[2024-09-08T06:40:28.870+0000] {logging_mixin.py:190} INFO - [2024-09-08T06:40:28.870+0000] {dag.py:4156} INFO - Setting next_dagrun for example_python_operator to None, run_after=None
[2024-09-08T06:40:28.879+0000] {processor.py:208} INFO - Processing /home/airflow/.local/lib/python3.12/site-packages/airflow/example_dags/example_python_operator.py took 0.044 seconds
[2024-09-08T06:40:59.261+0000] {processor.py:186} INFO - Started process (PID=248) to work on /home/airflow/.local/lib/python3.12/site-packages/airflow/example_dags/example_python_operator.py
[2024-09-08T06:40:59.262+0000] {processor.py:914} INFO - Processing file /home/airflow/.local/lib/python3.12/site-packages/airflow/example_dags/example_python_operator.py for tasks to queue
[2024-09-08T06:40:59.263+0000] {logging_mixin.py:190} INFO - [2024-09-08T06:40:59.262+0000] {dagbag.py:587} INFO - Filling up the DagBag from /home/airflow/.local/lib/python3.12/site-packages/airflow/example_dags/example_python_operator.py
[2024-09-08T06:40:59.269+0000] {processor.py:925} INFO - DAG(s) 'example_python_operator' retrieved from /home/airflow/.local/lib/python3.12/site-packages/airflow/example_dags/example_python_operator.py
[2024-09-08T06:40:59.282+0000] {logging_mixin.py:190} INFO - [2024-09-08T06:40:59.282+0000] {dag.py:3229} INFO - Sync 1 DAGs
[2024-09-08T06:40:59.290+0000] {logging_mixin.py:190} INFO - [2024-09-08T06:40:59.290+0000] {dag.py:4156} INFO - Setting next_dagrun for example_python_operator to None, run_after=None
[2024-09-08T06:40:59.300+0000] {processor.py:208} INFO - Processing /home/airflow/.local/lib/python3.12/site-packages/airflow/example_dags/example_python_operator.py took 0.043 seconds
[2024-09-08T06:41:29.688+0000] {processor.py:186} INFO - Started process (PID=310) to work on /home/airflow/.local/lib/python3.12/site-packages/airflow/example_dags/example_python_operator.py
[2024-09-08T06:41:29.688+0000] {processor.py:914} INFO - Processing file /home/airflow/.local/lib/python3.12/site-packages/airflow/example_dags/example_python_operator.py for tasks to queue
[2024-09-08T06:41:29.690+0000] {logging_mixin.py:190} INFO - [2024-09-08T06:41:29.689+0000] {dagbag.py:587} INFO - Filling up the DagBag from /home/airflow/.local/lib/python3.12/site-packages/airflow/example_dags/example_python_operator.py
[2024-09-08T06:41:29.696+0000] {processor.py:925} INFO - DAG(s) 'example_python_operator' retrieved from /home/airflow/.local/lib/python3.12/site-packages/airflow/example_dags/example_python_operator.py
[2024-09-08T06:41:29.710+0000] {logging_mixin.py:190} INFO - [2024-09-08T06:41:29.709+0000] {dag.py:3229} INFO - Sync 1 DAGs
[2024-09-08T06:41:29.717+0000] {logging_mixin.py:190} INFO - [2024-09-08T06:41:29.717+0000] {dag.py:4156} INFO - Setting next_dagrun for example_python_operator to None, run_after=None
[2024-09-08T06:41:29.727+0000] {processor.py:208} INFO - Processing /home/airflow/.local/lib/python3.12/site-packages/airflow/example_dags/example_python_operator.py took 0.043 seconds
[2024-09-08T06:42:00.461+0000] {processor.py:186} INFO - Started process (PID=372) to work on /home/airflow/.local/lib/python3.12/site-packages/airflow/example_dags/example_python_operator.py
[2024-09-08T06:42:00.462+0000] {processor.py:914} INFO - Processing file /home/airflow/.local/lib/python3.12/site-packages/airflow/example_dags/example_python_operator.py for tasks to queue
[2024-09-08T06:42:00.463+0000] {logging_mixin.py:190} INFO - [2024-09-08T06:42:00.463+0000] {dagbag.py:587} INFO - Filling up the DagBag from /home/airflow/.local/lib/python3.12/site-packages/airflow/example_dags/example_python_operator.py
[2024-09-08T06:42:00.471+0000] {processor.py:925} INFO - DAG(s) 'example_python_operator' retrieved from /home/airflow/.local/lib/python3.12/site-packages/airflow/example_dags/example_python_operator.py
[2024-09-08T06:42:00.485+0000] {logging_mixin.py:190} INFO - [2024-09-08T06:42:00.485+0000] {dag.py:3229} INFO - Sync 1 DAGs
[2024-09-08T06:42:00.493+0000] {logging_mixin.py:190} INFO - [2024-09-08T06:42:00.493+0000] {dag.py:4156} INFO - Setting next_dagrun for example_python_operator to None, run_after=None
[2024-09-08T06:42:00.504+0000] {processor.py:208} INFO - Processing /home/airflow/.local/lib/python3.12/site-packages/airflow/example_dags/example_python_operator.py took 0.047 seconds
[2024-09-08T06:42:30.857+0000] {processor.py:186} INFO - Started process (PID=434) to work on /home/airflow/.local/lib/python3.12/site-packages/airflow/example_dags/example_python_operator.py
[2024-09-08T06:42:30.858+0000] {processor.py:914} INFO - Processing file /home/airflow/.local/lib/python3.12/site-packages/airflow/example_dags/example_python_operator.py for tasks to queue
[2024-09-08T06:42:30.859+0000] {logging_mixin.py:190} INFO - [2024-09-08T06:42:30.859+0000] {dagbag.py:587} INFO - Filling up the DagBag from /home/airflow/.local/lib/python3.12/site-packages/airflow/example_dags/example_python_operator.py
[2024-09-08T06:42:30.867+0000] {processor.py:925} INFO - DAG(s) 'example_python_operator' retrieved from /home/airflow/.local/lib/python3.12/site-packages/airflow/example_dags/example_python_operator.py
[2024-09-08T06:42:30.883+0000] {logging_mixin.py:190} INFO - [2024-09-08T06:42:30.883+0000] {dag.py:3229} INFO - Sync 1 DAGs
[2024-09-08T06:42:30.892+0000] {logging_mixin.py:190} INFO - [2024-09-08T06:42:30.891+0000] {dag.py:4156} INFO - Setting next_dagrun for example_python_operator to None, run_after=None
[2024-09-08T06:42:30.904+0000] {processor.py:208} INFO - Processing /home/airflow/.local/lib/python3.12/site-packages/airflow/example_dags/example_python_operator.py took 0.050 seconds
[2024-09-08T06:43:01.272+0000] {processor.py:186} INFO - Started process (PID=496) to work on /home/airflow/.local/lib/python3.12/site-packages/airflow/example_dags/example_python_operator.py
[2024-09-08T06:43:01.272+0000] {processor.py:914} INFO - Processing file /home/airflow/.local/lib/python3.12/site-packages/airflow/example_dags/example_python_operator.py for tasks to queue
[2024-09-08T06:43:01.273+0000] {logging_mixin.py:190} INFO - [2024-09-08T06:43:01.273+0000] {dagbag.py:587} INFO - Filling up the DagBag from /home/airflow/.local/lib/python3.12/site-packages/airflow/example_dags/example_python_operator.py
[2024-09-08T06:43:01.280+0000] {processor.py:925} INFO - DAG(s) 'example_python_operator' retrieved from /home/airflow/.local/lib/python3.12/site-packages/airflow/example_dags/example_python_operator.py
[2024-09-08T06:43:01.293+0000] {logging_mixin.py:190} INFO - [2024-09-08T06:43:01.293+0000] {dag.py:3229} INFO - Sync 1 DAGs
[2024-09-08T06:43:01.300+0000] {logging_mixin.py:190} INFO - [2024-09-08T06:43:01.300+0000] {dag.py:4156} INFO - Setting next_dagrun for example_python_operator to None, run_after=None
[2024-09-08T06:43:01.311+0000] {processor.py:208} INFO - Processing /home/airflow/.local/lib/python3.12/site-packages/airflow/example_dags/example_python_operator.py took 0.043 seconds
[2024-09-08T06:43:31.755+0000] {processor.py:186} INFO - Started process (PID=558) to work on /home/airflow/.local/lib/python3.12/site-packages/airflow/example_dags/example_python_operator.py
[2024-09-08T06:43:31.756+0000] {processor.py:914} INFO - Processing file /home/airflow/.local/lib/python3.12/site-packages/airflow/example_dags/example_python_operator.py for tasks to queue
[2024-09-08T06:43:31.757+0000] {logging_mixin.py:190} INFO - [2024-09-08T06:43:31.757+0000] {dagbag.py:587} INFO - Filling up the DagBag from /home/airflow/.local/lib/python3.12/site-packages/airflow/example_dags/example_python_operator.py
[2024-09-08T06:43:31.763+0000] {processor.py:925} INFO - DAG(s) 'example_python_operator' retrieved from /home/airflow/.local/lib/python3.12/site-packages/airflow/example_dags/example_python_operator.py
[2024-09-08T06:43:31.779+0000] {logging_mixin.py:190} INFO - [2024-09-08T06:43:31.779+0000] {dag.py:3229} INFO - Sync 1 DAGs
[2024-09-08T06:43:31.787+0000] {logging_mixin.py:190} INFO - [2024-09-08T06:43:31.787+0000] {dag.py:4156} INFO - Setting next_dagrun for example_python_operator to None, run_after=None
[2024-09-08T06:43:31.798+0000] {processor.py:208} INFO - Processing /home/airflow/.local/lib/python3.12/site-packages/airflow/example_dags/example_python_operator.py took 0.047 seconds
[2024-09-08T06:44:02.198+0000] {processor.py:186} INFO - Started process (PID=620) to work on /home/airflow/.local/lib/python3.12/site-packages/airflow/example_dags/example_python_operator.py
[2024-09-08T06:44:02.198+0000] {processor.py:914} INFO - Processing file /home/airflow/.local/lib/python3.12/site-packages/airflow/example_dags/example_python_operator.py for tasks to queue
[2024-09-08T06:44:02.200+0000] {logging_mixin.py:190} INFO - [2024-09-08T06:44:02.199+0000] {dagbag.py:587} INFO - Filling up the DagBag from /home/airflow/.local/lib/python3.12/site-packages/airflow/example_dags/example_python_operator.py
[2024-09-08T06:44:02.205+0000] {processor.py:925} INFO - DAG(s) 'example_python_operator' retrieved from /home/airflow/.local/lib/python3.12/site-packages/airflow/example_dags/example_python_operator.py
[2024-09-08T06:44:02.221+0000] {logging_mixin.py:190} INFO - [2024-09-08T06:44:02.221+0000] {dag.py:3229} INFO - Sync 1 DAGs
[2024-09-08T06:44:02.232+0000] {logging_mixin.py:190} INFO - [2024-09-08T06:44:02.232+0000] {dag.py:4156} INFO - Setting next_dagrun for example_python_operator to None, run_after=None
[2024-09-08T06:44:02.244+0000] {processor.py:208} INFO - Processing /home/airflow/.local/lib/python3.12/site-packages/airflow/example_dags/example_python_operator.py took 0.049 seconds
[2024-09-08T06:44:32.817+0000] {processor.py:186} INFO - Started process (PID=682) to work on /home/airflow/.local/lib/python3.12/site-packages/airflow/example_dags/example_python_operator.py
[2024-09-08T06:44:32.818+0000] {processor.py:914} INFO - Processing file /home/airflow/.local/lib/python3.12/site-packages/airflow/example_dags/example_python_operator.py for tasks to queue
[2024-09-08T06:44:32.819+0000] {logging_mixin.py:190} INFO - [2024-09-08T06:44:32.819+0000] {dagbag.py:587} INFO - Filling up the DagBag from /home/airflow/.local/lib/python3.12/site-packages/airflow/example_dags/example_python_operator.py
[2024-09-08T06:44:32.825+0000] {processor.py:925} INFO - DAG(s) 'example_python_operator' retrieved from /home/airflow/.local/lib/python3.12/site-packages/airflow/example_dags/example_python_operator.py
[2024-09-08T06:44:32.839+0000] {logging_mixin.py:190} INFO - [2024-09-08T06:44:32.839+0000] {dag.py:3229} INFO - Sync 1 DAGs
[2024-09-08T06:44:32.849+0000] {logging_mixin.py:190} INFO - [2024-09-08T06:44:32.849+0000] {dag.py:4156} INFO - Setting next_dagrun for example_python_operator to None, run_after=None
[2024-09-08T06:44:32.862+0000] {processor.py:208} INFO - Processing /home/airflow/.local/lib/python3.12/site-packages/airflow/example_dags/example_python_operator.py took 0.049 seconds
[2024-09-08T06:45:03.401+0000] {processor.py:186} INFO - Started process (PID=744) to work on /home/airflow/.local/lib/python3.12/site-packages/airflow/example_dags/example_python_operator.py
[2024-09-08T06:45:03.402+0000] {processor.py:914} INFO - Processing file /home/airflow/.local/lib/python3.12/site-packages/airflow/example_dags/example_python_operator.py for tasks to queue
[2024-09-08T06:45:03.403+0000] {logging_mixin.py:190} INFO - [2024-09-08T06:45:03.402+0000] {dagbag.py:587} INFO - Filling up the DagBag from /home/airflow/.local/lib/python3.12/site-packages/airflow/example_dags/example_python_operator.py
[2024-09-08T06:45:03.409+0000] {processor.py:925} INFO - DAG(s) 'example_python_operator' retrieved from /home/airflow/.local/lib/python3.12/site-packages/airflow/example_dags/example_python_operator.py
[2024-09-08T06:45:03.424+0000] {logging_mixin.py:190} INFO - [2024-09-08T06:45:03.424+0000] {dag.py:3229} INFO - Sync 1 DAGs
[2024-09-08T06:45:03.436+0000] {logging_mixin.py:190} INFO - [2024-09-08T06:45:03.435+0000] {dag.py:4156} INFO - Setting next_dagrun for example_python_operator to None, run_after=None
[2024-09-08T06:45:03.450+0000] {processor.py:208} INFO - Processing /home/airflow/.local/lib/python3.12/site-packages/airflow/example_dags/example_python_operator.py took 0.052 seconds
[2024-09-08T06:45:33.882+0000] {processor.py:186} INFO - Started process (PID=806) to work on /home/airflow/.local/lib/python3.12/site-packages/airflow/example_dags/example_python_operator.py
[2024-09-08T06:45:33.882+0000] {processor.py:914} INFO - Processing file /home/airflow/.local/lib/python3.12/site-packages/airflow/example_dags/example_python_operator.py for tasks to queue
[2024-09-08T06:45:33.883+0000] {logging_mixin.py:190} INFO - [2024-09-08T06:45:33.883+0000] {dagbag.py:587} INFO - Filling up the DagBag from /home/airflow/.local/lib/python3.12/site-packages/airflow/example_dags/example_python_operator.py
[2024-09-08T06:45:33.890+0000] {processor.py:925} INFO - DAG(s) 'example_python_operator' retrieved from /home/airflow/.local/lib/python3.12/site-packages/airflow/example_dags/example_python_operator.py
[2024-09-08T06:45:33.904+0000] {logging_mixin.py:190} INFO - [2024-09-08T06:45:33.904+0000] {dag.py:3229} INFO - Sync 1 DAGs
[2024-09-08T06:45:33.915+0000] {logging_mixin.py:190} INFO - [2024-09-08T06:45:33.914+0000] {dag.py:4156} INFO - Setting next_dagrun for example_python_operator to None, run_after=None
[2024-09-08T06:45:33.929+0000] {processor.py:208} INFO - Processing /home/airflow/.local/lib/python3.12/site-packages/airflow/example_dags/example_python_operator.py took 0.051 seconds
[2024-09-08T06:46:04.348+0000] {processor.py:186} INFO - Started process (PID=868) to work on /home/airflow/.local/lib/python3.12/site-packages/airflow/example_dags/example_python_operator.py
[2024-09-08T06:46:04.348+0000] {processor.py:914} INFO - Processing file /home/airflow/.local/lib/python3.12/site-packages/airflow/example_dags/example_python_operator.py for tasks to queue
[2024-09-08T06:46:04.350+0000] {logging_mixin.py:190} INFO - [2024-09-08T06:46:04.349+0000] {dagbag.py:587} INFO - Filling up the DagBag from /home/airflow/.local/lib/python3.12/site-packages/airflow/example_dags/example_python_operator.py
[2024-09-08T06:46:04.357+0000] {processor.py:925} INFO - DAG(s) 'example_python_operator' retrieved from /home/airflow/.local/lib/python3.12/site-packages/airflow/example_dags/example_python_operator.py
[2024-09-08T06:46:04.373+0000] {logging_mixin.py:190} INFO - [2024-09-08T06:46:04.373+0000] {dag.py:3229} INFO - Sync 1 DAGs
[2024-09-08T06:46:04.384+0000] {logging_mixin.py:190} INFO - [2024-09-08T06:46:04.384+0000] {dag.py:4156} INFO - Setting next_dagrun for example_python_operator to None, run_after=None
[2024-09-08T06:46:04.397+0000] {processor.py:208} INFO - Processing /home/airflow/.local/lib/python3.12/site-packages/airflow/example_dags/example_python_operator.py took 0.053 seconds
[2024-09-08T06:46:34.914+0000] {processor.py:186} INFO - Started process (PID=930) to work on /home/airflow/.local/lib/python3.12/site-packages/airflow/example_dags/example_python_operator.py
[2024-09-08T06:46:34.914+0000] {processor.py:914} INFO - Processing file /home/airflow/.local/lib/python3.12/site-packages/airflow/example_dags/example_python_operator.py for tasks to queue
[2024-09-08T06:46:34.915+0000] {logging_mixin.py:190} INFO - [2024-09-08T06:46:34.915+0000] {dagbag.py:587} INFO - Filling up the DagBag from /home/airflow/.local/lib/python3.12/site-packages/airflow/example_dags/example_python_operator.py
[2024-09-08T06:46:34.924+0000] {processor.py:925} INFO - DAG(s) 'example_python_operator' retrieved from /home/airflow/.local/lib/python3.12/site-packages/airflow/example_dags/example_python_operator.py
[2024-09-08T06:46:34.936+0000] {logging_mixin.py:190} INFO - [2024-09-08T06:46:34.936+0000] {dag.py:3229} INFO - Sync 1 DAGs
[2024-09-08T06:46:34.944+0000] {logging_mixin.py:190} INFO - [2024-09-08T06:46:34.944+0000] {dag.py:4156} INFO - Setting next_dagrun for example_python_operator to None, run_after=None
[2024-09-08T06:46:34.955+0000] {processor.py:208} INFO - Processing /home/airflow/.local/lib/python3.12/site-packages/airflow/example_dags/example_python_operator.py took 0.045 seconds
[2024-09-08T06:47:05.267+0000] {processor.py:186} INFO - Started process (PID=992) to work on /home/airflow/.local/lib/python3.12/site-packages/airflow/example_dags/example_python_operator.py
[2024-09-08T06:47:05.267+0000] {processor.py:914} INFO - Processing file /home/airflow/.local/lib/python3.12/site-packages/airflow/example_dags/example_python_operator.py for tasks to queue
[2024-09-08T06:47:05.269+0000] {logging_mixin.py:190} INFO - [2024-09-08T06:47:05.269+0000] {dagbag.py:587} INFO - Filling up the DagBag from /home/airflow/.local/lib/python3.12/site-packages/airflow/example_dags/example_python_operator.py
[2024-09-08T06:47:05.276+0000] {processor.py:925} INFO - DAG(s) 'example_python_operator' retrieved from /home/airflow/.local/lib/python3.12/site-packages/airflow/example_dags/example_python_operator.py
[2024-09-08T06:47:05.293+0000] {logging_mixin.py:190} INFO - [2024-09-08T06:47:05.292+0000] {dag.py:3229} INFO - Sync 1 DAGs
[2024-09-08T06:47:05.302+0000] {logging_mixin.py:190} INFO - [2024-09-08T06:47:05.302+0000] {dag.py:4156} INFO - Setting next_dagrun for example_python_operator to None, run_after=None
[2024-09-08T06:47:05.312+0000] {processor.py:208} INFO - Processing /home/airflow/.local/lib/python3.12/site-packages/airflow/example_dags/example_python_operator.py took 0.050 seconds
[2024-09-08T06:47:35.890+0000] {processor.py:186} INFO - Started process (PID=1054) to work on /home/airflow/.local/lib/python3.12/site-packages/airflow/example_dags/example_python_operator.py
[2024-09-08T06:47:35.890+0000] {processor.py:914} INFO - Processing file /home/airflow/.local/lib/python3.12/site-packages/airflow/example_dags/example_python_operator.py for tasks to queue
[2024-09-08T06:47:35.891+0000] {logging_mixin.py:190} INFO - [2024-09-08T06:47:35.891+0000] {dagbag.py:587} INFO - Filling up the DagBag from /home/airflow/.local/lib/python3.12/site-packages/airflow/example_dags/example_python_operator.py
[2024-09-08T06:47:35.899+0000] {processor.py:925} INFO - DAG(s) 'example_python_operator' retrieved from /home/airflow/.local/lib/python3.12/site-packages/airflow/example_dags/example_python_operator.py
[2024-09-08T06:47:35.917+0000] {logging_mixin.py:190} INFO - [2024-09-08T06:47:35.916+0000] {dag.py:3229} INFO - Sync 1 DAGs
[2024-09-08T06:47:35.925+0000] {logging_mixin.py:190} INFO - [2024-09-08T06:47:35.925+0000] {dag.py:4156} INFO - Setting next_dagrun for example_python_operator to None, run_after=None
[2024-09-08T06:47:35.939+0000] {processor.py:208} INFO - Processing /home/airflow/.local/lib/python3.12/site-packages/airflow/example_dags/example_python_operator.py took 0.053 seconds
[2024-09-08T06:48:06.371+0000] {processor.py:186} INFO - Started process (PID=1116) to work on /home/airflow/.local/lib/python3.12/site-packages/airflow/example_dags/example_python_operator.py
[2024-09-08T06:48:06.372+0000] {processor.py:914} INFO - Processing file /home/airflow/.local/lib/python3.12/site-packages/airflow/example_dags/example_python_operator.py for tasks to queue
[2024-09-08T06:48:06.373+0000] {logging_mixin.py:190} INFO - [2024-09-08T06:48:06.373+0000] {dagbag.py:587} INFO - Filling up the DagBag from /home/airflow/.local/lib/python3.12/site-packages/airflow/example_dags/example_python_operator.py
[2024-09-08T06:48:06.382+0000] {processor.py:925} INFO - DAG(s) 'example_python_operator' retrieved from /home/airflow/.local/lib/python3.12/site-packages/airflow/example_dags/example_python_operator.py
[2024-09-08T06:48:06.398+0000] {logging_mixin.py:190} INFO - [2024-09-08T06:48:06.398+0000] {dag.py:3229} INFO - Sync 1 DAGs
[2024-09-08T06:48:06.406+0000] {logging_mixin.py:190} INFO - [2024-09-08T06:48:06.405+0000] {dag.py:4156} INFO - Setting next_dagrun for example_python_operator to None, run_after=None
[2024-09-08T06:48:06.417+0000] {processor.py:208} INFO - Processing /home/airflow/.local/lib/python3.12/site-packages/airflow/example_dags/example_python_operator.py took 0.049 seconds
[2024-09-08T06:48:37.014+0000] {processor.py:186} INFO - Started process (PID=1178) to work on /home/airflow/.local/lib/python3.12/site-packages/airflow/example_dags/example_python_operator.py
[2024-09-08T06:48:37.015+0000] {processor.py:914} INFO - Processing file /home/airflow/.local/lib/python3.12/site-packages/airflow/example_dags/example_python_operator.py for tasks to queue
[2024-09-08T06:48:37.016+0000] {logging_mixin.py:190} INFO - [2024-09-08T06:48:37.016+0000] {dagbag.py:587} INFO - Filling up the DagBag from /home/airflow/.local/lib/python3.12/site-packages/airflow/example_dags/example_python_operator.py
[2024-09-08T06:48:37.024+0000] {processor.py:925} INFO - DAG(s) 'example_python_operator' retrieved from /home/airflow/.local/lib/python3.12/site-packages/airflow/example_dags/example_python_operator.py
[2024-09-08T06:48:37.037+0000] {logging_mixin.py:190} INFO - [2024-09-08T06:48:37.037+0000] {dag.py:3229} INFO - Sync 1 DAGs
[2024-09-08T06:48:37.045+0000] {logging_mixin.py:190} INFO - [2024-09-08T06:48:37.045+0000] {dag.py:4156} INFO - Setting next_dagrun for example_python_operator to None, run_after=None
[2024-09-08T06:48:37.057+0000] {processor.py:208} INFO - Processing /home/airflow/.local/lib/python3.12/site-packages/airflow/example_dags/example_python_operator.py took 0.047 seconds
[2024-09-08T06:49:07.517+0000] {processor.py:186} INFO - Started process (PID=1240) to work on /home/airflow/.local/lib/python3.12/site-packages/airflow/example_dags/example_python_operator.py
[2024-09-08T06:49:07.518+0000] {processor.py:914} INFO - Processing file /home/airflow/.local/lib/python3.12/site-packages/airflow/example_dags/example_python_operator.py for tasks to queue
[2024-09-08T06:49:07.519+0000] {logging_mixin.py:190} INFO - [2024-09-08T06:49:07.519+0000] {dagbag.py:587} INFO - Filling up the DagBag from /home/airflow/.local/lib/python3.12/site-packages/airflow/example_dags/example_python_operator.py
[2024-09-08T06:49:07.528+0000] {processor.py:925} INFO - DAG(s) 'example_python_operator' retrieved from /home/airflow/.local/lib/python3.12/site-packages/airflow/example_dags/example_python_operator.py
[2024-09-08T06:49:07.544+0000] {logging_mixin.py:190} INFO - [2024-09-08T06:49:07.544+0000] {dag.py:3229} INFO - Sync 1 DAGs
[2024-09-08T06:49:07.553+0000] {logging_mixin.py:190} INFO - [2024-09-08T06:49:07.553+0000] {dag.py:4156} INFO - Setting next_dagrun for example_python_operator to None, run_after=None
[2024-09-08T06:49:07.563+0000] {processor.py:208} INFO - Processing /home/airflow/.local/lib/python3.12/site-packages/airflow/example_dags/example_python_operator.py took 0.051 seconds
[2024-09-08T06:49:38.267+0000] {processor.py:186} INFO - Started process (PID=1302) to work on /home/airflow/.local/lib/python3.12/site-packages/airflow/example_dags/example_python_operator.py
[2024-09-08T06:49:38.267+0000] {processor.py:914} INFO - Processing file /home/airflow/.local/lib/python3.12/site-packages/airflow/example_dags/example_python_operator.py for tasks to queue
[2024-09-08T06:49:38.268+0000] {logging_mixin.py:190} INFO - [2024-09-08T06:49:38.268+0000] {dagbag.py:587} INFO - Filling up the DagBag from /home/airflow/.local/lib/python3.12/site-packages/airflow/example_dags/example_python_operator.py
[2024-09-08T06:49:38.274+0000] {processor.py:925} INFO - DAG(s) 'example_python_operator' retrieved from /home/airflow/.local/lib/python3.12/site-packages/airflow/example_dags/example_python_operator.py
[2024-09-08T06:49:38.288+0000] {logging_mixin.py:190} INFO - [2024-09-08T06:49:38.288+0000] {dag.py:3229} INFO - Sync 1 DAGs
[2024-09-08T06:49:38.298+0000] {logging_mixin.py:190} INFO - [2024-09-08T06:49:38.298+0000] {dag.py:4156} INFO - Setting next_dagrun for example_python_operator to None, run_after=None
[2024-09-08T06:49:38.313+0000] {processor.py:208} INFO - Processing /home/airflow/.local/lib/python3.12/site-packages/airflow/example_dags/example_python_operator.py took 0.049 seconds
[2024-09-08T06:50:08.765+0000] {processor.py:186} INFO - Started process (PID=1364) to work on /home/airflow/.local/lib/python3.12/site-packages/airflow/example_dags/example_python_operator.py
[2024-09-08T06:50:08.765+0000] {processor.py:914} INFO - Processing file /home/airflow/.local/lib/python3.12/site-packages/airflow/example_dags/example_python_operator.py for tasks to queue
[2024-09-08T06:50:08.767+0000] {logging_mixin.py:190} INFO - [2024-09-08T06:50:08.767+0000] {dagbag.py:587} INFO - Filling up the DagBag from /home/airflow/.local/lib/python3.12/site-packages/airflow/example_dags/example_python_operator.py
[2024-09-08T06:50:08.774+0000] {processor.py:925} INFO - DAG(s) 'example_python_operator' retrieved from /home/airflow/.local/lib/python3.12/site-packages/airflow/example_dags/example_python_operator.py
[2024-09-08T06:50:08.787+0000] {logging_mixin.py:190} INFO - [2024-09-08T06:50:08.786+0000] {dag.py:3229} INFO - Sync 1 DAGs
[2024-09-08T06:50:08.794+0000] {logging_mixin.py:190} INFO - [2024-09-08T06:50:08.794+0000] {dag.py:4156} INFO - Setting next_dagrun for example_python_operator to None, run_after=None
[2024-09-08T06:50:08.805+0000] {processor.py:208} INFO - Processing /home/airflow/.local/lib/python3.12/site-packages/airflow/example_dags/example_python_operator.py took 0.044 seconds
[2024-09-08T06:50:39.338+0000] {processor.py:186} INFO - Started process (PID=1426) to work on /home/airflow/.local/lib/python3.12/site-packages/airflow/example_dags/example_python_operator.py
[2024-09-08T06:50:39.338+0000] {processor.py:914} INFO - Processing file /home/airflow/.local/lib/python3.12/site-packages/airflow/example_dags/example_python_operator.py for tasks to queue
[2024-09-08T06:50:39.339+0000] {logging_mixin.py:190} INFO - [2024-09-08T06:50:39.339+0000] {dagbag.py:587} INFO - Filling up the DagBag from /home/airflow/.local/lib/python3.12/site-packages/airflow/example_dags/example_python_operator.py
[2024-09-08T06:50:39.346+0000] {processor.py:925} INFO - DAG(s) 'example_python_operator' retrieved from /home/airflow/.local/lib/python3.12/site-packages/airflow/example_dags/example_python_operator.py
[2024-09-08T06:50:39.360+0000] {logging_mixin.py:190} INFO - [2024-09-08T06:50:39.360+0000] {dag.py:3229} INFO - Sync 1 DAGs
[2024-09-08T06:50:39.367+0000] {logging_mixin.py:190} INFO - [2024-09-08T06:50:39.367+0000] {dag.py:4156} INFO - Setting next_dagrun for example_python_operator to None, run_after=None
[2024-09-08T06:50:39.378+0000] {processor.py:208} INFO - Processing /home/airflow/.local/lib/python3.12/site-packages/airflow/example_dags/example_python_operator.py took 0.044 seconds
[2024-09-08T06:51:09.855+0000] {processor.py:186} INFO - Started process (PID=1488) to work on /home/airflow/.local/lib/python3.12/site-packages/airflow/example_dags/example_python_operator.py
[2024-09-08T06:51:09.856+0000] {processor.py:914} INFO - Processing file /home/airflow/.local/lib/python3.12/site-packages/airflow/example_dags/example_python_operator.py for tasks to queue
[2024-09-08T06:51:09.857+0000] {logging_mixin.py:190} INFO - [2024-09-08T06:51:09.857+0000] {dagbag.py:587} INFO - Filling up the DagBag from /home/airflow/.local/lib/python3.12/site-packages/airflow/example_dags/example_python_operator.py
[2024-09-08T06:51:09.863+0000] {processor.py:925} INFO - DAG(s) 'example_python_operator' retrieved from /home/airflow/.local/lib/python3.12/site-packages/airflow/example_dags/example_python_operator.py
[2024-09-08T06:51:09.875+0000] {logging_mixin.py:190} INFO - [2024-09-08T06:51:09.875+0000] {dag.py:3229} INFO - Sync 1 DAGs
[2024-09-08T06:51:09.883+0000] {logging_mixin.py:190} INFO - [2024-09-08T06:51:09.882+0000] {dag.py:4156} INFO - Setting next_dagrun for example_python_operator to None, run_after=None
[2024-09-08T06:51:09.895+0000] {processor.py:208} INFO - Processing /home/airflow/.local/lib/python3.12/site-packages/airflow/example_dags/example_python_operator.py took 0.043 seconds
[2024-09-08T06:51:40.278+0000] {processor.py:186} INFO - Started process (PID=1550) to work on /home/airflow/.local/lib/python3.12/site-packages/airflow/example_dags/example_python_operator.py
[2024-09-08T06:51:40.278+0000] {processor.py:914} INFO - Processing file /home/airflow/.local/lib/python3.12/site-packages/airflow/example_dags/example_python_operator.py for tasks to queue
[2024-09-08T06:51:40.280+0000] {logging_mixin.py:190} INFO - [2024-09-08T06:51:40.280+0000] {dagbag.py:587} INFO - Filling up the DagBag from /home/airflow/.local/lib/python3.12/site-packages/airflow/example_dags/example_python_operator.py
[2024-09-08T06:51:40.286+0000] {processor.py:925} INFO - DAG(s) 'example_python_operator' retrieved from /home/airflow/.local/lib/python3.12/site-packages/airflow/example_dags/example_python_operator.py
[2024-09-08T06:51:40.298+0000] {logging_mixin.py:190} INFO - [2024-09-08T06:51:40.298+0000] {dag.py:3229} INFO - Sync 1 DAGs
[2024-09-08T06:51:40.305+0000] {logging_mixin.py:190} INFO - [2024-09-08T06:51:40.305+0000] {dag.py:4156} INFO - Setting next_dagrun for example_python_operator to None, run_after=None
[2024-09-08T06:51:40.315+0000] {processor.py:208} INFO - Processing /home/airflow/.local/lib/python3.12/site-packages/airflow/example_dags/example_python_operator.py took 0.040 seconds
[2024-09-08T06:52:10.921+0000] {processor.py:186} INFO - Started process (PID=1612) to work on /home/airflow/.local/lib/python3.12/site-packages/airflow/example_dags/example_python_operator.py
[2024-09-08T06:52:10.921+0000] {processor.py:914} INFO - Processing file /home/airflow/.local/lib/python3.12/site-packages/airflow/example_dags/example_python_operator.py for tasks to queue
[2024-09-08T06:52:10.923+0000] {logging_mixin.py:190} INFO - [2024-09-08T06:52:10.922+0000] {dagbag.py:587} INFO - Filling up the DagBag from /home/airflow/.local/lib/python3.12/site-packages/airflow/example_dags/example_python_operator.py
[2024-09-08T06:52:10.930+0000] {processor.py:925} INFO - DAG(s) 'example_python_operator' retrieved from /home/airflow/.local/lib/python3.12/site-packages/airflow/example_dags/example_python_operator.py
[2024-09-08T06:52:10.947+0000] {logging_mixin.py:190} INFO - [2024-09-08T06:52:10.947+0000] {dag.py:3229} INFO - Sync 1 DAGs
[2024-09-08T06:52:10.955+0000] {logging_mixin.py:190} INFO - [2024-09-08T06:52:10.955+0000] {dag.py:4156} INFO - Setting next_dagrun for example_python_operator to None, run_after=None
[2024-09-08T06:52:10.968+0000] {processor.py:208} INFO - Processing /home/airflow/.local/lib/python3.12/site-packages/airflow/example_dags/example_python_operator.py took 0.051 seconds
[2024-09-08T06:52:41.546+0000] {processor.py:186} INFO - Started process (PID=1674) to work on /home/airflow/.local/lib/python3.12/site-packages/airflow/example_dags/example_python_operator.py
[2024-09-08T06:52:41.546+0000] {processor.py:914} INFO - Processing file /home/airflow/.local/lib/python3.12/site-packages/airflow/example_dags/example_python_operator.py for tasks to queue
[2024-09-08T06:52:41.547+0000] {logging_mixin.py:190} INFO - [2024-09-08T06:52:41.547+0000] {dagbag.py:587} INFO - Filling up the DagBag from /home/airflow/.local/lib/python3.12/site-packages/airflow/example_dags/example_python_operator.py
[2024-09-08T06:52:41.553+0000] {processor.py:925} INFO - DAG(s) 'example_python_operator' retrieved from /home/airflow/.local/lib/python3.12/site-packages/airflow/example_dags/example_python_operator.py
[2024-09-08T06:52:41.567+0000] {logging_mixin.py:190} INFO - [2024-09-08T06:52:41.567+0000] {dag.py:3229} INFO - Sync 1 DAGs
[2024-09-08T06:52:41.579+0000] {logging_mixin.py:190} INFO - [2024-09-08T06:52:41.579+0000] {dag.py:4156} INFO - Setting next_dagrun for example_python_operator to None, run_after=None
[2024-09-08T06:52:41.591+0000] {processor.py:208} INFO - Processing /home/airflow/.local/lib/python3.12/site-packages/airflow/example_dags/example_python_operator.py took 0.048 seconds
[2024-09-08T06:53:12.059+0000] {processor.py:186} INFO - Started process (PID=1736) to work on /home/airflow/.local/lib/python3.12/site-packages/airflow/example_dags/example_python_operator.py
[2024-09-08T06:53:12.060+0000] {processor.py:914} INFO - Processing file /home/airflow/.local/lib/python3.12/site-packages/airflow/example_dags/example_python_operator.py for tasks to queue
[2024-09-08T06:53:12.061+0000] {logging_mixin.py:190} INFO - [2024-09-08T06:53:12.060+0000] {dagbag.py:587} INFO - Filling up the DagBag from /home/airflow/.local/lib/python3.12/site-packages/airflow/example_dags/example_python_operator.py
[2024-09-08T06:53:12.067+0000] {processor.py:925} INFO - DAG(s) 'example_python_operator' retrieved from /home/airflow/.local/lib/python3.12/site-packages/airflow/example_dags/example_python_operator.py
[2024-09-08T06:53:12.082+0000] {logging_mixin.py:190} INFO - [2024-09-08T06:53:12.082+0000] {dag.py:3229} INFO - Sync 1 DAGs
[2024-09-08T06:53:12.089+0000] {logging_mixin.py:190} INFO - [2024-09-08T06:53:12.089+0000] {dag.py:4156} INFO - Setting next_dagrun for example_python_operator to None, run_after=None
[2024-09-08T06:53:12.098+0000] {processor.py:208} INFO - Processing /home/airflow/.local/lib/python3.12/site-packages/airflow/example_dags/example_python_operator.py took 0.042 seconds
[2024-09-08T06:53:42.642+0000] {processor.py:186} INFO - Started process (PID=1798) to work on /home/airflow/.local/lib/python3.12/site-packages/airflow/example_dags/example_python_operator.py
[2024-09-08T06:53:42.643+0000] {processor.py:914} INFO - Processing file /home/airflow/.local/lib/python3.12/site-packages/airflow/example_dags/example_python_operator.py for tasks to queue
[2024-09-08T06:53:42.644+0000] {logging_mixin.py:190} INFO - [2024-09-08T06:53:42.643+0000] {dagbag.py:587} INFO - Filling up the DagBag from /home/airflow/.local/lib/python3.12/site-packages/airflow/example_dags/example_python_operator.py
[2024-09-08T06:53:42.650+0000] {processor.py:925} INFO - DAG(s) 'example_python_operator' retrieved from /home/airflow/.local/lib/python3.12/site-packages/airflow/example_dags/example_python_operator.py
[2024-09-08T06:53:42.665+0000] {logging_mixin.py:190} INFO - [2024-09-08T06:53:42.665+0000] {dag.py:3229} INFO - Sync 1 DAGs
[2024-09-08T06:53:42.675+0000] {logging_mixin.py:190} INFO - [2024-09-08T06:53:42.675+0000] {dag.py:4156} INFO - Setting next_dagrun for example_python_operator to None, run_after=None
[2024-09-08T06:53:42.688+0000] {processor.py:208} INFO - Processing /home/airflow/.local/lib/python3.12/site-packages/airflow/example_dags/example_python_operator.py took 0.049 seconds
[2024-09-08T06:54:13.145+0000] {processor.py:186} INFO - Started process (PID=1860) to work on /home/airflow/.local/lib/python3.12/site-packages/airflow/example_dags/example_python_operator.py
[2024-09-08T06:54:13.145+0000] {processor.py:914} INFO - Processing file /home/airflow/.local/lib/python3.12/site-packages/airflow/example_dags/example_python_operator.py for tasks to queue
[2024-09-08T06:54:13.147+0000] {logging_mixin.py:190} INFO - [2024-09-08T06:54:13.146+0000] {dagbag.py:587} INFO - Filling up the DagBag from /home/airflow/.local/lib/python3.12/site-packages/airflow/example_dags/example_python_operator.py
[2024-09-08T06:54:13.155+0000] {processor.py:925} INFO - DAG(s) 'example_python_operator' retrieved from /home/airflow/.local/lib/python3.12/site-packages/airflow/example_dags/example_python_operator.py
[2024-09-08T06:54:13.169+0000] {logging_mixin.py:190} INFO - [2024-09-08T06:54:13.169+0000] {dag.py:3229} INFO - Sync 1 DAGs
[2024-09-08T06:54:13.176+0000] {logging_mixin.py:190} INFO - [2024-09-08T06:54:13.176+0000] {dag.py:4156} INFO - Setting next_dagrun for example_python_operator to None, run_after=None
[2024-09-08T06:54:13.186+0000] {processor.py:208} INFO - Processing /home/airflow/.local/lib/python3.12/site-packages/airflow/example_dags/example_python_operator.py took 0.046 seconds
[2024-09-08T06:54:43.883+0000] {processor.py:186} INFO - Started process (PID=1922) to work on /home/airflow/.local/lib/python3.12/site-packages/airflow/example_dags/example_python_operator.py
[2024-09-08T06:54:43.883+0000] {processor.py:914} INFO - Processing file /home/airflow/.local/lib/python3.12/site-packages/airflow/example_dags/example_python_operator.py for tasks to queue
[2024-09-08T06:54:43.885+0000] {logging_mixin.py:190} INFO - [2024-09-08T06:54:43.885+0000] {dagbag.py:587} INFO - Filling up the DagBag from /home/airflow/.local/lib/python3.12/site-packages/airflow/example_dags/example_python_operator.py
[2024-09-08T06:54:43.894+0000] {processor.py:925} INFO - DAG(s) 'example_python_operator' retrieved from /home/airflow/.local/lib/python3.12/site-packages/airflow/example_dags/example_python_operator.py
[2024-09-08T06:54:43.908+0000] {logging_mixin.py:190} INFO - [2024-09-08T06:54:43.908+0000] {dag.py:3229} INFO - Sync 1 DAGs
[2024-09-08T06:54:43.919+0000] {logging_mixin.py:190} INFO - [2024-09-08T06:54:43.918+0000] {dag.py:4156} INFO - Setting next_dagrun for example_python_operator to None, run_after=None
[2024-09-08T06:54:43.931+0000] {processor.py:208} INFO - Processing /home/airflow/.local/lib/python3.12/site-packages/airflow/example_dags/example_python_operator.py took 0.053 seconds
[2024-09-08T06:55:14.382+0000] {processor.py:186} INFO - Started process (PID=1984) to work on /home/airflow/.local/lib/python3.12/site-packages/airflow/example_dags/example_python_operator.py
[2024-09-08T06:55:14.383+0000] {processor.py:914} INFO - Processing file /home/airflow/.local/lib/python3.12/site-packages/airflow/example_dags/example_python_operator.py for tasks to queue
[2024-09-08T06:55:14.384+0000] {logging_mixin.py:190} INFO - [2024-09-08T06:55:14.384+0000] {dagbag.py:587} INFO - Filling up the DagBag from /home/airflow/.local/lib/python3.12/site-packages/airflow/example_dags/example_python_operator.py
[2024-09-08T06:55:14.391+0000] {processor.py:925} INFO - DAG(s) 'example_python_operator' retrieved from /home/airflow/.local/lib/python3.12/site-packages/airflow/example_dags/example_python_operator.py
[2024-09-08T06:55:14.405+0000] {logging_mixin.py:190} INFO - [2024-09-08T06:55:14.405+0000] {dag.py:3229} INFO - Sync 1 DAGs
[2024-09-08T06:55:14.414+0000] {logging_mixin.py:190} INFO - [2024-09-08T06:55:14.413+0000] {dag.py:4156} INFO - Setting next_dagrun for example_python_operator to None, run_after=None
[2024-09-08T06:55:14.427+0000] {processor.py:208} INFO - Processing /home/airflow/.local/lib/python3.12/site-packages/airflow/example_dags/example_python_operator.py took 0.048 seconds
[2024-09-08T06:55:44.902+0000] {processor.py:186} INFO - Started process (PID=2052) to work on /home/airflow/.local/lib/python3.12/site-packages/airflow/example_dags/example_python_operator.py
[2024-09-08T06:55:44.902+0000] {processor.py:914} INFO - Processing file /home/airflow/.local/lib/python3.12/site-packages/airflow/example_dags/example_python_operator.py for tasks to queue
[2024-09-08T06:55:44.904+0000] {logging_mixin.py:190} INFO - [2024-09-08T06:55:44.904+0000] {dagbag.py:587} INFO - Filling up the DagBag from /home/airflow/.local/lib/python3.12/site-packages/airflow/example_dags/example_python_operator.py
[2024-09-08T06:55:44.911+0000] {processor.py:925} INFO - DAG(s) 'example_python_operator' retrieved from /home/airflow/.local/lib/python3.12/site-packages/airflow/example_dags/example_python_operator.py
[2024-09-08T06:55:44.927+0000] {logging_mixin.py:190} INFO - [2024-09-08T06:55:44.927+0000] {dag.py:3229} INFO - Sync 1 DAGs
[2024-09-08T06:55:44.938+0000] {logging_mixin.py:190} INFO - [2024-09-08T06:55:44.937+0000] {dag.py:4156} INFO - Setting next_dagrun for example_python_operator to None, run_after=None
[2024-09-08T06:55:44.950+0000] {processor.py:208} INFO - Processing /home/airflow/.local/lib/python3.12/site-packages/airflow/example_dags/example_python_operator.py took 0.052 seconds
[2024-09-08T06:56:15.522+0000] {processor.py:186} INFO - Started process (PID=2114) to work on /home/airflow/.local/lib/python3.12/site-packages/airflow/example_dags/example_python_operator.py
[2024-09-08T06:56:15.522+0000] {processor.py:914} INFO - Processing file /home/airflow/.local/lib/python3.12/site-packages/airflow/example_dags/example_python_operator.py for tasks to queue
[2024-09-08T06:56:15.523+0000] {logging_mixin.py:190} INFO - [2024-09-08T06:56:15.523+0000] {dagbag.py:587} INFO - Filling up the DagBag from /home/airflow/.local/lib/python3.12/site-packages/airflow/example_dags/example_python_operator.py
[2024-09-08T06:56:15.530+0000] {processor.py:925} INFO - DAG(s) 'example_python_operator' retrieved from /home/airflow/.local/lib/python3.12/site-packages/airflow/example_dags/example_python_operator.py
[2024-09-08T06:56:15.545+0000] {logging_mixin.py:190} INFO - [2024-09-08T06:56:15.545+0000] {dag.py:3229} INFO - Sync 1 DAGs
[2024-09-08T06:56:15.553+0000] {logging_mixin.py:190} INFO - [2024-09-08T06:56:15.553+0000] {dag.py:4156} INFO - Setting next_dagrun for example_python_operator to None, run_after=None
[2024-09-08T06:56:15.564+0000] {processor.py:208} INFO - Processing /home/airflow/.local/lib/python3.12/site-packages/airflow/example_dags/example_python_operator.py took 0.045 seconds
[2024-09-08T06:56:46.075+0000] {processor.py:186} INFO - Started process (PID=2176) to work on /home/airflow/.local/lib/python3.12/site-packages/airflow/example_dags/example_python_operator.py
[2024-09-08T06:56:46.075+0000] {processor.py:914} INFO - Processing file /home/airflow/.local/lib/python3.12/site-packages/airflow/example_dags/example_python_operator.py for tasks to queue
[2024-09-08T06:56:46.077+0000] {logging_mixin.py:190} INFO - [2024-09-08T06:56:46.077+0000] {dagbag.py:587} INFO - Filling up the DagBag from /home/airflow/.local/lib/python3.12/site-packages/airflow/example_dags/example_python_operator.py
[2024-09-08T06:56:46.083+0000] {processor.py:925} INFO - DAG(s) 'example_python_operator' retrieved from /home/airflow/.local/lib/python3.12/site-packages/airflow/example_dags/example_python_operator.py
[2024-09-08T06:56:46.100+0000] {logging_mixin.py:190} INFO - [2024-09-08T06:56:46.100+0000] {dag.py:3229} INFO - Sync 1 DAGs
[2024-09-08T06:56:46.111+0000] {logging_mixin.py:190} INFO - [2024-09-08T06:56:46.111+0000] {dag.py:4156} INFO - Setting next_dagrun for example_python_operator to None, run_after=None
[2024-09-08T06:56:46.124+0000] {processor.py:208} INFO - Processing /home/airflow/.local/lib/python3.12/site-packages/airflow/example_dags/example_python_operator.py took 0.053 seconds
[2024-09-08T06:57:16.643+0000] {processor.py:186} INFO - Started process (PID=2238) to work on /home/airflow/.local/lib/python3.12/site-packages/airflow/example_dags/example_python_operator.py
[2024-09-08T06:57:16.644+0000] {processor.py:914} INFO - Processing file /home/airflow/.local/lib/python3.12/site-packages/airflow/example_dags/example_python_operator.py for tasks to queue
[2024-09-08T06:57:16.645+0000] {logging_mixin.py:190} INFO - [2024-09-08T06:57:16.645+0000] {dagbag.py:587} INFO - Filling up the DagBag from /home/airflow/.local/lib/python3.12/site-packages/airflow/example_dags/example_python_operator.py
[2024-09-08T06:57:16.652+0000] {processor.py:925} INFO - DAG(s) 'example_python_operator' retrieved from /home/airflow/.local/lib/python3.12/site-packages/airflow/example_dags/example_python_operator.py
[2024-09-08T06:57:16.669+0000] {logging_mixin.py:190} INFO - [2024-09-08T06:57:16.669+0000] {dag.py:3229} INFO - Sync 1 DAGs
[2024-09-08T06:57:16.680+0000] {logging_mixin.py:190} INFO - [2024-09-08T06:57:16.680+0000] {dag.py:4156} INFO - Setting next_dagrun for example_python_operator to None, run_after=None
[2024-09-08T06:57:16.693+0000] {processor.py:208} INFO - Processing /home/airflow/.local/lib/python3.12/site-packages/airflow/example_dags/example_python_operator.py took 0.054 seconds
[2024-09-08T06:57:47.391+0000] {processor.py:186} INFO - Started process (PID=2300) to work on /home/airflow/.local/lib/python3.12/site-packages/airflow/example_dags/example_python_operator.py
[2024-09-08T06:57:47.391+0000] {processor.py:914} INFO - Processing file /home/airflow/.local/lib/python3.12/site-packages/airflow/example_dags/example_python_operator.py for tasks to queue
[2024-09-08T06:57:47.392+0000] {logging_mixin.py:190} INFO - [2024-09-08T06:57:47.392+0000] {dagbag.py:587} INFO - Filling up the DagBag from /home/airflow/.local/lib/python3.12/site-packages/airflow/example_dags/example_python_operator.py
[2024-09-08T06:57:47.399+0000] {processor.py:925} INFO - DAG(s) 'example_python_operator' retrieved from /home/airflow/.local/lib/python3.12/site-packages/airflow/example_dags/example_python_operator.py
[2024-09-08T06:57:47.414+0000] {logging_mixin.py:190} INFO - [2024-09-08T06:57:47.414+0000] {dag.py:3229} INFO - Sync 1 DAGs
[2024-09-08T06:57:47.423+0000] {logging_mixin.py:190} INFO - [2024-09-08T06:57:47.422+0000] {dag.py:4156} INFO - Setting next_dagrun for example_python_operator to None, run_after=None
[2024-09-08T06:57:47.436+0000] {processor.py:208} INFO - Processing /home/airflow/.local/lib/python3.12/site-packages/airflow/example_dags/example_python_operator.py took 0.050 seconds
[2024-09-08T06:58:18.355+0000] {processor.py:186} INFO - Started process (PID=2362) to work on /home/airflow/.local/lib/python3.12/site-packages/airflow/example_dags/example_python_operator.py
[2024-09-08T06:58:18.355+0000] {processor.py:914} INFO - Processing file /home/airflow/.local/lib/python3.12/site-packages/airflow/example_dags/example_python_operator.py for tasks to queue
[2024-09-08T06:58:18.357+0000] {logging_mixin.py:190} INFO - [2024-09-08T06:58:18.356+0000] {dagbag.py:587} INFO - Filling up the DagBag from /home/airflow/.local/lib/python3.12/site-packages/airflow/example_dags/example_python_operator.py
[2024-09-08T06:58:18.363+0000] {processor.py:925} INFO - DAG(s) 'example_python_operator' retrieved from /home/airflow/.local/lib/python3.12/site-packages/airflow/example_dags/example_python_operator.py
[2024-09-08T06:58:18.376+0000] {logging_mixin.py:190} INFO - [2024-09-08T06:58:18.376+0000] {dag.py:3229} INFO - Sync 1 DAGs
[2024-09-08T06:58:18.383+0000] {logging_mixin.py:190} INFO - [2024-09-08T06:58:18.383+0000] {dag.py:4156} INFO - Setting next_dagrun for example_python_operator to None, run_after=None
[2024-09-08T06:58:18.393+0000] {processor.py:208} INFO - Processing /home/airflow/.local/lib/python3.12/site-packages/airflow/example_dags/example_python_operator.py took 0.041 seconds
[2024-09-08T06:58:48.963+0000] {processor.py:186} INFO - Started process (PID=2424) to work on /home/airflow/.local/lib/python3.12/site-packages/airflow/example_dags/example_python_operator.py
[2024-09-08T06:58:48.964+0000] {processor.py:914} INFO - Processing file /home/airflow/.local/lib/python3.12/site-packages/airflow/example_dags/example_python_operator.py for tasks to queue
[2024-09-08T06:58:48.965+0000] {logging_mixin.py:190} INFO - [2024-09-08T06:58:48.965+0000] {dagbag.py:587} INFO - Filling up the DagBag from /home/airflow/.local/lib/python3.12/site-packages/airflow/example_dags/example_python_operator.py
[2024-09-08T06:58:48.973+0000] {processor.py:925} INFO - DAG(s) 'example_python_operator' retrieved from /home/airflow/.local/lib/python3.12/site-packages/airflow/example_dags/example_python_operator.py
[2024-09-08T06:58:48.988+0000] {logging_mixin.py:190} INFO - [2024-09-08T06:58:48.988+0000] {dag.py:3229} INFO - Sync 1 DAGs
[2024-09-08T06:58:49.000+0000] {logging_mixin.py:190} INFO - [2024-09-08T06:58:48.999+0000] {dag.py:4156} INFO - Setting next_dagrun for example_python_operator to None, run_after=None
[2024-09-08T06:58:49.013+0000] {processor.py:208} INFO - Processing /home/airflow/.local/lib/python3.12/site-packages/airflow/example_dags/example_python_operator.py took 0.053 seconds
[2024-09-08T06:59:19.636+0000] {processor.py:186} INFO - Started process (PID=2486) to work on /home/airflow/.local/lib/python3.12/site-packages/airflow/example_dags/example_python_operator.py
[2024-09-08T06:59:19.636+0000] {processor.py:914} INFO - Processing file /home/airflow/.local/lib/python3.12/site-packages/airflow/example_dags/example_python_operator.py for tasks to queue
[2024-09-08T06:59:19.637+0000] {logging_mixin.py:190} INFO - [2024-09-08T06:59:19.637+0000] {dagbag.py:587} INFO - Filling up the DagBag from /home/airflow/.local/lib/python3.12/site-packages/airflow/example_dags/example_python_operator.py
[2024-09-08T06:59:19.643+0000] {processor.py:925} INFO - DAG(s) 'example_python_operator' retrieved from /home/airflow/.local/lib/python3.12/site-packages/airflow/example_dags/example_python_operator.py
[2024-09-08T06:59:19.658+0000] {logging_mixin.py:190} INFO - [2024-09-08T06:59:19.658+0000] {dag.py:3229} INFO - Sync 1 DAGs
[2024-09-08T06:59:19.669+0000] {logging_mixin.py:190} INFO - [2024-09-08T06:59:19.669+0000] {dag.py:4156} INFO - Setting next_dagrun for example_python_operator to None, run_after=None
[2024-09-08T06:59:19.681+0000] {processor.py:208} INFO - Processing /home/airflow/.local/lib/python3.12/site-packages/airflow/example_dags/example_python_operator.py took 0.048 seconds
[2024-09-08T06:59:50.413+0000] {processor.py:186} INFO - Started process (PID=2548) to work on /home/airflow/.local/lib/python3.12/site-packages/airflow/example_dags/example_python_operator.py
[2024-09-08T06:59:50.413+0000] {processor.py:914} INFO - Processing file /home/airflow/.local/lib/python3.12/site-packages/airflow/example_dags/example_python_operator.py for tasks to queue
[2024-09-08T06:59:50.415+0000] {logging_mixin.py:190} INFO - [2024-09-08T06:59:50.414+0000] {dagbag.py:587} INFO - Filling up the DagBag from /home/airflow/.local/lib/python3.12/site-packages/airflow/example_dags/example_python_operator.py
[2024-09-08T06:59:50.422+0000] {processor.py:925} INFO - DAG(s) 'example_python_operator' retrieved from /home/airflow/.local/lib/python3.12/site-packages/airflow/example_dags/example_python_operator.py
[2024-09-08T06:59:50.438+0000] {logging_mixin.py:190} INFO - [2024-09-08T06:59:50.438+0000] {dag.py:3229} INFO - Sync 1 DAGs
[2024-09-08T06:59:50.446+0000] {logging_mixin.py:190} INFO - [2024-09-08T06:59:50.446+0000] {dag.py:4156} INFO - Setting next_dagrun for example_python_operator to None, run_after=None
[2024-09-08T06:59:50.456+0000] {processor.py:208} INFO - Processing /home/airflow/.local/lib/python3.12/site-packages/airflow/example_dags/example_python_operator.py took 0.047 seconds
[2024-09-08T07:00:21.157+0000] {processor.py:186} INFO - Started process (PID=2610) to work on /home/airflow/.local/lib/python3.12/site-packages/airflow/example_dags/example_python_operator.py
[2024-09-08T07:00:21.158+0000] {processor.py:914} INFO - Processing file /home/airflow/.local/lib/python3.12/site-packages/airflow/example_dags/example_python_operator.py for tasks to queue
[2024-09-08T07:00:21.159+0000] {logging_mixin.py:190} INFO - [2024-09-08T07:00:21.159+0000] {dagbag.py:587} INFO - Filling up the DagBag from /home/airflow/.local/lib/python3.12/site-packages/airflow/example_dags/example_python_operator.py
[2024-09-08T07:00:21.165+0000] {processor.py:925} INFO - DAG(s) 'example_python_operator' retrieved from /home/airflow/.local/lib/python3.12/site-packages/airflow/example_dags/example_python_operator.py
[2024-09-08T07:00:21.179+0000] {logging_mixin.py:190} INFO - [2024-09-08T07:00:21.179+0000] {dag.py:3229} INFO - Sync 1 DAGs
[2024-09-08T07:00:21.187+0000] {logging_mixin.py:190} INFO - [2024-09-08T07:00:21.187+0000] {dag.py:4156} INFO - Setting next_dagrun for example_python_operator to None, run_after=None
[2024-09-08T07:00:21.198+0000] {processor.py:208} INFO - Processing /home/airflow/.local/lib/python3.12/site-packages/airflow/example_dags/example_python_operator.py took 0.044 seconds
[2024-09-08T07:00:51.767+0000] {processor.py:186} INFO - Started process (PID=2672) to work on /home/airflow/.local/lib/python3.12/site-packages/airflow/example_dags/example_python_operator.py
[2024-09-08T07:00:51.768+0000] {processor.py:914} INFO - Processing file /home/airflow/.local/lib/python3.12/site-packages/airflow/example_dags/example_python_operator.py for tasks to queue
[2024-09-08T07:00:51.769+0000] {logging_mixin.py:190} INFO - [2024-09-08T07:00:51.769+0000] {dagbag.py:587} INFO - Filling up the DagBag from /home/airflow/.local/lib/python3.12/site-packages/airflow/example_dags/example_python_operator.py
[2024-09-08T07:00:51.775+0000] {processor.py:925} INFO - DAG(s) 'example_python_operator' retrieved from /home/airflow/.local/lib/python3.12/site-packages/airflow/example_dags/example_python_operator.py
[2024-09-08T07:00:51.790+0000] {logging_mixin.py:190} INFO - [2024-09-08T07:00:51.790+0000] {dag.py:3229} INFO - Sync 1 DAGs
[2024-09-08T07:00:51.798+0000] {logging_mixin.py:190} INFO - [2024-09-08T07:00:51.798+0000] {dag.py:4156} INFO - Setting next_dagrun for example_python_operator to None, run_after=None
[2024-09-08T07:00:51.811+0000] {processor.py:208} INFO - Processing /home/airflow/.local/lib/python3.12/site-packages/airflow/example_dags/example_python_operator.py took 0.048 seconds
[2024-09-08T07:01:22.584+0000] {processor.py:186} INFO - Started process (PID=2734) to work on /home/airflow/.local/lib/python3.12/site-packages/airflow/example_dags/example_python_operator.py
[2024-09-08T07:01:22.585+0000] {processor.py:914} INFO - Processing file /home/airflow/.local/lib/python3.12/site-packages/airflow/example_dags/example_python_operator.py for tasks to queue
[2024-09-08T07:01:22.586+0000] {logging_mixin.py:190} INFO - [2024-09-08T07:01:22.586+0000] {dagbag.py:587} INFO - Filling up the DagBag from /home/airflow/.local/lib/python3.12/site-packages/airflow/example_dags/example_python_operator.py
[2024-09-08T07:01:22.592+0000] {processor.py:925} INFO - DAG(s) 'example_python_operator' retrieved from /home/airflow/.local/lib/python3.12/site-packages/airflow/example_dags/example_python_operator.py
[2024-09-08T07:01:22.607+0000] {logging_mixin.py:190} INFO - [2024-09-08T07:01:22.607+0000] {dag.py:3229} INFO - Sync 1 DAGs
[2024-09-08T07:01:22.615+0000] {logging_mixin.py:190} INFO - [2024-09-08T07:01:22.615+0000] {dag.py:4156} INFO - Setting next_dagrun for example_python_operator to None, run_after=None
[2024-09-08T07:01:22.626+0000] {processor.py:208} INFO - Processing /home/airflow/.local/lib/python3.12/site-packages/airflow/example_dags/example_python_operator.py took 0.045 seconds
[2024-09-08T07:01:53.628+0000] {processor.py:186} INFO - Started process (PID=2796) to work on /home/airflow/.local/lib/python3.12/site-packages/airflow/example_dags/example_python_operator.py
[2024-09-08T07:01:53.629+0000] {processor.py:914} INFO - Processing file /home/airflow/.local/lib/python3.12/site-packages/airflow/example_dags/example_python_operator.py for tasks to queue
[2024-09-08T07:01:53.630+0000] {logging_mixin.py:190} INFO - [2024-09-08T07:01:53.630+0000] {dagbag.py:587} INFO - Filling up the DagBag from /home/airflow/.local/lib/python3.12/site-packages/airflow/example_dags/example_python_operator.py
[2024-09-08T07:01:53.636+0000] {processor.py:925} INFO - DAG(s) 'example_python_operator' retrieved from /home/airflow/.local/lib/python3.12/site-packages/airflow/example_dags/example_python_operator.py
[2024-09-08T07:01:53.652+0000] {logging_mixin.py:190} INFO - [2024-09-08T07:01:53.651+0000] {dag.py:3229} INFO - Sync 1 DAGs
[2024-09-08T07:01:53.661+0000] {logging_mixin.py:190} INFO - [2024-09-08T07:01:53.661+0000] {dag.py:4156} INFO - Setting next_dagrun for example_python_operator to None, run_after=None
[2024-09-08T07:01:53.673+0000] {processor.py:208} INFO - Processing /home/airflow/.local/lib/python3.12/site-packages/airflow/example_dags/example_python_operator.py took 0.048 seconds
[2024-09-08T07:02:24.638+0000] {processor.py:186} INFO - Started process (PID=2858) to work on /home/airflow/.local/lib/python3.12/site-packages/airflow/example_dags/example_python_operator.py
[2024-09-08T07:02:24.639+0000] {processor.py:914} INFO - Processing file /home/airflow/.local/lib/python3.12/site-packages/airflow/example_dags/example_python_operator.py for tasks to queue
[2024-09-08T07:02:24.640+0000] {logging_mixin.py:190} INFO - [2024-09-08T07:02:24.640+0000] {dagbag.py:587} INFO - Filling up the DagBag from /home/airflow/.local/lib/python3.12/site-packages/airflow/example_dags/example_python_operator.py
[2024-09-08T07:02:24.647+0000] {processor.py:925} INFO - DAG(s) 'example_python_operator' retrieved from /home/airflow/.local/lib/python3.12/site-packages/airflow/example_dags/example_python_operator.py
[2024-09-08T07:02:24.663+0000] {logging_mixin.py:190} INFO - [2024-09-08T07:02:24.663+0000] {dag.py:3229} INFO - Sync 1 DAGs
[2024-09-08T07:02:24.671+0000] {logging_mixin.py:190} INFO - [2024-09-08T07:02:24.671+0000] {dag.py:4156} INFO - Setting next_dagrun for example_python_operator to None, run_after=None
[2024-09-08T07:02:24.682+0000] {processor.py:208} INFO - Processing /home/airflow/.local/lib/python3.12/site-packages/airflow/example_dags/example_python_operator.py took 0.047 seconds
[2024-09-08T07:02:55.972+0000] {processor.py:186} INFO - Started process (PID=2920) to work on /home/airflow/.local/lib/python3.12/site-packages/airflow/example_dags/example_python_operator.py
[2024-09-08T07:02:55.972+0000] {processor.py:914} INFO - Processing file /home/airflow/.local/lib/python3.12/site-packages/airflow/example_dags/example_python_operator.py for tasks to queue
[2024-09-08T07:02:55.973+0000] {logging_mixin.py:190} INFO - [2024-09-08T07:02:55.973+0000] {dagbag.py:587} INFO - Filling up the DagBag from /home/airflow/.local/lib/python3.12/site-packages/airflow/example_dags/example_python_operator.py
[2024-09-08T07:02:55.979+0000] {processor.py:925} INFO - DAG(s) 'example_python_operator' retrieved from /home/airflow/.local/lib/python3.12/site-packages/airflow/example_dags/example_python_operator.py
[2024-09-08T07:02:55.993+0000] {logging_mixin.py:190} INFO - [2024-09-08T07:02:55.993+0000] {dag.py:3229} INFO - Sync 1 DAGs
[2024-09-08T07:02:56.004+0000] {logging_mixin.py:190} INFO - [2024-09-08T07:02:56.004+0000] {dag.py:4156} INFO - Setting next_dagrun for example_python_operator to None, run_after=None
[2024-09-08T07:02:56.016+0000] {processor.py:208} INFO - Processing /home/airflow/.local/lib/python3.12/site-packages/airflow/example_dags/example_python_operator.py took 0.048 seconds
[2024-09-08T07:03:26.400+0000] {processor.py:186} INFO - Started process (PID=2982) to work on /home/airflow/.local/lib/python3.12/site-packages/airflow/example_dags/example_python_operator.py
[2024-09-08T07:03:26.400+0000] {processor.py:914} INFO - Processing file /home/airflow/.local/lib/python3.12/site-packages/airflow/example_dags/example_python_operator.py for tasks to queue
[2024-09-08T07:03:26.402+0000] {logging_mixin.py:190} INFO - [2024-09-08T07:03:26.401+0000] {dagbag.py:587} INFO - Filling up the DagBag from /home/airflow/.local/lib/python3.12/site-packages/airflow/example_dags/example_python_operator.py
[2024-09-08T07:03:26.408+0000] {processor.py:925} INFO - DAG(s) 'example_python_operator' retrieved from /home/airflow/.local/lib/python3.12/site-packages/airflow/example_dags/example_python_operator.py
[2024-09-08T07:03:26.421+0000] {logging_mixin.py:190} INFO - [2024-09-08T07:03:26.421+0000] {dag.py:3229} INFO - Sync 1 DAGs
[2024-09-08T07:03:26.533+0000] {logging_mixin.py:190} INFO - [2024-09-08T07:03:26.533+0000] {dag.py:4156} INFO - Setting next_dagrun for example_python_operator to None, run_after=None
[2024-09-08T07:03:26.548+0000] {processor.py:208} INFO - Processing /home/airflow/.local/lib/python3.12/site-packages/airflow/example_dags/example_python_operator.py took 0.151 seconds
[2024-09-08T07:03:56.713+0000] {processor.py:186} INFO - Started process (PID=3044) to work on /home/airflow/.local/lib/python3.12/site-packages/airflow/example_dags/example_python_operator.py
[2024-09-08T07:03:56.713+0000] {processor.py:914} INFO - Processing file /home/airflow/.local/lib/python3.12/site-packages/airflow/example_dags/example_python_operator.py for tasks to queue
[2024-09-08T07:03:56.715+0000] {logging_mixin.py:190} INFO - [2024-09-08T07:03:56.715+0000] {dagbag.py:587} INFO - Filling up the DagBag from /home/airflow/.local/lib/python3.12/site-packages/airflow/example_dags/example_python_operator.py
[2024-09-08T07:03:56.724+0000] {processor.py:925} INFO - DAG(s) 'example_python_operator' retrieved from /home/airflow/.local/lib/python3.12/site-packages/airflow/example_dags/example_python_operator.py
[2024-09-08T07:03:56.742+0000] {logging_mixin.py:190} INFO - [2024-09-08T07:03:56.741+0000] {dag.py:3229} INFO - Sync 1 DAGs
[2024-09-08T07:03:56.754+0000] {logging_mixin.py:190} INFO - [2024-09-08T07:03:56.754+0000] {dag.py:4156} INFO - Setting next_dagrun for example_python_operator to None, run_after=None
[2024-09-08T07:03:56.870+0000] {processor.py:208} INFO - Processing /home/airflow/.local/lib/python3.12/site-packages/airflow/example_dags/example_python_operator.py took 0.161 seconds
[2024-09-08T07:04:27.225+0000] {processor.py:186} INFO - Started process (PID=3106) to work on /home/airflow/.local/lib/python3.12/site-packages/airflow/example_dags/example_python_operator.py
[2024-09-08T07:04:27.226+0000] {processor.py:914} INFO - Processing file /home/airflow/.local/lib/python3.12/site-packages/airflow/example_dags/example_python_operator.py for tasks to queue
[2024-09-08T07:04:27.227+0000] {logging_mixin.py:190} INFO - [2024-09-08T07:04:27.226+0000] {dagbag.py:587} INFO - Filling up the DagBag from /home/airflow/.local/lib/python3.12/site-packages/airflow/example_dags/example_python_operator.py
[2024-09-08T07:04:27.233+0000] {processor.py:925} INFO - DAG(s) 'example_python_operator' retrieved from /home/airflow/.local/lib/python3.12/site-packages/airflow/example_dags/example_python_operator.py
[2024-09-08T07:04:27.245+0000] {logging_mixin.py:190} INFO - [2024-09-08T07:04:27.245+0000] {dag.py:3229} INFO - Sync 1 DAGs
[2024-09-08T07:04:27.252+0000] {logging_mixin.py:190} INFO - [2024-09-08T07:04:27.252+0000] {dag.py:4156} INFO - Setting next_dagrun for example_python_operator to None, run_after=None
[2024-09-08T07:04:27.264+0000] {processor.py:208} INFO - Processing /home/airflow/.local/lib/python3.12/site-packages/airflow/example_dags/example_python_operator.py took 0.043 seconds
[2024-09-08T07:04:57.670+0000] {processor.py:186} INFO - Started process (PID=3168) to work on /home/airflow/.local/lib/python3.12/site-packages/airflow/example_dags/example_python_operator.py
[2024-09-08T07:04:57.670+0000] {processor.py:914} INFO - Processing file /home/airflow/.local/lib/python3.12/site-packages/airflow/example_dags/example_python_operator.py for tasks to queue
[2024-09-08T07:04:57.671+0000] {logging_mixin.py:190} INFO - [2024-09-08T07:04:57.671+0000] {dagbag.py:587} INFO - Filling up the DagBag from /home/airflow/.local/lib/python3.12/site-packages/airflow/example_dags/example_python_operator.py
[2024-09-08T07:04:57.680+0000] {processor.py:925} INFO - DAG(s) 'example_python_operator' retrieved from /home/airflow/.local/lib/python3.12/site-packages/airflow/example_dags/example_python_operator.py
[2024-09-08T07:04:57.695+0000] {logging_mixin.py:190} INFO - [2024-09-08T07:04:57.694+0000] {dag.py:3229} INFO - Sync 1 DAGs
[2024-09-08T07:04:57.702+0000] {logging_mixin.py:190} INFO - [2024-09-08T07:04:57.702+0000] {dag.py:4156} INFO - Setting next_dagrun for example_python_operator to None, run_after=None
[2024-09-08T07:04:57.714+0000] {processor.py:208} INFO - Processing /home/airflow/.local/lib/python3.12/site-packages/airflow/example_dags/example_python_operator.py took 0.048 seconds
[2024-09-08T07:05:28.026+0000] {processor.py:186} INFO - Started process (PID=3230) to work on /home/airflow/.local/lib/python3.12/site-packages/airflow/example_dags/example_python_operator.py
[2024-09-08T07:05:28.026+0000] {processor.py:914} INFO - Processing file /home/airflow/.local/lib/python3.12/site-packages/airflow/example_dags/example_python_operator.py for tasks to queue
[2024-09-08T07:05:28.027+0000] {logging_mixin.py:190} INFO - [2024-09-08T07:05:28.027+0000] {dagbag.py:587} INFO - Filling up the DagBag from /home/airflow/.local/lib/python3.12/site-packages/airflow/example_dags/example_python_operator.py
[2024-09-08T07:05:28.034+0000] {processor.py:925} INFO - DAG(s) 'example_python_operator' retrieved from /home/airflow/.local/lib/python3.12/site-packages/airflow/example_dags/example_python_operator.py
[2024-09-08T07:05:28.047+0000] {logging_mixin.py:190} INFO - [2024-09-08T07:05:28.047+0000] {dag.py:3229} INFO - Sync 1 DAGs
[2024-09-08T07:05:28.055+0000] {logging_mixin.py:190} INFO - [2024-09-08T07:05:28.055+0000] {dag.py:4156} INFO - Setting next_dagrun for example_python_operator to None, run_after=None
[2024-09-08T07:05:28.066+0000] {processor.py:208} INFO - Processing /home/airflow/.local/lib/python3.12/site-packages/airflow/example_dags/example_python_operator.py took 0.043 seconds
[2024-09-08T07:05:58.978+0000] {processor.py:186} INFO - Started process (PID=3292) to work on /home/airflow/.local/lib/python3.12/site-packages/airflow/example_dags/example_python_operator.py
[2024-09-08T07:05:58.978+0000] {processor.py:914} INFO - Processing file /home/airflow/.local/lib/python3.12/site-packages/airflow/example_dags/example_python_operator.py for tasks to queue
[2024-09-08T07:05:58.980+0000] {logging_mixin.py:190} INFO - [2024-09-08T07:05:58.980+0000] {dagbag.py:587} INFO - Filling up the DagBag from /home/airflow/.local/lib/python3.12/site-packages/airflow/example_dags/example_python_operator.py
[2024-09-08T07:05:58.987+0000] {processor.py:925} INFO - DAG(s) 'example_python_operator' retrieved from /home/airflow/.local/lib/python3.12/site-packages/airflow/example_dags/example_python_operator.py
[2024-09-08T07:05:59.003+0000] {logging_mixin.py:190} INFO - [2024-09-08T07:05:59.003+0000] {dag.py:3229} INFO - Sync 1 DAGs
[2024-09-08T07:05:59.010+0000] {logging_mixin.py:190} INFO - [2024-09-08T07:05:59.010+0000] {dag.py:4156} INFO - Setting next_dagrun for example_python_operator to None, run_after=None
[2024-09-08T07:05:59.022+0000] {processor.py:208} INFO - Processing /home/airflow/.local/lib/python3.12/site-packages/airflow/example_dags/example_python_operator.py took 0.048 seconds
[2024-09-08T07:06:29.322+0000] {processor.py:186} INFO - Started process (PID=3354) to work on /home/airflow/.local/lib/python3.12/site-packages/airflow/example_dags/example_python_operator.py
[2024-09-08T07:06:29.322+0000] {processor.py:914} INFO - Processing file /home/airflow/.local/lib/python3.12/site-packages/airflow/example_dags/example_python_operator.py for tasks to queue
[2024-09-08T07:06:29.324+0000] {logging_mixin.py:190} INFO - [2024-09-08T07:06:29.324+0000] {dagbag.py:587} INFO - Filling up the DagBag from /home/airflow/.local/lib/python3.12/site-packages/airflow/example_dags/example_python_operator.py
[2024-09-08T07:06:29.333+0000] {processor.py:925} INFO - DAG(s) 'example_python_operator' retrieved from /home/airflow/.local/lib/python3.12/site-packages/airflow/example_dags/example_python_operator.py
[2024-09-08T07:06:29.352+0000] {logging_mixin.py:190} INFO - [2024-09-08T07:06:29.352+0000] {dag.py:3229} INFO - Sync 1 DAGs
[2024-09-08T07:06:29.363+0000] {logging_mixin.py:190} INFO - [2024-09-08T07:06:29.363+0000] {dag.py:4156} INFO - Setting next_dagrun for example_python_operator to None, run_after=None
[2024-09-08T07:06:29.377+0000] {processor.py:208} INFO - Processing /home/airflow/.local/lib/python3.12/site-packages/airflow/example_dags/example_python_operator.py took 0.060 seconds
[2024-09-08T07:06:59.934+0000] {processor.py:186} INFO - Started process (PID=3416) to work on /home/airflow/.local/lib/python3.12/site-packages/airflow/example_dags/example_python_operator.py
[2024-09-08T07:06:59.935+0000] {processor.py:914} INFO - Processing file /home/airflow/.local/lib/python3.12/site-packages/airflow/example_dags/example_python_operator.py for tasks to queue
[2024-09-08T07:06:59.936+0000] {logging_mixin.py:190} INFO - [2024-09-08T07:06:59.936+0000] {dagbag.py:587} INFO - Filling up the DagBag from /home/airflow/.local/lib/python3.12/site-packages/airflow/example_dags/example_python_operator.py
[2024-09-08T07:06:59.943+0000] {processor.py:925} INFO - DAG(s) 'example_python_operator' retrieved from /home/airflow/.local/lib/python3.12/site-packages/airflow/example_dags/example_python_operator.py
[2024-09-08T07:06:59.959+0000] {logging_mixin.py:190} INFO - [2024-09-08T07:06:59.959+0000] {dag.py:3229} INFO - Sync 1 DAGs
[2024-09-08T07:06:59.968+0000] {logging_mixin.py:190} INFO - [2024-09-08T07:06:59.968+0000] {dag.py:4156} INFO - Setting next_dagrun for example_python_operator to None, run_after=None
[2024-09-08T07:06:59.979+0000] {processor.py:208} INFO - Processing /home/airflow/.local/lib/python3.12/site-packages/airflow/example_dags/example_python_operator.py took 0.049 seconds
[2024-09-08T07:07:30.349+0000] {processor.py:186} INFO - Started process (PID=3478) to work on /home/airflow/.local/lib/python3.12/site-packages/airflow/example_dags/example_python_operator.py
[2024-09-08T07:07:30.349+0000] {processor.py:914} INFO - Processing file /home/airflow/.local/lib/python3.12/site-packages/airflow/example_dags/example_python_operator.py for tasks to queue
[2024-09-08T07:07:30.351+0000] {logging_mixin.py:190} INFO - [2024-09-08T07:07:30.351+0000] {dagbag.py:587} INFO - Filling up the DagBag from /home/airflow/.local/lib/python3.12/site-packages/airflow/example_dags/example_python_operator.py
[2024-09-08T07:07:30.359+0000] {processor.py:925} INFO - DAG(s) 'example_python_operator' retrieved from /home/airflow/.local/lib/python3.12/site-packages/airflow/example_dags/example_python_operator.py
[2024-09-08T07:07:30.375+0000] {logging_mixin.py:190} INFO - [2024-09-08T07:07:30.374+0000] {dag.py:3229} INFO - Sync 1 DAGs
[2024-09-08T07:07:30.385+0000] {logging_mixin.py:190} INFO - [2024-09-08T07:07:30.385+0000] {dag.py:4156} INFO - Setting next_dagrun for example_python_operator to None, run_after=None
[2024-09-08T07:07:30.398+0000] {processor.py:208} INFO - Processing /home/airflow/.local/lib/python3.12/site-packages/airflow/example_dags/example_python_operator.py took 0.054 seconds
[2024-09-08T07:08:00.727+0000] {processor.py:186} INFO - Started process (PID=3540) to work on /home/airflow/.local/lib/python3.12/site-packages/airflow/example_dags/example_python_operator.py
[2024-09-08T07:08:00.728+0000] {processor.py:914} INFO - Processing file /home/airflow/.local/lib/python3.12/site-packages/airflow/example_dags/example_python_operator.py for tasks to queue
[2024-09-08T07:08:00.729+0000] {logging_mixin.py:190} INFO - [2024-09-08T07:08:00.729+0000] {dagbag.py:587} INFO - Filling up the DagBag from /home/airflow/.local/lib/python3.12/site-packages/airflow/example_dags/example_python_operator.py
[2024-09-08T07:08:00.738+0000] {processor.py:925} INFO - DAG(s) 'example_python_operator' retrieved from /home/airflow/.local/lib/python3.12/site-packages/airflow/example_dags/example_python_operator.py
[2024-09-08T07:08:00.753+0000] {logging_mixin.py:190} INFO - [2024-09-08T07:08:00.753+0000] {dag.py:3229} INFO - Sync 1 DAGs
[2024-09-08T07:08:00.762+0000] {logging_mixin.py:190} INFO - [2024-09-08T07:08:00.762+0000] {dag.py:4156} INFO - Setting next_dagrun for example_python_operator to None, run_after=None
[2024-09-08T07:08:00.775+0000] {processor.py:208} INFO - Processing /home/airflow/.local/lib/python3.12/site-packages/airflow/example_dags/example_python_operator.py took 0.052 seconds
[2024-09-08T07:08:31.251+0000] {processor.py:186} INFO - Started process (PID=3602) to work on /home/airflow/.local/lib/python3.12/site-packages/airflow/example_dags/example_python_operator.py
[2024-09-08T07:08:31.251+0000] {processor.py:914} INFO - Processing file /home/airflow/.local/lib/python3.12/site-packages/airflow/example_dags/example_python_operator.py for tasks to queue
[2024-09-08T07:08:31.252+0000] {logging_mixin.py:190} INFO - [2024-09-08T07:08:31.252+0000] {dagbag.py:587} INFO - Filling up the DagBag from /home/airflow/.local/lib/python3.12/site-packages/airflow/example_dags/example_python_operator.py
[2024-09-08T07:08:31.258+0000] {processor.py:925} INFO - DAG(s) 'example_python_operator' retrieved from /home/airflow/.local/lib/python3.12/site-packages/airflow/example_dags/example_python_operator.py
[2024-09-08T07:08:31.271+0000] {logging_mixin.py:190} INFO - [2024-09-08T07:08:31.271+0000] {dag.py:3229} INFO - Sync 1 DAGs
[2024-09-08T07:08:31.278+0000] {logging_mixin.py:190} INFO - [2024-09-08T07:08:31.278+0000] {dag.py:4156} INFO - Setting next_dagrun for example_python_operator to None, run_after=None
[2024-09-08T07:08:31.288+0000] {processor.py:208} INFO - Processing /home/airflow/.local/lib/python3.12/site-packages/airflow/example_dags/example_python_operator.py took 0.040 seconds
[2024-09-08T07:09:01.908+0000] {processor.py:186} INFO - Started process (PID=3664) to work on /home/airflow/.local/lib/python3.12/site-packages/airflow/example_dags/example_python_operator.py
[2024-09-08T07:09:01.908+0000] {processor.py:914} INFO - Processing file /home/airflow/.local/lib/python3.12/site-packages/airflow/example_dags/example_python_operator.py for tasks to queue
[2024-09-08T07:09:01.909+0000] {logging_mixin.py:190} INFO - [2024-09-08T07:09:01.909+0000] {dagbag.py:587} INFO - Filling up the DagBag from /home/airflow/.local/lib/python3.12/site-packages/airflow/example_dags/example_python_operator.py
[2024-09-08T07:09:01.916+0000] {processor.py:925} INFO - DAG(s) 'example_python_operator' retrieved from /home/airflow/.local/lib/python3.12/site-packages/airflow/example_dags/example_python_operator.py
[2024-09-08T07:09:01.930+0000] {logging_mixin.py:190} INFO - [2024-09-08T07:09:01.930+0000] {dag.py:3229} INFO - Sync 1 DAGs
[2024-09-08T07:09:01.940+0000] {logging_mixin.py:190} INFO - [2024-09-08T07:09:01.940+0000] {dag.py:4156} INFO - Setting next_dagrun for example_python_operator to None, run_after=None
[2024-09-08T07:09:01.952+0000] {processor.py:208} INFO - Processing /home/airflow/.local/lib/python3.12/site-packages/airflow/example_dags/example_python_operator.py took 0.047 seconds
[2024-09-08T07:09:32.337+0000] {processor.py:186} INFO - Started process (PID=3726) to work on /home/airflow/.local/lib/python3.12/site-packages/airflow/example_dags/example_python_operator.py
[2024-09-08T07:09:32.338+0000] {processor.py:914} INFO - Processing file /home/airflow/.local/lib/python3.12/site-packages/airflow/example_dags/example_python_operator.py for tasks to queue
[2024-09-08T07:09:32.339+0000] {logging_mixin.py:190} INFO - [2024-09-08T07:09:32.339+0000] {dagbag.py:587} INFO - Filling up the DagBag from /home/airflow/.local/lib/python3.12/site-packages/airflow/example_dags/example_python_operator.py
[2024-09-08T07:09:32.348+0000] {processor.py:925} INFO - DAG(s) 'example_python_operator' retrieved from /home/airflow/.local/lib/python3.12/site-packages/airflow/example_dags/example_python_operator.py
[2024-09-08T07:09:32.362+0000] {logging_mixin.py:190} INFO - [2024-09-08T07:09:32.362+0000] {dag.py:3229} INFO - Sync 1 DAGs
[2024-09-08T07:09:32.372+0000] {logging_mixin.py:190} INFO - [2024-09-08T07:09:32.371+0000] {dag.py:4156} INFO - Setting next_dagrun for example_python_operator to None, run_after=None
[2024-09-08T07:09:32.384+0000] {processor.py:208} INFO - Processing /home/airflow/.local/lib/python3.12/site-packages/airflow/example_dags/example_python_operator.py took 0.052 seconds
[2024-09-08T07:10:02.853+0000] {processor.py:186} INFO - Started process (PID=3788) to work on /home/airflow/.local/lib/python3.12/site-packages/airflow/example_dags/example_python_operator.py
[2024-09-08T07:10:02.853+0000] {processor.py:914} INFO - Processing file /home/airflow/.local/lib/python3.12/site-packages/airflow/example_dags/example_python_operator.py for tasks to queue
[2024-09-08T07:10:02.855+0000] {logging_mixin.py:190} INFO - [2024-09-08T07:10:02.854+0000] {dagbag.py:587} INFO - Filling up the DagBag from /home/airflow/.local/lib/python3.12/site-packages/airflow/example_dags/example_python_operator.py
[2024-09-08T07:10:02.862+0000] {processor.py:925} INFO - DAG(s) 'example_python_operator' retrieved from /home/airflow/.local/lib/python3.12/site-packages/airflow/example_dags/example_python_operator.py
[2024-09-08T07:10:02.877+0000] {logging_mixin.py:190} INFO - [2024-09-08T07:10:02.877+0000] {dag.py:3229} INFO - Sync 1 DAGs
[2024-09-08T07:10:02.884+0000] {logging_mixin.py:190} INFO - [2024-09-08T07:10:02.884+0000] {dag.py:4156} INFO - Setting next_dagrun for example_python_operator to None, run_after=None
[2024-09-08T07:10:02.897+0000] {processor.py:208} INFO - Processing /home/airflow/.local/lib/python3.12/site-packages/airflow/example_dags/example_python_operator.py took 0.049 seconds
[2024-09-08T07:10:33.427+0000] {processor.py:186} INFO - Started process (PID=3850) to work on /home/airflow/.local/lib/python3.12/site-packages/airflow/example_dags/example_python_operator.py
[2024-09-08T07:10:33.428+0000] {processor.py:914} INFO - Processing file /home/airflow/.local/lib/python3.12/site-packages/airflow/example_dags/example_python_operator.py for tasks to queue
[2024-09-08T07:10:33.429+0000] {logging_mixin.py:190} INFO - [2024-09-08T07:10:33.429+0000] {dagbag.py:587} INFO - Filling up the DagBag from /home/airflow/.local/lib/python3.12/site-packages/airflow/example_dags/example_python_operator.py
[2024-09-08T07:10:33.436+0000] {processor.py:925} INFO - DAG(s) 'example_python_operator' retrieved from /home/airflow/.local/lib/python3.12/site-packages/airflow/example_dags/example_python_operator.py
[2024-09-08T07:10:33.451+0000] {logging_mixin.py:190} INFO - [2024-09-08T07:10:33.451+0000] {dag.py:3229} INFO - Sync 1 DAGs
[2024-09-08T07:10:33.459+0000] {logging_mixin.py:190} INFO - [2024-09-08T07:10:33.459+0000] {dag.py:4156} INFO - Setting next_dagrun for example_python_operator to None, run_after=None
[2024-09-08T07:10:33.471+0000] {processor.py:208} INFO - Processing /home/airflow/.local/lib/python3.12/site-packages/airflow/example_dags/example_python_operator.py took 0.048 seconds
[2024-09-08T07:11:03.876+0000] {processor.py:186} INFO - Started process (PID=3912) to work on /home/airflow/.local/lib/python3.12/site-packages/airflow/example_dags/example_python_operator.py
[2024-09-08T07:11:03.876+0000] {processor.py:914} INFO - Processing file /home/airflow/.local/lib/python3.12/site-packages/airflow/example_dags/example_python_operator.py for tasks to queue
[2024-09-08T07:11:03.878+0000] {logging_mixin.py:190} INFO - [2024-09-08T07:11:03.877+0000] {dagbag.py:587} INFO - Filling up the DagBag from /home/airflow/.local/lib/python3.12/site-packages/airflow/example_dags/example_python_operator.py
[2024-09-08T07:11:03.884+0000] {processor.py:925} INFO - DAG(s) 'example_python_operator' retrieved from /home/airflow/.local/lib/python3.12/site-packages/airflow/example_dags/example_python_operator.py
[2024-09-08T07:11:03.897+0000] {logging_mixin.py:190} INFO - [2024-09-08T07:11:03.897+0000] {dag.py:3229} INFO - Sync 1 DAGs
[2024-09-08T07:11:03.905+0000] {logging_mixin.py:190} INFO - [2024-09-08T07:11:03.905+0000] {dag.py:4156} INFO - Setting next_dagrun for example_python_operator to None, run_after=None
[2024-09-08T07:11:03.915+0000] {processor.py:208} INFO - Processing /home/airflow/.local/lib/python3.12/site-packages/airflow/example_dags/example_python_operator.py took 0.042 seconds
[2024-09-08T07:11:34.425+0000] {processor.py:186} INFO - Started process (PID=3974) to work on /home/airflow/.local/lib/python3.12/site-packages/airflow/example_dags/example_python_operator.py
[2024-09-08T07:11:34.426+0000] {processor.py:914} INFO - Processing file /home/airflow/.local/lib/python3.12/site-packages/airflow/example_dags/example_python_operator.py for tasks to queue
[2024-09-08T07:11:34.427+0000] {logging_mixin.py:190} INFO - [2024-09-08T07:11:34.427+0000] {dagbag.py:587} INFO - Filling up the DagBag from /home/airflow/.local/lib/python3.12/site-packages/airflow/example_dags/example_python_operator.py
[2024-09-08T07:11:34.436+0000] {processor.py:925} INFO - DAG(s) 'example_python_operator' retrieved from /home/airflow/.local/lib/python3.12/site-packages/airflow/example_dags/example_python_operator.py
[2024-09-08T07:11:34.450+0000] {logging_mixin.py:190} INFO - [2024-09-08T07:11:34.450+0000] {dag.py:3229} INFO - Sync 1 DAGs
[2024-09-08T07:11:34.457+0000] {logging_mixin.py:190} INFO - [2024-09-08T07:11:34.457+0000] {dag.py:4156} INFO - Setting next_dagrun for example_python_operator to None, run_after=None
[2024-09-08T07:11:34.468+0000] {processor.py:208} INFO - Processing /home/airflow/.local/lib/python3.12/site-packages/airflow/example_dags/example_python_operator.py took 0.047 seconds
[2024-09-08T07:16:39.413+0000] {processor.py:186} INFO - Started process (PID=4036) to work on /home/airflow/.local/lib/python3.12/site-packages/airflow/example_dags/example_python_operator.py
[2024-09-08T07:16:39.414+0000] {processor.py:914} INFO - Processing file /home/airflow/.local/lib/python3.12/site-packages/airflow/example_dags/example_python_operator.py for tasks to queue
[2024-09-08T07:16:39.415+0000] {logging_mixin.py:190} INFO - [2024-09-08T07:16:39.415+0000] {dagbag.py:587} INFO - Filling up the DagBag from /home/airflow/.local/lib/python3.12/site-packages/airflow/example_dags/example_python_operator.py
[2024-09-08T07:16:39.421+0000] {processor.py:925} INFO - DAG(s) 'example_python_operator' retrieved from /home/airflow/.local/lib/python3.12/site-packages/airflow/example_dags/example_python_operator.py
[2024-09-08T07:16:39.437+0000] {logging_mixin.py:190} INFO - [2024-09-08T07:16:39.437+0000] {dag.py:3229} INFO - Sync 1 DAGs
[2024-09-08T07:16:39.448+0000] {logging_mixin.py:190} INFO - [2024-09-08T07:16:39.447+0000] {dag.py:4156} INFO - Setting next_dagrun for example_python_operator to None, run_after=None
[2024-09-08T07:16:39.460+0000] {processor.py:208} INFO - Processing /home/airflow/.local/lib/python3.12/site-packages/airflow/example_dags/example_python_operator.py took 0.050 seconds
[2024-09-08T07:17:09.908+0000] {processor.py:186} INFO - Started process (PID=4098) to work on /home/airflow/.local/lib/python3.12/site-packages/airflow/example_dags/example_python_operator.py
[2024-09-08T07:17:09.909+0000] {processor.py:914} INFO - Processing file /home/airflow/.local/lib/python3.12/site-packages/airflow/example_dags/example_python_operator.py for tasks to queue
[2024-09-08T07:17:09.910+0000] {logging_mixin.py:190} INFO - [2024-09-08T07:17:09.910+0000] {dagbag.py:587} INFO - Filling up the DagBag from /home/airflow/.local/lib/python3.12/site-packages/airflow/example_dags/example_python_operator.py
[2024-09-08T07:17:09.917+0000] {processor.py:925} INFO - DAG(s) 'example_python_operator' retrieved from /home/airflow/.local/lib/python3.12/site-packages/airflow/example_dags/example_python_operator.py
[2024-09-08T07:17:09.934+0000] {logging_mixin.py:190} INFO - [2024-09-08T07:17:09.933+0000] {dag.py:3229} INFO - Sync 1 DAGs
[2024-09-08T07:17:09.944+0000] {logging_mixin.py:190} INFO - [2024-09-08T07:17:09.944+0000] {dag.py:4156} INFO - Setting next_dagrun for example_python_operator to None, run_after=None
[2024-09-08T07:17:09.958+0000] {processor.py:208} INFO - Processing /home/airflow/.local/lib/python3.12/site-packages/airflow/example_dags/example_python_operator.py took 0.055 seconds
[2024-09-08T07:17:40.539+0000] {processor.py:186} INFO - Started process (PID=4160) to work on /home/airflow/.local/lib/python3.12/site-packages/airflow/example_dags/example_python_operator.py
[2024-09-08T07:17:40.540+0000] {processor.py:914} INFO - Processing file /home/airflow/.local/lib/python3.12/site-packages/airflow/example_dags/example_python_operator.py for tasks to queue
[2024-09-08T07:17:40.541+0000] {logging_mixin.py:190} INFO - [2024-09-08T07:17:40.541+0000] {dagbag.py:587} INFO - Filling up the DagBag from /home/airflow/.local/lib/python3.12/site-packages/airflow/example_dags/example_python_operator.py
[2024-09-08T07:17:40.548+0000] {processor.py:925} INFO - DAG(s) 'example_python_operator' retrieved from /home/airflow/.local/lib/python3.12/site-packages/airflow/example_dags/example_python_operator.py
[2024-09-08T07:17:40.562+0000] {logging_mixin.py:190} INFO - [2024-09-08T07:17:40.562+0000] {dag.py:3229} INFO - Sync 1 DAGs
[2024-09-08T07:17:40.570+0000] {logging_mixin.py:190} INFO - [2024-09-08T07:17:40.570+0000] {dag.py:4156} INFO - Setting next_dagrun for example_python_operator to None, run_after=None
[2024-09-08T07:17:40.581+0000] {processor.py:208} INFO - Processing /home/airflow/.local/lib/python3.12/site-packages/airflow/example_dags/example_python_operator.py took 0.045 seconds
[2024-09-08T07:18:11.073+0000] {processor.py:186} INFO - Started process (PID=4222) to work on /home/airflow/.local/lib/python3.12/site-packages/airflow/example_dags/example_python_operator.py
[2024-09-08T07:18:11.073+0000] {processor.py:914} INFO - Processing file /home/airflow/.local/lib/python3.12/site-packages/airflow/example_dags/example_python_operator.py for tasks to queue
[2024-09-08T07:18:11.075+0000] {logging_mixin.py:190} INFO - [2024-09-08T07:18:11.075+0000] {dagbag.py:587} INFO - Filling up the DagBag from /home/airflow/.local/lib/python3.12/site-packages/airflow/example_dags/example_python_operator.py
[2024-09-08T07:18:11.082+0000] {processor.py:925} INFO - DAG(s) 'example_python_operator' retrieved from /home/airflow/.local/lib/python3.12/site-packages/airflow/example_dags/example_python_operator.py
[2024-09-08T07:18:11.095+0000] {logging_mixin.py:190} INFO - [2024-09-08T07:18:11.095+0000] {dag.py:3229} INFO - Sync 1 DAGs
[2024-09-08T07:18:11.102+0000] {logging_mixin.py:190} INFO - [2024-09-08T07:18:11.102+0000] {dag.py:4156} INFO - Setting next_dagrun for example_python_operator to None, run_after=None
[2024-09-08T07:18:11.112+0000] {processor.py:208} INFO - Processing /home/airflow/.local/lib/python3.12/site-packages/airflow/example_dags/example_python_operator.py took 0.043 seconds
[2024-09-08T07:18:41.666+0000] {processor.py:186} INFO - Started process (PID=4283) to work on /home/airflow/.local/lib/python3.12/site-packages/airflow/example_dags/example_python_operator.py
[2024-09-08T07:18:41.667+0000] {processor.py:914} INFO - Processing file /home/airflow/.local/lib/python3.12/site-packages/airflow/example_dags/example_python_operator.py for tasks to queue
[2024-09-08T07:18:41.668+0000] {logging_mixin.py:190} INFO - [2024-09-08T07:18:41.668+0000] {dagbag.py:587} INFO - Filling up the DagBag from /home/airflow/.local/lib/python3.12/site-packages/airflow/example_dags/example_python_operator.py
[2024-09-08T07:18:41.676+0000] {processor.py:925} INFO - DAG(s) 'example_python_operator' retrieved from /home/airflow/.local/lib/python3.12/site-packages/airflow/example_dags/example_python_operator.py
[2024-09-08T07:18:41.691+0000] {logging_mixin.py:190} INFO - [2024-09-08T07:18:41.691+0000] {dag.py:3229} INFO - Sync 1 DAGs
[2024-09-08T07:18:41.703+0000] {logging_mixin.py:190} INFO - [2024-09-08T07:18:41.702+0000] {dag.py:4156} INFO - Setting next_dagrun for example_python_operator to None, run_after=None
[2024-09-08T07:18:41.717+0000] {processor.py:208} INFO - Processing /home/airflow/.local/lib/python3.12/site-packages/airflow/example_dags/example_python_operator.py took 0.054 seconds
[2024-09-08T07:19:12.162+0000] {processor.py:186} INFO - Started process (PID=4346) to work on /home/airflow/.local/lib/python3.12/site-packages/airflow/example_dags/example_python_operator.py
[2024-09-08T07:19:12.163+0000] {processor.py:914} INFO - Processing file /home/airflow/.local/lib/python3.12/site-packages/airflow/example_dags/example_python_operator.py for tasks to queue
[2024-09-08T07:19:12.164+0000] {logging_mixin.py:190} INFO - [2024-09-08T07:19:12.164+0000] {dagbag.py:587} INFO - Filling up the DagBag from /home/airflow/.local/lib/python3.12/site-packages/airflow/example_dags/example_python_operator.py
[2024-09-08T07:19:12.174+0000] {processor.py:925} INFO - DAG(s) 'example_python_operator' retrieved from /home/airflow/.local/lib/python3.12/site-packages/airflow/example_dags/example_python_operator.py
[2024-09-08T07:19:12.190+0000] {logging_mixin.py:190} INFO - [2024-09-08T07:19:12.190+0000] {dag.py:3229} INFO - Sync 1 DAGs
[2024-09-08T07:19:12.200+0000] {logging_mixin.py:190} INFO - [2024-09-08T07:19:12.199+0000] {dag.py:4156} INFO - Setting next_dagrun for example_python_operator to None, run_after=None
[2024-09-08T07:19:12.213+0000] {processor.py:208} INFO - Processing /home/airflow/.local/lib/python3.12/site-packages/airflow/example_dags/example_python_operator.py took 0.056 seconds
[2024-09-08T07:19:42.981+0000] {processor.py:186} INFO - Started process (PID=4408) to work on /home/airflow/.local/lib/python3.12/site-packages/airflow/example_dags/example_python_operator.py
[2024-09-08T07:19:42.982+0000] {processor.py:914} INFO - Processing file /home/airflow/.local/lib/python3.12/site-packages/airflow/example_dags/example_python_operator.py for tasks to queue
[2024-09-08T07:19:42.983+0000] {logging_mixin.py:190} INFO - [2024-09-08T07:19:42.983+0000] {dagbag.py:587} INFO - Filling up the DagBag from /home/airflow/.local/lib/python3.12/site-packages/airflow/example_dags/example_python_operator.py
[2024-09-08T07:19:42.992+0000] {processor.py:925} INFO - DAG(s) 'example_python_operator' retrieved from /home/airflow/.local/lib/python3.12/site-packages/airflow/example_dags/example_python_operator.py
[2024-09-08T07:19:43.007+0000] {logging_mixin.py:190} INFO - [2024-09-08T07:19:43.006+0000] {dag.py:3229} INFO - Sync 1 DAGs
[2024-09-08T07:19:43.014+0000] {logging_mixin.py:190} INFO - [2024-09-08T07:19:43.014+0000] {dag.py:4156} INFO - Setting next_dagrun for example_python_operator to None, run_after=None
[2024-09-08T07:19:43.025+0000] {processor.py:208} INFO - Processing /home/airflow/.local/lib/python3.12/site-packages/airflow/example_dags/example_python_operator.py took 0.047 seconds
[2024-09-08T07:20:13.758+0000] {processor.py:186} INFO - Started process (PID=4470) to work on /home/airflow/.local/lib/python3.12/site-packages/airflow/example_dags/example_python_operator.py
[2024-09-08T07:20:13.759+0000] {processor.py:914} INFO - Processing file /home/airflow/.local/lib/python3.12/site-packages/airflow/example_dags/example_python_operator.py for tasks to queue
[2024-09-08T07:20:13.760+0000] {logging_mixin.py:190} INFO - [2024-09-08T07:20:13.760+0000] {dagbag.py:587} INFO - Filling up the DagBag from /home/airflow/.local/lib/python3.12/site-packages/airflow/example_dags/example_python_operator.py
[2024-09-08T07:20:13.767+0000] {processor.py:925} INFO - DAG(s) 'example_python_operator' retrieved from /home/airflow/.local/lib/python3.12/site-packages/airflow/example_dags/example_python_operator.py
[2024-09-08T07:20:13.784+0000] {logging_mixin.py:190} INFO - [2024-09-08T07:20:13.783+0000] {dag.py:3229} INFO - Sync 1 DAGs
[2024-09-08T07:20:13.793+0000] {logging_mixin.py:190} INFO - [2024-09-08T07:20:13.793+0000] {dag.py:4156} INFO - Setting next_dagrun for example_python_operator to None, run_after=None
[2024-09-08T07:20:13.806+0000] {processor.py:208} INFO - Processing /home/airflow/.local/lib/python3.12/site-packages/airflow/example_dags/example_python_operator.py took 0.052 seconds
[2024-09-08T07:20:44.207+0000] {processor.py:186} INFO - Started process (PID=4532) to work on /home/airflow/.local/lib/python3.12/site-packages/airflow/example_dags/example_python_operator.py
[2024-09-08T07:20:44.207+0000] {processor.py:914} INFO - Processing file /home/airflow/.local/lib/python3.12/site-packages/airflow/example_dags/example_python_operator.py for tasks to queue
[2024-09-08T07:20:44.209+0000] {logging_mixin.py:190} INFO - [2024-09-08T07:20:44.209+0000] {dagbag.py:587} INFO - Filling up the DagBag from /home/airflow/.local/lib/python3.12/site-packages/airflow/example_dags/example_python_operator.py
[2024-09-08T07:20:44.216+0000] {processor.py:925} INFO - DAG(s) 'example_python_operator' retrieved from /home/airflow/.local/lib/python3.12/site-packages/airflow/example_dags/example_python_operator.py
[2024-09-08T07:20:44.232+0000] {logging_mixin.py:190} INFO - [2024-09-08T07:20:44.232+0000] {dag.py:3229} INFO - Sync 1 DAGs
[2024-09-08T07:20:44.244+0000] {logging_mixin.py:190} INFO - [2024-09-08T07:20:44.243+0000] {dag.py:4156} INFO - Setting next_dagrun for example_python_operator to None, run_after=None
[2024-09-08T07:20:44.257+0000] {processor.py:208} INFO - Processing /home/airflow/.local/lib/python3.12/site-packages/airflow/example_dags/example_python_operator.py took 0.054 seconds
[2024-09-08T07:21:14.647+0000] {processor.py:186} INFO - Started process (PID=4594) to work on /home/airflow/.local/lib/python3.12/site-packages/airflow/example_dags/example_python_operator.py
[2024-09-08T07:21:14.648+0000] {processor.py:914} INFO - Processing file /home/airflow/.local/lib/python3.12/site-packages/airflow/example_dags/example_python_operator.py for tasks to queue
[2024-09-08T07:21:14.649+0000] {logging_mixin.py:190} INFO - [2024-09-08T07:21:14.649+0000] {dagbag.py:587} INFO - Filling up the DagBag from /home/airflow/.local/lib/python3.12/site-packages/airflow/example_dags/example_python_operator.py
[2024-09-08T07:21:14.655+0000] {processor.py:925} INFO - DAG(s) 'example_python_operator' retrieved from /home/airflow/.local/lib/python3.12/site-packages/airflow/example_dags/example_python_operator.py
[2024-09-08T07:21:14.670+0000] {logging_mixin.py:190} INFO - [2024-09-08T07:21:14.670+0000] {dag.py:3229} INFO - Sync 1 DAGs
[2024-09-08T07:21:14.682+0000] {logging_mixin.py:190} INFO - [2024-09-08T07:21:14.682+0000] {dag.py:4156} INFO - Setting next_dagrun for example_python_operator to None, run_after=None
[2024-09-08T07:21:14.694+0000] {processor.py:208} INFO - Processing /home/airflow/.local/lib/python3.12/site-packages/airflow/example_dags/example_python_operator.py took 0.050 seconds
