[2024-09-08T06:39:30.154+0000] {processor.py:186} INFO - Started process (PID=86) to work on /home/airflow/.local/lib/python3.12/site-packages/airflow/example_dags/example_python_decorator.py
[2024-09-08T06:39:30.154+0000] {processor.py:914} INFO - Processing file /home/airflow/.local/lib/python3.12/site-packages/airflow/example_dags/example_python_decorator.py for tasks to queue
[2024-09-08T06:39:30.156+0000] {logging_mixin.py:190} INFO - [2024-09-08T06:39:30.156+0000] {dagbag.py:587} INFO - Filling up the DagBag from /home/airflow/.local/lib/python3.12/site-packages/airflow/example_dags/example_python_decorator.py
[2024-09-08T06:39:30.164+0000] {processor.py:925} INFO - DAG(s) 'example_python_decorator' retrieved from /home/airflow/.local/lib/python3.12/site-packages/airflow/example_dags/example_python_decorator.py
[2024-09-08T06:39:30.231+0000] {logging_mixin.py:190} INFO - [2024-09-08T06:39:30.231+0000] {override.py:1900} INFO - Created Permission View: can edit on DAG:example_python_decorator
[2024-09-08T06:39:30.239+0000] {logging_mixin.py:190} INFO - [2024-09-08T06:39:30.238+0000] {override.py:1900} INFO - Created Permission View: can read on DAG:example_python_decorator
[2024-09-08T06:39:30.242+0000] {logging_mixin.py:190} INFO - [2024-09-08T06:39:30.242+0000] {override.py:1900} INFO - Created Permission View: can delete on DAG:example_python_decorator
[2024-09-08T06:39:30.245+0000] {logging_mixin.py:190} INFO - [2024-09-08T06:39:30.245+0000] {override.py:1900} INFO - Created Permission View: can read on DAG Run:example_python_decorator
[2024-09-08T06:39:30.248+0000] {logging_mixin.py:190} INFO - [2024-09-08T06:39:30.248+0000] {override.py:1900} INFO - Created Permission View: can delete on DAG Run:example_python_decorator
[2024-09-08T06:39:30.253+0000] {logging_mixin.py:190} INFO - [2024-09-08T06:39:30.253+0000] {override.py:1900} INFO - Created Permission View: can create on DAG Run:example_python_decorator
[2024-09-08T06:39:30.258+0000] {logging_mixin.py:190} INFO - [2024-09-08T06:39:30.258+0000] {override.py:1900} INFO - Created Permission View: menu access on DAG Run:example_python_decorator
[2024-09-08T06:39:30.258+0000] {logging_mixin.py:190} INFO - [2024-09-08T06:39:30.258+0000] {dag.py:3229} INFO - Sync 1 DAGs
[2024-09-08T06:39:30.267+0000] {logging_mixin.py:190} INFO - [2024-09-08T06:39:30.266+0000] {dag.py:3252} INFO - Creating ORM DAG for example_python_decorator
[2024-09-08T06:39:30.267+0000] {logging_mixin.py:190} INFO - [2024-09-08T06:39:30.267+0000] {dag.py:4156} INFO - Setting next_dagrun for example_python_decorator to None, run_after=None
[2024-09-08T06:39:30.276+0000] {processor.py:208} INFO - Processing /home/airflow/.local/lib/python3.12/site-packages/airflow/example_dags/example_python_decorator.py took 0.126 seconds
[2024-09-08T06:40:01.207+0000] {processor.py:186} INFO - Started process (PID=148) to work on /home/airflow/.local/lib/python3.12/site-packages/airflow/example_dags/example_python_decorator.py
[2024-09-08T06:40:01.208+0000] {processor.py:914} INFO - Processing file /home/airflow/.local/lib/python3.12/site-packages/airflow/example_dags/example_python_decorator.py for tasks to queue
[2024-09-08T06:40:01.209+0000] {logging_mixin.py:190} INFO - [2024-09-08T06:40:01.209+0000] {dagbag.py:587} INFO - Filling up the DagBag from /home/airflow/.local/lib/python3.12/site-packages/airflow/example_dags/example_python_decorator.py
[2024-09-08T06:40:01.218+0000] {processor.py:925} INFO - DAG(s) 'example_python_decorator' retrieved from /home/airflow/.local/lib/python3.12/site-packages/airflow/example_dags/example_python_decorator.py
[2024-09-08T06:40:01.230+0000] {logging_mixin.py:190} INFO - [2024-09-08T06:40:01.230+0000] {dag.py:3229} INFO - Sync 1 DAGs
[2024-09-08T06:40:01.238+0000] {logging_mixin.py:190} INFO - [2024-09-08T06:40:01.238+0000] {dag.py:4156} INFO - Setting next_dagrun for example_python_decorator to None, run_after=None
[2024-09-08T06:40:01.248+0000] {processor.py:208} INFO - Processing /home/airflow/.local/lib/python3.12/site-packages/airflow/example_dags/example_python_decorator.py took 0.045 seconds
[2024-09-08T06:40:31.691+0000] {processor.py:186} INFO - Started process (PID=210) to work on /home/airflow/.local/lib/python3.12/site-packages/airflow/example_dags/example_python_decorator.py
[2024-09-08T06:40:31.694+0000] {processor.py:914} INFO - Processing file /home/airflow/.local/lib/python3.12/site-packages/airflow/example_dags/example_python_decorator.py for tasks to queue
[2024-09-08T06:40:31.695+0000] {logging_mixin.py:190} INFO - [2024-09-08T06:40:31.695+0000] {dagbag.py:587} INFO - Filling up the DagBag from /home/airflow/.local/lib/python3.12/site-packages/airflow/example_dags/example_python_decorator.py
[2024-09-08T06:40:31.703+0000] {processor.py:925} INFO - DAG(s) 'example_python_decorator' retrieved from /home/airflow/.local/lib/python3.12/site-packages/airflow/example_dags/example_python_decorator.py
[2024-09-08T06:40:31.716+0000] {logging_mixin.py:190} INFO - [2024-09-08T06:40:31.715+0000] {dag.py:3229} INFO - Sync 1 DAGs
[2024-09-08T06:40:31.723+0000] {logging_mixin.py:190} INFO - [2024-09-08T06:40:31.723+0000] {dag.py:4156} INFO - Setting next_dagrun for example_python_decorator to None, run_after=None
[2024-09-08T06:40:31.734+0000] {processor.py:208} INFO - Processing /home/airflow/.local/lib/python3.12/site-packages/airflow/example_dags/example_python_decorator.py took 0.046 seconds
[2024-09-08T06:41:02.166+0000] {processor.py:186} INFO - Started process (PID=272) to work on /home/airflow/.local/lib/python3.12/site-packages/airflow/example_dags/example_python_decorator.py
[2024-09-08T06:41:02.167+0000] {processor.py:914} INFO - Processing file /home/airflow/.local/lib/python3.12/site-packages/airflow/example_dags/example_python_decorator.py for tasks to queue
[2024-09-08T06:41:02.168+0000] {logging_mixin.py:190} INFO - [2024-09-08T06:41:02.167+0000] {dagbag.py:587} INFO - Filling up the DagBag from /home/airflow/.local/lib/python3.12/site-packages/airflow/example_dags/example_python_decorator.py
[2024-09-08T06:41:02.174+0000] {processor.py:925} INFO - DAG(s) 'example_python_decorator' retrieved from /home/airflow/.local/lib/python3.12/site-packages/airflow/example_dags/example_python_decorator.py
[2024-09-08T06:41:02.191+0000] {logging_mixin.py:190} INFO - [2024-09-08T06:41:02.191+0000] {dag.py:3229} INFO - Sync 1 DAGs
[2024-09-08T06:41:02.199+0000] {logging_mixin.py:190} INFO - [2024-09-08T06:41:02.199+0000] {dag.py:4156} INFO - Setting next_dagrun for example_python_decorator to None, run_after=None
[2024-09-08T06:41:02.212+0000] {processor.py:208} INFO - Processing /home/airflow/.local/lib/python3.12/site-packages/airflow/example_dags/example_python_decorator.py took 0.050 seconds
[2024-09-08T06:41:32.749+0000] {processor.py:186} INFO - Started process (PID=334) to work on /home/airflow/.local/lib/python3.12/site-packages/airflow/example_dags/example_python_decorator.py
[2024-09-08T06:41:32.752+0000] {processor.py:914} INFO - Processing file /home/airflow/.local/lib/python3.12/site-packages/airflow/example_dags/example_python_decorator.py for tasks to queue
[2024-09-08T06:41:32.753+0000] {logging_mixin.py:190} INFO - [2024-09-08T06:41:32.753+0000] {dagbag.py:587} INFO - Filling up the DagBag from /home/airflow/.local/lib/python3.12/site-packages/airflow/example_dags/example_python_decorator.py
[2024-09-08T06:41:32.759+0000] {processor.py:925} INFO - DAG(s) 'example_python_decorator' retrieved from /home/airflow/.local/lib/python3.12/site-packages/airflow/example_dags/example_python_decorator.py
[2024-09-08T06:41:32.773+0000] {logging_mixin.py:190} INFO - [2024-09-08T06:41:32.773+0000] {dag.py:3229} INFO - Sync 1 DAGs
[2024-09-08T06:41:32.780+0000] {logging_mixin.py:190} INFO - [2024-09-08T06:41:32.780+0000] {dag.py:4156} INFO - Setting next_dagrun for example_python_decorator to None, run_after=None
[2024-09-08T06:41:32.791+0000] {processor.py:208} INFO - Processing /home/airflow/.local/lib/python3.12/site-packages/airflow/example_dags/example_python_decorator.py took 0.044 seconds
[2024-09-08T06:42:03.345+0000] {processor.py:186} INFO - Started process (PID=396) to work on /home/airflow/.local/lib/python3.12/site-packages/airflow/example_dags/example_python_decorator.py
[2024-09-08T06:42:03.346+0000] {processor.py:914} INFO - Processing file /home/airflow/.local/lib/python3.12/site-packages/airflow/example_dags/example_python_decorator.py for tasks to queue
[2024-09-08T06:42:03.348+0000] {logging_mixin.py:190} INFO - [2024-09-08T06:42:03.347+0000] {dagbag.py:587} INFO - Filling up the DagBag from /home/airflow/.local/lib/python3.12/site-packages/airflow/example_dags/example_python_decorator.py
[2024-09-08T06:42:03.355+0000] {processor.py:925} INFO - DAG(s) 'example_python_decorator' retrieved from /home/airflow/.local/lib/python3.12/site-packages/airflow/example_dags/example_python_decorator.py
[2024-09-08T06:42:03.369+0000] {logging_mixin.py:190} INFO - [2024-09-08T06:42:03.369+0000] {dag.py:3229} INFO - Sync 1 DAGs
[2024-09-08T06:42:03.376+0000] {logging_mixin.py:190} INFO - [2024-09-08T06:42:03.376+0000] {dag.py:4156} INFO - Setting next_dagrun for example_python_decorator to None, run_after=None
[2024-09-08T06:42:03.387+0000] {processor.py:208} INFO - Processing /home/airflow/.local/lib/python3.12/site-packages/airflow/example_dags/example_python_decorator.py took 0.046 seconds
[2024-09-08T06:42:33.838+0000] {processor.py:186} INFO - Started process (PID=458) to work on /home/airflow/.local/lib/python3.12/site-packages/airflow/example_dags/example_python_decorator.py
[2024-09-08T06:42:33.839+0000] {processor.py:914} INFO - Processing file /home/airflow/.local/lib/python3.12/site-packages/airflow/example_dags/example_python_decorator.py for tasks to queue
[2024-09-08T06:42:33.840+0000] {logging_mixin.py:190} INFO - [2024-09-08T06:42:33.840+0000] {dagbag.py:587} INFO - Filling up the DagBag from /home/airflow/.local/lib/python3.12/site-packages/airflow/example_dags/example_python_decorator.py
[2024-09-08T06:42:33.850+0000] {processor.py:925} INFO - DAG(s) 'example_python_decorator' retrieved from /home/airflow/.local/lib/python3.12/site-packages/airflow/example_dags/example_python_decorator.py
[2024-09-08T06:42:33.865+0000] {logging_mixin.py:190} INFO - [2024-09-08T06:42:33.865+0000] {dag.py:3229} INFO - Sync 1 DAGs
[2024-09-08T06:42:33.875+0000] {logging_mixin.py:190} INFO - [2024-09-08T06:42:33.875+0000] {dag.py:4156} INFO - Setting next_dagrun for example_python_decorator to None, run_after=None
[2024-09-08T06:42:33.889+0000] {processor.py:208} INFO - Processing /home/airflow/.local/lib/python3.12/site-packages/airflow/example_dags/example_python_decorator.py took 0.054 seconds
[2024-09-08T06:43:04.158+0000] {processor.py:186} INFO - Started process (PID=520) to work on /home/airflow/.local/lib/python3.12/site-packages/airflow/example_dags/example_python_decorator.py
[2024-09-08T06:43:04.160+0000] {processor.py:914} INFO - Processing file /home/airflow/.local/lib/python3.12/site-packages/airflow/example_dags/example_python_decorator.py for tasks to queue
[2024-09-08T06:43:04.162+0000] {logging_mixin.py:190} INFO - [2024-09-08T06:43:04.162+0000] {dagbag.py:587} INFO - Filling up the DagBag from /home/airflow/.local/lib/python3.12/site-packages/airflow/example_dags/example_python_decorator.py
[2024-09-08T06:43:04.168+0000] {processor.py:925} INFO - DAG(s) 'example_python_decorator' retrieved from /home/airflow/.local/lib/python3.12/site-packages/airflow/example_dags/example_python_decorator.py
[2024-09-08T06:43:04.181+0000] {logging_mixin.py:190} INFO - [2024-09-08T06:43:04.181+0000] {dag.py:3229} INFO - Sync 1 DAGs
[2024-09-08T06:43:04.190+0000] {logging_mixin.py:190} INFO - [2024-09-08T06:43:04.190+0000] {dag.py:4156} INFO - Setting next_dagrun for example_python_decorator to None, run_after=None
[2024-09-08T06:43:04.201+0000] {processor.py:208} INFO - Processing /home/airflow/.local/lib/python3.12/site-packages/airflow/example_dags/example_python_decorator.py took 0.047 seconds
[2024-09-08T06:43:34.657+0000] {processor.py:186} INFO - Started process (PID=582) to work on /home/airflow/.local/lib/python3.12/site-packages/airflow/example_dags/example_python_decorator.py
[2024-09-08T06:43:34.660+0000] {processor.py:914} INFO - Processing file /home/airflow/.local/lib/python3.12/site-packages/airflow/example_dags/example_python_decorator.py for tasks to queue
[2024-09-08T06:43:34.662+0000] {logging_mixin.py:190} INFO - [2024-09-08T06:43:34.662+0000] {dagbag.py:587} INFO - Filling up the DagBag from /home/airflow/.local/lib/python3.12/site-packages/airflow/example_dags/example_python_decorator.py
[2024-09-08T06:43:34.670+0000] {processor.py:925} INFO - DAG(s) 'example_python_decorator' retrieved from /home/airflow/.local/lib/python3.12/site-packages/airflow/example_dags/example_python_decorator.py
[2024-09-08T06:43:34.686+0000] {logging_mixin.py:190} INFO - [2024-09-08T06:43:34.685+0000] {dag.py:3229} INFO - Sync 1 DAGs
[2024-09-08T06:43:34.695+0000] {logging_mixin.py:190} INFO - [2024-09-08T06:43:34.695+0000] {dag.py:4156} INFO - Setting next_dagrun for example_python_decorator to None, run_after=None
[2024-09-08T06:43:34.708+0000] {processor.py:208} INFO - Processing /home/airflow/.local/lib/python3.12/site-packages/airflow/example_dags/example_python_decorator.py took 0.055 seconds
[2024-09-08T06:44:05.182+0000] {processor.py:186} INFO - Started process (PID=644) to work on /home/airflow/.local/lib/python3.12/site-packages/airflow/example_dags/example_python_decorator.py
[2024-09-08T06:44:05.184+0000] {processor.py:914} INFO - Processing file /home/airflow/.local/lib/python3.12/site-packages/airflow/example_dags/example_python_decorator.py for tasks to queue
[2024-09-08T06:44:05.186+0000] {logging_mixin.py:190} INFO - [2024-09-08T06:44:05.185+0000] {dagbag.py:587} INFO - Filling up the DagBag from /home/airflow/.local/lib/python3.12/site-packages/airflow/example_dags/example_python_decorator.py
[2024-09-08T06:44:05.192+0000] {processor.py:925} INFO - DAG(s) 'example_python_decorator' retrieved from /home/airflow/.local/lib/python3.12/site-packages/airflow/example_dags/example_python_decorator.py
[2024-09-08T06:44:05.206+0000] {logging_mixin.py:190} INFO - [2024-09-08T06:44:05.206+0000] {dag.py:3229} INFO - Sync 1 DAGs
[2024-09-08T06:44:05.216+0000] {logging_mixin.py:190} INFO - [2024-09-08T06:44:05.216+0000] {dag.py:4156} INFO - Setting next_dagrun for example_python_decorator to None, run_after=None
[2024-09-08T06:44:05.231+0000] {processor.py:208} INFO - Processing /home/airflow/.local/lib/python3.12/site-packages/airflow/example_dags/example_python_decorator.py took 0.052 seconds
[2024-09-08T06:44:35.728+0000] {processor.py:186} INFO - Started process (PID=706) to work on /home/airflow/.local/lib/python3.12/site-packages/airflow/example_dags/example_python_decorator.py
[2024-09-08T06:44:35.731+0000] {processor.py:914} INFO - Processing file /home/airflow/.local/lib/python3.12/site-packages/airflow/example_dags/example_python_decorator.py for tasks to queue
[2024-09-08T06:44:35.733+0000] {logging_mixin.py:190} INFO - [2024-09-08T06:44:35.733+0000] {dagbag.py:587} INFO - Filling up the DagBag from /home/airflow/.local/lib/python3.12/site-packages/airflow/example_dags/example_python_decorator.py
[2024-09-08T06:44:35.743+0000] {processor.py:925} INFO - DAG(s) 'example_python_decorator' retrieved from /home/airflow/.local/lib/python3.12/site-packages/airflow/example_dags/example_python_decorator.py
[2024-09-08T06:44:35.756+0000] {logging_mixin.py:190} INFO - [2024-09-08T06:44:35.756+0000] {dag.py:3229} INFO - Sync 1 DAGs
[2024-09-08T06:44:35.763+0000] {logging_mixin.py:190} INFO - [2024-09-08T06:44:35.763+0000] {dag.py:4156} INFO - Setting next_dagrun for example_python_decorator to None, run_after=None
[2024-09-08T06:44:35.772+0000] {processor.py:208} INFO - Processing /home/airflow/.local/lib/python3.12/site-packages/airflow/example_dags/example_python_decorator.py took 0.047 seconds
[2024-09-08T06:45:06.376+0000] {processor.py:186} INFO - Started process (PID=768) to work on /home/airflow/.local/lib/python3.12/site-packages/airflow/example_dags/example_python_decorator.py
[2024-09-08T06:45:06.376+0000] {processor.py:914} INFO - Processing file /home/airflow/.local/lib/python3.12/site-packages/airflow/example_dags/example_python_decorator.py for tasks to queue
[2024-09-08T06:45:06.378+0000] {logging_mixin.py:190} INFO - [2024-09-08T06:45:06.377+0000] {dagbag.py:587} INFO - Filling up the DagBag from /home/airflow/.local/lib/python3.12/site-packages/airflow/example_dags/example_python_decorator.py
[2024-09-08T06:45:06.387+0000] {processor.py:925} INFO - DAG(s) 'example_python_decorator' retrieved from /home/airflow/.local/lib/python3.12/site-packages/airflow/example_dags/example_python_decorator.py
[2024-09-08T06:45:06.404+0000] {logging_mixin.py:190} INFO - [2024-09-08T06:45:06.403+0000] {dag.py:3229} INFO - Sync 1 DAGs
[2024-09-08T06:45:06.413+0000] {logging_mixin.py:190} INFO - [2024-09-08T06:45:06.413+0000] {dag.py:4156} INFO - Setting next_dagrun for example_python_decorator to None, run_after=None
[2024-09-08T06:45:06.426+0000] {processor.py:208} INFO - Processing /home/airflow/.local/lib/python3.12/site-packages/airflow/example_dags/example_python_decorator.py took 0.054 seconds
[2024-09-08T06:45:36.752+0000] {processor.py:186} INFO - Started process (PID=830) to work on /home/airflow/.local/lib/python3.12/site-packages/airflow/example_dags/example_python_decorator.py
[2024-09-08T06:45:36.755+0000] {processor.py:914} INFO - Processing file /home/airflow/.local/lib/python3.12/site-packages/airflow/example_dags/example_python_decorator.py for tasks to queue
[2024-09-08T06:45:36.756+0000] {logging_mixin.py:190} INFO - [2024-09-08T06:45:36.755+0000] {dagbag.py:587} INFO - Filling up the DagBag from /home/airflow/.local/lib/python3.12/site-packages/airflow/example_dags/example_python_decorator.py
[2024-09-08T06:45:36.762+0000] {processor.py:925} INFO - DAG(s) 'example_python_decorator' retrieved from /home/airflow/.local/lib/python3.12/site-packages/airflow/example_dags/example_python_decorator.py
[2024-09-08T06:45:36.776+0000] {logging_mixin.py:190} INFO - [2024-09-08T06:45:36.775+0000] {dag.py:3229} INFO - Sync 1 DAGs
[2024-09-08T06:45:36.783+0000] {logging_mixin.py:190} INFO - [2024-09-08T06:45:36.783+0000] {dag.py:4156} INFO - Setting next_dagrun for example_python_decorator to None, run_after=None
[2024-09-08T06:45:36.794+0000] {processor.py:208} INFO - Processing /home/airflow/.local/lib/python3.12/site-packages/airflow/example_dags/example_python_decorator.py took 0.044 seconds
[2024-09-08T06:46:07.224+0000] {processor.py:186} INFO - Started process (PID=892) to work on /home/airflow/.local/lib/python3.12/site-packages/airflow/example_dags/example_python_decorator.py
[2024-09-08T06:46:07.225+0000] {processor.py:914} INFO - Processing file /home/airflow/.local/lib/python3.12/site-packages/airflow/example_dags/example_python_decorator.py for tasks to queue
[2024-09-08T06:46:07.226+0000] {logging_mixin.py:190} INFO - [2024-09-08T06:46:07.226+0000] {dagbag.py:587} INFO - Filling up the DagBag from /home/airflow/.local/lib/python3.12/site-packages/airflow/example_dags/example_python_decorator.py
[2024-09-08T06:46:07.236+0000] {processor.py:925} INFO - DAG(s) 'example_python_decorator' retrieved from /home/airflow/.local/lib/python3.12/site-packages/airflow/example_dags/example_python_decorator.py
[2024-09-08T06:46:07.252+0000] {logging_mixin.py:190} INFO - [2024-09-08T06:46:07.252+0000] {dag.py:3229} INFO - Sync 1 DAGs
[2024-09-08T06:46:07.263+0000] {logging_mixin.py:190} INFO - [2024-09-08T06:46:07.263+0000] {dag.py:4156} INFO - Setting next_dagrun for example_python_decorator to None, run_after=None
[2024-09-08T06:46:07.276+0000] {processor.py:208} INFO - Processing /home/airflow/.local/lib/python3.12/site-packages/airflow/example_dags/example_python_decorator.py took 0.055 seconds
[2024-09-08T06:46:37.779+0000] {processor.py:186} INFO - Started process (PID=954) to work on /home/airflow/.local/lib/python3.12/site-packages/airflow/example_dags/example_python_decorator.py
[2024-09-08T06:46:37.779+0000] {processor.py:914} INFO - Processing file /home/airflow/.local/lib/python3.12/site-packages/airflow/example_dags/example_python_decorator.py for tasks to queue
[2024-09-08T06:46:37.780+0000] {logging_mixin.py:190} INFO - [2024-09-08T06:46:37.780+0000] {dagbag.py:587} INFO - Filling up the DagBag from /home/airflow/.local/lib/python3.12/site-packages/airflow/example_dags/example_python_decorator.py
[2024-09-08T06:46:37.789+0000] {processor.py:925} INFO - DAG(s) 'example_python_decorator' retrieved from /home/airflow/.local/lib/python3.12/site-packages/airflow/example_dags/example_python_decorator.py
[2024-09-08T06:46:37.803+0000] {logging_mixin.py:190} INFO - [2024-09-08T06:46:37.803+0000] {dag.py:3229} INFO - Sync 1 DAGs
[2024-09-08T06:46:37.810+0000] {logging_mixin.py:190} INFO - [2024-09-08T06:46:37.810+0000] {dag.py:4156} INFO - Setting next_dagrun for example_python_decorator to None, run_after=None
[2024-09-08T06:46:37.822+0000] {processor.py:208} INFO - Processing /home/airflow/.local/lib/python3.12/site-packages/airflow/example_dags/example_python_decorator.py took 0.047 seconds
[2024-09-08T06:47:08.224+0000] {processor.py:186} INFO - Started process (PID=1016) to work on /home/airflow/.local/lib/python3.12/site-packages/airflow/example_dags/example_python_decorator.py
[2024-09-08T06:47:08.226+0000] {processor.py:914} INFO - Processing file /home/airflow/.local/lib/python3.12/site-packages/airflow/example_dags/example_python_decorator.py for tasks to queue
[2024-09-08T06:47:08.227+0000] {logging_mixin.py:190} INFO - [2024-09-08T06:47:08.227+0000] {dagbag.py:587} INFO - Filling up the DagBag from /home/airflow/.local/lib/python3.12/site-packages/airflow/example_dags/example_python_decorator.py
[2024-09-08T06:47:08.234+0000] {processor.py:925} INFO - DAG(s) 'example_python_decorator' retrieved from /home/airflow/.local/lib/python3.12/site-packages/airflow/example_dags/example_python_decorator.py
[2024-09-08T06:47:08.249+0000] {logging_mixin.py:190} INFO - [2024-09-08T06:47:08.248+0000] {dag.py:3229} INFO - Sync 1 DAGs
[2024-09-08T06:47:08.256+0000] {logging_mixin.py:190} INFO - [2024-09-08T06:47:08.256+0000] {dag.py:4156} INFO - Setting next_dagrun for example_python_decorator to None, run_after=None
[2024-09-08T06:47:08.267+0000] {processor.py:208} INFO - Processing /home/airflow/.local/lib/python3.12/site-packages/airflow/example_dags/example_python_decorator.py took 0.048 seconds
[2024-09-08T06:47:38.825+0000] {processor.py:186} INFO - Started process (PID=1078) to work on /home/airflow/.local/lib/python3.12/site-packages/airflow/example_dags/example_python_decorator.py
[2024-09-08T06:47:38.826+0000] {processor.py:914} INFO - Processing file /home/airflow/.local/lib/python3.12/site-packages/airflow/example_dags/example_python_decorator.py for tasks to queue
[2024-09-08T06:47:38.828+0000] {logging_mixin.py:190} INFO - [2024-09-08T06:47:38.828+0000] {dagbag.py:587} INFO - Filling up the DagBag from /home/airflow/.local/lib/python3.12/site-packages/airflow/example_dags/example_python_decorator.py
[2024-09-08T06:47:38.837+0000] {processor.py:925} INFO - DAG(s) 'example_python_decorator' retrieved from /home/airflow/.local/lib/python3.12/site-packages/airflow/example_dags/example_python_decorator.py
[2024-09-08T06:47:38.851+0000] {logging_mixin.py:190} INFO - [2024-09-08T06:47:38.851+0000] {dag.py:3229} INFO - Sync 1 DAGs
[2024-09-08T06:47:38.859+0000] {logging_mixin.py:190} INFO - [2024-09-08T06:47:38.859+0000] {dag.py:4156} INFO - Setting next_dagrun for example_python_decorator to None, run_after=None
[2024-09-08T06:47:38.870+0000] {processor.py:208} INFO - Processing /home/airflow/.local/lib/python3.12/site-packages/airflow/example_dags/example_python_decorator.py took 0.049 seconds
[2024-09-08T06:48:09.293+0000] {processor.py:186} INFO - Started process (PID=1140) to work on /home/airflow/.local/lib/python3.12/site-packages/airflow/example_dags/example_python_decorator.py
[2024-09-08T06:48:09.293+0000] {processor.py:914} INFO - Processing file /home/airflow/.local/lib/python3.12/site-packages/airflow/example_dags/example_python_decorator.py for tasks to queue
[2024-09-08T06:48:09.294+0000] {logging_mixin.py:190} INFO - [2024-09-08T06:48:09.294+0000] {dagbag.py:587} INFO - Filling up the DagBag from /home/airflow/.local/lib/python3.12/site-packages/airflow/example_dags/example_python_decorator.py
[2024-09-08T06:48:09.302+0000] {processor.py:925} INFO - DAG(s) 'example_python_decorator' retrieved from /home/airflow/.local/lib/python3.12/site-packages/airflow/example_dags/example_python_decorator.py
[2024-09-08T06:48:09.320+0000] {logging_mixin.py:190} INFO - [2024-09-08T06:48:09.320+0000] {dag.py:3229} INFO - Sync 1 DAGs
[2024-09-08T06:48:09.331+0000] {logging_mixin.py:190} INFO - [2024-09-08T06:48:09.331+0000] {dag.py:4156} INFO - Setting next_dagrun for example_python_decorator to None, run_after=None
[2024-09-08T06:48:09.344+0000] {processor.py:208} INFO - Processing /home/airflow/.local/lib/python3.12/site-packages/airflow/example_dags/example_python_decorator.py took 0.055 seconds
[2024-09-08T06:48:39.980+0000] {processor.py:186} INFO - Started process (PID=1202) to work on /home/airflow/.local/lib/python3.12/site-packages/airflow/example_dags/example_python_decorator.py
[2024-09-08T06:48:39.982+0000] {processor.py:914} INFO - Processing file /home/airflow/.local/lib/python3.12/site-packages/airflow/example_dags/example_python_decorator.py for tasks to queue
[2024-09-08T06:48:39.983+0000] {logging_mixin.py:190} INFO - [2024-09-08T06:48:39.983+0000] {dagbag.py:587} INFO - Filling up the DagBag from /home/airflow/.local/lib/python3.12/site-packages/airflow/example_dags/example_python_decorator.py
[2024-09-08T06:48:39.993+0000] {processor.py:925} INFO - DAG(s) 'example_python_decorator' retrieved from /home/airflow/.local/lib/python3.12/site-packages/airflow/example_dags/example_python_decorator.py
[2024-09-08T06:48:40.010+0000] {logging_mixin.py:190} INFO - [2024-09-08T06:48:40.010+0000] {dag.py:3229} INFO - Sync 1 DAGs
[2024-09-08T06:48:40.019+0000] {logging_mixin.py:190} INFO - [2024-09-08T06:48:40.019+0000] {dag.py:4156} INFO - Setting next_dagrun for example_python_decorator to None, run_after=None
[2024-09-08T06:48:40.034+0000] {processor.py:208} INFO - Processing /home/airflow/.local/lib/python3.12/site-packages/airflow/example_dags/example_python_decorator.py took 0.058 seconds
[2024-09-08T06:49:10.511+0000] {processor.py:186} INFO - Started process (PID=1264) to work on /home/airflow/.local/lib/python3.12/site-packages/airflow/example_dags/example_python_decorator.py
[2024-09-08T06:49:10.513+0000] {processor.py:914} INFO - Processing file /home/airflow/.local/lib/python3.12/site-packages/airflow/example_dags/example_python_decorator.py for tasks to queue
[2024-09-08T06:49:10.515+0000] {logging_mixin.py:190} INFO - [2024-09-08T06:49:10.514+0000] {dagbag.py:587} INFO - Filling up the DagBag from /home/airflow/.local/lib/python3.12/site-packages/airflow/example_dags/example_python_decorator.py
[2024-09-08T06:49:10.523+0000] {processor.py:925} INFO - DAG(s) 'example_python_decorator' retrieved from /home/airflow/.local/lib/python3.12/site-packages/airflow/example_dags/example_python_decorator.py
[2024-09-08T06:49:10.541+0000] {logging_mixin.py:190} INFO - [2024-09-08T06:49:10.541+0000] {dag.py:3229} INFO - Sync 1 DAGs
[2024-09-08T06:49:10.552+0000] {logging_mixin.py:190} INFO - [2024-09-08T06:49:10.552+0000] {dag.py:4156} INFO - Setting next_dagrun for example_python_decorator to None, run_after=None
[2024-09-08T06:49:10.565+0000] {processor.py:208} INFO - Processing /home/airflow/.local/lib/python3.12/site-packages/airflow/example_dags/example_python_decorator.py took 0.058 seconds
[2024-09-08T06:49:41.173+0000] {processor.py:186} INFO - Started process (PID=1326) to work on /home/airflow/.local/lib/python3.12/site-packages/airflow/example_dags/example_python_decorator.py
[2024-09-08T06:49:41.175+0000] {processor.py:914} INFO - Processing file /home/airflow/.local/lib/python3.12/site-packages/airflow/example_dags/example_python_decorator.py for tasks to queue
[2024-09-08T06:49:41.176+0000] {logging_mixin.py:190} INFO - [2024-09-08T06:49:41.176+0000] {dagbag.py:587} INFO - Filling up the DagBag from /home/airflow/.local/lib/python3.12/site-packages/airflow/example_dags/example_python_decorator.py
[2024-09-08T06:49:41.183+0000] {processor.py:925} INFO - DAG(s) 'example_python_decorator' retrieved from /home/airflow/.local/lib/python3.12/site-packages/airflow/example_dags/example_python_decorator.py
[2024-09-08T06:49:41.198+0000] {logging_mixin.py:190} INFO - [2024-09-08T06:49:41.198+0000] {dag.py:3229} INFO - Sync 1 DAGs
[2024-09-08T06:49:41.208+0000] {logging_mixin.py:190} INFO - [2024-09-08T06:49:41.208+0000] {dag.py:4156} INFO - Setting next_dagrun for example_python_decorator to None, run_after=None
[2024-09-08T06:49:41.220+0000] {processor.py:208} INFO - Processing /home/airflow/.local/lib/python3.12/site-packages/airflow/example_dags/example_python_decorator.py took 0.050 seconds
[2024-09-08T06:50:11.720+0000] {processor.py:186} INFO - Started process (PID=1388) to work on /home/airflow/.local/lib/python3.12/site-packages/airflow/example_dags/example_python_decorator.py
[2024-09-08T06:50:11.723+0000] {processor.py:914} INFO - Processing file /home/airflow/.local/lib/python3.12/site-packages/airflow/example_dags/example_python_decorator.py for tasks to queue
[2024-09-08T06:50:11.724+0000] {logging_mixin.py:190} INFO - [2024-09-08T06:50:11.723+0000] {dagbag.py:587} INFO - Filling up the DagBag from /home/airflow/.local/lib/python3.12/site-packages/airflow/example_dags/example_python_decorator.py
[2024-09-08T06:50:11.730+0000] {processor.py:925} INFO - DAG(s) 'example_python_decorator' retrieved from /home/airflow/.local/lib/python3.12/site-packages/airflow/example_dags/example_python_decorator.py
[2024-09-08T06:50:11.744+0000] {logging_mixin.py:190} INFO - [2024-09-08T06:50:11.744+0000] {dag.py:3229} INFO - Sync 1 DAGs
[2024-09-08T06:50:11.751+0000] {logging_mixin.py:190} INFO - [2024-09-08T06:50:11.751+0000] {dag.py:4156} INFO - Setting next_dagrun for example_python_decorator to None, run_after=None
[2024-09-08T06:50:11.761+0000] {processor.py:208} INFO - Processing /home/airflow/.local/lib/python3.12/site-packages/airflow/example_dags/example_python_decorator.py took 0.045 seconds
[2024-09-08T06:50:42.243+0000] {processor.py:186} INFO - Started process (PID=1450) to work on /home/airflow/.local/lib/python3.12/site-packages/airflow/example_dags/example_python_decorator.py
[2024-09-08T06:50:42.244+0000] {processor.py:914} INFO - Processing file /home/airflow/.local/lib/python3.12/site-packages/airflow/example_dags/example_python_decorator.py for tasks to queue
[2024-09-08T06:50:42.246+0000] {logging_mixin.py:190} INFO - [2024-09-08T06:50:42.245+0000] {dagbag.py:587} INFO - Filling up the DagBag from /home/airflow/.local/lib/python3.12/site-packages/airflow/example_dags/example_python_decorator.py
[2024-09-08T06:50:42.255+0000] {processor.py:925} INFO - DAG(s) 'example_python_decorator' retrieved from /home/airflow/.local/lib/python3.12/site-packages/airflow/example_dags/example_python_decorator.py
[2024-09-08T06:50:42.269+0000] {logging_mixin.py:190} INFO - [2024-09-08T06:50:42.269+0000] {dag.py:3229} INFO - Sync 1 DAGs
[2024-09-08T06:50:42.276+0000] {logging_mixin.py:190} INFO - [2024-09-08T06:50:42.276+0000] {dag.py:4156} INFO - Setting next_dagrun for example_python_decorator to None, run_after=None
[2024-09-08T06:50:42.286+0000] {processor.py:208} INFO - Processing /home/airflow/.local/lib/python3.12/site-packages/airflow/example_dags/example_python_decorator.py took 0.047 seconds
[2024-09-08T06:51:12.812+0000] {processor.py:186} INFO - Started process (PID=1512) to work on /home/airflow/.local/lib/python3.12/site-packages/airflow/example_dags/example_python_decorator.py
[2024-09-08T06:51:12.814+0000] {processor.py:914} INFO - Processing file /home/airflow/.local/lib/python3.12/site-packages/airflow/example_dags/example_python_decorator.py for tasks to queue
[2024-09-08T06:51:12.815+0000] {logging_mixin.py:190} INFO - [2024-09-08T06:51:12.815+0000] {dagbag.py:587} INFO - Filling up the DagBag from /home/airflow/.local/lib/python3.12/site-packages/airflow/example_dags/example_python_decorator.py
[2024-09-08T06:51:12.822+0000] {processor.py:925} INFO - DAG(s) 'example_python_decorator' retrieved from /home/airflow/.local/lib/python3.12/site-packages/airflow/example_dags/example_python_decorator.py
[2024-09-08T06:51:12.838+0000] {logging_mixin.py:190} INFO - [2024-09-08T06:51:12.838+0000] {dag.py:3229} INFO - Sync 1 DAGs
[2024-09-08T06:51:12.849+0000] {logging_mixin.py:190} INFO - [2024-09-08T06:51:12.848+0000] {dag.py:4156} INFO - Setting next_dagrun for example_python_decorator to None, run_after=None
[2024-09-08T06:51:12.860+0000] {processor.py:208} INFO - Processing /home/airflow/.local/lib/python3.12/site-packages/airflow/example_dags/example_python_decorator.py took 0.051 seconds
[2024-09-08T06:51:43.216+0000] {processor.py:186} INFO - Started process (PID=1574) to work on /home/airflow/.local/lib/python3.12/site-packages/airflow/example_dags/example_python_decorator.py
[2024-09-08T06:51:43.219+0000] {processor.py:914} INFO - Processing file /home/airflow/.local/lib/python3.12/site-packages/airflow/example_dags/example_python_decorator.py for tasks to queue
[2024-09-08T06:51:43.221+0000] {logging_mixin.py:190} INFO - [2024-09-08T06:51:43.220+0000] {dagbag.py:587} INFO - Filling up the DagBag from /home/airflow/.local/lib/python3.12/site-packages/airflow/example_dags/example_python_decorator.py
[2024-09-08T06:51:43.231+0000] {processor.py:925} INFO - DAG(s) 'example_python_decorator' retrieved from /home/airflow/.local/lib/python3.12/site-packages/airflow/example_dags/example_python_decorator.py
[2024-09-08T06:51:43.247+0000] {logging_mixin.py:190} INFO - [2024-09-08T06:51:43.247+0000] {dag.py:3229} INFO - Sync 1 DAGs
[2024-09-08T06:51:43.257+0000] {logging_mixin.py:190} INFO - [2024-09-08T06:51:43.257+0000] {dag.py:4156} INFO - Setting next_dagrun for example_python_decorator to None, run_after=None
[2024-09-08T06:51:43.270+0000] {processor.py:208} INFO - Processing /home/airflow/.local/lib/python3.12/site-packages/airflow/example_dags/example_python_decorator.py took 0.058 seconds
[2024-09-08T06:52:13.869+0000] {processor.py:186} INFO - Started process (PID=1636) to work on /home/airflow/.local/lib/python3.12/site-packages/airflow/example_dags/example_python_decorator.py
[2024-09-08T06:52:13.869+0000] {processor.py:914} INFO - Processing file /home/airflow/.local/lib/python3.12/site-packages/airflow/example_dags/example_python_decorator.py for tasks to queue
[2024-09-08T06:52:13.871+0000] {logging_mixin.py:190} INFO - [2024-09-08T06:52:13.870+0000] {dagbag.py:587} INFO - Filling up the DagBag from /home/airflow/.local/lib/python3.12/site-packages/airflow/example_dags/example_python_decorator.py
[2024-09-08T06:52:13.880+0000] {processor.py:925} INFO - DAG(s) 'example_python_decorator' retrieved from /home/airflow/.local/lib/python3.12/site-packages/airflow/example_dags/example_python_decorator.py
[2024-09-08T06:52:13.896+0000] {logging_mixin.py:190} INFO - [2024-09-08T06:52:13.896+0000] {dag.py:3229} INFO - Sync 1 DAGs
[2024-09-08T06:52:13.906+0000] {logging_mixin.py:190} INFO - [2024-09-08T06:52:13.906+0000] {dag.py:4156} INFO - Setting next_dagrun for example_python_decorator to None, run_after=None
[2024-09-08T06:52:13.919+0000] {processor.py:208} INFO - Processing /home/airflow/.local/lib/python3.12/site-packages/airflow/example_dags/example_python_decorator.py took 0.054 seconds
[2024-09-08T06:52:44.462+0000] {processor.py:186} INFO - Started process (PID=1704) to work on /home/airflow/.local/lib/python3.12/site-packages/airflow/example_dags/example_python_decorator.py
[2024-09-08T06:52:44.463+0000] {processor.py:914} INFO - Processing file /home/airflow/.local/lib/python3.12/site-packages/airflow/example_dags/example_python_decorator.py for tasks to queue
[2024-09-08T06:52:44.465+0000] {logging_mixin.py:190} INFO - [2024-09-08T06:52:44.464+0000] {dagbag.py:587} INFO - Filling up the DagBag from /home/airflow/.local/lib/python3.12/site-packages/airflow/example_dags/example_python_decorator.py
[2024-09-08T06:52:44.475+0000] {processor.py:925} INFO - DAG(s) 'example_python_decorator' retrieved from /home/airflow/.local/lib/python3.12/site-packages/airflow/example_dags/example_python_decorator.py
[2024-09-08T06:52:44.493+0000] {logging_mixin.py:190} INFO - [2024-09-08T06:52:44.493+0000] {dag.py:3229} INFO - Sync 1 DAGs
[2024-09-08T06:52:44.502+0000] {logging_mixin.py:190} INFO - [2024-09-08T06:52:44.502+0000] {dag.py:4156} INFO - Setting next_dagrun for example_python_decorator to None, run_after=None
[2024-09-08T06:52:44.514+0000] {processor.py:208} INFO - Processing /home/airflow/.local/lib/python3.12/site-packages/airflow/example_dags/example_python_decorator.py took 0.057 seconds
[2024-09-08T06:53:15.036+0000] {processor.py:186} INFO - Started process (PID=1766) to work on /home/airflow/.local/lib/python3.12/site-packages/airflow/example_dags/example_python_decorator.py
[2024-09-08T06:53:15.037+0000] {processor.py:914} INFO - Processing file /home/airflow/.local/lib/python3.12/site-packages/airflow/example_dags/example_python_decorator.py for tasks to queue
[2024-09-08T06:53:15.039+0000] {logging_mixin.py:190} INFO - [2024-09-08T06:53:15.038+0000] {dagbag.py:587} INFO - Filling up the DagBag from /home/airflow/.local/lib/python3.12/site-packages/airflow/example_dags/example_python_decorator.py
[2024-09-08T06:53:15.046+0000] {processor.py:925} INFO - DAG(s) 'example_python_decorator' retrieved from /home/airflow/.local/lib/python3.12/site-packages/airflow/example_dags/example_python_decorator.py
[2024-09-08T06:53:15.062+0000] {logging_mixin.py:190} INFO - [2024-09-08T06:53:15.062+0000] {dag.py:3229} INFO - Sync 1 DAGs
[2024-09-08T06:53:15.071+0000] {logging_mixin.py:190} INFO - [2024-09-08T06:53:15.070+0000] {dag.py:4156} INFO - Setting next_dagrun for example_python_decorator to None, run_after=None
[2024-09-08T06:53:15.083+0000] {processor.py:208} INFO - Processing /home/airflow/.local/lib/python3.12/site-packages/airflow/example_dags/example_python_decorator.py took 0.052 seconds
[2024-09-08T06:53:45.664+0000] {processor.py:186} INFO - Started process (PID=1828) to work on /home/airflow/.local/lib/python3.12/site-packages/airflow/example_dags/example_python_decorator.py
[2024-09-08T06:53:45.668+0000] {processor.py:914} INFO - Processing file /home/airflow/.local/lib/python3.12/site-packages/airflow/example_dags/example_python_decorator.py for tasks to queue
[2024-09-08T06:53:45.670+0000] {logging_mixin.py:190} INFO - [2024-09-08T06:53:45.669+0000] {dagbag.py:587} INFO - Filling up the DagBag from /home/airflow/.local/lib/python3.12/site-packages/airflow/example_dags/example_python_decorator.py
[2024-09-08T06:53:45.677+0000] {processor.py:925} INFO - DAG(s) 'example_python_decorator' retrieved from /home/airflow/.local/lib/python3.12/site-packages/airflow/example_dags/example_python_decorator.py
[2024-09-08T06:53:45.692+0000] {logging_mixin.py:190} INFO - [2024-09-08T06:53:45.692+0000] {dag.py:3229} INFO - Sync 1 DAGs
[2024-09-08T06:53:45.703+0000] {logging_mixin.py:190} INFO - [2024-09-08T06:53:45.703+0000] {dag.py:4156} INFO - Setting next_dagrun for example_python_decorator to None, run_after=None
[2024-09-08T06:53:45.715+0000] {processor.py:208} INFO - Processing /home/airflow/.local/lib/python3.12/site-packages/airflow/example_dags/example_python_decorator.py took 0.054 seconds
[2024-09-08T06:54:16.265+0000] {processor.py:186} INFO - Started process (PID=1890) to work on /home/airflow/.local/lib/python3.12/site-packages/airflow/example_dags/example_python_decorator.py
[2024-09-08T06:54:16.268+0000] {processor.py:914} INFO - Processing file /home/airflow/.local/lib/python3.12/site-packages/airflow/example_dags/example_python_decorator.py for tasks to queue
[2024-09-08T06:54:16.269+0000] {logging_mixin.py:190} INFO - [2024-09-08T06:54:16.269+0000] {dagbag.py:587} INFO - Filling up the DagBag from /home/airflow/.local/lib/python3.12/site-packages/airflow/example_dags/example_python_decorator.py
[2024-09-08T06:54:16.276+0000] {processor.py:925} INFO - DAG(s) 'example_python_decorator' retrieved from /home/airflow/.local/lib/python3.12/site-packages/airflow/example_dags/example_python_decorator.py
[2024-09-08T06:54:16.291+0000] {logging_mixin.py:190} INFO - [2024-09-08T06:54:16.291+0000] {dag.py:3229} INFO - Sync 1 DAGs
[2024-09-08T06:54:16.302+0000] {logging_mixin.py:190} INFO - [2024-09-08T06:54:16.301+0000] {dag.py:4156} INFO - Setting next_dagrun for example_python_decorator to None, run_after=None
[2024-09-08T06:54:16.315+0000] {processor.py:208} INFO - Processing /home/airflow/.local/lib/python3.12/site-packages/airflow/example_dags/example_python_decorator.py took 0.054 seconds
[2024-09-08T06:54:46.897+0000] {processor.py:186} INFO - Started process (PID=1952) to work on /home/airflow/.local/lib/python3.12/site-packages/airflow/example_dags/example_python_decorator.py
[2024-09-08T06:54:46.898+0000] {processor.py:914} INFO - Processing file /home/airflow/.local/lib/python3.12/site-packages/airflow/example_dags/example_python_decorator.py for tasks to queue
[2024-09-08T06:54:46.899+0000] {logging_mixin.py:190} INFO - [2024-09-08T06:54:46.899+0000] {dagbag.py:587} INFO - Filling up the DagBag from /home/airflow/.local/lib/python3.12/site-packages/airflow/example_dags/example_python_decorator.py
[2024-09-08T06:54:46.906+0000] {processor.py:925} INFO - DAG(s) 'example_python_decorator' retrieved from /home/airflow/.local/lib/python3.12/site-packages/airflow/example_dags/example_python_decorator.py
[2024-09-08T06:54:46.921+0000] {logging_mixin.py:190} INFO - [2024-09-08T06:54:46.921+0000] {dag.py:3229} INFO - Sync 1 DAGs
[2024-09-08T06:54:46.932+0000] {logging_mixin.py:190} INFO - [2024-09-08T06:54:46.932+0000] {dag.py:4156} INFO - Setting next_dagrun for example_python_decorator to None, run_after=None
[2024-09-08T06:54:46.945+0000] {processor.py:208} INFO - Processing /home/airflow/.local/lib/python3.12/site-packages/airflow/example_dags/example_python_decorator.py took 0.051 seconds
[2024-09-08T06:55:17.235+0000] {processor.py:186} INFO - Started process (PID=2014) to work on /home/airflow/.local/lib/python3.12/site-packages/airflow/example_dags/example_python_decorator.py
[2024-09-08T06:55:17.235+0000] {processor.py:914} INFO - Processing file /home/airflow/.local/lib/python3.12/site-packages/airflow/example_dags/example_python_decorator.py for tasks to queue
[2024-09-08T06:55:17.236+0000] {logging_mixin.py:190} INFO - [2024-09-08T06:55:17.236+0000] {dagbag.py:587} INFO - Filling up the DagBag from /home/airflow/.local/lib/python3.12/site-packages/airflow/example_dags/example_python_decorator.py
[2024-09-08T06:55:17.243+0000] {processor.py:925} INFO - DAG(s) 'example_python_decorator' retrieved from /home/airflow/.local/lib/python3.12/site-packages/airflow/example_dags/example_python_decorator.py
[2024-09-08T06:55:17.259+0000] {logging_mixin.py:190} INFO - [2024-09-08T06:55:17.258+0000] {dag.py:3229} INFO - Sync 1 DAGs
[2024-09-08T06:55:17.269+0000] {logging_mixin.py:190} INFO - [2024-09-08T06:55:17.269+0000] {dag.py:4156} INFO - Setting next_dagrun for example_python_decorator to None, run_after=None
[2024-09-08T06:55:17.282+0000] {processor.py:208} INFO - Processing /home/airflow/.local/lib/python3.12/site-packages/airflow/example_dags/example_python_decorator.py took 0.051 seconds
[2024-09-08T06:55:47.836+0000] {processor.py:186} INFO - Started process (PID=2076) to work on /home/airflow/.local/lib/python3.12/site-packages/airflow/example_dags/example_python_decorator.py
[2024-09-08T06:55:47.838+0000] {processor.py:914} INFO - Processing file /home/airflow/.local/lib/python3.12/site-packages/airflow/example_dags/example_python_decorator.py for tasks to queue
[2024-09-08T06:55:47.839+0000] {logging_mixin.py:190} INFO - [2024-09-08T06:55:47.839+0000] {dagbag.py:587} INFO - Filling up the DagBag from /home/airflow/.local/lib/python3.12/site-packages/airflow/example_dags/example_python_decorator.py
[2024-09-08T06:55:47.846+0000] {processor.py:925} INFO - DAG(s) 'example_python_decorator' retrieved from /home/airflow/.local/lib/python3.12/site-packages/airflow/example_dags/example_python_decorator.py
[2024-09-08T06:55:47.862+0000] {logging_mixin.py:190} INFO - [2024-09-08T06:55:47.862+0000] {dag.py:3229} INFO - Sync 1 DAGs
[2024-09-08T06:55:47.872+0000] {logging_mixin.py:190} INFO - [2024-09-08T06:55:47.872+0000] {dag.py:4156} INFO - Setting next_dagrun for example_python_decorator to None, run_after=None
[2024-09-08T06:55:47.885+0000] {processor.py:208} INFO - Processing /home/airflow/.local/lib/python3.12/site-packages/airflow/example_dags/example_python_decorator.py took 0.052 seconds
[2024-09-08T06:56:18.436+0000] {processor.py:186} INFO - Started process (PID=2138) to work on /home/airflow/.local/lib/python3.12/site-packages/airflow/example_dags/example_python_decorator.py
[2024-09-08T06:56:18.437+0000] {processor.py:914} INFO - Processing file /home/airflow/.local/lib/python3.12/site-packages/airflow/example_dags/example_python_decorator.py for tasks to queue
[2024-09-08T06:56:18.438+0000] {logging_mixin.py:190} INFO - [2024-09-08T06:56:18.438+0000] {dagbag.py:587} INFO - Filling up the DagBag from /home/airflow/.local/lib/python3.12/site-packages/airflow/example_dags/example_python_decorator.py
[2024-09-08T06:56:18.448+0000] {processor.py:925} INFO - DAG(s) 'example_python_decorator' retrieved from /home/airflow/.local/lib/python3.12/site-packages/airflow/example_dags/example_python_decorator.py
[2024-09-08T06:56:18.465+0000] {logging_mixin.py:190} INFO - [2024-09-08T06:56:18.464+0000] {dag.py:3229} INFO - Sync 1 DAGs
[2024-09-08T06:56:18.475+0000] {logging_mixin.py:190} INFO - [2024-09-08T06:56:18.475+0000] {dag.py:4156} INFO - Setting next_dagrun for example_python_decorator to None, run_after=None
[2024-09-08T06:56:18.488+0000] {processor.py:208} INFO - Processing /home/airflow/.local/lib/python3.12/site-packages/airflow/example_dags/example_python_decorator.py took 0.056 seconds
[2024-09-08T06:56:49.027+0000] {processor.py:186} INFO - Started process (PID=2200) to work on /home/airflow/.local/lib/python3.12/site-packages/airflow/example_dags/example_python_decorator.py
[2024-09-08T06:56:49.029+0000] {processor.py:914} INFO - Processing file /home/airflow/.local/lib/python3.12/site-packages/airflow/example_dags/example_python_decorator.py for tasks to queue
[2024-09-08T06:56:49.031+0000] {logging_mixin.py:190} INFO - [2024-09-08T06:56:49.031+0000] {dagbag.py:587} INFO - Filling up the DagBag from /home/airflow/.local/lib/python3.12/site-packages/airflow/example_dags/example_python_decorator.py
[2024-09-08T06:56:49.041+0000] {processor.py:925} INFO - DAG(s) 'example_python_decorator' retrieved from /home/airflow/.local/lib/python3.12/site-packages/airflow/example_dags/example_python_decorator.py
[2024-09-08T06:56:49.056+0000] {logging_mixin.py:190} INFO - [2024-09-08T06:56:49.056+0000] {dag.py:3229} INFO - Sync 1 DAGs
[2024-09-08T06:56:49.066+0000] {logging_mixin.py:190} INFO - [2024-09-08T06:56:49.066+0000] {dag.py:4156} INFO - Setting next_dagrun for example_python_decorator to None, run_after=None
[2024-09-08T06:56:49.078+0000] {processor.py:208} INFO - Processing /home/airflow/.local/lib/python3.12/site-packages/airflow/example_dags/example_python_decorator.py took 0.055 seconds
[2024-09-08T06:57:19.741+0000] {processor.py:186} INFO - Started process (PID=2262) to work on /home/airflow/.local/lib/python3.12/site-packages/airflow/example_dags/example_python_decorator.py
[2024-09-08T06:57:19.743+0000] {processor.py:914} INFO - Processing file /home/airflow/.local/lib/python3.12/site-packages/airflow/example_dags/example_python_decorator.py for tasks to queue
[2024-09-08T06:57:19.745+0000] {logging_mixin.py:190} INFO - [2024-09-08T06:57:19.745+0000] {dagbag.py:587} INFO - Filling up the DagBag from /home/airflow/.local/lib/python3.12/site-packages/airflow/example_dags/example_python_decorator.py
[2024-09-08T06:57:19.753+0000] {processor.py:925} INFO - DAG(s) 'example_python_decorator' retrieved from /home/airflow/.local/lib/python3.12/site-packages/airflow/example_dags/example_python_decorator.py
[2024-09-08T06:57:19.772+0000] {logging_mixin.py:190} INFO - [2024-09-08T06:57:19.772+0000] {dag.py:3229} INFO - Sync 1 DAGs
[2024-09-08T06:57:19.783+0000] {logging_mixin.py:190} INFO - [2024-09-08T06:57:19.783+0000] {dag.py:4156} INFO - Setting next_dagrun for example_python_decorator to None, run_after=None
[2024-09-08T06:57:19.794+0000] {processor.py:208} INFO - Processing /home/airflow/.local/lib/python3.12/site-packages/airflow/example_dags/example_python_decorator.py took 0.058 seconds
[2024-09-08T06:57:50.458+0000] {processor.py:186} INFO - Started process (PID=2324) to work on /home/airflow/.local/lib/python3.12/site-packages/airflow/example_dags/example_python_decorator.py
[2024-09-08T06:57:50.461+0000] {processor.py:914} INFO - Processing file /home/airflow/.local/lib/python3.12/site-packages/airflow/example_dags/example_python_decorator.py for tasks to queue
[2024-09-08T06:57:50.462+0000] {logging_mixin.py:190} INFO - [2024-09-08T06:57:50.462+0000] {dagbag.py:587} INFO - Filling up the DagBag from /home/airflow/.local/lib/python3.12/site-packages/airflow/example_dags/example_python_decorator.py
[2024-09-08T06:57:50.469+0000] {processor.py:925} INFO - DAG(s) 'example_python_decorator' retrieved from /home/airflow/.local/lib/python3.12/site-packages/airflow/example_dags/example_python_decorator.py
[2024-09-08T06:57:50.482+0000] {logging_mixin.py:190} INFO - [2024-09-08T06:57:50.482+0000] {dag.py:3229} INFO - Sync 1 DAGs
[2024-09-08T06:57:50.490+0000] {logging_mixin.py:190} INFO - [2024-09-08T06:57:50.489+0000] {dag.py:4156} INFO - Setting next_dagrun for example_python_decorator to None, run_after=None
[2024-09-08T06:57:50.501+0000] {processor.py:208} INFO - Processing /home/airflow/.local/lib/python3.12/site-packages/airflow/example_dags/example_python_decorator.py took 0.047 seconds
[2024-09-08T06:58:21.368+0000] {processor.py:186} INFO - Started process (PID=2386) to work on /home/airflow/.local/lib/python3.12/site-packages/airflow/example_dags/example_python_decorator.py
[2024-09-08T06:58:21.371+0000] {processor.py:914} INFO - Processing file /home/airflow/.local/lib/python3.12/site-packages/airflow/example_dags/example_python_decorator.py for tasks to queue
[2024-09-08T06:58:21.373+0000] {logging_mixin.py:190} INFO - [2024-09-08T06:58:21.372+0000] {dagbag.py:587} INFO - Filling up the DagBag from /home/airflow/.local/lib/python3.12/site-packages/airflow/example_dags/example_python_decorator.py
[2024-09-08T06:58:21.379+0000] {processor.py:925} INFO - DAG(s) 'example_python_decorator' retrieved from /home/airflow/.local/lib/python3.12/site-packages/airflow/example_dags/example_python_decorator.py
[2024-09-08T06:58:21.393+0000] {logging_mixin.py:190} INFO - [2024-09-08T06:58:21.393+0000] {dag.py:3229} INFO - Sync 1 DAGs
[2024-09-08T06:58:21.403+0000] {logging_mixin.py:190} INFO - [2024-09-08T06:58:21.403+0000] {dag.py:4156} INFO - Setting next_dagrun for example_python_decorator to None, run_after=None
[2024-09-08T06:58:21.415+0000] {processor.py:208} INFO - Processing /home/airflow/.local/lib/python3.12/site-packages/airflow/example_dags/example_python_decorator.py took 0.051 seconds
[2024-09-08T06:58:51.985+0000] {processor.py:186} INFO - Started process (PID=2448) to work on /home/airflow/.local/lib/python3.12/site-packages/airflow/example_dags/example_python_decorator.py
[2024-09-08T06:58:51.988+0000] {processor.py:914} INFO - Processing file /home/airflow/.local/lib/python3.12/site-packages/airflow/example_dags/example_python_decorator.py for tasks to queue
[2024-09-08T06:58:51.990+0000] {logging_mixin.py:190} INFO - [2024-09-08T06:58:51.990+0000] {dagbag.py:587} INFO - Filling up the DagBag from /home/airflow/.local/lib/python3.12/site-packages/airflow/example_dags/example_python_decorator.py
[2024-09-08T06:58:52.000+0000] {processor.py:925} INFO - DAG(s) 'example_python_decorator' retrieved from /home/airflow/.local/lib/python3.12/site-packages/airflow/example_dags/example_python_decorator.py
[2024-09-08T06:58:52.014+0000] {logging_mixin.py:190} INFO - [2024-09-08T06:58:52.014+0000] {dag.py:3229} INFO - Sync 1 DAGs
[2024-09-08T06:58:52.021+0000] {logging_mixin.py:190} INFO - [2024-09-08T06:58:52.021+0000] {dag.py:4156} INFO - Setting next_dagrun for example_python_decorator to None, run_after=None
[2024-09-08T06:58:52.032+0000] {processor.py:208} INFO - Processing /home/airflow/.local/lib/python3.12/site-packages/airflow/example_dags/example_python_decorator.py took 0.051 seconds
[2024-09-08T06:59:22.734+0000] {processor.py:186} INFO - Started process (PID=2510) to work on /home/airflow/.local/lib/python3.12/site-packages/airflow/example_dags/example_python_decorator.py
[2024-09-08T06:59:22.734+0000] {processor.py:914} INFO - Processing file /home/airflow/.local/lib/python3.12/site-packages/airflow/example_dags/example_python_decorator.py for tasks to queue
[2024-09-08T06:59:22.735+0000] {logging_mixin.py:190} INFO - [2024-09-08T06:59:22.735+0000] {dagbag.py:587} INFO - Filling up the DagBag from /home/airflow/.local/lib/python3.12/site-packages/airflow/example_dags/example_python_decorator.py
[2024-09-08T06:59:22.743+0000] {processor.py:925} INFO - DAG(s) 'example_python_decorator' retrieved from /home/airflow/.local/lib/python3.12/site-packages/airflow/example_dags/example_python_decorator.py
[2024-09-08T06:59:22.758+0000] {logging_mixin.py:190} INFO - [2024-09-08T06:59:22.758+0000] {dag.py:3229} INFO - Sync 1 DAGs
[2024-09-08T06:59:22.767+0000] {logging_mixin.py:190} INFO - [2024-09-08T06:59:22.767+0000] {dag.py:4156} INFO - Setting next_dagrun for example_python_decorator to None, run_after=None
[2024-09-08T06:59:22.780+0000] {processor.py:208} INFO - Processing /home/airflow/.local/lib/python3.12/site-packages/airflow/example_dags/example_python_decorator.py took 0.049 seconds
[2024-09-08T06:59:53.501+0000] {processor.py:186} INFO - Started process (PID=2572) to work on /home/airflow/.local/lib/python3.12/site-packages/airflow/example_dags/example_python_decorator.py
[2024-09-08T06:59:53.504+0000] {processor.py:914} INFO - Processing file /home/airflow/.local/lib/python3.12/site-packages/airflow/example_dags/example_python_decorator.py for tasks to queue
[2024-09-08T06:59:53.506+0000] {logging_mixin.py:190} INFO - [2024-09-08T06:59:53.506+0000] {dagbag.py:587} INFO - Filling up the DagBag from /home/airflow/.local/lib/python3.12/site-packages/airflow/example_dags/example_python_decorator.py
[2024-09-08T06:59:53.514+0000] {processor.py:925} INFO - DAG(s) 'example_python_decorator' retrieved from /home/airflow/.local/lib/python3.12/site-packages/airflow/example_dags/example_python_decorator.py
[2024-09-08T06:59:53.531+0000] {logging_mixin.py:190} INFO - [2024-09-08T06:59:53.531+0000] {dag.py:3229} INFO - Sync 1 DAGs
[2024-09-08T06:59:53.542+0000] {logging_mixin.py:190} INFO - [2024-09-08T06:59:53.542+0000] {dag.py:4156} INFO - Setting next_dagrun for example_python_decorator to None, run_after=None
[2024-09-08T06:59:53.555+0000] {processor.py:208} INFO - Processing /home/airflow/.local/lib/python3.12/site-packages/airflow/example_dags/example_python_decorator.py took 0.057 seconds
[2024-09-08T07:00:24.115+0000] {processor.py:186} INFO - Started process (PID=2634) to work on /home/airflow/.local/lib/python3.12/site-packages/airflow/example_dags/example_python_decorator.py
[2024-09-08T07:00:24.117+0000] {processor.py:914} INFO - Processing file /home/airflow/.local/lib/python3.12/site-packages/airflow/example_dags/example_python_decorator.py for tasks to queue
[2024-09-08T07:00:24.119+0000] {logging_mixin.py:190} INFO - [2024-09-08T07:00:24.118+0000] {dagbag.py:587} INFO - Filling up the DagBag from /home/airflow/.local/lib/python3.12/site-packages/airflow/example_dags/example_python_decorator.py
[2024-09-08T07:00:24.128+0000] {processor.py:925} INFO - DAG(s) 'example_python_decorator' retrieved from /home/airflow/.local/lib/python3.12/site-packages/airflow/example_dags/example_python_decorator.py
[2024-09-08T07:00:24.145+0000] {logging_mixin.py:190} INFO - [2024-09-08T07:00:24.145+0000] {dag.py:3229} INFO - Sync 1 DAGs
[2024-09-08T07:00:24.153+0000] {logging_mixin.py:190} INFO - [2024-09-08T07:00:24.153+0000] {dag.py:4156} INFO - Setting next_dagrun for example_python_decorator to None, run_after=None
[2024-09-08T07:00:24.166+0000] {processor.py:208} INFO - Processing /home/airflow/.local/lib/python3.12/site-packages/airflow/example_dags/example_python_decorator.py took 0.055 seconds
[2024-09-08T07:00:54.827+0000] {processor.py:186} INFO - Started process (PID=2696) to work on /home/airflow/.local/lib/python3.12/site-packages/airflow/example_dags/example_python_decorator.py
[2024-09-08T07:00:54.831+0000] {processor.py:914} INFO - Processing file /home/airflow/.local/lib/python3.12/site-packages/airflow/example_dags/example_python_decorator.py for tasks to queue
[2024-09-08T07:00:54.833+0000] {logging_mixin.py:190} INFO - [2024-09-08T07:00:54.833+0000] {dagbag.py:587} INFO - Filling up the DagBag from /home/airflow/.local/lib/python3.12/site-packages/airflow/example_dags/example_python_decorator.py
[2024-09-08T07:00:54.840+0000] {processor.py:925} INFO - DAG(s) 'example_python_decorator' retrieved from /home/airflow/.local/lib/python3.12/site-packages/airflow/example_dags/example_python_decorator.py
[2024-09-08T07:00:54.857+0000] {logging_mixin.py:190} INFO - [2024-09-08T07:00:54.857+0000] {dag.py:3229} INFO - Sync 1 DAGs
[2024-09-08T07:00:54.866+0000] {logging_mixin.py:190} INFO - [2024-09-08T07:00:54.866+0000] {dag.py:4156} INFO - Setting next_dagrun for example_python_decorator to None, run_after=None
[2024-09-08T07:00:54.879+0000] {processor.py:208} INFO - Processing /home/airflow/.local/lib/python3.12/site-packages/airflow/example_dags/example_python_decorator.py took 0.054 seconds
[2024-09-08T07:01:25.892+0000] {processor.py:186} INFO - Started process (PID=2758) to work on /home/airflow/.local/lib/python3.12/site-packages/airflow/example_dags/example_python_decorator.py
[2024-09-08T07:01:25.892+0000] {processor.py:914} INFO - Processing file /home/airflow/.local/lib/python3.12/site-packages/airflow/example_dags/example_python_decorator.py for tasks to queue
[2024-09-08T07:01:25.894+0000] {logging_mixin.py:190} INFO - [2024-09-08T07:01:25.894+0000] {dagbag.py:587} INFO - Filling up the DagBag from /home/airflow/.local/lib/python3.12/site-packages/airflow/example_dags/example_python_decorator.py
[2024-09-08T07:01:25.902+0000] {processor.py:925} INFO - DAG(s) 'example_python_decorator' retrieved from /home/airflow/.local/lib/python3.12/site-packages/airflow/example_dags/example_python_decorator.py
[2024-09-08T07:01:25.915+0000] {logging_mixin.py:190} INFO - [2024-09-08T07:01:25.914+0000] {dag.py:3229} INFO - Sync 1 DAGs
[2024-09-08T07:01:25.922+0000] {logging_mixin.py:190} INFO - [2024-09-08T07:01:25.922+0000] {dag.py:4156} INFO - Setting next_dagrun for example_python_decorator to None, run_after=None
[2024-09-08T07:01:25.932+0000] {processor.py:208} INFO - Processing /home/airflow/.local/lib/python3.12/site-packages/airflow/example_dags/example_python_decorator.py took 0.045 seconds
[2024-09-08T07:01:56.729+0000] {processor.py:186} INFO - Started process (PID=2820) to work on /home/airflow/.local/lib/python3.12/site-packages/airflow/example_dags/example_python_decorator.py
[2024-09-08T07:01:56.731+0000] {processor.py:914} INFO - Processing file /home/airflow/.local/lib/python3.12/site-packages/airflow/example_dags/example_python_decorator.py for tasks to queue
[2024-09-08T07:01:56.733+0000] {logging_mixin.py:190} INFO - [2024-09-08T07:01:56.732+0000] {dagbag.py:587} INFO - Filling up the DagBag from /home/airflow/.local/lib/python3.12/site-packages/airflow/example_dags/example_python_decorator.py
[2024-09-08T07:01:56.743+0000] {processor.py:925} INFO - DAG(s) 'example_python_decorator' retrieved from /home/airflow/.local/lib/python3.12/site-packages/airflow/example_dags/example_python_decorator.py
[2024-09-08T07:01:56.760+0000] {logging_mixin.py:190} INFO - [2024-09-08T07:01:56.760+0000] {dag.py:3229} INFO - Sync 1 DAGs
[2024-09-08T07:01:56.771+0000] {logging_mixin.py:190} INFO - [2024-09-08T07:01:56.771+0000] {dag.py:4156} INFO - Setting next_dagrun for example_python_decorator to None, run_after=None
[2024-09-08T07:01:56.785+0000] {processor.py:208} INFO - Processing /home/airflow/.local/lib/python3.12/site-packages/airflow/example_dags/example_python_decorator.py took 0.060 seconds
[2024-09-08T07:02:27.720+0000] {processor.py:186} INFO - Started process (PID=2882) to work on /home/airflow/.local/lib/python3.12/site-packages/airflow/example_dags/example_python_decorator.py
[2024-09-08T07:02:27.722+0000] {processor.py:914} INFO - Processing file /home/airflow/.local/lib/python3.12/site-packages/airflow/example_dags/example_python_decorator.py for tasks to queue
[2024-09-08T07:02:27.723+0000] {logging_mixin.py:190} INFO - [2024-09-08T07:02:27.723+0000] {dagbag.py:587} INFO - Filling up the DagBag from /home/airflow/.local/lib/python3.12/site-packages/airflow/example_dags/example_python_decorator.py
[2024-09-08T07:02:27.733+0000] {processor.py:925} INFO - DAG(s) 'example_python_decorator' retrieved from /home/airflow/.local/lib/python3.12/site-packages/airflow/example_dags/example_python_decorator.py
[2024-09-08T07:02:27.746+0000] {logging_mixin.py:190} INFO - [2024-09-08T07:02:27.746+0000] {dag.py:3229} INFO - Sync 1 DAGs
[2024-09-08T07:02:27.754+0000] {logging_mixin.py:190} INFO - [2024-09-08T07:02:27.753+0000] {dag.py:4156} INFO - Setting next_dagrun for example_python_decorator to None, run_after=None
[2024-09-08T07:02:27.764+0000] {processor.py:208} INFO - Processing /home/airflow/.local/lib/python3.12/site-packages/airflow/example_dags/example_python_decorator.py took 0.048 seconds
[2024-09-08T07:02:58.216+0000] {processor.py:186} INFO - Started process (PID=2944) to work on /home/airflow/.local/lib/python3.12/site-packages/airflow/example_dags/example_python_decorator.py
[2024-09-08T07:02:58.217+0000] {processor.py:914} INFO - Processing file /home/airflow/.local/lib/python3.12/site-packages/airflow/example_dags/example_python_decorator.py for tasks to queue
[2024-09-08T07:02:58.218+0000] {logging_mixin.py:190} INFO - [2024-09-08T07:02:58.218+0000] {dagbag.py:587} INFO - Filling up the DagBag from /home/airflow/.local/lib/python3.12/site-packages/airflow/example_dags/example_python_decorator.py
[2024-09-08T07:02:58.225+0000] {processor.py:925} INFO - DAG(s) 'example_python_decorator' retrieved from /home/airflow/.local/lib/python3.12/site-packages/airflow/example_dags/example_python_decorator.py
[2024-09-08T07:02:58.240+0000] {logging_mixin.py:190} INFO - [2024-09-08T07:02:58.240+0000] {dag.py:3229} INFO - Sync 1 DAGs
[2024-09-08T07:02:58.251+0000] {logging_mixin.py:190} INFO - [2024-09-08T07:02:58.251+0000] {dag.py:4156} INFO - Setting next_dagrun for example_python_decorator to None, run_after=None
[2024-09-08T07:02:58.264+0000] {processor.py:208} INFO - Processing /home/airflow/.local/lib/python3.12/site-packages/airflow/example_dags/example_python_decorator.py took 0.051 seconds
[2024-09-08T07:03:28.892+0000] {processor.py:186} INFO - Started process (PID=3006) to work on /home/airflow/.local/lib/python3.12/site-packages/airflow/example_dags/example_python_decorator.py
[2024-09-08T07:03:28.892+0000] {processor.py:914} INFO - Processing file /home/airflow/.local/lib/python3.12/site-packages/airflow/example_dags/example_python_decorator.py for tasks to queue
[2024-09-08T07:03:28.894+0000] {logging_mixin.py:190} INFO - [2024-09-08T07:03:28.894+0000] {dagbag.py:587} INFO - Filling up the DagBag from /home/airflow/.local/lib/python3.12/site-packages/airflow/example_dags/example_python_decorator.py
[2024-09-08T07:03:28.903+0000] {processor.py:925} INFO - DAG(s) 'example_python_decorator' retrieved from /home/airflow/.local/lib/python3.12/site-packages/airflow/example_dags/example_python_decorator.py
[2024-09-08T07:03:28.918+0000] {logging_mixin.py:190} INFO - [2024-09-08T07:03:28.918+0000] {dag.py:3229} INFO - Sync 1 DAGs
[2024-09-08T07:03:28.925+0000] {logging_mixin.py:190} INFO - [2024-09-08T07:03:28.925+0000] {dag.py:4156} INFO - Setting next_dagrun for example_python_decorator to None, run_after=None
[2024-09-08T07:03:28.937+0000] {processor.py:208} INFO - Processing /home/airflow/.local/lib/python3.12/site-packages/airflow/example_dags/example_python_decorator.py took 0.049 seconds
[2024-09-08T07:04:00.166+0000] {processor.py:186} INFO - Started process (PID=3068) to work on /home/airflow/.local/lib/python3.12/site-packages/airflow/example_dags/example_python_decorator.py
[2024-09-08T07:04:00.167+0000] {processor.py:914} INFO - Processing file /home/airflow/.local/lib/python3.12/site-packages/airflow/example_dags/example_python_decorator.py for tasks to queue
[2024-09-08T07:04:00.168+0000] {logging_mixin.py:190} INFO - [2024-09-08T07:04:00.168+0000] {dagbag.py:587} INFO - Filling up the DagBag from /home/airflow/.local/lib/python3.12/site-packages/airflow/example_dags/example_python_decorator.py
[2024-09-08T07:04:00.175+0000] {processor.py:925} INFO - DAG(s) 'example_python_decorator' retrieved from /home/airflow/.local/lib/python3.12/site-packages/airflow/example_dags/example_python_decorator.py
[2024-09-08T07:04:00.191+0000] {logging_mixin.py:190} INFO - [2024-09-08T07:04:00.191+0000] {dag.py:3229} INFO - Sync 1 DAGs
[2024-09-08T07:04:00.304+0000] {logging_mixin.py:190} INFO - [2024-09-08T07:04:00.304+0000] {dag.py:4156} INFO - Setting next_dagrun for example_python_decorator to None, run_after=None
[2024-09-08T07:04:00.317+0000] {processor.py:208} INFO - Processing /home/airflow/.local/lib/python3.12/site-packages/airflow/example_dags/example_python_decorator.py took 0.154 seconds
[2024-09-08T07:04:30.529+0000] {processor.py:186} INFO - Started process (PID=3130) to work on /home/airflow/.local/lib/python3.12/site-packages/airflow/example_dags/example_python_decorator.py
[2024-09-08T07:04:30.529+0000] {processor.py:914} INFO - Processing file /home/airflow/.local/lib/python3.12/site-packages/airflow/example_dags/example_python_decorator.py for tasks to queue
[2024-09-08T07:04:30.531+0000] {logging_mixin.py:190} INFO - [2024-09-08T07:04:30.531+0000] {dagbag.py:587} INFO - Filling up the DagBag from /home/airflow/.local/lib/python3.12/site-packages/airflow/example_dags/example_python_decorator.py
[2024-09-08T07:04:30.538+0000] {processor.py:925} INFO - DAG(s) 'example_python_decorator' retrieved from /home/airflow/.local/lib/python3.12/site-packages/airflow/example_dags/example_python_decorator.py
[2024-09-08T07:04:30.554+0000] {logging_mixin.py:190} INFO - [2024-09-08T07:04:30.554+0000] {dag.py:3229} INFO - Sync 1 DAGs
[2024-09-08T07:04:30.662+0000] {logging_mixin.py:190} INFO - [2024-09-08T07:04:30.662+0000] {dag.py:4156} INFO - Setting next_dagrun for example_python_decorator to None, run_after=None
[2024-09-08T07:04:30.672+0000] {processor.py:208} INFO - Processing /home/airflow/.local/lib/python3.12/site-packages/airflow/example_dags/example_python_decorator.py took 0.148 seconds
[2024-09-08T07:05:00.943+0000] {processor.py:186} INFO - Started process (PID=3192) to work on /home/airflow/.local/lib/python3.12/site-packages/airflow/example_dags/example_python_decorator.py
[2024-09-08T07:05:00.944+0000] {processor.py:914} INFO - Processing file /home/airflow/.local/lib/python3.12/site-packages/airflow/example_dags/example_python_decorator.py for tasks to queue
[2024-09-08T07:05:00.945+0000] {logging_mixin.py:190} INFO - [2024-09-08T07:05:00.945+0000] {dagbag.py:587} INFO - Filling up the DagBag from /home/airflow/.local/lib/python3.12/site-packages/airflow/example_dags/example_python_decorator.py
[2024-09-08T07:05:00.952+0000] {processor.py:925} INFO - DAG(s) 'example_python_decorator' retrieved from /home/airflow/.local/lib/python3.12/site-packages/airflow/example_dags/example_python_decorator.py
[2024-09-08T07:05:00.966+0000] {logging_mixin.py:190} INFO - [2024-09-08T07:05:00.965+0000] {dag.py:3229} INFO - Sync 1 DAGs
[2024-09-08T07:05:01.074+0000] {logging_mixin.py:190} INFO - [2024-09-08T07:05:01.074+0000] {dag.py:4156} INFO - Setting next_dagrun for example_python_decorator to None, run_after=None
[2024-09-08T07:05:01.085+0000] {processor.py:208} INFO - Processing /home/airflow/.local/lib/python3.12/site-packages/airflow/example_dags/example_python_decorator.py took 0.146 seconds
[2024-09-08T07:05:31.372+0000] {processor.py:186} INFO - Started process (PID=3254) to work on /home/airflow/.local/lib/python3.12/site-packages/airflow/example_dags/example_python_decorator.py
[2024-09-08T07:05:31.373+0000] {processor.py:914} INFO - Processing file /home/airflow/.local/lib/python3.12/site-packages/airflow/example_dags/example_python_decorator.py for tasks to queue
[2024-09-08T07:05:31.374+0000] {logging_mixin.py:190} INFO - [2024-09-08T07:05:31.374+0000] {dagbag.py:587} INFO - Filling up the DagBag from /home/airflow/.local/lib/python3.12/site-packages/airflow/example_dags/example_python_decorator.py
[2024-09-08T07:05:31.382+0000] {processor.py:925} INFO - DAG(s) 'example_python_decorator' retrieved from /home/airflow/.local/lib/python3.12/site-packages/airflow/example_dags/example_python_decorator.py
[2024-09-08T07:05:31.398+0000] {logging_mixin.py:190} INFO - [2024-09-08T07:05:31.398+0000] {dag.py:3229} INFO - Sync 1 DAGs
[2024-09-08T07:05:31.409+0000] {logging_mixin.py:190} INFO - [2024-09-08T07:05:31.408+0000] {dag.py:4156} INFO - Setting next_dagrun for example_python_decorator to None, run_after=None
[2024-09-08T07:05:31.525+0000] {processor.py:208} INFO - Processing /home/airflow/.local/lib/python3.12/site-packages/airflow/example_dags/example_python_decorator.py took 0.156 seconds
[2024-09-08T07:06:01.905+0000] {processor.py:186} INFO - Started process (PID=3316) to work on /home/airflow/.local/lib/python3.12/site-packages/airflow/example_dags/example_python_decorator.py
[2024-09-08T07:06:01.906+0000] {processor.py:914} INFO - Processing file /home/airflow/.local/lib/python3.12/site-packages/airflow/example_dags/example_python_decorator.py for tasks to queue
[2024-09-08T07:06:01.907+0000] {logging_mixin.py:190} INFO - [2024-09-08T07:06:01.907+0000] {dagbag.py:587} INFO - Filling up the DagBag from /home/airflow/.local/lib/python3.12/site-packages/airflow/example_dags/example_python_decorator.py
[2024-09-08T07:06:01.914+0000] {processor.py:925} INFO - DAG(s) 'example_python_decorator' retrieved from /home/airflow/.local/lib/python3.12/site-packages/airflow/example_dags/example_python_decorator.py
[2024-09-08T07:06:01.929+0000] {logging_mixin.py:190} INFO - [2024-09-08T07:06:01.929+0000] {dag.py:3229} INFO - Sync 1 DAGs
[2024-09-08T07:06:01.937+0000] {logging_mixin.py:190} INFO - [2024-09-08T07:06:01.937+0000] {dag.py:4156} INFO - Setting next_dagrun for example_python_decorator to None, run_after=None
[2024-09-08T07:06:01.948+0000] {processor.py:208} INFO - Processing /home/airflow/.local/lib/python3.12/site-packages/airflow/example_dags/example_python_decorator.py took 0.046 seconds
[2024-09-08T07:06:32.320+0000] {processor.py:186} INFO - Started process (PID=3378) to work on /home/airflow/.local/lib/python3.12/site-packages/airflow/example_dags/example_python_decorator.py
[2024-09-08T07:06:32.320+0000] {processor.py:914} INFO - Processing file /home/airflow/.local/lib/python3.12/site-packages/airflow/example_dags/example_python_decorator.py for tasks to queue
[2024-09-08T07:06:32.322+0000] {logging_mixin.py:190} INFO - [2024-09-08T07:06:32.321+0000] {dagbag.py:587} INFO - Filling up the DagBag from /home/airflow/.local/lib/python3.12/site-packages/airflow/example_dags/example_python_decorator.py
[2024-09-08T07:06:32.329+0000] {processor.py:925} INFO - DAG(s) 'example_python_decorator' retrieved from /home/airflow/.local/lib/python3.12/site-packages/airflow/example_dags/example_python_decorator.py
[2024-09-08T07:06:32.346+0000] {logging_mixin.py:190} INFO - [2024-09-08T07:06:32.346+0000] {dag.py:3229} INFO - Sync 1 DAGs
[2024-09-08T07:06:32.356+0000] {logging_mixin.py:190} INFO - [2024-09-08T07:06:32.356+0000] {dag.py:4156} INFO - Setting next_dagrun for example_python_decorator to None, run_after=None
[2024-09-08T07:06:32.369+0000] {processor.py:208} INFO - Processing /home/airflow/.local/lib/python3.12/site-packages/airflow/example_dags/example_python_decorator.py took 0.053 seconds
[2024-09-08T07:07:02.825+0000] {processor.py:186} INFO - Started process (PID=3440) to work on /home/airflow/.local/lib/python3.12/site-packages/airflow/example_dags/example_python_decorator.py
[2024-09-08T07:07:02.826+0000] {processor.py:914} INFO - Processing file /home/airflow/.local/lib/python3.12/site-packages/airflow/example_dags/example_python_decorator.py for tasks to queue
[2024-09-08T07:07:02.827+0000] {logging_mixin.py:190} INFO - [2024-09-08T07:07:02.827+0000] {dagbag.py:587} INFO - Filling up the DagBag from /home/airflow/.local/lib/python3.12/site-packages/airflow/example_dags/example_python_decorator.py
[2024-09-08T07:07:02.834+0000] {processor.py:925} INFO - DAG(s) 'example_python_decorator' retrieved from /home/airflow/.local/lib/python3.12/site-packages/airflow/example_dags/example_python_decorator.py
[2024-09-08T07:07:02.848+0000] {logging_mixin.py:190} INFO - [2024-09-08T07:07:02.848+0000] {dag.py:3229} INFO - Sync 1 DAGs
[2024-09-08T07:07:02.856+0000] {logging_mixin.py:190} INFO - [2024-09-08T07:07:02.856+0000] {dag.py:4156} INFO - Setting next_dagrun for example_python_decorator to None, run_after=None
[2024-09-08T07:07:02.866+0000] {processor.py:208} INFO - Processing /home/airflow/.local/lib/python3.12/site-packages/airflow/example_dags/example_python_decorator.py took 0.044 seconds
[2024-09-08T07:07:33.274+0000] {processor.py:186} INFO - Started process (PID=3502) to work on /home/airflow/.local/lib/python3.12/site-packages/airflow/example_dags/example_python_decorator.py
[2024-09-08T07:07:33.275+0000] {processor.py:914} INFO - Processing file /home/airflow/.local/lib/python3.12/site-packages/airflow/example_dags/example_python_decorator.py for tasks to queue
[2024-09-08T07:07:33.276+0000] {logging_mixin.py:190} INFO - [2024-09-08T07:07:33.276+0000] {dagbag.py:587} INFO - Filling up the DagBag from /home/airflow/.local/lib/python3.12/site-packages/airflow/example_dags/example_python_decorator.py
[2024-09-08T07:07:33.284+0000] {processor.py:925} INFO - DAG(s) 'example_python_decorator' retrieved from /home/airflow/.local/lib/python3.12/site-packages/airflow/example_dags/example_python_decorator.py
[2024-09-08T07:07:33.300+0000] {logging_mixin.py:190} INFO - [2024-09-08T07:07:33.300+0000] {dag.py:3229} INFO - Sync 1 DAGs
[2024-09-08T07:07:33.310+0000] {logging_mixin.py:190} INFO - [2024-09-08T07:07:33.310+0000] {dag.py:4156} INFO - Setting next_dagrun for example_python_decorator to None, run_after=None
[2024-09-08T07:07:33.323+0000] {processor.py:208} INFO - Processing /home/airflow/.local/lib/python3.12/site-packages/airflow/example_dags/example_python_decorator.py took 0.052 seconds
[2024-09-08T07:08:03.716+0000] {processor.py:186} INFO - Started process (PID=3564) to work on /home/airflow/.local/lib/python3.12/site-packages/airflow/example_dags/example_python_decorator.py
[2024-09-08T07:08:03.717+0000] {processor.py:914} INFO - Processing file /home/airflow/.local/lib/python3.12/site-packages/airflow/example_dags/example_python_decorator.py for tasks to queue
[2024-09-08T07:08:03.718+0000] {logging_mixin.py:190} INFO - [2024-09-08T07:08:03.718+0000] {dagbag.py:587} INFO - Filling up the DagBag from /home/airflow/.local/lib/python3.12/site-packages/airflow/example_dags/example_python_decorator.py
[2024-09-08T07:08:03.726+0000] {processor.py:925} INFO - DAG(s) 'example_python_decorator' retrieved from /home/airflow/.local/lib/python3.12/site-packages/airflow/example_dags/example_python_decorator.py
[2024-09-08T07:08:03.742+0000] {logging_mixin.py:190} INFO - [2024-09-08T07:08:03.742+0000] {dag.py:3229} INFO - Sync 1 DAGs
[2024-09-08T07:08:03.753+0000] {logging_mixin.py:190} INFO - [2024-09-08T07:08:03.753+0000] {dag.py:4156} INFO - Setting next_dagrun for example_python_decorator to None, run_after=None
[2024-09-08T07:08:03.764+0000] {processor.py:208} INFO - Processing /home/airflow/.local/lib/python3.12/site-packages/airflow/example_dags/example_python_decorator.py took 0.052 seconds
[2024-09-08T07:08:34.215+0000] {processor.py:186} INFO - Started process (PID=3626) to work on /home/airflow/.local/lib/python3.12/site-packages/airflow/example_dags/example_python_decorator.py
[2024-09-08T07:08:34.215+0000] {processor.py:914} INFO - Processing file /home/airflow/.local/lib/python3.12/site-packages/airflow/example_dags/example_python_decorator.py for tasks to queue
[2024-09-08T07:08:34.217+0000] {logging_mixin.py:190} INFO - [2024-09-08T07:08:34.216+0000] {dagbag.py:587} INFO - Filling up the DagBag from /home/airflow/.local/lib/python3.12/site-packages/airflow/example_dags/example_python_decorator.py
[2024-09-08T07:08:34.224+0000] {processor.py:925} INFO - DAG(s) 'example_python_decorator' retrieved from /home/airflow/.local/lib/python3.12/site-packages/airflow/example_dags/example_python_decorator.py
[2024-09-08T07:08:34.242+0000] {logging_mixin.py:190} INFO - [2024-09-08T07:08:34.242+0000] {dag.py:3229} INFO - Sync 1 DAGs
[2024-09-08T07:08:34.253+0000] {logging_mixin.py:190} INFO - [2024-09-08T07:08:34.253+0000] {dag.py:4156} INFO - Setting next_dagrun for example_python_decorator to None, run_after=None
[2024-09-08T07:08:34.267+0000] {processor.py:208} INFO - Processing /home/airflow/.local/lib/python3.12/site-packages/airflow/example_dags/example_python_decorator.py took 0.056 seconds
[2024-09-08T07:09:04.787+0000] {processor.py:186} INFO - Started process (PID=3687) to work on /home/airflow/.local/lib/python3.12/site-packages/airflow/example_dags/example_python_decorator.py
[2024-09-08T07:09:04.787+0000] {processor.py:914} INFO - Processing file /home/airflow/.local/lib/python3.12/site-packages/airflow/example_dags/example_python_decorator.py for tasks to queue
[2024-09-08T07:09:04.789+0000] {logging_mixin.py:190} INFO - [2024-09-08T07:09:04.788+0000] {dagbag.py:587} INFO - Filling up the DagBag from /home/airflow/.local/lib/python3.12/site-packages/airflow/example_dags/example_python_decorator.py
[2024-09-08T07:09:04.796+0000] {processor.py:925} INFO - DAG(s) 'example_python_decorator' retrieved from /home/airflow/.local/lib/python3.12/site-packages/airflow/example_dags/example_python_decorator.py
[2024-09-08T07:09:04.812+0000] {logging_mixin.py:190} INFO - [2024-09-08T07:09:04.811+0000] {dag.py:3229} INFO - Sync 1 DAGs
[2024-09-08T07:09:04.819+0000] {logging_mixin.py:190} INFO - [2024-09-08T07:09:04.819+0000] {dag.py:4156} INFO - Setting next_dagrun for example_python_decorator to None, run_after=None
[2024-09-08T07:09:04.830+0000] {processor.py:208} INFO - Processing /home/airflow/.local/lib/python3.12/site-packages/airflow/example_dags/example_python_decorator.py took 0.046 seconds
[2024-09-08T07:09:35.274+0000] {processor.py:186} INFO - Started process (PID=3750) to work on /home/airflow/.local/lib/python3.12/site-packages/airflow/example_dags/example_python_decorator.py
[2024-09-08T07:09:35.275+0000] {processor.py:914} INFO - Processing file /home/airflow/.local/lib/python3.12/site-packages/airflow/example_dags/example_python_decorator.py for tasks to queue
[2024-09-08T07:09:35.276+0000] {logging_mixin.py:190} INFO - [2024-09-08T07:09:35.276+0000] {dagbag.py:587} INFO - Filling up the DagBag from /home/airflow/.local/lib/python3.12/site-packages/airflow/example_dags/example_python_decorator.py
[2024-09-08T07:09:35.283+0000] {processor.py:925} INFO - DAG(s) 'example_python_decorator' retrieved from /home/airflow/.local/lib/python3.12/site-packages/airflow/example_dags/example_python_decorator.py
[2024-09-08T07:09:35.295+0000] {logging_mixin.py:190} INFO - [2024-09-08T07:09:35.295+0000] {dag.py:3229} INFO - Sync 1 DAGs
[2024-09-08T07:09:35.303+0000] {logging_mixin.py:190} INFO - [2024-09-08T07:09:35.303+0000] {dag.py:4156} INFO - Setting next_dagrun for example_python_decorator to None, run_after=None
[2024-09-08T07:09:35.314+0000] {processor.py:208} INFO - Processing /home/airflow/.local/lib/python3.12/site-packages/airflow/example_dags/example_python_decorator.py took 0.043 seconds
[2024-09-08T07:10:05.818+0000] {processor.py:186} INFO - Started process (PID=3812) to work on /home/airflow/.local/lib/python3.12/site-packages/airflow/example_dags/example_python_decorator.py
[2024-09-08T07:10:05.819+0000] {processor.py:914} INFO - Processing file /home/airflow/.local/lib/python3.12/site-packages/airflow/example_dags/example_python_decorator.py for tasks to queue
[2024-09-08T07:10:05.820+0000] {logging_mixin.py:190} INFO - [2024-09-08T07:10:05.820+0000] {dagbag.py:587} INFO - Filling up the DagBag from /home/airflow/.local/lib/python3.12/site-packages/airflow/example_dags/example_python_decorator.py
[2024-09-08T07:10:05.831+0000] {processor.py:925} INFO - DAG(s) 'example_python_decorator' retrieved from /home/airflow/.local/lib/python3.12/site-packages/airflow/example_dags/example_python_decorator.py
[2024-09-08T07:10:05.847+0000] {logging_mixin.py:190} INFO - [2024-09-08T07:10:05.847+0000] {dag.py:3229} INFO - Sync 1 DAGs
[2024-09-08T07:10:05.856+0000] {logging_mixin.py:190} INFO - [2024-09-08T07:10:05.856+0000] {dag.py:4156} INFO - Setting next_dagrun for example_python_decorator to None, run_after=None
[2024-09-08T07:10:05.869+0000] {processor.py:208} INFO - Processing /home/airflow/.local/lib/python3.12/site-packages/airflow/example_dags/example_python_decorator.py took 0.055 seconds
[2024-09-08T07:10:36.315+0000] {processor.py:186} INFO - Started process (PID=3874) to work on /home/airflow/.local/lib/python3.12/site-packages/airflow/example_dags/example_python_decorator.py
[2024-09-08T07:10:36.315+0000] {processor.py:914} INFO - Processing file /home/airflow/.local/lib/python3.12/site-packages/airflow/example_dags/example_python_decorator.py for tasks to queue
[2024-09-08T07:10:36.317+0000] {logging_mixin.py:190} INFO - [2024-09-08T07:10:36.316+0000] {dagbag.py:587} INFO - Filling up the DagBag from /home/airflow/.local/lib/python3.12/site-packages/airflow/example_dags/example_python_decorator.py
[2024-09-08T07:10:36.324+0000] {processor.py:925} INFO - DAG(s) 'example_python_decorator' retrieved from /home/airflow/.local/lib/python3.12/site-packages/airflow/example_dags/example_python_decorator.py
[2024-09-08T07:10:36.340+0000] {logging_mixin.py:190} INFO - [2024-09-08T07:10:36.340+0000] {dag.py:3229} INFO - Sync 1 DAGs
[2024-09-08T07:10:36.350+0000] {logging_mixin.py:190} INFO - [2024-09-08T07:10:36.350+0000] {dag.py:4156} INFO - Setting next_dagrun for example_python_decorator to None, run_after=None
[2024-09-08T07:10:36.363+0000] {processor.py:208} INFO - Processing /home/airflow/.local/lib/python3.12/site-packages/airflow/example_dags/example_python_decorator.py took 0.051 seconds
[2024-09-08T07:11:06.771+0000] {processor.py:186} INFO - Started process (PID=3936) to work on /home/airflow/.local/lib/python3.12/site-packages/airflow/example_dags/example_python_decorator.py
[2024-09-08T07:11:06.772+0000] {processor.py:914} INFO - Processing file /home/airflow/.local/lib/python3.12/site-packages/airflow/example_dags/example_python_decorator.py for tasks to queue
[2024-09-08T07:11:06.773+0000] {logging_mixin.py:190} INFO - [2024-09-08T07:11:06.773+0000] {dagbag.py:587} INFO - Filling up the DagBag from /home/airflow/.local/lib/python3.12/site-packages/airflow/example_dags/example_python_decorator.py
[2024-09-08T07:11:06.782+0000] {processor.py:925} INFO - DAG(s) 'example_python_decorator' retrieved from /home/airflow/.local/lib/python3.12/site-packages/airflow/example_dags/example_python_decorator.py
[2024-09-08T07:11:06.796+0000] {logging_mixin.py:190} INFO - [2024-09-08T07:11:06.795+0000] {dag.py:3229} INFO - Sync 1 DAGs
[2024-09-08T07:11:06.803+0000] {logging_mixin.py:190} INFO - [2024-09-08T07:11:06.803+0000] {dag.py:4156} INFO - Setting next_dagrun for example_python_decorator to None, run_after=None
[2024-09-08T07:11:06.814+0000] {processor.py:208} INFO - Processing /home/airflow/.local/lib/python3.12/site-packages/airflow/example_dags/example_python_decorator.py took 0.047 seconds
[2024-09-08T07:11:37.322+0000] {processor.py:186} INFO - Started process (PID=3998) to work on /home/airflow/.local/lib/python3.12/site-packages/airflow/example_dags/example_python_decorator.py
[2024-09-08T07:11:37.323+0000] {processor.py:914} INFO - Processing file /home/airflow/.local/lib/python3.12/site-packages/airflow/example_dags/example_python_decorator.py for tasks to queue
[2024-09-08T07:11:37.324+0000] {logging_mixin.py:190} INFO - [2024-09-08T07:11:37.324+0000] {dagbag.py:587} INFO - Filling up the DagBag from /home/airflow/.local/lib/python3.12/site-packages/airflow/example_dags/example_python_decorator.py
[2024-09-08T07:11:37.331+0000] {processor.py:925} INFO - DAG(s) 'example_python_decorator' retrieved from /home/airflow/.local/lib/python3.12/site-packages/airflow/example_dags/example_python_decorator.py
[2024-09-08T07:11:37.348+0000] {logging_mixin.py:190} INFO - [2024-09-08T07:11:37.348+0000] {dag.py:3229} INFO - Sync 1 DAGs
[2024-09-08T07:11:37.358+0000] {logging_mixin.py:190} INFO - [2024-09-08T07:11:37.357+0000] {dag.py:4156} INFO - Setting next_dagrun for example_python_decorator to None, run_after=None
[2024-09-08T07:11:37.370+0000] {processor.py:208} INFO - Processing /home/airflow/.local/lib/python3.12/site-packages/airflow/example_dags/example_python_decorator.py took 0.051 seconds
[2024-09-08T07:16:40.386+0000] {processor.py:186} INFO - Started process (PID=4060) to work on /home/airflow/.local/lib/python3.12/site-packages/airflow/example_dags/example_python_decorator.py
[2024-09-08T07:16:40.388+0000] {processor.py:914} INFO - Processing file /home/airflow/.local/lib/python3.12/site-packages/airflow/example_dags/example_python_decorator.py for tasks to queue
[2024-09-08T07:16:40.389+0000] {logging_mixin.py:190} INFO - [2024-09-08T07:16:40.389+0000] {dagbag.py:587} INFO - Filling up the DagBag from /home/airflow/.local/lib/python3.12/site-packages/airflow/example_dags/example_python_decorator.py
[2024-09-08T07:16:40.396+0000] {processor.py:925} INFO - DAG(s) 'example_python_decorator' retrieved from /home/airflow/.local/lib/python3.12/site-packages/airflow/example_dags/example_python_decorator.py
[2024-09-08T07:16:40.411+0000] {logging_mixin.py:190} INFO - [2024-09-08T07:16:40.411+0000] {dag.py:3229} INFO - Sync 1 DAGs
[2024-09-08T07:16:40.421+0000] {logging_mixin.py:190} INFO - [2024-09-08T07:16:40.421+0000] {dag.py:4156} INFO - Setting next_dagrun for example_python_decorator to None, run_after=None
[2024-09-08T07:16:40.435+0000] {processor.py:208} INFO - Processing /home/airflow/.local/lib/python3.12/site-packages/airflow/example_dags/example_python_decorator.py took 0.052 seconds
[2024-09-08T07:17:10.921+0000] {processor.py:186} INFO - Started process (PID=4122) to work on /home/airflow/.local/lib/python3.12/site-packages/airflow/example_dags/example_python_decorator.py
[2024-09-08T07:17:10.922+0000] {processor.py:914} INFO - Processing file /home/airflow/.local/lib/python3.12/site-packages/airflow/example_dags/example_python_decorator.py for tasks to queue
[2024-09-08T07:17:10.923+0000] {logging_mixin.py:190} INFO - [2024-09-08T07:17:10.923+0000] {dagbag.py:587} INFO - Filling up the DagBag from /home/airflow/.local/lib/python3.12/site-packages/airflow/example_dags/example_python_decorator.py
[2024-09-08T07:17:10.930+0000] {processor.py:925} INFO - DAG(s) 'example_python_decorator' retrieved from /home/airflow/.local/lib/python3.12/site-packages/airflow/example_dags/example_python_decorator.py
[2024-09-08T07:17:10.946+0000] {logging_mixin.py:190} INFO - [2024-09-08T07:17:10.945+0000] {dag.py:3229} INFO - Sync 1 DAGs
[2024-09-08T07:17:10.956+0000] {logging_mixin.py:190} INFO - [2024-09-08T07:17:10.956+0000] {dag.py:4156} INFO - Setting next_dagrun for example_python_decorator to None, run_after=None
[2024-09-08T07:17:10.968+0000] {processor.py:208} INFO - Processing /home/airflow/.local/lib/python3.12/site-packages/airflow/example_dags/example_python_decorator.py took 0.050 seconds
[2024-09-08T07:17:41.459+0000] {processor.py:186} INFO - Started process (PID=4184) to work on /home/airflow/.local/lib/python3.12/site-packages/airflow/example_dags/example_python_decorator.py
[2024-09-08T07:17:41.460+0000] {processor.py:914} INFO - Processing file /home/airflow/.local/lib/python3.12/site-packages/airflow/example_dags/example_python_decorator.py for tasks to queue
[2024-09-08T07:17:41.462+0000] {logging_mixin.py:190} INFO - [2024-09-08T07:17:41.461+0000] {dagbag.py:587} INFO - Filling up the DagBag from /home/airflow/.local/lib/python3.12/site-packages/airflow/example_dags/example_python_decorator.py
[2024-09-08T07:17:41.473+0000] {processor.py:925} INFO - DAG(s) 'example_python_decorator' retrieved from /home/airflow/.local/lib/python3.12/site-packages/airflow/example_dags/example_python_decorator.py
[2024-09-08T07:17:41.489+0000] {logging_mixin.py:190} INFO - [2024-09-08T07:17:41.488+0000] {dag.py:3229} INFO - Sync 1 DAGs
[2024-09-08T07:17:41.497+0000] {logging_mixin.py:190} INFO - [2024-09-08T07:17:41.497+0000] {dag.py:4156} INFO - Setting next_dagrun for example_python_decorator to None, run_after=None
[2024-09-08T07:17:41.511+0000] {processor.py:208} INFO - Processing /home/airflow/.local/lib/python3.12/site-packages/airflow/example_dags/example_python_decorator.py took 0.055 seconds
[2024-09-08T07:18:11.973+0000] {processor.py:186} INFO - Started process (PID=4246) to work on /home/airflow/.local/lib/python3.12/site-packages/airflow/example_dags/example_python_decorator.py
[2024-09-08T07:18:11.973+0000] {processor.py:914} INFO - Processing file /home/airflow/.local/lib/python3.12/site-packages/airflow/example_dags/example_python_decorator.py for tasks to queue
[2024-09-08T07:18:11.974+0000] {logging_mixin.py:190} INFO - [2024-09-08T07:18:11.974+0000] {dagbag.py:587} INFO - Filling up the DagBag from /home/airflow/.local/lib/python3.12/site-packages/airflow/example_dags/example_python_decorator.py
[2024-09-08T07:18:11.982+0000] {processor.py:925} INFO - DAG(s) 'example_python_decorator' retrieved from /home/airflow/.local/lib/python3.12/site-packages/airflow/example_dags/example_python_decorator.py
[2024-09-08T07:18:11.996+0000] {logging_mixin.py:190} INFO - [2024-09-08T07:18:11.996+0000] {dag.py:3229} INFO - Sync 1 DAGs
[2024-09-08T07:18:12.007+0000] {logging_mixin.py:190} INFO - [2024-09-08T07:18:12.007+0000] {dag.py:4156} INFO - Setting next_dagrun for example_python_decorator to None, run_after=None
[2024-09-08T07:18:12.020+0000] {processor.py:208} INFO - Processing /home/airflow/.local/lib/python3.12/site-packages/airflow/example_dags/example_python_decorator.py took 0.052 seconds
[2024-09-08T07:18:42.608+0000] {processor.py:186} INFO - Started process (PID=4307) to work on /home/airflow/.local/lib/python3.12/site-packages/airflow/example_dags/example_python_decorator.py
[2024-09-08T07:18:42.609+0000] {processor.py:914} INFO - Processing file /home/airflow/.local/lib/python3.12/site-packages/airflow/example_dags/example_python_decorator.py for tasks to queue
[2024-09-08T07:18:42.610+0000] {logging_mixin.py:190} INFO - [2024-09-08T07:18:42.610+0000] {dagbag.py:587} INFO - Filling up the DagBag from /home/airflow/.local/lib/python3.12/site-packages/airflow/example_dags/example_python_decorator.py
[2024-09-08T07:18:42.620+0000] {processor.py:925} INFO - DAG(s) 'example_python_decorator' retrieved from /home/airflow/.local/lib/python3.12/site-packages/airflow/example_dags/example_python_decorator.py
[2024-09-08T07:18:42.636+0000] {logging_mixin.py:190} INFO - [2024-09-08T07:18:42.636+0000] {dag.py:3229} INFO - Sync 1 DAGs
[2024-09-08T07:18:42.645+0000] {logging_mixin.py:190} INFO - [2024-09-08T07:18:42.645+0000] {dag.py:4156} INFO - Setting next_dagrun for example_python_decorator to None, run_after=None
[2024-09-08T07:18:42.658+0000] {processor.py:208} INFO - Processing /home/airflow/.local/lib/python3.12/site-packages/airflow/example_dags/example_python_decorator.py took 0.054 seconds
[2024-09-08T07:19:13.258+0000] {processor.py:186} INFO - Started process (PID=4370) to work on /home/airflow/.local/lib/python3.12/site-packages/airflow/example_dags/example_python_decorator.py
[2024-09-08T07:19:13.259+0000] {processor.py:914} INFO - Processing file /home/airflow/.local/lib/python3.12/site-packages/airflow/example_dags/example_python_decorator.py for tasks to queue
[2024-09-08T07:19:13.260+0000] {logging_mixin.py:190} INFO - [2024-09-08T07:19:13.260+0000] {dagbag.py:587} INFO - Filling up the DagBag from /home/airflow/.local/lib/python3.12/site-packages/airflow/example_dags/example_python_decorator.py
[2024-09-08T07:19:13.268+0000] {processor.py:925} INFO - DAG(s) 'example_python_decorator' retrieved from /home/airflow/.local/lib/python3.12/site-packages/airflow/example_dags/example_python_decorator.py
[2024-09-08T07:19:13.287+0000] {logging_mixin.py:190} INFO - [2024-09-08T07:19:13.287+0000] {dag.py:3229} INFO - Sync 1 DAGs
[2024-09-08T07:19:13.299+0000] {logging_mixin.py:190} INFO - [2024-09-08T07:19:13.298+0000] {dag.py:4156} INFO - Setting next_dagrun for example_python_decorator to None, run_after=None
[2024-09-08T07:19:13.312+0000] {processor.py:208} INFO - Processing /home/airflow/.local/lib/python3.12/site-packages/airflow/example_dags/example_python_decorator.py took 0.058 seconds
[2024-09-08T07:19:44.024+0000] {processor.py:186} INFO - Started process (PID=4432) to work on /home/airflow/.local/lib/python3.12/site-packages/airflow/example_dags/example_python_decorator.py
[2024-09-08T07:19:44.025+0000] {processor.py:914} INFO - Processing file /home/airflow/.local/lib/python3.12/site-packages/airflow/example_dags/example_python_decorator.py for tasks to queue
[2024-09-08T07:19:44.026+0000] {logging_mixin.py:190} INFO - [2024-09-08T07:19:44.026+0000] {dagbag.py:587} INFO - Filling up the DagBag from /home/airflow/.local/lib/python3.12/site-packages/airflow/example_dags/example_python_decorator.py
[2024-09-08T07:19:44.034+0000] {processor.py:925} INFO - DAG(s) 'example_python_decorator' retrieved from /home/airflow/.local/lib/python3.12/site-packages/airflow/example_dags/example_python_decorator.py
[2024-09-08T07:19:44.050+0000] {logging_mixin.py:190} INFO - [2024-09-08T07:19:44.050+0000] {dag.py:3229} INFO - Sync 1 DAGs
[2024-09-08T07:19:44.061+0000] {logging_mixin.py:190} INFO - [2024-09-08T07:19:44.061+0000] {dag.py:4156} INFO - Setting next_dagrun for example_python_decorator to None, run_after=None
[2024-09-08T07:19:44.075+0000] {processor.py:208} INFO - Processing /home/airflow/.local/lib/python3.12/site-packages/airflow/example_dags/example_python_decorator.py took 0.055 seconds
[2024-09-08T07:20:14.675+0000] {processor.py:186} INFO - Started process (PID=4494) to work on /home/airflow/.local/lib/python3.12/site-packages/airflow/example_dags/example_python_decorator.py
[2024-09-08T07:20:14.676+0000] {processor.py:914} INFO - Processing file /home/airflow/.local/lib/python3.12/site-packages/airflow/example_dags/example_python_decorator.py for tasks to queue
[2024-09-08T07:20:14.677+0000] {logging_mixin.py:190} INFO - [2024-09-08T07:20:14.677+0000] {dagbag.py:587} INFO - Filling up the DagBag from /home/airflow/.local/lib/python3.12/site-packages/airflow/example_dags/example_python_decorator.py
[2024-09-08T07:20:14.686+0000] {processor.py:925} INFO - DAG(s) 'example_python_decorator' retrieved from /home/airflow/.local/lib/python3.12/site-packages/airflow/example_dags/example_python_decorator.py
[2024-09-08T07:20:14.703+0000] {logging_mixin.py:190} INFO - [2024-09-08T07:20:14.703+0000] {dag.py:3229} INFO - Sync 1 DAGs
[2024-09-08T07:20:14.712+0000] {logging_mixin.py:190} INFO - [2024-09-08T07:20:14.712+0000] {dag.py:4156} INFO - Setting next_dagrun for example_python_decorator to None, run_after=None
[2024-09-08T07:20:14.722+0000] {processor.py:208} INFO - Processing /home/airflow/.local/lib/python3.12/site-packages/airflow/example_dags/example_python_decorator.py took 0.052 seconds
[2024-09-08T07:20:45.121+0000] {processor.py:186} INFO - Started process (PID=4556) to work on /home/airflow/.local/lib/python3.12/site-packages/airflow/example_dags/example_python_decorator.py
[2024-09-08T07:20:45.122+0000] {processor.py:914} INFO - Processing file /home/airflow/.local/lib/python3.12/site-packages/airflow/example_dags/example_python_decorator.py for tasks to queue
[2024-09-08T07:20:45.123+0000] {logging_mixin.py:190} INFO - [2024-09-08T07:20:45.123+0000] {dagbag.py:587} INFO - Filling up the DagBag from /home/airflow/.local/lib/python3.12/site-packages/airflow/example_dags/example_python_decorator.py
[2024-09-08T07:20:45.130+0000] {processor.py:925} INFO - DAG(s) 'example_python_decorator' retrieved from /home/airflow/.local/lib/python3.12/site-packages/airflow/example_dags/example_python_decorator.py
[2024-09-08T07:20:45.145+0000] {logging_mixin.py:190} INFO - [2024-09-08T07:20:45.145+0000] {dag.py:3229} INFO - Sync 1 DAGs
[2024-09-08T07:20:45.152+0000] {logging_mixin.py:190} INFO - [2024-09-08T07:20:45.152+0000] {dag.py:4156} INFO - Setting next_dagrun for example_python_decorator to None, run_after=None
[2024-09-08T07:20:45.164+0000] {processor.py:208} INFO - Processing /home/airflow/.local/lib/python3.12/site-packages/airflow/example_dags/example_python_decorator.py took 0.046 seconds
[2024-09-08T07:21:15.630+0000] {processor.py:186} INFO - Started process (PID=4618) to work on /home/airflow/.local/lib/python3.12/site-packages/airflow/example_dags/example_python_decorator.py
[2024-09-08T07:21:15.631+0000] {processor.py:914} INFO - Processing file /home/airflow/.local/lib/python3.12/site-packages/airflow/example_dags/example_python_decorator.py for tasks to queue
[2024-09-08T07:21:15.632+0000] {logging_mixin.py:190} INFO - [2024-09-08T07:21:15.632+0000] {dagbag.py:587} INFO - Filling up the DagBag from /home/airflow/.local/lib/python3.12/site-packages/airflow/example_dags/example_python_decorator.py
[2024-09-08T07:21:15.639+0000] {processor.py:925} INFO - DAG(s) 'example_python_decorator' retrieved from /home/airflow/.local/lib/python3.12/site-packages/airflow/example_dags/example_python_decorator.py
[2024-09-08T07:21:15.654+0000] {logging_mixin.py:190} INFO - [2024-09-08T07:21:15.654+0000] {dag.py:3229} INFO - Sync 1 DAGs
[2024-09-08T07:21:15.662+0000] {logging_mixin.py:190} INFO - [2024-09-08T07:21:15.662+0000] {dag.py:4156} INFO - Setting next_dagrun for example_python_decorator to None, run_after=None
[2024-09-08T07:21:15.674+0000] {processor.py:208} INFO - Processing /home/airflow/.local/lib/python3.12/site-packages/airflow/example_dags/example_python_decorator.py took 0.047 seconds
