[2024-09-08T06:39:29.064+0000] {processor.py:186} INFO - Started process (PID=74) to work on /home/airflow/.local/lib/python3.12/site-packages/airflow/example_dags/example_dag_decorator.py
[2024-09-08T06:39:29.064+0000] {processor.py:914} INFO - Processing file /home/airflow/.local/lib/python3.12/site-packages/airflow/example_dags/example_dag_decorator.py for tasks to queue
[2024-09-08T06:39:29.065+0000] {logging_mixin.py:190} INFO - [2024-09-08T06:39:29.065+0000] {dagbag.py:587} INFO - Filling up the DagBag from /home/airflow/.local/lib/python3.12/site-packages/airflow/example_dags/example_dag_decorator.py
[2024-09-08T06:39:29.073+0000] {processor.py:925} INFO - DAG(s) 'example_dag_decorator' retrieved from /home/airflow/.local/lib/python3.12/site-packages/airflow/example_dags/example_dag_decorator.py
[2024-09-08T06:39:29.135+0000] {logging_mixin.py:190} INFO - [2024-09-08T06:39:29.134+0000] {override.py:1900} INFO - Created Permission View: can edit on DAG:example_dag_decorator
[2024-09-08T06:39:29.140+0000] {logging_mixin.py:190} INFO - [2024-09-08T06:39:29.140+0000] {override.py:1900} INFO - Created Permission View: can read on DAG:example_dag_decorator
[2024-09-08T06:39:29.143+0000] {logging_mixin.py:190} INFO - [2024-09-08T06:39:29.143+0000] {override.py:1900} INFO - Created Permission View: can delete on DAG:example_dag_decorator
[2024-09-08T06:39:29.146+0000] {logging_mixin.py:190} INFO - [2024-09-08T06:39:29.145+0000] {override.py:1900} INFO - Created Permission View: can read on DAG Run:example_dag_decorator
[2024-09-08T06:39:29.148+0000] {logging_mixin.py:190} INFO - [2024-09-08T06:39:29.148+0000] {override.py:1900} INFO - Created Permission View: can delete on DAG Run:example_dag_decorator
[2024-09-08T06:39:29.152+0000] {logging_mixin.py:190} INFO - [2024-09-08T06:39:29.152+0000] {override.py:1900} INFO - Created Permission View: can create on DAG Run:example_dag_decorator
[2024-09-08T06:39:29.155+0000] {logging_mixin.py:190} INFO - [2024-09-08T06:39:29.154+0000] {override.py:1900} INFO - Created Permission View: menu access on DAG Run:example_dag_decorator
[2024-09-08T06:39:29.155+0000] {logging_mixin.py:190} INFO - [2024-09-08T06:39:29.155+0000] {dag.py:3229} INFO - Sync 1 DAGs
[2024-09-08T06:39:29.163+0000] {logging_mixin.py:190} INFO - [2024-09-08T06:39:29.162+0000] {dag.py:3252} INFO - Creating ORM DAG for example_dag_decorator
[2024-09-08T06:39:29.163+0000] {logging_mixin.py:190} INFO - [2024-09-08T06:39:29.163+0000] {dag.py:4156} INFO - Setting next_dagrun for example_dag_decorator to None, run_after=None
[2024-09-08T06:39:29.173+0000] {processor.py:208} INFO - Processing /home/airflow/.local/lib/python3.12/site-packages/airflow/example_dags/example_dag_decorator.py took 0.113 seconds
[2024-09-08T06:39:59.713+0000] {processor.py:186} INFO - Started process (PID=136) to work on /home/airflow/.local/lib/python3.12/site-packages/airflow/example_dags/example_dag_decorator.py
[2024-09-08T06:39:59.715+0000] {processor.py:914} INFO - Processing file /home/airflow/.local/lib/python3.12/site-packages/airflow/example_dags/example_dag_decorator.py for tasks to queue
[2024-09-08T06:39:59.716+0000] {logging_mixin.py:190} INFO - [2024-09-08T06:39:59.716+0000] {dagbag.py:587} INFO - Filling up the DagBag from /home/airflow/.local/lib/python3.12/site-packages/airflow/example_dags/example_dag_decorator.py
[2024-09-08T06:39:59.724+0000] {processor.py:925} INFO - DAG(s) 'example_dag_decorator' retrieved from /home/airflow/.local/lib/python3.12/site-packages/airflow/example_dags/example_dag_decorator.py
[2024-09-08T06:39:59.792+0000] {logging_mixin.py:190} INFO - [2024-09-08T06:39:59.792+0000] {dag.py:3229} INFO - Sync 1 DAGs
[2024-09-08T06:39:59.803+0000] {logging_mixin.py:190} INFO - [2024-09-08T06:39:59.802+0000] {dag.py:4156} INFO - Setting next_dagrun for example_dag_decorator to None, run_after=None
[2024-09-08T06:39:59.814+0000] {processor.py:208} INFO - Processing /home/airflow/.local/lib/python3.12/site-packages/airflow/example_dags/example_dag_decorator.py took 0.105 seconds
[2024-09-08T06:40:30.225+0000] {processor.py:186} INFO - Started process (PID=198) to work on /home/airflow/.local/lib/python3.12/site-packages/airflow/example_dags/example_dag_decorator.py
[2024-09-08T06:40:30.226+0000] {processor.py:914} INFO - Processing file /home/airflow/.local/lib/python3.12/site-packages/airflow/example_dags/example_dag_decorator.py for tasks to queue
[2024-09-08T06:40:30.227+0000] {logging_mixin.py:190} INFO - [2024-09-08T06:40:30.227+0000] {dagbag.py:587} INFO - Filling up the DagBag from /home/airflow/.local/lib/python3.12/site-packages/airflow/example_dags/example_dag_decorator.py
[2024-09-08T06:40:30.234+0000] {processor.py:925} INFO - DAG(s) 'example_dag_decorator' retrieved from /home/airflow/.local/lib/python3.12/site-packages/airflow/example_dags/example_dag_decorator.py
[2024-09-08T06:40:30.293+0000] {logging_mixin.py:190} INFO - [2024-09-08T06:40:30.293+0000] {dag.py:3229} INFO - Sync 1 DAGs
[2024-09-08T06:40:30.299+0000] {logging_mixin.py:190} INFO - [2024-09-08T06:40:30.299+0000] {dag.py:4156} INFO - Setting next_dagrun for example_dag_decorator to None, run_after=None
[2024-09-08T06:40:30.312+0000] {processor.py:208} INFO - Processing /home/airflow/.local/lib/python3.12/site-packages/airflow/example_dags/example_dag_decorator.py took 0.089 seconds
[2024-09-08T06:41:00.685+0000] {processor.py:186} INFO - Started process (PID=260) to work on /home/airflow/.local/lib/python3.12/site-packages/airflow/example_dags/example_dag_decorator.py
[2024-09-08T06:41:00.686+0000] {processor.py:914} INFO - Processing file /home/airflow/.local/lib/python3.12/site-packages/airflow/example_dags/example_dag_decorator.py for tasks to queue
[2024-09-08T06:41:00.687+0000] {logging_mixin.py:190} INFO - [2024-09-08T06:41:00.687+0000] {dagbag.py:587} INFO - Filling up the DagBag from /home/airflow/.local/lib/python3.12/site-packages/airflow/example_dags/example_dag_decorator.py
[2024-09-08T06:41:00.693+0000] {processor.py:925} INFO - DAG(s) 'example_dag_decorator' retrieved from /home/airflow/.local/lib/python3.12/site-packages/airflow/example_dags/example_dag_decorator.py
[2024-09-08T06:41:00.765+0000] {logging_mixin.py:190} INFO - [2024-09-08T06:41:00.764+0000] {dag.py:3229} INFO - Sync 1 DAGs
[2024-09-08T06:41:00.774+0000] {logging_mixin.py:190} INFO - [2024-09-08T06:41:00.774+0000] {dag.py:4156} INFO - Setting next_dagrun for example_dag_decorator to None, run_after=None
[2024-09-08T06:41:00.787+0000] {processor.py:208} INFO - Processing /home/airflow/.local/lib/python3.12/site-packages/airflow/example_dags/example_dag_decorator.py took 0.105 seconds
[2024-09-08T06:41:31.154+0000] {processor.py:186} INFO - Started process (PID=323) to work on /home/airflow/.local/lib/python3.12/site-packages/airflow/example_dags/example_dag_decorator.py
[2024-09-08T06:41:31.155+0000] {processor.py:914} INFO - Processing file /home/airflow/.local/lib/python3.12/site-packages/airflow/example_dags/example_dag_decorator.py for tasks to queue
[2024-09-08T06:41:31.156+0000] {logging_mixin.py:190} INFO - [2024-09-08T06:41:31.156+0000] {dagbag.py:587} INFO - Filling up the DagBag from /home/airflow/.local/lib/python3.12/site-packages/airflow/example_dags/example_dag_decorator.py
[2024-09-08T06:41:31.163+0000] {processor.py:925} INFO - DAG(s) 'example_dag_decorator' retrieved from /home/airflow/.local/lib/python3.12/site-packages/airflow/example_dags/example_dag_decorator.py
[2024-09-08T06:41:31.229+0000] {logging_mixin.py:190} INFO - [2024-09-08T06:41:31.229+0000] {dag.py:3229} INFO - Sync 1 DAGs
[2024-09-08T06:41:31.234+0000] {logging_mixin.py:190} INFO - [2024-09-08T06:41:31.234+0000] {dag.py:4156} INFO - Setting next_dagrun for example_dag_decorator to None, run_after=None
[2024-09-08T06:41:31.246+0000] {processor.py:208} INFO - Processing /home/airflow/.local/lib/python3.12/site-packages/airflow/example_dags/example_dag_decorator.py took 0.096 seconds
[2024-09-08T06:42:01.858+0000] {processor.py:186} INFO - Started process (PID=384) to work on /home/airflow/.local/lib/python3.12/site-packages/airflow/example_dags/example_dag_decorator.py
[2024-09-08T06:42:01.859+0000] {processor.py:914} INFO - Processing file /home/airflow/.local/lib/python3.12/site-packages/airflow/example_dags/example_dag_decorator.py for tasks to queue
[2024-09-08T06:42:01.860+0000] {logging_mixin.py:190} INFO - [2024-09-08T06:42:01.860+0000] {dagbag.py:587} INFO - Filling up the DagBag from /home/airflow/.local/lib/python3.12/site-packages/airflow/example_dags/example_dag_decorator.py
[2024-09-08T06:42:01.868+0000] {processor.py:925} INFO - DAG(s) 'example_dag_decorator' retrieved from /home/airflow/.local/lib/python3.12/site-packages/airflow/example_dags/example_dag_decorator.py
[2024-09-08T06:42:01.932+0000] {logging_mixin.py:190} INFO - [2024-09-08T06:42:01.932+0000] {dag.py:3229} INFO - Sync 1 DAGs
[2024-09-08T06:42:01.938+0000] {logging_mixin.py:190} INFO - [2024-09-08T06:42:01.938+0000] {dag.py:4156} INFO - Setting next_dagrun for example_dag_decorator to None, run_after=None
[2024-09-08T06:42:01.948+0000] {processor.py:208} INFO - Processing /home/airflow/.local/lib/python3.12/site-packages/airflow/example_dags/example_dag_decorator.py took 0.094 seconds
[2024-09-08T06:42:32.378+0000] {processor.py:186} INFO - Started process (PID=447) to work on /home/airflow/.local/lib/python3.12/site-packages/airflow/example_dags/example_dag_decorator.py
[2024-09-08T06:42:32.378+0000] {processor.py:914} INFO - Processing file /home/airflow/.local/lib/python3.12/site-packages/airflow/example_dags/example_dag_decorator.py for tasks to queue
[2024-09-08T06:42:32.379+0000] {logging_mixin.py:190} INFO - [2024-09-08T06:42:32.379+0000] {dagbag.py:587} INFO - Filling up the DagBag from /home/airflow/.local/lib/python3.12/site-packages/airflow/example_dags/example_dag_decorator.py
[2024-09-08T06:42:32.385+0000] {processor.py:925} INFO - DAG(s) 'example_dag_decorator' retrieved from /home/airflow/.local/lib/python3.12/site-packages/airflow/example_dags/example_dag_decorator.py
[2024-09-08T06:42:32.453+0000] {logging_mixin.py:190} INFO - [2024-09-08T06:42:32.453+0000] {dag.py:3229} INFO - Sync 1 DAGs
[2024-09-08T06:42:32.461+0000] {logging_mixin.py:190} INFO - [2024-09-08T06:42:32.461+0000] {dag.py:4156} INFO - Setting next_dagrun for example_dag_decorator to None, run_after=None
[2024-09-08T06:42:32.474+0000] {processor.py:208} INFO - Processing /home/airflow/.local/lib/python3.12/site-packages/airflow/example_dags/example_dag_decorator.py took 0.100 seconds
[2024-09-08T06:43:02.645+0000] {processor.py:186} INFO - Started process (PID=508) to work on /home/airflow/.local/lib/python3.12/site-packages/airflow/example_dags/example_dag_decorator.py
[2024-09-08T06:43:02.646+0000] {processor.py:914} INFO - Processing file /home/airflow/.local/lib/python3.12/site-packages/airflow/example_dags/example_dag_decorator.py for tasks to queue
[2024-09-08T06:43:02.647+0000] {logging_mixin.py:190} INFO - [2024-09-08T06:43:02.646+0000] {dagbag.py:587} INFO - Filling up the DagBag from /home/airflow/.local/lib/python3.12/site-packages/airflow/example_dags/example_dag_decorator.py
[2024-09-08T06:43:02.652+0000] {processor.py:925} INFO - DAG(s) 'example_dag_decorator' retrieved from /home/airflow/.local/lib/python3.12/site-packages/airflow/example_dags/example_dag_decorator.py
[2024-09-08T06:43:02.721+0000] {logging_mixin.py:190} INFO - [2024-09-08T06:43:02.721+0000] {dag.py:3229} INFO - Sync 1 DAGs
[2024-09-08T06:43:02.728+0000] {logging_mixin.py:190} INFO - [2024-09-08T06:43:02.728+0000] {dag.py:4156} INFO - Setting next_dagrun for example_dag_decorator to None, run_after=None
[2024-09-08T06:43:02.741+0000] {processor.py:208} INFO - Processing /home/airflow/.local/lib/python3.12/site-packages/airflow/example_dags/example_dag_decorator.py took 0.099 seconds
[2024-09-08T06:43:33.101+0000] {processor.py:186} INFO - Started process (PID=570) to work on /home/airflow/.local/lib/python3.12/site-packages/airflow/example_dags/example_dag_decorator.py
[2024-09-08T06:43:33.102+0000] {processor.py:914} INFO - Processing file /home/airflow/.local/lib/python3.12/site-packages/airflow/example_dags/example_dag_decorator.py for tasks to queue
[2024-09-08T06:43:33.103+0000] {logging_mixin.py:190} INFO - [2024-09-08T06:43:33.102+0000] {dagbag.py:587} INFO - Filling up the DagBag from /home/airflow/.local/lib/python3.12/site-packages/airflow/example_dags/example_dag_decorator.py
[2024-09-08T06:43:33.108+0000] {processor.py:925} INFO - DAG(s) 'example_dag_decorator' retrieved from /home/airflow/.local/lib/python3.12/site-packages/airflow/example_dags/example_dag_decorator.py
[2024-09-08T06:43:33.176+0000] {logging_mixin.py:190} INFO - [2024-09-08T06:43:33.176+0000] {dag.py:3229} INFO - Sync 1 DAGs
[2024-09-08T06:43:33.183+0000] {logging_mixin.py:190} INFO - [2024-09-08T06:43:33.182+0000] {dag.py:4156} INFO - Setting next_dagrun for example_dag_decorator to None, run_after=None
[2024-09-08T06:43:33.195+0000] {processor.py:208} INFO - Processing /home/airflow/.local/lib/python3.12/site-packages/airflow/example_dags/example_dag_decorator.py took 0.097 seconds
[2024-09-08T06:44:03.595+0000] {processor.py:186} INFO - Started process (PID=632) to work on /home/airflow/.local/lib/python3.12/site-packages/airflow/example_dags/example_dag_decorator.py
[2024-09-08T06:44:03.595+0000] {processor.py:914} INFO - Processing file /home/airflow/.local/lib/python3.12/site-packages/airflow/example_dags/example_dag_decorator.py for tasks to queue
[2024-09-08T06:44:03.596+0000] {logging_mixin.py:190} INFO - [2024-09-08T06:44:03.596+0000] {dagbag.py:587} INFO - Filling up the DagBag from /home/airflow/.local/lib/python3.12/site-packages/airflow/example_dags/example_dag_decorator.py
[2024-09-08T06:44:03.602+0000] {processor.py:925} INFO - DAG(s) 'example_dag_decorator' retrieved from /home/airflow/.local/lib/python3.12/site-packages/airflow/example_dags/example_dag_decorator.py
[2024-09-08T06:44:03.673+0000] {logging_mixin.py:190} INFO - [2024-09-08T06:44:03.672+0000] {dag.py:3229} INFO - Sync 1 DAGs
[2024-09-08T06:44:03.682+0000] {logging_mixin.py:190} INFO - [2024-09-08T06:44:03.682+0000] {dag.py:4156} INFO - Setting next_dagrun for example_dag_decorator to None, run_after=None
[2024-09-08T06:44:03.695+0000] {processor.py:208} INFO - Processing /home/airflow/.local/lib/python3.12/site-packages/airflow/example_dags/example_dag_decorator.py took 0.104 seconds
[2024-09-08T06:44:34.183+0000] {processor.py:186} INFO - Started process (PID=694) to work on /home/airflow/.local/lib/python3.12/site-packages/airflow/example_dags/example_dag_decorator.py
[2024-09-08T06:44:34.184+0000] {processor.py:914} INFO - Processing file /home/airflow/.local/lib/python3.12/site-packages/airflow/example_dags/example_dag_decorator.py for tasks to queue
[2024-09-08T06:44:34.185+0000] {logging_mixin.py:190} INFO - [2024-09-08T06:44:34.185+0000] {dagbag.py:587} INFO - Filling up the DagBag from /home/airflow/.local/lib/python3.12/site-packages/airflow/example_dags/example_dag_decorator.py
[2024-09-08T06:44:34.191+0000] {processor.py:925} INFO - DAG(s) 'example_dag_decorator' retrieved from /home/airflow/.local/lib/python3.12/site-packages/airflow/example_dags/example_dag_decorator.py
[2024-09-08T06:44:34.260+0000] {logging_mixin.py:190} INFO - [2024-09-08T06:44:34.260+0000] {dag.py:3229} INFO - Sync 1 DAGs
[2024-09-08T06:44:34.270+0000] {logging_mixin.py:190} INFO - [2024-09-08T06:44:34.270+0000] {dag.py:4156} INFO - Setting next_dagrun for example_dag_decorator to None, run_after=None
[2024-09-08T06:44:34.283+0000] {processor.py:208} INFO - Processing /home/airflow/.local/lib/python3.12/site-packages/airflow/example_dags/example_dag_decorator.py took 0.103 seconds
[2024-09-08T06:45:04.901+0000] {processor.py:186} INFO - Started process (PID=756) to work on /home/airflow/.local/lib/python3.12/site-packages/airflow/example_dags/example_dag_decorator.py
[2024-09-08T06:45:04.901+0000] {processor.py:914} INFO - Processing file /home/airflow/.local/lib/python3.12/site-packages/airflow/example_dags/example_dag_decorator.py for tasks to queue
[2024-09-08T06:45:04.903+0000] {logging_mixin.py:190} INFO - [2024-09-08T06:45:04.903+0000] {dagbag.py:587} INFO - Filling up the DagBag from /home/airflow/.local/lib/python3.12/site-packages/airflow/example_dags/example_dag_decorator.py
[2024-09-08T06:45:04.910+0000] {processor.py:925} INFO - DAG(s) 'example_dag_decorator' retrieved from /home/airflow/.local/lib/python3.12/site-packages/airflow/example_dags/example_dag_decorator.py
[2024-09-08T06:45:04.975+0000] {logging_mixin.py:190} INFO - [2024-09-08T06:45:04.974+0000] {dag.py:3229} INFO - Sync 1 DAGs
[2024-09-08T06:45:04.982+0000] {logging_mixin.py:190} INFO - [2024-09-08T06:45:04.981+0000] {dag.py:4156} INFO - Setting next_dagrun for example_dag_decorator to None, run_after=None
[2024-09-08T06:45:04.993+0000] {processor.py:208} INFO - Processing /home/airflow/.local/lib/python3.12/site-packages/airflow/example_dags/example_dag_decorator.py took 0.095 seconds
[2024-09-08T06:45:35.327+0000] {processor.py:186} INFO - Started process (PID=819) to work on /home/airflow/.local/lib/python3.12/site-packages/airflow/example_dags/example_dag_decorator.py
[2024-09-08T06:45:35.327+0000] {processor.py:914} INFO - Processing file /home/airflow/.local/lib/python3.12/site-packages/airflow/example_dags/example_dag_decorator.py for tasks to queue
[2024-09-08T06:45:35.328+0000] {logging_mixin.py:190} INFO - [2024-09-08T06:45:35.328+0000] {dagbag.py:587} INFO - Filling up the DagBag from /home/airflow/.local/lib/python3.12/site-packages/airflow/example_dags/example_dag_decorator.py
[2024-09-08T06:45:35.335+0000] {processor.py:925} INFO - DAG(s) 'example_dag_decorator' retrieved from /home/airflow/.local/lib/python3.12/site-packages/airflow/example_dags/example_dag_decorator.py
[2024-09-08T06:45:35.349+0000] {logging_mixin.py:190} INFO - [2024-09-08T06:45:35.349+0000] {dag.py:3229} INFO - Sync 1 DAGs
[2024-09-08T06:45:35.358+0000] {logging_mixin.py:190} INFO - [2024-09-08T06:45:35.358+0000] {dag.py:4156} INFO - Setting next_dagrun for example_dag_decorator to None, run_after=None
[2024-09-08T06:45:35.371+0000] {processor.py:208} INFO - Processing /home/airflow/.local/lib/python3.12/site-packages/airflow/example_dags/example_dag_decorator.py took 0.048 seconds
[2024-09-08T06:46:05.753+0000] {processor.py:186} INFO - Started process (PID=880) to work on /home/airflow/.local/lib/python3.12/site-packages/airflow/example_dags/example_dag_decorator.py
[2024-09-08T06:46:05.753+0000] {processor.py:914} INFO - Processing file /home/airflow/.local/lib/python3.12/site-packages/airflow/example_dags/example_dag_decorator.py for tasks to queue
[2024-09-08T06:46:05.755+0000] {logging_mixin.py:190} INFO - [2024-09-08T06:46:05.755+0000] {dagbag.py:587} INFO - Filling up the DagBag from /home/airflow/.local/lib/python3.12/site-packages/airflow/example_dags/example_dag_decorator.py
[2024-09-08T06:46:05.761+0000] {processor.py:925} INFO - DAG(s) 'example_dag_decorator' retrieved from /home/airflow/.local/lib/python3.12/site-packages/airflow/example_dags/example_dag_decorator.py
[2024-09-08T06:46:05.775+0000] {logging_mixin.py:190} INFO - [2024-09-08T06:46:05.775+0000] {dag.py:3229} INFO - Sync 1 DAGs
[2024-09-08T06:46:05.782+0000] {logging_mixin.py:190} INFO - [2024-09-08T06:46:05.782+0000] {dag.py:4156} INFO - Setting next_dagrun for example_dag_decorator to None, run_after=None
[2024-09-08T06:46:05.792+0000] {processor.py:208} INFO - Processing /home/airflow/.local/lib/python3.12/site-packages/airflow/example_dags/example_dag_decorator.py took 0.045 seconds
[2024-09-08T06:46:36.290+0000] {processor.py:186} INFO - Started process (PID=942) to work on /home/airflow/.local/lib/python3.12/site-packages/airflow/example_dags/example_dag_decorator.py
[2024-09-08T06:46:36.290+0000] {processor.py:914} INFO - Processing file /home/airflow/.local/lib/python3.12/site-packages/airflow/example_dags/example_dag_decorator.py for tasks to queue
[2024-09-08T06:46:36.292+0000] {logging_mixin.py:190} INFO - [2024-09-08T06:46:36.292+0000] {dagbag.py:587} INFO - Filling up the DagBag from /home/airflow/.local/lib/python3.12/site-packages/airflow/example_dags/example_dag_decorator.py
[2024-09-08T06:46:36.299+0000] {processor.py:925} INFO - DAG(s) 'example_dag_decorator' retrieved from /home/airflow/.local/lib/python3.12/site-packages/airflow/example_dags/example_dag_decorator.py
[2024-09-08T06:46:36.368+0000] {logging_mixin.py:190} INFO - [2024-09-08T06:46:36.368+0000] {dag.py:3229} INFO - Sync 1 DAGs
[2024-09-08T06:46:36.374+0000] {logging_mixin.py:190} INFO - [2024-09-08T06:46:36.374+0000] {dag.py:4156} INFO - Setting next_dagrun for example_dag_decorator to None, run_after=None
[2024-09-08T06:46:36.386+0000] {processor.py:208} INFO - Processing /home/airflow/.local/lib/python3.12/site-packages/airflow/example_dags/example_dag_decorator.py took 0.100 seconds
[2024-09-08T06:47:06.711+0000] {processor.py:186} INFO - Started process (PID=1005) to work on /home/airflow/.local/lib/python3.12/site-packages/airflow/example_dags/example_dag_decorator.py
[2024-09-08T06:47:06.711+0000] {processor.py:914} INFO - Processing file /home/airflow/.local/lib/python3.12/site-packages/airflow/example_dags/example_dag_decorator.py for tasks to queue
[2024-09-08T06:47:06.713+0000] {logging_mixin.py:190} INFO - [2024-09-08T06:47:06.712+0000] {dagbag.py:587} INFO - Filling up the DagBag from /home/airflow/.local/lib/python3.12/site-packages/airflow/example_dags/example_dag_decorator.py
[2024-09-08T06:47:06.719+0000] {processor.py:925} INFO - DAG(s) 'example_dag_decorator' retrieved from /home/airflow/.local/lib/python3.12/site-packages/airflow/example_dags/example_dag_decorator.py
[2024-09-08T06:47:06.800+0000] {logging_mixin.py:190} INFO - [2024-09-08T06:47:06.800+0000] {dag.py:3229} INFO - Sync 1 DAGs
[2024-09-08T06:47:06.810+0000] {logging_mixin.py:190} INFO - [2024-09-08T06:47:06.810+0000] {dag.py:4156} INFO - Setting next_dagrun for example_dag_decorator to None, run_after=None
[2024-09-08T06:47:06.826+0000] {processor.py:208} INFO - Processing /home/airflow/.local/lib/python3.12/site-packages/airflow/example_dags/example_dag_decorator.py took 0.119 seconds
[2024-09-08T06:47:37.282+0000] {processor.py:186} INFO - Started process (PID=1066) to work on /home/airflow/.local/lib/python3.12/site-packages/airflow/example_dags/example_dag_decorator.py
[2024-09-08T06:47:37.282+0000] {processor.py:914} INFO - Processing file /home/airflow/.local/lib/python3.12/site-packages/airflow/example_dags/example_dag_decorator.py for tasks to queue
[2024-09-08T06:47:37.284+0000] {logging_mixin.py:190} INFO - [2024-09-08T06:47:37.283+0000] {dagbag.py:587} INFO - Filling up the DagBag from /home/airflow/.local/lib/python3.12/site-packages/airflow/example_dags/example_dag_decorator.py
[2024-09-08T06:47:37.290+0000] {processor.py:925} INFO - DAG(s) 'example_dag_decorator' retrieved from /home/airflow/.local/lib/python3.12/site-packages/airflow/example_dags/example_dag_decorator.py
[2024-09-08T06:47:37.363+0000] {logging_mixin.py:190} INFO - [2024-09-08T06:47:37.362+0000] {dag.py:3229} INFO - Sync 1 DAGs
[2024-09-08T06:47:37.372+0000] {logging_mixin.py:190} INFO - [2024-09-08T06:47:37.372+0000] {dag.py:4156} INFO - Setting next_dagrun for example_dag_decorator to None, run_after=None
[2024-09-08T06:47:37.384+0000] {processor.py:208} INFO - Processing /home/airflow/.local/lib/python3.12/site-packages/airflow/example_dags/example_dag_decorator.py took 0.106 seconds
[2024-09-08T06:48:07.789+0000] {processor.py:186} INFO - Started process (PID=1128) to work on /home/airflow/.local/lib/python3.12/site-packages/airflow/example_dags/example_dag_decorator.py
[2024-09-08T06:48:07.790+0000] {processor.py:914} INFO - Processing file /home/airflow/.local/lib/python3.12/site-packages/airflow/example_dags/example_dag_decorator.py for tasks to queue
[2024-09-08T06:48:07.791+0000] {logging_mixin.py:190} INFO - [2024-09-08T06:48:07.791+0000] {dagbag.py:587} INFO - Filling up the DagBag from /home/airflow/.local/lib/python3.12/site-packages/airflow/example_dags/example_dag_decorator.py
[2024-09-08T06:48:07.799+0000] {processor.py:925} INFO - DAG(s) 'example_dag_decorator' retrieved from /home/airflow/.local/lib/python3.12/site-packages/airflow/example_dags/example_dag_decorator.py
[2024-09-08T06:48:07.816+0000] {logging_mixin.py:190} INFO - [2024-09-08T06:48:07.815+0000] {dag.py:3229} INFO - Sync 1 DAGs
[2024-09-08T06:48:07.828+0000] {logging_mixin.py:190} INFO - [2024-09-08T06:48:07.828+0000] {dag.py:4156} INFO - Setting next_dagrun for example_dag_decorator to None, run_after=None
[2024-09-08T06:48:07.842+0000] {processor.py:208} INFO - Processing /home/airflow/.local/lib/python3.12/site-packages/airflow/example_dags/example_dag_decorator.py took 0.057 seconds
[2024-09-08T06:48:38.439+0000] {processor.py:186} INFO - Started process (PID=1190) to work on /home/airflow/.local/lib/python3.12/site-packages/airflow/example_dags/example_dag_decorator.py
[2024-09-08T06:48:38.440+0000] {processor.py:914} INFO - Processing file /home/airflow/.local/lib/python3.12/site-packages/airflow/example_dags/example_dag_decorator.py for tasks to queue
[2024-09-08T06:48:38.441+0000] {logging_mixin.py:190} INFO - [2024-09-08T06:48:38.441+0000] {dagbag.py:587} INFO - Filling up the DagBag from /home/airflow/.local/lib/python3.12/site-packages/airflow/example_dags/example_dag_decorator.py
[2024-09-08T06:48:38.449+0000] {processor.py:925} INFO - DAG(s) 'example_dag_decorator' retrieved from /home/airflow/.local/lib/python3.12/site-packages/airflow/example_dags/example_dag_decorator.py
[2024-09-08T06:48:38.511+0000] {logging_mixin.py:190} INFO - [2024-09-08T06:48:38.510+0000] {dag.py:3229} INFO - Sync 1 DAGs
[2024-09-08T06:48:38.517+0000] {logging_mixin.py:190} INFO - [2024-09-08T06:48:38.517+0000] {dag.py:4156} INFO - Setting next_dagrun for example_dag_decorator to None, run_after=None
[2024-09-08T06:48:38.529+0000] {processor.py:208} INFO - Processing /home/airflow/.local/lib/python3.12/site-packages/airflow/example_dags/example_dag_decorator.py took 0.093 seconds
[2024-09-08T06:49:08.969+0000] {processor.py:186} INFO - Started process (PID=1252) to work on /home/airflow/.local/lib/python3.12/site-packages/airflow/example_dags/example_dag_decorator.py
[2024-09-08T06:49:08.969+0000] {processor.py:914} INFO - Processing file /home/airflow/.local/lib/python3.12/site-packages/airflow/example_dags/example_dag_decorator.py for tasks to queue
[2024-09-08T06:49:08.970+0000] {logging_mixin.py:190} INFO - [2024-09-08T06:49:08.970+0000] {dagbag.py:587} INFO - Filling up the DagBag from /home/airflow/.local/lib/python3.12/site-packages/airflow/example_dags/example_dag_decorator.py
[2024-09-08T06:49:08.976+0000] {processor.py:925} INFO - DAG(s) 'example_dag_decorator' retrieved from /home/airflow/.local/lib/python3.12/site-packages/airflow/example_dags/example_dag_decorator.py
[2024-09-08T06:49:09.042+0000] {logging_mixin.py:190} INFO - [2024-09-08T06:49:09.041+0000] {dag.py:3229} INFO - Sync 1 DAGs
[2024-09-08T06:49:09.048+0000] {logging_mixin.py:190} INFO - [2024-09-08T06:49:09.048+0000] {dag.py:4156} INFO - Setting next_dagrun for example_dag_decorator to None, run_after=None
[2024-09-08T06:49:09.059+0000] {processor.py:208} INFO - Processing /home/airflow/.local/lib/python3.12/site-packages/airflow/example_dags/example_dag_decorator.py took 0.094 seconds
[2024-09-08T06:49:39.687+0000] {processor.py:186} INFO - Started process (PID=1314) to work on /home/airflow/.local/lib/python3.12/site-packages/airflow/example_dags/example_dag_decorator.py
[2024-09-08T06:49:39.688+0000] {processor.py:914} INFO - Processing file /home/airflow/.local/lib/python3.12/site-packages/airflow/example_dags/example_dag_decorator.py for tasks to queue
[2024-09-08T06:49:39.689+0000] {logging_mixin.py:190} INFO - [2024-09-08T06:49:39.689+0000] {dagbag.py:587} INFO - Filling up the DagBag from /home/airflow/.local/lib/python3.12/site-packages/airflow/example_dags/example_dag_decorator.py
[2024-09-08T06:49:39.695+0000] {processor.py:925} INFO - DAG(s) 'example_dag_decorator' retrieved from /home/airflow/.local/lib/python3.12/site-packages/airflow/example_dags/example_dag_decorator.py
[2024-09-08T06:49:39.753+0000] {logging_mixin.py:190} INFO - [2024-09-08T06:49:39.753+0000] {dag.py:3229} INFO - Sync 1 DAGs
[2024-09-08T06:49:39.761+0000] {logging_mixin.py:190} INFO - [2024-09-08T06:49:39.760+0000] {dag.py:4156} INFO - Setting next_dagrun for example_dag_decorator to None, run_after=None
[2024-09-08T06:49:39.771+0000] {processor.py:208} INFO - Processing /home/airflow/.local/lib/python3.12/site-packages/airflow/example_dags/example_dag_decorator.py took 0.087 seconds
[2024-09-08T06:50:10.151+0000] {processor.py:186} INFO - Started process (PID=1376) to work on /home/airflow/.local/lib/python3.12/site-packages/airflow/example_dags/example_dag_decorator.py
[2024-09-08T06:50:10.152+0000] {processor.py:914} INFO - Processing file /home/airflow/.local/lib/python3.12/site-packages/airflow/example_dags/example_dag_decorator.py for tasks to queue
[2024-09-08T06:50:10.153+0000] {logging_mixin.py:190} INFO - [2024-09-08T06:50:10.153+0000] {dagbag.py:587} INFO - Filling up the DagBag from /home/airflow/.local/lib/python3.12/site-packages/airflow/example_dags/example_dag_decorator.py
[2024-09-08T06:50:10.159+0000] {processor.py:925} INFO - DAG(s) 'example_dag_decorator' retrieved from /home/airflow/.local/lib/python3.12/site-packages/airflow/example_dags/example_dag_decorator.py
[2024-09-08T06:50:10.224+0000] {logging_mixin.py:190} INFO - [2024-09-08T06:50:10.224+0000] {dag.py:3229} INFO - Sync 1 DAGs
[2024-09-08T06:50:10.231+0000] {logging_mixin.py:190} INFO - [2024-09-08T06:50:10.231+0000] {dag.py:4156} INFO - Setting next_dagrun for example_dag_decorator to None, run_after=None
[2024-09-08T06:50:10.243+0000] {processor.py:208} INFO - Processing /home/airflow/.local/lib/python3.12/site-packages/airflow/example_dags/example_dag_decorator.py took 0.095 seconds
[2024-09-08T06:50:40.697+0000] {processor.py:186} INFO - Started process (PID=1438) to work on /home/airflow/.local/lib/python3.12/site-packages/airflow/example_dags/example_dag_decorator.py
[2024-09-08T06:50:40.697+0000] {processor.py:914} INFO - Processing file /home/airflow/.local/lib/python3.12/site-packages/airflow/example_dags/example_dag_decorator.py for tasks to queue
[2024-09-08T06:50:40.698+0000] {logging_mixin.py:190} INFO - [2024-09-08T06:50:40.698+0000] {dagbag.py:587} INFO - Filling up the DagBag from /home/airflow/.local/lib/python3.12/site-packages/airflow/example_dags/example_dag_decorator.py
[2024-09-08T06:50:40.704+0000] {processor.py:925} INFO - DAG(s) 'example_dag_decorator' retrieved from /home/airflow/.local/lib/python3.12/site-packages/airflow/example_dags/example_dag_decorator.py
[2024-09-08T06:50:40.718+0000] {logging_mixin.py:190} INFO - [2024-09-08T06:50:40.717+0000] {dag.py:3229} INFO - Sync 1 DAGs
[2024-09-08T06:50:40.726+0000] {logging_mixin.py:190} INFO - [2024-09-08T06:50:40.726+0000] {dag.py:4156} INFO - Setting next_dagrun for example_dag_decorator to None, run_after=None
[2024-09-08T06:50:40.735+0000] {processor.py:208} INFO - Processing /home/airflow/.local/lib/python3.12/site-packages/airflow/example_dags/example_dag_decorator.py took 0.042 seconds
[2024-09-08T06:51:11.234+0000] {processor.py:186} INFO - Started process (PID=1500) to work on /home/airflow/.local/lib/python3.12/site-packages/airflow/example_dags/example_dag_decorator.py
[2024-09-08T06:51:11.235+0000] {processor.py:914} INFO - Processing file /home/airflow/.local/lib/python3.12/site-packages/airflow/example_dags/example_dag_decorator.py for tasks to queue
[2024-09-08T06:51:11.236+0000] {logging_mixin.py:190} INFO - [2024-09-08T06:51:11.236+0000] {dagbag.py:587} INFO - Filling up the DagBag from /home/airflow/.local/lib/python3.12/site-packages/airflow/example_dags/example_dag_decorator.py
[2024-09-08T06:51:11.242+0000] {processor.py:925} INFO - DAG(s) 'example_dag_decorator' retrieved from /home/airflow/.local/lib/python3.12/site-packages/airflow/example_dags/example_dag_decorator.py
[2024-09-08T06:51:11.308+0000] {logging_mixin.py:190} INFO - [2024-09-08T06:51:11.308+0000] {dag.py:3229} INFO - Sync 1 DAGs
[2024-09-08T06:51:11.315+0000] {logging_mixin.py:190} INFO - [2024-09-08T06:51:11.315+0000] {dag.py:4156} INFO - Setting next_dagrun for example_dag_decorator to None, run_after=None
[2024-09-08T06:51:11.326+0000] {processor.py:208} INFO - Processing /home/airflow/.local/lib/python3.12/site-packages/airflow/example_dags/example_dag_decorator.py took 0.095 seconds
[2024-09-08T06:51:41.729+0000] {processor.py:186} INFO - Started process (PID=1562) to work on /home/airflow/.local/lib/python3.12/site-packages/airflow/example_dags/example_dag_decorator.py
[2024-09-08T06:51:41.730+0000] {processor.py:914} INFO - Processing file /home/airflow/.local/lib/python3.12/site-packages/airflow/example_dags/example_dag_decorator.py for tasks to queue
[2024-09-08T06:51:41.731+0000] {logging_mixin.py:190} INFO - [2024-09-08T06:51:41.730+0000] {dagbag.py:587} INFO - Filling up the DagBag from /home/airflow/.local/lib/python3.12/site-packages/airflow/example_dags/example_dag_decorator.py
[2024-09-08T06:51:41.736+0000] {processor.py:925} INFO - DAG(s) 'example_dag_decorator' retrieved from /home/airflow/.local/lib/python3.12/site-packages/airflow/example_dags/example_dag_decorator.py
[2024-09-08T06:51:41.794+0000] {logging_mixin.py:190} INFO - [2024-09-08T06:51:41.794+0000] {dag.py:3229} INFO - Sync 1 DAGs
[2024-09-08T06:51:41.800+0000] {logging_mixin.py:190} INFO - [2024-09-08T06:51:41.800+0000] {dag.py:4156} INFO - Setting next_dagrun for example_dag_decorator to None, run_after=None
[2024-09-08T06:51:41.812+0000] {processor.py:208} INFO - Processing /home/airflow/.local/lib/python3.12/site-packages/airflow/example_dags/example_dag_decorator.py took 0.086 seconds
[2024-09-08T06:52:12.397+0000] {processor.py:186} INFO - Started process (PID=1624) to work on /home/airflow/.local/lib/python3.12/site-packages/airflow/example_dags/example_dag_decorator.py
[2024-09-08T06:52:12.397+0000] {processor.py:914} INFO - Processing file /home/airflow/.local/lib/python3.12/site-packages/airflow/example_dags/example_dag_decorator.py for tasks to queue
[2024-09-08T06:52:12.398+0000] {logging_mixin.py:190} INFO - [2024-09-08T06:52:12.398+0000] {dagbag.py:587} INFO - Filling up the DagBag from /home/airflow/.local/lib/python3.12/site-packages/airflow/example_dags/example_dag_decorator.py
[2024-09-08T06:52:12.404+0000] {processor.py:925} INFO - DAG(s) 'example_dag_decorator' retrieved from /home/airflow/.local/lib/python3.12/site-packages/airflow/example_dags/example_dag_decorator.py
[2024-09-08T06:52:12.471+0000] {logging_mixin.py:190} INFO - [2024-09-08T06:52:12.471+0000] {dag.py:3229} INFO - Sync 1 DAGs
[2024-09-08T06:52:12.477+0000] {logging_mixin.py:190} INFO - [2024-09-08T06:52:12.477+0000] {dag.py:4156} INFO - Setting next_dagrun for example_dag_decorator to None, run_after=None
[2024-09-08T06:52:12.488+0000] {processor.py:208} INFO - Processing /home/airflow/.local/lib/python3.12/site-packages/airflow/example_dags/example_dag_decorator.py took 0.094 seconds
[2024-09-08T06:52:42.935+0000] {processor.py:186} INFO - Started process (PID=1686) to work on /home/airflow/.local/lib/python3.12/site-packages/airflow/example_dags/example_dag_decorator.py
[2024-09-08T06:52:42.936+0000] {processor.py:914} INFO - Processing file /home/airflow/.local/lib/python3.12/site-packages/airflow/example_dags/example_dag_decorator.py for tasks to queue
[2024-09-08T06:52:42.937+0000] {logging_mixin.py:190} INFO - [2024-09-08T06:52:42.937+0000] {dagbag.py:587} INFO - Filling up the DagBag from /home/airflow/.local/lib/python3.12/site-packages/airflow/example_dags/example_dag_decorator.py
[2024-09-08T06:52:42.943+0000] {processor.py:925} INFO - DAG(s) 'example_dag_decorator' retrieved from /home/airflow/.local/lib/python3.12/site-packages/airflow/example_dags/example_dag_decorator.py
[2024-09-08T06:52:43.015+0000] {logging_mixin.py:190} INFO - [2024-09-08T06:52:43.015+0000] {dag.py:3229} INFO - Sync 1 DAGs
[2024-09-08T06:52:43.024+0000] {logging_mixin.py:190} INFO - [2024-09-08T06:52:43.023+0000] {dag.py:4156} INFO - Setting next_dagrun for example_dag_decorator to None, run_after=None
[2024-09-08T06:52:43.037+0000] {processor.py:208} INFO - Processing /home/airflow/.local/lib/python3.12/site-packages/airflow/example_dags/example_dag_decorator.py took 0.105 seconds
[2024-09-08T06:53:13.443+0000] {processor.py:186} INFO - Started process (PID=1748) to work on /home/airflow/.local/lib/python3.12/site-packages/airflow/example_dags/example_dag_decorator.py
[2024-09-08T06:53:13.443+0000] {processor.py:914} INFO - Processing file /home/airflow/.local/lib/python3.12/site-packages/airflow/example_dags/example_dag_decorator.py for tasks to queue
[2024-09-08T06:53:13.444+0000] {logging_mixin.py:190} INFO - [2024-09-08T06:53:13.444+0000] {dagbag.py:587} INFO - Filling up the DagBag from /home/airflow/.local/lib/python3.12/site-packages/airflow/example_dags/example_dag_decorator.py
[2024-09-08T06:53:13.450+0000] {processor.py:925} INFO - DAG(s) 'example_dag_decorator' retrieved from /home/airflow/.local/lib/python3.12/site-packages/airflow/example_dags/example_dag_decorator.py
[2024-09-08T06:53:13.521+0000] {logging_mixin.py:190} INFO - [2024-09-08T06:53:13.521+0000] {dag.py:3229} INFO - Sync 1 DAGs
[2024-09-08T06:53:13.531+0000] {logging_mixin.py:190} INFO - [2024-09-08T06:53:13.531+0000] {dag.py:4156} INFO - Setting next_dagrun for example_dag_decorator to None, run_after=None
[2024-09-08T06:53:13.544+0000] {processor.py:208} INFO - Processing /home/airflow/.local/lib/python3.12/site-packages/airflow/example_dags/example_dag_decorator.py took 0.105 seconds
[2024-09-08T06:53:44.078+0000] {processor.py:186} INFO - Started process (PID=1810) to work on /home/airflow/.local/lib/python3.12/site-packages/airflow/example_dags/example_dag_decorator.py
[2024-09-08T06:53:44.079+0000] {processor.py:914} INFO - Processing file /home/airflow/.local/lib/python3.12/site-packages/airflow/example_dags/example_dag_decorator.py for tasks to queue
[2024-09-08T06:53:44.080+0000] {logging_mixin.py:190} INFO - [2024-09-08T06:53:44.080+0000] {dagbag.py:587} INFO - Filling up the DagBag from /home/airflow/.local/lib/python3.12/site-packages/airflow/example_dags/example_dag_decorator.py
[2024-09-08T06:53:44.086+0000] {processor.py:925} INFO - DAG(s) 'example_dag_decorator' retrieved from /home/airflow/.local/lib/python3.12/site-packages/airflow/example_dags/example_dag_decorator.py
[2024-09-08T06:53:44.158+0000] {logging_mixin.py:190} INFO - [2024-09-08T06:53:44.158+0000] {dag.py:3229} INFO - Sync 1 DAGs
[2024-09-08T06:53:44.164+0000] {logging_mixin.py:190} INFO - [2024-09-08T06:53:44.164+0000] {dag.py:4156} INFO - Setting next_dagrun for example_dag_decorator to None, run_after=None
[2024-09-08T06:53:44.174+0000] {processor.py:208} INFO - Processing /home/airflow/.local/lib/python3.12/site-packages/airflow/example_dags/example_dag_decorator.py took 0.099 seconds
[2024-09-08T06:54:14.683+0000] {processor.py:186} INFO - Started process (PID=1878) to work on /home/airflow/.local/lib/python3.12/site-packages/airflow/example_dags/example_dag_decorator.py
[2024-09-08T06:54:14.684+0000] {processor.py:914} INFO - Processing file /home/airflow/.local/lib/python3.12/site-packages/airflow/example_dags/example_dag_decorator.py for tasks to queue
[2024-09-08T06:54:14.685+0000] {logging_mixin.py:190} INFO - [2024-09-08T06:54:14.685+0000] {dagbag.py:587} INFO - Filling up the DagBag from /home/airflow/.local/lib/python3.12/site-packages/airflow/example_dags/example_dag_decorator.py
[2024-09-08T06:54:14.692+0000] {processor.py:925} INFO - DAG(s) 'example_dag_decorator' retrieved from /home/airflow/.local/lib/python3.12/site-packages/airflow/example_dags/example_dag_decorator.py
[2024-09-08T06:54:14.763+0000] {logging_mixin.py:190} INFO - [2024-09-08T06:54:14.762+0000] {dag.py:3229} INFO - Sync 1 DAGs
[2024-09-08T06:54:14.770+0000] {logging_mixin.py:190} INFO - [2024-09-08T06:54:14.770+0000] {dag.py:4156} INFO - Setting next_dagrun for example_dag_decorator to None, run_after=None
[2024-09-08T06:54:14.780+0000] {processor.py:208} INFO - Processing /home/airflow/.local/lib/python3.12/site-packages/airflow/example_dags/example_dag_decorator.py took 0.100 seconds
[2024-09-08T06:54:45.367+0000] {processor.py:186} INFO - Started process (PID=1940) to work on /home/airflow/.local/lib/python3.12/site-packages/airflow/example_dags/example_dag_decorator.py
[2024-09-08T06:54:45.368+0000] {processor.py:914} INFO - Processing file /home/airflow/.local/lib/python3.12/site-packages/airflow/example_dags/example_dag_decorator.py for tasks to queue
[2024-09-08T06:54:45.369+0000] {logging_mixin.py:190} INFO - [2024-09-08T06:54:45.369+0000] {dagbag.py:587} INFO - Filling up the DagBag from /home/airflow/.local/lib/python3.12/site-packages/airflow/example_dags/example_dag_decorator.py
[2024-09-08T06:54:45.375+0000] {processor.py:925} INFO - DAG(s) 'example_dag_decorator' retrieved from /home/airflow/.local/lib/python3.12/site-packages/airflow/example_dags/example_dag_decorator.py
[2024-09-08T06:54:45.436+0000] {logging_mixin.py:190} INFO - [2024-09-08T06:54:45.436+0000] {dag.py:3229} INFO - Sync 1 DAGs
[2024-09-08T06:54:45.443+0000] {logging_mixin.py:190} INFO - [2024-09-08T06:54:45.443+0000] {dag.py:4156} INFO - Setting next_dagrun for example_dag_decorator to None, run_after=None
[2024-09-08T06:54:45.454+0000] {processor.py:208} INFO - Processing /home/airflow/.local/lib/python3.12/site-packages/airflow/example_dags/example_dag_decorator.py took 0.090 seconds
[2024-09-08T06:55:15.766+0000] {processor.py:186} INFO - Started process (PID=2003) to work on /home/airflow/.local/lib/python3.12/site-packages/airflow/example_dags/example_dag_decorator.py
[2024-09-08T06:55:15.766+0000] {processor.py:914} INFO - Processing file /home/airflow/.local/lib/python3.12/site-packages/airflow/example_dags/example_dag_decorator.py for tasks to queue
[2024-09-08T06:55:15.767+0000] {logging_mixin.py:190} INFO - [2024-09-08T06:55:15.767+0000] {dagbag.py:587} INFO - Filling up the DagBag from /home/airflow/.local/lib/python3.12/site-packages/airflow/example_dags/example_dag_decorator.py
[2024-09-08T06:55:15.773+0000] {processor.py:925} INFO - DAG(s) 'example_dag_decorator' retrieved from /home/airflow/.local/lib/python3.12/site-packages/airflow/example_dags/example_dag_decorator.py
[2024-09-08T06:55:15.856+0000] {logging_mixin.py:190} INFO - [2024-09-08T06:55:15.856+0000] {dag.py:3229} INFO - Sync 1 DAGs
[2024-09-08T06:55:15.862+0000] {logging_mixin.py:190} INFO - [2024-09-08T06:55:15.862+0000] {dag.py:4156} INFO - Setting next_dagrun for example_dag_decorator to None, run_after=None
[2024-09-08T06:55:15.874+0000] {processor.py:208} INFO - Processing /home/airflow/.local/lib/python3.12/site-packages/airflow/example_dags/example_dag_decorator.py took 0.112 seconds
[2024-09-08T06:55:46.288+0000] {processor.py:186} INFO - Started process (PID=2064) to work on /home/airflow/.local/lib/python3.12/site-packages/airflow/example_dags/example_dag_decorator.py
[2024-09-08T06:55:46.289+0000] {processor.py:914} INFO - Processing file /home/airflow/.local/lib/python3.12/site-packages/airflow/example_dags/example_dag_decorator.py for tasks to queue
[2024-09-08T06:55:46.290+0000] {logging_mixin.py:190} INFO - [2024-09-08T06:55:46.290+0000] {dagbag.py:587} INFO - Filling up the DagBag from /home/airflow/.local/lib/python3.12/site-packages/airflow/example_dags/example_dag_decorator.py
[2024-09-08T06:55:46.298+0000] {processor.py:925} INFO - DAG(s) 'example_dag_decorator' retrieved from /home/airflow/.local/lib/python3.12/site-packages/airflow/example_dags/example_dag_decorator.py
[2024-09-08T06:55:46.314+0000] {logging_mixin.py:190} INFO - [2024-09-08T06:55:46.314+0000] {dag.py:3229} INFO - Sync 1 DAGs
[2024-09-08T06:55:46.325+0000] {logging_mixin.py:190} INFO - [2024-09-08T06:55:46.324+0000] {dag.py:4156} INFO - Setting next_dagrun for example_dag_decorator to None, run_after=None
[2024-09-08T06:55:46.337+0000] {processor.py:208} INFO - Processing /home/airflow/.local/lib/python3.12/site-packages/airflow/example_dags/example_dag_decorator.py took 0.052 seconds
[2024-09-08T06:56:16.873+0000] {processor.py:186} INFO - Started process (PID=2126) to work on /home/airflow/.local/lib/python3.12/site-packages/airflow/example_dags/example_dag_decorator.py
[2024-09-08T06:56:16.874+0000] {processor.py:914} INFO - Processing file /home/airflow/.local/lib/python3.12/site-packages/airflow/example_dags/example_dag_decorator.py for tasks to queue
[2024-09-08T06:56:16.875+0000] {logging_mixin.py:190} INFO - [2024-09-08T06:56:16.875+0000] {dagbag.py:587} INFO - Filling up the DagBag from /home/airflow/.local/lib/python3.12/site-packages/airflow/example_dags/example_dag_decorator.py
[2024-09-08T06:56:16.882+0000] {processor.py:925} INFO - DAG(s) 'example_dag_decorator' retrieved from /home/airflow/.local/lib/python3.12/site-packages/airflow/example_dags/example_dag_decorator.py
[2024-09-08T06:56:16.899+0000] {logging_mixin.py:190} INFO - [2024-09-08T06:56:16.899+0000] {dag.py:3229} INFO - Sync 1 DAGs
[2024-09-08T06:56:16.908+0000] {logging_mixin.py:190} INFO - [2024-09-08T06:56:16.907+0000] {dag.py:4156} INFO - Setting next_dagrun for example_dag_decorator to None, run_after=None
[2024-09-08T06:56:16.920+0000] {processor.py:208} INFO - Processing /home/airflow/.local/lib/python3.12/site-packages/airflow/example_dags/example_dag_decorator.py took 0.051 seconds
[2024-09-08T06:56:47.412+0000] {processor.py:186} INFO - Started process (PID=2188) to work on /home/airflow/.local/lib/python3.12/site-packages/airflow/example_dags/example_dag_decorator.py
[2024-09-08T06:56:47.412+0000] {processor.py:914} INFO - Processing file /home/airflow/.local/lib/python3.12/site-packages/airflow/example_dags/example_dag_decorator.py for tasks to queue
[2024-09-08T06:56:47.413+0000] {logging_mixin.py:190} INFO - [2024-09-08T06:56:47.413+0000] {dagbag.py:587} INFO - Filling up the DagBag from /home/airflow/.local/lib/python3.12/site-packages/airflow/example_dags/example_dag_decorator.py
[2024-09-08T06:56:47.419+0000] {processor.py:925} INFO - DAG(s) 'example_dag_decorator' retrieved from /home/airflow/.local/lib/python3.12/site-packages/airflow/example_dags/example_dag_decorator.py
[2024-09-08T06:56:47.492+0000] {logging_mixin.py:190} INFO - [2024-09-08T06:56:47.492+0000] {dag.py:3229} INFO - Sync 1 DAGs
[2024-09-08T06:56:47.502+0000] {logging_mixin.py:190} INFO - [2024-09-08T06:56:47.502+0000] {dag.py:4156} INFO - Setting next_dagrun for example_dag_decorator to None, run_after=None
[2024-09-08T06:56:47.516+0000] {processor.py:208} INFO - Processing /home/airflow/.local/lib/python3.12/site-packages/airflow/example_dags/example_dag_decorator.py took 0.107 seconds
[2024-09-08T06:57:18.076+0000] {processor.py:186} INFO - Started process (PID=2250) to work on /home/airflow/.local/lib/python3.12/site-packages/airflow/example_dags/example_dag_decorator.py
[2024-09-08T06:57:18.077+0000] {processor.py:914} INFO - Processing file /home/airflow/.local/lib/python3.12/site-packages/airflow/example_dags/example_dag_decorator.py for tasks to queue
[2024-09-08T06:57:18.078+0000] {logging_mixin.py:190} INFO - [2024-09-08T06:57:18.078+0000] {dagbag.py:587} INFO - Filling up the DagBag from /home/airflow/.local/lib/python3.12/site-packages/airflow/example_dags/example_dag_decorator.py
[2024-09-08T06:57:18.084+0000] {processor.py:925} INFO - DAG(s) 'example_dag_decorator' retrieved from /home/airflow/.local/lib/python3.12/site-packages/airflow/example_dags/example_dag_decorator.py
[2024-09-08T06:57:18.146+0000] {logging_mixin.py:190} INFO - [2024-09-08T06:57:18.146+0000] {dag.py:3229} INFO - Sync 1 DAGs
[2024-09-08T06:57:18.152+0000] {logging_mixin.py:190} INFO - [2024-09-08T06:57:18.151+0000] {dag.py:4156} INFO - Setting next_dagrun for example_dag_decorator to None, run_after=None
[2024-09-08T06:57:18.163+0000] {processor.py:208} INFO - Processing /home/airflow/.local/lib/python3.12/site-packages/airflow/example_dags/example_dag_decorator.py took 0.090 seconds
[2024-09-08T06:57:48.767+0000] {processor.py:186} INFO - Started process (PID=2312) to work on /home/airflow/.local/lib/python3.12/site-packages/airflow/example_dags/example_dag_decorator.py
[2024-09-08T06:57:48.767+0000] {processor.py:914} INFO - Processing file /home/airflow/.local/lib/python3.12/site-packages/airflow/example_dags/example_dag_decorator.py for tasks to queue
[2024-09-08T06:57:48.769+0000] {logging_mixin.py:190} INFO - [2024-09-08T06:57:48.768+0000] {dagbag.py:587} INFO - Filling up the DagBag from /home/airflow/.local/lib/python3.12/site-packages/airflow/example_dags/example_dag_decorator.py
[2024-09-08T06:57:48.775+0000] {processor.py:925} INFO - DAG(s) 'example_dag_decorator' retrieved from /home/airflow/.local/lib/python3.12/site-packages/airflow/example_dags/example_dag_decorator.py
[2024-09-08T06:57:48.839+0000] {logging_mixin.py:190} INFO - [2024-09-08T06:57:48.839+0000] {dag.py:3229} INFO - Sync 1 DAGs
[2024-09-08T06:57:48.845+0000] {logging_mixin.py:190} INFO - [2024-09-08T06:57:48.845+0000] {dag.py:4156} INFO - Setting next_dagrun for example_dag_decorator to None, run_after=None
[2024-09-08T06:57:48.855+0000] {processor.py:208} INFO - Processing /home/airflow/.local/lib/python3.12/site-packages/airflow/example_dags/example_dag_decorator.py took 0.092 seconds
[2024-09-08T06:58:19.760+0000] {processor.py:186} INFO - Started process (PID=2374) to work on /home/airflow/.local/lib/python3.12/site-packages/airflow/example_dags/example_dag_decorator.py
[2024-09-08T06:58:19.760+0000] {processor.py:914} INFO - Processing file /home/airflow/.local/lib/python3.12/site-packages/airflow/example_dags/example_dag_decorator.py for tasks to queue
[2024-09-08T06:58:19.761+0000] {logging_mixin.py:190} INFO - [2024-09-08T06:58:19.761+0000] {dagbag.py:587} INFO - Filling up the DagBag from /home/airflow/.local/lib/python3.12/site-packages/airflow/example_dags/example_dag_decorator.py
[2024-09-08T06:58:19.767+0000] {processor.py:925} INFO - DAG(s) 'example_dag_decorator' retrieved from /home/airflow/.local/lib/python3.12/site-packages/airflow/example_dags/example_dag_decorator.py
[2024-09-08T06:58:19.834+0000] {logging_mixin.py:190} INFO - [2024-09-08T06:58:19.834+0000] {dag.py:3229} INFO - Sync 1 DAGs
[2024-09-08T06:58:19.842+0000] {logging_mixin.py:190} INFO - [2024-09-08T06:58:19.842+0000] {dag.py:4156} INFO - Setting next_dagrun for example_dag_decorator to None, run_after=None
[2024-09-08T06:58:19.852+0000] {processor.py:208} INFO - Processing /home/airflow/.local/lib/python3.12/site-packages/airflow/example_dags/example_dag_decorator.py took 0.096 seconds
[2024-09-08T06:58:50.403+0000] {processor.py:186} INFO - Started process (PID=2436) to work on /home/airflow/.local/lib/python3.12/site-packages/airflow/example_dags/example_dag_decorator.py
[2024-09-08T06:58:50.403+0000] {processor.py:914} INFO - Processing file /home/airflow/.local/lib/python3.12/site-packages/airflow/example_dags/example_dag_decorator.py for tasks to queue
[2024-09-08T06:58:50.404+0000] {logging_mixin.py:190} INFO - [2024-09-08T06:58:50.404+0000] {dagbag.py:587} INFO - Filling up the DagBag from /home/airflow/.local/lib/python3.12/site-packages/airflow/example_dags/example_dag_decorator.py
[2024-09-08T06:58:50.410+0000] {processor.py:925} INFO - DAG(s) 'example_dag_decorator' retrieved from /home/airflow/.local/lib/python3.12/site-packages/airflow/example_dags/example_dag_decorator.py
[2024-09-08T06:58:50.427+0000] {logging_mixin.py:190} INFO - [2024-09-08T06:58:50.427+0000] {dag.py:3229} INFO - Sync 1 DAGs
[2024-09-08T06:58:50.437+0000] {logging_mixin.py:190} INFO - [2024-09-08T06:58:50.437+0000] {dag.py:4156} INFO - Setting next_dagrun for example_dag_decorator to None, run_after=None
[2024-09-08T06:58:50.450+0000] {processor.py:208} INFO - Processing /home/airflow/.local/lib/python3.12/site-packages/airflow/example_dags/example_dag_decorator.py took 0.050 seconds
[2024-09-08T06:59:21.099+0000] {processor.py:186} INFO - Started process (PID=2498) to work on /home/airflow/.local/lib/python3.12/site-packages/airflow/example_dags/example_dag_decorator.py
[2024-09-08T06:59:21.100+0000] {processor.py:914} INFO - Processing file /home/airflow/.local/lib/python3.12/site-packages/airflow/example_dags/example_dag_decorator.py for tasks to queue
[2024-09-08T06:59:21.101+0000] {logging_mixin.py:190} INFO - [2024-09-08T06:59:21.101+0000] {dagbag.py:587} INFO - Filling up the DagBag from /home/airflow/.local/lib/python3.12/site-packages/airflow/example_dags/example_dag_decorator.py
[2024-09-08T06:59:21.107+0000] {processor.py:925} INFO - DAG(s) 'example_dag_decorator' retrieved from /home/airflow/.local/lib/python3.12/site-packages/airflow/example_dags/example_dag_decorator.py
[2024-09-08T06:59:21.174+0000] {logging_mixin.py:190} INFO - [2024-09-08T06:59:21.174+0000] {dag.py:3229} INFO - Sync 1 DAGs
[2024-09-08T06:59:21.182+0000] {logging_mixin.py:190} INFO - [2024-09-08T06:59:21.182+0000] {dag.py:4156} INFO - Setting next_dagrun for example_dag_decorator to None, run_after=None
[2024-09-08T06:59:21.300+0000] {processor.py:208} INFO - Processing /home/airflow/.local/lib/python3.12/site-packages/airflow/example_dags/example_dag_decorator.py took 0.205 seconds
[2024-09-08T06:59:51.850+0000] {processor.py:186} INFO - Started process (PID=2560) to work on /home/airflow/.local/lib/python3.12/site-packages/airflow/example_dags/example_dag_decorator.py
[2024-09-08T06:59:51.851+0000] {processor.py:914} INFO - Processing file /home/airflow/.local/lib/python3.12/site-packages/airflow/example_dags/example_dag_decorator.py for tasks to queue
[2024-09-08T06:59:51.852+0000] {logging_mixin.py:190} INFO - [2024-09-08T06:59:51.852+0000] {dagbag.py:587} INFO - Filling up the DagBag from /home/airflow/.local/lib/python3.12/site-packages/airflow/example_dags/example_dag_decorator.py
[2024-09-08T06:59:51.860+0000] {processor.py:925} INFO - DAG(s) 'example_dag_decorator' retrieved from /home/airflow/.local/lib/python3.12/site-packages/airflow/example_dags/example_dag_decorator.py
[2024-09-08T06:59:51.933+0000] {logging_mixin.py:190} INFO - [2024-09-08T06:59:51.933+0000] {dag.py:3229} INFO - Sync 1 DAGs
[2024-09-08T06:59:51.942+0000] {logging_mixin.py:190} INFO - [2024-09-08T06:59:51.942+0000] {dag.py:4156} INFO - Setting next_dagrun for example_dag_decorator to None, run_after=None
[2024-09-08T06:59:51.955+0000] {processor.py:208} INFO - Processing /home/airflow/.local/lib/python3.12/site-packages/airflow/example_dags/example_dag_decorator.py took 0.109 seconds
[2024-09-08T07:00:22.510+0000] {processor.py:186} INFO - Started process (PID=2622) to work on /home/airflow/.local/lib/python3.12/site-packages/airflow/example_dags/example_dag_decorator.py
[2024-09-08T07:00:22.511+0000] {processor.py:914} INFO - Processing file /home/airflow/.local/lib/python3.12/site-packages/airflow/example_dags/example_dag_decorator.py for tasks to queue
[2024-09-08T07:00:22.512+0000] {logging_mixin.py:190} INFO - [2024-09-08T07:00:22.512+0000] {dagbag.py:587} INFO - Filling up the DagBag from /home/airflow/.local/lib/python3.12/site-packages/airflow/example_dags/example_dag_decorator.py
[2024-09-08T07:00:22.518+0000] {processor.py:925} INFO - DAG(s) 'example_dag_decorator' retrieved from /home/airflow/.local/lib/python3.12/site-packages/airflow/example_dags/example_dag_decorator.py
[2024-09-08T07:00:22.592+0000] {logging_mixin.py:190} INFO - [2024-09-08T07:00:22.592+0000] {dag.py:3229} INFO - Sync 1 DAGs
[2024-09-08T07:00:22.601+0000] {logging_mixin.py:190} INFO - [2024-09-08T07:00:22.601+0000] {dag.py:4156} INFO - Setting next_dagrun for example_dag_decorator to None, run_after=None
[2024-09-08T07:00:22.614+0000] {processor.py:208} INFO - Processing /home/airflow/.local/lib/python3.12/site-packages/airflow/example_dags/example_dag_decorator.py took 0.107 seconds
[2024-09-08T07:00:53.199+0000] {processor.py:186} INFO - Started process (PID=2684) to work on /home/airflow/.local/lib/python3.12/site-packages/airflow/example_dags/example_dag_decorator.py
[2024-09-08T07:00:53.200+0000] {processor.py:914} INFO - Processing file /home/airflow/.local/lib/python3.12/site-packages/airflow/example_dags/example_dag_decorator.py for tasks to queue
[2024-09-08T07:00:53.201+0000] {logging_mixin.py:190} INFO - [2024-09-08T07:00:53.201+0000] {dagbag.py:587} INFO - Filling up the DagBag from /home/airflow/.local/lib/python3.12/site-packages/airflow/example_dags/example_dag_decorator.py
[2024-09-08T07:00:53.207+0000] {processor.py:925} INFO - DAG(s) 'example_dag_decorator' retrieved from /home/airflow/.local/lib/python3.12/site-packages/airflow/example_dags/example_dag_decorator.py
[2024-09-08T07:00:53.378+0000] {logging_mixin.py:190} INFO - [2024-09-08T07:00:53.378+0000] {dag.py:3229} INFO - Sync 1 DAGs
[2024-09-08T07:00:53.383+0000] {logging_mixin.py:190} INFO - [2024-09-08T07:00:53.383+0000] {dag.py:4156} INFO - Setting next_dagrun for example_dag_decorator to None, run_after=None
[2024-09-08T07:00:53.394+0000] {processor.py:208} INFO - Processing /home/airflow/.local/lib/python3.12/site-packages/airflow/example_dags/example_dag_decorator.py took 0.198 seconds
[2024-09-08T07:01:23.973+0000] {processor.py:186} INFO - Started process (PID=2746) to work on /home/airflow/.local/lib/python3.12/site-packages/airflow/example_dags/example_dag_decorator.py
[2024-09-08T07:01:23.974+0000] {processor.py:914} INFO - Processing file /home/airflow/.local/lib/python3.12/site-packages/airflow/example_dags/example_dag_decorator.py for tasks to queue
[2024-09-08T07:01:23.975+0000] {logging_mixin.py:190} INFO - [2024-09-08T07:01:23.975+0000] {dagbag.py:587} INFO - Filling up the DagBag from /home/airflow/.local/lib/python3.12/site-packages/airflow/example_dags/example_dag_decorator.py
[2024-09-08T07:01:23.982+0000] {processor.py:925} INFO - DAG(s) 'example_dag_decorator' retrieved from /home/airflow/.local/lib/python3.12/site-packages/airflow/example_dags/example_dag_decorator.py
[2024-09-08T07:01:24.163+0000] {logging_mixin.py:190} INFO - [2024-09-08T07:01:24.163+0000] {dag.py:3229} INFO - Sync 1 DAGs
[2024-09-08T07:01:24.172+0000] {logging_mixin.py:190} INFO - [2024-09-08T07:01:24.172+0000] {dag.py:4156} INFO - Setting next_dagrun for example_dag_decorator to None, run_after=None
[2024-09-08T07:01:24.184+0000] {processor.py:208} INFO - Processing /home/airflow/.local/lib/python3.12/site-packages/airflow/example_dags/example_dag_decorator.py took 0.214 seconds
[2024-09-08T07:01:54.236+0000] {processor.py:186} INFO - Started process (PID=2810) to work on /home/airflow/.local/lib/python3.12/site-packages/airflow/example_dags/example_dag_decorator.py
[2024-09-08T07:01:54.237+0000] {processor.py:914} INFO - Processing file /home/airflow/.local/lib/python3.12/site-packages/airflow/example_dags/example_dag_decorator.py for tasks to queue
[2024-09-08T07:01:54.238+0000] {logging_mixin.py:190} INFO - [2024-09-08T07:01:54.237+0000] {dagbag.py:587} INFO - Filling up the DagBag from /home/airflow/.local/lib/python3.12/site-packages/airflow/example_dags/example_dag_decorator.py
[2024-09-08T07:01:54.245+0000] {processor.py:925} INFO - DAG(s) 'example_dag_decorator' retrieved from /home/airflow/.local/lib/python3.12/site-packages/airflow/example_dags/example_dag_decorator.py
[2024-09-08T07:01:54.402+0000] {logging_mixin.py:190} INFO - [2024-09-08T07:01:54.402+0000] {dag.py:3229} INFO - Sync 1 DAGs
[2024-09-08T07:01:54.407+0000] {logging_mixin.py:190} INFO - [2024-09-08T07:01:54.407+0000] {dag.py:4156} INFO - Setting next_dagrun for example_dag_decorator to None, run_after=None
[2024-09-08T07:01:54.422+0000] {processor.py:208} INFO - Processing /home/airflow/.local/lib/python3.12/site-packages/airflow/example_dags/example_dag_decorator.py took 0.189 seconds
[2024-09-08T07:02:25.012+0000] {processor.py:186} INFO - Started process (PID=2870) to work on /home/airflow/.local/lib/python3.12/site-packages/airflow/example_dags/example_dag_decorator.py
[2024-09-08T07:02:25.012+0000] {processor.py:914} INFO - Processing file /home/airflow/.local/lib/python3.12/site-packages/airflow/example_dags/example_dag_decorator.py for tasks to queue
[2024-09-08T07:02:25.013+0000] {logging_mixin.py:190} INFO - [2024-09-08T07:02:25.013+0000] {dagbag.py:587} INFO - Filling up the DagBag from /home/airflow/.local/lib/python3.12/site-packages/airflow/example_dags/example_dag_decorator.py
[2024-09-08T07:02:25.019+0000] {processor.py:925} INFO - DAG(s) 'example_dag_decorator' retrieved from /home/airflow/.local/lib/python3.12/site-packages/airflow/example_dags/example_dag_decorator.py
[2024-09-08T07:02:25.194+0000] {logging_mixin.py:190} INFO - [2024-09-08T07:02:25.194+0000] {dag.py:3229} INFO - Sync 1 DAGs
[2024-09-08T07:02:25.203+0000] {logging_mixin.py:190} INFO - [2024-09-08T07:02:25.203+0000] {dag.py:4156} INFO - Setting next_dagrun for example_dag_decorator to None, run_after=None
[2024-09-08T07:02:25.213+0000] {processor.py:208} INFO - Processing /home/airflow/.local/lib/python3.12/site-packages/airflow/example_dags/example_dag_decorator.py took 0.204 seconds
[2024-09-08T07:02:56.460+0000] {processor.py:186} INFO - Started process (PID=2932) to work on /home/airflow/.local/lib/python3.12/site-packages/airflow/example_dags/example_dag_decorator.py
[2024-09-08T07:02:56.460+0000] {processor.py:914} INFO - Processing file /home/airflow/.local/lib/python3.12/site-packages/airflow/example_dags/example_dag_decorator.py for tasks to queue
[2024-09-08T07:02:56.462+0000] {logging_mixin.py:190} INFO - [2024-09-08T07:02:56.461+0000] {dagbag.py:587} INFO - Filling up the DagBag from /home/airflow/.local/lib/python3.12/site-packages/airflow/example_dags/example_dag_decorator.py
[2024-09-08T07:02:56.468+0000] {processor.py:925} INFO - DAG(s) 'example_dag_decorator' retrieved from /home/airflow/.local/lib/python3.12/site-packages/airflow/example_dags/example_dag_decorator.py
[2024-09-08T07:02:56.538+0000] {logging_mixin.py:190} INFO - [2024-09-08T07:02:56.538+0000] {dag.py:3229} INFO - Sync 1 DAGs
[2024-09-08T07:02:56.648+0000] {logging_mixin.py:190} INFO - [2024-09-08T07:02:56.648+0000] {dag.py:4156} INFO - Setting next_dagrun for example_dag_decorator to None, run_after=None
[2024-09-08T07:02:56.658+0000] {processor.py:208} INFO - Processing /home/airflow/.local/lib/python3.12/site-packages/airflow/example_dags/example_dag_decorator.py took 0.202 seconds
[2024-09-08T07:03:27.842+0000] {processor.py:186} INFO - Started process (PID=2994) to work on /home/airflow/.local/lib/python3.12/site-packages/airflow/example_dags/example_dag_decorator.py
[2024-09-08T07:03:27.842+0000] {processor.py:914} INFO - Processing file /home/airflow/.local/lib/python3.12/site-packages/airflow/example_dags/example_dag_decorator.py for tasks to queue
[2024-09-08T07:03:27.843+0000] {logging_mixin.py:190} INFO - [2024-09-08T07:03:27.843+0000] {dagbag.py:587} INFO - Filling up the DagBag from /home/airflow/.local/lib/python3.12/site-packages/airflow/example_dags/example_dag_decorator.py
[2024-09-08T07:03:27.849+0000] {processor.py:925} INFO - DAG(s) 'example_dag_decorator' retrieved from /home/airflow/.local/lib/python3.12/site-packages/airflow/example_dags/example_dag_decorator.py
[2024-09-08T07:03:28.009+0000] {logging_mixin.py:190} INFO - [2024-09-08T07:03:28.009+0000] {dag.py:3229} INFO - Sync 1 DAGs
[2024-09-08T07:03:28.015+0000] {logging_mixin.py:190} INFO - [2024-09-08T07:03:28.015+0000] {dag.py:4156} INFO - Setting next_dagrun for example_dag_decorator to None, run_after=None
[2024-09-08T07:03:28.026+0000] {processor.py:208} INFO - Processing /home/airflow/.local/lib/python3.12/site-packages/airflow/example_dags/example_dag_decorator.py took 0.187 seconds
[2024-09-08T07:03:58.857+0000] {processor.py:186} INFO - Started process (PID=3056) to work on /home/airflow/.local/lib/python3.12/site-packages/airflow/example_dags/example_dag_decorator.py
[2024-09-08T07:03:58.858+0000] {processor.py:914} INFO - Processing file /home/airflow/.local/lib/python3.12/site-packages/airflow/example_dags/example_dag_decorator.py for tasks to queue
[2024-09-08T07:03:58.859+0000] {logging_mixin.py:190} INFO - [2024-09-08T07:03:58.859+0000] {dagbag.py:587} INFO - Filling up the DagBag from /home/airflow/.local/lib/python3.12/site-packages/airflow/example_dags/example_dag_decorator.py
[2024-09-08T07:03:58.866+0000] {processor.py:925} INFO - DAG(s) 'example_dag_decorator' retrieved from /home/airflow/.local/lib/python3.12/site-packages/airflow/example_dags/example_dag_decorator.py
[2024-09-08T07:03:59.027+0000] {logging_mixin.py:190} INFO - [2024-09-08T07:03:59.026+0000] {dag.py:3229} INFO - Sync 1 DAGs
[2024-09-08T07:03:59.035+0000] {logging_mixin.py:190} INFO - [2024-09-08T07:03:59.035+0000] {dag.py:4156} INFO - Setting next_dagrun for example_dag_decorator to None, run_after=None
[2024-09-08T07:03:59.053+0000] {processor.py:208} INFO - Processing /home/airflow/.local/lib/python3.12/site-packages/airflow/example_dags/example_dag_decorator.py took 0.200 seconds
[2024-09-08T07:04:29.139+0000] {processor.py:186} INFO - Started process (PID=3118) to work on /home/airflow/.local/lib/python3.12/site-packages/airflow/example_dags/example_dag_decorator.py
[2024-09-08T07:04:29.140+0000] {processor.py:914} INFO - Processing file /home/airflow/.local/lib/python3.12/site-packages/airflow/example_dags/example_dag_decorator.py for tasks to queue
[2024-09-08T07:04:29.141+0000] {logging_mixin.py:190} INFO - [2024-09-08T07:04:29.141+0000] {dagbag.py:587} INFO - Filling up the DagBag from /home/airflow/.local/lib/python3.12/site-packages/airflow/example_dags/example_dag_decorator.py
[2024-09-08T07:04:29.147+0000] {processor.py:925} INFO - DAG(s) 'example_dag_decorator' retrieved from /home/airflow/.local/lib/python3.12/site-packages/airflow/example_dags/example_dag_decorator.py
[2024-09-08T07:04:29.311+0000] {logging_mixin.py:190} INFO - [2024-09-08T07:04:29.311+0000] {dag.py:3229} INFO - Sync 1 DAGs
[2024-09-08T07:04:29.321+0000] {logging_mixin.py:190} INFO - [2024-09-08T07:04:29.320+0000] {dag.py:4156} INFO - Setting next_dagrun for example_dag_decorator to None, run_after=None
[2024-09-08T07:04:29.333+0000] {processor.py:208} INFO - Processing /home/airflow/.local/lib/python3.12/site-packages/airflow/example_dags/example_dag_decorator.py took 0.197 seconds
[2024-09-08T07:04:59.431+0000] {processor.py:186} INFO - Started process (PID=3180) to work on /home/airflow/.local/lib/python3.12/site-packages/airflow/example_dags/example_dag_decorator.py
[2024-09-08T07:04:59.432+0000] {processor.py:914} INFO - Processing file /home/airflow/.local/lib/python3.12/site-packages/airflow/example_dags/example_dag_decorator.py for tasks to queue
[2024-09-08T07:04:59.433+0000] {logging_mixin.py:190} INFO - [2024-09-08T07:04:59.433+0000] {dagbag.py:587} INFO - Filling up the DagBag from /home/airflow/.local/lib/python3.12/site-packages/airflow/example_dags/example_dag_decorator.py
[2024-09-08T07:04:59.440+0000] {processor.py:925} INFO - DAG(s) 'example_dag_decorator' retrieved from /home/airflow/.local/lib/python3.12/site-packages/airflow/example_dags/example_dag_decorator.py
[2024-09-08T07:04:59.603+0000] {logging_mixin.py:190} INFO - [2024-09-08T07:04:59.602+0000] {dag.py:3229} INFO - Sync 1 DAGs
[2024-09-08T07:04:59.608+0000] {logging_mixin.py:190} INFO - [2024-09-08T07:04:59.608+0000] {dag.py:4156} INFO - Setting next_dagrun for example_dag_decorator to None, run_after=None
[2024-09-08T07:04:59.625+0000] {processor.py:208} INFO - Processing /home/airflow/.local/lib/python3.12/site-packages/airflow/example_dags/example_dag_decorator.py took 0.197 seconds
[2024-09-08T07:05:30.485+0000] {processor.py:186} INFO - Started process (PID=3242) to work on /home/airflow/.local/lib/python3.12/site-packages/airflow/example_dags/example_dag_decorator.py
[2024-09-08T07:05:30.485+0000] {processor.py:914} INFO - Processing file /home/airflow/.local/lib/python3.12/site-packages/airflow/example_dags/example_dag_decorator.py for tasks to queue
[2024-09-08T07:05:30.486+0000] {logging_mixin.py:190} INFO - [2024-09-08T07:05:30.486+0000] {dagbag.py:587} INFO - Filling up the DagBag from /home/airflow/.local/lib/python3.12/site-packages/airflow/example_dags/example_dag_decorator.py
[2024-09-08T07:05:30.492+0000] {processor.py:925} INFO - DAG(s) 'example_dag_decorator' retrieved from /home/airflow/.local/lib/python3.12/site-packages/airflow/example_dags/example_dag_decorator.py
[2024-09-08T07:05:30.665+0000] {logging_mixin.py:190} INFO - [2024-09-08T07:05:30.665+0000] {dag.py:3229} INFO - Sync 1 DAGs
[2024-09-08T07:05:30.673+0000] {logging_mixin.py:190} INFO - [2024-09-08T07:05:30.673+0000] {dag.py:4156} INFO - Setting next_dagrun for example_dag_decorator to None, run_after=None
[2024-09-08T07:05:30.686+0000] {processor.py:208} INFO - Processing /home/airflow/.local/lib/python3.12/site-packages/airflow/example_dags/example_dag_decorator.py took 0.204 seconds
[2024-09-08T07:06:01.356+0000] {processor.py:186} INFO - Started process (PID=3304) to work on /home/airflow/.local/lib/python3.12/site-packages/airflow/example_dags/example_dag_decorator.py
[2024-09-08T07:06:01.361+0000] {processor.py:914} INFO - Processing file /home/airflow/.local/lib/python3.12/site-packages/airflow/example_dags/example_dag_decorator.py for tasks to queue
[2024-09-08T07:06:01.363+0000] {logging_mixin.py:190} INFO - [2024-09-08T07:06:01.362+0000] {dagbag.py:587} INFO - Filling up the DagBag from /home/airflow/.local/lib/python3.12/site-packages/airflow/example_dags/example_dag_decorator.py
[2024-09-08T07:06:01.368+0000] {processor.py:925} INFO - DAG(s) 'example_dag_decorator' retrieved from /home/airflow/.local/lib/python3.12/site-packages/airflow/example_dags/example_dag_decorator.py
[2024-09-08T07:06:01.436+0000] {logging_mixin.py:190} INFO - [2024-09-08T07:06:01.436+0000] {dag.py:3229} INFO - Sync 1 DAGs
[2024-09-08T07:06:01.445+0000] {logging_mixin.py:190} INFO - [2024-09-08T07:06:01.444+0000] {dag.py:4156} INFO - Setting next_dagrun for example_dag_decorator to None, run_after=None
[2024-09-08T07:06:01.459+0000] {processor.py:208} INFO - Processing /home/airflow/.local/lib/python3.12/site-packages/airflow/example_dags/example_dag_decorator.py took 0.106 seconds
[2024-09-08T07:06:31.805+0000] {processor.py:186} INFO - Started process (PID=3366) to work on /home/airflow/.local/lib/python3.12/site-packages/airflow/example_dags/example_dag_decorator.py
[2024-09-08T07:06:31.811+0000] {processor.py:914} INFO - Processing file /home/airflow/.local/lib/python3.12/site-packages/airflow/example_dags/example_dag_decorator.py for tasks to queue
[2024-09-08T07:06:31.812+0000] {logging_mixin.py:190} INFO - [2024-09-08T07:06:31.812+0000] {dagbag.py:587} INFO - Filling up the DagBag from /home/airflow/.local/lib/python3.12/site-packages/airflow/example_dags/example_dag_decorator.py
[2024-09-08T07:06:31.819+0000] {processor.py:925} INFO - DAG(s) 'example_dag_decorator' retrieved from /home/airflow/.local/lib/python3.12/site-packages/airflow/example_dags/example_dag_decorator.py
[2024-09-08T07:06:31.877+0000] {logging_mixin.py:190} INFO - [2024-09-08T07:06:31.877+0000] {dag.py:3229} INFO - Sync 1 DAGs
[2024-09-08T07:06:31.883+0000] {logging_mixin.py:190} INFO - [2024-09-08T07:06:31.883+0000] {dag.py:4156} INFO - Setting next_dagrun for example_dag_decorator to None, run_after=None
[2024-09-08T07:06:31.894+0000] {processor.py:208} INFO - Processing /home/airflow/.local/lib/python3.12/site-packages/airflow/example_dags/example_dag_decorator.py took 0.093 seconds
[2024-09-08T07:07:02.334+0000] {processor.py:186} INFO - Started process (PID=3428) to work on /home/airflow/.local/lib/python3.12/site-packages/airflow/example_dags/example_dag_decorator.py
[2024-09-08T07:07:02.340+0000] {processor.py:914} INFO - Processing file /home/airflow/.local/lib/python3.12/site-packages/airflow/example_dags/example_dag_decorator.py for tasks to queue
[2024-09-08T07:07:02.342+0000] {logging_mixin.py:190} INFO - [2024-09-08T07:07:02.342+0000] {dagbag.py:587} INFO - Filling up the DagBag from /home/airflow/.local/lib/python3.12/site-packages/airflow/example_dags/example_dag_decorator.py
[2024-09-08T07:07:02.351+0000] {processor.py:925} INFO - DAG(s) 'example_dag_decorator' retrieved from /home/airflow/.local/lib/python3.12/site-packages/airflow/example_dags/example_dag_decorator.py
[2024-09-08T07:07:02.412+0000] {logging_mixin.py:190} INFO - [2024-09-08T07:07:02.412+0000] {dag.py:3229} INFO - Sync 1 DAGs
[2024-09-08T07:07:02.418+0000] {logging_mixin.py:190} INFO - [2024-09-08T07:07:02.418+0000] {dag.py:4156} INFO - Setting next_dagrun for example_dag_decorator to None, run_after=None
[2024-09-08T07:07:02.429+0000] {processor.py:208} INFO - Processing /home/airflow/.local/lib/python3.12/site-packages/airflow/example_dags/example_dag_decorator.py took 0.099 seconds
[2024-09-08T07:07:32.788+0000] {processor.py:186} INFO - Started process (PID=3490) to work on /home/airflow/.local/lib/python3.12/site-packages/airflow/example_dags/example_dag_decorator.py
[2024-09-08T07:07:32.788+0000] {processor.py:914} INFO - Processing file /home/airflow/.local/lib/python3.12/site-packages/airflow/example_dags/example_dag_decorator.py for tasks to queue
[2024-09-08T07:07:32.789+0000] {logging_mixin.py:190} INFO - [2024-09-08T07:07:32.789+0000] {dagbag.py:587} INFO - Filling up the DagBag from /home/airflow/.local/lib/python3.12/site-packages/airflow/example_dags/example_dag_decorator.py
[2024-09-08T07:07:32.795+0000] {processor.py:925} INFO - DAG(s) 'example_dag_decorator' retrieved from /home/airflow/.local/lib/python3.12/site-packages/airflow/example_dags/example_dag_decorator.py
[2024-09-08T07:07:32.863+0000] {logging_mixin.py:190} INFO - [2024-09-08T07:07:32.863+0000] {dag.py:3229} INFO - Sync 1 DAGs
[2024-09-08T07:07:32.870+0000] {logging_mixin.py:190} INFO - [2024-09-08T07:07:32.870+0000] {dag.py:4156} INFO - Setting next_dagrun for example_dag_decorator to None, run_after=None
[2024-09-08T07:07:32.881+0000] {processor.py:208} INFO - Processing /home/airflow/.local/lib/python3.12/site-packages/airflow/example_dags/example_dag_decorator.py took 0.096 seconds
[2024-09-08T07:08:03.173+0000] {processor.py:186} INFO - Started process (PID=3552) to work on /home/airflow/.local/lib/python3.12/site-packages/airflow/example_dags/example_dag_decorator.py
[2024-09-08T07:08:03.178+0000] {processor.py:914} INFO - Processing file /home/airflow/.local/lib/python3.12/site-packages/airflow/example_dags/example_dag_decorator.py for tasks to queue
[2024-09-08T07:08:03.180+0000] {logging_mixin.py:190} INFO - [2024-09-08T07:08:03.179+0000] {dagbag.py:587} INFO - Filling up the DagBag from /home/airflow/.local/lib/python3.12/site-packages/airflow/example_dags/example_dag_decorator.py
[2024-09-08T07:08:03.186+0000] {processor.py:925} INFO - DAG(s) 'example_dag_decorator' retrieved from /home/airflow/.local/lib/python3.12/site-packages/airflow/example_dags/example_dag_decorator.py
[2024-09-08T07:08:03.260+0000] {logging_mixin.py:190} INFO - [2024-09-08T07:08:03.259+0000] {dag.py:3229} INFO - Sync 1 DAGs
[2024-09-08T07:08:03.266+0000] {logging_mixin.py:190} INFO - [2024-09-08T07:08:03.266+0000] {dag.py:4156} INFO - Setting next_dagrun for example_dag_decorator to None, run_after=None
[2024-09-08T07:08:03.277+0000] {processor.py:208} INFO - Processing /home/airflow/.local/lib/python3.12/site-packages/airflow/example_dags/example_dag_decorator.py took 0.109 seconds
[2024-09-08T07:08:33.729+0000] {processor.py:186} INFO - Started process (PID=3614) to work on /home/airflow/.local/lib/python3.12/site-packages/airflow/example_dags/example_dag_decorator.py
[2024-09-08T07:08:33.729+0000] {processor.py:914} INFO - Processing file /home/airflow/.local/lib/python3.12/site-packages/airflow/example_dags/example_dag_decorator.py for tasks to queue
[2024-09-08T07:08:33.731+0000] {logging_mixin.py:190} INFO - [2024-09-08T07:08:33.730+0000] {dagbag.py:587} INFO - Filling up the DagBag from /home/airflow/.local/lib/python3.12/site-packages/airflow/example_dags/example_dag_decorator.py
[2024-09-08T07:08:33.737+0000] {processor.py:925} INFO - DAG(s) 'example_dag_decorator' retrieved from /home/airflow/.local/lib/python3.12/site-packages/airflow/example_dags/example_dag_decorator.py
[2024-09-08T07:08:33.799+0000] {logging_mixin.py:190} INFO - [2024-09-08T07:08:33.799+0000] {dag.py:3229} INFO - Sync 1 DAGs
[2024-09-08T07:08:33.807+0000] {logging_mixin.py:190} INFO - [2024-09-08T07:08:33.807+0000] {dag.py:4156} INFO - Setting next_dagrun for example_dag_decorator to None, run_after=None
[2024-09-08T07:08:33.817+0000] {processor.py:208} INFO - Processing /home/airflow/.local/lib/python3.12/site-packages/airflow/example_dags/example_dag_decorator.py took 0.092 seconds
[2024-09-08T07:09:04.334+0000] {processor.py:186} INFO - Started process (PID=3676) to work on /home/airflow/.local/lib/python3.12/site-packages/airflow/example_dags/example_dag_decorator.py
[2024-09-08T07:09:04.340+0000] {processor.py:914} INFO - Processing file /home/airflow/.local/lib/python3.12/site-packages/airflow/example_dags/example_dag_decorator.py for tasks to queue
[2024-09-08T07:09:04.342+0000] {logging_mixin.py:190} INFO - [2024-09-08T07:09:04.342+0000] {dagbag.py:587} INFO - Filling up the DagBag from /home/airflow/.local/lib/python3.12/site-packages/airflow/example_dags/example_dag_decorator.py
[2024-09-08T07:09:04.350+0000] {processor.py:925} INFO - DAG(s) 'example_dag_decorator' retrieved from /home/airflow/.local/lib/python3.12/site-packages/airflow/example_dags/example_dag_decorator.py
[2024-09-08T07:09:04.409+0000] {logging_mixin.py:190} INFO - [2024-09-08T07:09:04.408+0000] {dag.py:3229} INFO - Sync 1 DAGs
[2024-09-08T07:09:04.416+0000] {logging_mixin.py:190} INFO - [2024-09-08T07:09:04.415+0000] {dag.py:4156} INFO - Setting next_dagrun for example_dag_decorator to None, run_after=None
[2024-09-08T07:09:04.428+0000] {processor.py:208} INFO - Processing /home/airflow/.local/lib/python3.12/site-packages/airflow/example_dags/example_dag_decorator.py took 0.098 seconds
[2024-09-08T07:09:34.795+0000] {processor.py:186} INFO - Started process (PID=3738) to work on /home/airflow/.local/lib/python3.12/site-packages/airflow/example_dags/example_dag_decorator.py
[2024-09-08T07:09:34.795+0000] {processor.py:914} INFO - Processing file /home/airflow/.local/lib/python3.12/site-packages/airflow/example_dags/example_dag_decorator.py for tasks to queue
[2024-09-08T07:09:34.797+0000] {logging_mixin.py:190} INFO - [2024-09-08T07:09:34.796+0000] {dagbag.py:587} INFO - Filling up the DagBag from /home/airflow/.local/lib/python3.12/site-packages/airflow/example_dags/example_dag_decorator.py
[2024-09-08T07:09:34.802+0000] {processor.py:925} INFO - DAG(s) 'example_dag_decorator' retrieved from /home/airflow/.local/lib/python3.12/site-packages/airflow/example_dags/example_dag_decorator.py
[2024-09-08T07:09:34.867+0000] {logging_mixin.py:190} INFO - [2024-09-08T07:09:34.867+0000] {dag.py:3229} INFO - Sync 1 DAGs
[2024-09-08T07:09:34.873+0000] {logging_mixin.py:190} INFO - [2024-09-08T07:09:34.873+0000] {dag.py:4156} INFO - Setting next_dagrun for example_dag_decorator to None, run_after=None
[2024-09-08T07:09:34.882+0000] {processor.py:208} INFO - Processing /home/airflow/.local/lib/python3.12/site-packages/airflow/example_dags/example_dag_decorator.py took 0.091 seconds
[2024-09-08T07:10:05.326+0000] {processor.py:186} INFO - Started process (PID=3800) to work on /home/airflow/.local/lib/python3.12/site-packages/airflow/example_dags/example_dag_decorator.py
[2024-09-08T07:10:05.333+0000] {processor.py:914} INFO - Processing file /home/airflow/.local/lib/python3.12/site-packages/airflow/example_dags/example_dag_decorator.py for tasks to queue
[2024-09-08T07:10:05.334+0000] {logging_mixin.py:190} INFO - [2024-09-08T07:10:05.334+0000] {dagbag.py:587} INFO - Filling up the DagBag from /home/airflow/.local/lib/python3.12/site-packages/airflow/example_dags/example_dag_decorator.py
[2024-09-08T07:10:05.341+0000] {processor.py:925} INFO - DAG(s) 'example_dag_decorator' retrieved from /home/airflow/.local/lib/python3.12/site-packages/airflow/example_dags/example_dag_decorator.py
[2024-09-08T07:10:05.400+0000] {logging_mixin.py:190} INFO - [2024-09-08T07:10:05.400+0000] {dag.py:3229} INFO - Sync 1 DAGs
[2024-09-08T07:10:05.406+0000] {logging_mixin.py:190} INFO - [2024-09-08T07:10:05.406+0000] {dag.py:4156} INFO - Setting next_dagrun for example_dag_decorator to None, run_after=None
[2024-09-08T07:10:05.417+0000] {processor.py:208} INFO - Processing /home/airflow/.local/lib/python3.12/site-packages/airflow/example_dags/example_dag_decorator.py took 0.095 seconds
[2024-09-08T07:10:35.793+0000] {processor.py:186} INFO - Started process (PID=3862) to work on /home/airflow/.local/lib/python3.12/site-packages/airflow/example_dags/example_dag_decorator.py
[2024-09-08T07:10:35.793+0000] {processor.py:914} INFO - Processing file /home/airflow/.local/lib/python3.12/site-packages/airflow/example_dags/example_dag_decorator.py for tasks to queue
[2024-09-08T07:10:35.795+0000] {logging_mixin.py:190} INFO - [2024-09-08T07:10:35.794+0000] {dagbag.py:587} INFO - Filling up the DagBag from /home/airflow/.local/lib/python3.12/site-packages/airflow/example_dags/example_dag_decorator.py
[2024-09-08T07:10:35.800+0000] {processor.py:925} INFO - DAG(s) 'example_dag_decorator' retrieved from /home/airflow/.local/lib/python3.12/site-packages/airflow/example_dags/example_dag_decorator.py
[2024-09-08T07:10:35.873+0000] {logging_mixin.py:190} INFO - [2024-09-08T07:10:35.873+0000] {dag.py:3229} INFO - Sync 1 DAGs
[2024-09-08T07:10:35.881+0000] {logging_mixin.py:190} INFO - [2024-09-08T07:10:35.881+0000] {dag.py:4156} INFO - Setting next_dagrun for example_dag_decorator to None, run_after=None
[2024-09-08T07:10:35.894+0000] {processor.py:208} INFO - Processing /home/airflow/.local/lib/python3.12/site-packages/airflow/example_dags/example_dag_decorator.py took 0.104 seconds
[2024-09-08T07:11:06.276+0000] {processor.py:186} INFO - Started process (PID=3924) to work on /home/airflow/.local/lib/python3.12/site-packages/airflow/example_dags/example_dag_decorator.py
[2024-09-08T07:11:06.282+0000] {processor.py:914} INFO - Processing file /home/airflow/.local/lib/python3.12/site-packages/airflow/example_dags/example_dag_decorator.py for tasks to queue
[2024-09-08T07:11:06.283+0000] {logging_mixin.py:190} INFO - [2024-09-08T07:11:06.283+0000] {dagbag.py:587} INFO - Filling up the DagBag from /home/airflow/.local/lib/python3.12/site-packages/airflow/example_dags/example_dag_decorator.py
[2024-09-08T07:11:06.290+0000] {processor.py:925} INFO - DAG(s) 'example_dag_decorator' retrieved from /home/airflow/.local/lib/python3.12/site-packages/airflow/example_dags/example_dag_decorator.py
[2024-09-08T07:11:06.352+0000] {logging_mixin.py:190} INFO - [2024-09-08T07:11:06.352+0000] {dag.py:3229} INFO - Sync 1 DAGs
[2024-09-08T07:11:06.359+0000] {logging_mixin.py:190} INFO - [2024-09-08T07:11:06.358+0000] {dag.py:4156} INFO - Setting next_dagrun for example_dag_decorator to None, run_after=None
[2024-09-08T07:11:06.370+0000] {processor.py:208} INFO - Processing /home/airflow/.local/lib/python3.12/site-packages/airflow/example_dags/example_dag_decorator.py took 0.097 seconds
[2024-09-08T07:11:36.819+0000] {processor.py:186} INFO - Started process (PID=3986) to work on /home/airflow/.local/lib/python3.12/site-packages/airflow/example_dags/example_dag_decorator.py
[2024-09-08T07:11:36.825+0000] {processor.py:914} INFO - Processing file /home/airflow/.local/lib/python3.12/site-packages/airflow/example_dags/example_dag_decorator.py for tasks to queue
[2024-09-08T07:11:36.827+0000] {logging_mixin.py:190} INFO - [2024-09-08T07:11:36.826+0000] {dagbag.py:587} INFO - Filling up the DagBag from /home/airflow/.local/lib/python3.12/site-packages/airflow/example_dags/example_dag_decorator.py
[2024-09-08T07:11:36.833+0000] {processor.py:925} INFO - DAG(s) 'example_dag_decorator' retrieved from /home/airflow/.local/lib/python3.12/site-packages/airflow/example_dags/example_dag_decorator.py
[2024-09-08T07:11:36.901+0000] {logging_mixin.py:190} INFO - [2024-09-08T07:11:36.900+0000] {dag.py:3229} INFO - Sync 1 DAGs
[2024-09-08T07:11:36.910+0000] {logging_mixin.py:190} INFO - [2024-09-08T07:11:36.910+0000] {dag.py:4156} INFO - Setting next_dagrun for example_dag_decorator to None, run_after=None
[2024-09-08T07:11:36.923+0000] {processor.py:208} INFO - Processing /home/airflow/.local/lib/python3.12/site-packages/airflow/example_dags/example_dag_decorator.py took 0.107 seconds
[2024-09-08T07:16:39.804+0000] {processor.py:186} INFO - Started process (PID=4048) to work on /home/airflow/.local/lib/python3.12/site-packages/airflow/example_dags/example_dag_decorator.py
[2024-09-08T07:16:39.805+0000] {processor.py:914} INFO - Processing file /home/airflow/.local/lib/python3.12/site-packages/airflow/example_dags/example_dag_decorator.py for tasks to queue
[2024-09-08T07:16:39.806+0000] {logging_mixin.py:190} INFO - [2024-09-08T07:16:39.806+0000] {dagbag.py:587} INFO - Filling up the DagBag from /home/airflow/.local/lib/python3.12/site-packages/airflow/example_dags/example_dag_decorator.py
[2024-09-08T07:16:39.812+0000] {processor.py:925} INFO - DAG(s) 'example_dag_decorator' retrieved from /home/airflow/.local/lib/python3.12/site-packages/airflow/example_dags/example_dag_decorator.py
[2024-09-08T07:16:39.876+0000] {logging_mixin.py:190} INFO - [2024-09-08T07:16:39.876+0000] {dag.py:3229} INFO - Sync 1 DAGs
[2024-09-08T07:16:39.882+0000] {logging_mixin.py:190} INFO - [2024-09-08T07:16:39.882+0000] {dag.py:4156} INFO - Setting next_dagrun for example_dag_decorator to None, run_after=None
[2024-09-08T07:16:39.894+0000] {processor.py:208} INFO - Processing /home/airflow/.local/lib/python3.12/site-packages/airflow/example_dags/example_dag_decorator.py took 0.093 seconds
[2024-09-08T07:17:10.318+0000] {processor.py:186} INFO - Started process (PID=4110) to work on /home/airflow/.local/lib/python3.12/site-packages/airflow/example_dags/example_dag_decorator.py
[2024-09-08T07:17:10.319+0000] {processor.py:914} INFO - Processing file /home/airflow/.local/lib/python3.12/site-packages/airflow/example_dags/example_dag_decorator.py for tasks to queue
[2024-09-08T07:17:10.320+0000] {logging_mixin.py:190} INFO - [2024-09-08T07:17:10.320+0000] {dagbag.py:587} INFO - Filling up the DagBag from /home/airflow/.local/lib/python3.12/site-packages/airflow/example_dags/example_dag_decorator.py
[2024-09-08T07:17:10.329+0000] {processor.py:925} INFO - DAG(s) 'example_dag_decorator' retrieved from /home/airflow/.local/lib/python3.12/site-packages/airflow/example_dags/example_dag_decorator.py
[2024-09-08T07:17:10.405+0000] {logging_mixin.py:190} INFO - [2024-09-08T07:17:10.405+0000] {dag.py:3229} INFO - Sync 1 DAGs
[2024-09-08T07:17:10.415+0000] {logging_mixin.py:190} INFO - [2024-09-08T07:17:10.415+0000] {dag.py:4156} INFO - Setting next_dagrun for example_dag_decorator to None, run_after=None
[2024-09-08T07:17:10.429+0000] {processor.py:208} INFO - Processing /home/airflow/.local/lib/python3.12/site-packages/airflow/example_dags/example_dag_decorator.py took 0.115 seconds
[2024-09-08T07:17:40.915+0000] {processor.py:186} INFO - Started process (PID=4172) to work on /home/airflow/.local/lib/python3.12/site-packages/airflow/example_dags/example_dag_decorator.py
[2024-09-08T07:17:40.915+0000] {processor.py:914} INFO - Processing file /home/airflow/.local/lib/python3.12/site-packages/airflow/example_dags/example_dag_decorator.py for tasks to queue
[2024-09-08T07:17:40.916+0000] {logging_mixin.py:190} INFO - [2024-09-08T07:17:40.916+0000] {dagbag.py:587} INFO - Filling up the DagBag from /home/airflow/.local/lib/python3.12/site-packages/airflow/example_dags/example_dag_decorator.py
[2024-09-08T07:17:40.922+0000] {processor.py:925} INFO - DAG(s) 'example_dag_decorator' retrieved from /home/airflow/.local/lib/python3.12/site-packages/airflow/example_dags/example_dag_decorator.py
[2024-09-08T07:17:40.937+0000] {logging_mixin.py:190} INFO - [2024-09-08T07:17:40.936+0000] {dag.py:3229} INFO - Sync 1 DAGs
[2024-09-08T07:17:40.945+0000] {logging_mixin.py:190} INFO - [2024-09-08T07:17:40.945+0000] {dag.py:4156} INFO - Setting next_dagrun for example_dag_decorator to None, run_after=None
[2024-09-08T07:17:40.957+0000] {processor.py:208} INFO - Processing /home/airflow/.local/lib/python3.12/site-packages/airflow/example_dags/example_dag_decorator.py took 0.045 seconds
[2024-09-08T07:18:11.454+0000] {processor.py:186} INFO - Started process (PID=4234) to work on /home/airflow/.local/lib/python3.12/site-packages/airflow/example_dags/example_dag_decorator.py
[2024-09-08T07:18:11.455+0000] {processor.py:914} INFO - Processing file /home/airflow/.local/lib/python3.12/site-packages/airflow/example_dags/example_dag_decorator.py for tasks to queue
[2024-09-08T07:18:11.456+0000] {logging_mixin.py:190} INFO - [2024-09-08T07:18:11.456+0000] {dagbag.py:587} INFO - Filling up the DagBag from /home/airflow/.local/lib/python3.12/site-packages/airflow/example_dags/example_dag_decorator.py
[2024-09-08T07:18:11.463+0000] {processor.py:925} INFO - DAG(s) 'example_dag_decorator' retrieved from /home/airflow/.local/lib/python3.12/site-packages/airflow/example_dags/example_dag_decorator.py
[2024-09-08T07:18:11.530+0000] {logging_mixin.py:190} INFO - [2024-09-08T07:18:11.530+0000] {dag.py:3229} INFO - Sync 1 DAGs
[2024-09-08T07:18:11.537+0000] {logging_mixin.py:190} INFO - [2024-09-08T07:18:11.537+0000] {dag.py:4156} INFO - Setting next_dagrun for example_dag_decorator to None, run_after=None
[2024-09-08T07:18:11.549+0000] {processor.py:208} INFO - Processing /home/airflow/.local/lib/python3.12/site-packages/airflow/example_dags/example_dag_decorator.py took 0.099 seconds
[2024-09-08T07:18:42.082+0000] {processor.py:186} INFO - Started process (PID=4295) to work on /home/airflow/.local/lib/python3.12/site-packages/airflow/example_dags/example_dag_decorator.py
[2024-09-08T07:18:42.083+0000] {processor.py:914} INFO - Processing file /home/airflow/.local/lib/python3.12/site-packages/airflow/example_dags/example_dag_decorator.py for tasks to queue
[2024-09-08T07:18:42.084+0000] {logging_mixin.py:190} INFO - [2024-09-08T07:18:42.084+0000] {dagbag.py:587} INFO - Filling up the DagBag from /home/airflow/.local/lib/python3.12/site-packages/airflow/example_dags/example_dag_decorator.py
[2024-09-08T07:18:42.091+0000] {processor.py:925} INFO - DAG(s) 'example_dag_decorator' retrieved from /home/airflow/.local/lib/python3.12/site-packages/airflow/example_dags/example_dag_decorator.py
[2024-09-08T07:18:42.162+0000] {logging_mixin.py:190} INFO - [2024-09-08T07:18:42.162+0000] {dag.py:3229} INFO - Sync 1 DAGs
[2024-09-08T07:18:42.169+0000] {logging_mixin.py:190} INFO - [2024-09-08T07:18:42.169+0000] {dag.py:4156} INFO - Setting next_dagrun for example_dag_decorator to None, run_after=None
[2024-09-08T07:18:42.180+0000] {processor.py:208} INFO - Processing /home/airflow/.local/lib/python3.12/site-packages/airflow/example_dags/example_dag_decorator.py took 0.101 seconds
[2024-09-08T07:19:12.695+0000] {processor.py:186} INFO - Started process (PID=4358) to work on /home/airflow/.local/lib/python3.12/site-packages/airflow/example_dags/example_dag_decorator.py
[2024-09-08T07:19:12.695+0000] {processor.py:914} INFO - Processing file /home/airflow/.local/lib/python3.12/site-packages/airflow/example_dags/example_dag_decorator.py for tasks to queue
[2024-09-08T07:19:12.696+0000] {logging_mixin.py:190} INFO - [2024-09-08T07:19:12.696+0000] {dagbag.py:587} INFO - Filling up the DagBag from /home/airflow/.local/lib/python3.12/site-packages/airflow/example_dags/example_dag_decorator.py
[2024-09-08T07:19:12.703+0000] {processor.py:925} INFO - DAG(s) 'example_dag_decorator' retrieved from /home/airflow/.local/lib/python3.12/site-packages/airflow/example_dags/example_dag_decorator.py
[2024-09-08T07:19:12.780+0000] {logging_mixin.py:190} INFO - [2024-09-08T07:19:12.779+0000] {dag.py:3229} INFO - Sync 1 DAGs
[2024-09-08T07:19:12.787+0000] {logging_mixin.py:190} INFO - [2024-09-08T07:19:12.787+0000] {dag.py:4156} INFO - Setting next_dagrun for example_dag_decorator to None, run_after=None
[2024-09-08T07:19:12.802+0000] {processor.py:208} INFO - Processing /home/airflow/.local/lib/python3.12/site-packages/airflow/example_dags/example_dag_decorator.py took 0.111 seconds
[2024-09-08T07:19:43.504+0000] {processor.py:186} INFO - Started process (PID=4420) to work on /home/airflow/.local/lib/python3.12/site-packages/airflow/example_dags/example_dag_decorator.py
[2024-09-08T07:19:43.504+0000] {processor.py:914} INFO - Processing file /home/airflow/.local/lib/python3.12/site-packages/airflow/example_dags/example_dag_decorator.py for tasks to queue
[2024-09-08T07:19:43.505+0000] {logging_mixin.py:190} INFO - [2024-09-08T07:19:43.505+0000] {dagbag.py:587} INFO - Filling up the DagBag from /home/airflow/.local/lib/python3.12/site-packages/airflow/example_dags/example_dag_decorator.py
[2024-09-08T07:19:43.512+0000] {processor.py:925} INFO - DAG(s) 'example_dag_decorator' retrieved from /home/airflow/.local/lib/python3.12/site-packages/airflow/example_dags/example_dag_decorator.py
[2024-09-08T07:19:43.573+0000] {logging_mixin.py:190} INFO - [2024-09-08T07:19:43.573+0000] {dag.py:3229} INFO - Sync 1 DAGs
[2024-09-08T07:19:43.579+0000] {logging_mixin.py:190} INFO - [2024-09-08T07:19:43.579+0000] {dag.py:4156} INFO - Setting next_dagrun for example_dag_decorator to None, run_after=None
[2024-09-08T07:19:43.590+0000] {processor.py:208} INFO - Processing /home/airflow/.local/lib/python3.12/site-packages/airflow/example_dags/example_dag_decorator.py took 0.090 seconds
[2024-09-08T07:20:14.174+0000] {processor.py:186} INFO - Started process (PID=4482) to work on /home/airflow/.local/lib/python3.12/site-packages/airflow/example_dags/example_dag_decorator.py
[2024-09-08T07:20:14.175+0000] {processor.py:914} INFO - Processing file /home/airflow/.local/lib/python3.12/site-packages/airflow/example_dags/example_dag_decorator.py for tasks to queue
[2024-09-08T07:20:14.176+0000] {logging_mixin.py:190} INFO - [2024-09-08T07:20:14.176+0000] {dagbag.py:587} INFO - Filling up the DagBag from /home/airflow/.local/lib/python3.12/site-packages/airflow/example_dags/example_dag_decorator.py
[2024-09-08T07:20:14.185+0000] {processor.py:925} INFO - DAG(s) 'example_dag_decorator' retrieved from /home/airflow/.local/lib/python3.12/site-packages/airflow/example_dags/example_dag_decorator.py
[2024-09-08T07:20:14.203+0000] {logging_mixin.py:190} INFO - [2024-09-08T07:20:14.203+0000] {dag.py:3229} INFO - Sync 1 DAGs
[2024-09-08T07:20:14.212+0000] {logging_mixin.py:190} INFO - [2024-09-08T07:20:14.212+0000] {dag.py:4156} INFO - Setting next_dagrun for example_dag_decorator to None, run_after=None
[2024-09-08T07:20:14.224+0000] {processor.py:208} INFO - Processing /home/airflow/.local/lib/python3.12/site-packages/airflow/example_dags/example_dag_decorator.py took 0.053 seconds
[2024-09-08T07:20:44.604+0000] {processor.py:186} INFO - Started process (PID=4544) to work on /home/airflow/.local/lib/python3.12/site-packages/airflow/example_dags/example_dag_decorator.py
[2024-09-08T07:20:44.605+0000] {processor.py:914} INFO - Processing file /home/airflow/.local/lib/python3.12/site-packages/airflow/example_dags/example_dag_decorator.py for tasks to queue
[2024-09-08T07:20:44.606+0000] {logging_mixin.py:190} INFO - [2024-09-08T07:20:44.605+0000] {dagbag.py:587} INFO - Filling up the DagBag from /home/airflow/.local/lib/python3.12/site-packages/airflow/example_dags/example_dag_decorator.py
[2024-09-08T07:20:44.612+0000] {processor.py:925} INFO - DAG(s) 'example_dag_decorator' retrieved from /home/airflow/.local/lib/python3.12/site-packages/airflow/example_dags/example_dag_decorator.py
[2024-09-08T07:20:44.680+0000] {logging_mixin.py:190} INFO - [2024-09-08T07:20:44.680+0000] {dag.py:3229} INFO - Sync 1 DAGs
[2024-09-08T07:20:44.691+0000] {logging_mixin.py:190} INFO - [2024-09-08T07:20:44.691+0000] {dag.py:4156} INFO - Setting next_dagrun for example_dag_decorator to None, run_after=None
[2024-09-08T07:20:44.703+0000] {processor.py:208} INFO - Processing /home/airflow/.local/lib/python3.12/site-packages/airflow/example_dags/example_dag_decorator.py took 0.104 seconds
[2024-09-08T07:21:15.109+0000] {processor.py:186} INFO - Started process (PID=4606) to work on /home/airflow/.local/lib/python3.12/site-packages/airflow/example_dags/example_dag_decorator.py
[2024-09-08T07:21:15.110+0000] {processor.py:914} INFO - Processing file /home/airflow/.local/lib/python3.12/site-packages/airflow/example_dags/example_dag_decorator.py for tasks to queue
[2024-09-08T07:21:15.111+0000] {logging_mixin.py:190} INFO - [2024-09-08T07:21:15.111+0000] {dagbag.py:587} INFO - Filling up the DagBag from /home/airflow/.local/lib/python3.12/site-packages/airflow/example_dags/example_dag_decorator.py
[2024-09-08T07:21:15.118+0000] {processor.py:925} INFO - DAG(s) 'example_dag_decorator' retrieved from /home/airflow/.local/lib/python3.12/site-packages/airflow/example_dags/example_dag_decorator.py
[2024-09-08T07:21:15.185+0000] {logging_mixin.py:190} INFO - [2024-09-08T07:21:15.185+0000] {dag.py:3229} INFO - Sync 1 DAGs
[2024-09-08T07:21:15.192+0000] {logging_mixin.py:190} INFO - [2024-09-08T07:21:15.192+0000] {dag.py:4156} INFO - Setting next_dagrun for example_dag_decorator to None, run_after=None
[2024-09-08T07:21:15.203+0000] {processor.py:208} INFO - Processing /home/airflow/.local/lib/python3.12/site-packages/airflow/example_dags/example_dag_decorator.py took 0.097 seconds
