[2024-09-08T06:39:27.806+0000] {processor.py:186} INFO - Started process (PID=57) to work on /home/airflow/.local/lib/python3.12/site-packages/airflow/example_dags/example_bash_decorator.py
[2024-09-08T06:39:27.806+0000] {processor.py:914} INFO - Processing file /home/airflow/.local/lib/python3.12/site-packages/airflow/example_dags/example_bash_decorator.py for tasks to queue
[2024-09-08T06:39:27.807+0000] {logging_mixin.py:190} INFO - [2024-09-08T06:39:27.807+0000] {dagbag.py:587} INFO - Filling up the DagBag from /home/airflow/.local/lib/python3.12/site-packages/airflow/example_dags/example_bash_decorator.py
[2024-09-08T06:39:27.817+0000] {processor.py:925} INFO - DAG(s) 'example_bash_decorator' retrieved from /home/airflow/.local/lib/python3.12/site-packages/airflow/example_dags/example_bash_decorator.py
[2024-09-08T06:39:27.882+0000] {logging_mixin.py:190} INFO - [2024-09-08T06:39:27.882+0000] {override.py:1900} INFO - Created Permission View: can edit on DAG:example_bash_decorator
[2024-09-08T06:39:27.889+0000] {logging_mixin.py:190} INFO - [2024-09-08T06:39:27.889+0000] {override.py:1900} INFO - Created Permission View: can read on DAG:example_bash_decorator
[2024-09-08T06:39:27.892+0000] {logging_mixin.py:190} INFO - [2024-09-08T06:39:27.892+0000] {override.py:1900} INFO - Created Permission View: can delete on DAG:example_bash_decorator
[2024-09-08T06:39:27.895+0000] {logging_mixin.py:190} INFO - [2024-09-08T06:39:27.895+0000] {override.py:1900} INFO - Created Permission View: can read on DAG Run:example_bash_decorator
[2024-09-08T06:39:27.898+0000] {logging_mixin.py:190} INFO - [2024-09-08T06:39:27.897+0000] {override.py:1900} INFO - Created Permission View: can delete on DAG Run:example_bash_decorator
[2024-09-08T06:39:27.900+0000] {logging_mixin.py:190} INFO - [2024-09-08T06:39:27.900+0000] {override.py:1900} INFO - Created Permission View: can create on DAG Run:example_bash_decorator
[2024-09-08T06:39:27.903+0000] {logging_mixin.py:190} INFO - [2024-09-08T06:39:27.902+0000] {override.py:1900} INFO - Created Permission View: menu access on DAG Run:example_bash_decorator
[2024-09-08T06:39:27.903+0000] {logging_mixin.py:190} INFO - [2024-09-08T06:39:27.903+0000] {dag.py:3229} INFO - Sync 1 DAGs
[2024-09-08T06:39:27.909+0000] {logging_mixin.py:190} INFO - [2024-09-08T06:39:27.909+0000] {dag.py:3252} INFO - Creating ORM DAG for example_bash_decorator
[2024-09-08T06:39:27.910+0000] {logging_mixin.py:190} INFO - [2024-09-08T06:39:27.910+0000] {dag.py:4156} INFO - Setting next_dagrun for example_bash_decorator to None, run_after=None
[2024-09-08T06:39:27.919+0000] {processor.py:208} INFO - Processing /home/airflow/.local/lib/python3.12/site-packages/airflow/example_dags/example_bash_decorator.py took 0.117 seconds
[2024-09-08T06:39:57.977+0000] {processor.py:186} INFO - Started process (PID=119) to work on /home/airflow/.local/lib/python3.12/site-packages/airflow/example_dags/example_bash_decorator.py
[2024-09-08T06:39:57.977+0000] {processor.py:914} INFO - Processing file /home/airflow/.local/lib/python3.12/site-packages/airflow/example_dags/example_bash_decorator.py for tasks to queue
[2024-09-08T06:39:57.979+0000] {logging_mixin.py:190} INFO - [2024-09-08T06:39:57.979+0000] {dagbag.py:587} INFO - Filling up the DagBag from /home/airflow/.local/lib/python3.12/site-packages/airflow/example_dags/example_bash_decorator.py
[2024-09-08T06:39:57.987+0000] {processor.py:925} INFO - DAG(s) 'example_bash_decorator' retrieved from /home/airflow/.local/lib/python3.12/site-packages/airflow/example_dags/example_bash_decorator.py
[2024-09-08T06:39:58.001+0000] {logging_mixin.py:190} INFO - [2024-09-08T06:39:58.001+0000] {dag.py:3229} INFO - Sync 1 DAGs
[2024-09-08T06:39:58.009+0000] {logging_mixin.py:190} INFO - [2024-09-08T06:39:58.009+0000] {dag.py:4156} INFO - Setting next_dagrun for example_bash_decorator to None, run_after=None
[2024-09-08T06:39:58.019+0000] {processor.py:208} INFO - Processing /home/airflow/.local/lib/python3.12/site-packages/airflow/example_dags/example_bash_decorator.py took 0.047 seconds
[2024-09-08T06:40:28.662+0000] {processor.py:186} INFO - Started process (PID=181) to work on /home/airflow/.local/lib/python3.12/site-packages/airflow/example_dags/example_bash_decorator.py
[2024-09-08T06:40:28.662+0000] {processor.py:914} INFO - Processing file /home/airflow/.local/lib/python3.12/site-packages/airflow/example_dags/example_bash_decorator.py for tasks to queue
[2024-09-08T06:40:28.663+0000] {logging_mixin.py:190} INFO - [2024-09-08T06:40:28.663+0000] {dagbag.py:587} INFO - Filling up the DagBag from /home/airflow/.local/lib/python3.12/site-packages/airflow/example_dags/example_bash_decorator.py
[2024-09-08T06:40:28.673+0000] {processor.py:925} INFO - DAG(s) 'example_bash_decorator' retrieved from /home/airflow/.local/lib/python3.12/site-packages/airflow/example_dags/example_bash_decorator.py
[2024-09-08T06:40:28.686+0000] {logging_mixin.py:190} INFO - [2024-09-08T06:40:28.686+0000] {dag.py:3229} INFO - Sync 1 DAGs
[2024-09-08T06:40:28.694+0000] {logging_mixin.py:190} INFO - [2024-09-08T06:40:28.693+0000] {dag.py:4156} INFO - Setting next_dagrun for example_bash_decorator to None, run_after=None
[2024-09-08T06:40:28.706+0000] {processor.py:208} INFO - Processing /home/airflow/.local/lib/python3.12/site-packages/airflow/example_dags/example_bash_decorator.py took 0.048 seconds
[2024-09-08T06:40:59.119+0000] {processor.py:186} INFO - Started process (PID=243) to work on /home/airflow/.local/lib/python3.12/site-packages/airflow/example_dags/example_bash_decorator.py
[2024-09-08T06:40:59.119+0000] {processor.py:914} INFO - Processing file /home/airflow/.local/lib/python3.12/site-packages/airflow/example_dags/example_bash_decorator.py for tasks to queue
[2024-09-08T06:40:59.121+0000] {logging_mixin.py:190} INFO - [2024-09-08T06:40:59.120+0000] {dagbag.py:587} INFO - Filling up the DagBag from /home/airflow/.local/lib/python3.12/site-packages/airflow/example_dags/example_bash_decorator.py
[2024-09-08T06:40:59.128+0000] {processor.py:925} INFO - DAG(s) 'example_bash_decorator' retrieved from /home/airflow/.local/lib/python3.12/site-packages/airflow/example_dags/example_bash_decorator.py
[2024-09-08T06:40:59.145+0000] {logging_mixin.py:190} INFO - [2024-09-08T06:40:59.145+0000] {dag.py:3229} INFO - Sync 1 DAGs
[2024-09-08T06:40:59.155+0000] {logging_mixin.py:190} INFO - [2024-09-08T06:40:59.154+0000] {dag.py:4156} INFO - Setting next_dagrun for example_bash_decorator to None, run_after=None
[2024-09-08T06:40:59.166+0000] {processor.py:208} INFO - Processing /home/airflow/.local/lib/python3.12/site-packages/airflow/example_dags/example_bash_decorator.py took 0.049 seconds
[2024-09-08T06:41:29.494+0000] {processor.py:186} INFO - Started process (PID=305) to work on /home/airflow/.local/lib/python3.12/site-packages/airflow/example_dags/example_bash_decorator.py
[2024-09-08T06:41:29.495+0000] {processor.py:914} INFO - Processing file /home/airflow/.local/lib/python3.12/site-packages/airflow/example_dags/example_bash_decorator.py for tasks to queue
[2024-09-08T06:41:29.496+0000] {logging_mixin.py:190} INFO - [2024-09-08T06:41:29.496+0000] {dagbag.py:587} INFO - Filling up the DagBag from /home/airflow/.local/lib/python3.12/site-packages/airflow/example_dags/example_bash_decorator.py
[2024-09-08T06:41:29.503+0000] {processor.py:925} INFO - DAG(s) 'example_bash_decorator' retrieved from /home/airflow/.local/lib/python3.12/site-packages/airflow/example_dags/example_bash_decorator.py
[2024-09-08T06:41:29.518+0000] {logging_mixin.py:190} INFO - [2024-09-08T06:41:29.518+0000] {dag.py:3229} INFO - Sync 1 DAGs
[2024-09-08T06:41:29.529+0000] {logging_mixin.py:190} INFO - [2024-09-08T06:41:29.529+0000] {dag.py:4156} INFO - Setting next_dagrun for example_bash_decorator to None, run_after=None
[2024-09-08T06:41:29.541+0000] {processor.py:208} INFO - Processing /home/airflow/.local/lib/python3.12/site-packages/airflow/example_dags/example_bash_decorator.py took 0.050 seconds
[2024-09-08T06:42:00.281+0000] {processor.py:186} INFO - Started process (PID=367) to work on /home/airflow/.local/lib/python3.12/site-packages/airflow/example_dags/example_bash_decorator.py
[2024-09-08T06:42:00.281+0000] {processor.py:914} INFO - Processing file /home/airflow/.local/lib/python3.12/site-packages/airflow/example_dags/example_bash_decorator.py for tasks to queue
[2024-09-08T06:42:00.283+0000] {logging_mixin.py:190} INFO - [2024-09-08T06:42:00.282+0000] {dagbag.py:587} INFO - Filling up the DagBag from /home/airflow/.local/lib/python3.12/site-packages/airflow/example_dags/example_bash_decorator.py
[2024-09-08T06:42:00.290+0000] {processor.py:925} INFO - DAG(s) 'example_bash_decorator' retrieved from /home/airflow/.local/lib/python3.12/site-packages/airflow/example_dags/example_bash_decorator.py
[2024-09-08T06:42:00.304+0000] {logging_mixin.py:190} INFO - [2024-09-08T06:42:00.304+0000] {dag.py:3229} INFO - Sync 1 DAGs
[2024-09-08T06:42:00.315+0000] {logging_mixin.py:190} INFO - [2024-09-08T06:42:00.315+0000] {dag.py:4156} INFO - Setting next_dagrun for example_bash_decorator to None, run_after=None
[2024-09-08T06:42:00.327+0000] {processor.py:208} INFO - Processing /home/airflow/.local/lib/python3.12/site-packages/airflow/example_dags/example_bash_decorator.py took 0.050 seconds
[2024-09-08T06:42:30.658+0000] {processor.py:186} INFO - Started process (PID=429) to work on /home/airflow/.local/lib/python3.12/site-packages/airflow/example_dags/example_bash_decorator.py
[2024-09-08T06:42:30.658+0000] {processor.py:914} INFO - Processing file /home/airflow/.local/lib/python3.12/site-packages/airflow/example_dags/example_bash_decorator.py for tasks to queue
[2024-09-08T06:42:30.659+0000] {logging_mixin.py:190} INFO - [2024-09-08T06:42:30.659+0000] {dagbag.py:587} INFO - Filling up the DagBag from /home/airflow/.local/lib/python3.12/site-packages/airflow/example_dags/example_bash_decorator.py
[2024-09-08T06:42:30.669+0000] {processor.py:925} INFO - DAG(s) 'example_bash_decorator' retrieved from /home/airflow/.local/lib/python3.12/site-packages/airflow/example_dags/example_bash_decorator.py
[2024-09-08T06:42:30.686+0000] {logging_mixin.py:190} INFO - [2024-09-08T06:42:30.686+0000] {dag.py:3229} INFO - Sync 1 DAGs
[2024-09-08T06:42:30.696+0000] {logging_mixin.py:190} INFO - [2024-09-08T06:42:30.696+0000] {dag.py:4156} INFO - Setting next_dagrun for example_bash_decorator to None, run_after=None
[2024-09-08T06:42:30.709+0000] {processor.py:208} INFO - Processing /home/airflow/.local/lib/python3.12/site-packages/airflow/example_dags/example_bash_decorator.py took 0.055 seconds
[2024-09-08T06:43:01.105+0000] {processor.py:186} INFO - Started process (PID=491) to work on /home/airflow/.local/lib/python3.12/site-packages/airflow/example_dags/example_bash_decorator.py
[2024-09-08T06:43:01.106+0000] {processor.py:914} INFO - Processing file /home/airflow/.local/lib/python3.12/site-packages/airflow/example_dags/example_bash_decorator.py for tasks to queue
[2024-09-08T06:43:01.107+0000] {logging_mixin.py:190} INFO - [2024-09-08T06:43:01.106+0000] {dagbag.py:587} INFO - Filling up the DagBag from /home/airflow/.local/lib/python3.12/site-packages/airflow/example_dags/example_bash_decorator.py
[2024-09-08T06:43:01.114+0000] {processor.py:925} INFO - DAG(s) 'example_bash_decorator' retrieved from /home/airflow/.local/lib/python3.12/site-packages/airflow/example_dags/example_bash_decorator.py
[2024-09-08T06:43:01.127+0000] {logging_mixin.py:190} INFO - [2024-09-08T06:43:01.127+0000] {dag.py:3229} INFO - Sync 1 DAGs
[2024-09-08T06:43:01.134+0000] {logging_mixin.py:190} INFO - [2024-09-08T06:43:01.134+0000] {dag.py:4156} INFO - Setting next_dagrun for example_bash_decorator to None, run_after=None
[2024-09-08T06:43:01.144+0000] {processor.py:208} INFO - Processing /home/airflow/.local/lib/python3.12/site-packages/airflow/example_dags/example_bash_decorator.py took 0.042 seconds
[2024-09-08T06:43:31.572+0000] {processor.py:186} INFO - Started process (PID=553) to work on /home/airflow/.local/lib/python3.12/site-packages/airflow/example_dags/example_bash_decorator.py
[2024-09-08T06:43:31.573+0000] {processor.py:914} INFO - Processing file /home/airflow/.local/lib/python3.12/site-packages/airflow/example_dags/example_bash_decorator.py for tasks to queue
[2024-09-08T06:43:31.575+0000] {logging_mixin.py:190} INFO - [2024-09-08T06:43:31.574+0000] {dagbag.py:587} INFO - Filling up the DagBag from /home/airflow/.local/lib/python3.12/site-packages/airflow/example_dags/example_bash_decorator.py
[2024-09-08T06:43:31.586+0000] {processor.py:925} INFO - DAG(s) 'example_bash_decorator' retrieved from /home/airflow/.local/lib/python3.12/site-packages/airflow/example_dags/example_bash_decorator.py
[2024-09-08T06:43:31.601+0000] {logging_mixin.py:190} INFO - [2024-09-08T06:43:31.601+0000] {dag.py:3229} INFO - Sync 1 DAGs
[2024-09-08T06:43:31.609+0000] {logging_mixin.py:190} INFO - [2024-09-08T06:43:31.609+0000] {dag.py:4156} INFO - Setting next_dagrun for example_bash_decorator to None, run_after=None
[2024-09-08T06:43:31.619+0000] {processor.py:208} INFO - Processing /home/airflow/.local/lib/python3.12/site-packages/airflow/example_dags/example_bash_decorator.py took 0.051 seconds
[2024-09-08T06:44:02.065+0000] {processor.py:186} INFO - Started process (PID=615) to work on /home/airflow/.local/lib/python3.12/site-packages/airflow/example_dags/example_bash_decorator.py
[2024-09-08T06:44:02.065+0000] {processor.py:914} INFO - Processing file /home/airflow/.local/lib/python3.12/site-packages/airflow/example_dags/example_bash_decorator.py for tasks to queue
[2024-09-08T06:44:02.066+0000] {logging_mixin.py:190} INFO - [2024-09-08T06:44:02.066+0000] {dagbag.py:587} INFO - Filling up the DagBag from /home/airflow/.local/lib/python3.12/site-packages/airflow/example_dags/example_bash_decorator.py
[2024-09-08T06:44:02.073+0000] {processor.py:925} INFO - DAG(s) 'example_bash_decorator' retrieved from /home/airflow/.local/lib/python3.12/site-packages/airflow/example_dags/example_bash_decorator.py
[2024-09-08T06:44:02.091+0000] {logging_mixin.py:190} INFO - [2024-09-08T06:44:02.091+0000] {dag.py:3229} INFO - Sync 1 DAGs
[2024-09-08T06:44:02.100+0000] {logging_mixin.py:190} INFO - [2024-09-08T06:44:02.100+0000] {dag.py:4156} INFO - Setting next_dagrun for example_bash_decorator to None, run_after=None
[2024-09-08T06:44:02.110+0000] {processor.py:208} INFO - Processing /home/airflow/.local/lib/python3.12/site-packages/airflow/example_dags/example_bash_decorator.py took 0.049 seconds
[2024-09-08T06:44:32.635+0000] {processor.py:186} INFO - Started process (PID=677) to work on /home/airflow/.local/lib/python3.12/site-packages/airflow/example_dags/example_bash_decorator.py
[2024-09-08T06:44:32.635+0000] {processor.py:914} INFO - Processing file /home/airflow/.local/lib/python3.12/site-packages/airflow/example_dags/example_bash_decorator.py for tasks to queue
[2024-09-08T06:44:32.637+0000] {logging_mixin.py:190} INFO - [2024-09-08T06:44:32.636+0000] {dagbag.py:587} INFO - Filling up the DagBag from /home/airflow/.local/lib/python3.12/site-packages/airflow/example_dags/example_bash_decorator.py
[2024-09-08T06:44:32.644+0000] {processor.py:925} INFO - DAG(s) 'example_bash_decorator' retrieved from /home/airflow/.local/lib/python3.12/site-packages/airflow/example_dags/example_bash_decorator.py
[2024-09-08T06:44:32.659+0000] {logging_mixin.py:190} INFO - [2024-09-08T06:44:32.659+0000] {dag.py:3229} INFO - Sync 1 DAGs
[2024-09-08T06:44:32.669+0000] {logging_mixin.py:190} INFO - [2024-09-08T06:44:32.669+0000] {dag.py:4156} INFO - Setting next_dagrun for example_bash_decorator to None, run_after=None
[2024-09-08T06:44:32.680+0000] {processor.py:208} INFO - Processing /home/airflow/.local/lib/python3.12/site-packages/airflow/example_dags/example_bash_decorator.py took 0.048 seconds
[2024-09-08T06:45:03.247+0000] {processor.py:186} INFO - Started process (PID=739) to work on /home/airflow/.local/lib/python3.12/site-packages/airflow/example_dags/example_bash_decorator.py
[2024-09-08T06:45:03.248+0000] {processor.py:914} INFO - Processing file /home/airflow/.local/lib/python3.12/site-packages/airflow/example_dags/example_bash_decorator.py for tasks to queue
[2024-09-08T06:45:03.249+0000] {logging_mixin.py:190} INFO - [2024-09-08T06:45:03.249+0000] {dagbag.py:587} INFO - Filling up the DagBag from /home/airflow/.local/lib/python3.12/site-packages/airflow/example_dags/example_bash_decorator.py
[2024-09-08T06:45:03.257+0000] {processor.py:925} INFO - DAG(s) 'example_bash_decorator' retrieved from /home/airflow/.local/lib/python3.12/site-packages/airflow/example_dags/example_bash_decorator.py
[2024-09-08T06:45:03.271+0000] {logging_mixin.py:190} INFO - [2024-09-08T06:45:03.271+0000] {dag.py:3229} INFO - Sync 1 DAGs
[2024-09-08T06:45:03.278+0000] {logging_mixin.py:190} INFO - [2024-09-08T06:45:03.278+0000] {dag.py:4156} INFO - Setting next_dagrun for example_bash_decorator to None, run_after=None
[2024-09-08T06:45:03.288+0000] {processor.py:208} INFO - Processing /home/airflow/.local/lib/python3.12/site-packages/airflow/example_dags/example_bash_decorator.py took 0.044 seconds
[2024-09-08T06:45:33.726+0000] {processor.py:186} INFO - Started process (PID=801) to work on /home/airflow/.local/lib/python3.12/site-packages/airflow/example_dags/example_bash_decorator.py
[2024-09-08T06:45:33.727+0000] {processor.py:914} INFO - Processing file /home/airflow/.local/lib/python3.12/site-packages/airflow/example_dags/example_bash_decorator.py for tasks to queue
[2024-09-08T06:45:33.728+0000] {logging_mixin.py:190} INFO - [2024-09-08T06:45:33.728+0000] {dagbag.py:587} INFO - Filling up the DagBag from /home/airflow/.local/lib/python3.12/site-packages/airflow/example_dags/example_bash_decorator.py
[2024-09-08T06:45:33.735+0000] {processor.py:925} INFO - DAG(s) 'example_bash_decorator' retrieved from /home/airflow/.local/lib/python3.12/site-packages/airflow/example_dags/example_bash_decorator.py
[2024-09-08T06:45:33.751+0000] {logging_mixin.py:190} INFO - [2024-09-08T06:45:33.751+0000] {dag.py:3229} INFO - Sync 1 DAGs
[2024-09-08T06:45:33.762+0000] {logging_mixin.py:190} INFO - [2024-09-08T06:45:33.762+0000] {dag.py:4156} INFO - Setting next_dagrun for example_bash_decorator to None, run_after=None
[2024-09-08T06:45:33.773+0000] {processor.py:208} INFO - Processing /home/airflow/.local/lib/python3.12/site-packages/airflow/example_dags/example_bash_decorator.py took 0.051 seconds
[2024-09-08T06:46:04.181+0000] {processor.py:186} INFO - Started process (PID=863) to work on /home/airflow/.local/lib/python3.12/site-packages/airflow/example_dags/example_bash_decorator.py
[2024-09-08T06:46:04.182+0000] {processor.py:914} INFO - Processing file /home/airflow/.local/lib/python3.12/site-packages/airflow/example_dags/example_bash_decorator.py for tasks to queue
[2024-09-08T06:46:04.183+0000] {logging_mixin.py:190} INFO - [2024-09-08T06:46:04.183+0000] {dagbag.py:587} INFO - Filling up the DagBag from /home/airflow/.local/lib/python3.12/site-packages/airflow/example_dags/example_bash_decorator.py
[2024-09-08T06:46:04.192+0000] {processor.py:925} INFO - DAG(s) 'example_bash_decorator' retrieved from /home/airflow/.local/lib/python3.12/site-packages/airflow/example_dags/example_bash_decorator.py
[2024-09-08T06:46:04.209+0000] {logging_mixin.py:190} INFO - [2024-09-08T06:46:04.208+0000] {dag.py:3229} INFO - Sync 1 DAGs
[2024-09-08T06:46:04.218+0000] {logging_mixin.py:190} INFO - [2024-09-08T06:46:04.217+0000] {dag.py:4156} INFO - Setting next_dagrun for example_bash_decorator to None, run_after=None
[2024-09-08T06:46:04.230+0000] {processor.py:208} INFO - Processing /home/airflow/.local/lib/python3.12/site-packages/airflow/example_dags/example_bash_decorator.py took 0.053 seconds
[2024-09-08T06:46:34.643+0000] {processor.py:186} INFO - Started process (PID=925) to work on /home/airflow/.local/lib/python3.12/site-packages/airflow/example_dags/example_bash_decorator.py
[2024-09-08T06:46:34.644+0000] {processor.py:914} INFO - Processing file /home/airflow/.local/lib/python3.12/site-packages/airflow/example_dags/example_bash_decorator.py for tasks to queue
[2024-09-08T06:46:34.645+0000] {logging_mixin.py:190} INFO - [2024-09-08T06:46:34.645+0000] {dagbag.py:587} INFO - Filling up the DagBag from /home/airflow/.local/lib/python3.12/site-packages/airflow/example_dags/example_bash_decorator.py
[2024-09-08T06:46:34.653+0000] {processor.py:925} INFO - DAG(s) 'example_bash_decorator' retrieved from /home/airflow/.local/lib/python3.12/site-packages/airflow/example_dags/example_bash_decorator.py
[2024-09-08T06:46:34.669+0000] {logging_mixin.py:190} INFO - [2024-09-08T06:46:34.669+0000] {dag.py:3229} INFO - Sync 1 DAGs
[2024-09-08T06:46:34.679+0000] {logging_mixin.py:190} INFO - [2024-09-08T06:46:34.679+0000] {dag.py:4156} INFO - Setting next_dagrun for example_bash_decorator to None, run_after=None
[2024-09-08T06:46:34.692+0000] {processor.py:208} INFO - Processing /home/airflow/.local/lib/python3.12/site-packages/airflow/example_dags/example_bash_decorator.py took 0.051 seconds
[2024-09-08T06:47:05.113+0000] {processor.py:186} INFO - Started process (PID=987) to work on /home/airflow/.local/lib/python3.12/site-packages/airflow/example_dags/example_bash_decorator.py
[2024-09-08T06:47:05.114+0000] {processor.py:914} INFO - Processing file /home/airflow/.local/lib/python3.12/site-packages/airflow/example_dags/example_bash_decorator.py for tasks to queue
[2024-09-08T06:47:05.115+0000] {logging_mixin.py:190} INFO - [2024-09-08T06:47:05.115+0000] {dagbag.py:587} INFO - Filling up the DagBag from /home/airflow/.local/lib/python3.12/site-packages/airflow/example_dags/example_bash_decorator.py
[2024-09-08T06:47:05.123+0000] {processor.py:925} INFO - DAG(s) 'example_bash_decorator' retrieved from /home/airflow/.local/lib/python3.12/site-packages/airflow/example_dags/example_bash_decorator.py
[2024-09-08T06:47:05.141+0000] {logging_mixin.py:190} INFO - [2024-09-08T06:47:05.141+0000] {dag.py:3229} INFO - Sync 1 DAGs
[2024-09-08T06:47:05.153+0000] {logging_mixin.py:190} INFO - [2024-09-08T06:47:05.152+0000] {dag.py:4156} INFO - Setting next_dagrun for example_bash_decorator to None, run_after=None
[2024-09-08T06:47:05.166+0000] {processor.py:208} INFO - Processing /home/airflow/.local/lib/python3.12/site-packages/airflow/example_dags/example_bash_decorator.py took 0.057 seconds
[2024-09-08T06:47:35.697+0000] {processor.py:186} INFO - Started process (PID=1049) to work on /home/airflow/.local/lib/python3.12/site-packages/airflow/example_dags/example_bash_decorator.py
[2024-09-08T06:47:35.698+0000] {processor.py:914} INFO - Processing file /home/airflow/.local/lib/python3.12/site-packages/airflow/example_dags/example_bash_decorator.py for tasks to queue
[2024-09-08T06:47:35.699+0000] {logging_mixin.py:190} INFO - [2024-09-08T06:47:35.699+0000] {dagbag.py:587} INFO - Filling up the DagBag from /home/airflow/.local/lib/python3.12/site-packages/airflow/example_dags/example_bash_decorator.py
[2024-09-08T06:47:35.707+0000] {processor.py:925} INFO - DAG(s) 'example_bash_decorator' retrieved from /home/airflow/.local/lib/python3.12/site-packages/airflow/example_dags/example_bash_decorator.py
[2024-09-08T06:47:35.724+0000] {logging_mixin.py:190} INFO - [2024-09-08T06:47:35.724+0000] {dag.py:3229} INFO - Sync 1 DAGs
[2024-09-08T06:47:35.731+0000] {logging_mixin.py:190} INFO - [2024-09-08T06:47:35.731+0000] {dag.py:4156} INFO - Setting next_dagrun for example_bash_decorator to None, run_after=None
[2024-09-08T06:47:35.741+0000] {processor.py:208} INFO - Processing /home/airflow/.local/lib/python3.12/site-packages/airflow/example_dags/example_bash_decorator.py took 0.049 seconds
[2024-09-08T06:48:06.192+0000] {processor.py:186} INFO - Started process (PID=1111) to work on /home/airflow/.local/lib/python3.12/site-packages/airflow/example_dags/example_bash_decorator.py
[2024-09-08T06:48:06.192+0000] {processor.py:914} INFO - Processing file /home/airflow/.local/lib/python3.12/site-packages/airflow/example_dags/example_bash_decorator.py for tasks to queue
[2024-09-08T06:48:06.194+0000] {logging_mixin.py:190} INFO - [2024-09-08T06:48:06.193+0000] {dagbag.py:587} INFO - Filling up the DagBag from /home/airflow/.local/lib/python3.12/site-packages/airflow/example_dags/example_bash_decorator.py
[2024-09-08T06:48:06.203+0000] {processor.py:925} INFO - DAG(s) 'example_bash_decorator' retrieved from /home/airflow/.local/lib/python3.12/site-packages/airflow/example_dags/example_bash_decorator.py
[2024-09-08T06:48:06.217+0000] {logging_mixin.py:190} INFO - [2024-09-08T06:48:06.217+0000] {dag.py:3229} INFO - Sync 1 DAGs
[2024-09-08T06:48:06.223+0000] {logging_mixin.py:190} INFO - [2024-09-08T06:48:06.223+0000] {dag.py:4156} INFO - Setting next_dagrun for example_bash_decorator to None, run_after=None
[2024-09-08T06:48:06.233+0000] {processor.py:208} INFO - Processing /home/airflow/.local/lib/python3.12/site-packages/airflow/example_dags/example_bash_decorator.py took 0.045 seconds
[2024-09-08T06:48:36.870+0000] {processor.py:186} INFO - Started process (PID=1173) to work on /home/airflow/.local/lib/python3.12/site-packages/airflow/example_dags/example_bash_decorator.py
[2024-09-08T06:48:36.870+0000] {processor.py:914} INFO - Processing file /home/airflow/.local/lib/python3.12/site-packages/airflow/example_dags/example_bash_decorator.py for tasks to queue
[2024-09-08T06:48:36.871+0000] {logging_mixin.py:190} INFO - [2024-09-08T06:48:36.871+0000] {dagbag.py:587} INFO - Filling up the DagBag from /home/airflow/.local/lib/python3.12/site-packages/airflow/example_dags/example_bash_decorator.py
[2024-09-08T06:48:36.878+0000] {processor.py:925} INFO - DAG(s) 'example_bash_decorator' retrieved from /home/airflow/.local/lib/python3.12/site-packages/airflow/example_dags/example_bash_decorator.py
[2024-09-08T06:48:36.893+0000] {logging_mixin.py:190} INFO - [2024-09-08T06:48:36.893+0000] {dag.py:3229} INFO - Sync 1 DAGs
[2024-09-08T06:48:36.901+0000] {logging_mixin.py:190} INFO - [2024-09-08T06:48:36.901+0000] {dag.py:4156} INFO - Setting next_dagrun for example_bash_decorator to None, run_after=None
[2024-09-08T06:48:36.912+0000] {processor.py:208} INFO - Processing /home/airflow/.local/lib/python3.12/site-packages/airflow/example_dags/example_bash_decorator.py took 0.045 seconds
[2024-09-08T06:49:07.382+0000] {processor.py:186} INFO - Started process (PID=1235) to work on /home/airflow/.local/lib/python3.12/site-packages/airflow/example_dags/example_bash_decorator.py
[2024-09-08T06:49:07.383+0000] {processor.py:914} INFO - Processing file /home/airflow/.local/lib/python3.12/site-packages/airflow/example_dags/example_bash_decorator.py for tasks to queue
[2024-09-08T06:49:07.384+0000] {logging_mixin.py:190} INFO - [2024-09-08T06:49:07.384+0000] {dagbag.py:587} INFO - Filling up the DagBag from /home/airflow/.local/lib/python3.12/site-packages/airflow/example_dags/example_bash_decorator.py
[2024-09-08T06:49:07.392+0000] {processor.py:925} INFO - DAG(s) 'example_bash_decorator' retrieved from /home/airflow/.local/lib/python3.12/site-packages/airflow/example_dags/example_bash_decorator.py
[2024-09-08T06:49:07.406+0000] {logging_mixin.py:190} INFO - [2024-09-08T06:49:07.406+0000] {dag.py:3229} INFO - Sync 1 DAGs
[2024-09-08T06:49:07.414+0000] {logging_mixin.py:190} INFO - [2024-09-08T06:49:07.414+0000] {dag.py:4156} INFO - Setting next_dagrun for example_bash_decorator to None, run_after=None
[2024-09-08T06:49:07.425+0000] {processor.py:208} INFO - Processing /home/airflow/.local/lib/python3.12/site-packages/airflow/example_dags/example_bash_decorator.py took 0.046 seconds
[2024-09-08T06:49:38.071+0000] {processor.py:186} INFO - Started process (PID=1297) to work on /home/airflow/.local/lib/python3.12/site-packages/airflow/example_dags/example_bash_decorator.py
[2024-09-08T06:49:38.071+0000] {processor.py:914} INFO - Processing file /home/airflow/.local/lib/python3.12/site-packages/airflow/example_dags/example_bash_decorator.py for tasks to queue
[2024-09-08T06:49:38.073+0000] {logging_mixin.py:190} INFO - [2024-09-08T06:49:38.073+0000] {dagbag.py:587} INFO - Filling up the DagBag from /home/airflow/.local/lib/python3.12/site-packages/airflow/example_dags/example_bash_decorator.py
[2024-09-08T06:49:38.081+0000] {processor.py:925} INFO - DAG(s) 'example_bash_decorator' retrieved from /home/airflow/.local/lib/python3.12/site-packages/airflow/example_dags/example_bash_decorator.py
[2024-09-08T06:49:38.098+0000] {logging_mixin.py:190} INFO - [2024-09-08T06:49:38.097+0000] {dag.py:3229} INFO - Sync 1 DAGs
[2024-09-08T06:49:38.106+0000] {logging_mixin.py:190} INFO - [2024-09-08T06:49:38.106+0000] {dag.py:4156} INFO - Setting next_dagrun for example_bash_decorator to None, run_after=None
[2024-09-08T06:49:38.119+0000] {processor.py:208} INFO - Processing /home/airflow/.local/lib/python3.12/site-packages/airflow/example_dags/example_bash_decorator.py took 0.052 seconds
[2024-09-08T06:50:08.585+0000] {processor.py:186} INFO - Started process (PID=1359) to work on /home/airflow/.local/lib/python3.12/site-packages/airflow/example_dags/example_bash_decorator.py
[2024-09-08T06:50:08.586+0000] {processor.py:914} INFO - Processing file /home/airflow/.local/lib/python3.12/site-packages/airflow/example_dags/example_bash_decorator.py for tasks to queue
[2024-09-08T06:50:08.587+0000] {logging_mixin.py:190} INFO - [2024-09-08T06:50:08.587+0000] {dagbag.py:587} INFO - Filling up the DagBag from /home/airflow/.local/lib/python3.12/site-packages/airflow/example_dags/example_bash_decorator.py
[2024-09-08T06:50:08.594+0000] {processor.py:925} INFO - DAG(s) 'example_bash_decorator' retrieved from /home/airflow/.local/lib/python3.12/site-packages/airflow/example_dags/example_bash_decorator.py
[2024-09-08T06:50:08.607+0000] {logging_mixin.py:190} INFO - [2024-09-08T06:50:08.607+0000] {dag.py:3229} INFO - Sync 1 DAGs
[2024-09-08T06:50:08.614+0000] {logging_mixin.py:190} INFO - [2024-09-08T06:50:08.614+0000] {dag.py:4156} INFO - Setting next_dagrun for example_bash_decorator to None, run_after=None
[2024-09-08T06:50:08.622+0000] {processor.py:208} INFO - Processing /home/airflow/.local/lib/python3.12/site-packages/airflow/example_dags/example_bash_decorator.py took 0.040 seconds
[2024-09-08T06:50:39.147+0000] {processor.py:186} INFO - Started process (PID=1421) to work on /home/airflow/.local/lib/python3.12/site-packages/airflow/example_dags/example_bash_decorator.py
[2024-09-08T06:50:39.148+0000] {processor.py:914} INFO - Processing file /home/airflow/.local/lib/python3.12/site-packages/airflow/example_dags/example_bash_decorator.py for tasks to queue
[2024-09-08T06:50:39.149+0000] {logging_mixin.py:190} INFO - [2024-09-08T06:50:39.149+0000] {dagbag.py:587} INFO - Filling up the DagBag from /home/airflow/.local/lib/python3.12/site-packages/airflow/example_dags/example_bash_decorator.py
[2024-09-08T06:50:39.157+0000] {processor.py:925} INFO - DAG(s) 'example_bash_decorator' retrieved from /home/airflow/.local/lib/python3.12/site-packages/airflow/example_dags/example_bash_decorator.py
[2024-09-08T06:50:39.173+0000] {logging_mixin.py:190} INFO - [2024-09-08T06:50:39.173+0000] {dag.py:3229} INFO - Sync 1 DAGs
[2024-09-08T06:50:39.186+0000] {logging_mixin.py:190} INFO - [2024-09-08T06:50:39.186+0000] {dag.py:4156} INFO - Setting next_dagrun for example_bash_decorator to None, run_after=None
[2024-09-08T06:50:39.201+0000] {processor.py:208} INFO - Processing /home/airflow/.local/lib/python3.12/site-packages/airflow/example_dags/example_bash_decorator.py took 0.058 seconds
[2024-09-08T06:51:09.692+0000] {processor.py:186} INFO - Started process (PID=1483) to work on /home/airflow/.local/lib/python3.12/site-packages/airflow/example_dags/example_bash_decorator.py
[2024-09-08T06:51:09.693+0000] {processor.py:914} INFO - Processing file /home/airflow/.local/lib/python3.12/site-packages/airflow/example_dags/example_bash_decorator.py for tasks to queue
[2024-09-08T06:51:09.694+0000] {logging_mixin.py:190} INFO - [2024-09-08T06:51:09.694+0000] {dagbag.py:587} INFO - Filling up the DagBag from /home/airflow/.local/lib/python3.12/site-packages/airflow/example_dags/example_bash_decorator.py
[2024-09-08T06:51:09.701+0000] {processor.py:925} INFO - DAG(s) 'example_bash_decorator' retrieved from /home/airflow/.local/lib/python3.12/site-packages/airflow/example_dags/example_bash_decorator.py
[2024-09-08T06:51:09.718+0000] {logging_mixin.py:190} INFO - [2024-09-08T06:51:09.718+0000] {dag.py:3229} INFO - Sync 1 DAGs
[2024-09-08T06:51:09.727+0000] {logging_mixin.py:190} INFO - [2024-09-08T06:51:09.727+0000] {dag.py:4156} INFO - Setting next_dagrun for example_bash_decorator to None, run_after=None
[2024-09-08T06:51:09.737+0000] {processor.py:208} INFO - Processing /home/airflow/.local/lib/python3.12/site-packages/airflow/example_dags/example_bash_decorator.py took 0.048 seconds
[2024-09-08T06:51:40.120+0000] {processor.py:186} INFO - Started process (PID=1545) to work on /home/airflow/.local/lib/python3.12/site-packages/airflow/example_dags/example_bash_decorator.py
[2024-09-08T06:51:40.120+0000] {processor.py:914} INFO - Processing file /home/airflow/.local/lib/python3.12/site-packages/airflow/example_dags/example_bash_decorator.py for tasks to queue
[2024-09-08T06:51:40.121+0000] {logging_mixin.py:190} INFO - [2024-09-08T06:51:40.121+0000] {dagbag.py:587} INFO - Filling up the DagBag from /home/airflow/.local/lib/python3.12/site-packages/airflow/example_dags/example_bash_decorator.py
[2024-09-08T06:51:40.129+0000] {processor.py:925} INFO - DAG(s) 'example_bash_decorator' retrieved from /home/airflow/.local/lib/python3.12/site-packages/airflow/example_dags/example_bash_decorator.py
[2024-09-08T06:51:40.146+0000] {logging_mixin.py:190} INFO - [2024-09-08T06:51:40.146+0000] {dag.py:3229} INFO - Sync 1 DAGs
[2024-09-08T06:51:40.157+0000] {logging_mixin.py:190} INFO - [2024-09-08T06:51:40.156+0000] {dag.py:4156} INFO - Setting next_dagrun for example_bash_decorator to None, run_after=None
[2024-09-08T06:51:40.169+0000] {processor.py:208} INFO - Processing /home/airflow/.local/lib/python3.12/site-packages/airflow/example_dags/example_bash_decorator.py took 0.053 seconds
[2024-09-08T06:52:10.758+0000] {processor.py:186} INFO - Started process (PID=1607) to work on /home/airflow/.local/lib/python3.12/site-packages/airflow/example_dags/example_bash_decorator.py
[2024-09-08T06:52:10.759+0000] {processor.py:914} INFO - Processing file /home/airflow/.local/lib/python3.12/site-packages/airflow/example_dags/example_bash_decorator.py for tasks to queue
[2024-09-08T06:52:10.760+0000] {logging_mixin.py:190} INFO - [2024-09-08T06:52:10.760+0000] {dagbag.py:587} INFO - Filling up the DagBag from /home/airflow/.local/lib/python3.12/site-packages/airflow/example_dags/example_bash_decorator.py
[2024-09-08T06:52:10.768+0000] {processor.py:925} INFO - DAG(s) 'example_bash_decorator' retrieved from /home/airflow/.local/lib/python3.12/site-packages/airflow/example_dags/example_bash_decorator.py
[2024-09-08T06:52:10.780+0000] {logging_mixin.py:190} INFO - [2024-09-08T06:52:10.780+0000] {dag.py:3229} INFO - Sync 1 DAGs
[2024-09-08T06:52:10.787+0000] {logging_mixin.py:190} INFO - [2024-09-08T06:52:10.787+0000] {dag.py:4156} INFO - Setting next_dagrun for example_bash_decorator to None, run_after=None
[2024-09-08T06:52:10.799+0000] {processor.py:208} INFO - Processing /home/airflow/.local/lib/python3.12/site-packages/airflow/example_dags/example_bash_decorator.py took 0.045 seconds
[2024-09-08T06:52:41.360+0000] {processor.py:186} INFO - Started process (PID=1669) to work on /home/airflow/.local/lib/python3.12/site-packages/airflow/example_dags/example_bash_decorator.py
[2024-09-08T06:52:41.360+0000] {processor.py:914} INFO - Processing file /home/airflow/.local/lib/python3.12/site-packages/airflow/example_dags/example_bash_decorator.py for tasks to queue
[2024-09-08T06:52:41.361+0000] {logging_mixin.py:190} INFO - [2024-09-08T06:52:41.361+0000] {dagbag.py:587} INFO - Filling up the DagBag from /home/airflow/.local/lib/python3.12/site-packages/airflow/example_dags/example_bash_decorator.py
[2024-09-08T06:52:41.369+0000] {processor.py:925} INFO - DAG(s) 'example_bash_decorator' retrieved from /home/airflow/.local/lib/python3.12/site-packages/airflow/example_dags/example_bash_decorator.py
[2024-09-08T06:52:41.383+0000] {logging_mixin.py:190} INFO - [2024-09-08T06:52:41.383+0000] {dag.py:3229} INFO - Sync 1 DAGs
[2024-09-08T06:52:41.390+0000] {logging_mixin.py:190} INFO - [2024-09-08T06:52:41.390+0000] {dag.py:4156} INFO - Setting next_dagrun for example_bash_decorator to None, run_after=None
[2024-09-08T06:52:41.401+0000] {processor.py:208} INFO - Processing /home/airflow/.local/lib/python3.12/site-packages/airflow/example_dags/example_bash_decorator.py took 0.044 seconds
[2024-09-08T06:53:11.909+0000] {processor.py:186} INFO - Started process (PID=1731) to work on /home/airflow/.local/lib/python3.12/site-packages/airflow/example_dags/example_bash_decorator.py
[2024-09-08T06:53:11.909+0000] {processor.py:914} INFO - Processing file /home/airflow/.local/lib/python3.12/site-packages/airflow/example_dags/example_bash_decorator.py for tasks to queue
[2024-09-08T06:53:11.910+0000] {logging_mixin.py:190} INFO - [2024-09-08T06:53:11.910+0000] {dagbag.py:587} INFO - Filling up the DagBag from /home/airflow/.local/lib/python3.12/site-packages/airflow/example_dags/example_bash_decorator.py
[2024-09-08T06:53:11.919+0000] {processor.py:925} INFO - DAG(s) 'example_bash_decorator' retrieved from /home/airflow/.local/lib/python3.12/site-packages/airflow/example_dags/example_bash_decorator.py
[2024-09-08T06:53:11.935+0000] {logging_mixin.py:190} INFO - [2024-09-08T06:53:11.935+0000] {dag.py:3229} INFO - Sync 1 DAGs
[2024-09-08T06:53:11.946+0000] {logging_mixin.py:190} INFO - [2024-09-08T06:53:11.946+0000] {dag.py:4156} INFO - Setting next_dagrun for example_bash_decorator to None, run_after=None
[2024-09-08T06:53:11.958+0000] {processor.py:208} INFO - Processing /home/airflow/.local/lib/python3.12/site-packages/airflow/example_dags/example_bash_decorator.py took 0.052 seconds
[2024-09-08T06:53:42.496+0000] {processor.py:186} INFO - Started process (PID=1793) to work on /home/airflow/.local/lib/python3.12/site-packages/airflow/example_dags/example_bash_decorator.py
[2024-09-08T06:53:42.496+0000] {processor.py:914} INFO - Processing file /home/airflow/.local/lib/python3.12/site-packages/airflow/example_dags/example_bash_decorator.py for tasks to queue
[2024-09-08T06:53:42.498+0000] {logging_mixin.py:190} INFO - [2024-09-08T06:53:42.498+0000] {dagbag.py:587} INFO - Filling up the DagBag from /home/airflow/.local/lib/python3.12/site-packages/airflow/example_dags/example_bash_decorator.py
[2024-09-08T06:53:42.506+0000] {processor.py:925} INFO - DAG(s) 'example_bash_decorator' retrieved from /home/airflow/.local/lib/python3.12/site-packages/airflow/example_dags/example_bash_decorator.py
[2024-09-08T06:53:42.522+0000] {logging_mixin.py:190} INFO - [2024-09-08T06:53:42.522+0000] {dag.py:3229} INFO - Sync 1 DAGs
[2024-09-08T06:53:42.533+0000] {logging_mixin.py:190} INFO - [2024-09-08T06:53:42.533+0000] {dag.py:4156} INFO - Setting next_dagrun for example_bash_decorator to None, run_after=None
[2024-09-08T06:53:42.546+0000] {processor.py:208} INFO - Processing /home/airflow/.local/lib/python3.12/site-packages/airflow/example_dags/example_bash_decorator.py took 0.053 seconds
[2024-09-08T06:54:12.994+0000] {processor.py:186} INFO - Started process (PID=1855) to work on /home/airflow/.local/lib/python3.12/site-packages/airflow/example_dags/example_bash_decorator.py
[2024-09-08T06:54:12.995+0000] {processor.py:914} INFO - Processing file /home/airflow/.local/lib/python3.12/site-packages/airflow/example_dags/example_bash_decorator.py for tasks to queue
[2024-09-08T06:54:12.996+0000] {logging_mixin.py:190} INFO - [2024-09-08T06:54:12.996+0000] {dagbag.py:587} INFO - Filling up the DagBag from /home/airflow/.local/lib/python3.12/site-packages/airflow/example_dags/example_bash_decorator.py
[2024-09-08T06:54:13.003+0000] {processor.py:925} INFO - DAG(s) 'example_bash_decorator' retrieved from /home/airflow/.local/lib/python3.12/site-packages/airflow/example_dags/example_bash_decorator.py
[2024-09-08T06:54:13.018+0000] {logging_mixin.py:190} INFO - [2024-09-08T06:54:13.018+0000] {dag.py:3229} INFO - Sync 1 DAGs
[2024-09-08T06:54:13.028+0000] {logging_mixin.py:190} INFO - [2024-09-08T06:54:13.028+0000] {dag.py:4156} INFO - Setting next_dagrun for example_bash_decorator to None, run_after=None
[2024-09-08T06:54:13.041+0000] {processor.py:208} INFO - Processing /home/airflow/.local/lib/python3.12/site-packages/airflow/example_dags/example_bash_decorator.py took 0.050 seconds
[2024-09-08T06:54:43.702+0000] {processor.py:186} INFO - Started process (PID=1917) to work on /home/airflow/.local/lib/python3.12/site-packages/airflow/example_dags/example_bash_decorator.py
[2024-09-08T06:54:43.702+0000] {processor.py:914} INFO - Processing file /home/airflow/.local/lib/python3.12/site-packages/airflow/example_dags/example_bash_decorator.py for tasks to queue
[2024-09-08T06:54:43.704+0000] {logging_mixin.py:190} INFO - [2024-09-08T06:54:43.704+0000] {dagbag.py:587} INFO - Filling up the DagBag from /home/airflow/.local/lib/python3.12/site-packages/airflow/example_dags/example_bash_decorator.py
[2024-09-08T06:54:43.712+0000] {processor.py:925} INFO - DAG(s) 'example_bash_decorator' retrieved from /home/airflow/.local/lib/python3.12/site-packages/airflow/example_dags/example_bash_decorator.py
[2024-09-08T06:54:43.726+0000] {logging_mixin.py:190} INFO - [2024-09-08T06:54:43.725+0000] {dag.py:3229} INFO - Sync 1 DAGs
[2024-09-08T06:54:43.733+0000] {logging_mixin.py:190} INFO - [2024-09-08T06:54:43.733+0000] {dag.py:4156} INFO - Setting next_dagrun for example_bash_decorator to None, run_after=None
[2024-09-08T06:54:43.743+0000] {processor.py:208} INFO - Processing /home/airflow/.local/lib/python3.12/site-packages/airflow/example_dags/example_bash_decorator.py took 0.045 seconds
[2024-09-08T06:55:14.242+0000] {processor.py:186} INFO - Started process (PID=1979) to work on /home/airflow/.local/lib/python3.12/site-packages/airflow/example_dags/example_bash_decorator.py
[2024-09-08T06:55:14.243+0000] {processor.py:914} INFO - Processing file /home/airflow/.local/lib/python3.12/site-packages/airflow/example_dags/example_bash_decorator.py for tasks to queue
[2024-09-08T06:55:14.244+0000] {logging_mixin.py:190} INFO - [2024-09-08T06:55:14.244+0000] {dagbag.py:587} INFO - Filling up the DagBag from /home/airflow/.local/lib/python3.12/site-packages/airflow/example_dags/example_bash_decorator.py
[2024-09-08T06:55:14.251+0000] {processor.py:925} INFO - DAG(s) 'example_bash_decorator' retrieved from /home/airflow/.local/lib/python3.12/site-packages/airflow/example_dags/example_bash_decorator.py
[2024-09-08T06:55:14.265+0000] {logging_mixin.py:190} INFO - [2024-09-08T06:55:14.265+0000] {dag.py:3229} INFO - Sync 1 DAGs
[2024-09-08T06:55:14.272+0000] {logging_mixin.py:190} INFO - [2024-09-08T06:55:14.272+0000] {dag.py:4156} INFO - Setting next_dagrun for example_bash_decorator to None, run_after=None
[2024-09-08T06:55:14.282+0000] {processor.py:208} INFO - Processing /home/airflow/.local/lib/python3.12/site-packages/airflow/example_dags/example_bash_decorator.py took 0.043 seconds
[2024-09-08T06:55:44.701+0000] {processor.py:186} INFO - Started process (PID=2041) to work on /home/airflow/.local/lib/python3.12/site-packages/airflow/example_dags/example_bash_decorator.py
[2024-09-08T06:55:44.702+0000] {processor.py:914} INFO - Processing file /home/airflow/.local/lib/python3.12/site-packages/airflow/example_dags/example_bash_decorator.py for tasks to queue
[2024-09-08T06:55:44.703+0000] {logging_mixin.py:190} INFO - [2024-09-08T06:55:44.702+0000] {dagbag.py:587} INFO - Filling up the DagBag from /home/airflow/.local/lib/python3.12/site-packages/airflow/example_dags/example_bash_decorator.py
[2024-09-08T06:55:44.710+0000] {processor.py:925} INFO - DAG(s) 'example_bash_decorator' retrieved from /home/airflow/.local/lib/python3.12/site-packages/airflow/example_dags/example_bash_decorator.py
[2024-09-08T06:55:44.728+0000] {logging_mixin.py:190} INFO - [2024-09-08T06:55:44.728+0000] {dag.py:3229} INFO - Sync 1 DAGs
[2024-09-08T06:55:44.736+0000] {logging_mixin.py:190} INFO - [2024-09-08T06:55:44.736+0000] {dag.py:4156} INFO - Setting next_dagrun for example_bash_decorator to None, run_after=None
[2024-09-08T06:55:44.746+0000] {processor.py:208} INFO - Processing /home/airflow/.local/lib/python3.12/site-packages/airflow/example_dags/example_bash_decorator.py took 0.048 seconds
[2024-09-08T06:56:15.326+0000] {processor.py:186} INFO - Started process (PID=2109) to work on /home/airflow/.local/lib/python3.12/site-packages/airflow/example_dags/example_bash_decorator.py
[2024-09-08T06:56:15.327+0000] {processor.py:914} INFO - Processing file /home/airflow/.local/lib/python3.12/site-packages/airflow/example_dags/example_bash_decorator.py for tasks to queue
[2024-09-08T06:56:15.328+0000] {logging_mixin.py:190} INFO - [2024-09-08T06:56:15.328+0000] {dagbag.py:587} INFO - Filling up the DagBag from /home/airflow/.local/lib/python3.12/site-packages/airflow/example_dags/example_bash_decorator.py
[2024-09-08T06:56:15.336+0000] {processor.py:925} INFO - DAG(s) 'example_bash_decorator' retrieved from /home/airflow/.local/lib/python3.12/site-packages/airflow/example_dags/example_bash_decorator.py
[2024-09-08T06:56:15.354+0000] {logging_mixin.py:190} INFO - [2024-09-08T06:56:15.353+0000] {dag.py:3229} INFO - Sync 1 DAGs
[2024-09-08T06:56:15.362+0000] {logging_mixin.py:190} INFO - [2024-09-08T06:56:15.362+0000] {dag.py:4156} INFO - Setting next_dagrun for example_bash_decorator to None, run_after=None
[2024-09-08T06:56:15.375+0000] {processor.py:208} INFO - Processing /home/airflow/.local/lib/python3.12/site-packages/airflow/example_dags/example_bash_decorator.py took 0.052 seconds
[2024-09-08T06:56:45.874+0000] {processor.py:186} INFO - Started process (PID=2171) to work on /home/airflow/.local/lib/python3.12/site-packages/airflow/example_dags/example_bash_decorator.py
[2024-09-08T06:56:45.874+0000] {processor.py:914} INFO - Processing file /home/airflow/.local/lib/python3.12/site-packages/airflow/example_dags/example_bash_decorator.py for tasks to queue
[2024-09-08T06:56:45.876+0000] {logging_mixin.py:190} INFO - [2024-09-08T06:56:45.875+0000] {dagbag.py:587} INFO - Filling up the DagBag from /home/airflow/.local/lib/python3.12/site-packages/airflow/example_dags/example_bash_decorator.py
[2024-09-08T06:56:45.883+0000] {processor.py:925} INFO - DAG(s) 'example_bash_decorator' retrieved from /home/airflow/.local/lib/python3.12/site-packages/airflow/example_dags/example_bash_decorator.py
[2024-09-08T06:56:45.899+0000] {logging_mixin.py:190} INFO - [2024-09-08T06:56:45.899+0000] {dag.py:3229} INFO - Sync 1 DAGs
[2024-09-08T06:56:45.909+0000] {logging_mixin.py:190} INFO - [2024-09-08T06:56:45.909+0000] {dag.py:4156} INFO - Setting next_dagrun for example_bash_decorator to None, run_after=None
[2024-09-08T06:56:45.922+0000] {processor.py:208} INFO - Processing /home/airflow/.local/lib/python3.12/site-packages/airflow/example_dags/example_bash_decorator.py took 0.052 seconds
[2024-09-08T06:57:16.496+0000] {processor.py:186} INFO - Started process (PID=2233) to work on /home/airflow/.local/lib/python3.12/site-packages/airflow/example_dags/example_bash_decorator.py
[2024-09-08T06:57:16.497+0000] {processor.py:914} INFO - Processing file /home/airflow/.local/lib/python3.12/site-packages/airflow/example_dags/example_bash_decorator.py for tasks to queue
[2024-09-08T06:57:16.498+0000] {logging_mixin.py:190} INFO - [2024-09-08T06:57:16.498+0000] {dagbag.py:587} INFO - Filling up the DagBag from /home/airflow/.local/lib/python3.12/site-packages/airflow/example_dags/example_bash_decorator.py
[2024-09-08T06:57:16.506+0000] {processor.py:925} INFO - DAG(s) 'example_bash_decorator' retrieved from /home/airflow/.local/lib/python3.12/site-packages/airflow/example_dags/example_bash_decorator.py
[2024-09-08T06:57:16.518+0000] {logging_mixin.py:190} INFO - [2024-09-08T06:57:16.518+0000] {dag.py:3229} INFO - Sync 1 DAGs
[2024-09-08T06:57:16.526+0000] {logging_mixin.py:190} INFO - [2024-09-08T06:57:16.525+0000] {dag.py:4156} INFO - Setting next_dagrun for example_bash_decorator to None, run_after=None
[2024-09-08T06:57:16.536+0000] {processor.py:208} INFO - Processing /home/airflow/.local/lib/python3.12/site-packages/airflow/example_dags/example_bash_decorator.py took 0.043 seconds
[2024-09-08T06:57:47.238+0000] {processor.py:186} INFO - Started process (PID=2295) to work on /home/airflow/.local/lib/python3.12/site-packages/airflow/example_dags/example_bash_decorator.py
[2024-09-08T06:57:47.239+0000] {processor.py:914} INFO - Processing file /home/airflow/.local/lib/python3.12/site-packages/airflow/example_dags/example_bash_decorator.py for tasks to queue
[2024-09-08T06:57:47.240+0000] {logging_mixin.py:190} INFO - [2024-09-08T06:57:47.240+0000] {dagbag.py:587} INFO - Filling up the DagBag from /home/airflow/.local/lib/python3.12/site-packages/airflow/example_dags/example_bash_decorator.py
[2024-09-08T06:57:47.247+0000] {processor.py:925} INFO - DAG(s) 'example_bash_decorator' retrieved from /home/airflow/.local/lib/python3.12/site-packages/airflow/example_dags/example_bash_decorator.py
[2024-09-08T06:57:47.263+0000] {logging_mixin.py:190} INFO - [2024-09-08T06:57:47.263+0000] {dag.py:3229} INFO - Sync 1 DAGs
[2024-09-08T06:57:47.271+0000] {logging_mixin.py:190} INFO - [2024-09-08T06:57:47.271+0000] {dag.py:4156} INFO - Setting next_dagrun for example_bash_decorator to None, run_after=None
[2024-09-08T06:57:47.284+0000] {processor.py:208} INFO - Processing /home/airflow/.local/lib/python3.12/site-packages/airflow/example_dags/example_bash_decorator.py took 0.050 seconds
[2024-09-08T06:58:18.171+0000] {processor.py:186} INFO - Started process (PID=2357) to work on /home/airflow/.local/lib/python3.12/site-packages/airflow/example_dags/example_bash_decorator.py
[2024-09-08T06:58:18.172+0000] {processor.py:914} INFO - Processing file /home/airflow/.local/lib/python3.12/site-packages/airflow/example_dags/example_bash_decorator.py for tasks to queue
[2024-09-08T06:58:18.173+0000] {logging_mixin.py:190} INFO - [2024-09-08T06:58:18.173+0000] {dagbag.py:587} INFO - Filling up the DagBag from /home/airflow/.local/lib/python3.12/site-packages/airflow/example_dags/example_bash_decorator.py
[2024-09-08T06:58:18.182+0000] {processor.py:925} INFO - DAG(s) 'example_bash_decorator' retrieved from /home/airflow/.local/lib/python3.12/site-packages/airflow/example_dags/example_bash_decorator.py
[2024-09-08T06:58:18.194+0000] {logging_mixin.py:190} INFO - [2024-09-08T06:58:18.194+0000] {dag.py:3229} INFO - Sync 1 DAGs
[2024-09-08T06:58:18.201+0000] {logging_mixin.py:190} INFO - [2024-09-08T06:58:18.201+0000] {dag.py:4156} INFO - Setting next_dagrun for example_bash_decorator to None, run_after=None
[2024-09-08T06:58:18.210+0000] {processor.py:208} INFO - Processing /home/airflow/.local/lib/python3.12/site-packages/airflow/example_dags/example_bash_decorator.py took 0.043 seconds
[2024-09-08T06:58:48.807+0000] {processor.py:186} INFO - Started process (PID=2419) to work on /home/airflow/.local/lib/python3.12/site-packages/airflow/example_dags/example_bash_decorator.py
[2024-09-08T06:58:48.807+0000] {processor.py:914} INFO - Processing file /home/airflow/.local/lib/python3.12/site-packages/airflow/example_dags/example_bash_decorator.py for tasks to queue
[2024-09-08T06:58:48.808+0000] {logging_mixin.py:190} INFO - [2024-09-08T06:58:48.808+0000] {dagbag.py:587} INFO - Filling up the DagBag from /home/airflow/.local/lib/python3.12/site-packages/airflow/example_dags/example_bash_decorator.py
[2024-09-08T06:58:48.816+0000] {processor.py:925} INFO - DAG(s) 'example_bash_decorator' retrieved from /home/airflow/.local/lib/python3.12/site-packages/airflow/example_dags/example_bash_decorator.py
[2024-09-08T06:58:48.831+0000] {logging_mixin.py:190} INFO - [2024-09-08T06:58:48.831+0000] {dag.py:3229} INFO - Sync 1 DAGs
[2024-09-08T06:58:48.839+0000] {logging_mixin.py:190} INFO - [2024-09-08T06:58:48.839+0000] {dag.py:4156} INFO - Setting next_dagrun for example_bash_decorator to None, run_after=None
[2024-09-08T06:58:48.849+0000] {processor.py:208} INFO - Processing /home/airflow/.local/lib/python3.12/site-packages/airflow/example_dags/example_bash_decorator.py took 0.046 seconds
[2024-09-08T06:59:19.444+0000] {processor.py:186} INFO - Started process (PID=2481) to work on /home/airflow/.local/lib/python3.12/site-packages/airflow/example_dags/example_bash_decorator.py
[2024-09-08T06:59:19.445+0000] {processor.py:914} INFO - Processing file /home/airflow/.local/lib/python3.12/site-packages/airflow/example_dags/example_bash_decorator.py for tasks to queue
[2024-09-08T06:59:19.446+0000] {logging_mixin.py:190} INFO - [2024-09-08T06:59:19.446+0000] {dagbag.py:587} INFO - Filling up the DagBag from /home/airflow/.local/lib/python3.12/site-packages/airflow/example_dags/example_bash_decorator.py
[2024-09-08T06:59:19.453+0000] {processor.py:925} INFO - DAG(s) 'example_bash_decorator' retrieved from /home/airflow/.local/lib/python3.12/site-packages/airflow/example_dags/example_bash_decorator.py
[2024-09-08T06:59:19.470+0000] {logging_mixin.py:190} INFO - [2024-09-08T06:59:19.470+0000] {dag.py:3229} INFO - Sync 1 DAGs
[2024-09-08T06:59:19.480+0000] {logging_mixin.py:190} INFO - [2024-09-08T06:59:19.480+0000] {dag.py:4156} INFO - Setting next_dagrun for example_bash_decorator to None, run_after=None
[2024-09-08T06:59:19.493+0000] {processor.py:208} INFO - Processing /home/airflow/.local/lib/python3.12/site-packages/airflow/example_dags/example_bash_decorator.py took 0.051 seconds
[2024-09-08T06:59:50.236+0000] {processor.py:186} INFO - Started process (PID=2543) to work on /home/airflow/.local/lib/python3.12/site-packages/airflow/example_dags/example_bash_decorator.py
[2024-09-08T06:59:50.237+0000] {processor.py:914} INFO - Processing file /home/airflow/.local/lib/python3.12/site-packages/airflow/example_dags/example_bash_decorator.py for tasks to queue
[2024-09-08T06:59:50.238+0000] {logging_mixin.py:190} INFO - [2024-09-08T06:59:50.238+0000] {dagbag.py:587} INFO - Filling up the DagBag from /home/airflow/.local/lib/python3.12/site-packages/airflow/example_dags/example_bash_decorator.py
[2024-09-08T06:59:50.246+0000] {processor.py:925} INFO - DAG(s) 'example_bash_decorator' retrieved from /home/airflow/.local/lib/python3.12/site-packages/airflow/example_dags/example_bash_decorator.py
[2024-09-08T06:59:50.263+0000] {logging_mixin.py:190} INFO - [2024-09-08T06:59:50.262+0000] {dag.py:3229} INFO - Sync 1 DAGs
[2024-09-08T06:59:50.272+0000] {logging_mixin.py:190} INFO - [2024-09-08T06:59:50.271+0000] {dag.py:4156} INFO - Setting next_dagrun for example_bash_decorator to None, run_after=None
[2024-09-08T06:59:50.284+0000] {processor.py:208} INFO - Processing /home/airflow/.local/lib/python3.12/site-packages/airflow/example_dags/example_bash_decorator.py took 0.051 seconds
[2024-09-08T07:00:20.983+0000] {processor.py:186} INFO - Started process (PID=2605) to work on /home/airflow/.local/lib/python3.12/site-packages/airflow/example_dags/example_bash_decorator.py
[2024-09-08T07:00:20.984+0000] {processor.py:914} INFO - Processing file /home/airflow/.local/lib/python3.12/site-packages/airflow/example_dags/example_bash_decorator.py for tasks to queue
[2024-09-08T07:00:20.985+0000] {logging_mixin.py:190} INFO - [2024-09-08T07:00:20.985+0000] {dagbag.py:587} INFO - Filling up the DagBag from /home/airflow/.local/lib/python3.12/site-packages/airflow/example_dags/example_bash_decorator.py
[2024-09-08T07:00:20.993+0000] {processor.py:925} INFO - DAG(s) 'example_bash_decorator' retrieved from /home/airflow/.local/lib/python3.12/site-packages/airflow/example_dags/example_bash_decorator.py
[2024-09-08T07:00:21.006+0000] {logging_mixin.py:190} INFO - [2024-09-08T07:00:21.006+0000] {dag.py:3229} INFO - Sync 1 DAGs
[2024-09-08T07:00:21.014+0000] {logging_mixin.py:190} INFO - [2024-09-08T07:00:21.014+0000] {dag.py:4156} INFO - Setting next_dagrun for example_bash_decorator to None, run_after=None
[2024-09-08T07:00:21.024+0000] {processor.py:208} INFO - Processing /home/airflow/.local/lib/python3.12/site-packages/airflow/example_dags/example_bash_decorator.py took 0.045 seconds
[2024-09-08T07:00:51.626+0000] {processor.py:186} INFO - Started process (PID=2667) to work on /home/airflow/.local/lib/python3.12/site-packages/airflow/example_dags/example_bash_decorator.py
[2024-09-08T07:00:51.626+0000] {processor.py:914} INFO - Processing file /home/airflow/.local/lib/python3.12/site-packages/airflow/example_dags/example_bash_decorator.py for tasks to queue
[2024-09-08T07:00:51.628+0000] {logging_mixin.py:190} INFO - [2024-09-08T07:00:51.628+0000] {dagbag.py:587} INFO - Filling up the DagBag from /home/airflow/.local/lib/python3.12/site-packages/airflow/example_dags/example_bash_decorator.py
[2024-09-08T07:00:51.636+0000] {processor.py:925} INFO - DAG(s) 'example_bash_decorator' retrieved from /home/airflow/.local/lib/python3.12/site-packages/airflow/example_dags/example_bash_decorator.py
[2024-09-08T07:00:51.650+0000] {logging_mixin.py:190} INFO - [2024-09-08T07:00:51.650+0000] {dag.py:3229} INFO - Sync 1 DAGs
[2024-09-08T07:00:51.658+0000] {logging_mixin.py:190} INFO - [2024-09-08T07:00:51.658+0000] {dag.py:4156} INFO - Setting next_dagrun for example_bash_decorator to None, run_after=None
[2024-09-08T07:00:51.668+0000] {processor.py:208} INFO - Processing /home/airflow/.local/lib/python3.12/site-packages/airflow/example_dags/example_bash_decorator.py took 0.046 seconds
[2024-09-08T07:01:22.435+0000] {processor.py:186} INFO - Started process (PID=2729) to work on /home/airflow/.local/lib/python3.12/site-packages/airflow/example_dags/example_bash_decorator.py
[2024-09-08T07:01:22.435+0000] {processor.py:914} INFO - Processing file /home/airflow/.local/lib/python3.12/site-packages/airflow/example_dags/example_bash_decorator.py for tasks to queue
[2024-09-08T07:01:22.436+0000] {logging_mixin.py:190} INFO - [2024-09-08T07:01:22.436+0000] {dagbag.py:587} INFO - Filling up the DagBag from /home/airflow/.local/lib/python3.12/site-packages/airflow/example_dags/example_bash_decorator.py
[2024-09-08T07:01:22.444+0000] {processor.py:925} INFO - DAG(s) 'example_bash_decorator' retrieved from /home/airflow/.local/lib/python3.12/site-packages/airflow/example_dags/example_bash_decorator.py
[2024-09-08T07:01:22.457+0000] {logging_mixin.py:190} INFO - [2024-09-08T07:01:22.457+0000] {dag.py:3229} INFO - Sync 1 DAGs
[2024-09-08T07:01:22.464+0000] {logging_mixin.py:190} INFO - [2024-09-08T07:01:22.464+0000] {dag.py:4156} INFO - Setting next_dagrun for example_bash_decorator to None, run_after=None
[2024-09-08T07:01:22.475+0000] {processor.py:208} INFO - Processing /home/airflow/.local/lib/python3.12/site-packages/airflow/example_dags/example_bash_decorator.py took 0.043 seconds
[2024-09-08T07:01:53.443+0000] {processor.py:186} INFO - Started process (PID=2791) to work on /home/airflow/.local/lib/python3.12/site-packages/airflow/example_dags/example_bash_decorator.py
[2024-09-08T07:01:53.443+0000] {processor.py:914} INFO - Processing file /home/airflow/.local/lib/python3.12/site-packages/airflow/example_dags/example_bash_decorator.py for tasks to queue
[2024-09-08T07:01:53.444+0000] {logging_mixin.py:190} INFO - [2024-09-08T07:01:53.444+0000] {dagbag.py:587} INFO - Filling up the DagBag from /home/airflow/.local/lib/python3.12/site-packages/airflow/example_dags/example_bash_decorator.py
[2024-09-08T07:01:53.452+0000] {processor.py:925} INFO - DAG(s) 'example_bash_decorator' retrieved from /home/airflow/.local/lib/python3.12/site-packages/airflow/example_dags/example_bash_decorator.py
[2024-09-08T07:01:53.466+0000] {logging_mixin.py:190} INFO - [2024-09-08T07:01:53.466+0000] {dag.py:3229} INFO - Sync 1 DAGs
[2024-09-08T07:01:53.473+0000] {logging_mixin.py:190} INFO - [2024-09-08T07:01:53.473+0000] {dag.py:4156} INFO - Setting next_dagrun for example_bash_decorator to None, run_after=None
[2024-09-08T07:01:53.482+0000] {processor.py:208} INFO - Processing /home/airflow/.local/lib/python3.12/site-packages/airflow/example_dags/example_bash_decorator.py took 0.043 seconds
[2024-09-08T07:02:24.471+0000] {processor.py:186} INFO - Started process (PID=2853) to work on /home/airflow/.local/lib/python3.12/site-packages/airflow/example_dags/example_bash_decorator.py
[2024-09-08T07:02:24.471+0000] {processor.py:914} INFO - Processing file /home/airflow/.local/lib/python3.12/site-packages/airflow/example_dags/example_bash_decorator.py for tasks to queue
[2024-09-08T07:02:24.473+0000] {logging_mixin.py:190} INFO - [2024-09-08T07:02:24.472+0000] {dagbag.py:587} INFO - Filling up the DagBag from /home/airflow/.local/lib/python3.12/site-packages/airflow/example_dags/example_bash_decorator.py
[2024-09-08T07:02:24.484+0000] {processor.py:925} INFO - DAG(s) 'example_bash_decorator' retrieved from /home/airflow/.local/lib/python3.12/site-packages/airflow/example_dags/example_bash_decorator.py
[2024-09-08T07:02:24.500+0000] {logging_mixin.py:190} INFO - [2024-09-08T07:02:24.499+0000] {dag.py:3229} INFO - Sync 1 DAGs
[2024-09-08T07:02:24.507+0000] {logging_mixin.py:190} INFO - [2024-09-08T07:02:24.507+0000] {dag.py:4156} INFO - Setting next_dagrun for example_bash_decorator to None, run_after=None
[2024-09-08T07:02:24.519+0000] {processor.py:208} INFO - Processing /home/airflow/.local/lib/python3.12/site-packages/airflow/example_dags/example_bash_decorator.py took 0.052 seconds
[2024-09-08T07:02:55.631+0000] {processor.py:186} INFO - Started process (PID=2915) to work on /home/airflow/.local/lib/python3.12/site-packages/airflow/example_dags/example_bash_decorator.py
[2024-09-08T07:02:55.632+0000] {processor.py:914} INFO - Processing file /home/airflow/.local/lib/python3.12/site-packages/airflow/example_dags/example_bash_decorator.py for tasks to queue
[2024-09-08T07:02:55.633+0000] {logging_mixin.py:190} INFO - [2024-09-08T07:02:55.633+0000] {dagbag.py:587} INFO - Filling up the DagBag from /home/airflow/.local/lib/python3.12/site-packages/airflow/example_dags/example_bash_decorator.py
[2024-09-08T07:02:55.640+0000] {processor.py:925} INFO - DAG(s) 'example_bash_decorator' retrieved from /home/airflow/.local/lib/python3.12/site-packages/airflow/example_dags/example_bash_decorator.py
[2024-09-08T07:02:55.659+0000] {logging_mixin.py:190} INFO - [2024-09-08T07:02:55.658+0000] {dag.py:3229} INFO - Sync 1 DAGs
[2024-09-08T07:02:55.769+0000] {logging_mixin.py:190} INFO - [2024-09-08T07:02:55.769+0000] {dag.py:4156} INFO - Setting next_dagrun for example_bash_decorator to None, run_after=None
[2024-09-08T07:02:55.780+0000] {processor.py:208} INFO - Processing /home/airflow/.local/lib/python3.12/site-packages/airflow/example_dags/example_bash_decorator.py took 0.152 seconds
[2024-09-08T07:03:25.887+0000] {processor.py:186} INFO - Started process (PID=2977) to work on /home/airflow/.local/lib/python3.12/site-packages/airflow/example_dags/example_bash_decorator.py
[2024-09-08T07:03:25.888+0000] {processor.py:914} INFO - Processing file /home/airflow/.local/lib/python3.12/site-packages/airflow/example_dags/example_bash_decorator.py for tasks to queue
[2024-09-08T07:03:25.889+0000] {logging_mixin.py:190} INFO - [2024-09-08T07:03:25.889+0000] {dagbag.py:587} INFO - Filling up the DagBag from /home/airflow/.local/lib/python3.12/site-packages/airflow/example_dags/example_bash_decorator.py
[2024-09-08T07:03:25.896+0000] {processor.py:925} INFO - DAG(s) 'example_bash_decorator' retrieved from /home/airflow/.local/lib/python3.12/site-packages/airflow/example_dags/example_bash_decorator.py
[2024-09-08T07:03:25.908+0000] {logging_mixin.py:190} INFO - [2024-09-08T07:03:25.908+0000] {dag.py:3229} INFO - Sync 1 DAGs
[2024-09-08T07:03:26.013+0000] {logging_mixin.py:190} INFO - [2024-09-08T07:03:26.013+0000] {dag.py:4156} INFO - Setting next_dagrun for example_bash_decorator to None, run_after=None
[2024-09-08T07:03:26.030+0000] {processor.py:208} INFO - Processing /home/airflow/.local/lib/python3.12/site-packages/airflow/example_dags/example_bash_decorator.py took 0.146 seconds
[2024-09-08T07:03:56.418+0000] {processor.py:186} INFO - Started process (PID=3039) to work on /home/airflow/.local/lib/python3.12/site-packages/airflow/example_dags/example_bash_decorator.py
[2024-09-08T07:03:56.418+0000] {processor.py:914} INFO - Processing file /home/airflow/.local/lib/python3.12/site-packages/airflow/example_dags/example_bash_decorator.py for tasks to queue
[2024-09-08T07:03:56.420+0000] {logging_mixin.py:190} INFO - [2024-09-08T07:03:56.419+0000] {dagbag.py:587} INFO - Filling up the DagBag from /home/airflow/.local/lib/python3.12/site-packages/airflow/example_dags/example_bash_decorator.py
[2024-09-08T07:03:56.428+0000] {processor.py:925} INFO - DAG(s) 'example_bash_decorator' retrieved from /home/airflow/.local/lib/python3.12/site-packages/airflow/example_dags/example_bash_decorator.py
[2024-09-08T07:03:56.447+0000] {logging_mixin.py:190} INFO - [2024-09-08T07:03:56.446+0000] {dag.py:3229} INFO - Sync 1 DAGs
[2024-09-08T07:03:56.458+0000] {logging_mixin.py:190} INFO - [2024-09-08T07:03:56.458+0000] {dag.py:4156} INFO - Setting next_dagrun for example_bash_decorator to None, run_after=None
[2024-09-08T07:03:56.473+0000] {processor.py:208} INFO - Processing /home/airflow/.local/lib/python3.12/site-packages/airflow/example_dags/example_bash_decorator.py took 0.058 seconds
[2024-09-08T07:04:27.091+0000] {processor.py:186} INFO - Started process (PID=3101) to work on /home/airflow/.local/lib/python3.12/site-packages/airflow/example_dags/example_bash_decorator.py
[2024-09-08T07:04:27.092+0000] {processor.py:914} INFO - Processing file /home/airflow/.local/lib/python3.12/site-packages/airflow/example_dags/example_bash_decorator.py for tasks to queue
[2024-09-08T07:04:27.093+0000] {logging_mixin.py:190} INFO - [2024-09-08T07:04:27.093+0000] {dagbag.py:587} INFO - Filling up the DagBag from /home/airflow/.local/lib/python3.12/site-packages/airflow/example_dags/example_bash_decorator.py
[2024-09-08T07:04:27.104+0000] {processor.py:925} INFO - DAG(s) 'example_bash_decorator' retrieved from /home/airflow/.local/lib/python3.12/site-packages/airflow/example_dags/example_bash_decorator.py
[2024-09-08T07:04:27.120+0000] {logging_mixin.py:190} INFO - [2024-09-08T07:04:27.120+0000] {dag.py:3229} INFO - Sync 1 DAGs
[2024-09-08T07:04:27.129+0000] {logging_mixin.py:190} INFO - [2024-09-08T07:04:27.128+0000] {dag.py:4156} INFO - Setting next_dagrun for example_bash_decorator to None, run_after=None
[2024-09-08T07:04:27.141+0000] {processor.py:208} INFO - Processing /home/airflow/.local/lib/python3.12/site-packages/airflow/example_dags/example_bash_decorator.py took 0.054 seconds
[2024-09-08T07:04:57.508+0000] {processor.py:186} INFO - Started process (PID=3163) to work on /home/airflow/.local/lib/python3.12/site-packages/airflow/example_dags/example_bash_decorator.py
[2024-09-08T07:04:57.508+0000] {processor.py:914} INFO - Processing file /home/airflow/.local/lib/python3.12/site-packages/airflow/example_dags/example_bash_decorator.py for tasks to queue
[2024-09-08T07:04:57.510+0000] {logging_mixin.py:190} INFO - [2024-09-08T07:04:57.509+0000] {dagbag.py:587} INFO - Filling up the DagBag from /home/airflow/.local/lib/python3.12/site-packages/airflow/example_dags/example_bash_decorator.py
[2024-09-08T07:04:57.520+0000] {processor.py:925} INFO - DAG(s) 'example_bash_decorator' retrieved from /home/airflow/.local/lib/python3.12/site-packages/airflow/example_dags/example_bash_decorator.py
[2024-09-08T07:04:57.538+0000] {logging_mixin.py:190} INFO - [2024-09-08T07:04:57.537+0000] {dag.py:3229} INFO - Sync 1 DAGs
[2024-09-08T07:04:57.548+0000] {logging_mixin.py:190} INFO - [2024-09-08T07:04:57.548+0000] {dag.py:4156} INFO - Setting next_dagrun for example_bash_decorator to None, run_after=None
[2024-09-08T07:04:57.558+0000] {processor.py:208} INFO - Processing /home/airflow/.local/lib/python3.12/site-packages/airflow/example_dags/example_bash_decorator.py took 0.055 seconds
[2024-09-08T07:05:27.826+0000] {processor.py:186} INFO - Started process (PID=3225) to work on /home/airflow/.local/lib/python3.12/site-packages/airflow/example_dags/example_bash_decorator.py
[2024-09-08T07:05:27.826+0000] {processor.py:914} INFO - Processing file /home/airflow/.local/lib/python3.12/site-packages/airflow/example_dags/example_bash_decorator.py for tasks to queue
[2024-09-08T07:05:27.828+0000] {logging_mixin.py:190} INFO - [2024-09-08T07:05:27.827+0000] {dagbag.py:587} INFO - Filling up the DagBag from /home/airflow/.local/lib/python3.12/site-packages/airflow/example_dags/example_bash_decorator.py
[2024-09-08T07:05:27.838+0000] {processor.py:925} INFO - DAG(s) 'example_bash_decorator' retrieved from /home/airflow/.local/lib/python3.12/site-packages/airflow/example_dags/example_bash_decorator.py
[2024-09-08T07:05:27.854+0000] {logging_mixin.py:190} INFO - [2024-09-08T07:05:27.854+0000] {dag.py:3229} INFO - Sync 1 DAGs
[2024-09-08T07:05:27.862+0000] {logging_mixin.py:190} INFO - [2024-09-08T07:05:27.862+0000] {dag.py:4156} INFO - Setting next_dagrun for example_bash_decorator to None, run_after=None
[2024-09-08T07:05:27.874+0000] {processor.py:208} INFO - Processing /home/airflow/.local/lib/python3.12/site-packages/airflow/example_dags/example_bash_decorator.py took 0.052 seconds
[2024-09-08T07:05:58.774+0000] {processor.py:186} INFO - Started process (PID=3287) to work on /home/airflow/.local/lib/python3.12/site-packages/airflow/example_dags/example_bash_decorator.py
[2024-09-08T07:05:58.774+0000] {processor.py:914} INFO - Processing file /home/airflow/.local/lib/python3.12/site-packages/airflow/example_dags/example_bash_decorator.py for tasks to queue
[2024-09-08T07:05:58.775+0000] {logging_mixin.py:190} INFO - [2024-09-08T07:05:58.775+0000] {dagbag.py:587} INFO - Filling up the DagBag from /home/airflow/.local/lib/python3.12/site-packages/airflow/example_dags/example_bash_decorator.py
[2024-09-08T07:05:58.782+0000] {processor.py:925} INFO - DAG(s) 'example_bash_decorator' retrieved from /home/airflow/.local/lib/python3.12/site-packages/airflow/example_dags/example_bash_decorator.py
[2024-09-08T07:05:58.798+0000] {logging_mixin.py:190} INFO - [2024-09-08T07:05:58.798+0000] {dag.py:3229} INFO - Sync 1 DAGs
[2024-09-08T07:05:58.806+0000] {logging_mixin.py:190} INFO - [2024-09-08T07:05:58.806+0000] {dag.py:4156} INFO - Setting next_dagrun for example_bash_decorator to None, run_after=None
[2024-09-08T07:05:58.820+0000] {processor.py:208} INFO - Processing /home/airflow/.local/lib/python3.12/site-packages/airflow/example_dags/example_bash_decorator.py took 0.050 seconds
[2024-09-08T07:06:29.168+0000] {processor.py:186} INFO - Started process (PID=3349) to work on /home/airflow/.local/lib/python3.12/site-packages/airflow/example_dags/example_bash_decorator.py
[2024-09-08T07:06:29.168+0000] {processor.py:914} INFO - Processing file /home/airflow/.local/lib/python3.12/site-packages/airflow/example_dags/example_bash_decorator.py for tasks to queue
[2024-09-08T07:06:29.170+0000] {logging_mixin.py:190} INFO - [2024-09-08T07:06:29.170+0000] {dagbag.py:587} INFO - Filling up the DagBag from /home/airflow/.local/lib/python3.12/site-packages/airflow/example_dags/example_bash_decorator.py
[2024-09-08T07:06:29.178+0000] {processor.py:925} INFO - DAG(s) 'example_bash_decorator' retrieved from /home/airflow/.local/lib/python3.12/site-packages/airflow/example_dags/example_bash_decorator.py
[2024-09-08T07:06:29.197+0000] {logging_mixin.py:190} INFO - [2024-09-08T07:06:29.197+0000] {dag.py:3229} INFO - Sync 1 DAGs
[2024-09-08T07:06:29.207+0000] {logging_mixin.py:190} INFO - [2024-09-08T07:06:29.207+0000] {dag.py:4156} INFO - Setting next_dagrun for example_bash_decorator to None, run_after=None
[2024-09-08T07:06:29.220+0000] {processor.py:208} INFO - Processing /home/airflow/.local/lib/python3.12/site-packages/airflow/example_dags/example_bash_decorator.py took 0.056 seconds
[2024-09-08T07:06:59.767+0000] {processor.py:186} INFO - Started process (PID=3411) to work on /home/airflow/.local/lib/python3.12/site-packages/airflow/example_dags/example_bash_decorator.py
[2024-09-08T07:06:59.767+0000] {processor.py:914} INFO - Processing file /home/airflow/.local/lib/python3.12/site-packages/airflow/example_dags/example_bash_decorator.py for tasks to queue
[2024-09-08T07:06:59.769+0000] {logging_mixin.py:190} INFO - [2024-09-08T07:06:59.768+0000] {dagbag.py:587} INFO - Filling up the DagBag from /home/airflow/.local/lib/python3.12/site-packages/airflow/example_dags/example_bash_decorator.py
[2024-09-08T07:06:59.777+0000] {processor.py:925} INFO - DAG(s) 'example_bash_decorator' retrieved from /home/airflow/.local/lib/python3.12/site-packages/airflow/example_dags/example_bash_decorator.py
[2024-09-08T07:06:59.792+0000] {logging_mixin.py:190} INFO - [2024-09-08T07:06:59.792+0000] {dag.py:3229} INFO - Sync 1 DAGs
[2024-09-08T07:06:59.800+0000] {logging_mixin.py:190} INFO - [2024-09-08T07:06:59.799+0000] {dag.py:4156} INFO - Setting next_dagrun for example_bash_decorator to None, run_after=None
[2024-09-08T07:06:59.812+0000] {processor.py:208} INFO - Processing /home/airflow/.local/lib/python3.12/site-packages/airflow/example_dags/example_bash_decorator.py took 0.049 seconds
[2024-09-08T07:07:30.190+0000] {processor.py:186} INFO - Started process (PID=3473) to work on /home/airflow/.local/lib/python3.12/site-packages/airflow/example_dags/example_bash_decorator.py
[2024-09-08T07:07:30.191+0000] {processor.py:914} INFO - Processing file /home/airflow/.local/lib/python3.12/site-packages/airflow/example_dags/example_bash_decorator.py for tasks to queue
[2024-09-08T07:07:30.192+0000] {logging_mixin.py:190} INFO - [2024-09-08T07:07:30.192+0000] {dagbag.py:587} INFO - Filling up the DagBag from /home/airflow/.local/lib/python3.12/site-packages/airflow/example_dags/example_bash_decorator.py
[2024-09-08T07:07:30.200+0000] {processor.py:925} INFO - DAG(s) 'example_bash_decorator' retrieved from /home/airflow/.local/lib/python3.12/site-packages/airflow/example_dags/example_bash_decorator.py
[2024-09-08T07:07:30.218+0000] {logging_mixin.py:190} INFO - [2024-09-08T07:07:30.218+0000] {dag.py:3229} INFO - Sync 1 DAGs
[2024-09-08T07:07:30.228+0000] {logging_mixin.py:190} INFO - [2024-09-08T07:07:30.228+0000] {dag.py:4156} INFO - Setting next_dagrun for example_bash_decorator to None, run_after=None
[2024-09-08T07:07:30.240+0000] {processor.py:208} INFO - Processing /home/airflow/.local/lib/python3.12/site-packages/airflow/example_dags/example_bash_decorator.py took 0.053 seconds
[2024-09-08T07:08:00.574+0000] {processor.py:186} INFO - Started process (PID=3535) to work on /home/airflow/.local/lib/python3.12/site-packages/airflow/example_dags/example_bash_decorator.py
[2024-09-08T07:08:00.574+0000] {processor.py:914} INFO - Processing file /home/airflow/.local/lib/python3.12/site-packages/airflow/example_dags/example_bash_decorator.py for tasks to queue
[2024-09-08T07:08:00.575+0000] {logging_mixin.py:190} INFO - [2024-09-08T07:08:00.575+0000] {dagbag.py:587} INFO - Filling up the DagBag from /home/airflow/.local/lib/python3.12/site-packages/airflow/example_dags/example_bash_decorator.py
[2024-09-08T07:08:00.583+0000] {processor.py:925} INFO - DAG(s) 'example_bash_decorator' retrieved from /home/airflow/.local/lib/python3.12/site-packages/airflow/example_dags/example_bash_decorator.py
[2024-09-08T07:08:00.600+0000] {logging_mixin.py:190} INFO - [2024-09-08T07:08:00.599+0000] {dag.py:3229} INFO - Sync 1 DAGs
[2024-09-08T07:08:00.610+0000] {logging_mixin.py:190} INFO - [2024-09-08T07:08:00.610+0000] {dag.py:4156} INFO - Setting next_dagrun for example_bash_decorator to None, run_after=None
[2024-09-08T07:08:00.623+0000] {processor.py:208} INFO - Processing /home/airflow/.local/lib/python3.12/site-packages/airflow/example_dags/example_bash_decorator.py took 0.053 seconds
[2024-09-08T07:08:31.095+0000] {processor.py:186} INFO - Started process (PID=3597) to work on /home/airflow/.local/lib/python3.12/site-packages/airflow/example_dags/example_bash_decorator.py
[2024-09-08T07:08:31.096+0000] {processor.py:914} INFO - Processing file /home/airflow/.local/lib/python3.12/site-packages/airflow/example_dags/example_bash_decorator.py for tasks to queue
[2024-09-08T07:08:31.097+0000] {logging_mixin.py:190} INFO - [2024-09-08T07:08:31.097+0000] {dagbag.py:587} INFO - Filling up the DagBag from /home/airflow/.local/lib/python3.12/site-packages/airflow/example_dags/example_bash_decorator.py
[2024-09-08T07:08:31.105+0000] {processor.py:925} INFO - DAG(s) 'example_bash_decorator' retrieved from /home/airflow/.local/lib/python3.12/site-packages/airflow/example_dags/example_bash_decorator.py
[2024-09-08T07:08:31.123+0000] {logging_mixin.py:190} INFO - [2024-09-08T07:08:31.123+0000] {dag.py:3229} INFO - Sync 1 DAGs
[2024-09-08T07:08:31.134+0000] {logging_mixin.py:190} INFO - [2024-09-08T07:08:31.134+0000] {dag.py:4156} INFO - Setting next_dagrun for example_bash_decorator to None, run_after=None
[2024-09-08T07:08:31.147+0000] {processor.py:208} INFO - Processing /home/airflow/.local/lib/python3.12/site-packages/airflow/example_dags/example_bash_decorator.py took 0.056 seconds
[2024-09-08T07:09:01.772+0000] {processor.py:186} INFO - Started process (PID=3659) to work on /home/airflow/.local/lib/python3.12/site-packages/airflow/example_dags/example_bash_decorator.py
[2024-09-08T07:09:01.773+0000] {processor.py:914} INFO - Processing file /home/airflow/.local/lib/python3.12/site-packages/airflow/example_dags/example_bash_decorator.py for tasks to queue
[2024-09-08T07:09:01.774+0000] {logging_mixin.py:190} INFO - [2024-09-08T07:09:01.774+0000] {dagbag.py:587} INFO - Filling up the DagBag from /home/airflow/.local/lib/python3.12/site-packages/airflow/example_dags/example_bash_decorator.py
[2024-09-08T07:09:01.781+0000] {processor.py:925} INFO - DAG(s) 'example_bash_decorator' retrieved from /home/airflow/.local/lib/python3.12/site-packages/airflow/example_dags/example_bash_decorator.py
[2024-09-08T07:09:01.797+0000] {logging_mixin.py:190} INFO - [2024-09-08T07:09:01.797+0000] {dag.py:3229} INFO - Sync 1 DAGs
[2024-09-08T07:09:01.804+0000] {logging_mixin.py:190} INFO - [2024-09-08T07:09:01.804+0000] {dag.py:4156} INFO - Setting next_dagrun for example_bash_decorator to None, run_after=None
[2024-09-08T07:09:01.814+0000] {processor.py:208} INFO - Processing /home/airflow/.local/lib/python3.12/site-packages/airflow/example_dags/example_bash_decorator.py took 0.046 seconds
[2024-09-08T07:09:32.153+0000] {processor.py:186} INFO - Started process (PID=3721) to work on /home/airflow/.local/lib/python3.12/site-packages/airflow/example_dags/example_bash_decorator.py
[2024-09-08T07:09:32.153+0000] {processor.py:914} INFO - Processing file /home/airflow/.local/lib/python3.12/site-packages/airflow/example_dags/example_bash_decorator.py for tasks to queue
[2024-09-08T07:09:32.154+0000] {logging_mixin.py:190} INFO - [2024-09-08T07:09:32.154+0000] {dagbag.py:587} INFO - Filling up the DagBag from /home/airflow/.local/lib/python3.12/site-packages/airflow/example_dags/example_bash_decorator.py
[2024-09-08T07:09:32.162+0000] {processor.py:925} INFO - DAG(s) 'example_bash_decorator' retrieved from /home/airflow/.local/lib/python3.12/site-packages/airflow/example_dags/example_bash_decorator.py
[2024-09-08T07:09:32.176+0000] {logging_mixin.py:190} INFO - [2024-09-08T07:09:32.176+0000] {dag.py:3229} INFO - Sync 1 DAGs
[2024-09-08T07:09:32.184+0000] {logging_mixin.py:190} INFO - [2024-09-08T07:09:32.183+0000] {dag.py:4156} INFO - Setting next_dagrun for example_bash_decorator to None, run_after=None
[2024-09-08T07:09:32.194+0000] {processor.py:208} INFO - Processing /home/airflow/.local/lib/python3.12/site-packages/airflow/example_dags/example_bash_decorator.py took 0.044 seconds
[2024-09-08T07:10:02.694+0000] {processor.py:186} INFO - Started process (PID=3783) to work on /home/airflow/.local/lib/python3.12/site-packages/airflow/example_dags/example_bash_decorator.py
[2024-09-08T07:10:02.695+0000] {processor.py:914} INFO - Processing file /home/airflow/.local/lib/python3.12/site-packages/airflow/example_dags/example_bash_decorator.py for tasks to queue
[2024-09-08T07:10:02.696+0000] {logging_mixin.py:190} INFO - [2024-09-08T07:10:02.696+0000] {dagbag.py:587} INFO - Filling up the DagBag from /home/airflow/.local/lib/python3.12/site-packages/airflow/example_dags/example_bash_decorator.py
[2024-09-08T07:10:02.705+0000] {processor.py:925} INFO - DAG(s) 'example_bash_decorator' retrieved from /home/airflow/.local/lib/python3.12/site-packages/airflow/example_dags/example_bash_decorator.py
[2024-09-08T07:10:02.722+0000] {logging_mixin.py:190} INFO - [2024-09-08T07:10:02.722+0000] {dag.py:3229} INFO - Sync 1 DAGs
[2024-09-08T07:10:02.733+0000] {logging_mixin.py:190} INFO - [2024-09-08T07:10:02.733+0000] {dag.py:4156} INFO - Setting next_dagrun for example_bash_decorator to None, run_after=None
[2024-09-08T07:10:02.745+0000] {processor.py:208} INFO - Processing /home/airflow/.local/lib/python3.12/site-packages/airflow/example_dags/example_bash_decorator.py took 0.055 seconds
[2024-09-08T07:10:33.235+0000] {processor.py:186} INFO - Started process (PID=3845) to work on /home/airflow/.local/lib/python3.12/site-packages/airflow/example_dags/example_bash_decorator.py
[2024-09-08T07:10:33.235+0000] {processor.py:914} INFO - Processing file /home/airflow/.local/lib/python3.12/site-packages/airflow/example_dags/example_bash_decorator.py for tasks to queue
[2024-09-08T07:10:33.237+0000] {logging_mixin.py:190} INFO - [2024-09-08T07:10:33.236+0000] {dagbag.py:587} INFO - Filling up the DagBag from /home/airflow/.local/lib/python3.12/site-packages/airflow/example_dags/example_bash_decorator.py
[2024-09-08T07:10:33.245+0000] {processor.py:925} INFO - DAG(s) 'example_bash_decorator' retrieved from /home/airflow/.local/lib/python3.12/site-packages/airflow/example_dags/example_bash_decorator.py
[2024-09-08T07:10:33.260+0000] {logging_mixin.py:190} INFO - [2024-09-08T07:10:33.260+0000] {dag.py:3229} INFO - Sync 1 DAGs
[2024-09-08T07:10:33.271+0000] {logging_mixin.py:190} INFO - [2024-09-08T07:10:33.270+0000] {dag.py:4156} INFO - Setting next_dagrun for example_bash_decorator to None, run_after=None
[2024-09-08T07:10:33.283+0000] {processor.py:208} INFO - Processing /home/airflow/.local/lib/python3.12/site-packages/airflow/example_dags/example_bash_decorator.py took 0.052 seconds
[2024-09-08T07:11:03.724+0000] {processor.py:186} INFO - Started process (PID=3907) to work on /home/airflow/.local/lib/python3.12/site-packages/airflow/example_dags/example_bash_decorator.py
[2024-09-08T07:11:03.725+0000] {processor.py:914} INFO - Processing file /home/airflow/.local/lib/python3.12/site-packages/airflow/example_dags/example_bash_decorator.py for tasks to queue
[2024-09-08T07:11:03.726+0000] {logging_mixin.py:190} INFO - [2024-09-08T07:11:03.726+0000] {dagbag.py:587} INFO - Filling up the DagBag from /home/airflow/.local/lib/python3.12/site-packages/airflow/example_dags/example_bash_decorator.py
[2024-09-08T07:11:03.736+0000] {processor.py:925} INFO - DAG(s) 'example_bash_decorator' retrieved from /home/airflow/.local/lib/python3.12/site-packages/airflow/example_dags/example_bash_decorator.py
[2024-09-08T07:11:03.749+0000] {logging_mixin.py:190} INFO - [2024-09-08T07:11:03.749+0000] {dag.py:3229} INFO - Sync 1 DAGs
[2024-09-08T07:11:03.756+0000] {logging_mixin.py:190} INFO - [2024-09-08T07:11:03.756+0000] {dag.py:4156} INFO - Setting next_dagrun for example_bash_decorator to None, run_after=None
[2024-09-08T07:11:03.767+0000] {processor.py:208} INFO - Processing /home/airflow/.local/lib/python3.12/site-packages/airflow/example_dags/example_bash_decorator.py took 0.047 seconds
[2024-09-08T07:11:34.233+0000] {processor.py:186} INFO - Started process (PID=3969) to work on /home/airflow/.local/lib/python3.12/site-packages/airflow/example_dags/example_bash_decorator.py
[2024-09-08T07:11:34.234+0000] {processor.py:914} INFO - Processing file /home/airflow/.local/lib/python3.12/site-packages/airflow/example_dags/example_bash_decorator.py for tasks to queue
[2024-09-08T07:11:34.235+0000] {logging_mixin.py:190} INFO - [2024-09-08T07:11:34.235+0000] {dagbag.py:587} INFO - Filling up the DagBag from /home/airflow/.local/lib/python3.12/site-packages/airflow/example_dags/example_bash_decorator.py
[2024-09-08T07:11:34.242+0000] {processor.py:925} INFO - DAG(s) 'example_bash_decorator' retrieved from /home/airflow/.local/lib/python3.12/site-packages/airflow/example_dags/example_bash_decorator.py
[2024-09-08T07:11:34.261+0000] {logging_mixin.py:190} INFO - [2024-09-08T07:11:34.260+0000] {dag.py:3229} INFO - Sync 1 DAGs
[2024-09-08T07:11:34.271+0000] {logging_mixin.py:190} INFO - [2024-09-08T07:11:34.271+0000] {dag.py:4156} INFO - Setting next_dagrun for example_bash_decorator to None, run_after=None
[2024-09-08T07:11:34.284+0000] {processor.py:208} INFO - Processing /home/airflow/.local/lib/python3.12/site-packages/airflow/example_dags/example_bash_decorator.py took 0.054 seconds
[2024-09-08T07:16:39.248+0000] {processor.py:186} INFO - Started process (PID=4031) to work on /home/airflow/.local/lib/python3.12/site-packages/airflow/example_dags/example_bash_decorator.py
[2024-09-08T07:16:39.250+0000] {processor.py:914} INFO - Processing file /home/airflow/.local/lib/python3.12/site-packages/airflow/example_dags/example_bash_decorator.py for tasks to queue
[2024-09-08T07:16:39.251+0000] {logging_mixin.py:190} INFO - [2024-09-08T07:16:39.251+0000] {dagbag.py:587} INFO - Filling up the DagBag from /home/airflow/.local/lib/python3.12/site-packages/airflow/example_dags/example_bash_decorator.py
[2024-09-08T07:16:39.260+0000] {processor.py:925} INFO - DAG(s) 'example_bash_decorator' retrieved from /home/airflow/.local/lib/python3.12/site-packages/airflow/example_dags/example_bash_decorator.py
[2024-09-08T07:16:39.273+0000] {logging_mixin.py:190} INFO - [2024-09-08T07:16:39.273+0000] {dag.py:3229} INFO - Sync 1 DAGs
[2024-09-08T07:16:39.281+0000] {logging_mixin.py:190} INFO - [2024-09-08T07:16:39.281+0000] {dag.py:4156} INFO - Setting next_dagrun for example_bash_decorator to None, run_after=None
[2024-09-08T07:16:39.293+0000] {processor.py:208} INFO - Processing /home/airflow/.local/lib/python3.12/site-packages/airflow/example_dags/example_bash_decorator.py took 0.049 seconds
[2024-09-08T07:17:09.729+0000] {processor.py:186} INFO - Started process (PID=4093) to work on /home/airflow/.local/lib/python3.12/site-packages/airflow/example_dags/example_bash_decorator.py
[2024-09-08T07:17:09.729+0000] {processor.py:914} INFO - Processing file /home/airflow/.local/lib/python3.12/site-packages/airflow/example_dags/example_bash_decorator.py for tasks to queue
[2024-09-08T07:17:09.731+0000] {logging_mixin.py:190} INFO - [2024-09-08T07:17:09.730+0000] {dagbag.py:587} INFO - Filling up the DagBag from /home/airflow/.local/lib/python3.12/site-packages/airflow/example_dags/example_bash_decorator.py
[2024-09-08T07:17:09.743+0000] {processor.py:925} INFO - DAG(s) 'example_bash_decorator' retrieved from /home/airflow/.local/lib/python3.12/site-packages/airflow/example_dags/example_bash_decorator.py
[2024-09-08T07:17:09.763+0000] {logging_mixin.py:190} INFO - [2024-09-08T07:17:09.762+0000] {dag.py:3229} INFO - Sync 1 DAGs
[2024-09-08T07:17:09.772+0000] {logging_mixin.py:190} INFO - [2024-09-08T07:17:09.772+0000] {dag.py:4156} INFO - Setting next_dagrun for example_bash_decorator to None, run_after=None
[2024-09-08T07:17:09.788+0000] {processor.py:208} INFO - Processing /home/airflow/.local/lib/python3.12/site-packages/airflow/example_dags/example_bash_decorator.py took 0.063 seconds
[2024-09-08T07:17:40.348+0000] {processor.py:186} INFO - Started process (PID=4155) to work on /home/airflow/.local/lib/python3.12/site-packages/airflow/example_dags/example_bash_decorator.py
[2024-09-08T07:17:40.348+0000] {processor.py:914} INFO - Processing file /home/airflow/.local/lib/python3.12/site-packages/airflow/example_dags/example_bash_decorator.py for tasks to queue
[2024-09-08T07:17:40.349+0000] {logging_mixin.py:190} INFO - [2024-09-08T07:17:40.349+0000] {dagbag.py:587} INFO - Filling up the DagBag from /home/airflow/.local/lib/python3.12/site-packages/airflow/example_dags/example_bash_decorator.py
[2024-09-08T07:17:40.357+0000] {processor.py:925} INFO - DAG(s) 'example_bash_decorator' retrieved from /home/airflow/.local/lib/python3.12/site-packages/airflow/example_dags/example_bash_decorator.py
[2024-09-08T07:17:40.373+0000] {logging_mixin.py:190} INFO - [2024-09-08T07:17:40.373+0000] {dag.py:3229} INFO - Sync 1 DAGs
[2024-09-08T07:17:40.381+0000] {logging_mixin.py:190} INFO - [2024-09-08T07:17:40.381+0000] {dag.py:4156} INFO - Setting next_dagrun for example_bash_decorator to None, run_after=None
[2024-09-08T07:17:40.391+0000] {processor.py:208} INFO - Processing /home/airflow/.local/lib/python3.12/site-packages/airflow/example_dags/example_bash_decorator.py took 0.047 seconds
[2024-09-08T07:18:10.866+0000] {processor.py:186} INFO - Started process (PID=4217) to work on /home/airflow/.local/lib/python3.12/site-packages/airflow/example_dags/example_bash_decorator.py
[2024-09-08T07:18:10.866+0000] {processor.py:914} INFO - Processing file /home/airflow/.local/lib/python3.12/site-packages/airflow/example_dags/example_bash_decorator.py for tasks to queue
[2024-09-08T07:18:10.868+0000] {logging_mixin.py:190} INFO - [2024-09-08T07:18:10.868+0000] {dagbag.py:587} INFO - Filling up the DagBag from /home/airflow/.local/lib/python3.12/site-packages/airflow/example_dags/example_bash_decorator.py
[2024-09-08T07:18:10.875+0000] {processor.py:925} INFO - DAG(s) 'example_bash_decorator' retrieved from /home/airflow/.local/lib/python3.12/site-packages/airflow/example_dags/example_bash_decorator.py
[2024-09-08T07:18:10.890+0000] {logging_mixin.py:190} INFO - [2024-09-08T07:18:10.890+0000] {dag.py:3229} INFO - Sync 1 DAGs
[2024-09-08T07:18:10.897+0000] {logging_mixin.py:190} INFO - [2024-09-08T07:18:10.897+0000] {dag.py:4156} INFO - Setting next_dagrun for example_bash_decorator to None, run_after=None
[2024-09-08T07:18:10.909+0000] {processor.py:208} INFO - Processing /home/airflow/.local/lib/python3.12/site-packages/airflow/example_dags/example_bash_decorator.py took 0.046 seconds
[2024-09-08T07:18:41.483+0000] {processor.py:186} INFO - Started process (PID=4278) to work on /home/airflow/.local/lib/python3.12/site-packages/airflow/example_dags/example_bash_decorator.py
[2024-09-08T07:18:41.484+0000] {processor.py:914} INFO - Processing file /home/airflow/.local/lib/python3.12/site-packages/airflow/example_dags/example_bash_decorator.py for tasks to queue
[2024-09-08T07:18:41.485+0000] {logging_mixin.py:190} INFO - [2024-09-08T07:18:41.485+0000] {dagbag.py:587} INFO - Filling up the DagBag from /home/airflow/.local/lib/python3.12/site-packages/airflow/example_dags/example_bash_decorator.py
[2024-09-08T07:18:41.493+0000] {processor.py:925} INFO - DAG(s) 'example_bash_decorator' retrieved from /home/airflow/.local/lib/python3.12/site-packages/airflow/example_dags/example_bash_decorator.py
[2024-09-08T07:18:41.510+0000] {logging_mixin.py:190} INFO - [2024-09-08T07:18:41.510+0000] {dag.py:3229} INFO - Sync 1 DAGs
[2024-09-08T07:18:41.520+0000] {logging_mixin.py:190} INFO - [2024-09-08T07:18:41.520+0000] {dag.py:4156} INFO - Setting next_dagrun for example_bash_decorator to None, run_after=None
[2024-09-08T07:18:41.535+0000] {processor.py:208} INFO - Processing /home/airflow/.local/lib/python3.12/site-packages/airflow/example_dags/example_bash_decorator.py took 0.055 seconds
[2024-09-08T07:19:11.999+0000] {processor.py:186} INFO - Started process (PID=4341) to work on /home/airflow/.local/lib/python3.12/site-packages/airflow/example_dags/example_bash_decorator.py
[2024-09-08T07:19:11.999+0000] {processor.py:914} INFO - Processing file /home/airflow/.local/lib/python3.12/site-packages/airflow/example_dags/example_bash_decorator.py for tasks to queue
[2024-09-08T07:19:12.000+0000] {logging_mixin.py:190} INFO - [2024-09-08T07:19:12.000+0000] {dagbag.py:587} INFO - Filling up the DagBag from /home/airflow/.local/lib/python3.12/site-packages/airflow/example_dags/example_bash_decorator.py
[2024-09-08T07:19:12.008+0000] {processor.py:925} INFO - DAG(s) 'example_bash_decorator' retrieved from /home/airflow/.local/lib/python3.12/site-packages/airflow/example_dags/example_bash_decorator.py
[2024-09-08T07:19:12.025+0000] {logging_mixin.py:190} INFO - [2024-09-08T07:19:12.025+0000] {dag.py:3229} INFO - Sync 1 DAGs
[2024-09-08T07:19:12.036+0000] {logging_mixin.py:190} INFO - [2024-09-08T07:19:12.035+0000] {dag.py:4156} INFO - Setting next_dagrun for example_bash_decorator to None, run_after=None
[2024-09-08T07:19:12.049+0000] {processor.py:208} INFO - Processing /home/airflow/.local/lib/python3.12/site-packages/airflow/example_dags/example_bash_decorator.py took 0.053 seconds
[2024-09-08T07:19:42.836+0000] {processor.py:186} INFO - Started process (PID=4403) to work on /home/airflow/.local/lib/python3.12/site-packages/airflow/example_dags/example_bash_decorator.py
[2024-09-08T07:19:42.836+0000] {processor.py:914} INFO - Processing file /home/airflow/.local/lib/python3.12/site-packages/airflow/example_dags/example_bash_decorator.py for tasks to queue
[2024-09-08T07:19:42.837+0000] {logging_mixin.py:190} INFO - [2024-09-08T07:19:42.837+0000] {dagbag.py:587} INFO - Filling up the DagBag from /home/airflow/.local/lib/python3.12/site-packages/airflow/example_dags/example_bash_decorator.py
[2024-09-08T07:19:42.845+0000] {processor.py:925} INFO - DAG(s) 'example_bash_decorator' retrieved from /home/airflow/.local/lib/python3.12/site-packages/airflow/example_dags/example_bash_decorator.py
[2024-09-08T07:19:42.861+0000] {logging_mixin.py:190} INFO - [2024-09-08T07:19:42.860+0000] {dag.py:3229} INFO - Sync 1 DAGs
[2024-09-08T07:19:42.870+0000] {logging_mixin.py:190} INFO - [2024-09-08T07:19:42.869+0000] {dag.py:4156} INFO - Setting next_dagrun for example_bash_decorator to None, run_after=None
[2024-09-08T07:19:42.883+0000] {processor.py:208} INFO - Processing /home/airflow/.local/lib/python3.12/site-packages/airflow/example_dags/example_bash_decorator.py took 0.050 seconds
[2024-09-08T07:20:13.616+0000] {processor.py:186} INFO - Started process (PID=4465) to work on /home/airflow/.local/lib/python3.12/site-packages/airflow/example_dags/example_bash_decorator.py
[2024-09-08T07:20:13.617+0000] {processor.py:914} INFO - Processing file /home/airflow/.local/lib/python3.12/site-packages/airflow/example_dags/example_bash_decorator.py for tasks to queue
[2024-09-08T07:20:13.618+0000] {logging_mixin.py:190} INFO - [2024-09-08T07:20:13.618+0000] {dagbag.py:587} INFO - Filling up the DagBag from /home/airflow/.local/lib/python3.12/site-packages/airflow/example_dags/example_bash_decorator.py
[2024-09-08T07:20:13.626+0000] {processor.py:925} INFO - DAG(s) 'example_bash_decorator' retrieved from /home/airflow/.local/lib/python3.12/site-packages/airflow/example_dags/example_bash_decorator.py
[2024-09-08T07:20:13.640+0000] {logging_mixin.py:190} INFO - [2024-09-08T07:20:13.640+0000] {dag.py:3229} INFO - Sync 1 DAGs
[2024-09-08T07:20:13.648+0000] {logging_mixin.py:190} INFO - [2024-09-08T07:20:13.648+0000] {dag.py:4156} INFO - Setting next_dagrun for example_bash_decorator to None, run_after=None
[2024-09-08T07:20:13.659+0000] {processor.py:208} INFO - Processing /home/airflow/.local/lib/python3.12/site-packages/airflow/example_dags/example_bash_decorator.py took 0.045 seconds
[2024-09-08T07:20:44.053+0000] {processor.py:186} INFO - Started process (PID=4527) to work on /home/airflow/.local/lib/python3.12/site-packages/airflow/example_dags/example_bash_decorator.py
[2024-09-08T07:20:44.053+0000] {processor.py:914} INFO - Processing file /home/airflow/.local/lib/python3.12/site-packages/airflow/example_dags/example_bash_decorator.py for tasks to queue
[2024-09-08T07:20:44.055+0000] {logging_mixin.py:190} INFO - [2024-09-08T07:20:44.054+0000] {dagbag.py:587} INFO - Filling up the DagBag from /home/airflow/.local/lib/python3.12/site-packages/airflow/example_dags/example_bash_decorator.py
[2024-09-08T07:20:44.063+0000] {processor.py:925} INFO - DAG(s) 'example_bash_decorator' retrieved from /home/airflow/.local/lib/python3.12/site-packages/airflow/example_dags/example_bash_decorator.py
[2024-09-08T07:20:44.079+0000] {logging_mixin.py:190} INFO - [2024-09-08T07:20:44.079+0000] {dag.py:3229} INFO - Sync 1 DAGs
[2024-09-08T07:20:44.091+0000] {logging_mixin.py:190} INFO - [2024-09-08T07:20:44.090+0000] {dag.py:4156} INFO - Setting next_dagrun for example_bash_decorator to None, run_after=None
[2024-09-08T07:20:44.103+0000] {processor.py:208} INFO - Processing /home/airflow/.local/lib/python3.12/site-packages/airflow/example_dags/example_bash_decorator.py took 0.053 seconds
[2024-09-08T07:21:14.515+0000] {processor.py:186} INFO - Started process (PID=4589) to work on /home/airflow/.local/lib/python3.12/site-packages/airflow/example_dags/example_bash_decorator.py
[2024-09-08T07:21:14.515+0000] {processor.py:914} INFO - Processing file /home/airflow/.local/lib/python3.12/site-packages/airflow/example_dags/example_bash_decorator.py for tasks to queue
[2024-09-08T07:21:14.516+0000] {logging_mixin.py:190} INFO - [2024-09-08T07:21:14.516+0000] {dagbag.py:587} INFO - Filling up the DagBag from /home/airflow/.local/lib/python3.12/site-packages/airflow/example_dags/example_bash_decorator.py
[2024-09-08T07:21:14.524+0000] {processor.py:925} INFO - DAG(s) 'example_bash_decorator' retrieved from /home/airflow/.local/lib/python3.12/site-packages/airflow/example_dags/example_bash_decorator.py
[2024-09-08T07:21:14.538+0000] {logging_mixin.py:190} INFO - [2024-09-08T07:21:14.538+0000] {dag.py:3229} INFO - Sync 1 DAGs
[2024-09-08T07:21:14.546+0000] {logging_mixin.py:190} INFO - [2024-09-08T07:21:14.546+0000] {dag.py:4156} INFO - Setting next_dagrun for example_bash_decorator to None, run_after=None
[2024-09-08T07:21:14.557+0000] {processor.py:208} INFO - Processing /home/airflow/.local/lib/python3.12/site-packages/airflow/example_dags/example_bash_decorator.py took 0.045 seconds
