[2024-09-08T06:39:29.270+0000] {processor.py:186} INFO - Started process (PID=77) to work on /home/airflow/.local/lib/python3.12/site-packages/airflow/example_dags/example_latest_only.py
[2024-09-08T06:39:29.271+0000] {processor.py:914} INFO - Processing file /home/airflow/.local/lib/python3.12/site-packages/airflow/example_dags/example_latest_only.py for tasks to queue
[2024-09-08T06:39:29.273+0000] {logging_mixin.py:190} INFO - [2024-09-08T06:39:29.272+0000] {dagbag.py:587} INFO - Filling up the DagBag from /home/airflow/.local/lib/python3.12/site-packages/airflow/example_dags/example_latest_only.py
[2024-09-08T06:39:29.277+0000] {processor.py:925} INFO - DAG(s) 'latest_only' retrieved from /home/airflow/.local/lib/python3.12/site-packages/airflow/example_dags/example_latest_only.py
[2024-09-08T06:39:29.342+0000] {logging_mixin.py:190} INFO - [2024-09-08T06:39:29.341+0000] {override.py:1900} INFO - Created Permission View: can edit on DAG:latest_only
[2024-09-08T06:39:29.349+0000] {logging_mixin.py:190} INFO - [2024-09-08T06:39:29.348+0000] {override.py:1900} INFO - Created Permission View: can read on DAG:latest_only
[2024-09-08T06:39:29.352+0000] {logging_mixin.py:190} INFO - [2024-09-08T06:39:29.352+0000] {override.py:1900} INFO - Created Permission View: can delete on DAG:latest_only
[2024-09-08T06:39:29.357+0000] {logging_mixin.py:190} INFO - [2024-09-08T06:39:29.357+0000] {override.py:1900} INFO - Created Permission View: can read on DAG Run:latest_only
[2024-09-08T06:39:29.361+0000] {logging_mixin.py:190} INFO - [2024-09-08T06:39:29.360+0000] {override.py:1900} INFO - Created Permission View: can delete on DAG Run:latest_only
[2024-09-08T06:39:29.363+0000] {logging_mixin.py:190} INFO - [2024-09-08T06:39:29.363+0000] {override.py:1900} INFO - Created Permission View: can create on DAG Run:latest_only
[2024-09-08T06:39:29.366+0000] {logging_mixin.py:190} INFO - [2024-09-08T06:39:29.366+0000] {override.py:1900} INFO - Created Permission View: menu access on DAG Run:latest_only
[2024-09-08T06:39:29.366+0000] {logging_mixin.py:190} INFO - [2024-09-08T06:39:29.366+0000] {dag.py:3229} INFO - Sync 1 DAGs
[2024-09-08T06:39:29.374+0000] {logging_mixin.py:190} INFO - [2024-09-08T06:39:29.374+0000] {dag.py:3252} INFO - Creating ORM DAG for latest_only
[2024-09-08T06:39:29.380+0000] {logging_mixin.py:190} INFO - [2024-09-08T06:39:29.380+0000] {dag.py:4156} INFO - Setting next_dagrun for latest_only to 2024-09-08 00:00:00+00:00, run_after=2024-09-08 04:00:00+00:00
[2024-09-08T06:39:29.390+0000] {processor.py:208} INFO - Processing /home/airflow/.local/lib/python3.12/site-packages/airflow/example_dags/example_latest_only.py took 0.123 seconds
[2024-09-08T06:39:59.830+0000] {processor.py:186} INFO - Started process (PID=139) to work on /home/airflow/.local/lib/python3.12/site-packages/airflow/example_dags/example_latest_only.py
[2024-09-08T06:39:59.831+0000] {processor.py:914} INFO - Processing file /home/airflow/.local/lib/python3.12/site-packages/airflow/example_dags/example_latest_only.py for tasks to queue
[2024-09-08T06:39:59.832+0000] {logging_mixin.py:190} INFO - [2024-09-08T06:39:59.832+0000] {dagbag.py:587} INFO - Filling up the DagBag from /home/airflow/.local/lib/python3.12/site-packages/airflow/example_dags/example_latest_only.py
[2024-09-08T06:39:59.837+0000] {processor.py:925} INFO - DAG(s) 'latest_only' retrieved from /home/airflow/.local/lib/python3.12/site-packages/airflow/example_dags/example_latest_only.py
[2024-09-08T06:39:59.851+0000] {logging_mixin.py:190} INFO - [2024-09-08T06:39:59.851+0000] {dag.py:3229} INFO - Sync 1 DAGs
[2024-09-08T06:39:59.869+0000] {logging_mixin.py:190} INFO - [2024-09-08T06:39:59.868+0000] {dag.py:4156} INFO - Setting next_dagrun for latest_only to 2024-09-08 00:00:00+00:00, run_after=2024-09-08 04:00:00+00:00
[2024-09-08T06:39:59.881+0000] {processor.py:208} INFO - Processing /home/airflow/.local/lib/python3.12/site-packages/airflow/example_dags/example_latest_only.py took 0.055 seconds
[2024-09-08T06:40:30.328+0000] {processor.py:186} INFO - Started process (PID=201) to work on /home/airflow/.local/lib/python3.12/site-packages/airflow/example_dags/example_latest_only.py
[2024-09-08T06:40:30.328+0000] {processor.py:914} INFO - Processing file /home/airflow/.local/lib/python3.12/site-packages/airflow/example_dags/example_latest_only.py for tasks to queue
[2024-09-08T06:40:30.329+0000] {logging_mixin.py:190} INFO - [2024-09-08T06:40:30.329+0000] {dagbag.py:587} INFO - Filling up the DagBag from /home/airflow/.local/lib/python3.12/site-packages/airflow/example_dags/example_latest_only.py
[2024-09-08T06:40:30.333+0000] {processor.py:925} INFO - DAG(s) 'latest_only' retrieved from /home/airflow/.local/lib/python3.12/site-packages/airflow/example_dags/example_latest_only.py
[2024-09-08T06:40:30.344+0000] {logging_mixin.py:190} INFO - [2024-09-08T06:40:30.344+0000] {dag.py:3229} INFO - Sync 1 DAGs
[2024-09-08T06:40:30.357+0000] {logging_mixin.py:190} INFO - [2024-09-08T06:40:30.357+0000] {dag.py:4156} INFO - Setting next_dagrun for latest_only to 2024-09-08 00:00:00+00:00, run_after=2024-09-08 04:00:00+00:00
[2024-09-08T06:40:30.368+0000] {processor.py:208} INFO - Processing /home/airflow/.local/lib/python3.12/site-packages/airflow/example_dags/example_latest_only.py took 0.043 seconds
[2024-09-08T06:41:00.803+0000] {processor.py:186} INFO - Started process (PID=263) to work on /home/airflow/.local/lib/python3.12/site-packages/airflow/example_dags/example_latest_only.py
[2024-09-08T06:41:00.803+0000] {processor.py:914} INFO - Processing file /home/airflow/.local/lib/python3.12/site-packages/airflow/example_dags/example_latest_only.py for tasks to queue
[2024-09-08T06:41:00.805+0000] {logging_mixin.py:190} INFO - [2024-09-08T06:41:00.804+0000] {dagbag.py:587} INFO - Filling up the DagBag from /home/airflow/.local/lib/python3.12/site-packages/airflow/example_dags/example_latest_only.py
[2024-09-08T06:41:00.808+0000] {processor.py:925} INFO - DAG(s) 'latest_only' retrieved from /home/airflow/.local/lib/python3.12/site-packages/airflow/example_dags/example_latest_only.py
[2024-09-08T06:41:00.823+0000] {logging_mixin.py:190} INFO - [2024-09-08T06:41:00.823+0000] {dag.py:3229} INFO - Sync 1 DAGs
[2024-09-08T06:41:00.840+0000] {logging_mixin.py:190} INFO - [2024-09-08T06:41:00.840+0000] {dag.py:4156} INFO - Setting next_dagrun for latest_only to 2024-09-08 00:00:00+00:00, run_after=2024-09-08 04:00:00+00:00
[2024-09-08T06:41:00.854+0000] {processor.py:208} INFO - Processing /home/airflow/.local/lib/python3.12/site-packages/airflow/example_dags/example_latest_only.py took 0.054 seconds
[2024-09-08T06:41:31.266+0000] {processor.py:186} INFO - Started process (PID=325) to work on /home/airflow/.local/lib/python3.12/site-packages/airflow/example_dags/example_latest_only.py
[2024-09-08T06:41:31.266+0000] {processor.py:914} INFO - Processing file /home/airflow/.local/lib/python3.12/site-packages/airflow/example_dags/example_latest_only.py for tasks to queue
[2024-09-08T06:41:31.268+0000] {logging_mixin.py:190} INFO - [2024-09-08T06:41:31.267+0000] {dagbag.py:587} INFO - Filling up the DagBag from /home/airflow/.local/lib/python3.12/site-packages/airflow/example_dags/example_latest_only.py
[2024-09-08T06:41:31.271+0000] {processor.py:925} INFO - DAG(s) 'latest_only' retrieved from /home/airflow/.local/lib/python3.12/site-packages/airflow/example_dags/example_latest_only.py
[2024-09-08T06:41:31.282+0000] {logging_mixin.py:190} INFO - [2024-09-08T06:41:31.282+0000] {dag.py:3229} INFO - Sync 1 DAGs
[2024-09-08T06:41:31.295+0000] {logging_mixin.py:190} INFO - [2024-09-08T06:41:31.295+0000] {dag.py:4156} INFO - Setting next_dagrun for latest_only to 2024-09-08 00:00:00+00:00, run_after=2024-09-08 04:00:00+00:00
[2024-09-08T06:41:31.306+0000] {processor.py:208} INFO - Processing /home/airflow/.local/lib/python3.12/site-packages/airflow/example_dags/example_latest_only.py took 0.044 seconds
[2024-09-08T06:42:01.965+0000] {processor.py:186} INFO - Started process (PID=387) to work on /home/airflow/.local/lib/python3.12/site-packages/airflow/example_dags/example_latest_only.py
[2024-09-08T06:42:01.966+0000] {processor.py:914} INFO - Processing file /home/airflow/.local/lib/python3.12/site-packages/airflow/example_dags/example_latest_only.py for tasks to queue
[2024-09-08T06:42:01.967+0000] {logging_mixin.py:190} INFO - [2024-09-08T06:42:01.967+0000] {dagbag.py:587} INFO - Filling up the DagBag from /home/airflow/.local/lib/python3.12/site-packages/airflow/example_dags/example_latest_only.py
[2024-09-08T06:42:01.972+0000] {processor.py:925} INFO - DAG(s) 'latest_only' retrieved from /home/airflow/.local/lib/python3.12/site-packages/airflow/example_dags/example_latest_only.py
[2024-09-08T06:42:01.986+0000] {logging_mixin.py:190} INFO - [2024-09-08T06:42:01.986+0000] {dag.py:3229} INFO - Sync 1 DAGs
[2024-09-08T06:42:02.001+0000] {logging_mixin.py:190} INFO - [2024-09-08T06:42:02.001+0000] {dag.py:4156} INFO - Setting next_dagrun for latest_only to 2024-09-08 00:00:00+00:00, run_after=2024-09-08 04:00:00+00:00
[2024-09-08T06:42:02.011+0000] {processor.py:208} INFO - Processing /home/airflow/.local/lib/python3.12/site-packages/airflow/example_dags/example_latest_only.py took 0.050 seconds
[2024-09-08T06:42:32.448+0000] {processor.py:186} INFO - Started process (PID=449) to work on /home/airflow/.local/lib/python3.12/site-packages/airflow/example_dags/example_latest_only.py
[2024-09-08T06:42:32.448+0000] {processor.py:914} INFO - Processing file /home/airflow/.local/lib/python3.12/site-packages/airflow/example_dags/example_latest_only.py for tasks to queue
[2024-09-08T06:42:32.450+0000] {logging_mixin.py:190} INFO - [2024-09-08T06:42:32.449+0000] {dagbag.py:587} INFO - Filling up the DagBag from /home/airflow/.local/lib/python3.12/site-packages/airflow/example_dags/example_latest_only.py
[2024-09-08T06:42:32.453+0000] {processor.py:925} INFO - DAG(s) 'latest_only' retrieved from /home/airflow/.local/lib/python3.12/site-packages/airflow/example_dags/example_latest_only.py
[2024-09-08T06:42:32.467+0000] {logging_mixin.py:190} INFO - [2024-09-08T06:42:32.467+0000] {dag.py:3229} INFO - Sync 1 DAGs
[2024-09-08T06:42:32.481+0000] {logging_mixin.py:190} INFO - [2024-09-08T06:42:32.481+0000] {dag.py:4156} INFO - Setting next_dagrun for latest_only to 2024-09-08 00:00:00+00:00, run_after=2024-09-08 04:00:00+00:00
[2024-09-08T06:42:32.493+0000] {processor.py:208} INFO - Processing /home/airflow/.local/lib/python3.12/site-packages/airflow/example_dags/example_latest_only.py took 0.049 seconds
[2024-09-08T06:43:02.757+0000] {processor.py:186} INFO - Started process (PID=511) to work on /home/airflow/.local/lib/python3.12/site-packages/airflow/example_dags/example_latest_only.py
[2024-09-08T06:43:02.758+0000] {processor.py:914} INFO - Processing file /home/airflow/.local/lib/python3.12/site-packages/airflow/example_dags/example_latest_only.py for tasks to queue
[2024-09-08T06:43:02.759+0000] {logging_mixin.py:190} INFO - [2024-09-08T06:43:02.759+0000] {dagbag.py:587} INFO - Filling up the DagBag from /home/airflow/.local/lib/python3.12/site-packages/airflow/example_dags/example_latest_only.py
[2024-09-08T06:43:02.762+0000] {processor.py:925} INFO - DAG(s) 'latest_only' retrieved from /home/airflow/.local/lib/python3.12/site-packages/airflow/example_dags/example_latest_only.py
[2024-09-08T06:43:02.778+0000] {logging_mixin.py:190} INFO - [2024-09-08T06:43:02.777+0000] {dag.py:3229} INFO - Sync 1 DAGs
[2024-09-08T06:43:02.794+0000] {logging_mixin.py:190} INFO - [2024-09-08T06:43:02.794+0000] {dag.py:4156} INFO - Setting next_dagrun for latest_only to 2024-09-08 00:00:00+00:00, run_after=2024-09-08 04:00:00+00:00
[2024-09-08T06:43:02.807+0000] {processor.py:208} INFO - Processing /home/airflow/.local/lib/python3.12/site-packages/airflow/example_dags/example_latest_only.py took 0.053 seconds
[2024-09-08T06:43:33.282+0000] {processor.py:186} INFO - Started process (PID=573) to work on /home/airflow/.local/lib/python3.12/site-packages/airflow/example_dags/example_latest_only.py
[2024-09-08T06:43:33.283+0000] {processor.py:914} INFO - Processing file /home/airflow/.local/lib/python3.12/site-packages/airflow/example_dags/example_latest_only.py for tasks to queue
[2024-09-08T06:43:33.284+0000] {logging_mixin.py:190} INFO - [2024-09-08T06:43:33.283+0000] {dagbag.py:587} INFO - Filling up the DagBag from /home/airflow/.local/lib/python3.12/site-packages/airflow/example_dags/example_latest_only.py
[2024-09-08T06:43:33.287+0000] {processor.py:925} INFO - DAG(s) 'latest_only' retrieved from /home/airflow/.local/lib/python3.12/site-packages/airflow/example_dags/example_latest_only.py
[2024-09-08T06:43:33.302+0000] {logging_mixin.py:190} INFO - [2024-09-08T06:43:33.301+0000] {dag.py:3229} INFO - Sync 1 DAGs
[2024-09-08T06:43:33.326+0000] {logging_mixin.py:190} INFO - [2024-09-08T06:43:33.326+0000] {dag.py:4156} INFO - Setting next_dagrun for latest_only to 2024-09-08 00:00:00+00:00, run_after=2024-09-08 04:00:00+00:00
[2024-09-08T06:43:33.341+0000] {processor.py:208} INFO - Processing /home/airflow/.local/lib/python3.12/site-packages/airflow/example_dags/example_latest_only.py took 0.063 seconds
[2024-09-08T06:44:03.713+0000] {processor.py:186} INFO - Started process (PID=635) to work on /home/airflow/.local/lib/python3.12/site-packages/airflow/example_dags/example_latest_only.py
[2024-09-08T06:44:03.714+0000] {processor.py:914} INFO - Processing file /home/airflow/.local/lib/python3.12/site-packages/airflow/example_dags/example_latest_only.py for tasks to queue
[2024-09-08T06:44:03.715+0000] {logging_mixin.py:190} INFO - [2024-09-08T06:44:03.714+0000] {dagbag.py:587} INFO - Filling up the DagBag from /home/airflow/.local/lib/python3.12/site-packages/airflow/example_dags/example_latest_only.py
[2024-09-08T06:44:03.718+0000] {processor.py:925} INFO - DAG(s) 'latest_only' retrieved from /home/airflow/.local/lib/python3.12/site-packages/airflow/example_dags/example_latest_only.py
[2024-09-08T06:44:03.732+0000] {logging_mixin.py:190} INFO - [2024-09-08T06:44:03.732+0000] {dag.py:3229} INFO - Sync 1 DAGs
[2024-09-08T06:44:03.747+0000] {logging_mixin.py:190} INFO - [2024-09-08T06:44:03.747+0000] {dag.py:4156} INFO - Setting next_dagrun for latest_only to 2024-09-08 00:00:00+00:00, run_after=2024-09-08 04:00:00+00:00
[2024-09-08T06:44:03.757+0000] {processor.py:208} INFO - Processing /home/airflow/.local/lib/python3.12/site-packages/airflow/example_dags/example_latest_only.py took 0.048 seconds
[2024-09-08T06:44:34.371+0000] {processor.py:186} INFO - Started process (PID=697) to work on /home/airflow/.local/lib/python3.12/site-packages/airflow/example_dags/example_latest_only.py
[2024-09-08T06:44:34.372+0000] {processor.py:914} INFO - Processing file /home/airflow/.local/lib/python3.12/site-packages/airflow/example_dags/example_latest_only.py for tasks to queue
[2024-09-08T06:44:34.373+0000] {logging_mixin.py:190} INFO - [2024-09-08T06:44:34.373+0000] {dagbag.py:587} INFO - Filling up the DagBag from /home/airflow/.local/lib/python3.12/site-packages/airflow/example_dags/example_latest_only.py
[2024-09-08T06:44:34.377+0000] {processor.py:925} INFO - DAG(s) 'latest_only' retrieved from /home/airflow/.local/lib/python3.12/site-packages/airflow/example_dags/example_latest_only.py
[2024-09-08T06:44:34.387+0000] {logging_mixin.py:190} INFO - [2024-09-08T06:44:34.387+0000] {dag.py:3229} INFO - Sync 1 DAGs
[2024-09-08T06:44:34.399+0000] {logging_mixin.py:190} INFO - [2024-09-08T06:44:34.399+0000] {dag.py:4156} INFO - Setting next_dagrun for latest_only to 2024-09-08 00:00:00+00:00, run_after=2024-09-08 04:00:00+00:00
[2024-09-08T06:44:34.409+0000] {processor.py:208} INFO - Processing /home/airflow/.local/lib/python3.12/site-packages/airflow/example_dags/example_latest_only.py took 0.042 seconds
[2024-09-08T06:45:05.008+0000] {processor.py:186} INFO - Started process (PID=759) to work on /home/airflow/.local/lib/python3.12/site-packages/airflow/example_dags/example_latest_only.py
[2024-09-08T06:45:05.009+0000] {processor.py:914} INFO - Processing file /home/airflow/.local/lib/python3.12/site-packages/airflow/example_dags/example_latest_only.py for tasks to queue
[2024-09-08T06:45:05.010+0000] {logging_mixin.py:190} INFO - [2024-09-08T06:45:05.010+0000] {dagbag.py:587} INFO - Filling up the DagBag from /home/airflow/.local/lib/python3.12/site-packages/airflow/example_dags/example_latest_only.py
[2024-09-08T06:45:05.015+0000] {processor.py:925} INFO - DAG(s) 'latest_only' retrieved from /home/airflow/.local/lib/python3.12/site-packages/airflow/example_dags/example_latest_only.py
[2024-09-08T06:45:05.030+0000] {logging_mixin.py:190} INFO - [2024-09-08T06:45:05.029+0000] {dag.py:3229} INFO - Sync 1 DAGs
[2024-09-08T06:45:05.045+0000] {logging_mixin.py:190} INFO - [2024-09-08T06:45:05.045+0000] {dag.py:4156} INFO - Setting next_dagrun for latest_only to 2024-09-08 00:00:00+00:00, run_after=2024-09-08 04:00:00+00:00
[2024-09-08T06:45:05.058+0000] {processor.py:208} INFO - Processing /home/airflow/.local/lib/python3.12/site-packages/airflow/example_dags/example_latest_only.py took 0.054 seconds
[2024-09-08T06:45:35.387+0000] {processor.py:186} INFO - Started process (PID=821) to work on /home/airflow/.local/lib/python3.12/site-packages/airflow/example_dags/example_latest_only.py
[2024-09-08T06:45:35.388+0000] {processor.py:914} INFO - Processing file /home/airflow/.local/lib/python3.12/site-packages/airflow/example_dags/example_latest_only.py for tasks to queue
[2024-09-08T06:45:35.389+0000] {logging_mixin.py:190} INFO - [2024-09-08T06:45:35.389+0000] {dagbag.py:587} INFO - Filling up the DagBag from /home/airflow/.local/lib/python3.12/site-packages/airflow/example_dags/example_latest_only.py
[2024-09-08T06:45:35.394+0000] {processor.py:925} INFO - DAG(s) 'latest_only' retrieved from /home/airflow/.local/lib/python3.12/site-packages/airflow/example_dags/example_latest_only.py
[2024-09-08T06:45:35.407+0000] {logging_mixin.py:190} INFO - [2024-09-08T06:45:35.407+0000] {dag.py:3229} INFO - Sync 1 DAGs
[2024-09-08T06:45:35.420+0000] {logging_mixin.py:190} INFO - [2024-09-08T06:45:35.420+0000] {dag.py:4156} INFO - Setting next_dagrun for latest_only to 2024-09-08 00:00:00+00:00, run_after=2024-09-08 04:00:00+00:00
[2024-09-08T06:45:35.431+0000] {processor.py:208} INFO - Processing /home/airflow/.local/lib/python3.12/site-packages/airflow/example_dags/example_latest_only.py took 0.048 seconds
[2024-09-08T06:46:05.870+0000] {processor.py:186} INFO - Started process (PID=883) to work on /home/airflow/.local/lib/python3.12/site-packages/airflow/example_dags/example_latest_only.py
[2024-09-08T06:46:05.871+0000] {processor.py:914} INFO - Processing file /home/airflow/.local/lib/python3.12/site-packages/airflow/example_dags/example_latest_only.py for tasks to queue
[2024-09-08T06:46:05.872+0000] {logging_mixin.py:190} INFO - [2024-09-08T06:46:05.872+0000] {dagbag.py:587} INFO - Filling up the DagBag from /home/airflow/.local/lib/python3.12/site-packages/airflow/example_dags/example_latest_only.py
[2024-09-08T06:46:05.877+0000] {processor.py:925} INFO - DAG(s) 'latest_only' retrieved from /home/airflow/.local/lib/python3.12/site-packages/airflow/example_dags/example_latest_only.py
[2024-09-08T06:46:05.892+0000] {logging_mixin.py:190} INFO - [2024-09-08T06:46:05.892+0000] {dag.py:3229} INFO - Sync 1 DAGs
[2024-09-08T06:46:05.906+0000] {logging_mixin.py:190} INFO - [2024-09-08T06:46:05.905+0000] {dag.py:4156} INFO - Setting next_dagrun for latest_only to 2024-09-08 00:00:00+00:00, run_after=2024-09-08 04:00:00+00:00
[2024-09-08T06:46:05.919+0000] {processor.py:208} INFO - Processing /home/airflow/.local/lib/python3.12/site-packages/airflow/example_dags/example_latest_only.py took 0.052 seconds
[2024-09-08T06:46:36.400+0000] {processor.py:186} INFO - Started process (PID=945) to work on /home/airflow/.local/lib/python3.12/site-packages/airflow/example_dags/example_latest_only.py
[2024-09-08T06:46:36.401+0000] {processor.py:914} INFO - Processing file /home/airflow/.local/lib/python3.12/site-packages/airflow/example_dags/example_latest_only.py for tasks to queue
[2024-09-08T06:46:36.402+0000] {logging_mixin.py:190} INFO - [2024-09-08T06:46:36.401+0000] {dagbag.py:587} INFO - Filling up the DagBag from /home/airflow/.local/lib/python3.12/site-packages/airflow/example_dags/example_latest_only.py
[2024-09-08T06:46:36.405+0000] {processor.py:925} INFO - DAG(s) 'latest_only' retrieved from /home/airflow/.local/lib/python3.12/site-packages/airflow/example_dags/example_latest_only.py
[2024-09-08T06:46:36.419+0000] {logging_mixin.py:190} INFO - [2024-09-08T06:46:36.419+0000] {dag.py:3229} INFO - Sync 1 DAGs
[2024-09-08T06:46:36.436+0000] {logging_mixin.py:190} INFO - [2024-09-08T06:46:36.436+0000] {dag.py:4156} INFO - Setting next_dagrun for latest_only to 2024-09-08 00:00:00+00:00, run_after=2024-09-08 04:00:00+00:00
[2024-09-08T06:46:36.450+0000] {processor.py:208} INFO - Processing /home/airflow/.local/lib/python3.12/site-packages/airflow/example_dags/example_latest_only.py took 0.053 seconds
[2024-09-08T06:47:06.809+0000] {processor.py:186} INFO - Started process (PID=1007) to work on /home/airflow/.local/lib/python3.12/site-packages/airflow/example_dags/example_latest_only.py
[2024-09-08T06:47:06.810+0000] {processor.py:914} INFO - Processing file /home/airflow/.local/lib/python3.12/site-packages/airflow/example_dags/example_latest_only.py for tasks to queue
[2024-09-08T06:47:06.811+0000] {logging_mixin.py:190} INFO - [2024-09-08T06:47:06.811+0000] {dagbag.py:587} INFO - Filling up the DagBag from /home/airflow/.local/lib/python3.12/site-packages/airflow/example_dags/example_latest_only.py
[2024-09-08T06:47:06.815+0000] {processor.py:925} INFO - DAG(s) 'latest_only' retrieved from /home/airflow/.local/lib/python3.12/site-packages/airflow/example_dags/example_latest_only.py
[2024-09-08T06:47:06.830+0000] {logging_mixin.py:190} INFO - [2024-09-08T06:47:06.830+0000] {dag.py:3229} INFO - Sync 1 DAGs
[2024-09-08T06:47:06.846+0000] {logging_mixin.py:190} INFO - [2024-09-08T06:47:06.846+0000] {dag.py:4156} INFO - Setting next_dagrun for latest_only to 2024-09-08 00:00:00+00:00, run_after=2024-09-08 04:00:00+00:00
[2024-09-08T06:47:06.857+0000] {processor.py:208} INFO - Processing /home/airflow/.local/lib/python3.12/site-packages/airflow/example_dags/example_latest_only.py took 0.051 seconds
[2024-09-08T06:47:37.417+0000] {processor.py:186} INFO - Started process (PID=1069) to work on /home/airflow/.local/lib/python3.12/site-packages/airflow/example_dags/example_latest_only.py
[2024-09-08T06:47:37.418+0000] {processor.py:914} INFO - Processing file /home/airflow/.local/lib/python3.12/site-packages/airflow/example_dags/example_latest_only.py for tasks to queue
[2024-09-08T06:47:37.419+0000] {logging_mixin.py:190} INFO - [2024-09-08T06:47:37.419+0000] {dagbag.py:587} INFO - Filling up the DagBag from /home/airflow/.local/lib/python3.12/site-packages/airflow/example_dags/example_latest_only.py
[2024-09-08T06:47:37.424+0000] {processor.py:925} INFO - DAG(s) 'latest_only' retrieved from /home/airflow/.local/lib/python3.12/site-packages/airflow/example_dags/example_latest_only.py
[2024-09-08T06:47:37.439+0000] {logging_mixin.py:190} INFO - [2024-09-08T06:47:37.438+0000] {dag.py:3229} INFO - Sync 1 DAGs
[2024-09-08T06:47:37.452+0000] {logging_mixin.py:190} INFO - [2024-09-08T06:47:37.452+0000] {dag.py:4156} INFO - Setting next_dagrun for latest_only to 2024-09-08 00:00:00+00:00, run_after=2024-09-08 04:00:00+00:00
[2024-09-08T06:47:37.465+0000] {processor.py:208} INFO - Processing /home/airflow/.local/lib/python3.12/site-packages/airflow/example_dags/example_latest_only.py took 0.052 seconds
[2024-09-08T06:48:07.892+0000] {processor.py:186} INFO - Started process (PID=1131) to work on /home/airflow/.local/lib/python3.12/site-packages/airflow/example_dags/example_latest_only.py
[2024-09-08T06:48:07.893+0000] {processor.py:914} INFO - Processing file /home/airflow/.local/lib/python3.12/site-packages/airflow/example_dags/example_latest_only.py for tasks to queue
[2024-09-08T06:48:07.894+0000] {logging_mixin.py:190} INFO - [2024-09-08T06:48:07.894+0000] {dagbag.py:587} INFO - Filling up the DagBag from /home/airflow/.local/lib/python3.12/site-packages/airflow/example_dags/example_latest_only.py
[2024-09-08T06:48:07.898+0000] {processor.py:925} INFO - DAG(s) 'latest_only' retrieved from /home/airflow/.local/lib/python3.12/site-packages/airflow/example_dags/example_latest_only.py
[2024-09-08T06:48:07.913+0000] {logging_mixin.py:190} INFO - [2024-09-08T06:48:07.912+0000] {dag.py:3229} INFO - Sync 1 DAGs
[2024-09-08T06:48:07.925+0000] {logging_mixin.py:190} INFO - [2024-09-08T06:48:07.925+0000] {dag.py:4156} INFO - Setting next_dagrun for latest_only to 2024-09-08 00:00:00+00:00, run_after=2024-09-08 04:00:00+00:00
[2024-09-08T06:48:07.938+0000] {processor.py:208} INFO - Processing /home/airflow/.local/lib/python3.12/site-packages/airflow/example_dags/example_latest_only.py took 0.049 seconds
[2024-09-08T06:48:38.545+0000] {processor.py:186} INFO - Started process (PID=1193) to work on /home/airflow/.local/lib/python3.12/site-packages/airflow/example_dags/example_latest_only.py
[2024-09-08T06:48:38.545+0000] {processor.py:914} INFO - Processing file /home/airflow/.local/lib/python3.12/site-packages/airflow/example_dags/example_latest_only.py for tasks to queue
[2024-09-08T06:48:38.546+0000] {logging_mixin.py:190} INFO - [2024-09-08T06:48:38.546+0000] {dagbag.py:587} INFO - Filling up the DagBag from /home/airflow/.local/lib/python3.12/site-packages/airflow/example_dags/example_latest_only.py
[2024-09-08T06:48:38.550+0000] {processor.py:925} INFO - DAG(s) 'latest_only' retrieved from /home/airflow/.local/lib/python3.12/site-packages/airflow/example_dags/example_latest_only.py
[2024-09-08T06:48:38.562+0000] {logging_mixin.py:190} INFO - [2024-09-08T06:48:38.562+0000] {dag.py:3229} INFO - Sync 1 DAGs
[2024-09-08T06:48:38.574+0000] {logging_mixin.py:190} INFO - [2024-09-08T06:48:38.574+0000] {dag.py:4156} INFO - Setting next_dagrun for latest_only to 2024-09-08 00:00:00+00:00, run_after=2024-09-08 04:00:00+00:00
[2024-09-08T06:48:38.584+0000] {processor.py:208} INFO - Processing /home/airflow/.local/lib/python3.12/site-packages/airflow/example_dags/example_latest_only.py took 0.042 seconds
[2024-09-08T06:49:09.075+0000] {processor.py:186} INFO - Started process (PID=1255) to work on /home/airflow/.local/lib/python3.12/site-packages/airflow/example_dags/example_latest_only.py
[2024-09-08T06:49:09.076+0000] {processor.py:914} INFO - Processing file /home/airflow/.local/lib/python3.12/site-packages/airflow/example_dags/example_latest_only.py for tasks to queue
[2024-09-08T06:49:09.077+0000] {logging_mixin.py:190} INFO - [2024-09-08T06:49:09.077+0000] {dagbag.py:587} INFO - Filling up the DagBag from /home/airflow/.local/lib/python3.12/site-packages/airflow/example_dags/example_latest_only.py
[2024-09-08T06:49:09.082+0000] {processor.py:925} INFO - DAG(s) 'latest_only' retrieved from /home/airflow/.local/lib/python3.12/site-packages/airflow/example_dags/example_latest_only.py
[2024-09-08T06:49:09.096+0000] {logging_mixin.py:190} INFO - [2024-09-08T06:49:09.096+0000] {dag.py:3229} INFO - Sync 1 DAGs
[2024-09-08T06:49:09.110+0000] {logging_mixin.py:190} INFO - [2024-09-08T06:49:09.110+0000] {dag.py:4156} INFO - Setting next_dagrun for latest_only to 2024-09-08 00:00:00+00:00, run_after=2024-09-08 04:00:00+00:00
[2024-09-08T06:49:09.123+0000] {processor.py:208} INFO - Processing /home/airflow/.local/lib/python3.12/site-packages/airflow/example_dags/example_latest_only.py took 0.052 seconds
[2024-09-08T06:49:39.787+0000] {processor.py:186} INFO - Started process (PID=1317) to work on /home/airflow/.local/lib/python3.12/site-packages/airflow/example_dags/example_latest_only.py
[2024-09-08T06:49:39.787+0000] {processor.py:914} INFO - Processing file /home/airflow/.local/lib/python3.12/site-packages/airflow/example_dags/example_latest_only.py for tasks to queue
[2024-09-08T06:49:39.789+0000] {logging_mixin.py:190} INFO - [2024-09-08T06:49:39.789+0000] {dagbag.py:587} INFO - Filling up the DagBag from /home/airflow/.local/lib/python3.12/site-packages/airflow/example_dags/example_latest_only.py
[2024-09-08T06:49:39.794+0000] {processor.py:925} INFO - DAG(s) 'latest_only' retrieved from /home/airflow/.local/lib/python3.12/site-packages/airflow/example_dags/example_latest_only.py
[2024-09-08T06:49:39.808+0000] {logging_mixin.py:190} INFO - [2024-09-08T06:49:39.808+0000] {dag.py:3229} INFO - Sync 1 DAGs
[2024-09-08T06:49:39.826+0000] {logging_mixin.py:190} INFO - [2024-09-08T06:49:39.825+0000] {dag.py:4156} INFO - Setting next_dagrun for latest_only to 2024-09-08 00:00:00+00:00, run_after=2024-09-08 04:00:00+00:00
[2024-09-08T06:49:39.838+0000] {processor.py:208} INFO - Processing /home/airflow/.local/lib/python3.12/site-packages/airflow/example_dags/example_latest_only.py took 0.056 seconds
[2024-09-08T06:50:10.260+0000] {processor.py:186} INFO - Started process (PID=1379) to work on /home/airflow/.local/lib/python3.12/site-packages/airflow/example_dags/example_latest_only.py
[2024-09-08T06:50:10.261+0000] {processor.py:914} INFO - Processing file /home/airflow/.local/lib/python3.12/site-packages/airflow/example_dags/example_latest_only.py for tasks to queue
[2024-09-08T06:50:10.262+0000] {logging_mixin.py:190} INFO - [2024-09-08T06:50:10.262+0000] {dagbag.py:587} INFO - Filling up the DagBag from /home/airflow/.local/lib/python3.12/site-packages/airflow/example_dags/example_latest_only.py
[2024-09-08T06:50:10.266+0000] {processor.py:925} INFO - DAG(s) 'latest_only' retrieved from /home/airflow/.local/lib/python3.12/site-packages/airflow/example_dags/example_latest_only.py
[2024-09-08T06:50:10.276+0000] {logging_mixin.py:190} INFO - [2024-09-08T06:50:10.276+0000] {dag.py:3229} INFO - Sync 1 DAGs
[2024-09-08T06:50:10.288+0000] {logging_mixin.py:190} INFO - [2024-09-08T06:50:10.288+0000] {dag.py:4156} INFO - Setting next_dagrun for latest_only to 2024-09-08 00:00:00+00:00, run_after=2024-09-08 04:00:00+00:00
[2024-09-08T06:50:10.300+0000] {processor.py:208} INFO - Processing /home/airflow/.local/lib/python3.12/site-packages/airflow/example_dags/example_latest_only.py took 0.043 seconds
[2024-09-08T06:50:40.794+0000] {processor.py:186} INFO - Started process (PID=1441) to work on /home/airflow/.local/lib/python3.12/site-packages/airflow/example_dags/example_latest_only.py
[2024-09-08T06:50:40.794+0000] {processor.py:914} INFO - Processing file /home/airflow/.local/lib/python3.12/site-packages/airflow/example_dags/example_latest_only.py for tasks to queue
[2024-09-08T06:50:40.795+0000] {logging_mixin.py:190} INFO - [2024-09-08T06:50:40.795+0000] {dagbag.py:587} INFO - Filling up the DagBag from /home/airflow/.local/lib/python3.12/site-packages/airflow/example_dags/example_latest_only.py
[2024-09-08T06:50:40.799+0000] {processor.py:925} INFO - DAG(s) 'latest_only' retrieved from /home/airflow/.local/lib/python3.12/site-packages/airflow/example_dags/example_latest_only.py
[2024-09-08T06:50:40.813+0000] {logging_mixin.py:190} INFO - [2024-09-08T06:50:40.813+0000] {dag.py:3229} INFO - Sync 1 DAGs
[2024-09-08T06:50:40.827+0000] {logging_mixin.py:190} INFO - [2024-09-08T06:50:40.826+0000] {dag.py:4156} INFO - Setting next_dagrun for latest_only to 2024-09-08 00:00:00+00:00, run_after=2024-09-08 04:00:00+00:00
[2024-09-08T06:50:40.837+0000] {processor.py:208} INFO - Processing /home/airflow/.local/lib/python3.12/site-packages/airflow/example_dags/example_latest_only.py took 0.047 seconds
[2024-09-08T06:51:11.343+0000] {processor.py:186} INFO - Started process (PID=1503) to work on /home/airflow/.local/lib/python3.12/site-packages/airflow/example_dags/example_latest_only.py
[2024-09-08T06:51:11.344+0000] {processor.py:914} INFO - Processing file /home/airflow/.local/lib/python3.12/site-packages/airflow/example_dags/example_latest_only.py for tasks to queue
[2024-09-08T06:51:11.345+0000] {logging_mixin.py:190} INFO - [2024-09-08T06:51:11.345+0000] {dagbag.py:587} INFO - Filling up the DagBag from /home/airflow/.local/lib/python3.12/site-packages/airflow/example_dags/example_latest_only.py
[2024-09-08T06:51:11.348+0000] {processor.py:925} INFO - DAG(s) 'latest_only' retrieved from /home/airflow/.local/lib/python3.12/site-packages/airflow/example_dags/example_latest_only.py
[2024-09-08T06:51:11.361+0000] {logging_mixin.py:190} INFO - [2024-09-08T06:51:11.361+0000] {dag.py:3229} INFO - Sync 1 DAGs
[2024-09-08T06:51:11.375+0000] {logging_mixin.py:190} INFO - [2024-09-08T06:51:11.375+0000] {dag.py:4156} INFO - Setting next_dagrun for latest_only to 2024-09-08 00:00:00+00:00, run_after=2024-09-08 04:00:00+00:00
[2024-09-08T06:51:11.389+0000] {processor.py:208} INFO - Processing /home/airflow/.local/lib/python3.12/site-packages/airflow/example_dags/example_latest_only.py took 0.049 seconds
[2024-09-08T06:51:41.886+0000] {processor.py:186} INFO - Started process (PID=1565) to work on /home/airflow/.local/lib/python3.12/site-packages/airflow/example_dags/example_latest_only.py
[2024-09-08T06:51:41.887+0000] {processor.py:914} INFO - Processing file /home/airflow/.local/lib/python3.12/site-packages/airflow/example_dags/example_latest_only.py for tasks to queue
[2024-09-08T06:51:41.888+0000] {logging_mixin.py:190} INFO - [2024-09-08T06:51:41.888+0000] {dagbag.py:587} INFO - Filling up the DagBag from /home/airflow/.local/lib/python3.12/site-packages/airflow/example_dags/example_latest_only.py
[2024-09-08T06:51:41.893+0000] {processor.py:925} INFO - DAG(s) 'latest_only' retrieved from /home/airflow/.local/lib/python3.12/site-packages/airflow/example_dags/example_latest_only.py
[2024-09-08T06:51:41.906+0000] {logging_mixin.py:190} INFO - [2024-09-08T06:51:41.906+0000] {dag.py:3229} INFO - Sync 1 DAGs
[2024-09-08T06:51:41.922+0000] {logging_mixin.py:190} INFO - [2024-09-08T06:51:41.922+0000] {dag.py:4156} INFO - Setting next_dagrun for latest_only to 2024-09-08 00:00:00+00:00, run_after=2024-09-08 04:00:00+00:00
[2024-09-08T06:51:41.934+0000] {processor.py:208} INFO - Processing /home/airflow/.local/lib/python3.12/site-packages/airflow/example_dags/example_latest_only.py took 0.052 seconds
[2024-09-08T06:52:12.505+0000] {processor.py:186} INFO - Started process (PID=1627) to work on /home/airflow/.local/lib/python3.12/site-packages/airflow/example_dags/example_latest_only.py
[2024-09-08T06:52:12.505+0000] {processor.py:914} INFO - Processing file /home/airflow/.local/lib/python3.12/site-packages/airflow/example_dags/example_latest_only.py for tasks to queue
[2024-09-08T06:52:12.507+0000] {logging_mixin.py:190} INFO - [2024-09-08T06:52:12.507+0000] {dagbag.py:587} INFO - Filling up the DagBag from /home/airflow/.local/lib/python3.12/site-packages/airflow/example_dags/example_latest_only.py
[2024-09-08T06:52:12.511+0000] {processor.py:925} INFO - DAG(s) 'latest_only' retrieved from /home/airflow/.local/lib/python3.12/site-packages/airflow/example_dags/example_latest_only.py
[2024-09-08T06:52:12.525+0000] {logging_mixin.py:190} INFO - [2024-09-08T06:52:12.525+0000] {dag.py:3229} INFO - Sync 1 DAGs
[2024-09-08T06:52:12.543+0000] {logging_mixin.py:190} INFO - [2024-09-08T06:52:12.543+0000] {dag.py:4156} INFO - Setting next_dagrun for latest_only to 2024-09-08 00:00:00+00:00, run_after=2024-09-08 04:00:00+00:00
[2024-09-08T06:52:12.555+0000] {processor.py:208} INFO - Processing /home/airflow/.local/lib/python3.12/site-packages/airflow/example_dags/example_latest_only.py took 0.054 seconds
[2024-09-08T06:52:43.103+0000] {processor.py:186} INFO - Started process (PID=1689) to work on /home/airflow/.local/lib/python3.12/site-packages/airflow/example_dags/example_latest_only.py
[2024-09-08T06:52:43.103+0000] {processor.py:914} INFO - Processing file /home/airflow/.local/lib/python3.12/site-packages/airflow/example_dags/example_latest_only.py for tasks to queue
[2024-09-08T06:52:43.104+0000] {logging_mixin.py:190} INFO - [2024-09-08T06:52:43.104+0000] {dagbag.py:587} INFO - Filling up the DagBag from /home/airflow/.local/lib/python3.12/site-packages/airflow/example_dags/example_latest_only.py
[2024-09-08T06:52:43.108+0000] {processor.py:925} INFO - DAG(s) 'latest_only' retrieved from /home/airflow/.local/lib/python3.12/site-packages/airflow/example_dags/example_latest_only.py
[2024-09-08T06:52:43.121+0000] {logging_mixin.py:190} INFO - [2024-09-08T06:52:43.121+0000] {dag.py:3229} INFO - Sync 1 DAGs
[2024-09-08T06:52:43.133+0000] {logging_mixin.py:190} INFO - [2024-09-08T06:52:43.133+0000] {dag.py:4156} INFO - Setting next_dagrun for latest_only to 2024-09-08 00:00:00+00:00, run_after=2024-09-08 04:00:00+00:00
[2024-09-08T06:52:43.142+0000] {processor.py:208} INFO - Processing /home/airflow/.local/lib/python3.12/site-packages/airflow/example_dags/example_latest_only.py took 0.043 seconds
[2024-09-08T06:53:13.562+0000] {processor.py:186} INFO - Started process (PID=1751) to work on /home/airflow/.local/lib/python3.12/site-packages/airflow/example_dags/example_latest_only.py
[2024-09-08T06:53:13.562+0000] {processor.py:914} INFO - Processing file /home/airflow/.local/lib/python3.12/site-packages/airflow/example_dags/example_latest_only.py for tasks to queue
[2024-09-08T06:53:13.563+0000] {logging_mixin.py:190} INFO - [2024-09-08T06:53:13.563+0000] {dagbag.py:587} INFO - Filling up the DagBag from /home/airflow/.local/lib/python3.12/site-packages/airflow/example_dags/example_latest_only.py
[2024-09-08T06:53:13.567+0000] {processor.py:925} INFO - DAG(s) 'latest_only' retrieved from /home/airflow/.local/lib/python3.12/site-packages/airflow/example_dags/example_latest_only.py
[2024-09-08T06:53:13.580+0000] {logging_mixin.py:190} INFO - [2024-09-08T06:53:13.580+0000] {dag.py:3229} INFO - Sync 1 DAGs
[2024-09-08T06:53:13.595+0000] {logging_mixin.py:190} INFO - [2024-09-08T06:53:13.594+0000] {dag.py:4156} INFO - Setting next_dagrun for latest_only to 2024-09-08 00:00:00+00:00, run_after=2024-09-08 04:00:00+00:00
[2024-09-08T06:53:13.605+0000] {processor.py:208} INFO - Processing /home/airflow/.local/lib/python3.12/site-packages/airflow/example_dags/example_latest_only.py took 0.048 seconds
[2024-09-08T06:53:44.190+0000] {processor.py:186} INFO - Started process (PID=1813) to work on /home/airflow/.local/lib/python3.12/site-packages/airflow/example_dags/example_latest_only.py
[2024-09-08T06:53:44.190+0000] {processor.py:914} INFO - Processing file /home/airflow/.local/lib/python3.12/site-packages/airflow/example_dags/example_latest_only.py for tasks to queue
[2024-09-08T06:53:44.192+0000] {logging_mixin.py:190} INFO - [2024-09-08T06:53:44.192+0000] {dagbag.py:587} INFO - Filling up the DagBag from /home/airflow/.local/lib/python3.12/site-packages/airflow/example_dags/example_latest_only.py
[2024-09-08T06:53:44.196+0000] {processor.py:925} INFO - DAG(s) 'latest_only' retrieved from /home/airflow/.local/lib/python3.12/site-packages/airflow/example_dags/example_latest_only.py
[2024-09-08T06:53:44.207+0000] {logging_mixin.py:190} INFO - [2024-09-08T06:53:44.207+0000] {dag.py:3229} INFO - Sync 1 DAGs
[2024-09-08T06:53:44.220+0000] {logging_mixin.py:190} INFO - [2024-09-08T06:53:44.219+0000] {dag.py:4156} INFO - Setting next_dagrun for latest_only to 2024-09-08 00:00:00+00:00, run_after=2024-09-08 04:00:00+00:00
[2024-09-08T06:53:44.229+0000] {processor.py:208} INFO - Processing /home/airflow/.local/lib/python3.12/site-packages/airflow/example_dags/example_latest_only.py took 0.043 seconds
[2024-09-08T06:54:14.795+0000] {processor.py:186} INFO - Started process (PID=1881) to work on /home/airflow/.local/lib/python3.12/site-packages/airflow/example_dags/example_latest_only.py
[2024-09-08T06:54:14.795+0000] {processor.py:914} INFO - Processing file /home/airflow/.local/lib/python3.12/site-packages/airflow/example_dags/example_latest_only.py for tasks to queue
[2024-09-08T06:54:14.797+0000] {logging_mixin.py:190} INFO - [2024-09-08T06:54:14.796+0000] {dagbag.py:587} INFO - Filling up the DagBag from /home/airflow/.local/lib/python3.12/site-packages/airflow/example_dags/example_latest_only.py
[2024-09-08T06:54:14.800+0000] {processor.py:925} INFO - DAG(s) 'latest_only' retrieved from /home/airflow/.local/lib/python3.12/site-packages/airflow/example_dags/example_latest_only.py
[2024-09-08T06:54:14.811+0000] {logging_mixin.py:190} INFO - [2024-09-08T06:54:14.811+0000] {dag.py:3229} INFO - Sync 1 DAGs
[2024-09-08T06:54:14.824+0000] {logging_mixin.py:190} INFO - [2024-09-08T06:54:14.824+0000] {dag.py:4156} INFO - Setting next_dagrun for latest_only to 2024-09-08 00:00:00+00:00, run_after=2024-09-08 04:00:00+00:00
[2024-09-08T06:54:14.834+0000] {processor.py:208} INFO - Processing /home/airflow/.local/lib/python3.12/site-packages/airflow/example_dags/example_latest_only.py took 0.042 seconds
[2024-09-08T06:54:45.469+0000] {processor.py:186} INFO - Started process (PID=1943) to work on /home/airflow/.local/lib/python3.12/site-packages/airflow/example_dags/example_latest_only.py
[2024-09-08T06:54:45.469+0000] {processor.py:914} INFO - Processing file /home/airflow/.local/lib/python3.12/site-packages/airflow/example_dags/example_latest_only.py for tasks to queue
[2024-09-08T06:54:45.471+0000] {logging_mixin.py:190} INFO - [2024-09-08T06:54:45.470+0000] {dagbag.py:587} INFO - Filling up the DagBag from /home/airflow/.local/lib/python3.12/site-packages/airflow/example_dags/example_latest_only.py
[2024-09-08T06:54:45.474+0000] {processor.py:925} INFO - DAG(s) 'latest_only' retrieved from /home/airflow/.local/lib/python3.12/site-packages/airflow/example_dags/example_latest_only.py
[2024-09-08T06:54:45.485+0000] {logging_mixin.py:190} INFO - [2024-09-08T06:54:45.485+0000] {dag.py:3229} INFO - Sync 1 DAGs
[2024-09-08T06:54:45.497+0000] {logging_mixin.py:190} INFO - [2024-09-08T06:54:45.497+0000] {dag.py:4156} INFO - Setting next_dagrun for latest_only to 2024-09-08 00:00:00+00:00, run_after=2024-09-08 04:00:00+00:00
[2024-09-08T06:54:45.506+0000] {processor.py:208} INFO - Processing /home/airflow/.local/lib/python3.12/site-packages/airflow/example_dags/example_latest_only.py took 0.040 seconds
[2024-09-08T06:55:15.876+0000] {processor.py:186} INFO - Started process (PID=2005) to work on /home/airflow/.local/lib/python3.12/site-packages/airflow/example_dags/example_latest_only.py
[2024-09-08T06:55:15.876+0000] {processor.py:914} INFO - Processing file /home/airflow/.local/lib/python3.12/site-packages/airflow/example_dags/example_latest_only.py for tasks to queue
[2024-09-08T06:55:15.878+0000] {logging_mixin.py:190} INFO - [2024-09-08T06:55:15.877+0000] {dagbag.py:587} INFO - Filling up the DagBag from /home/airflow/.local/lib/python3.12/site-packages/airflow/example_dags/example_latest_only.py
[2024-09-08T06:55:15.881+0000] {processor.py:925} INFO - DAG(s) 'latest_only' retrieved from /home/airflow/.local/lib/python3.12/site-packages/airflow/example_dags/example_latest_only.py
[2024-09-08T06:55:15.894+0000] {logging_mixin.py:190} INFO - [2024-09-08T06:55:15.894+0000] {dag.py:3229} INFO - Sync 1 DAGs
[2024-09-08T06:55:15.907+0000] {logging_mixin.py:190} INFO - [2024-09-08T06:55:15.907+0000] {dag.py:4156} INFO - Setting next_dagrun for latest_only to 2024-09-08 00:00:00+00:00, run_after=2024-09-08 04:00:00+00:00
[2024-09-08T06:55:15.917+0000] {processor.py:208} INFO - Processing /home/airflow/.local/lib/python3.12/site-packages/airflow/example_dags/example_latest_only.py took 0.044 seconds
[2024-09-08T06:55:46.376+0000] {processor.py:186} INFO - Started process (PID=2067) to work on /home/airflow/.local/lib/python3.12/site-packages/airflow/example_dags/example_latest_only.py
[2024-09-08T06:55:46.377+0000] {processor.py:914} INFO - Processing file /home/airflow/.local/lib/python3.12/site-packages/airflow/example_dags/example_latest_only.py for tasks to queue
[2024-09-08T06:55:46.378+0000] {logging_mixin.py:190} INFO - [2024-09-08T06:55:46.378+0000] {dagbag.py:587} INFO - Filling up the DagBag from /home/airflow/.local/lib/python3.12/site-packages/airflow/example_dags/example_latest_only.py
[2024-09-08T06:55:46.381+0000] {processor.py:925} INFO - DAG(s) 'latest_only' retrieved from /home/airflow/.local/lib/python3.12/site-packages/airflow/example_dags/example_latest_only.py
[2024-09-08T06:55:46.394+0000] {logging_mixin.py:190} INFO - [2024-09-08T06:55:46.394+0000] {dag.py:3229} INFO - Sync 1 DAGs
[2024-09-08T06:55:46.409+0000] {logging_mixin.py:190} INFO - [2024-09-08T06:55:46.409+0000] {dag.py:4156} INFO - Setting next_dagrun for latest_only to 2024-09-08 00:00:00+00:00, run_after=2024-09-08 04:00:00+00:00
[2024-09-08T06:55:46.422+0000] {processor.py:208} INFO - Processing /home/airflow/.local/lib/python3.12/site-packages/airflow/example_dags/example_latest_only.py took 0.048 seconds
[2024-09-08T06:56:16.968+0000] {processor.py:186} INFO - Started process (PID=2129) to work on /home/airflow/.local/lib/python3.12/site-packages/airflow/example_dags/example_latest_only.py
[2024-09-08T06:56:16.969+0000] {processor.py:914} INFO - Processing file /home/airflow/.local/lib/python3.12/site-packages/airflow/example_dags/example_latest_only.py for tasks to queue
[2024-09-08T06:56:16.970+0000] {logging_mixin.py:190} INFO - [2024-09-08T06:56:16.970+0000] {dagbag.py:587} INFO - Filling up the DagBag from /home/airflow/.local/lib/python3.12/site-packages/airflow/example_dags/example_latest_only.py
[2024-09-08T06:56:16.974+0000] {processor.py:925} INFO - DAG(s) 'latest_only' retrieved from /home/airflow/.local/lib/python3.12/site-packages/airflow/example_dags/example_latest_only.py
[2024-09-08T06:56:16.986+0000] {logging_mixin.py:190} INFO - [2024-09-08T06:56:16.986+0000] {dag.py:3229} INFO - Sync 1 DAGs
[2024-09-08T06:56:16.999+0000] {logging_mixin.py:190} INFO - [2024-09-08T06:56:16.999+0000] {dag.py:4156} INFO - Setting next_dagrun for latest_only to 2024-09-08 00:00:00+00:00, run_after=2024-09-08 04:00:00+00:00
[2024-09-08T06:56:17.009+0000] {processor.py:208} INFO - Processing /home/airflow/.local/lib/python3.12/site-packages/airflow/example_dags/example_latest_only.py took 0.045 seconds
[2024-09-08T06:56:47.539+0000] {processor.py:186} INFO - Started process (PID=2191) to work on /home/airflow/.local/lib/python3.12/site-packages/airflow/example_dags/example_latest_only.py
[2024-09-08T06:56:47.540+0000] {processor.py:914} INFO - Processing file /home/airflow/.local/lib/python3.12/site-packages/airflow/example_dags/example_latest_only.py for tasks to queue
[2024-09-08T06:56:47.541+0000] {logging_mixin.py:190} INFO - [2024-09-08T06:56:47.540+0000] {dagbag.py:587} INFO - Filling up the DagBag from /home/airflow/.local/lib/python3.12/site-packages/airflow/example_dags/example_latest_only.py
[2024-09-08T06:56:47.544+0000] {processor.py:925} INFO - DAG(s) 'latest_only' retrieved from /home/airflow/.local/lib/python3.12/site-packages/airflow/example_dags/example_latest_only.py
[2024-09-08T06:56:47.558+0000] {logging_mixin.py:190} INFO - [2024-09-08T06:56:47.558+0000] {dag.py:3229} INFO - Sync 1 DAGs
[2024-09-08T06:56:47.574+0000] {logging_mixin.py:190} INFO - [2024-09-08T06:56:47.574+0000] {dag.py:4156} INFO - Setting next_dagrun for latest_only to 2024-09-08 00:00:00+00:00, run_after=2024-09-08 04:00:00+00:00
[2024-09-08T06:56:47.586+0000] {processor.py:208} INFO - Processing /home/airflow/.local/lib/python3.12/site-packages/airflow/example_dags/example_latest_only.py took 0.050 seconds
[2024-09-08T06:57:18.248+0000] {processor.py:186} INFO - Started process (PID=2253) to work on /home/airflow/.local/lib/python3.12/site-packages/airflow/example_dags/example_latest_only.py
[2024-09-08T06:57:18.248+0000] {processor.py:914} INFO - Processing file /home/airflow/.local/lib/python3.12/site-packages/airflow/example_dags/example_latest_only.py for tasks to queue
[2024-09-08T06:57:18.250+0000] {logging_mixin.py:190} INFO - [2024-09-08T06:57:18.250+0000] {dagbag.py:587} INFO - Filling up the DagBag from /home/airflow/.local/lib/python3.12/site-packages/airflow/example_dags/example_latest_only.py
[2024-09-08T06:57:18.258+0000] {processor.py:925} INFO - DAG(s) 'latest_only' retrieved from /home/airflow/.local/lib/python3.12/site-packages/airflow/example_dags/example_latest_only.py
[2024-09-08T06:57:18.278+0000] {logging_mixin.py:190} INFO - [2024-09-08T06:57:18.278+0000] {dag.py:3229} INFO - Sync 1 DAGs
[2024-09-08T06:57:18.293+0000] {logging_mixin.py:190} INFO - [2024-09-08T06:57:18.293+0000] {dag.py:4156} INFO - Setting next_dagrun for latest_only to 2024-09-08 00:00:00+00:00, run_after=2024-09-08 04:00:00+00:00
[2024-09-08T06:57:18.302+0000] {processor.py:208} INFO - Processing /home/airflow/.local/lib/python3.12/site-packages/airflow/example_dags/example_latest_only.py took 0.059 seconds
[2024-09-08T06:57:48.870+0000] {processor.py:186} INFO - Started process (PID=2315) to work on /home/airflow/.local/lib/python3.12/site-packages/airflow/example_dags/example_latest_only.py
[2024-09-08T06:57:48.871+0000] {processor.py:914} INFO - Processing file /home/airflow/.local/lib/python3.12/site-packages/airflow/example_dags/example_latest_only.py for tasks to queue
[2024-09-08T06:57:48.872+0000] {logging_mixin.py:190} INFO - [2024-09-08T06:57:48.872+0000] {dagbag.py:587} INFO - Filling up the DagBag from /home/airflow/.local/lib/python3.12/site-packages/airflow/example_dags/example_latest_only.py
[2024-09-08T06:57:48.875+0000] {processor.py:925} INFO - DAG(s) 'latest_only' retrieved from /home/airflow/.local/lib/python3.12/site-packages/airflow/example_dags/example_latest_only.py
[2024-09-08T06:57:48.889+0000] {logging_mixin.py:190} INFO - [2024-09-08T06:57:48.889+0000] {dag.py:3229} INFO - Sync 1 DAGs
[2024-09-08T06:57:48.902+0000] {logging_mixin.py:190} INFO - [2024-09-08T06:57:48.902+0000] {dag.py:4156} INFO - Setting next_dagrun for latest_only to 2024-09-08 00:00:00+00:00, run_after=2024-09-08 04:00:00+00:00
[2024-09-08T06:57:48.914+0000] {processor.py:208} INFO - Processing /home/airflow/.local/lib/python3.12/site-packages/airflow/example_dags/example_latest_only.py took 0.047 seconds
[2024-09-08T06:58:19.869+0000] {processor.py:186} INFO - Started process (PID=2377) to work on /home/airflow/.local/lib/python3.12/site-packages/airflow/example_dags/example_latest_only.py
[2024-09-08T06:58:19.869+0000] {processor.py:914} INFO - Processing file /home/airflow/.local/lib/python3.12/site-packages/airflow/example_dags/example_latest_only.py for tasks to queue
[2024-09-08T06:58:19.871+0000] {logging_mixin.py:190} INFO - [2024-09-08T06:58:19.871+0000] {dagbag.py:587} INFO - Filling up the DagBag from /home/airflow/.local/lib/python3.12/site-packages/airflow/example_dags/example_latest_only.py
[2024-09-08T06:58:19.875+0000] {processor.py:925} INFO - DAG(s) 'latest_only' retrieved from /home/airflow/.local/lib/python3.12/site-packages/airflow/example_dags/example_latest_only.py
[2024-09-08T06:58:19.889+0000] {logging_mixin.py:190} INFO - [2024-09-08T06:58:19.889+0000] {dag.py:3229} INFO - Sync 1 DAGs
[2024-09-08T06:58:19.904+0000] {logging_mixin.py:190} INFO - [2024-09-08T06:58:19.904+0000] {dag.py:4156} INFO - Setting next_dagrun for latest_only to 2024-09-08 00:00:00+00:00, run_after=2024-09-08 04:00:00+00:00
[2024-09-08T06:58:19.917+0000] {processor.py:208} INFO - Processing /home/airflow/.local/lib/python3.12/site-packages/airflow/example_dags/example_latest_only.py took 0.052 seconds
[2024-09-08T06:58:50.520+0000] {processor.py:186} INFO - Started process (PID=2439) to work on /home/airflow/.local/lib/python3.12/site-packages/airflow/example_dags/example_latest_only.py
[2024-09-08T06:58:50.521+0000] {processor.py:914} INFO - Processing file /home/airflow/.local/lib/python3.12/site-packages/airflow/example_dags/example_latest_only.py for tasks to queue
[2024-09-08T06:58:50.522+0000] {logging_mixin.py:190} INFO - [2024-09-08T06:58:50.522+0000] {dagbag.py:587} INFO - Filling up the DagBag from /home/airflow/.local/lib/python3.12/site-packages/airflow/example_dags/example_latest_only.py
[2024-09-08T06:58:50.526+0000] {processor.py:925} INFO - DAG(s) 'latest_only' retrieved from /home/airflow/.local/lib/python3.12/site-packages/airflow/example_dags/example_latest_only.py
[2024-09-08T06:58:50.541+0000] {logging_mixin.py:190} INFO - [2024-09-08T06:58:50.541+0000] {dag.py:3229} INFO - Sync 1 DAGs
[2024-09-08T06:58:50.553+0000] {logging_mixin.py:190} INFO - [2024-09-08T06:58:50.553+0000] {dag.py:4156} INFO - Setting next_dagrun for latest_only to 2024-09-08 00:00:00+00:00, run_after=2024-09-08 04:00:00+00:00
[2024-09-08T06:58:50.564+0000] {processor.py:208} INFO - Processing /home/airflow/.local/lib/python3.12/site-packages/airflow/example_dags/example_latest_only.py took 0.047 seconds
[2024-09-08T06:59:21.239+0000] {processor.py:186} INFO - Started process (PID=2501) to work on /home/airflow/.local/lib/python3.12/site-packages/airflow/example_dags/example_latest_only.py
[2024-09-08T06:59:21.239+0000] {processor.py:914} INFO - Processing file /home/airflow/.local/lib/python3.12/site-packages/airflow/example_dags/example_latest_only.py for tasks to queue
[2024-09-08T06:59:21.241+0000] {logging_mixin.py:190} INFO - [2024-09-08T06:59:21.240+0000] {dagbag.py:587} INFO - Filling up the DagBag from /home/airflow/.local/lib/python3.12/site-packages/airflow/example_dags/example_latest_only.py
[2024-09-08T06:59:21.244+0000] {processor.py:925} INFO - DAG(s) 'latest_only' retrieved from /home/airflow/.local/lib/python3.12/site-packages/airflow/example_dags/example_latest_only.py
[2024-09-08T06:59:21.258+0000] {logging_mixin.py:190} INFO - [2024-09-08T06:59:21.258+0000] {dag.py:3229} INFO - Sync 1 DAGs
[2024-09-08T06:59:21.274+0000] {logging_mixin.py:190} INFO - [2024-09-08T06:59:21.274+0000] {dag.py:4156} INFO - Setting next_dagrun for latest_only to 2024-09-08 00:00:00+00:00, run_after=2024-09-08 04:00:00+00:00
[2024-09-08T06:59:21.284+0000] {processor.py:208} INFO - Processing /home/airflow/.local/lib/python3.12/site-packages/airflow/example_dags/example_latest_only.py took 0.048 seconds
[2024-09-08T06:59:52.026+0000] {processor.py:186} INFO - Started process (PID=2563) to work on /home/airflow/.local/lib/python3.12/site-packages/airflow/example_dags/example_latest_only.py
[2024-09-08T06:59:52.026+0000] {processor.py:914} INFO - Processing file /home/airflow/.local/lib/python3.12/site-packages/airflow/example_dags/example_latest_only.py for tasks to queue
[2024-09-08T06:59:52.028+0000] {logging_mixin.py:190} INFO - [2024-09-08T06:59:52.027+0000] {dagbag.py:587} INFO - Filling up the DagBag from /home/airflow/.local/lib/python3.12/site-packages/airflow/example_dags/example_latest_only.py
[2024-09-08T06:59:52.033+0000] {processor.py:925} INFO - DAG(s) 'latest_only' retrieved from /home/airflow/.local/lib/python3.12/site-packages/airflow/example_dags/example_latest_only.py
[2024-09-08T06:59:52.046+0000] {logging_mixin.py:190} INFO - [2024-09-08T06:59:52.046+0000] {dag.py:3229} INFO - Sync 1 DAGs
[2024-09-08T06:59:52.062+0000] {logging_mixin.py:190} INFO - [2024-09-08T06:59:52.061+0000] {dag.py:4156} INFO - Setting next_dagrun for latest_only to 2024-09-08 00:00:00+00:00, run_after=2024-09-08 04:00:00+00:00
[2024-09-08T06:59:52.073+0000] {processor.py:208} INFO - Processing /home/airflow/.local/lib/python3.12/site-packages/airflow/example_dags/example_latest_only.py took 0.052 seconds
[2024-09-08T07:00:22.629+0000] {processor.py:186} INFO - Started process (PID=2625) to work on /home/airflow/.local/lib/python3.12/site-packages/airflow/example_dags/example_latest_only.py
[2024-09-08T07:00:22.630+0000] {processor.py:914} INFO - Processing file /home/airflow/.local/lib/python3.12/site-packages/airflow/example_dags/example_latest_only.py for tasks to queue
[2024-09-08T07:00:22.631+0000] {logging_mixin.py:190} INFO - [2024-09-08T07:00:22.631+0000] {dagbag.py:587} INFO - Filling up the DagBag from /home/airflow/.local/lib/python3.12/site-packages/airflow/example_dags/example_latest_only.py
[2024-09-08T07:00:22.634+0000] {processor.py:925} INFO - DAG(s) 'latest_only' retrieved from /home/airflow/.local/lib/python3.12/site-packages/airflow/example_dags/example_latest_only.py
[2024-09-08T07:00:22.648+0000] {logging_mixin.py:190} INFO - [2024-09-08T07:00:22.648+0000] {dag.py:3229} INFO - Sync 1 DAGs
[2024-09-08T07:00:22.663+0000] {logging_mixin.py:190} INFO - [2024-09-08T07:00:22.663+0000] {dag.py:4156} INFO - Setting next_dagrun for latest_only to 2024-09-08 00:00:00+00:00, run_after=2024-09-08 04:00:00+00:00
[2024-09-08T07:00:22.674+0000] {processor.py:208} INFO - Processing /home/airflow/.local/lib/python3.12/site-packages/airflow/example_dags/example_latest_only.py took 0.048 seconds
[2024-09-08T07:00:53.338+0000] {processor.py:186} INFO - Started process (PID=2687) to work on /home/airflow/.local/lib/python3.12/site-packages/airflow/example_dags/example_latest_only.py
[2024-09-08T07:00:53.338+0000] {processor.py:914} INFO - Processing file /home/airflow/.local/lib/python3.12/site-packages/airflow/example_dags/example_latest_only.py for tasks to queue
[2024-09-08T07:00:53.340+0000] {logging_mixin.py:190} INFO - [2024-09-08T07:00:53.339+0000] {dagbag.py:587} INFO - Filling up the DagBag from /home/airflow/.local/lib/python3.12/site-packages/airflow/example_dags/example_latest_only.py
[2024-09-08T07:00:53.344+0000] {processor.py:925} INFO - DAG(s) 'latest_only' retrieved from /home/airflow/.local/lib/python3.12/site-packages/airflow/example_dags/example_latest_only.py
[2024-09-08T07:00:53.359+0000] {logging_mixin.py:190} INFO - [2024-09-08T07:00:53.358+0000] {dag.py:3229} INFO - Sync 1 DAGs
[2024-09-08T07:00:53.374+0000] {logging_mixin.py:190} INFO - [2024-09-08T07:00:53.374+0000] {dag.py:4156} INFO - Setting next_dagrun for latest_only to 2024-09-08 00:00:00+00:00, run_after=2024-09-08 04:00:00+00:00
[2024-09-08T07:00:53.387+0000] {processor.py:208} INFO - Processing /home/airflow/.local/lib/python3.12/site-packages/airflow/example_dags/example_latest_only.py took 0.053 seconds
[2024-09-08T07:01:24.141+0000] {processor.py:186} INFO - Started process (PID=2749) to work on /home/airflow/.local/lib/python3.12/site-packages/airflow/example_dags/example_latest_only.py
[2024-09-08T07:01:24.141+0000] {processor.py:914} INFO - Processing file /home/airflow/.local/lib/python3.12/site-packages/airflow/example_dags/example_latest_only.py for tasks to queue
[2024-09-08T07:01:24.142+0000] {logging_mixin.py:190} INFO - [2024-09-08T07:01:24.142+0000] {dagbag.py:587} INFO - Filling up the DagBag from /home/airflow/.local/lib/python3.12/site-packages/airflow/example_dags/example_latest_only.py
[2024-09-08T07:01:24.145+0000] {processor.py:925} INFO - DAG(s) 'latest_only' retrieved from /home/airflow/.local/lib/python3.12/site-packages/airflow/example_dags/example_latest_only.py
[2024-09-08T07:01:24.160+0000] {logging_mixin.py:190} INFO - [2024-09-08T07:01:24.160+0000] {dag.py:3229} INFO - Sync 1 DAGs
[2024-09-08T07:01:24.178+0000] {logging_mixin.py:190} INFO - [2024-09-08T07:01:24.178+0000] {dag.py:4156} INFO - Setting next_dagrun for latest_only to 2024-09-08 00:00:00+00:00, run_after=2024-09-08 04:00:00+00:00
[2024-09-08T07:01:24.191+0000] {processor.py:208} INFO - Processing /home/airflow/.local/lib/python3.12/site-packages/airflow/example_dags/example_latest_only.py took 0.053 seconds
[2024-09-08T07:01:54.242+0000] {processor.py:186} INFO - Started process (PID=2811) to work on /home/airflow/.local/lib/python3.12/site-packages/airflow/example_dags/example_latest_only.py
[2024-09-08T07:01:54.242+0000] {processor.py:914} INFO - Processing file /home/airflow/.local/lib/python3.12/site-packages/airflow/example_dags/example_latest_only.py for tasks to queue
[2024-09-08T07:01:54.244+0000] {logging_mixin.py:190} INFO - [2024-09-08T07:01:54.244+0000] {dagbag.py:587} INFO - Filling up the DagBag from /home/airflow/.local/lib/python3.12/site-packages/airflow/example_dags/example_latest_only.py
[2024-09-08T07:01:54.249+0000] {processor.py:925} INFO - DAG(s) 'latest_only' retrieved from /home/airflow/.local/lib/python3.12/site-packages/airflow/example_dags/example_latest_only.py
[2024-09-08T07:01:54.260+0000] {logging_mixin.py:190} INFO - [2024-09-08T07:01:54.260+0000] {dag.py:3229} INFO - Sync 1 DAGs
[2024-09-08T07:01:54.272+0000] {logging_mixin.py:190} INFO - [2024-09-08T07:01:54.272+0000] {dag.py:4156} INFO - Setting next_dagrun for latest_only to 2024-09-08 00:00:00+00:00, run_after=2024-09-08 04:00:00+00:00
[2024-09-08T07:01:54.281+0000] {processor.py:208} INFO - Processing /home/airflow/.local/lib/python3.12/site-packages/airflow/example_dags/example_latest_only.py took 0.045 seconds
[2024-09-08T07:02:25.185+0000] {processor.py:186} INFO - Started process (PID=2873) to work on /home/airflow/.local/lib/python3.12/site-packages/airflow/example_dags/example_latest_only.py
[2024-09-08T07:02:25.186+0000] {processor.py:914} INFO - Processing file /home/airflow/.local/lib/python3.12/site-packages/airflow/example_dags/example_latest_only.py for tasks to queue
[2024-09-08T07:02:25.187+0000] {logging_mixin.py:190} INFO - [2024-09-08T07:02:25.187+0000] {dagbag.py:587} INFO - Filling up the DagBag from /home/airflow/.local/lib/python3.12/site-packages/airflow/example_dags/example_latest_only.py
[2024-09-08T07:02:25.190+0000] {processor.py:925} INFO - DAG(s) 'latest_only' retrieved from /home/airflow/.local/lib/python3.12/site-packages/airflow/example_dags/example_latest_only.py
[2024-09-08T07:02:25.205+0000] {logging_mixin.py:190} INFO - [2024-09-08T07:02:25.205+0000] {dag.py:3229} INFO - Sync 1 DAGs
[2024-09-08T07:02:25.219+0000] {logging_mixin.py:190} INFO - [2024-09-08T07:02:25.219+0000] {dag.py:4156} INFO - Setting next_dagrun for latest_only to 2024-09-08 00:00:00+00:00, run_after=2024-09-08 04:00:00+00:00
[2024-09-08T07:02:25.231+0000] {processor.py:208} INFO - Processing /home/airflow/.local/lib/python3.12/site-packages/airflow/example_dags/example_latest_only.py took 0.048 seconds
[2024-09-08T07:02:56.611+0000] {processor.py:186} INFO - Started process (PID=2935) to work on /home/airflow/.local/lib/python3.12/site-packages/airflow/example_dags/example_latest_only.py
[2024-09-08T07:02:56.612+0000] {processor.py:914} INFO - Processing file /home/airflow/.local/lib/python3.12/site-packages/airflow/example_dags/example_latest_only.py for tasks to queue
[2024-09-08T07:02:56.613+0000] {logging_mixin.py:190} INFO - [2024-09-08T07:02:56.613+0000] {dagbag.py:587} INFO - Filling up the DagBag from /home/airflow/.local/lib/python3.12/site-packages/airflow/example_dags/example_latest_only.py
[2024-09-08T07:02:56.618+0000] {processor.py:925} INFO - DAG(s) 'latest_only' retrieved from /home/airflow/.local/lib/python3.12/site-packages/airflow/example_dags/example_latest_only.py
[2024-09-08T07:02:56.632+0000] {logging_mixin.py:190} INFO - [2024-09-08T07:02:56.631+0000] {dag.py:3229} INFO - Sync 1 DAGs
[2024-09-08T07:02:56.648+0000] {logging_mixin.py:190} INFO - [2024-09-08T07:02:56.647+0000] {dag.py:4156} INFO - Setting next_dagrun for latest_only to 2024-09-08 00:00:00+00:00, run_after=2024-09-08 04:00:00+00:00
[2024-09-08T07:02:56.660+0000] {processor.py:208} INFO - Processing /home/airflow/.local/lib/python3.12/site-packages/airflow/example_dags/example_latest_only.py took 0.052 seconds
[2024-09-08T07:03:28.044+0000] {processor.py:186} INFO - Started process (PID=2997) to work on /home/airflow/.local/lib/python3.12/site-packages/airflow/example_dags/example_latest_only.py
[2024-09-08T07:03:28.045+0000] {processor.py:914} INFO - Processing file /home/airflow/.local/lib/python3.12/site-packages/airflow/example_dags/example_latest_only.py for tasks to queue
[2024-09-08T07:03:28.046+0000] {logging_mixin.py:190} INFO - [2024-09-08T07:03:28.046+0000] {dagbag.py:587} INFO - Filling up the DagBag from /home/airflow/.local/lib/python3.12/site-packages/airflow/example_dags/example_latest_only.py
[2024-09-08T07:03:28.050+0000] {processor.py:925} INFO - DAG(s) 'latest_only' retrieved from /home/airflow/.local/lib/python3.12/site-packages/airflow/example_dags/example_latest_only.py
[2024-09-08T07:03:28.064+0000] {logging_mixin.py:190} INFO - [2024-09-08T07:03:28.064+0000] {dag.py:3229} INFO - Sync 1 DAGs
[2024-09-08T07:03:28.180+0000] {logging_mixin.py:190} INFO - [2024-09-08T07:03:28.179+0000] {dag.py:4156} INFO - Setting next_dagrun for latest_only to 2024-09-08 00:00:00+00:00, run_after=2024-09-08 04:00:00+00:00
[2024-09-08T07:03:28.191+0000] {processor.py:208} INFO - Processing /home/airflow/.local/lib/python3.12/site-packages/airflow/example_dags/example_latest_only.py took 0.150 seconds
[2024-09-08T07:03:59.240+0000] {processor.py:186} INFO - Started process (PID=3059) to work on /home/airflow/.local/lib/python3.12/site-packages/airflow/example_dags/example_latest_only.py
[2024-09-08T07:03:59.240+0000] {processor.py:914} INFO - Processing file /home/airflow/.local/lib/python3.12/site-packages/airflow/example_dags/example_latest_only.py for tasks to queue
[2024-09-08T07:03:59.242+0000] {logging_mixin.py:190} INFO - [2024-09-08T07:03:59.242+0000] {dagbag.py:587} INFO - Filling up the DagBag from /home/airflow/.local/lib/python3.12/site-packages/airflow/example_dags/example_latest_only.py
[2024-09-08T07:03:59.245+0000] {processor.py:925} INFO - DAG(s) 'latest_only' retrieved from /home/airflow/.local/lib/python3.12/site-packages/airflow/example_dags/example_latest_only.py
[2024-09-08T07:03:59.257+0000] {logging_mixin.py:190} INFO - [2024-09-08T07:03:59.257+0000] {dag.py:3229} INFO - Sync 1 DAGs
[2024-09-08T07:03:59.374+0000] {logging_mixin.py:190} INFO - [2024-09-08T07:03:59.374+0000] {dag.py:4156} INFO - Setting next_dagrun for latest_only to 2024-09-08 00:00:00+00:00, run_after=2024-09-08 04:00:00+00:00
[2024-09-08T07:03:59.389+0000] {processor.py:208} INFO - Processing /home/airflow/.local/lib/python3.12/site-packages/airflow/example_dags/example_latest_only.py took 0.153 seconds
[2024-09-08T07:04:29.516+0000] {processor.py:186} INFO - Started process (PID=3121) to work on /home/airflow/.local/lib/python3.12/site-packages/airflow/example_dags/example_latest_only.py
[2024-09-08T07:04:29.516+0000] {processor.py:914} INFO - Processing file /home/airflow/.local/lib/python3.12/site-packages/airflow/example_dags/example_latest_only.py for tasks to queue
[2024-09-08T07:04:29.518+0000] {logging_mixin.py:190} INFO - [2024-09-08T07:04:29.517+0000] {dagbag.py:587} INFO - Filling up the DagBag from /home/airflow/.local/lib/python3.12/site-packages/airflow/example_dags/example_latest_only.py
[2024-09-08T07:04:29.522+0000] {processor.py:925} INFO - DAG(s) 'latest_only' retrieved from /home/airflow/.local/lib/python3.12/site-packages/airflow/example_dags/example_latest_only.py
[2024-09-08T07:04:29.538+0000] {logging_mixin.py:190} INFO - [2024-09-08T07:04:29.538+0000] {dag.py:3229} INFO - Sync 1 DAGs
[2024-09-08T07:04:29.654+0000] {logging_mixin.py:190} INFO - [2024-09-08T07:04:29.654+0000] {dag.py:4156} INFO - Setting next_dagrun for latest_only to 2024-09-08 00:00:00+00:00, run_after=2024-09-08 04:00:00+00:00
[2024-09-08T07:04:29.666+0000] {processor.py:208} INFO - Processing /home/airflow/.local/lib/python3.12/site-packages/airflow/example_dags/example_latest_only.py took 0.154 seconds
[2024-09-08T07:04:59.814+0000] {processor.py:186} INFO - Started process (PID=3183) to work on /home/airflow/.local/lib/python3.12/site-packages/airflow/example_dags/example_latest_only.py
[2024-09-08T07:04:59.817+0000] {processor.py:914} INFO - Processing file /home/airflow/.local/lib/python3.12/site-packages/airflow/example_dags/example_latest_only.py for tasks to queue
[2024-09-08T07:04:59.818+0000] {logging_mixin.py:190} INFO - [2024-09-08T07:04:59.818+0000] {dagbag.py:587} INFO - Filling up the DagBag from /home/airflow/.local/lib/python3.12/site-packages/airflow/example_dags/example_latest_only.py
[2024-09-08T07:04:59.822+0000] {processor.py:925} INFO - DAG(s) 'latest_only' retrieved from /home/airflow/.local/lib/python3.12/site-packages/airflow/example_dags/example_latest_only.py
[2024-09-08T07:04:59.837+0000] {logging_mixin.py:190} INFO - [2024-09-08T07:04:59.837+0000] {dag.py:3229} INFO - Sync 1 DAGs
[2024-09-08T07:04:59.855+0000] {logging_mixin.py:190} INFO - [2024-09-08T07:04:59.855+0000] {dag.py:4156} INFO - Setting next_dagrun for latest_only to 2024-09-08 00:00:00+00:00, run_after=2024-09-08 04:00:00+00:00
[2024-09-08T07:04:59.986+0000] {processor.py:208} INFO - Processing /home/airflow/.local/lib/python3.12/site-packages/airflow/example_dags/example_latest_only.py took 0.176 seconds
[2024-09-08T07:05:30.705+0000] {processor.py:186} INFO - Started process (PID=3245) to work on /home/airflow/.local/lib/python3.12/site-packages/airflow/example_dags/example_latest_only.py
[2024-09-08T07:05:30.705+0000] {processor.py:914} INFO - Processing file /home/airflow/.local/lib/python3.12/site-packages/airflow/example_dags/example_latest_only.py for tasks to queue
[2024-09-08T07:05:30.706+0000] {logging_mixin.py:190} INFO - [2024-09-08T07:05:30.706+0000] {dagbag.py:587} INFO - Filling up the DagBag from /home/airflow/.local/lib/python3.12/site-packages/airflow/example_dags/example_latest_only.py
[2024-09-08T07:05:30.710+0000] {processor.py:925} INFO - DAG(s) 'latest_only' retrieved from /home/airflow/.local/lib/python3.12/site-packages/airflow/example_dags/example_latest_only.py
[2024-09-08T07:05:30.725+0000] {logging_mixin.py:190} INFO - [2024-09-08T07:05:30.725+0000] {dag.py:3229} INFO - Sync 1 DAGs
[2024-09-08T07:05:30.737+0000] {logging_mixin.py:190} INFO - [2024-09-08T07:05:30.737+0000] {dag.py:4156} INFO - Setting next_dagrun for latest_only to 2024-09-08 00:00:00+00:00, run_after=2024-09-08 04:00:00+00:00
[2024-09-08T07:05:30.746+0000] {processor.py:208} INFO - Processing /home/airflow/.local/lib/python3.12/site-packages/airflow/example_dags/example_latest_only.py took 0.045 seconds
[2024-09-08T07:06:01.475+0000] {processor.py:186} INFO - Started process (PID=3307) to work on /home/airflow/.local/lib/python3.12/site-packages/airflow/example_dags/example_latest_only.py
[2024-09-08T07:06:01.476+0000] {processor.py:914} INFO - Processing file /home/airflow/.local/lib/python3.12/site-packages/airflow/example_dags/example_latest_only.py for tasks to queue
[2024-09-08T07:06:01.477+0000] {logging_mixin.py:190} INFO - [2024-09-08T07:06:01.477+0000] {dagbag.py:587} INFO - Filling up the DagBag from /home/airflow/.local/lib/python3.12/site-packages/airflow/example_dags/example_latest_only.py
[2024-09-08T07:06:01.482+0000] {processor.py:925} INFO - DAG(s) 'latest_only' retrieved from /home/airflow/.local/lib/python3.12/site-packages/airflow/example_dags/example_latest_only.py
[2024-09-08T07:06:01.495+0000] {logging_mixin.py:190} INFO - [2024-09-08T07:06:01.495+0000] {dag.py:3229} INFO - Sync 1 DAGs
[2024-09-08T07:06:01.512+0000] {logging_mixin.py:190} INFO - [2024-09-08T07:06:01.512+0000] {dag.py:4156} INFO - Setting next_dagrun for latest_only to 2024-09-08 00:00:00+00:00, run_after=2024-09-08 04:00:00+00:00
[2024-09-08T07:06:01.525+0000] {processor.py:208} INFO - Processing /home/airflow/.local/lib/python3.12/site-packages/airflow/example_dags/example_latest_only.py took 0.054 seconds
[2024-09-08T07:06:31.912+0000] {processor.py:186} INFO - Started process (PID=3369) to work on /home/airflow/.local/lib/python3.12/site-packages/airflow/example_dags/example_latest_only.py
[2024-09-08T07:06:31.912+0000] {processor.py:914} INFO - Processing file /home/airflow/.local/lib/python3.12/site-packages/airflow/example_dags/example_latest_only.py for tasks to queue
[2024-09-08T07:06:31.914+0000] {logging_mixin.py:190} INFO - [2024-09-08T07:06:31.913+0000] {dagbag.py:587} INFO - Filling up the DagBag from /home/airflow/.local/lib/python3.12/site-packages/airflow/example_dags/example_latest_only.py
[2024-09-08T07:06:31.917+0000] {processor.py:925} INFO - DAG(s) 'latest_only' retrieved from /home/airflow/.local/lib/python3.12/site-packages/airflow/example_dags/example_latest_only.py
[2024-09-08T07:06:31.930+0000] {logging_mixin.py:190} INFO - [2024-09-08T07:06:31.930+0000] {dag.py:3229} INFO - Sync 1 DAGs
[2024-09-08T07:06:31.943+0000] {logging_mixin.py:190} INFO - [2024-09-08T07:06:31.943+0000] {dag.py:4156} INFO - Setting next_dagrun for latest_only to 2024-09-08 00:00:00+00:00, run_after=2024-09-08 04:00:00+00:00
[2024-09-08T07:06:31.953+0000] {processor.py:208} INFO - Processing /home/airflow/.local/lib/python3.12/site-packages/airflow/example_dags/example_latest_only.py took 0.045 seconds
[2024-09-08T07:07:02.445+0000] {processor.py:186} INFO - Started process (PID=3431) to work on /home/airflow/.local/lib/python3.12/site-packages/airflow/example_dags/example_latest_only.py
[2024-09-08T07:07:02.445+0000] {processor.py:914} INFO - Processing file /home/airflow/.local/lib/python3.12/site-packages/airflow/example_dags/example_latest_only.py for tasks to queue
[2024-09-08T07:07:02.446+0000] {logging_mixin.py:190} INFO - [2024-09-08T07:07:02.446+0000] {dagbag.py:587} INFO - Filling up the DagBag from /home/airflow/.local/lib/python3.12/site-packages/airflow/example_dags/example_latest_only.py
[2024-09-08T07:07:02.450+0000] {processor.py:925} INFO - DAG(s) 'latest_only' retrieved from /home/airflow/.local/lib/python3.12/site-packages/airflow/example_dags/example_latest_only.py
[2024-09-08T07:07:02.462+0000] {logging_mixin.py:190} INFO - [2024-09-08T07:07:02.462+0000] {dag.py:3229} INFO - Sync 1 DAGs
[2024-09-08T07:07:02.474+0000] {logging_mixin.py:190} INFO - [2024-09-08T07:07:02.474+0000] {dag.py:4156} INFO - Setting next_dagrun for latest_only to 2024-09-08 00:00:00+00:00, run_after=2024-09-08 04:00:00+00:00
[2024-09-08T07:07:02.484+0000] {processor.py:208} INFO - Processing /home/airflow/.local/lib/python3.12/site-packages/airflow/example_dags/example_latest_only.py took 0.042 seconds
[2024-09-08T07:07:32.897+0000] {processor.py:186} INFO - Started process (PID=3493) to work on /home/airflow/.local/lib/python3.12/site-packages/airflow/example_dags/example_latest_only.py
[2024-09-08T07:07:32.898+0000] {processor.py:914} INFO - Processing file /home/airflow/.local/lib/python3.12/site-packages/airflow/example_dags/example_latest_only.py for tasks to queue
[2024-09-08T07:07:32.899+0000] {logging_mixin.py:190} INFO - [2024-09-08T07:07:32.899+0000] {dagbag.py:587} INFO - Filling up the DagBag from /home/airflow/.local/lib/python3.12/site-packages/airflow/example_dags/example_latest_only.py
[2024-09-08T07:07:32.903+0000] {processor.py:925} INFO - DAG(s) 'latest_only' retrieved from /home/airflow/.local/lib/python3.12/site-packages/airflow/example_dags/example_latest_only.py
[2024-09-08T07:07:32.916+0000] {logging_mixin.py:190} INFO - [2024-09-08T07:07:32.916+0000] {dag.py:3229} INFO - Sync 1 DAGs
[2024-09-08T07:07:32.928+0000] {logging_mixin.py:190} INFO - [2024-09-08T07:07:32.928+0000] {dag.py:4156} INFO - Setting next_dagrun for latest_only to 2024-09-08 00:00:00+00:00, run_after=2024-09-08 04:00:00+00:00
[2024-09-08T07:07:32.938+0000] {processor.py:208} INFO - Processing /home/airflow/.local/lib/python3.12/site-packages/airflow/example_dags/example_latest_only.py took 0.045 seconds
[2024-09-08T07:08:03.294+0000] {processor.py:186} INFO - Started process (PID=3555) to work on /home/airflow/.local/lib/python3.12/site-packages/airflow/example_dags/example_latest_only.py
[2024-09-08T07:08:03.294+0000] {processor.py:914} INFO - Processing file /home/airflow/.local/lib/python3.12/site-packages/airflow/example_dags/example_latest_only.py for tasks to queue
[2024-09-08T07:08:03.296+0000] {logging_mixin.py:190} INFO - [2024-09-08T07:08:03.296+0000] {dagbag.py:587} INFO - Filling up the DagBag from /home/airflow/.local/lib/python3.12/site-packages/airflow/example_dags/example_latest_only.py
[2024-09-08T07:08:03.301+0000] {processor.py:925} INFO - DAG(s) 'latest_only' retrieved from /home/airflow/.local/lib/python3.12/site-packages/airflow/example_dags/example_latest_only.py
[2024-09-08T07:08:03.317+0000] {logging_mixin.py:190} INFO - [2024-09-08T07:08:03.317+0000] {dag.py:3229} INFO - Sync 1 DAGs
[2024-09-08T07:08:03.332+0000] {logging_mixin.py:190} INFO - [2024-09-08T07:08:03.332+0000] {dag.py:4156} INFO - Setting next_dagrun for latest_only to 2024-09-08 00:00:00+00:00, run_after=2024-09-08 04:00:00+00:00
[2024-09-08T07:08:03.345+0000] {processor.py:208} INFO - Processing /home/airflow/.local/lib/python3.12/site-packages/airflow/example_dags/example_latest_only.py took 0.055 seconds
[2024-09-08T07:08:33.835+0000] {processor.py:186} INFO - Started process (PID=3617) to work on /home/airflow/.local/lib/python3.12/site-packages/airflow/example_dags/example_latest_only.py
[2024-09-08T07:08:33.836+0000] {processor.py:914} INFO - Processing file /home/airflow/.local/lib/python3.12/site-packages/airflow/example_dags/example_latest_only.py for tasks to queue
[2024-09-08T07:08:33.837+0000] {logging_mixin.py:190} INFO - [2024-09-08T07:08:33.836+0000] {dagbag.py:587} INFO - Filling up the DagBag from /home/airflow/.local/lib/python3.12/site-packages/airflow/example_dags/example_latest_only.py
[2024-09-08T07:08:33.840+0000] {processor.py:925} INFO - DAG(s) 'latest_only' retrieved from /home/airflow/.local/lib/python3.12/site-packages/airflow/example_dags/example_latest_only.py
[2024-09-08T07:08:33.853+0000] {logging_mixin.py:190} INFO - [2024-09-08T07:08:33.853+0000] {dag.py:3229} INFO - Sync 1 DAGs
[2024-09-08T07:08:33.865+0000] {logging_mixin.py:190} INFO - [2024-09-08T07:08:33.865+0000] {dag.py:4156} INFO - Setting next_dagrun for latest_only to 2024-09-08 00:00:00+00:00, run_after=2024-09-08 04:00:00+00:00
[2024-09-08T07:08:33.876+0000] {processor.py:208} INFO - Processing /home/airflow/.local/lib/python3.12/site-packages/airflow/example_dags/example_latest_only.py took 0.045 seconds
[2024-09-08T07:09:04.445+0000] {processor.py:186} INFO - Started process (PID=3679) to work on /home/airflow/.local/lib/python3.12/site-packages/airflow/example_dags/example_latest_only.py
[2024-09-08T07:09:04.446+0000] {processor.py:914} INFO - Processing file /home/airflow/.local/lib/python3.12/site-packages/airflow/example_dags/example_latest_only.py for tasks to queue
[2024-09-08T07:09:04.447+0000] {logging_mixin.py:190} INFO - [2024-09-08T07:09:04.447+0000] {dagbag.py:587} INFO - Filling up the DagBag from /home/airflow/.local/lib/python3.12/site-packages/airflow/example_dags/example_latest_only.py
[2024-09-08T07:09:04.451+0000] {processor.py:925} INFO - DAG(s) 'latest_only' retrieved from /home/airflow/.local/lib/python3.12/site-packages/airflow/example_dags/example_latest_only.py
[2024-09-08T07:09:04.464+0000] {logging_mixin.py:190} INFO - [2024-09-08T07:09:04.464+0000] {dag.py:3229} INFO - Sync 1 DAGs
[2024-09-08T07:09:04.476+0000] {logging_mixin.py:190} INFO - [2024-09-08T07:09:04.476+0000] {dag.py:4156} INFO - Setting next_dagrun for latest_only to 2024-09-08 00:00:00+00:00, run_after=2024-09-08 04:00:00+00:00
[2024-09-08T07:09:04.488+0000] {processor.py:208} INFO - Processing /home/airflow/.local/lib/python3.12/site-packages/airflow/example_dags/example_latest_only.py took 0.047 seconds
[2024-09-08T07:09:34.900+0000] {processor.py:186} INFO - Started process (PID=3741) to work on /home/airflow/.local/lib/python3.12/site-packages/airflow/example_dags/example_latest_only.py
[2024-09-08T07:09:34.900+0000] {processor.py:914} INFO - Processing file /home/airflow/.local/lib/python3.12/site-packages/airflow/example_dags/example_latest_only.py for tasks to queue
[2024-09-08T07:09:34.902+0000] {logging_mixin.py:190} INFO - [2024-09-08T07:09:34.901+0000] {dagbag.py:587} INFO - Filling up the DagBag from /home/airflow/.local/lib/python3.12/site-packages/airflow/example_dags/example_latest_only.py
[2024-09-08T07:09:34.906+0000] {processor.py:925} INFO - DAG(s) 'latest_only' retrieved from /home/airflow/.local/lib/python3.12/site-packages/airflow/example_dags/example_latest_only.py
[2024-09-08T07:09:34.918+0000] {logging_mixin.py:190} INFO - [2024-09-08T07:09:34.918+0000] {dag.py:3229} INFO - Sync 1 DAGs
[2024-09-08T07:09:34.932+0000] {logging_mixin.py:190} INFO - [2024-09-08T07:09:34.932+0000] {dag.py:4156} INFO - Setting next_dagrun for latest_only to 2024-09-08 00:00:00+00:00, run_after=2024-09-08 04:00:00+00:00
[2024-09-08T07:09:34.943+0000] {processor.py:208} INFO - Processing /home/airflow/.local/lib/python3.12/site-packages/airflow/example_dags/example_latest_only.py took 0.047 seconds
[2024-09-08T07:10:05.433+0000] {processor.py:186} INFO - Started process (PID=3803) to work on /home/airflow/.local/lib/python3.12/site-packages/airflow/example_dags/example_latest_only.py
[2024-09-08T07:10:05.433+0000] {processor.py:914} INFO - Processing file /home/airflow/.local/lib/python3.12/site-packages/airflow/example_dags/example_latest_only.py for tasks to queue
[2024-09-08T07:10:05.434+0000] {logging_mixin.py:190} INFO - [2024-09-08T07:10:05.434+0000] {dagbag.py:587} INFO - Filling up the DagBag from /home/airflow/.local/lib/python3.12/site-packages/airflow/example_dags/example_latest_only.py
[2024-09-08T07:10:05.438+0000] {processor.py:925} INFO - DAG(s) 'latest_only' retrieved from /home/airflow/.local/lib/python3.12/site-packages/airflow/example_dags/example_latest_only.py
[2024-09-08T07:10:05.451+0000] {logging_mixin.py:190} INFO - [2024-09-08T07:10:05.451+0000] {dag.py:3229} INFO - Sync 1 DAGs
[2024-09-08T07:10:05.468+0000] {logging_mixin.py:190} INFO - [2024-09-08T07:10:05.468+0000] {dag.py:4156} INFO - Setting next_dagrun for latest_only to 2024-09-08 00:00:00+00:00, run_after=2024-09-08 04:00:00+00:00
[2024-09-08T07:10:05.481+0000] {processor.py:208} INFO - Processing /home/airflow/.local/lib/python3.12/site-packages/airflow/example_dags/example_latest_only.py took 0.052 seconds
[2024-09-08T07:10:35.909+0000] {processor.py:186} INFO - Started process (PID=3865) to work on /home/airflow/.local/lib/python3.12/site-packages/airflow/example_dags/example_latest_only.py
[2024-09-08T07:10:35.910+0000] {processor.py:914} INFO - Processing file /home/airflow/.local/lib/python3.12/site-packages/airflow/example_dags/example_latest_only.py for tasks to queue
[2024-09-08T07:10:35.911+0000] {logging_mixin.py:190} INFO - [2024-09-08T07:10:35.911+0000] {dagbag.py:587} INFO - Filling up the DagBag from /home/airflow/.local/lib/python3.12/site-packages/airflow/example_dags/example_latest_only.py
[2024-09-08T07:10:35.915+0000] {processor.py:925} INFO - DAG(s) 'latest_only' retrieved from /home/airflow/.local/lib/python3.12/site-packages/airflow/example_dags/example_latest_only.py
[2024-09-08T07:10:35.929+0000] {logging_mixin.py:190} INFO - [2024-09-08T07:10:35.928+0000] {dag.py:3229} INFO - Sync 1 DAGs
[2024-09-08T07:10:35.942+0000] {logging_mixin.py:190} INFO - [2024-09-08T07:10:35.942+0000] {dag.py:4156} INFO - Setting next_dagrun for latest_only to 2024-09-08 00:00:00+00:00, run_after=2024-09-08 04:00:00+00:00
[2024-09-08T07:10:35.953+0000] {processor.py:208} INFO - Processing /home/airflow/.local/lib/python3.12/site-packages/airflow/example_dags/example_latest_only.py took 0.047 seconds
[2024-09-08T07:11:06.389+0000] {processor.py:186} INFO - Started process (PID=3927) to work on /home/airflow/.local/lib/python3.12/site-packages/airflow/example_dags/example_latest_only.py
[2024-09-08T07:11:06.389+0000] {processor.py:914} INFO - Processing file /home/airflow/.local/lib/python3.12/site-packages/airflow/example_dags/example_latest_only.py for tasks to queue
[2024-09-08T07:11:06.391+0000] {logging_mixin.py:190} INFO - [2024-09-08T07:11:06.390+0000] {dagbag.py:587} INFO - Filling up the DagBag from /home/airflow/.local/lib/python3.12/site-packages/airflow/example_dags/example_latest_only.py
[2024-09-08T07:11:06.396+0000] {processor.py:925} INFO - DAG(s) 'latest_only' retrieved from /home/airflow/.local/lib/python3.12/site-packages/airflow/example_dags/example_latest_only.py
[2024-09-08T07:11:06.409+0000] {logging_mixin.py:190} INFO - [2024-09-08T07:11:06.409+0000] {dag.py:3229} INFO - Sync 1 DAGs
[2024-09-08T07:11:06.426+0000] {logging_mixin.py:190} INFO - [2024-09-08T07:11:06.425+0000] {dag.py:4156} INFO - Setting next_dagrun for latest_only to 2024-09-08 00:00:00+00:00, run_after=2024-09-08 04:00:00+00:00
[2024-09-08T07:11:06.438+0000] {processor.py:208} INFO - Processing /home/airflow/.local/lib/python3.12/site-packages/airflow/example_dags/example_latest_only.py took 0.054 seconds
[2024-09-08T07:11:36.940+0000] {processor.py:186} INFO - Started process (PID=3989) to work on /home/airflow/.local/lib/python3.12/site-packages/airflow/example_dags/example_latest_only.py
[2024-09-08T07:11:36.940+0000] {processor.py:914} INFO - Processing file /home/airflow/.local/lib/python3.12/site-packages/airflow/example_dags/example_latest_only.py for tasks to queue
[2024-09-08T07:11:36.942+0000] {logging_mixin.py:190} INFO - [2024-09-08T07:11:36.941+0000] {dagbag.py:587} INFO - Filling up the DagBag from /home/airflow/.local/lib/python3.12/site-packages/airflow/example_dags/example_latest_only.py
[2024-09-08T07:11:36.945+0000] {processor.py:925} INFO - DAG(s) 'latest_only' retrieved from /home/airflow/.local/lib/python3.12/site-packages/airflow/example_dags/example_latest_only.py
[2024-09-08T07:11:36.959+0000] {logging_mixin.py:190} INFO - [2024-09-08T07:11:36.959+0000] {dag.py:3229} INFO - Sync 1 DAGs
[2024-09-08T07:11:36.975+0000] {logging_mixin.py:190} INFO - [2024-09-08T07:11:36.975+0000] {dag.py:4156} INFO - Setting next_dagrun for latest_only to 2024-09-08 00:00:00+00:00, run_after=2024-09-08 04:00:00+00:00
[2024-09-08T07:11:36.988+0000] {processor.py:208} INFO - Processing /home/airflow/.local/lib/python3.12/site-packages/airflow/example_dags/example_latest_only.py took 0.052 seconds
[2024-09-08T07:16:39.912+0000] {processor.py:186} INFO - Started process (PID=4051) to work on /home/airflow/.local/lib/python3.12/site-packages/airflow/example_dags/example_latest_only.py
[2024-09-08T07:16:39.913+0000] {processor.py:914} INFO - Processing file /home/airflow/.local/lib/python3.12/site-packages/airflow/example_dags/example_latest_only.py for tasks to queue
[2024-09-08T07:16:39.914+0000] {logging_mixin.py:190} INFO - [2024-09-08T07:16:39.914+0000] {dagbag.py:587} INFO - Filling up the DagBag from /home/airflow/.local/lib/python3.12/site-packages/airflow/example_dags/example_latest_only.py
[2024-09-08T07:16:39.918+0000] {processor.py:925} INFO - DAG(s) 'latest_only' retrieved from /home/airflow/.local/lib/python3.12/site-packages/airflow/example_dags/example_latest_only.py
[2024-09-08T07:16:39.933+0000] {logging_mixin.py:190} INFO - [2024-09-08T07:16:39.932+0000] {dag.py:3229} INFO - Sync 1 DAGs
[2024-09-08T07:16:39.949+0000] {logging_mixin.py:190} INFO - [2024-09-08T07:16:39.949+0000] {dag.py:4156} INFO - Setting next_dagrun for latest_only to 2024-09-08 00:00:00+00:00, run_after=2024-09-08 04:00:00+00:00
[2024-09-08T07:16:39.962+0000] {processor.py:208} INFO - Processing /home/airflow/.local/lib/python3.12/site-packages/airflow/example_dags/example_latest_only.py took 0.053 seconds
[2024-09-08T07:17:10.509+0000] {processor.py:186} INFO - Started process (PID=4113) to work on /home/airflow/.local/lib/python3.12/site-packages/airflow/example_dags/example_latest_only.py
[2024-09-08T07:17:10.510+0000] {processor.py:914} INFO - Processing file /home/airflow/.local/lib/python3.12/site-packages/airflow/example_dags/example_latest_only.py for tasks to queue
[2024-09-08T07:17:10.512+0000] {logging_mixin.py:190} INFO - [2024-09-08T07:17:10.511+0000] {dagbag.py:587} INFO - Filling up the DagBag from /home/airflow/.local/lib/python3.12/site-packages/airflow/example_dags/example_latest_only.py
[2024-09-08T07:17:10.517+0000] {processor.py:925} INFO - DAG(s) 'latest_only' retrieved from /home/airflow/.local/lib/python3.12/site-packages/airflow/example_dags/example_latest_only.py
[2024-09-08T07:17:10.531+0000] {logging_mixin.py:190} INFO - [2024-09-08T07:17:10.531+0000] {dag.py:3229} INFO - Sync 1 DAGs
[2024-09-08T07:17:10.547+0000] {logging_mixin.py:190} INFO - [2024-09-08T07:17:10.547+0000] {dag.py:4156} INFO - Setting next_dagrun for latest_only to 2024-09-08 00:00:00+00:00, run_after=2024-09-08 04:00:00+00:00
[2024-09-08T07:17:10.561+0000] {processor.py:208} INFO - Processing /home/airflow/.local/lib/python3.12/site-packages/airflow/example_dags/example_latest_only.py took 0.056 seconds
[2024-09-08T07:17:41.042+0000] {processor.py:186} INFO - Started process (PID=4175) to work on /home/airflow/.local/lib/python3.12/site-packages/airflow/example_dags/example_latest_only.py
[2024-09-08T07:17:41.042+0000] {processor.py:914} INFO - Processing file /home/airflow/.local/lib/python3.12/site-packages/airflow/example_dags/example_latest_only.py for tasks to queue
[2024-09-08T07:17:41.043+0000] {logging_mixin.py:190} INFO - [2024-09-08T07:17:41.043+0000] {dagbag.py:587} INFO - Filling up the DagBag from /home/airflow/.local/lib/python3.12/site-packages/airflow/example_dags/example_latest_only.py
[2024-09-08T07:17:41.047+0000] {processor.py:925} INFO - DAG(s) 'latest_only' retrieved from /home/airflow/.local/lib/python3.12/site-packages/airflow/example_dags/example_latest_only.py
[2024-09-08T07:17:41.060+0000] {logging_mixin.py:190} INFO - [2024-09-08T07:17:41.060+0000] {dag.py:3229} INFO - Sync 1 DAGs
[2024-09-08T07:17:41.078+0000] {logging_mixin.py:190} INFO - [2024-09-08T07:17:41.078+0000] {dag.py:4156} INFO - Setting next_dagrun for latest_only to 2024-09-08 00:00:00+00:00, run_after=2024-09-08 04:00:00+00:00
[2024-09-08T07:17:41.090+0000] {processor.py:208} INFO - Processing /home/airflow/.local/lib/python3.12/site-packages/airflow/example_dags/example_latest_only.py took 0.052 seconds
[2024-09-08T07:18:11.566+0000] {processor.py:186} INFO - Started process (PID=4237) to work on /home/airflow/.local/lib/python3.12/site-packages/airflow/example_dags/example_latest_only.py
[2024-09-08T07:18:11.567+0000] {processor.py:914} INFO - Processing file /home/airflow/.local/lib/python3.12/site-packages/airflow/example_dags/example_latest_only.py for tasks to queue
[2024-09-08T07:18:11.568+0000] {logging_mixin.py:190} INFO - [2024-09-08T07:18:11.568+0000] {dagbag.py:587} INFO - Filling up the DagBag from /home/airflow/.local/lib/python3.12/site-packages/airflow/example_dags/example_latest_only.py
[2024-09-08T07:18:11.573+0000] {processor.py:925} INFO - DAG(s) 'latest_only' retrieved from /home/airflow/.local/lib/python3.12/site-packages/airflow/example_dags/example_latest_only.py
[2024-09-08T07:18:11.587+0000] {logging_mixin.py:190} INFO - [2024-09-08T07:18:11.586+0000] {dag.py:3229} INFO - Sync 1 DAGs
[2024-09-08T07:18:11.604+0000] {logging_mixin.py:190} INFO - [2024-09-08T07:18:11.603+0000] {dag.py:4156} INFO - Setting next_dagrun for latest_only to 2024-09-08 00:00:00+00:00, run_after=2024-09-08 04:00:00+00:00
[2024-09-08T07:18:11.617+0000] {processor.py:208} INFO - Processing /home/airflow/.local/lib/python3.12/site-packages/airflow/example_dags/example_latest_only.py took 0.055 seconds
[2024-09-08T07:18:42.199+0000] {processor.py:186} INFO - Started process (PID=4298) to work on /home/airflow/.local/lib/python3.12/site-packages/airflow/example_dags/example_latest_only.py
[2024-09-08T07:18:42.199+0000] {processor.py:914} INFO - Processing file /home/airflow/.local/lib/python3.12/site-packages/airflow/example_dags/example_latest_only.py for tasks to queue
[2024-09-08T07:18:42.201+0000] {logging_mixin.py:190} INFO - [2024-09-08T07:18:42.201+0000] {dagbag.py:587} INFO - Filling up the DagBag from /home/airflow/.local/lib/python3.12/site-packages/airflow/example_dags/example_latest_only.py
[2024-09-08T07:18:42.204+0000] {processor.py:925} INFO - DAG(s) 'latest_only' retrieved from /home/airflow/.local/lib/python3.12/site-packages/airflow/example_dags/example_latest_only.py
[2024-09-08T07:18:42.218+0000] {logging_mixin.py:190} INFO - [2024-09-08T07:18:42.218+0000] {dag.py:3229} INFO - Sync 1 DAGs
[2024-09-08T07:18:42.235+0000] {logging_mixin.py:190} INFO - [2024-09-08T07:18:42.235+0000] {dag.py:4156} INFO - Setting next_dagrun for latest_only to 2024-09-08 00:00:00+00:00, run_after=2024-09-08 04:00:00+00:00
[2024-09-08T07:18:42.248+0000] {processor.py:208} INFO - Processing /home/airflow/.local/lib/python3.12/site-packages/airflow/example_dags/example_latest_only.py took 0.053 seconds
[2024-09-08T07:19:12.821+0000] {processor.py:186} INFO - Started process (PID=4361) to work on /home/airflow/.local/lib/python3.12/site-packages/airflow/example_dags/example_latest_only.py
[2024-09-08T07:19:12.821+0000] {processor.py:914} INFO - Processing file /home/airflow/.local/lib/python3.12/site-packages/airflow/example_dags/example_latest_only.py for tasks to queue
[2024-09-08T07:19:12.823+0000] {logging_mixin.py:190} INFO - [2024-09-08T07:19:12.822+0000] {dagbag.py:587} INFO - Filling up the DagBag from /home/airflow/.local/lib/python3.12/site-packages/airflow/example_dags/example_latest_only.py
[2024-09-08T07:19:12.826+0000] {processor.py:925} INFO - DAG(s) 'latest_only' retrieved from /home/airflow/.local/lib/python3.12/site-packages/airflow/example_dags/example_latest_only.py
[2024-09-08T07:19:12.839+0000] {logging_mixin.py:190} INFO - [2024-09-08T07:19:12.839+0000] {dag.py:3229} INFO - Sync 1 DAGs
[2024-09-08T07:19:12.852+0000] {logging_mixin.py:190} INFO - [2024-09-08T07:19:12.852+0000] {dag.py:4156} INFO - Setting next_dagrun for latest_only to 2024-09-08 00:00:00+00:00, run_after=2024-09-08 04:00:00+00:00
[2024-09-08T07:19:12.865+0000] {processor.py:208} INFO - Processing /home/airflow/.local/lib/python3.12/site-packages/airflow/example_dags/example_latest_only.py took 0.048 seconds
[2024-09-08T07:19:43.608+0000] {processor.py:186} INFO - Started process (PID=4423) to work on /home/airflow/.local/lib/python3.12/site-packages/airflow/example_dags/example_latest_only.py
[2024-09-08T07:19:43.609+0000] {processor.py:914} INFO - Processing file /home/airflow/.local/lib/python3.12/site-packages/airflow/example_dags/example_latest_only.py for tasks to queue
[2024-09-08T07:19:43.610+0000] {logging_mixin.py:190} INFO - [2024-09-08T07:19:43.610+0000] {dagbag.py:587} INFO - Filling up the DagBag from /home/airflow/.local/lib/python3.12/site-packages/airflow/example_dags/example_latest_only.py
[2024-09-08T07:19:43.616+0000] {processor.py:925} INFO - DAG(s) 'latest_only' retrieved from /home/airflow/.local/lib/python3.12/site-packages/airflow/example_dags/example_latest_only.py
[2024-09-08T07:19:43.630+0000] {logging_mixin.py:190} INFO - [2024-09-08T07:19:43.630+0000] {dag.py:3229} INFO - Sync 1 DAGs
[2024-09-08T07:19:43.643+0000] {logging_mixin.py:190} INFO - [2024-09-08T07:19:43.643+0000] {dag.py:4156} INFO - Setting next_dagrun for latest_only to 2024-09-08 00:00:00+00:00, run_after=2024-09-08 04:00:00+00:00
[2024-09-08T07:19:43.654+0000] {processor.py:208} INFO - Processing /home/airflow/.local/lib/python3.12/site-packages/airflow/example_dags/example_latest_only.py took 0.050 seconds
[2024-09-08T07:20:14.264+0000] {processor.py:186} INFO - Started process (PID=4485) to work on /home/airflow/.local/lib/python3.12/site-packages/airflow/example_dags/example_latest_only.py
[2024-09-08T07:20:14.265+0000] {processor.py:914} INFO - Processing file /home/airflow/.local/lib/python3.12/site-packages/airflow/example_dags/example_latest_only.py for tasks to queue
[2024-09-08T07:20:14.266+0000] {logging_mixin.py:190} INFO - [2024-09-08T07:20:14.266+0000] {dagbag.py:587} INFO - Filling up the DagBag from /home/airflow/.local/lib/python3.12/site-packages/airflow/example_dags/example_latest_only.py
[2024-09-08T07:20:14.270+0000] {processor.py:925} INFO - DAG(s) 'latest_only' retrieved from /home/airflow/.local/lib/python3.12/site-packages/airflow/example_dags/example_latest_only.py
[2024-09-08T07:20:14.286+0000] {logging_mixin.py:190} INFO - [2024-09-08T07:20:14.285+0000] {dag.py:3229} INFO - Sync 1 DAGs
[2024-09-08T07:20:14.301+0000] {logging_mixin.py:190} INFO - [2024-09-08T07:20:14.300+0000] {dag.py:4156} INFO - Setting next_dagrun for latest_only to 2024-09-08 00:00:00+00:00, run_after=2024-09-08 04:00:00+00:00
[2024-09-08T07:20:14.311+0000] {processor.py:208} INFO - Processing /home/airflow/.local/lib/python3.12/site-packages/airflow/example_dags/example_latest_only.py took 0.051 seconds
[2024-09-08T07:20:44.720+0000] {processor.py:186} INFO - Started process (PID=4547) to work on /home/airflow/.local/lib/python3.12/site-packages/airflow/example_dags/example_latest_only.py
[2024-09-08T07:20:44.721+0000] {processor.py:914} INFO - Processing file /home/airflow/.local/lib/python3.12/site-packages/airflow/example_dags/example_latest_only.py for tasks to queue
[2024-09-08T07:20:44.722+0000] {logging_mixin.py:190} INFO - [2024-09-08T07:20:44.722+0000] {dagbag.py:587} INFO - Filling up the DagBag from /home/airflow/.local/lib/python3.12/site-packages/airflow/example_dags/example_latest_only.py
[2024-09-08T07:20:44.727+0000] {processor.py:925} INFO - DAG(s) 'latest_only' retrieved from /home/airflow/.local/lib/python3.12/site-packages/airflow/example_dags/example_latest_only.py
[2024-09-08T07:20:44.743+0000] {logging_mixin.py:190} INFO - [2024-09-08T07:20:44.742+0000] {dag.py:3229} INFO - Sync 1 DAGs
[2024-09-08T07:20:44.757+0000] {logging_mixin.py:190} INFO - [2024-09-08T07:20:44.756+0000] {dag.py:4156} INFO - Setting next_dagrun for latest_only to 2024-09-08 00:00:00+00:00, run_after=2024-09-08 04:00:00+00:00
[2024-09-08T07:20:44.768+0000] {processor.py:208} INFO - Processing /home/airflow/.local/lib/python3.12/site-packages/airflow/example_dags/example_latest_only.py took 0.051 seconds
[2024-09-08T07:21:15.220+0000] {processor.py:186} INFO - Started process (PID=4609) to work on /home/airflow/.local/lib/python3.12/site-packages/airflow/example_dags/example_latest_only.py
[2024-09-08T07:21:15.220+0000] {processor.py:914} INFO - Processing file /home/airflow/.local/lib/python3.12/site-packages/airflow/example_dags/example_latest_only.py for tasks to queue
[2024-09-08T07:21:15.222+0000] {logging_mixin.py:190} INFO - [2024-09-08T07:21:15.222+0000] {dagbag.py:587} INFO - Filling up the DagBag from /home/airflow/.local/lib/python3.12/site-packages/airflow/example_dags/example_latest_only.py
[2024-09-08T07:21:15.227+0000] {processor.py:925} INFO - DAG(s) 'latest_only' retrieved from /home/airflow/.local/lib/python3.12/site-packages/airflow/example_dags/example_latest_only.py
[2024-09-08T07:21:15.240+0000] {logging_mixin.py:190} INFO - [2024-09-08T07:21:15.239+0000] {dag.py:3229} INFO - Sync 1 DAGs
[2024-09-08T07:21:15.256+0000] {logging_mixin.py:190} INFO - [2024-09-08T07:21:15.256+0000] {dag.py:4156} INFO - Setting next_dagrun for latest_only to 2024-09-08 00:00:00+00:00, run_after=2024-09-08 04:00:00+00:00
[2024-09-08T07:21:15.268+0000] {processor.py:208} INFO - Processing /home/airflow/.local/lib/python3.12/site-packages/airflow/example_dags/example_latest_only.py took 0.053 seconds
