[2024-09-08T06:39:30.708+0000] {processor.py:186} INFO - Started process (PID=92) to work on /home/airflow/.local/lib/python3.12/site-packages/airflow/example_dags/example_display_name.py
[2024-09-08T06:39:30.708+0000] {processor.py:914} INFO - Processing file /home/airflow/.local/lib/python3.12/site-packages/airflow/example_dags/example_display_name.py for tasks to queue
[2024-09-08T06:39:30.710+0000] {logging_mixin.py:190} INFO - [2024-09-08T06:39:30.710+0000] {dagbag.py:587} INFO - Filling up the DagBag from /home/airflow/.local/lib/python3.12/site-packages/airflow/example_dags/example_display_name.py
[2024-09-08T06:39:30.714+0000] {processor.py:925} INFO - DAG(s) 'example_display_name' retrieved from /home/airflow/.local/lib/python3.12/site-packages/airflow/example_dags/example_display_name.py
[2024-09-08T06:39:30.771+0000] {logging_mixin.py:190} INFO - [2024-09-08T06:39:30.771+0000] {override.py:1900} INFO - Created Permission View: can edit on DAG:example_display_name
[2024-09-08T06:39:30.777+0000] {logging_mixin.py:190} INFO - [2024-09-08T06:39:30.777+0000] {override.py:1900} INFO - Created Permission View: can read on DAG:example_display_name
[2024-09-08T06:39:30.781+0000] {logging_mixin.py:190} INFO - [2024-09-08T06:39:30.781+0000] {override.py:1900} INFO - Created Permission View: can delete on DAG:example_display_name
[2024-09-08T06:39:30.783+0000] {logging_mixin.py:190} INFO - [2024-09-08T06:39:30.783+0000] {override.py:1900} INFO - Created Permission View: can read on DAG Run:example_display_name
[2024-09-08T06:39:30.786+0000] {logging_mixin.py:190} INFO - [2024-09-08T06:39:30.786+0000] {override.py:1900} INFO - Created Permission View: can delete on DAG Run:example_display_name
[2024-09-08T06:39:30.789+0000] {logging_mixin.py:190} INFO - [2024-09-08T06:39:30.789+0000] {override.py:1900} INFO - Created Permission View: can create on DAG Run:example_display_name
[2024-09-08T06:39:30.792+0000] {logging_mixin.py:190} INFO - [2024-09-08T06:39:30.792+0000] {override.py:1900} INFO - Created Permission View: menu access on DAG Run:example_display_name
[2024-09-08T06:39:30.792+0000] {logging_mixin.py:190} INFO - [2024-09-08T06:39:30.792+0000] {dag.py:3229} INFO - Sync 1 DAGs
[2024-09-08T06:39:30.799+0000] {logging_mixin.py:190} INFO - [2024-09-08T06:39:30.799+0000] {dag.py:3252} INFO - Creating ORM DAG for example_display_name
[2024-09-08T06:39:30.800+0000] {logging_mixin.py:190} INFO - [2024-09-08T06:39:30.799+0000] {dag.py:4156} INFO - Setting next_dagrun for example_display_name to None, run_after=None
[2024-09-08T06:39:30.808+0000] {processor.py:208} INFO - Processing /home/airflow/.local/lib/python3.12/site-packages/airflow/example_dags/example_display_name.py took 0.104 seconds
[2024-09-08T06:40:01.484+0000] {processor.py:186} INFO - Started process (PID=154) to work on /home/airflow/.local/lib/python3.12/site-packages/airflow/example_dags/example_display_name.py
[2024-09-08T06:40:01.484+0000] {processor.py:914} INFO - Processing file /home/airflow/.local/lib/python3.12/site-packages/airflow/example_dags/example_display_name.py for tasks to queue
[2024-09-08T06:40:01.485+0000] {logging_mixin.py:190} INFO - [2024-09-08T06:40:01.485+0000] {dagbag.py:587} INFO - Filling up the DagBag from /home/airflow/.local/lib/python3.12/site-packages/airflow/example_dags/example_display_name.py
[2024-09-08T06:40:01.489+0000] {processor.py:925} INFO - DAG(s) 'example_display_name' retrieved from /home/airflow/.local/lib/python3.12/site-packages/airflow/example_dags/example_display_name.py
[2024-09-08T06:40:01.503+0000] {logging_mixin.py:190} INFO - [2024-09-08T06:40:01.503+0000] {dag.py:3229} INFO - Sync 1 DAGs
[2024-09-08T06:40:01.513+0000] {logging_mixin.py:190} INFO - [2024-09-08T06:40:01.513+0000] {dag.py:4156} INFO - Setting next_dagrun for example_display_name to None, run_after=None
[2024-09-08T06:40:01.525+0000] {processor.py:208} INFO - Processing /home/airflow/.local/lib/python3.12/site-packages/airflow/example_dags/example_display_name.py took 0.044 seconds
[2024-09-08T06:40:31.960+0000] {processor.py:186} INFO - Started process (PID=216) to work on /home/airflow/.local/lib/python3.12/site-packages/airflow/example_dags/example_display_name.py
[2024-09-08T06:40:31.960+0000] {processor.py:914} INFO - Processing file /home/airflow/.local/lib/python3.12/site-packages/airflow/example_dags/example_display_name.py for tasks to queue
[2024-09-08T06:40:31.961+0000] {logging_mixin.py:190} INFO - [2024-09-08T06:40:31.961+0000] {dagbag.py:587} INFO - Filling up the DagBag from /home/airflow/.local/lib/python3.12/site-packages/airflow/example_dags/example_display_name.py
[2024-09-08T06:40:31.965+0000] {processor.py:925} INFO - DAG(s) 'example_display_name' retrieved from /home/airflow/.local/lib/python3.12/site-packages/airflow/example_dags/example_display_name.py
[2024-09-08T06:40:31.979+0000] {logging_mixin.py:190} INFO - [2024-09-08T06:40:31.979+0000] {dag.py:3229} INFO - Sync 1 DAGs
[2024-09-08T06:40:31.988+0000] {logging_mixin.py:190} INFO - [2024-09-08T06:40:31.988+0000] {dag.py:4156} INFO - Setting next_dagrun for example_display_name to None, run_after=None
[2024-09-08T06:40:32.002+0000] {processor.py:208} INFO - Processing /home/airflow/.local/lib/python3.12/site-packages/airflow/example_dags/example_display_name.py took 0.045 seconds
[2024-09-08T06:41:02.449+0000] {processor.py:186} INFO - Started process (PID=278) to work on /home/airflow/.local/lib/python3.12/site-packages/airflow/example_dags/example_display_name.py
[2024-09-08T06:41:02.450+0000] {processor.py:914} INFO - Processing file /home/airflow/.local/lib/python3.12/site-packages/airflow/example_dags/example_display_name.py for tasks to queue
[2024-09-08T06:41:02.451+0000] {logging_mixin.py:190} INFO - [2024-09-08T06:41:02.451+0000] {dagbag.py:587} INFO - Filling up the DagBag from /home/airflow/.local/lib/python3.12/site-packages/airflow/example_dags/example_display_name.py
[2024-09-08T06:41:02.455+0000] {processor.py:925} INFO - DAG(s) 'example_display_name' retrieved from /home/airflow/.local/lib/python3.12/site-packages/airflow/example_dags/example_display_name.py
[2024-09-08T06:41:02.469+0000] {logging_mixin.py:190} INFO - [2024-09-08T06:41:02.468+0000] {dag.py:3229} INFO - Sync 1 DAGs
[2024-09-08T06:41:02.477+0000] {logging_mixin.py:190} INFO - [2024-09-08T06:41:02.477+0000] {dag.py:4156} INFO - Setting next_dagrun for example_display_name to None, run_after=None
[2024-09-08T06:41:02.488+0000] {processor.py:208} INFO - Processing /home/airflow/.local/lib/python3.12/site-packages/airflow/example_dags/example_display_name.py took 0.043 seconds
[2024-09-08T06:41:33.037+0000] {processor.py:186} INFO - Started process (PID=340) to work on /home/airflow/.local/lib/python3.12/site-packages/airflow/example_dags/example_display_name.py
[2024-09-08T06:41:33.037+0000] {processor.py:914} INFO - Processing file /home/airflow/.local/lib/python3.12/site-packages/airflow/example_dags/example_display_name.py for tasks to queue
[2024-09-08T06:41:33.038+0000] {logging_mixin.py:190} INFO - [2024-09-08T06:41:33.038+0000] {dagbag.py:587} INFO - Filling up the DagBag from /home/airflow/.local/lib/python3.12/site-packages/airflow/example_dags/example_display_name.py
[2024-09-08T06:41:33.042+0000] {processor.py:925} INFO - DAG(s) 'example_display_name' retrieved from /home/airflow/.local/lib/python3.12/site-packages/airflow/example_dags/example_display_name.py
[2024-09-08T06:41:33.055+0000] {logging_mixin.py:190} INFO - [2024-09-08T06:41:33.055+0000] {dag.py:3229} INFO - Sync 1 DAGs
[2024-09-08T06:41:33.065+0000] {logging_mixin.py:190} INFO - [2024-09-08T06:41:33.065+0000] {dag.py:4156} INFO - Setting next_dagrun for example_display_name to None, run_after=None
[2024-09-08T06:41:33.078+0000] {processor.py:208} INFO - Processing /home/airflow/.local/lib/python3.12/site-packages/airflow/example_dags/example_display_name.py took 0.045 seconds
[2024-09-08T06:42:03.604+0000] {processor.py:186} INFO - Started process (PID=402) to work on /home/airflow/.local/lib/python3.12/site-packages/airflow/example_dags/example_display_name.py
[2024-09-08T06:42:03.605+0000] {processor.py:914} INFO - Processing file /home/airflow/.local/lib/python3.12/site-packages/airflow/example_dags/example_display_name.py for tasks to queue
[2024-09-08T06:42:03.606+0000] {logging_mixin.py:190} INFO - [2024-09-08T06:42:03.606+0000] {dagbag.py:587} INFO - Filling up the DagBag from /home/airflow/.local/lib/python3.12/site-packages/airflow/example_dags/example_display_name.py
[2024-09-08T06:42:03.611+0000] {processor.py:925} INFO - DAG(s) 'example_display_name' retrieved from /home/airflow/.local/lib/python3.12/site-packages/airflow/example_dags/example_display_name.py
[2024-09-08T06:42:03.624+0000] {logging_mixin.py:190} INFO - [2024-09-08T06:42:03.624+0000] {dag.py:3229} INFO - Sync 1 DAGs
[2024-09-08T06:42:03.633+0000] {logging_mixin.py:190} INFO - [2024-09-08T06:42:03.633+0000] {dag.py:4156} INFO - Setting next_dagrun for example_display_name to None, run_after=None
[2024-09-08T06:42:03.643+0000] {processor.py:208} INFO - Processing /home/airflow/.local/lib/python3.12/site-packages/airflow/example_dags/example_display_name.py took 0.043 seconds
[2024-09-08T06:42:34.096+0000] {processor.py:186} INFO - Started process (PID=464) to work on /home/airflow/.local/lib/python3.12/site-packages/airflow/example_dags/example_display_name.py
[2024-09-08T06:42:34.096+0000] {processor.py:914} INFO - Processing file /home/airflow/.local/lib/python3.12/site-packages/airflow/example_dags/example_display_name.py for tasks to queue
[2024-09-08T06:42:34.098+0000] {logging_mixin.py:190} INFO - [2024-09-08T06:42:34.097+0000] {dagbag.py:587} INFO - Filling up the DagBag from /home/airflow/.local/lib/python3.12/site-packages/airflow/example_dags/example_display_name.py
[2024-09-08T06:42:34.102+0000] {processor.py:925} INFO - DAG(s) 'example_display_name' retrieved from /home/airflow/.local/lib/python3.12/site-packages/airflow/example_dags/example_display_name.py
[2024-09-08T06:42:34.114+0000] {logging_mixin.py:190} INFO - [2024-09-08T06:42:34.113+0000] {dag.py:3229} INFO - Sync 1 DAGs
[2024-09-08T06:42:34.121+0000] {logging_mixin.py:190} INFO - [2024-09-08T06:42:34.121+0000] {dag.py:4156} INFO - Setting next_dagrun for example_display_name to None, run_after=None
[2024-09-08T06:42:34.131+0000] {processor.py:208} INFO - Processing /home/airflow/.local/lib/python3.12/site-packages/airflow/example_dags/example_display_name.py took 0.039 seconds
[2024-09-08T06:43:04.430+0000] {processor.py:186} INFO - Started process (PID=526) to work on /home/airflow/.local/lib/python3.12/site-packages/airflow/example_dags/example_display_name.py
[2024-09-08T06:43:04.431+0000] {processor.py:914} INFO - Processing file /home/airflow/.local/lib/python3.12/site-packages/airflow/example_dags/example_display_name.py for tasks to queue
[2024-09-08T06:43:04.432+0000] {logging_mixin.py:190} INFO - [2024-09-08T06:43:04.432+0000] {dagbag.py:587} INFO - Filling up the DagBag from /home/airflow/.local/lib/python3.12/site-packages/airflow/example_dags/example_display_name.py
[2024-09-08T06:43:04.437+0000] {processor.py:925} INFO - DAG(s) 'example_display_name' retrieved from /home/airflow/.local/lib/python3.12/site-packages/airflow/example_dags/example_display_name.py
[2024-09-08T06:43:04.449+0000] {logging_mixin.py:190} INFO - [2024-09-08T06:43:04.449+0000] {dag.py:3229} INFO - Sync 1 DAGs
[2024-09-08T06:43:04.456+0000] {logging_mixin.py:190} INFO - [2024-09-08T06:43:04.456+0000] {dag.py:4156} INFO - Setting next_dagrun for example_display_name to None, run_after=None
[2024-09-08T06:43:04.466+0000] {processor.py:208} INFO - Processing /home/airflow/.local/lib/python3.12/site-packages/airflow/example_dags/example_display_name.py took 0.040 seconds
[2024-09-08T06:43:34.936+0000] {processor.py:186} INFO - Started process (PID=588) to work on /home/airflow/.local/lib/python3.12/site-packages/airflow/example_dags/example_display_name.py
[2024-09-08T06:43:34.936+0000] {processor.py:914} INFO - Processing file /home/airflow/.local/lib/python3.12/site-packages/airflow/example_dags/example_display_name.py for tasks to queue
[2024-09-08T06:43:34.937+0000] {logging_mixin.py:190} INFO - [2024-09-08T06:43:34.937+0000] {dagbag.py:587} INFO - Filling up the DagBag from /home/airflow/.local/lib/python3.12/site-packages/airflow/example_dags/example_display_name.py
[2024-09-08T06:43:34.941+0000] {processor.py:925} INFO - DAG(s) 'example_display_name' retrieved from /home/airflow/.local/lib/python3.12/site-packages/airflow/example_dags/example_display_name.py
[2024-09-08T06:43:34.955+0000] {logging_mixin.py:190} INFO - [2024-09-08T06:43:34.955+0000] {dag.py:3229} INFO - Sync 1 DAGs
[2024-09-08T06:43:34.966+0000] {logging_mixin.py:190} INFO - [2024-09-08T06:43:34.966+0000] {dag.py:4156} INFO - Setting next_dagrun for example_display_name to None, run_after=None
[2024-09-08T06:43:34.979+0000] {processor.py:208} INFO - Processing /home/airflow/.local/lib/python3.12/site-packages/airflow/example_dags/example_display_name.py took 0.046 seconds
[2024-09-08T06:44:05.498+0000] {processor.py:186} INFO - Started process (PID=650) to work on /home/airflow/.local/lib/python3.12/site-packages/airflow/example_dags/example_display_name.py
[2024-09-08T06:44:05.498+0000] {processor.py:914} INFO - Processing file /home/airflow/.local/lib/python3.12/site-packages/airflow/example_dags/example_display_name.py for tasks to queue
[2024-09-08T06:44:05.499+0000] {logging_mixin.py:190} INFO - [2024-09-08T06:44:05.499+0000] {dagbag.py:587} INFO - Filling up the DagBag from /home/airflow/.local/lib/python3.12/site-packages/airflow/example_dags/example_display_name.py
[2024-09-08T06:44:05.503+0000] {processor.py:925} INFO - DAG(s) 'example_display_name' retrieved from /home/airflow/.local/lib/python3.12/site-packages/airflow/example_dags/example_display_name.py
[2024-09-08T06:44:05.516+0000] {logging_mixin.py:190} INFO - [2024-09-08T06:44:05.516+0000] {dag.py:3229} INFO - Sync 1 DAGs
[2024-09-08T06:44:05.523+0000] {logging_mixin.py:190} INFO - [2024-09-08T06:44:05.523+0000] {dag.py:4156} INFO - Setting next_dagrun for example_display_name to None, run_after=None
[2024-09-08T06:44:05.533+0000] {processor.py:208} INFO - Processing /home/airflow/.local/lib/python3.12/site-packages/airflow/example_dags/example_display_name.py took 0.038 seconds
[2024-09-08T06:44:35.995+0000] {processor.py:186} INFO - Started process (PID=712) to work on /home/airflow/.local/lib/python3.12/site-packages/airflow/example_dags/example_display_name.py
[2024-09-08T06:44:35.995+0000] {processor.py:914} INFO - Processing file /home/airflow/.local/lib/python3.12/site-packages/airflow/example_dags/example_display_name.py for tasks to queue
[2024-09-08T06:44:35.997+0000] {logging_mixin.py:190} INFO - [2024-09-08T06:44:35.997+0000] {dagbag.py:587} INFO - Filling up the DagBag from /home/airflow/.local/lib/python3.12/site-packages/airflow/example_dags/example_display_name.py
[2024-09-08T06:44:36.002+0000] {processor.py:925} INFO - DAG(s) 'example_display_name' retrieved from /home/airflow/.local/lib/python3.12/site-packages/airflow/example_dags/example_display_name.py
[2024-09-08T06:44:36.016+0000] {logging_mixin.py:190} INFO - [2024-09-08T06:44:36.016+0000] {dag.py:3229} INFO - Sync 1 DAGs
[2024-09-08T06:44:36.024+0000] {logging_mixin.py:190} INFO - [2024-09-08T06:44:36.024+0000] {dag.py:4156} INFO - Setting next_dagrun for example_display_name to None, run_after=None
[2024-09-08T06:44:36.034+0000] {processor.py:208} INFO - Processing /home/airflow/.local/lib/python3.12/site-packages/airflow/example_dags/example_display_name.py took 0.043 seconds
[2024-09-08T06:45:06.658+0000] {processor.py:186} INFO - Started process (PID=774) to work on /home/airflow/.local/lib/python3.12/site-packages/airflow/example_dags/example_display_name.py
[2024-09-08T06:45:06.658+0000] {processor.py:914} INFO - Processing file /home/airflow/.local/lib/python3.12/site-packages/airflow/example_dags/example_display_name.py for tasks to queue
[2024-09-08T06:45:06.659+0000] {logging_mixin.py:190} INFO - [2024-09-08T06:45:06.659+0000] {dagbag.py:587} INFO - Filling up the DagBag from /home/airflow/.local/lib/python3.12/site-packages/airflow/example_dags/example_display_name.py
[2024-09-08T06:45:06.663+0000] {processor.py:925} INFO - DAG(s) 'example_display_name' retrieved from /home/airflow/.local/lib/python3.12/site-packages/airflow/example_dags/example_display_name.py
[2024-09-08T06:45:06.677+0000] {logging_mixin.py:190} INFO - [2024-09-08T06:45:06.676+0000] {dag.py:3229} INFO - Sync 1 DAGs
[2024-09-08T06:45:06.685+0000] {logging_mixin.py:190} INFO - [2024-09-08T06:45:06.685+0000] {dag.py:4156} INFO - Setting next_dagrun for example_display_name to None, run_after=None
[2024-09-08T06:45:06.698+0000] {processor.py:208} INFO - Processing /home/airflow/.local/lib/python3.12/site-packages/airflow/example_dags/example_display_name.py took 0.043 seconds
[2024-09-08T06:45:37.034+0000] {processor.py:186} INFO - Started process (PID=836) to work on /home/airflow/.local/lib/python3.12/site-packages/airflow/example_dags/example_display_name.py
[2024-09-08T06:45:37.035+0000] {processor.py:914} INFO - Processing file /home/airflow/.local/lib/python3.12/site-packages/airflow/example_dags/example_display_name.py for tasks to queue
[2024-09-08T06:45:37.036+0000] {logging_mixin.py:190} INFO - [2024-09-08T06:45:37.036+0000] {dagbag.py:587} INFO - Filling up the DagBag from /home/airflow/.local/lib/python3.12/site-packages/airflow/example_dags/example_display_name.py
[2024-09-08T06:45:37.040+0000] {processor.py:925} INFO - DAG(s) 'example_display_name' retrieved from /home/airflow/.local/lib/python3.12/site-packages/airflow/example_dags/example_display_name.py
[2024-09-08T06:45:37.053+0000] {logging_mixin.py:190} INFO - [2024-09-08T06:45:37.052+0000] {dag.py:3229} INFO - Sync 1 DAGs
[2024-09-08T06:45:37.064+0000] {logging_mixin.py:190} INFO - [2024-09-08T06:45:37.063+0000] {dag.py:4156} INFO - Setting next_dagrun for example_display_name to None, run_after=None
[2024-09-08T06:45:37.076+0000] {processor.py:208} INFO - Processing /home/airflow/.local/lib/python3.12/site-packages/airflow/example_dags/example_display_name.py took 0.045 seconds
[2024-09-08T06:46:07.504+0000] {processor.py:186} INFO - Started process (PID=898) to work on /home/airflow/.local/lib/python3.12/site-packages/airflow/example_dags/example_display_name.py
[2024-09-08T06:46:07.504+0000] {processor.py:914} INFO - Processing file /home/airflow/.local/lib/python3.12/site-packages/airflow/example_dags/example_display_name.py for tasks to queue
[2024-09-08T06:46:07.506+0000] {logging_mixin.py:190} INFO - [2024-09-08T06:46:07.505+0000] {dagbag.py:587} INFO - Filling up the DagBag from /home/airflow/.local/lib/python3.12/site-packages/airflow/example_dags/example_display_name.py
[2024-09-08T06:46:07.510+0000] {processor.py:925} INFO - DAG(s) 'example_display_name' retrieved from /home/airflow/.local/lib/python3.12/site-packages/airflow/example_dags/example_display_name.py
[2024-09-08T06:46:07.522+0000] {logging_mixin.py:190} INFO - [2024-09-08T06:46:07.522+0000] {dag.py:3229} INFO - Sync 1 DAGs
[2024-09-08T06:46:07.532+0000] {logging_mixin.py:190} INFO - [2024-09-08T06:46:07.531+0000] {dag.py:4156} INFO - Setting next_dagrun for example_display_name to None, run_after=None
[2024-09-08T06:46:07.545+0000] {processor.py:208} INFO - Processing /home/airflow/.local/lib/python3.12/site-packages/airflow/example_dags/example_display_name.py took 0.044 seconds
[2024-09-08T06:46:38.034+0000] {processor.py:186} INFO - Started process (PID=960) to work on /home/airflow/.local/lib/python3.12/site-packages/airflow/example_dags/example_display_name.py
[2024-09-08T06:46:38.034+0000] {processor.py:914} INFO - Processing file /home/airflow/.local/lib/python3.12/site-packages/airflow/example_dags/example_display_name.py for tasks to queue
[2024-09-08T06:46:38.036+0000] {logging_mixin.py:190} INFO - [2024-09-08T06:46:38.036+0000] {dagbag.py:587} INFO - Filling up the DagBag from /home/airflow/.local/lib/python3.12/site-packages/airflow/example_dags/example_display_name.py
[2024-09-08T06:46:38.040+0000] {processor.py:925} INFO - DAG(s) 'example_display_name' retrieved from /home/airflow/.local/lib/python3.12/site-packages/airflow/example_dags/example_display_name.py
[2024-09-08T06:46:38.054+0000] {logging_mixin.py:190} INFO - [2024-09-08T06:46:38.054+0000] {dag.py:3229} INFO - Sync 1 DAGs
[2024-09-08T06:46:38.065+0000] {logging_mixin.py:190} INFO - [2024-09-08T06:46:38.065+0000] {dag.py:4156} INFO - Setting next_dagrun for example_display_name to None, run_after=None
[2024-09-08T06:46:38.077+0000] {processor.py:208} INFO - Processing /home/airflow/.local/lib/python3.12/site-packages/airflow/example_dags/example_display_name.py took 0.047 seconds
[2024-09-08T06:47:08.516+0000] {processor.py:186} INFO - Started process (PID=1022) to work on /home/airflow/.local/lib/python3.12/site-packages/airflow/example_dags/example_display_name.py
[2024-09-08T06:47:08.517+0000] {processor.py:914} INFO - Processing file /home/airflow/.local/lib/python3.12/site-packages/airflow/example_dags/example_display_name.py for tasks to queue
[2024-09-08T06:47:08.518+0000] {logging_mixin.py:190} INFO - [2024-09-08T06:47:08.518+0000] {dagbag.py:587} INFO - Filling up the DagBag from /home/airflow/.local/lib/python3.12/site-packages/airflow/example_dags/example_display_name.py
[2024-09-08T06:47:08.522+0000] {processor.py:925} INFO - DAG(s) 'example_display_name' retrieved from /home/airflow/.local/lib/python3.12/site-packages/airflow/example_dags/example_display_name.py
[2024-09-08T06:47:08.534+0000] {logging_mixin.py:190} INFO - [2024-09-08T06:47:08.534+0000] {dag.py:3229} INFO - Sync 1 DAGs
[2024-09-08T06:47:08.543+0000] {logging_mixin.py:190} INFO - [2024-09-08T06:47:08.543+0000] {dag.py:4156} INFO - Setting next_dagrun for example_display_name to None, run_after=None
[2024-09-08T06:47:08.556+0000] {processor.py:208} INFO - Processing /home/airflow/.local/lib/python3.12/site-packages/airflow/example_dags/example_display_name.py took 0.043 seconds
[2024-09-08T06:47:39.125+0000] {processor.py:186} INFO - Started process (PID=1084) to work on /home/airflow/.local/lib/python3.12/site-packages/airflow/example_dags/example_display_name.py
[2024-09-08T06:47:39.125+0000] {processor.py:914} INFO - Processing file /home/airflow/.local/lib/python3.12/site-packages/airflow/example_dags/example_display_name.py for tasks to queue
[2024-09-08T06:47:39.127+0000] {logging_mixin.py:190} INFO - [2024-09-08T06:47:39.127+0000] {dagbag.py:587} INFO - Filling up the DagBag from /home/airflow/.local/lib/python3.12/site-packages/airflow/example_dags/example_display_name.py
[2024-09-08T06:47:39.131+0000] {processor.py:925} INFO - DAG(s) 'example_display_name' retrieved from /home/airflow/.local/lib/python3.12/site-packages/airflow/example_dags/example_display_name.py
[2024-09-08T06:47:39.142+0000] {logging_mixin.py:190} INFO - [2024-09-08T06:47:39.142+0000] {dag.py:3229} INFO - Sync 1 DAGs
[2024-09-08T06:47:39.150+0000] {logging_mixin.py:190} INFO - [2024-09-08T06:47:39.150+0000] {dag.py:4156} INFO - Setting next_dagrun for example_display_name to None, run_after=None
[2024-09-08T06:47:39.159+0000] {processor.py:208} INFO - Processing /home/airflow/.local/lib/python3.12/site-packages/airflow/example_dags/example_display_name.py took 0.038 seconds
[2024-09-08T06:48:09.598+0000] {processor.py:186} INFO - Started process (PID=1146) to work on /home/airflow/.local/lib/python3.12/site-packages/airflow/example_dags/example_display_name.py
[2024-09-08T06:48:09.599+0000] {processor.py:914} INFO - Processing file /home/airflow/.local/lib/python3.12/site-packages/airflow/example_dags/example_display_name.py for tasks to queue
[2024-09-08T06:48:09.600+0000] {logging_mixin.py:190} INFO - [2024-09-08T06:48:09.600+0000] {dagbag.py:587} INFO - Filling up the DagBag from /home/airflow/.local/lib/python3.12/site-packages/airflow/example_dags/example_display_name.py
[2024-09-08T06:48:09.606+0000] {processor.py:925} INFO - DAG(s) 'example_display_name' retrieved from /home/airflow/.local/lib/python3.12/site-packages/airflow/example_dags/example_display_name.py
[2024-09-08T06:48:09.620+0000] {logging_mixin.py:190} INFO - [2024-09-08T06:48:09.619+0000] {dag.py:3229} INFO - Sync 1 DAGs
[2024-09-08T06:48:09.630+0000] {logging_mixin.py:190} INFO - [2024-09-08T06:48:09.630+0000] {dag.py:4156} INFO - Setting next_dagrun for example_display_name to None, run_after=None
[2024-09-08T06:48:09.644+0000] {processor.py:208} INFO - Processing /home/airflow/.local/lib/python3.12/site-packages/airflow/example_dags/example_display_name.py took 0.049 seconds
[2024-09-08T06:48:40.274+0000] {processor.py:186} INFO - Started process (PID=1208) to work on /home/airflow/.local/lib/python3.12/site-packages/airflow/example_dags/example_display_name.py
[2024-09-08T06:48:40.275+0000] {processor.py:914} INFO - Processing file /home/airflow/.local/lib/python3.12/site-packages/airflow/example_dags/example_display_name.py for tasks to queue
[2024-09-08T06:48:40.276+0000] {logging_mixin.py:190} INFO - [2024-09-08T06:48:40.276+0000] {dagbag.py:587} INFO - Filling up the DagBag from /home/airflow/.local/lib/python3.12/site-packages/airflow/example_dags/example_display_name.py
[2024-09-08T06:48:40.280+0000] {processor.py:925} INFO - DAG(s) 'example_display_name' retrieved from /home/airflow/.local/lib/python3.12/site-packages/airflow/example_dags/example_display_name.py
[2024-09-08T06:48:40.296+0000] {logging_mixin.py:190} INFO - [2024-09-08T06:48:40.295+0000] {dag.py:3229} INFO - Sync 1 DAGs
[2024-09-08T06:48:40.305+0000] {logging_mixin.py:190} INFO - [2024-09-08T06:48:40.305+0000] {dag.py:4156} INFO - Setting next_dagrun for example_display_name to None, run_after=None
[2024-09-08T06:48:40.320+0000] {processor.py:208} INFO - Processing /home/airflow/.local/lib/python3.12/site-packages/airflow/example_dags/example_display_name.py took 0.050 seconds
[2024-09-08T06:49:10.809+0000] {processor.py:186} INFO - Started process (PID=1270) to work on /home/airflow/.local/lib/python3.12/site-packages/airflow/example_dags/example_display_name.py
[2024-09-08T06:49:10.809+0000] {processor.py:914} INFO - Processing file /home/airflow/.local/lib/python3.12/site-packages/airflow/example_dags/example_display_name.py for tasks to queue
[2024-09-08T06:49:10.811+0000] {logging_mixin.py:190} INFO - [2024-09-08T06:49:10.811+0000] {dagbag.py:587} INFO - Filling up the DagBag from /home/airflow/.local/lib/python3.12/site-packages/airflow/example_dags/example_display_name.py
[2024-09-08T06:49:10.816+0000] {processor.py:925} INFO - DAG(s) 'example_display_name' retrieved from /home/airflow/.local/lib/python3.12/site-packages/airflow/example_dags/example_display_name.py
[2024-09-08T06:49:10.828+0000] {logging_mixin.py:190} INFO - [2024-09-08T06:49:10.828+0000] {dag.py:3229} INFO - Sync 1 DAGs
[2024-09-08T06:49:10.837+0000] {logging_mixin.py:190} INFO - [2024-09-08T06:49:10.837+0000] {dag.py:4156} INFO - Setting next_dagrun for example_display_name to None, run_after=None
[2024-09-08T06:49:10.848+0000] {processor.py:208} INFO - Processing /home/airflow/.local/lib/python3.12/site-packages/airflow/example_dags/example_display_name.py took 0.044 seconds
[2024-09-08T06:49:41.467+0000] {processor.py:186} INFO - Started process (PID=1332) to work on /home/airflow/.local/lib/python3.12/site-packages/airflow/example_dags/example_display_name.py
[2024-09-08T06:49:41.467+0000] {processor.py:914} INFO - Processing file /home/airflow/.local/lib/python3.12/site-packages/airflow/example_dags/example_display_name.py for tasks to queue
[2024-09-08T06:49:41.469+0000] {logging_mixin.py:190} INFO - [2024-09-08T06:49:41.469+0000] {dagbag.py:587} INFO - Filling up the DagBag from /home/airflow/.local/lib/python3.12/site-packages/airflow/example_dags/example_display_name.py
[2024-09-08T06:49:41.474+0000] {processor.py:925} INFO - DAG(s) 'example_display_name' retrieved from /home/airflow/.local/lib/python3.12/site-packages/airflow/example_dags/example_display_name.py
[2024-09-08T06:49:41.487+0000] {logging_mixin.py:190} INFO - [2024-09-08T06:49:41.486+0000] {dag.py:3229} INFO - Sync 1 DAGs
[2024-09-08T06:49:41.494+0000] {logging_mixin.py:190} INFO - [2024-09-08T06:49:41.494+0000] {dag.py:4156} INFO - Setting next_dagrun for example_display_name to None, run_after=None
[2024-09-08T06:49:41.504+0000] {processor.py:208} INFO - Processing /home/airflow/.local/lib/python3.12/site-packages/airflow/example_dags/example_display_name.py took 0.041 seconds
[2024-09-08T06:50:11.984+0000] {processor.py:186} INFO - Started process (PID=1394) to work on /home/airflow/.local/lib/python3.12/site-packages/airflow/example_dags/example_display_name.py
[2024-09-08T06:50:11.984+0000] {processor.py:914} INFO - Processing file /home/airflow/.local/lib/python3.12/site-packages/airflow/example_dags/example_display_name.py for tasks to queue
[2024-09-08T06:50:11.986+0000] {logging_mixin.py:190} INFO - [2024-09-08T06:50:11.985+0000] {dagbag.py:587} INFO - Filling up the DagBag from /home/airflow/.local/lib/python3.12/site-packages/airflow/example_dags/example_display_name.py
[2024-09-08T06:50:11.990+0000] {processor.py:925} INFO - DAG(s) 'example_display_name' retrieved from /home/airflow/.local/lib/python3.12/site-packages/airflow/example_dags/example_display_name.py
[2024-09-08T06:50:12.001+0000] {logging_mixin.py:190} INFO - [2024-09-08T06:50:12.001+0000] {dag.py:3229} INFO - Sync 1 DAGs
[2024-09-08T06:50:12.009+0000] {logging_mixin.py:190} INFO - [2024-09-08T06:50:12.009+0000] {dag.py:4156} INFO - Setting next_dagrun for example_display_name to None, run_after=None
[2024-09-08T06:50:12.020+0000] {processor.py:208} INFO - Processing /home/airflow/.local/lib/python3.12/site-packages/airflow/example_dags/example_display_name.py took 0.040 seconds
[2024-09-08T06:50:42.514+0000] {processor.py:186} INFO - Started process (PID=1456) to work on /home/airflow/.local/lib/python3.12/site-packages/airflow/example_dags/example_display_name.py
[2024-09-08T06:50:42.515+0000] {processor.py:914} INFO - Processing file /home/airflow/.local/lib/python3.12/site-packages/airflow/example_dags/example_display_name.py for tasks to queue
[2024-09-08T06:50:42.516+0000] {logging_mixin.py:190} INFO - [2024-09-08T06:50:42.516+0000] {dagbag.py:587} INFO - Filling up the DagBag from /home/airflow/.local/lib/python3.12/site-packages/airflow/example_dags/example_display_name.py
[2024-09-08T06:50:42.519+0000] {processor.py:925} INFO - DAG(s) 'example_display_name' retrieved from /home/airflow/.local/lib/python3.12/site-packages/airflow/example_dags/example_display_name.py
[2024-09-08T06:50:42.533+0000] {logging_mixin.py:190} INFO - [2024-09-08T06:50:42.533+0000] {dag.py:3229} INFO - Sync 1 DAGs
[2024-09-08T06:50:42.543+0000] {logging_mixin.py:190} INFO - [2024-09-08T06:50:42.543+0000] {dag.py:4156} INFO - Setting next_dagrun for example_display_name to None, run_after=None
[2024-09-08T06:50:42.555+0000] {processor.py:208} INFO - Processing /home/airflow/.local/lib/python3.12/site-packages/airflow/example_dags/example_display_name.py took 0.044 seconds
[2024-09-08T06:51:13.081+0000] {processor.py:186} INFO - Started process (PID=1518) to work on /home/airflow/.local/lib/python3.12/site-packages/airflow/example_dags/example_display_name.py
[2024-09-08T06:51:13.082+0000] {processor.py:914} INFO - Processing file /home/airflow/.local/lib/python3.12/site-packages/airflow/example_dags/example_display_name.py for tasks to queue
[2024-09-08T06:51:13.083+0000] {logging_mixin.py:190} INFO - [2024-09-08T06:51:13.083+0000] {dagbag.py:587} INFO - Filling up the DagBag from /home/airflow/.local/lib/python3.12/site-packages/airflow/example_dags/example_display_name.py
[2024-09-08T06:51:13.088+0000] {processor.py:925} INFO - DAG(s) 'example_display_name' retrieved from /home/airflow/.local/lib/python3.12/site-packages/airflow/example_dags/example_display_name.py
[2024-09-08T06:51:13.100+0000] {logging_mixin.py:190} INFO - [2024-09-08T06:51:13.099+0000] {dag.py:3229} INFO - Sync 1 DAGs
[2024-09-08T06:51:13.108+0000] {logging_mixin.py:190} INFO - [2024-09-08T06:51:13.108+0000] {dag.py:4156} INFO - Setting next_dagrun for example_display_name to None, run_after=None
[2024-09-08T06:51:13.118+0000] {processor.py:208} INFO - Processing /home/airflow/.local/lib/python3.12/site-packages/airflow/example_dags/example_display_name.py took 0.041 seconds
[2024-09-08T06:51:43.493+0000] {processor.py:186} INFO - Started process (PID=1580) to work on /home/airflow/.local/lib/python3.12/site-packages/airflow/example_dags/example_display_name.py
[2024-09-08T06:51:43.493+0000] {processor.py:914} INFO - Processing file /home/airflow/.local/lib/python3.12/site-packages/airflow/example_dags/example_display_name.py for tasks to queue
[2024-09-08T06:51:43.494+0000] {logging_mixin.py:190} INFO - [2024-09-08T06:51:43.494+0000] {dagbag.py:587} INFO - Filling up the DagBag from /home/airflow/.local/lib/python3.12/site-packages/airflow/example_dags/example_display_name.py
[2024-09-08T06:51:43.499+0000] {processor.py:925} INFO - DAG(s) 'example_display_name' retrieved from /home/airflow/.local/lib/python3.12/site-packages/airflow/example_dags/example_display_name.py
[2024-09-08T06:51:43.512+0000] {logging_mixin.py:190} INFO - [2024-09-08T06:51:43.512+0000] {dag.py:3229} INFO - Sync 1 DAGs
[2024-09-08T06:51:43.520+0000] {logging_mixin.py:190} INFO - [2024-09-08T06:51:43.520+0000] {dag.py:4156} INFO - Setting next_dagrun for example_display_name to None, run_after=None
[2024-09-08T06:51:43.532+0000] {processor.py:208} INFO - Processing /home/airflow/.local/lib/python3.12/site-packages/airflow/example_dags/example_display_name.py took 0.042 seconds
[2024-09-08T06:52:14.136+0000] {processor.py:186} INFO - Started process (PID=1642) to work on /home/airflow/.local/lib/python3.12/site-packages/airflow/example_dags/example_display_name.py
[2024-09-08T06:52:14.137+0000] {processor.py:914} INFO - Processing file /home/airflow/.local/lib/python3.12/site-packages/airflow/example_dags/example_display_name.py for tasks to queue
[2024-09-08T06:52:14.139+0000] {logging_mixin.py:190} INFO - [2024-09-08T06:52:14.138+0000] {dagbag.py:587} INFO - Filling up the DagBag from /home/airflow/.local/lib/python3.12/site-packages/airflow/example_dags/example_display_name.py
[2024-09-08T06:52:14.143+0000] {processor.py:925} INFO - DAG(s) 'example_display_name' retrieved from /home/airflow/.local/lib/python3.12/site-packages/airflow/example_dags/example_display_name.py
[2024-09-08T06:52:14.155+0000] {logging_mixin.py:190} INFO - [2024-09-08T06:52:14.155+0000] {dag.py:3229} INFO - Sync 1 DAGs
[2024-09-08T06:52:14.162+0000] {logging_mixin.py:190} INFO - [2024-09-08T06:52:14.161+0000] {dag.py:4156} INFO - Setting next_dagrun for example_display_name to None, run_after=None
[2024-09-08T06:52:14.171+0000] {processor.py:208} INFO - Processing /home/airflow/.local/lib/python3.12/site-packages/airflow/example_dags/example_display_name.py took 0.039 seconds
[2024-09-08T06:52:44.751+0000] {processor.py:186} INFO - Started process (PID=1710) to work on /home/airflow/.local/lib/python3.12/site-packages/airflow/example_dags/example_display_name.py
[2024-09-08T06:52:44.751+0000] {processor.py:914} INFO - Processing file /home/airflow/.local/lib/python3.12/site-packages/airflow/example_dags/example_display_name.py for tasks to queue
[2024-09-08T06:52:44.753+0000] {logging_mixin.py:190} INFO - [2024-09-08T06:52:44.753+0000] {dagbag.py:587} INFO - Filling up the DagBag from /home/airflow/.local/lib/python3.12/site-packages/airflow/example_dags/example_display_name.py
[2024-09-08T06:52:44.757+0000] {processor.py:925} INFO - DAG(s) 'example_display_name' retrieved from /home/airflow/.local/lib/python3.12/site-packages/airflow/example_dags/example_display_name.py
[2024-09-08T06:52:44.771+0000] {logging_mixin.py:190} INFO - [2024-09-08T06:52:44.771+0000] {dag.py:3229} INFO - Sync 1 DAGs
[2024-09-08T06:52:44.782+0000] {logging_mixin.py:190} INFO - [2024-09-08T06:52:44.781+0000] {dag.py:4156} INFO - Setting next_dagrun for example_display_name to None, run_after=None
[2024-09-08T06:52:44.794+0000] {processor.py:208} INFO - Processing /home/airflow/.local/lib/python3.12/site-packages/airflow/example_dags/example_display_name.py took 0.047 seconds
[2024-09-08T06:53:15.374+0000] {processor.py:186} INFO - Started process (PID=1772) to work on /home/airflow/.local/lib/python3.12/site-packages/airflow/example_dags/example_display_name.py
[2024-09-08T06:53:15.374+0000] {processor.py:914} INFO - Processing file /home/airflow/.local/lib/python3.12/site-packages/airflow/example_dags/example_display_name.py for tasks to queue
[2024-09-08T06:53:15.375+0000] {logging_mixin.py:190} INFO - [2024-09-08T06:53:15.375+0000] {dagbag.py:587} INFO - Filling up the DagBag from /home/airflow/.local/lib/python3.12/site-packages/airflow/example_dags/example_display_name.py
[2024-09-08T06:53:15.379+0000] {processor.py:925} INFO - DAG(s) 'example_display_name' retrieved from /home/airflow/.local/lib/python3.12/site-packages/airflow/example_dags/example_display_name.py
[2024-09-08T06:53:15.392+0000] {logging_mixin.py:190} INFO - [2024-09-08T06:53:15.392+0000] {dag.py:3229} INFO - Sync 1 DAGs
[2024-09-08T06:53:15.401+0000] {logging_mixin.py:190} INFO - [2024-09-08T06:53:15.401+0000] {dag.py:4156} INFO - Setting next_dagrun for example_display_name to None, run_after=None
[2024-09-08T06:53:15.414+0000] {processor.py:208} INFO - Processing /home/airflow/.local/lib/python3.12/site-packages/airflow/example_dags/example_display_name.py took 0.044 seconds
[2024-09-08T06:53:45.999+0000] {processor.py:186} INFO - Started process (PID=1834) to work on /home/airflow/.local/lib/python3.12/site-packages/airflow/example_dags/example_display_name.py
[2024-09-08T06:53:45.999+0000] {processor.py:914} INFO - Processing file /home/airflow/.local/lib/python3.12/site-packages/airflow/example_dags/example_display_name.py for tasks to queue
[2024-09-08T06:53:46.000+0000] {logging_mixin.py:190} INFO - [2024-09-08T06:53:46.000+0000] {dagbag.py:587} INFO - Filling up the DagBag from /home/airflow/.local/lib/python3.12/site-packages/airflow/example_dags/example_display_name.py
[2024-09-08T06:53:46.004+0000] {processor.py:925} INFO - DAG(s) 'example_display_name' retrieved from /home/airflow/.local/lib/python3.12/site-packages/airflow/example_dags/example_display_name.py
[2024-09-08T06:53:46.017+0000] {logging_mixin.py:190} INFO - [2024-09-08T06:53:46.017+0000] {dag.py:3229} INFO - Sync 1 DAGs
[2024-09-08T06:53:46.027+0000] {logging_mixin.py:190} INFO - [2024-09-08T06:53:46.027+0000] {dag.py:4156} INFO - Setting next_dagrun for example_display_name to None, run_after=None
[2024-09-08T06:53:46.040+0000] {processor.py:208} INFO - Processing /home/airflow/.local/lib/python3.12/site-packages/airflow/example_dags/example_display_name.py took 0.044 seconds
[2024-09-08T06:54:16.586+0000] {processor.py:186} INFO - Started process (PID=1896) to work on /home/airflow/.local/lib/python3.12/site-packages/airflow/example_dags/example_display_name.py
[2024-09-08T06:54:16.586+0000] {processor.py:914} INFO - Processing file /home/airflow/.local/lib/python3.12/site-packages/airflow/example_dags/example_display_name.py for tasks to queue
[2024-09-08T06:54:16.587+0000] {logging_mixin.py:190} INFO - [2024-09-08T06:54:16.587+0000] {dagbag.py:587} INFO - Filling up the DagBag from /home/airflow/.local/lib/python3.12/site-packages/airflow/example_dags/example_display_name.py
[2024-09-08T06:54:16.591+0000] {processor.py:925} INFO - DAG(s) 'example_display_name' retrieved from /home/airflow/.local/lib/python3.12/site-packages/airflow/example_dags/example_display_name.py
[2024-09-08T06:54:16.602+0000] {logging_mixin.py:190} INFO - [2024-09-08T06:54:16.602+0000] {dag.py:3229} INFO - Sync 1 DAGs
[2024-09-08T06:54:16.609+0000] {logging_mixin.py:190} INFO - [2024-09-08T06:54:16.609+0000] {dag.py:4156} INFO - Setting next_dagrun for example_display_name to None, run_after=None
[2024-09-08T06:54:16.618+0000] {processor.py:208} INFO - Processing /home/airflow/.local/lib/python3.12/site-packages/airflow/example_dags/example_display_name.py took 0.036 seconds
[2024-09-08T06:54:47.151+0000] {processor.py:186} INFO - Started process (PID=1958) to work on /home/airflow/.local/lib/python3.12/site-packages/airflow/example_dags/example_display_name.py
[2024-09-08T06:54:47.152+0000] {processor.py:914} INFO - Processing file /home/airflow/.local/lib/python3.12/site-packages/airflow/example_dags/example_display_name.py for tasks to queue
[2024-09-08T06:54:47.153+0000] {logging_mixin.py:190} INFO - [2024-09-08T06:54:47.153+0000] {dagbag.py:587} INFO - Filling up the DagBag from /home/airflow/.local/lib/python3.12/site-packages/airflow/example_dags/example_display_name.py
[2024-09-08T06:54:47.157+0000] {processor.py:925} INFO - DAG(s) 'example_display_name' retrieved from /home/airflow/.local/lib/python3.12/site-packages/airflow/example_dags/example_display_name.py
[2024-09-08T06:54:47.170+0000] {logging_mixin.py:190} INFO - [2024-09-08T06:54:47.169+0000] {dag.py:3229} INFO - Sync 1 DAGs
[2024-09-08T06:54:47.178+0000] {logging_mixin.py:190} INFO - [2024-09-08T06:54:47.178+0000] {dag.py:4156} INFO - Setting next_dagrun for example_display_name to None, run_after=None
[2024-09-08T06:54:47.189+0000] {processor.py:208} INFO - Processing /home/airflow/.local/lib/python3.12/site-packages/airflow/example_dags/example_display_name.py took 0.042 seconds
[2024-09-08T06:55:17.501+0000] {processor.py:186} INFO - Started process (PID=2020) to work on /home/airflow/.local/lib/python3.12/site-packages/airflow/example_dags/example_display_name.py
[2024-09-08T06:55:17.502+0000] {processor.py:914} INFO - Processing file /home/airflow/.local/lib/python3.12/site-packages/airflow/example_dags/example_display_name.py for tasks to queue
[2024-09-08T06:55:17.503+0000] {logging_mixin.py:190} INFO - [2024-09-08T06:55:17.503+0000] {dagbag.py:587} INFO - Filling up the DagBag from /home/airflow/.local/lib/python3.12/site-packages/airflow/example_dags/example_display_name.py
[2024-09-08T06:55:17.507+0000] {processor.py:925} INFO - DAG(s) 'example_display_name' retrieved from /home/airflow/.local/lib/python3.12/site-packages/airflow/example_dags/example_display_name.py
[2024-09-08T06:55:17.518+0000] {logging_mixin.py:190} INFO - [2024-09-08T06:55:17.518+0000] {dag.py:3229} INFO - Sync 1 DAGs
[2024-09-08T06:55:17.525+0000] {logging_mixin.py:190} INFO - [2024-09-08T06:55:17.525+0000] {dag.py:4156} INFO - Setting next_dagrun for example_display_name to None, run_after=None
[2024-09-08T06:55:17.536+0000] {processor.py:208} INFO - Processing /home/airflow/.local/lib/python3.12/site-packages/airflow/example_dags/example_display_name.py took 0.039 seconds
[2024-09-08T06:55:48.167+0000] {processor.py:186} INFO - Started process (PID=2082) to work on /home/airflow/.local/lib/python3.12/site-packages/airflow/example_dags/example_display_name.py
[2024-09-08T06:55:48.168+0000] {processor.py:914} INFO - Processing file /home/airflow/.local/lib/python3.12/site-packages/airflow/example_dags/example_display_name.py for tasks to queue
[2024-09-08T06:55:48.169+0000] {logging_mixin.py:190} INFO - [2024-09-08T06:55:48.169+0000] {dagbag.py:587} INFO - Filling up the DagBag from /home/airflow/.local/lib/python3.12/site-packages/airflow/example_dags/example_display_name.py
[2024-09-08T06:55:48.173+0000] {processor.py:925} INFO - DAG(s) 'example_display_name' retrieved from /home/airflow/.local/lib/python3.12/site-packages/airflow/example_dags/example_display_name.py
[2024-09-08T06:55:48.184+0000] {logging_mixin.py:190} INFO - [2024-09-08T06:55:48.184+0000] {dag.py:3229} INFO - Sync 1 DAGs
[2024-09-08T06:55:48.191+0000] {logging_mixin.py:190} INFO - [2024-09-08T06:55:48.191+0000] {dag.py:4156} INFO - Setting next_dagrun for example_display_name to None, run_after=None
[2024-09-08T06:55:48.200+0000] {processor.py:208} INFO - Processing /home/airflow/.local/lib/python3.12/site-packages/airflow/example_dags/example_display_name.py took 0.037 seconds
[2024-09-08T06:56:18.744+0000] {processor.py:186} INFO - Started process (PID=2144) to work on /home/airflow/.local/lib/python3.12/site-packages/airflow/example_dags/example_display_name.py
[2024-09-08T06:56:18.745+0000] {processor.py:914} INFO - Processing file /home/airflow/.local/lib/python3.12/site-packages/airflow/example_dags/example_display_name.py for tasks to queue
[2024-09-08T06:56:18.746+0000] {logging_mixin.py:190} INFO - [2024-09-08T06:56:18.746+0000] {dagbag.py:587} INFO - Filling up the DagBag from /home/airflow/.local/lib/python3.12/site-packages/airflow/example_dags/example_display_name.py
[2024-09-08T06:56:18.750+0000] {processor.py:925} INFO - DAG(s) 'example_display_name' retrieved from /home/airflow/.local/lib/python3.12/site-packages/airflow/example_dags/example_display_name.py
[2024-09-08T06:56:18.762+0000] {logging_mixin.py:190} INFO - [2024-09-08T06:56:18.762+0000] {dag.py:3229} INFO - Sync 1 DAGs
[2024-09-08T06:56:18.770+0000] {logging_mixin.py:190} INFO - [2024-09-08T06:56:18.770+0000] {dag.py:4156} INFO - Setting next_dagrun for example_display_name to None, run_after=None
[2024-09-08T06:56:18.783+0000] {processor.py:208} INFO - Processing /home/airflow/.local/lib/python3.12/site-packages/airflow/example_dags/example_display_name.py took 0.041 seconds
[2024-09-08T06:56:49.374+0000] {processor.py:186} INFO - Started process (PID=2206) to work on /home/airflow/.local/lib/python3.12/site-packages/airflow/example_dags/example_display_name.py
[2024-09-08T06:56:49.375+0000] {processor.py:914} INFO - Processing file /home/airflow/.local/lib/python3.12/site-packages/airflow/example_dags/example_display_name.py for tasks to queue
[2024-09-08T06:56:49.376+0000] {logging_mixin.py:190} INFO - [2024-09-08T06:56:49.376+0000] {dagbag.py:587} INFO - Filling up the DagBag from /home/airflow/.local/lib/python3.12/site-packages/airflow/example_dags/example_display_name.py
[2024-09-08T06:56:49.381+0000] {processor.py:925} INFO - DAG(s) 'example_display_name' retrieved from /home/airflow/.local/lib/python3.12/site-packages/airflow/example_dags/example_display_name.py
[2024-09-08T06:56:49.395+0000] {logging_mixin.py:190} INFO - [2024-09-08T06:56:49.395+0000] {dag.py:3229} INFO - Sync 1 DAGs
[2024-09-08T06:56:49.404+0000] {logging_mixin.py:190} INFO - [2024-09-08T06:56:49.403+0000] {dag.py:4156} INFO - Setting next_dagrun for example_display_name to None, run_after=None
[2024-09-08T06:56:49.416+0000] {processor.py:208} INFO - Processing /home/airflow/.local/lib/python3.12/site-packages/airflow/example_dags/example_display_name.py took 0.046 seconds
[2024-09-08T06:57:20.079+0000] {processor.py:186} INFO - Started process (PID=2268) to work on /home/airflow/.local/lib/python3.12/site-packages/airflow/example_dags/example_display_name.py
[2024-09-08T06:57:20.079+0000] {processor.py:914} INFO - Processing file /home/airflow/.local/lib/python3.12/site-packages/airflow/example_dags/example_display_name.py for tasks to queue
[2024-09-08T06:57:20.080+0000] {logging_mixin.py:190} INFO - [2024-09-08T06:57:20.080+0000] {dagbag.py:587} INFO - Filling up the DagBag from /home/airflow/.local/lib/python3.12/site-packages/airflow/example_dags/example_display_name.py
[2024-09-08T06:57:20.084+0000] {processor.py:925} INFO - DAG(s) 'example_display_name' retrieved from /home/airflow/.local/lib/python3.12/site-packages/airflow/example_dags/example_display_name.py
[2024-09-08T06:57:20.100+0000] {logging_mixin.py:190} INFO - [2024-09-08T06:57:20.100+0000] {dag.py:3229} INFO - Sync 1 DAGs
[2024-09-08T06:57:20.112+0000] {logging_mixin.py:190} INFO - [2024-09-08T06:57:20.112+0000] {dag.py:4156} INFO - Setting next_dagrun for example_display_name to None, run_after=None
[2024-09-08T06:57:20.124+0000] {processor.py:208} INFO - Processing /home/airflow/.local/lib/python3.12/site-packages/airflow/example_dags/example_display_name.py took 0.049 seconds
[2024-09-08T06:57:50.786+0000] {processor.py:186} INFO - Started process (PID=2330) to work on /home/airflow/.local/lib/python3.12/site-packages/airflow/example_dags/example_display_name.py
[2024-09-08T06:57:50.786+0000] {processor.py:914} INFO - Processing file /home/airflow/.local/lib/python3.12/site-packages/airflow/example_dags/example_display_name.py for tasks to queue
[2024-09-08T06:57:50.787+0000] {logging_mixin.py:190} INFO - [2024-09-08T06:57:50.787+0000] {dagbag.py:587} INFO - Filling up the DagBag from /home/airflow/.local/lib/python3.12/site-packages/airflow/example_dags/example_display_name.py
[2024-09-08T06:57:50.792+0000] {processor.py:925} INFO - DAG(s) 'example_display_name' retrieved from /home/airflow/.local/lib/python3.12/site-packages/airflow/example_dags/example_display_name.py
[2024-09-08T06:57:50.803+0000] {logging_mixin.py:190} INFO - [2024-09-08T06:57:50.803+0000] {dag.py:3229} INFO - Sync 1 DAGs
[2024-09-08T06:57:50.810+0000] {logging_mixin.py:190} INFO - [2024-09-08T06:57:50.810+0000] {dag.py:4156} INFO - Setting next_dagrun for example_display_name to None, run_after=None
[2024-09-08T06:57:50.823+0000] {processor.py:208} INFO - Processing /home/airflow/.local/lib/python3.12/site-packages/airflow/example_dags/example_display_name.py took 0.041 seconds
[2024-09-08T06:58:21.684+0000] {processor.py:186} INFO - Started process (PID=2392) to work on /home/airflow/.local/lib/python3.12/site-packages/airflow/example_dags/example_display_name.py
[2024-09-08T06:58:21.684+0000] {processor.py:914} INFO - Processing file /home/airflow/.local/lib/python3.12/site-packages/airflow/example_dags/example_display_name.py for tasks to queue
[2024-09-08T06:58:21.686+0000] {logging_mixin.py:190} INFO - [2024-09-08T06:58:21.686+0000] {dagbag.py:587} INFO - Filling up the DagBag from /home/airflow/.local/lib/python3.12/site-packages/airflow/example_dags/example_display_name.py
[2024-09-08T06:58:21.691+0000] {processor.py:925} INFO - DAG(s) 'example_display_name' retrieved from /home/airflow/.local/lib/python3.12/site-packages/airflow/example_dags/example_display_name.py
[2024-09-08T06:58:21.704+0000] {logging_mixin.py:190} INFO - [2024-09-08T06:58:21.704+0000] {dag.py:3229} INFO - Sync 1 DAGs
[2024-09-08T06:58:21.714+0000] {logging_mixin.py:190} INFO - [2024-09-08T06:58:21.714+0000] {dag.py:4156} INFO - Setting next_dagrun for example_display_name to None, run_after=None
[2024-09-08T06:58:21.727+0000] {processor.py:208} INFO - Processing /home/airflow/.local/lib/python3.12/site-packages/airflow/example_dags/example_display_name.py took 0.047 seconds
[2024-09-08T06:58:52.318+0000] {processor.py:186} INFO - Started process (PID=2454) to work on /home/airflow/.local/lib/python3.12/site-packages/airflow/example_dags/example_display_name.py
[2024-09-08T06:58:52.318+0000] {processor.py:914} INFO - Processing file /home/airflow/.local/lib/python3.12/site-packages/airflow/example_dags/example_display_name.py for tasks to queue
[2024-09-08T06:58:52.320+0000] {logging_mixin.py:190} INFO - [2024-09-08T06:58:52.320+0000] {dagbag.py:587} INFO - Filling up the DagBag from /home/airflow/.local/lib/python3.12/site-packages/airflow/example_dags/example_display_name.py
[2024-09-08T06:58:52.324+0000] {processor.py:925} INFO - DAG(s) 'example_display_name' retrieved from /home/airflow/.local/lib/python3.12/site-packages/airflow/example_dags/example_display_name.py
[2024-09-08T06:58:52.335+0000] {logging_mixin.py:190} INFO - [2024-09-08T06:58:52.334+0000] {dag.py:3229} INFO - Sync 1 DAGs
[2024-09-08T06:58:52.342+0000] {logging_mixin.py:190} INFO - [2024-09-08T06:58:52.342+0000] {dag.py:4156} INFO - Setting next_dagrun for example_display_name to None, run_after=None
[2024-09-08T06:58:52.354+0000] {processor.py:208} INFO - Processing /home/airflow/.local/lib/python3.12/site-packages/airflow/example_dags/example_display_name.py took 0.040 seconds
[2024-09-08T06:59:23.074+0000] {processor.py:186} INFO - Started process (PID=2516) to work on /home/airflow/.local/lib/python3.12/site-packages/airflow/example_dags/example_display_name.py
[2024-09-08T06:59:23.074+0000] {processor.py:914} INFO - Processing file /home/airflow/.local/lib/python3.12/site-packages/airflow/example_dags/example_display_name.py for tasks to queue
[2024-09-08T06:59:23.075+0000] {logging_mixin.py:190} INFO - [2024-09-08T06:59:23.075+0000] {dagbag.py:587} INFO - Filling up the DagBag from /home/airflow/.local/lib/python3.12/site-packages/airflow/example_dags/example_display_name.py
[2024-09-08T06:59:23.080+0000] {processor.py:925} INFO - DAG(s) 'example_display_name' retrieved from /home/airflow/.local/lib/python3.12/site-packages/airflow/example_dags/example_display_name.py
[2024-09-08T06:59:23.091+0000] {logging_mixin.py:190} INFO - [2024-09-08T06:59:23.091+0000] {dag.py:3229} INFO - Sync 1 DAGs
[2024-09-08T06:59:23.100+0000] {logging_mixin.py:190} INFO - [2024-09-08T06:59:23.100+0000] {dag.py:4156} INFO - Setting next_dagrun for example_display_name to None, run_after=None
[2024-09-08T06:59:23.110+0000] {processor.py:208} INFO - Processing /home/airflow/.local/lib/python3.12/site-packages/airflow/example_dags/example_display_name.py took 0.041 seconds
[2024-09-08T06:59:53.832+0000] {processor.py:186} INFO - Started process (PID=2578) to work on /home/airflow/.local/lib/python3.12/site-packages/airflow/example_dags/example_display_name.py
[2024-09-08T06:59:53.833+0000] {processor.py:914} INFO - Processing file /home/airflow/.local/lib/python3.12/site-packages/airflow/example_dags/example_display_name.py for tasks to queue
[2024-09-08T06:59:53.834+0000] {logging_mixin.py:190} INFO - [2024-09-08T06:59:53.834+0000] {dagbag.py:587} INFO - Filling up the DagBag from /home/airflow/.local/lib/python3.12/site-packages/airflow/example_dags/example_display_name.py
[2024-09-08T06:59:53.839+0000] {processor.py:925} INFO - DAG(s) 'example_display_name' retrieved from /home/airflow/.local/lib/python3.12/site-packages/airflow/example_dags/example_display_name.py
[2024-09-08T06:59:53.852+0000] {logging_mixin.py:190} INFO - [2024-09-08T06:59:53.851+0000] {dag.py:3229} INFO - Sync 1 DAGs
[2024-09-08T06:59:53.861+0000] {logging_mixin.py:190} INFO - [2024-09-08T06:59:53.861+0000] {dag.py:4156} INFO - Setting next_dagrun for example_display_name to None, run_after=None
[2024-09-08T06:59:53.874+0000] {processor.py:208} INFO - Processing /home/airflow/.local/lib/python3.12/site-packages/airflow/example_dags/example_display_name.py took 0.046 seconds
[2024-09-08T07:00:24.441+0000] {processor.py:186} INFO - Started process (PID=2640) to work on /home/airflow/.local/lib/python3.12/site-packages/airflow/example_dags/example_display_name.py
[2024-09-08T07:00:24.441+0000] {processor.py:914} INFO - Processing file /home/airflow/.local/lib/python3.12/site-packages/airflow/example_dags/example_display_name.py for tasks to queue
[2024-09-08T07:00:24.442+0000] {logging_mixin.py:190} INFO - [2024-09-08T07:00:24.442+0000] {dagbag.py:587} INFO - Filling up the DagBag from /home/airflow/.local/lib/python3.12/site-packages/airflow/example_dags/example_display_name.py
[2024-09-08T07:00:24.446+0000] {processor.py:925} INFO - DAG(s) 'example_display_name' retrieved from /home/airflow/.local/lib/python3.12/site-packages/airflow/example_dags/example_display_name.py
[2024-09-08T07:00:24.459+0000] {logging_mixin.py:190} INFO - [2024-09-08T07:00:24.459+0000] {dag.py:3229} INFO - Sync 1 DAGs
[2024-09-08T07:00:24.472+0000] {logging_mixin.py:190} INFO - [2024-09-08T07:00:24.472+0000] {dag.py:4156} INFO - Setting next_dagrun for example_display_name to None, run_after=None
[2024-09-08T07:00:24.485+0000] {processor.py:208} INFO - Processing /home/airflow/.local/lib/python3.12/site-packages/airflow/example_dags/example_display_name.py took 0.047 seconds
[2024-09-08T07:00:55.159+0000] {processor.py:186} INFO - Started process (PID=2702) to work on /home/airflow/.local/lib/python3.12/site-packages/airflow/example_dags/example_display_name.py
[2024-09-08T07:00:55.160+0000] {processor.py:914} INFO - Processing file /home/airflow/.local/lib/python3.12/site-packages/airflow/example_dags/example_display_name.py for tasks to queue
[2024-09-08T07:00:55.161+0000] {logging_mixin.py:190} INFO - [2024-09-08T07:00:55.161+0000] {dagbag.py:587} INFO - Filling up the DagBag from /home/airflow/.local/lib/python3.12/site-packages/airflow/example_dags/example_display_name.py
[2024-09-08T07:00:55.166+0000] {processor.py:925} INFO - DAG(s) 'example_display_name' retrieved from /home/airflow/.local/lib/python3.12/site-packages/airflow/example_dags/example_display_name.py
[2024-09-08T07:00:55.179+0000] {logging_mixin.py:190} INFO - [2024-09-08T07:00:55.179+0000] {dag.py:3229} INFO - Sync 1 DAGs
[2024-09-08T07:00:55.190+0000] {logging_mixin.py:190} INFO - [2024-09-08T07:00:55.189+0000] {dag.py:4156} INFO - Setting next_dagrun for example_display_name to None, run_after=None
[2024-09-08T07:00:55.203+0000] {processor.py:208} INFO - Processing /home/airflow/.local/lib/python3.12/site-packages/airflow/example_dags/example_display_name.py took 0.047 seconds
[2024-09-08T07:01:26.206+0000] {processor.py:186} INFO - Started process (PID=2764) to work on /home/airflow/.local/lib/python3.12/site-packages/airflow/example_dags/example_display_name.py
[2024-09-08T07:01:26.207+0000] {processor.py:914} INFO - Processing file /home/airflow/.local/lib/python3.12/site-packages/airflow/example_dags/example_display_name.py for tasks to queue
[2024-09-08T07:01:26.208+0000] {logging_mixin.py:190} INFO - [2024-09-08T07:01:26.208+0000] {dagbag.py:587} INFO - Filling up the DagBag from /home/airflow/.local/lib/python3.12/site-packages/airflow/example_dags/example_display_name.py
[2024-09-08T07:01:26.212+0000] {processor.py:925} INFO - DAG(s) 'example_display_name' retrieved from /home/airflow/.local/lib/python3.12/site-packages/airflow/example_dags/example_display_name.py
[2024-09-08T07:01:26.223+0000] {logging_mixin.py:190} INFO - [2024-09-08T07:01:26.223+0000] {dag.py:3229} INFO - Sync 1 DAGs
[2024-09-08T07:01:26.230+0000] {logging_mixin.py:190} INFO - [2024-09-08T07:01:26.230+0000] {dag.py:4156} INFO - Setting next_dagrun for example_display_name to None, run_after=None
[2024-09-08T07:01:26.238+0000] {processor.py:208} INFO - Processing /home/airflow/.local/lib/python3.12/site-packages/airflow/example_dags/example_display_name.py took 0.036 seconds
[2024-09-08T07:01:57.073+0000] {processor.py:186} INFO - Started process (PID=2826) to work on /home/airflow/.local/lib/python3.12/site-packages/airflow/example_dags/example_display_name.py
[2024-09-08T07:01:57.073+0000] {processor.py:914} INFO - Processing file /home/airflow/.local/lib/python3.12/site-packages/airflow/example_dags/example_display_name.py for tasks to queue
[2024-09-08T07:01:57.075+0000] {logging_mixin.py:190} INFO - [2024-09-08T07:01:57.075+0000] {dagbag.py:587} INFO - Filling up the DagBag from /home/airflow/.local/lib/python3.12/site-packages/airflow/example_dags/example_display_name.py
[2024-09-08T07:01:57.079+0000] {processor.py:925} INFO - DAG(s) 'example_display_name' retrieved from /home/airflow/.local/lib/python3.12/site-packages/airflow/example_dags/example_display_name.py
[2024-09-08T07:01:57.092+0000] {logging_mixin.py:190} INFO - [2024-09-08T07:01:57.092+0000] {dag.py:3229} INFO - Sync 1 DAGs
[2024-09-08T07:01:57.102+0000] {logging_mixin.py:190} INFO - [2024-09-08T07:01:57.101+0000] {dag.py:4156} INFO - Setting next_dagrun for example_display_name to None, run_after=None
[2024-09-08T07:01:57.114+0000] {processor.py:208} INFO - Processing /home/airflow/.local/lib/python3.12/site-packages/airflow/example_dags/example_display_name.py took 0.045 seconds
[2024-09-08T07:02:28.045+0000] {processor.py:186} INFO - Started process (PID=2888) to work on /home/airflow/.local/lib/python3.12/site-packages/airflow/example_dags/example_display_name.py
[2024-09-08T07:02:28.045+0000] {processor.py:914} INFO - Processing file /home/airflow/.local/lib/python3.12/site-packages/airflow/example_dags/example_display_name.py for tasks to queue
[2024-09-08T07:02:28.046+0000] {logging_mixin.py:190} INFO - [2024-09-08T07:02:28.046+0000] {dagbag.py:587} INFO - Filling up the DagBag from /home/airflow/.local/lib/python3.12/site-packages/airflow/example_dags/example_display_name.py
[2024-09-08T07:02:28.050+0000] {processor.py:925} INFO - DAG(s) 'example_display_name' retrieved from /home/airflow/.local/lib/python3.12/site-packages/airflow/example_dags/example_display_name.py
[2024-09-08T07:02:28.060+0000] {logging_mixin.py:190} INFO - [2024-09-08T07:02:28.060+0000] {dag.py:3229} INFO - Sync 1 DAGs
[2024-09-08T07:02:28.067+0000] {logging_mixin.py:190} INFO - [2024-09-08T07:02:28.067+0000] {dag.py:4156} INFO - Setting next_dagrun for example_display_name to None, run_after=None
[2024-09-08T07:02:28.077+0000] {processor.py:208} INFO - Processing /home/airflow/.local/lib/python3.12/site-packages/airflow/example_dags/example_display_name.py took 0.035 seconds
[2024-09-08T07:02:58.538+0000] {processor.py:186} INFO - Started process (PID=2950) to work on /home/airflow/.local/lib/python3.12/site-packages/airflow/example_dags/example_display_name.py
[2024-09-08T07:02:58.539+0000] {processor.py:914} INFO - Processing file /home/airflow/.local/lib/python3.12/site-packages/airflow/example_dags/example_display_name.py for tasks to queue
[2024-09-08T07:02:58.540+0000] {logging_mixin.py:190} INFO - [2024-09-08T07:02:58.540+0000] {dagbag.py:587} INFO - Filling up the DagBag from /home/airflow/.local/lib/python3.12/site-packages/airflow/example_dags/example_display_name.py
[2024-09-08T07:02:58.544+0000] {processor.py:925} INFO - DAG(s) 'example_display_name' retrieved from /home/airflow/.local/lib/python3.12/site-packages/airflow/example_dags/example_display_name.py
[2024-09-08T07:02:58.553+0000] {logging_mixin.py:190} INFO - [2024-09-08T07:02:58.553+0000] {dag.py:3229} INFO - Sync 1 DAGs
[2024-09-08T07:02:58.561+0000] {logging_mixin.py:190} INFO - [2024-09-08T07:02:58.561+0000] {dag.py:4156} INFO - Setting next_dagrun for example_display_name to None, run_after=None
[2024-09-08T07:02:58.571+0000] {processor.py:208} INFO - Processing /home/airflow/.local/lib/python3.12/site-packages/airflow/example_dags/example_display_name.py took 0.036 seconds
[2024-09-08T07:03:29.137+0000] {processor.py:186} INFO - Started process (PID=3012) to work on /home/airflow/.local/lib/python3.12/site-packages/airflow/example_dags/example_display_name.py
[2024-09-08T07:03:29.137+0000] {processor.py:914} INFO - Processing file /home/airflow/.local/lib/python3.12/site-packages/airflow/example_dags/example_display_name.py for tasks to queue
[2024-09-08T07:03:29.139+0000] {logging_mixin.py:190} INFO - [2024-09-08T07:03:29.138+0000] {dagbag.py:587} INFO - Filling up the DagBag from /home/airflow/.local/lib/python3.12/site-packages/airflow/example_dags/example_display_name.py
[2024-09-08T07:03:29.144+0000] {processor.py:925} INFO - DAG(s) 'example_display_name' retrieved from /home/airflow/.local/lib/python3.12/site-packages/airflow/example_dags/example_display_name.py
[2024-09-08T07:03:29.158+0000] {logging_mixin.py:190} INFO - [2024-09-08T07:03:29.157+0000] {dag.py:3229} INFO - Sync 1 DAGs
[2024-09-08T07:03:29.167+0000] {logging_mixin.py:190} INFO - [2024-09-08T07:03:29.167+0000] {dag.py:4156} INFO - Setting next_dagrun for example_display_name to None, run_after=None
[2024-09-08T07:03:29.179+0000] {processor.py:208} INFO - Processing /home/airflow/.local/lib/python3.12/site-packages/airflow/example_dags/example_display_name.py took 0.046 seconds
[2024-09-08T07:04:00.690+0000] {processor.py:186} INFO - Started process (PID=3074) to work on /home/airflow/.local/lib/python3.12/site-packages/airflow/example_dags/example_display_name.py
[2024-09-08T07:04:00.691+0000] {processor.py:914} INFO - Processing file /home/airflow/.local/lib/python3.12/site-packages/airflow/example_dags/example_display_name.py for tasks to queue
[2024-09-08T07:04:00.692+0000] {logging_mixin.py:190} INFO - [2024-09-08T07:04:00.692+0000] {dagbag.py:587} INFO - Filling up the DagBag from /home/airflow/.local/lib/python3.12/site-packages/airflow/example_dags/example_display_name.py
[2024-09-08T07:04:00.696+0000] {processor.py:925} INFO - DAG(s) 'example_display_name' retrieved from /home/airflow/.local/lib/python3.12/site-packages/airflow/example_dags/example_display_name.py
[2024-09-08T07:04:00.710+0000] {logging_mixin.py:190} INFO - [2024-09-08T07:04:00.710+0000] {dag.py:3229} INFO - Sync 1 DAGs
[2024-09-08T07:04:00.828+0000] {logging_mixin.py:190} INFO - [2024-09-08T07:04:00.828+0000] {dag.py:4156} INFO - Setting next_dagrun for example_display_name to None, run_after=None
[2024-09-08T07:04:00.840+0000] {processor.py:208} INFO - Processing /home/airflow/.local/lib/python3.12/site-packages/airflow/example_dags/example_display_name.py took 0.154 seconds
[2024-09-08T07:04:31.054+0000] {processor.py:186} INFO - Started process (PID=3136) to work on /home/airflow/.local/lib/python3.12/site-packages/airflow/example_dags/example_display_name.py
[2024-09-08T07:04:31.054+0000] {processor.py:914} INFO - Processing file /home/airflow/.local/lib/python3.12/site-packages/airflow/example_dags/example_display_name.py for tasks to queue
[2024-09-08T07:04:31.055+0000] {logging_mixin.py:190} INFO - [2024-09-08T07:04:31.055+0000] {dagbag.py:587} INFO - Filling up the DagBag from /home/airflow/.local/lib/python3.12/site-packages/airflow/example_dags/example_display_name.py
[2024-09-08T07:04:31.059+0000] {processor.py:925} INFO - DAG(s) 'example_display_name' retrieved from /home/airflow/.local/lib/python3.12/site-packages/airflow/example_dags/example_display_name.py
[2024-09-08T07:04:31.071+0000] {logging_mixin.py:190} INFO - [2024-09-08T07:04:31.071+0000] {dag.py:3229} INFO - Sync 1 DAGs
[2024-09-08T07:04:31.177+0000] {logging_mixin.py:190} INFO - [2024-09-08T07:04:31.177+0000] {dag.py:4156} INFO - Setting next_dagrun for example_display_name to None, run_after=None
[2024-09-08T07:04:31.186+0000] {processor.py:208} INFO - Processing /home/airflow/.local/lib/python3.12/site-packages/airflow/example_dags/example_display_name.py took 0.135 seconds
[2024-09-08T07:05:01.454+0000] {processor.py:186} INFO - Started process (PID=3198) to work on /home/airflow/.local/lib/python3.12/site-packages/airflow/example_dags/example_display_name.py
[2024-09-08T07:05:01.455+0000] {processor.py:914} INFO - Processing file /home/airflow/.local/lib/python3.12/site-packages/airflow/example_dags/example_display_name.py for tasks to queue
[2024-09-08T07:05:01.456+0000] {logging_mixin.py:190} INFO - [2024-09-08T07:05:01.456+0000] {dagbag.py:587} INFO - Filling up the DagBag from /home/airflow/.local/lib/python3.12/site-packages/airflow/example_dags/example_display_name.py
[2024-09-08T07:05:01.462+0000] {processor.py:925} INFO - DAG(s) 'example_display_name' retrieved from /home/airflow/.local/lib/python3.12/site-packages/airflow/example_dags/example_display_name.py
[2024-09-08T07:05:01.476+0000] {logging_mixin.py:190} INFO - [2024-09-08T07:05:01.476+0000] {dag.py:3229} INFO - Sync 1 DAGs
[2024-09-08T07:05:01.587+0000] {logging_mixin.py:190} INFO - [2024-09-08T07:05:01.587+0000] {dag.py:4156} INFO - Setting next_dagrun for example_display_name to None, run_after=None
[2024-09-08T07:05:01.599+0000] {processor.py:208} INFO - Processing /home/airflow/.local/lib/python3.12/site-packages/airflow/example_dags/example_display_name.py took 0.149 seconds
[2024-09-08T07:05:31.899+0000] {processor.py:186} INFO - Started process (PID=3260) to work on /home/airflow/.local/lib/python3.12/site-packages/airflow/example_dags/example_display_name.py
[2024-09-08T07:05:31.900+0000] {processor.py:914} INFO - Processing file /home/airflow/.local/lib/python3.12/site-packages/airflow/example_dags/example_display_name.py for tasks to queue
[2024-09-08T07:05:31.901+0000] {logging_mixin.py:190} INFO - [2024-09-08T07:05:31.901+0000] {dagbag.py:587} INFO - Filling up the DagBag from /home/airflow/.local/lib/python3.12/site-packages/airflow/example_dags/example_display_name.py
[2024-09-08T07:05:31.907+0000] {processor.py:925} INFO - DAG(s) 'example_display_name' retrieved from /home/airflow/.local/lib/python3.12/site-packages/airflow/example_dags/example_display_name.py
[2024-09-08T07:05:31.921+0000] {logging_mixin.py:190} INFO - [2024-09-08T07:05:31.921+0000] {dag.py:3229} INFO - Sync 1 DAGs
[2024-09-08T07:05:31.931+0000] {logging_mixin.py:190} INFO - [2024-09-08T07:05:31.931+0000] {dag.py:4156} INFO - Setting next_dagrun for example_display_name to None, run_after=None
[2024-09-08T07:05:31.944+0000] {processor.py:208} INFO - Processing /home/airflow/.local/lib/python3.12/site-packages/airflow/example_dags/example_display_name.py took 0.049 seconds
[2024-09-08T07:06:02.096+0000] {processor.py:186} INFO - Started process (PID=3321) to work on /home/airflow/.local/lib/python3.12/site-packages/airflow/example_dags/example_display_name.py
[2024-09-08T07:06:02.097+0000] {processor.py:914} INFO - Processing file /home/airflow/.local/lib/python3.12/site-packages/airflow/example_dags/example_display_name.py for tasks to queue
[2024-09-08T07:06:02.098+0000] {logging_mixin.py:190} INFO - [2024-09-08T07:06:02.098+0000] {dagbag.py:587} INFO - Filling up the DagBag from /home/airflow/.local/lib/python3.12/site-packages/airflow/example_dags/example_display_name.py
[2024-09-08T07:06:02.103+0000] {processor.py:925} INFO - DAG(s) 'example_display_name' retrieved from /home/airflow/.local/lib/python3.12/site-packages/airflow/example_dags/example_display_name.py
[2024-09-08T07:06:02.117+0000] {logging_mixin.py:190} INFO - [2024-09-08T07:06:02.117+0000] {dag.py:3229} INFO - Sync 1 DAGs
[2024-09-08T07:06:02.125+0000] {logging_mixin.py:190} INFO - [2024-09-08T07:06:02.125+0000] {dag.py:4156} INFO - Setting next_dagrun for example_display_name to None, run_after=None
[2024-09-08T07:06:02.136+0000] {processor.py:208} INFO - Processing /home/airflow/.local/lib/python3.12/site-packages/airflow/example_dags/example_display_name.py took 0.044 seconds
[2024-09-08T07:06:32.526+0000] {processor.py:186} INFO - Started process (PID=3383) to work on /home/airflow/.local/lib/python3.12/site-packages/airflow/example_dags/example_display_name.py
[2024-09-08T07:06:32.527+0000] {processor.py:914} INFO - Processing file /home/airflow/.local/lib/python3.12/site-packages/airflow/example_dags/example_display_name.py for tasks to queue
[2024-09-08T07:06:32.528+0000] {logging_mixin.py:190} INFO - [2024-09-08T07:06:32.528+0000] {dagbag.py:587} INFO - Filling up the DagBag from /home/airflow/.local/lib/python3.12/site-packages/airflow/example_dags/example_display_name.py
[2024-09-08T07:06:32.532+0000] {processor.py:925} INFO - DAG(s) 'example_display_name' retrieved from /home/airflow/.local/lib/python3.12/site-packages/airflow/example_dags/example_display_name.py
[2024-09-08T07:06:32.547+0000] {logging_mixin.py:190} INFO - [2024-09-08T07:06:32.547+0000] {dag.py:3229} INFO - Sync 1 DAGs
[2024-09-08T07:06:32.558+0000] {logging_mixin.py:190} INFO - [2024-09-08T07:06:32.558+0000] {dag.py:4156} INFO - Setting next_dagrun for example_display_name to None, run_after=None
[2024-09-08T07:06:32.571+0000] {processor.py:208} INFO - Processing /home/airflow/.local/lib/python3.12/site-packages/airflow/example_dags/example_display_name.py took 0.047 seconds
[2024-09-08T07:07:03.084+0000] {processor.py:186} INFO - Started process (PID=3446) to work on /home/airflow/.local/lib/python3.12/site-packages/airflow/example_dags/example_display_name.py
[2024-09-08T07:07:03.084+0000] {processor.py:914} INFO - Processing file /home/airflow/.local/lib/python3.12/site-packages/airflow/example_dags/example_display_name.py for tasks to queue
[2024-09-08T07:07:03.086+0000] {logging_mixin.py:190} INFO - [2024-09-08T07:07:03.086+0000] {dagbag.py:587} INFO - Filling up the DagBag from /home/airflow/.local/lib/python3.12/site-packages/airflow/example_dags/example_display_name.py
[2024-09-08T07:07:03.091+0000] {processor.py:925} INFO - DAG(s) 'example_display_name' retrieved from /home/airflow/.local/lib/python3.12/site-packages/airflow/example_dags/example_display_name.py
[2024-09-08T07:07:03.103+0000] {logging_mixin.py:190} INFO - [2024-09-08T07:07:03.102+0000] {dag.py:3229} INFO - Sync 1 DAGs
[2024-09-08T07:07:03.109+0000] {logging_mixin.py:190} INFO - [2024-09-08T07:07:03.109+0000] {dag.py:4156} INFO - Setting next_dagrun for example_display_name to None, run_after=None
[2024-09-08T07:07:03.118+0000] {processor.py:208} INFO - Processing /home/airflow/.local/lib/python3.12/site-packages/airflow/example_dags/example_display_name.py took 0.038 seconds
[2024-09-08T07:07:33.541+0000] {processor.py:186} INFO - Started process (PID=3508) to work on /home/airflow/.local/lib/python3.12/site-packages/airflow/example_dags/example_display_name.py
[2024-09-08T07:07:33.541+0000] {processor.py:914} INFO - Processing file /home/airflow/.local/lib/python3.12/site-packages/airflow/example_dags/example_display_name.py for tasks to queue
[2024-09-08T07:07:33.543+0000] {logging_mixin.py:190} INFO - [2024-09-08T07:07:33.542+0000] {dagbag.py:587} INFO - Filling up the DagBag from /home/airflow/.local/lib/python3.12/site-packages/airflow/example_dags/example_display_name.py
[2024-09-08T07:07:33.548+0000] {processor.py:925} INFO - DAG(s) 'example_display_name' retrieved from /home/airflow/.local/lib/python3.12/site-packages/airflow/example_dags/example_display_name.py
[2024-09-08T07:07:33.560+0000] {logging_mixin.py:190} INFO - [2024-09-08T07:07:33.560+0000] {dag.py:3229} INFO - Sync 1 DAGs
[2024-09-08T07:07:33.568+0000] {logging_mixin.py:190} INFO - [2024-09-08T07:07:33.568+0000] {dag.py:4156} INFO - Setting next_dagrun for example_display_name to None, run_after=None
[2024-09-08T07:07:33.579+0000] {processor.py:208} INFO - Processing /home/airflow/.local/lib/python3.12/site-packages/airflow/example_dags/example_display_name.py took 0.043 seconds
[2024-09-08T07:08:03.996+0000] {processor.py:186} INFO - Started process (PID=3570) to work on /home/airflow/.local/lib/python3.12/site-packages/airflow/example_dags/example_display_name.py
[2024-09-08T07:08:03.996+0000] {processor.py:914} INFO - Processing file /home/airflow/.local/lib/python3.12/site-packages/airflow/example_dags/example_display_name.py for tasks to queue
[2024-09-08T07:08:03.998+0000] {logging_mixin.py:190} INFO - [2024-09-08T07:08:03.998+0000] {dagbag.py:587} INFO - Filling up the DagBag from /home/airflow/.local/lib/python3.12/site-packages/airflow/example_dags/example_display_name.py
[2024-09-08T07:08:04.003+0000] {processor.py:925} INFO - DAG(s) 'example_display_name' retrieved from /home/airflow/.local/lib/python3.12/site-packages/airflow/example_dags/example_display_name.py
[2024-09-08T07:08:04.018+0000] {logging_mixin.py:190} INFO - [2024-09-08T07:08:04.017+0000] {dag.py:3229} INFO - Sync 1 DAGs
[2024-09-08T07:08:04.029+0000] {logging_mixin.py:190} INFO - [2024-09-08T07:08:04.029+0000] {dag.py:4156} INFO - Setting next_dagrun for example_display_name to None, run_after=None
[2024-09-08T07:08:04.043+0000] {processor.py:208} INFO - Processing /home/airflow/.local/lib/python3.12/site-packages/airflow/example_dags/example_display_name.py took 0.052 seconds
[2024-09-08T07:08:34.514+0000] {processor.py:186} INFO - Started process (PID=3632) to work on /home/airflow/.local/lib/python3.12/site-packages/airflow/example_dags/example_display_name.py
[2024-09-08T07:08:34.515+0000] {processor.py:914} INFO - Processing file /home/airflow/.local/lib/python3.12/site-packages/airflow/example_dags/example_display_name.py for tasks to queue
[2024-09-08T07:08:34.516+0000] {logging_mixin.py:190} INFO - [2024-09-08T07:08:34.516+0000] {dagbag.py:587} INFO - Filling up the DagBag from /home/airflow/.local/lib/python3.12/site-packages/airflow/example_dags/example_display_name.py
[2024-09-08T07:08:34.521+0000] {processor.py:925} INFO - DAG(s) 'example_display_name' retrieved from /home/airflow/.local/lib/python3.12/site-packages/airflow/example_dags/example_display_name.py
[2024-09-08T07:08:34.537+0000] {logging_mixin.py:190} INFO - [2024-09-08T07:08:34.536+0000] {dag.py:3229} INFO - Sync 1 DAGs
[2024-09-08T07:08:34.548+0000] {logging_mixin.py:190} INFO - [2024-09-08T07:08:34.548+0000] {dag.py:4156} INFO - Setting next_dagrun for example_display_name to None, run_after=None
[2024-09-08T07:08:34.562+0000] {processor.py:208} INFO - Processing /home/airflow/.local/lib/python3.12/site-packages/airflow/example_dags/example_display_name.py took 0.051 seconds
[2024-09-08T07:09:05.071+0000] {processor.py:186} INFO - Started process (PID=3694) to work on /home/airflow/.local/lib/python3.12/site-packages/airflow/example_dags/example_display_name.py
[2024-09-08T07:09:05.072+0000] {processor.py:914} INFO - Processing file /home/airflow/.local/lib/python3.12/site-packages/airflow/example_dags/example_display_name.py for tasks to queue
[2024-09-08T07:09:05.073+0000] {logging_mixin.py:190} INFO - [2024-09-08T07:09:05.073+0000] {dagbag.py:587} INFO - Filling up the DagBag from /home/airflow/.local/lib/python3.12/site-packages/airflow/example_dags/example_display_name.py
[2024-09-08T07:09:05.078+0000] {processor.py:925} INFO - DAG(s) 'example_display_name' retrieved from /home/airflow/.local/lib/python3.12/site-packages/airflow/example_dags/example_display_name.py
[2024-09-08T07:09:05.092+0000] {logging_mixin.py:190} INFO - [2024-09-08T07:09:05.092+0000] {dag.py:3229} INFO - Sync 1 DAGs
[2024-09-08T07:09:05.103+0000] {logging_mixin.py:190} INFO - [2024-09-08T07:09:05.102+0000] {dag.py:4156} INFO - Setting next_dagrun for example_display_name to None, run_after=None
[2024-09-08T07:09:05.114+0000] {processor.py:208} INFO - Processing /home/airflow/.local/lib/python3.12/site-packages/airflow/example_dags/example_display_name.py took 0.047 seconds
[2024-09-08T07:09:35.522+0000] {processor.py:186} INFO - Started process (PID=3756) to work on /home/airflow/.local/lib/python3.12/site-packages/airflow/example_dags/example_display_name.py
[2024-09-08T07:09:35.523+0000] {processor.py:914} INFO - Processing file /home/airflow/.local/lib/python3.12/site-packages/airflow/example_dags/example_display_name.py for tasks to queue
[2024-09-08T07:09:35.524+0000] {logging_mixin.py:190} INFO - [2024-09-08T07:09:35.524+0000] {dagbag.py:587} INFO - Filling up the DagBag from /home/airflow/.local/lib/python3.12/site-packages/airflow/example_dags/example_display_name.py
[2024-09-08T07:09:35.528+0000] {processor.py:925} INFO - DAG(s) 'example_display_name' retrieved from /home/airflow/.local/lib/python3.12/site-packages/airflow/example_dags/example_display_name.py
[2024-09-08T07:09:35.540+0000] {logging_mixin.py:190} INFO - [2024-09-08T07:09:35.539+0000] {dag.py:3229} INFO - Sync 1 DAGs
[2024-09-08T07:09:35.547+0000] {logging_mixin.py:190} INFO - [2024-09-08T07:09:35.547+0000] {dag.py:4156} INFO - Setting next_dagrun for example_display_name to None, run_after=None
[2024-09-08T07:09:35.560+0000] {processor.py:208} INFO - Processing /home/airflow/.local/lib/python3.12/site-packages/airflow/example_dags/example_display_name.py took 0.041 seconds
[2024-09-08T07:10:06.083+0000] {processor.py:186} INFO - Started process (PID=3818) to work on /home/airflow/.local/lib/python3.12/site-packages/airflow/example_dags/example_display_name.py
[2024-09-08T07:10:06.084+0000] {processor.py:914} INFO - Processing file /home/airflow/.local/lib/python3.12/site-packages/airflow/example_dags/example_display_name.py for tasks to queue
[2024-09-08T07:10:06.085+0000] {logging_mixin.py:190} INFO - [2024-09-08T07:10:06.085+0000] {dagbag.py:587} INFO - Filling up the DagBag from /home/airflow/.local/lib/python3.12/site-packages/airflow/example_dags/example_display_name.py
[2024-09-08T07:10:06.090+0000] {processor.py:925} INFO - DAG(s) 'example_display_name' retrieved from /home/airflow/.local/lib/python3.12/site-packages/airflow/example_dags/example_display_name.py
[2024-09-08T07:10:06.102+0000] {logging_mixin.py:190} INFO - [2024-09-08T07:10:06.102+0000] {dag.py:3229} INFO - Sync 1 DAGs
[2024-09-08T07:10:06.109+0000] {logging_mixin.py:190} INFO - [2024-09-08T07:10:06.109+0000] {dag.py:4156} INFO - Setting next_dagrun for example_display_name to None, run_after=None
[2024-09-08T07:10:06.119+0000] {processor.py:208} INFO - Processing /home/airflow/.local/lib/python3.12/site-packages/airflow/example_dags/example_display_name.py took 0.040 seconds
[2024-09-08T07:10:36.604+0000] {processor.py:186} INFO - Started process (PID=3880) to work on /home/airflow/.local/lib/python3.12/site-packages/airflow/example_dags/example_display_name.py
[2024-09-08T07:10:36.604+0000] {processor.py:914} INFO - Processing file /home/airflow/.local/lib/python3.12/site-packages/airflow/example_dags/example_display_name.py for tasks to queue
[2024-09-08T07:10:36.606+0000] {logging_mixin.py:190} INFO - [2024-09-08T07:10:36.605+0000] {dagbag.py:587} INFO - Filling up the DagBag from /home/airflow/.local/lib/python3.12/site-packages/airflow/example_dags/example_display_name.py
[2024-09-08T07:10:36.610+0000] {processor.py:925} INFO - DAG(s) 'example_display_name' retrieved from /home/airflow/.local/lib/python3.12/site-packages/airflow/example_dags/example_display_name.py
[2024-09-08T07:10:36.624+0000] {logging_mixin.py:190} INFO - [2024-09-08T07:10:36.624+0000] {dag.py:3229} INFO - Sync 1 DAGs
[2024-09-08T07:10:36.632+0000] {logging_mixin.py:190} INFO - [2024-09-08T07:10:36.632+0000] {dag.py:4156} INFO - Setting next_dagrun for example_display_name to None, run_after=None
[2024-09-08T07:10:36.642+0000] {processor.py:208} INFO - Processing /home/airflow/.local/lib/python3.12/site-packages/airflow/example_dags/example_display_name.py took 0.041 seconds
[2024-09-08T07:11:07.037+0000] {processor.py:186} INFO - Started process (PID=3942) to work on /home/airflow/.local/lib/python3.12/site-packages/airflow/example_dags/example_display_name.py
[2024-09-08T07:11:07.038+0000] {processor.py:914} INFO - Processing file /home/airflow/.local/lib/python3.12/site-packages/airflow/example_dags/example_display_name.py for tasks to queue
[2024-09-08T07:11:07.039+0000] {logging_mixin.py:190} INFO - [2024-09-08T07:11:07.039+0000] {dagbag.py:587} INFO - Filling up the DagBag from /home/airflow/.local/lib/python3.12/site-packages/airflow/example_dags/example_display_name.py
[2024-09-08T07:11:07.043+0000] {processor.py:925} INFO - DAG(s) 'example_display_name' retrieved from /home/airflow/.local/lib/python3.12/site-packages/airflow/example_dags/example_display_name.py
[2024-09-08T07:11:07.053+0000] {logging_mixin.py:190} INFO - [2024-09-08T07:11:07.053+0000] {dag.py:3229} INFO - Sync 1 DAGs
[2024-09-08T07:11:07.060+0000] {logging_mixin.py:190} INFO - [2024-09-08T07:11:07.060+0000] {dag.py:4156} INFO - Setting next_dagrun for example_display_name to None, run_after=None
[2024-09-08T07:11:07.068+0000] {processor.py:208} INFO - Processing /home/airflow/.local/lib/python3.12/site-packages/airflow/example_dags/example_display_name.py took 0.035 seconds
[2024-09-08T07:11:37.600+0000] {processor.py:186} INFO - Started process (PID=4004) to work on /home/airflow/.local/lib/python3.12/site-packages/airflow/example_dags/example_display_name.py
[2024-09-08T07:11:37.601+0000] {processor.py:914} INFO - Processing file /home/airflow/.local/lib/python3.12/site-packages/airflow/example_dags/example_display_name.py for tasks to queue
[2024-09-08T07:11:37.602+0000] {logging_mixin.py:190} INFO - [2024-09-08T07:11:37.602+0000] {dagbag.py:587} INFO - Filling up the DagBag from /home/airflow/.local/lib/python3.12/site-packages/airflow/example_dags/example_display_name.py
[2024-09-08T07:11:37.606+0000] {processor.py:925} INFO - DAG(s) 'example_display_name' retrieved from /home/airflow/.local/lib/python3.12/site-packages/airflow/example_dags/example_display_name.py
[2024-09-08T07:11:37.619+0000] {logging_mixin.py:190} INFO - [2024-09-08T07:11:37.619+0000] {dag.py:3229} INFO - Sync 1 DAGs
[2024-09-08T07:11:37.628+0000] {logging_mixin.py:190} INFO - [2024-09-08T07:11:37.628+0000] {dag.py:4156} INFO - Setting next_dagrun for example_display_name to None, run_after=None
[2024-09-08T07:11:37.641+0000] {processor.py:208} INFO - Processing /home/airflow/.local/lib/python3.12/site-packages/airflow/example_dags/example_display_name.py took 0.045 seconds
[2024-09-08T07:16:40.660+0000] {processor.py:186} INFO - Started process (PID=4066) to work on /home/airflow/.local/lib/python3.12/site-packages/airflow/example_dags/example_display_name.py
[2024-09-08T07:16:40.661+0000] {processor.py:914} INFO - Processing file /home/airflow/.local/lib/python3.12/site-packages/airflow/example_dags/example_display_name.py for tasks to queue
[2024-09-08T07:16:40.662+0000] {logging_mixin.py:190} INFO - [2024-09-08T07:16:40.662+0000] {dagbag.py:587} INFO - Filling up the DagBag from /home/airflow/.local/lib/python3.12/site-packages/airflow/example_dags/example_display_name.py
[2024-09-08T07:16:40.666+0000] {processor.py:925} INFO - DAG(s) 'example_display_name' retrieved from /home/airflow/.local/lib/python3.12/site-packages/airflow/example_dags/example_display_name.py
[2024-09-08T07:16:40.682+0000] {logging_mixin.py:190} INFO - [2024-09-08T07:16:40.681+0000] {dag.py:3229} INFO - Sync 1 DAGs
[2024-09-08T07:16:40.691+0000] {logging_mixin.py:190} INFO - [2024-09-08T07:16:40.691+0000] {dag.py:4156} INFO - Setting next_dagrun for example_display_name to None, run_after=None
[2024-09-08T07:16:40.706+0000] {processor.py:208} INFO - Processing /home/airflow/.local/lib/python3.12/site-packages/airflow/example_dags/example_display_name.py took 0.049 seconds
[2024-09-08T07:17:11.183+0000] {processor.py:186} INFO - Started process (PID=4128) to work on /home/airflow/.local/lib/python3.12/site-packages/airflow/example_dags/example_display_name.py
[2024-09-08T07:17:11.184+0000] {processor.py:914} INFO - Processing file /home/airflow/.local/lib/python3.12/site-packages/airflow/example_dags/example_display_name.py for tasks to queue
[2024-09-08T07:17:11.185+0000] {logging_mixin.py:190} INFO - [2024-09-08T07:17:11.185+0000] {dagbag.py:587} INFO - Filling up the DagBag from /home/airflow/.local/lib/python3.12/site-packages/airflow/example_dags/example_display_name.py
[2024-09-08T07:17:11.191+0000] {processor.py:925} INFO - DAG(s) 'example_display_name' retrieved from /home/airflow/.local/lib/python3.12/site-packages/airflow/example_dags/example_display_name.py
[2024-09-08T07:17:11.203+0000] {logging_mixin.py:190} INFO - [2024-09-08T07:17:11.203+0000] {dag.py:3229} INFO - Sync 1 DAGs
[2024-09-08T07:17:11.211+0000] {logging_mixin.py:190} INFO - [2024-09-08T07:17:11.211+0000] {dag.py:4156} INFO - Setting next_dagrun for example_display_name to None, run_after=None
[2024-09-08T07:17:11.225+0000] {processor.py:208} INFO - Processing /home/airflow/.local/lib/python3.12/site-packages/airflow/example_dags/example_display_name.py took 0.046 seconds
[2024-09-08T07:17:41.740+0000] {processor.py:186} INFO - Started process (PID=4190) to work on /home/airflow/.local/lib/python3.12/site-packages/airflow/example_dags/example_display_name.py
[2024-09-08T07:17:41.740+0000] {processor.py:914} INFO - Processing file /home/airflow/.local/lib/python3.12/site-packages/airflow/example_dags/example_display_name.py for tasks to queue
[2024-09-08T07:17:41.742+0000] {logging_mixin.py:190} INFO - [2024-09-08T07:17:41.741+0000] {dagbag.py:587} INFO - Filling up the DagBag from /home/airflow/.local/lib/python3.12/site-packages/airflow/example_dags/example_display_name.py
[2024-09-08T07:17:41.746+0000] {processor.py:925} INFO - DAG(s) 'example_display_name' retrieved from /home/airflow/.local/lib/python3.12/site-packages/airflow/example_dags/example_display_name.py
[2024-09-08T07:17:41.760+0000] {logging_mixin.py:190} INFO - [2024-09-08T07:17:41.760+0000] {dag.py:3229} INFO - Sync 1 DAGs
[2024-09-08T07:17:41.769+0000] {logging_mixin.py:190} INFO - [2024-09-08T07:17:41.769+0000] {dag.py:4156} INFO - Setting next_dagrun for example_display_name to None, run_after=None
[2024-09-08T07:17:41.784+0000] {processor.py:208} INFO - Processing /home/airflow/.local/lib/python3.12/site-packages/airflow/example_dags/example_display_name.py took 0.048 seconds
[2024-09-08T07:18:12.210+0000] {processor.py:186} INFO - Started process (PID=4252) to work on /home/airflow/.local/lib/python3.12/site-packages/airflow/example_dags/example_display_name.py
[2024-09-08T07:18:12.210+0000] {processor.py:914} INFO - Processing file /home/airflow/.local/lib/python3.12/site-packages/airflow/example_dags/example_display_name.py for tasks to queue
[2024-09-08T07:18:12.212+0000] {logging_mixin.py:190} INFO - [2024-09-08T07:18:12.212+0000] {dagbag.py:587} INFO - Filling up the DagBag from /home/airflow/.local/lib/python3.12/site-packages/airflow/example_dags/example_display_name.py
[2024-09-08T07:18:12.216+0000] {processor.py:925} INFO - DAG(s) 'example_display_name' retrieved from /home/airflow/.local/lib/python3.12/site-packages/airflow/example_dags/example_display_name.py
[2024-09-08T07:18:12.230+0000] {logging_mixin.py:190} INFO - [2024-09-08T07:18:12.230+0000] {dag.py:3229} INFO - Sync 1 DAGs
[2024-09-08T07:18:12.238+0000] {logging_mixin.py:190} INFO - [2024-09-08T07:18:12.238+0000] {dag.py:4156} INFO - Setting next_dagrun for example_display_name to None, run_after=None
[2024-09-08T07:18:12.252+0000] {processor.py:208} INFO - Processing /home/airflow/.local/lib/python3.12/site-packages/airflow/example_dags/example_display_name.py took 0.046 seconds
[2024-09-08T07:18:42.907+0000] {processor.py:186} INFO - Started process (PID=4313) to work on /home/airflow/.local/lib/python3.12/site-packages/airflow/example_dags/example_display_name.py
[2024-09-08T07:18:42.908+0000] {processor.py:914} INFO - Processing file /home/airflow/.local/lib/python3.12/site-packages/airflow/example_dags/example_display_name.py for tasks to queue
[2024-09-08T07:18:42.909+0000] {logging_mixin.py:190} INFO - [2024-09-08T07:18:42.909+0000] {dagbag.py:587} INFO - Filling up the DagBag from /home/airflow/.local/lib/python3.12/site-packages/airflow/example_dags/example_display_name.py
[2024-09-08T07:18:42.913+0000] {processor.py:925} INFO - DAG(s) 'example_display_name' retrieved from /home/airflow/.local/lib/python3.12/site-packages/airflow/example_dags/example_display_name.py
[2024-09-08T07:18:42.923+0000] {logging_mixin.py:190} INFO - [2024-09-08T07:18:42.923+0000] {dag.py:3229} INFO - Sync 1 DAGs
[2024-09-08T07:18:42.930+0000] {logging_mixin.py:190} INFO - [2024-09-08T07:18:42.930+0000] {dag.py:4156} INFO - Setting next_dagrun for example_display_name to None, run_after=None
[2024-09-08T07:18:42.941+0000] {processor.py:208} INFO - Processing /home/airflow/.local/lib/python3.12/site-packages/airflow/example_dags/example_display_name.py took 0.037 seconds
[2024-09-08T07:19:13.533+0000] {processor.py:186} INFO - Started process (PID=4376) to work on /home/airflow/.local/lib/python3.12/site-packages/airflow/example_dags/example_display_name.py
[2024-09-08T07:19:13.534+0000] {processor.py:914} INFO - Processing file /home/airflow/.local/lib/python3.12/site-packages/airflow/example_dags/example_display_name.py for tasks to queue
[2024-09-08T07:19:13.535+0000] {logging_mixin.py:190} INFO - [2024-09-08T07:19:13.535+0000] {dagbag.py:587} INFO - Filling up the DagBag from /home/airflow/.local/lib/python3.12/site-packages/airflow/example_dags/example_display_name.py
[2024-09-08T07:19:13.539+0000] {processor.py:925} INFO - DAG(s) 'example_display_name' retrieved from /home/airflow/.local/lib/python3.12/site-packages/airflow/example_dags/example_display_name.py
[2024-09-08T07:19:13.554+0000] {logging_mixin.py:190} INFO - [2024-09-08T07:19:13.554+0000] {dag.py:3229} INFO - Sync 1 DAGs
[2024-09-08T07:19:13.566+0000] {logging_mixin.py:190} INFO - [2024-09-08T07:19:13.566+0000] {dag.py:4156} INFO - Setting next_dagrun for example_display_name to None, run_after=None
[2024-09-08T07:19:13.580+0000] {processor.py:208} INFO - Processing /home/airflow/.local/lib/python3.12/site-packages/airflow/example_dags/example_display_name.py took 0.050 seconds
[2024-09-08T07:19:44.301+0000] {processor.py:186} INFO - Started process (PID=4438) to work on /home/airflow/.local/lib/python3.12/site-packages/airflow/example_dags/example_display_name.py
[2024-09-08T07:19:44.301+0000] {processor.py:914} INFO - Processing file /home/airflow/.local/lib/python3.12/site-packages/airflow/example_dags/example_display_name.py for tasks to queue
[2024-09-08T07:19:44.303+0000] {logging_mixin.py:190} INFO - [2024-09-08T07:19:44.302+0000] {dagbag.py:587} INFO - Filling up the DagBag from /home/airflow/.local/lib/python3.12/site-packages/airflow/example_dags/example_display_name.py
[2024-09-08T07:19:44.307+0000] {processor.py:925} INFO - DAG(s) 'example_display_name' retrieved from /home/airflow/.local/lib/python3.12/site-packages/airflow/example_dags/example_display_name.py
[2024-09-08T07:19:44.319+0000] {logging_mixin.py:190} INFO - [2024-09-08T07:19:44.319+0000] {dag.py:3229} INFO - Sync 1 DAGs
[2024-09-08T07:19:44.327+0000] {logging_mixin.py:190} INFO - [2024-09-08T07:19:44.327+0000] {dag.py:4156} INFO - Setting next_dagrun for example_display_name to None, run_after=None
[2024-09-08T07:19:44.337+0000] {processor.py:208} INFO - Processing /home/airflow/.local/lib/python3.12/site-packages/airflow/example_dags/example_display_name.py took 0.040 seconds
[2024-09-08T07:20:14.938+0000] {processor.py:186} INFO - Started process (PID=4500) to work on /home/airflow/.local/lib/python3.12/site-packages/airflow/example_dags/example_display_name.py
[2024-09-08T07:20:14.939+0000] {processor.py:914} INFO - Processing file /home/airflow/.local/lib/python3.12/site-packages/airflow/example_dags/example_display_name.py for tasks to queue
[2024-09-08T07:20:14.940+0000] {logging_mixin.py:190} INFO - [2024-09-08T07:20:14.940+0000] {dagbag.py:587} INFO - Filling up the DagBag from /home/airflow/.local/lib/python3.12/site-packages/airflow/example_dags/example_display_name.py
[2024-09-08T07:20:14.944+0000] {processor.py:925} INFO - DAG(s) 'example_display_name' retrieved from /home/airflow/.local/lib/python3.12/site-packages/airflow/example_dags/example_display_name.py
[2024-09-08T07:20:14.957+0000] {logging_mixin.py:190} INFO - [2024-09-08T07:20:14.957+0000] {dag.py:3229} INFO - Sync 1 DAGs
[2024-09-08T07:20:14.965+0000] {logging_mixin.py:190} INFO - [2024-09-08T07:20:14.965+0000] {dag.py:4156} INFO - Setting next_dagrun for example_display_name to None, run_after=None
[2024-09-08T07:20:14.977+0000] {processor.py:208} INFO - Processing /home/airflow/.local/lib/python3.12/site-packages/airflow/example_dags/example_display_name.py took 0.042 seconds
[2024-09-08T07:20:45.371+0000] {processor.py:186} INFO - Started process (PID=4562) to work on /home/airflow/.local/lib/python3.12/site-packages/airflow/example_dags/example_display_name.py
[2024-09-08T07:20:45.372+0000] {processor.py:914} INFO - Processing file /home/airflow/.local/lib/python3.12/site-packages/airflow/example_dags/example_display_name.py for tasks to queue
[2024-09-08T07:20:45.373+0000] {logging_mixin.py:190} INFO - [2024-09-08T07:20:45.373+0000] {dagbag.py:587} INFO - Filling up the DagBag from /home/airflow/.local/lib/python3.12/site-packages/airflow/example_dags/example_display_name.py
[2024-09-08T07:20:45.377+0000] {processor.py:925} INFO - DAG(s) 'example_display_name' retrieved from /home/airflow/.local/lib/python3.12/site-packages/airflow/example_dags/example_display_name.py
[2024-09-08T07:20:45.387+0000] {logging_mixin.py:190} INFO - [2024-09-08T07:20:45.387+0000] {dag.py:3229} INFO - Sync 1 DAGs
[2024-09-08T07:20:45.394+0000] {logging_mixin.py:190} INFO - [2024-09-08T07:20:45.394+0000] {dag.py:4156} INFO - Setting next_dagrun for example_display_name to None, run_after=None
[2024-09-08T07:20:45.404+0000] {processor.py:208} INFO - Processing /home/airflow/.local/lib/python3.12/site-packages/airflow/example_dags/example_display_name.py took 0.036 seconds
[2024-09-08T07:21:15.881+0000] {processor.py:186} INFO - Started process (PID=4624) to work on /home/airflow/.local/lib/python3.12/site-packages/airflow/example_dags/example_display_name.py
[2024-09-08T07:21:15.881+0000] {processor.py:914} INFO - Processing file /home/airflow/.local/lib/python3.12/site-packages/airflow/example_dags/example_display_name.py for tasks to queue
[2024-09-08T07:21:15.882+0000] {logging_mixin.py:190} INFO - [2024-09-08T07:21:15.882+0000] {dagbag.py:587} INFO - Filling up the DagBag from /home/airflow/.local/lib/python3.12/site-packages/airflow/example_dags/example_display_name.py
[2024-09-08T07:21:15.886+0000] {processor.py:925} INFO - DAG(s) 'example_display_name' retrieved from /home/airflow/.local/lib/python3.12/site-packages/airflow/example_dags/example_display_name.py
[2024-09-08T07:21:15.899+0000] {logging_mixin.py:190} INFO - [2024-09-08T07:21:15.898+0000] {dag.py:3229} INFO - Sync 1 DAGs
[2024-09-08T07:21:15.909+0000] {logging_mixin.py:190} INFO - [2024-09-08T07:21:15.909+0000] {dag.py:4156} INFO - Setting next_dagrun for example_display_name to None, run_after=None
[2024-09-08T07:21:15.920+0000] {processor.py:208} INFO - Processing /home/airflow/.local/lib/python3.12/site-packages/airflow/example_dags/example_display_name.py took 0.042 seconds
