[2024-09-08T06:39:30.461+0000] {processor.py:186} INFO - Started process (PID=89) to work on /home/airflow/.local/lib/python3.12/site-packages/airflow/example_dags/example_task_group.py
[2024-09-08T06:39:30.462+0000] {processor.py:914} INFO - Processing file /home/airflow/.local/lib/python3.12/site-packages/airflow/example_dags/example_task_group.py for tasks to queue
[2024-09-08T06:39:30.463+0000] {logging_mixin.py:190} INFO - [2024-09-08T06:39:30.463+0000] {dagbag.py:587} INFO - Filling up the DagBag from /home/airflow/.local/lib/python3.12/site-packages/airflow/example_dags/example_task_group.py
[2024-09-08T06:39:30.468+0000] {processor.py:925} INFO - DAG(s) 'example_task_group' retrieved from /home/airflow/.local/lib/python3.12/site-packages/airflow/example_dags/example_task_group.py
[2024-09-08T06:39:30.530+0000] {logging_mixin.py:190} INFO - [2024-09-08T06:39:30.529+0000] {override.py:1900} INFO - Created Permission View: can edit on DAG:example_task_group
[2024-09-08T06:39:30.535+0000] {logging_mixin.py:190} INFO - [2024-09-08T06:39:30.535+0000] {override.py:1900} INFO - Created Permission View: can read on DAG:example_task_group
[2024-09-08T06:39:30.537+0000] {logging_mixin.py:190} INFO - [2024-09-08T06:39:30.537+0000] {override.py:1900} INFO - Created Permission View: can delete on DAG:example_task_group
[2024-09-08T06:39:30.540+0000] {logging_mixin.py:190} INFO - [2024-09-08T06:39:30.540+0000] {override.py:1900} INFO - Created Permission View: can read on DAG Run:example_task_group
[2024-09-08T06:39:30.543+0000] {logging_mixin.py:190} INFO - [2024-09-08T06:39:30.542+0000] {override.py:1900} INFO - Created Permission View: can delete on DAG Run:example_task_group
[2024-09-08T06:39:30.545+0000] {logging_mixin.py:190} INFO - [2024-09-08T06:39:30.545+0000] {override.py:1900} INFO - Created Permission View: can create on DAG Run:example_task_group
[2024-09-08T06:39:30.547+0000] {logging_mixin.py:190} INFO - [2024-09-08T06:39:30.547+0000] {override.py:1900} INFO - Created Permission View: menu access on DAG Run:example_task_group
[2024-09-08T06:39:30.547+0000] {logging_mixin.py:190} INFO - [2024-09-08T06:39:30.547+0000] {dag.py:3229} INFO - Sync 1 DAGs
[2024-09-08T06:39:30.554+0000] {logging_mixin.py:190} INFO - [2024-09-08T06:39:30.553+0000] {dag.py:3252} INFO - Creating ORM DAG for example_task_group
[2024-09-08T06:39:30.554+0000] {logging_mixin.py:190} INFO - [2024-09-08T06:39:30.554+0000] {dag.py:4156} INFO - Setting next_dagrun for example_task_group to None, run_after=None
[2024-09-08T06:39:30.561+0000] {processor.py:208} INFO - Processing /home/airflow/.local/lib/python3.12/site-packages/airflow/example_dags/example_task_group.py took 0.103 seconds
[2024-09-08T06:40:01.360+0000] {processor.py:186} INFO - Started process (PID=151) to work on /home/airflow/.local/lib/python3.12/site-packages/airflow/example_dags/example_task_group.py
[2024-09-08T06:40:01.361+0000] {processor.py:914} INFO - Processing file /home/airflow/.local/lib/python3.12/site-packages/airflow/example_dags/example_task_group.py for tasks to queue
[2024-09-08T06:40:01.362+0000] {logging_mixin.py:190} INFO - [2024-09-08T06:40:01.362+0000] {dagbag.py:587} INFO - Filling up the DagBag from /home/airflow/.local/lib/python3.12/site-packages/airflow/example_dags/example_task_group.py
[2024-09-08T06:40:01.368+0000] {processor.py:925} INFO - DAG(s) 'example_task_group' retrieved from /home/airflow/.local/lib/python3.12/site-packages/airflow/example_dags/example_task_group.py
[2024-09-08T06:40:01.384+0000] {logging_mixin.py:190} INFO - [2024-09-08T06:40:01.384+0000] {dag.py:3229} INFO - Sync 1 DAGs
[2024-09-08T06:40:01.396+0000] {logging_mixin.py:190} INFO - [2024-09-08T06:40:01.395+0000] {dag.py:4156} INFO - Setting next_dagrun for example_task_group to None, run_after=None
[2024-09-08T06:40:01.405+0000] {processor.py:208} INFO - Processing /home/airflow/.local/lib/python3.12/site-packages/airflow/example_dags/example_task_group.py took 0.049 seconds
[2024-09-08T06:40:31.844+0000] {processor.py:186} INFO - Started process (PID=213) to work on /home/airflow/.local/lib/python3.12/site-packages/airflow/example_dags/example_task_group.py
[2024-09-08T06:40:31.845+0000] {processor.py:914} INFO - Processing file /home/airflow/.local/lib/python3.12/site-packages/airflow/example_dags/example_task_group.py for tasks to queue
[2024-09-08T06:40:31.846+0000] {logging_mixin.py:190} INFO - [2024-09-08T06:40:31.846+0000] {dagbag.py:587} INFO - Filling up the DagBag from /home/airflow/.local/lib/python3.12/site-packages/airflow/example_dags/example_task_group.py
[2024-09-08T06:40:31.850+0000] {processor.py:925} INFO - DAG(s) 'example_task_group' retrieved from /home/airflow/.local/lib/python3.12/site-packages/airflow/example_dags/example_task_group.py
[2024-09-08T06:40:31.865+0000] {logging_mixin.py:190} INFO - [2024-09-08T06:40:31.865+0000] {dag.py:3229} INFO - Sync 1 DAGs
[2024-09-08T06:40:31.874+0000] {logging_mixin.py:190} INFO - [2024-09-08T06:40:31.874+0000] {dag.py:4156} INFO - Setting next_dagrun for example_task_group to None, run_after=None
[2024-09-08T06:40:31.885+0000] {processor.py:208} INFO - Processing /home/airflow/.local/lib/python3.12/site-packages/airflow/example_dags/example_task_group.py took 0.044 seconds
[2024-09-08T06:41:02.362+0000] {processor.py:186} INFO - Started process (PID=275) to work on /home/airflow/.local/lib/python3.12/site-packages/airflow/example_dags/example_task_group.py
[2024-09-08T06:41:02.363+0000] {processor.py:914} INFO - Processing file /home/airflow/.local/lib/python3.12/site-packages/airflow/example_dags/example_task_group.py for tasks to queue
[2024-09-08T06:41:02.364+0000] {logging_mixin.py:190} INFO - [2024-09-08T06:41:02.364+0000] {dagbag.py:587} INFO - Filling up the DagBag from /home/airflow/.local/lib/python3.12/site-packages/airflow/example_dags/example_task_group.py
[2024-09-08T06:41:02.368+0000] {processor.py:925} INFO - DAG(s) 'example_task_group' retrieved from /home/airflow/.local/lib/python3.12/site-packages/airflow/example_dags/example_task_group.py
[2024-09-08T06:41:02.385+0000] {logging_mixin.py:190} INFO - [2024-09-08T06:41:02.384+0000] {dag.py:3229} INFO - Sync 1 DAGs
[2024-09-08T06:41:02.394+0000] {logging_mixin.py:190} INFO - [2024-09-08T06:41:02.394+0000] {dag.py:4156} INFO - Setting next_dagrun for example_task_group to None, run_after=None
[2024-09-08T06:41:02.406+0000] {processor.py:208} INFO - Processing /home/airflow/.local/lib/python3.12/site-packages/airflow/example_dags/example_task_group.py took 0.047 seconds
[2024-09-08T06:41:32.946+0000] {processor.py:186} INFO - Started process (PID=337) to work on /home/airflow/.local/lib/python3.12/site-packages/airflow/example_dags/example_task_group.py
[2024-09-08T06:41:32.946+0000] {processor.py:914} INFO - Processing file /home/airflow/.local/lib/python3.12/site-packages/airflow/example_dags/example_task_group.py for tasks to queue
[2024-09-08T06:41:32.947+0000] {logging_mixin.py:190} INFO - [2024-09-08T06:41:32.947+0000] {dagbag.py:587} INFO - Filling up the DagBag from /home/airflow/.local/lib/python3.12/site-packages/airflow/example_dags/example_task_group.py
[2024-09-08T06:41:32.951+0000] {processor.py:925} INFO - DAG(s) 'example_task_group' retrieved from /home/airflow/.local/lib/python3.12/site-packages/airflow/example_dags/example_task_group.py
[2024-09-08T06:41:32.968+0000] {logging_mixin.py:190} INFO - [2024-09-08T06:41:32.968+0000] {dag.py:3229} INFO - Sync 1 DAGs
[2024-09-08T06:41:32.976+0000] {logging_mixin.py:190} INFO - [2024-09-08T06:41:32.976+0000] {dag.py:4156} INFO - Setting next_dagrun for example_task_group to None, run_after=None
[2024-09-08T06:41:32.990+0000] {processor.py:208} INFO - Processing /home/airflow/.local/lib/python3.12/site-packages/airflow/example_dags/example_task_group.py took 0.047 seconds
[2024-09-08T06:42:03.492+0000] {processor.py:186} INFO - Started process (PID=399) to work on /home/airflow/.local/lib/python3.12/site-packages/airflow/example_dags/example_task_group.py
[2024-09-08T06:42:03.492+0000] {processor.py:914} INFO - Processing file /home/airflow/.local/lib/python3.12/site-packages/airflow/example_dags/example_task_group.py for tasks to queue
[2024-09-08T06:42:03.494+0000] {logging_mixin.py:190} INFO - [2024-09-08T06:42:03.494+0000] {dagbag.py:587} INFO - Filling up the DagBag from /home/airflow/.local/lib/python3.12/site-packages/airflow/example_dags/example_task_group.py
[2024-09-08T06:42:03.498+0000] {processor.py:925} INFO - DAG(s) 'example_task_group' retrieved from /home/airflow/.local/lib/python3.12/site-packages/airflow/example_dags/example_task_group.py
[2024-09-08T06:42:03.512+0000] {logging_mixin.py:190} INFO - [2024-09-08T06:42:03.512+0000] {dag.py:3229} INFO - Sync 1 DAGs
[2024-09-08T06:42:03.522+0000] {logging_mixin.py:190} INFO - [2024-09-08T06:42:03.522+0000] {dag.py:4156} INFO - Setting next_dagrun for example_task_group to None, run_after=None
[2024-09-08T06:42:03.533+0000] {processor.py:208} INFO - Processing /home/airflow/.local/lib/python3.12/site-packages/airflow/example_dags/example_task_group.py took 0.045 seconds
[2024-09-08T06:42:33.990+0000] {processor.py:186} INFO - Started process (PID=461) to work on /home/airflow/.local/lib/python3.12/site-packages/airflow/example_dags/example_task_group.py
[2024-09-08T06:42:33.990+0000] {processor.py:914} INFO - Processing file /home/airflow/.local/lib/python3.12/site-packages/airflow/example_dags/example_task_group.py for tasks to queue
[2024-09-08T06:42:33.991+0000] {logging_mixin.py:190} INFO - [2024-09-08T06:42:33.991+0000] {dagbag.py:587} INFO - Filling up the DagBag from /home/airflow/.local/lib/python3.12/site-packages/airflow/example_dags/example_task_group.py
[2024-09-08T06:42:33.996+0000] {processor.py:925} INFO - DAG(s) 'example_task_group' retrieved from /home/airflow/.local/lib/python3.12/site-packages/airflow/example_dags/example_task_group.py
[2024-09-08T06:42:34.012+0000] {logging_mixin.py:190} INFO - [2024-09-08T06:42:34.011+0000] {dag.py:3229} INFO - Sync 1 DAGs
[2024-09-08T06:42:34.020+0000] {logging_mixin.py:190} INFO - [2024-09-08T06:42:34.019+0000] {dag.py:4156} INFO - Setting next_dagrun for example_task_group to None, run_after=None
[2024-09-08T06:42:34.031+0000] {processor.py:208} INFO - Processing /home/airflow/.local/lib/python3.12/site-packages/airflow/example_dags/example_task_group.py took 0.045 seconds
[2024-09-08T06:43:04.312+0000] {processor.py:186} INFO - Started process (PID=523) to work on /home/airflow/.local/lib/python3.12/site-packages/airflow/example_dags/example_task_group.py
[2024-09-08T06:43:04.313+0000] {processor.py:914} INFO - Processing file /home/airflow/.local/lib/python3.12/site-packages/airflow/example_dags/example_task_group.py for tasks to queue
[2024-09-08T06:43:04.315+0000] {logging_mixin.py:190} INFO - [2024-09-08T06:43:04.314+0000] {dagbag.py:587} INFO - Filling up the DagBag from /home/airflow/.local/lib/python3.12/site-packages/airflow/example_dags/example_task_group.py
[2024-09-08T06:43:04.321+0000] {processor.py:925} INFO - DAG(s) 'example_task_group' retrieved from /home/airflow/.local/lib/python3.12/site-packages/airflow/example_dags/example_task_group.py
[2024-09-08T06:43:04.333+0000] {logging_mixin.py:190} INFO - [2024-09-08T06:43:04.333+0000] {dag.py:3229} INFO - Sync 1 DAGs
[2024-09-08T06:43:04.341+0000] {logging_mixin.py:190} INFO - [2024-09-08T06:43:04.340+0000] {dag.py:4156} INFO - Setting next_dagrun for example_task_group to None, run_after=None
[2024-09-08T06:43:04.351+0000] {processor.py:208} INFO - Processing /home/airflow/.local/lib/python3.12/site-packages/airflow/example_dags/example_task_group.py took 0.043 seconds
[2024-09-08T06:43:34.852+0000] {processor.py:186} INFO - Started process (PID=585) to work on /home/airflow/.local/lib/python3.12/site-packages/airflow/example_dags/example_task_group.py
[2024-09-08T06:43:34.853+0000] {processor.py:914} INFO - Processing file /home/airflow/.local/lib/python3.12/site-packages/airflow/example_dags/example_task_group.py for tasks to queue
[2024-09-08T06:43:34.854+0000] {logging_mixin.py:190} INFO - [2024-09-08T06:43:34.854+0000] {dagbag.py:587} INFO - Filling up the DagBag from /home/airflow/.local/lib/python3.12/site-packages/airflow/example_dags/example_task_group.py
[2024-09-08T06:43:34.859+0000] {processor.py:925} INFO - DAG(s) 'example_task_group' retrieved from /home/airflow/.local/lib/python3.12/site-packages/airflow/example_dags/example_task_group.py
[2024-09-08T06:43:34.875+0000] {logging_mixin.py:190} INFO - [2024-09-08T06:43:34.875+0000] {dag.py:3229} INFO - Sync 1 DAGs
[2024-09-08T06:43:34.886+0000] {logging_mixin.py:190} INFO - [2024-09-08T06:43:34.886+0000] {dag.py:4156} INFO - Setting next_dagrun for example_task_group to None, run_after=None
[2024-09-08T06:43:34.898+0000] {processor.py:208} INFO - Processing /home/airflow/.local/lib/python3.12/site-packages/airflow/example_dags/example_task_group.py took 0.050 seconds
[2024-09-08T06:44:05.410+0000] {processor.py:186} INFO - Started process (PID=647) to work on /home/airflow/.local/lib/python3.12/site-packages/airflow/example_dags/example_task_group.py
[2024-09-08T06:44:05.411+0000] {processor.py:914} INFO - Processing file /home/airflow/.local/lib/python3.12/site-packages/airflow/example_dags/example_task_group.py for tasks to queue
[2024-09-08T06:44:05.412+0000] {logging_mixin.py:190} INFO - [2024-09-08T06:44:05.411+0000] {dagbag.py:587} INFO - Filling up the DagBag from /home/airflow/.local/lib/python3.12/site-packages/airflow/example_dags/example_task_group.py
[2024-09-08T06:44:05.416+0000] {processor.py:925} INFO - DAG(s) 'example_task_group' retrieved from /home/airflow/.local/lib/python3.12/site-packages/airflow/example_dags/example_task_group.py
[2024-09-08T06:44:05.433+0000] {logging_mixin.py:190} INFO - [2024-09-08T06:44:05.433+0000] {dag.py:3229} INFO - Sync 1 DAGs
[2024-09-08T06:44:05.444+0000] {logging_mixin.py:190} INFO - [2024-09-08T06:44:05.443+0000] {dag.py:4156} INFO - Setting next_dagrun for example_task_group to None, run_after=None
[2024-09-08T06:44:05.456+0000] {processor.py:208} INFO - Processing /home/airflow/.local/lib/python3.12/site-packages/airflow/example_dags/example_task_group.py took 0.049 seconds
[2024-09-08T06:44:35.879+0000] {processor.py:186} INFO - Started process (PID=709) to work on /home/airflow/.local/lib/python3.12/site-packages/airflow/example_dags/example_task_group.py
[2024-09-08T06:44:35.879+0000] {processor.py:914} INFO - Processing file /home/airflow/.local/lib/python3.12/site-packages/airflow/example_dags/example_task_group.py for tasks to queue
[2024-09-08T06:44:35.880+0000] {logging_mixin.py:190} INFO - [2024-09-08T06:44:35.880+0000] {dagbag.py:587} INFO - Filling up the DagBag from /home/airflow/.local/lib/python3.12/site-packages/airflow/example_dags/example_task_group.py
[2024-09-08T06:44:35.884+0000] {processor.py:925} INFO - DAG(s) 'example_task_group' retrieved from /home/airflow/.local/lib/python3.12/site-packages/airflow/example_dags/example_task_group.py
[2024-09-08T06:44:35.900+0000] {logging_mixin.py:190} INFO - [2024-09-08T06:44:35.900+0000] {dag.py:3229} INFO - Sync 1 DAGs
[2024-09-08T06:44:35.910+0000] {logging_mixin.py:190} INFO - [2024-09-08T06:44:35.910+0000] {dag.py:4156} INFO - Setting next_dagrun for example_task_group to None, run_after=None
[2024-09-08T06:44:35.921+0000] {processor.py:208} INFO - Processing /home/airflow/.local/lib/python3.12/site-packages/airflow/example_dags/example_task_group.py took 0.045 seconds
[2024-09-08T06:45:06.577+0000] {processor.py:186} INFO - Started process (PID=771) to work on /home/airflow/.local/lib/python3.12/site-packages/airflow/example_dags/example_task_group.py
[2024-09-08T06:45:06.578+0000] {processor.py:914} INFO - Processing file /home/airflow/.local/lib/python3.12/site-packages/airflow/example_dags/example_task_group.py for tasks to queue
[2024-09-08T06:45:06.579+0000] {logging_mixin.py:190} INFO - [2024-09-08T06:45:06.579+0000] {dagbag.py:587} INFO - Filling up the DagBag from /home/airflow/.local/lib/python3.12/site-packages/airflow/example_dags/example_task_group.py
[2024-09-08T06:45:06.585+0000] {processor.py:925} INFO - DAG(s) 'example_task_group' retrieved from /home/airflow/.local/lib/python3.12/site-packages/airflow/example_dags/example_task_group.py
[2024-09-08T06:45:06.605+0000] {logging_mixin.py:190} INFO - [2024-09-08T06:45:06.605+0000] {dag.py:3229} INFO - Sync 1 DAGs
[2024-09-08T06:45:06.618+0000] {logging_mixin.py:190} INFO - [2024-09-08T06:45:06.618+0000] {dag.py:4156} INFO - Setting next_dagrun for example_task_group to None, run_after=None
[2024-09-08T06:45:06.631+0000] {processor.py:208} INFO - Processing /home/airflow/.local/lib/python3.12/site-packages/airflow/example_dags/example_task_group.py took 0.057 seconds
[2024-09-08T06:45:36.923+0000] {processor.py:186} INFO - Started process (PID=833) to work on /home/airflow/.local/lib/python3.12/site-packages/airflow/example_dags/example_task_group.py
[2024-09-08T06:45:36.923+0000] {processor.py:914} INFO - Processing file /home/airflow/.local/lib/python3.12/site-packages/airflow/example_dags/example_task_group.py for tasks to queue
[2024-09-08T06:45:36.924+0000] {logging_mixin.py:190} INFO - [2024-09-08T06:45:36.924+0000] {dagbag.py:587} INFO - Filling up the DagBag from /home/airflow/.local/lib/python3.12/site-packages/airflow/example_dags/example_task_group.py
[2024-09-08T06:45:36.929+0000] {processor.py:925} INFO - DAG(s) 'example_task_group' retrieved from /home/airflow/.local/lib/python3.12/site-packages/airflow/example_dags/example_task_group.py
[2024-09-08T06:45:36.940+0000] {logging_mixin.py:190} INFO - [2024-09-08T06:45:36.940+0000] {dag.py:3229} INFO - Sync 1 DAGs
[2024-09-08T06:45:36.948+0000] {logging_mixin.py:190} INFO - [2024-09-08T06:45:36.948+0000] {dag.py:4156} INFO - Setting next_dagrun for example_task_group to None, run_after=None
[2024-09-08T06:45:36.959+0000] {processor.py:208} INFO - Processing /home/airflow/.local/lib/python3.12/site-packages/airflow/example_dags/example_task_group.py took 0.039 seconds
[2024-09-08T06:46:07.422+0000] {processor.py:186} INFO - Started process (PID=895) to work on /home/airflow/.local/lib/python3.12/site-packages/airflow/example_dags/example_task_group.py
[2024-09-08T06:46:07.422+0000] {processor.py:914} INFO - Processing file /home/airflow/.local/lib/python3.12/site-packages/airflow/example_dags/example_task_group.py for tasks to queue
[2024-09-08T06:46:07.423+0000] {logging_mixin.py:190} INFO - [2024-09-08T06:46:07.423+0000] {dagbag.py:587} INFO - Filling up the DagBag from /home/airflow/.local/lib/python3.12/site-packages/airflow/example_dags/example_task_group.py
[2024-09-08T06:46:07.428+0000] {processor.py:925} INFO - DAG(s) 'example_task_group' retrieved from /home/airflow/.local/lib/python3.12/site-packages/airflow/example_dags/example_task_group.py
[2024-09-08T06:46:07.442+0000] {logging_mixin.py:190} INFO - [2024-09-08T06:46:07.442+0000] {dag.py:3229} INFO - Sync 1 DAGs
[2024-09-08T06:46:07.448+0000] {logging_mixin.py:190} INFO - [2024-09-08T06:46:07.448+0000] {dag.py:4156} INFO - Setting next_dagrun for example_task_group to None, run_after=None
[2024-09-08T06:46:07.459+0000] {processor.py:208} INFO - Processing /home/airflow/.local/lib/python3.12/site-packages/airflow/example_dags/example_task_group.py took 0.041 seconds
[2024-09-08T06:46:37.930+0000] {processor.py:186} INFO - Started process (PID=957) to work on /home/airflow/.local/lib/python3.12/site-packages/airflow/example_dags/example_task_group.py
[2024-09-08T06:46:37.931+0000] {processor.py:914} INFO - Processing file /home/airflow/.local/lib/python3.12/site-packages/airflow/example_dags/example_task_group.py for tasks to queue
[2024-09-08T06:46:37.932+0000] {logging_mixin.py:190} INFO - [2024-09-08T06:46:37.932+0000] {dagbag.py:587} INFO - Filling up the DagBag from /home/airflow/.local/lib/python3.12/site-packages/airflow/example_dags/example_task_group.py
[2024-09-08T06:46:37.938+0000] {processor.py:925} INFO - DAG(s) 'example_task_group' retrieved from /home/airflow/.local/lib/python3.12/site-packages/airflow/example_dags/example_task_group.py
[2024-09-08T06:46:37.954+0000] {logging_mixin.py:190} INFO - [2024-09-08T06:46:37.954+0000] {dag.py:3229} INFO - Sync 1 DAGs
[2024-09-08T06:46:37.964+0000] {logging_mixin.py:190} INFO - [2024-09-08T06:46:37.964+0000] {dag.py:4156} INFO - Setting next_dagrun for example_task_group to None, run_after=None
[2024-09-08T06:46:37.977+0000] {processor.py:208} INFO - Processing /home/airflow/.local/lib/python3.12/site-packages/airflow/example_dags/example_task_group.py took 0.051 seconds
[2024-09-08T06:47:08.429+0000] {processor.py:186} INFO - Started process (PID=1019) to work on /home/airflow/.local/lib/python3.12/site-packages/airflow/example_dags/example_task_group.py
[2024-09-08T06:47:08.430+0000] {processor.py:914} INFO - Processing file /home/airflow/.local/lib/python3.12/site-packages/airflow/example_dags/example_task_group.py for tasks to queue
[2024-09-08T06:47:08.431+0000] {logging_mixin.py:190} INFO - [2024-09-08T06:47:08.431+0000] {dagbag.py:587} INFO - Filling up the DagBag from /home/airflow/.local/lib/python3.12/site-packages/airflow/example_dags/example_task_group.py
[2024-09-08T06:47:08.437+0000] {processor.py:925} INFO - DAG(s) 'example_task_group' retrieved from /home/airflow/.local/lib/python3.12/site-packages/airflow/example_dags/example_task_group.py
[2024-09-08T06:47:08.452+0000] {logging_mixin.py:190} INFO - [2024-09-08T06:47:08.452+0000] {dag.py:3229} INFO - Sync 1 DAGs
[2024-09-08T06:47:08.462+0000] {logging_mixin.py:190} INFO - [2024-09-08T06:47:08.461+0000] {dag.py:4156} INFO - Setting next_dagrun for example_task_group to None, run_after=None
[2024-09-08T06:47:08.474+0000] {processor.py:208} INFO - Processing /home/airflow/.local/lib/python3.12/site-packages/airflow/example_dags/example_task_group.py took 0.048 seconds
[2024-09-08T06:47:39.050+0000] {processor.py:186} INFO - Started process (PID=1081) to work on /home/airflow/.local/lib/python3.12/site-packages/airflow/example_dags/example_task_group.py
[2024-09-08T06:47:39.051+0000] {processor.py:914} INFO - Processing file /home/airflow/.local/lib/python3.12/site-packages/airflow/example_dags/example_task_group.py for tasks to queue
[2024-09-08T06:47:39.052+0000] {logging_mixin.py:190} INFO - [2024-09-08T06:47:39.052+0000] {dagbag.py:587} INFO - Filling up the DagBag from /home/airflow/.local/lib/python3.12/site-packages/airflow/example_dags/example_task_group.py
[2024-09-08T06:47:39.057+0000] {processor.py:925} INFO - DAG(s) 'example_task_group' retrieved from /home/airflow/.local/lib/python3.12/site-packages/airflow/example_dags/example_task_group.py
[2024-09-08T06:47:39.071+0000] {logging_mixin.py:190} INFO - [2024-09-08T06:47:39.071+0000] {dag.py:3229} INFO - Sync 1 DAGs
[2024-09-08T06:47:39.079+0000] {logging_mixin.py:190} INFO - [2024-09-08T06:47:39.079+0000] {dag.py:4156} INFO - Setting next_dagrun for example_task_group to None, run_after=None
[2024-09-08T06:47:39.089+0000] {processor.py:208} INFO - Processing /home/airflow/.local/lib/python3.12/site-packages/airflow/example_dags/example_task_group.py took 0.043 seconds
[2024-09-08T06:48:09.507+0000] {processor.py:186} INFO - Started process (PID=1143) to work on /home/airflow/.local/lib/python3.12/site-packages/airflow/example_dags/example_task_group.py
[2024-09-08T06:48:09.507+0000] {processor.py:914} INFO - Processing file /home/airflow/.local/lib/python3.12/site-packages/airflow/example_dags/example_task_group.py for tasks to queue
[2024-09-08T06:48:09.509+0000] {logging_mixin.py:190} INFO - [2024-09-08T06:48:09.509+0000] {dagbag.py:587} INFO - Filling up the DagBag from /home/airflow/.local/lib/python3.12/site-packages/airflow/example_dags/example_task_group.py
[2024-09-08T06:48:09.513+0000] {processor.py:925} INFO - DAG(s) 'example_task_group' retrieved from /home/airflow/.local/lib/python3.12/site-packages/airflow/example_dags/example_task_group.py
[2024-09-08T06:48:09.530+0000] {logging_mixin.py:190} INFO - [2024-09-08T06:48:09.530+0000] {dag.py:3229} INFO - Sync 1 DAGs
[2024-09-08T06:48:09.541+0000] {logging_mixin.py:190} INFO - [2024-09-08T06:48:09.541+0000] {dag.py:4156} INFO - Setting next_dagrun for example_task_group to None, run_after=None
[2024-09-08T06:48:09.555+0000] {processor.py:208} INFO - Processing /home/airflow/.local/lib/python3.12/site-packages/airflow/example_dags/example_task_group.py took 0.053 seconds
[2024-09-08T06:48:40.146+0000] {processor.py:186} INFO - Started process (PID=1205) to work on /home/airflow/.local/lib/python3.12/site-packages/airflow/example_dags/example_task_group.py
[2024-09-08T06:48:40.146+0000] {processor.py:914} INFO - Processing file /home/airflow/.local/lib/python3.12/site-packages/airflow/example_dags/example_task_group.py for tasks to queue
[2024-09-08T06:48:40.147+0000] {logging_mixin.py:190} INFO - [2024-09-08T06:48:40.147+0000] {dagbag.py:587} INFO - Filling up the DagBag from /home/airflow/.local/lib/python3.12/site-packages/airflow/example_dags/example_task_group.py
[2024-09-08T06:48:40.152+0000] {processor.py:925} INFO - DAG(s) 'example_task_group' retrieved from /home/airflow/.local/lib/python3.12/site-packages/airflow/example_dags/example_task_group.py
[2024-09-08T06:48:40.166+0000] {logging_mixin.py:190} INFO - [2024-09-08T06:48:40.166+0000] {dag.py:3229} INFO - Sync 1 DAGs
[2024-09-08T06:48:40.176+0000] {logging_mixin.py:190} INFO - [2024-09-08T06:48:40.176+0000] {dag.py:4156} INFO - Setting next_dagrun for example_task_group to None, run_after=None
[2024-09-08T06:48:40.187+0000] {processor.py:208} INFO - Processing /home/airflow/.local/lib/python3.12/site-packages/airflow/example_dags/example_task_group.py took 0.045 seconds
[2024-09-08T06:49:10.685+0000] {processor.py:186} INFO - Started process (PID=1267) to work on /home/airflow/.local/lib/python3.12/site-packages/airflow/example_dags/example_task_group.py
[2024-09-08T06:49:10.685+0000] {processor.py:914} INFO - Processing file /home/airflow/.local/lib/python3.12/site-packages/airflow/example_dags/example_task_group.py for tasks to queue
[2024-09-08T06:49:10.687+0000] {logging_mixin.py:190} INFO - [2024-09-08T06:49:10.686+0000] {dagbag.py:587} INFO - Filling up the DagBag from /home/airflow/.local/lib/python3.12/site-packages/airflow/example_dags/example_task_group.py
[2024-09-08T06:49:10.691+0000] {processor.py:925} INFO - DAG(s) 'example_task_group' retrieved from /home/airflow/.local/lib/python3.12/site-packages/airflow/example_dags/example_task_group.py
[2024-09-08T06:49:10.707+0000] {logging_mixin.py:190} INFO - [2024-09-08T06:49:10.707+0000] {dag.py:3229} INFO - Sync 1 DAGs
[2024-09-08T06:49:10.718+0000] {logging_mixin.py:190} INFO - [2024-09-08T06:49:10.718+0000] {dag.py:4156} INFO - Setting next_dagrun for example_task_group to None, run_after=None
[2024-09-08T06:49:10.731+0000] {processor.py:208} INFO - Processing /home/airflow/.local/lib/python3.12/site-packages/airflow/example_dags/example_task_group.py took 0.050 seconds
[2024-09-08T06:49:41.389+0000] {processor.py:186} INFO - Started process (PID=1329) to work on /home/airflow/.local/lib/python3.12/site-packages/airflow/example_dags/example_task_group.py
[2024-09-08T06:49:41.390+0000] {processor.py:914} INFO - Processing file /home/airflow/.local/lib/python3.12/site-packages/airflow/example_dags/example_task_group.py for tasks to queue
[2024-09-08T06:49:41.391+0000] {logging_mixin.py:190} INFO - [2024-09-08T06:49:41.391+0000] {dagbag.py:587} INFO - Filling up the DagBag from /home/airflow/.local/lib/python3.12/site-packages/airflow/example_dags/example_task_group.py
[2024-09-08T06:49:41.395+0000] {processor.py:925} INFO - DAG(s) 'example_task_group' retrieved from /home/airflow/.local/lib/python3.12/site-packages/airflow/example_dags/example_task_group.py
[2024-09-08T06:49:41.411+0000] {logging_mixin.py:190} INFO - [2024-09-08T06:49:41.411+0000] {dag.py:3229} INFO - Sync 1 DAGs
[2024-09-08T06:49:41.418+0000] {logging_mixin.py:190} INFO - [2024-09-08T06:49:41.418+0000] {dag.py:4156} INFO - Setting next_dagrun for example_task_group to None, run_after=None
[2024-09-08T06:49:41.428+0000] {processor.py:208} INFO - Processing /home/airflow/.local/lib/python3.12/site-packages/airflow/example_dags/example_task_group.py took 0.043 seconds
[2024-09-08T06:50:11.883+0000] {processor.py:186} INFO - Started process (PID=1391) to work on /home/airflow/.local/lib/python3.12/site-packages/airflow/example_dags/example_task_group.py
[2024-09-08T06:50:11.884+0000] {processor.py:914} INFO - Processing file /home/airflow/.local/lib/python3.12/site-packages/airflow/example_dags/example_task_group.py for tasks to queue
[2024-09-08T06:50:11.885+0000] {logging_mixin.py:190} INFO - [2024-09-08T06:50:11.885+0000] {dagbag.py:587} INFO - Filling up the DagBag from /home/airflow/.local/lib/python3.12/site-packages/airflow/example_dags/example_task_group.py
[2024-09-08T06:50:11.891+0000] {processor.py:925} INFO - DAG(s) 'example_task_group' retrieved from /home/airflow/.local/lib/python3.12/site-packages/airflow/example_dags/example_task_group.py
[2024-09-08T06:50:11.907+0000] {logging_mixin.py:190} INFO - [2024-09-08T06:50:11.907+0000] {dag.py:3229} INFO - Sync 1 DAGs
[2024-09-08T06:50:11.916+0000] {logging_mixin.py:190} INFO - [2024-09-08T06:50:11.915+0000] {dag.py:4156} INFO - Setting next_dagrun for example_task_group to None, run_after=None
[2024-09-08T06:50:11.928+0000] {processor.py:208} INFO - Processing /home/airflow/.local/lib/python3.12/site-packages/airflow/example_dags/example_task_group.py took 0.049 seconds
[2024-09-08T06:50:42.401+0000] {processor.py:186} INFO - Started process (PID=1453) to work on /home/airflow/.local/lib/python3.12/site-packages/airflow/example_dags/example_task_group.py
[2024-09-08T06:50:42.402+0000] {processor.py:914} INFO - Processing file /home/airflow/.local/lib/python3.12/site-packages/airflow/example_dags/example_task_group.py for tasks to queue
[2024-09-08T06:50:42.403+0000] {logging_mixin.py:190} INFO - [2024-09-08T06:50:42.403+0000] {dagbag.py:587} INFO - Filling up the DagBag from /home/airflow/.local/lib/python3.12/site-packages/airflow/example_dags/example_task_group.py
[2024-09-08T06:50:42.408+0000] {processor.py:925} INFO - DAG(s) 'example_task_group' retrieved from /home/airflow/.local/lib/python3.12/site-packages/airflow/example_dags/example_task_group.py
[2024-09-08T06:50:42.423+0000] {logging_mixin.py:190} INFO - [2024-09-08T06:50:42.423+0000] {dag.py:3229} INFO - Sync 1 DAGs
[2024-09-08T06:50:42.432+0000] {logging_mixin.py:190} INFO - [2024-09-08T06:50:42.432+0000] {dag.py:4156} INFO - Setting next_dagrun for example_task_group to None, run_after=None
[2024-09-08T06:50:42.446+0000] {processor.py:208} INFO - Processing /home/airflow/.local/lib/python3.12/site-packages/airflow/example_dags/example_task_group.py took 0.047 seconds
[2024-09-08T06:51:12.964+0000] {processor.py:186} INFO - Started process (PID=1515) to work on /home/airflow/.local/lib/python3.12/site-packages/airflow/example_dags/example_task_group.py
[2024-09-08T06:51:12.965+0000] {processor.py:914} INFO - Processing file /home/airflow/.local/lib/python3.12/site-packages/airflow/example_dags/example_task_group.py for tasks to queue
[2024-09-08T06:51:12.966+0000] {logging_mixin.py:190} INFO - [2024-09-08T06:51:12.966+0000] {dagbag.py:587} INFO - Filling up the DagBag from /home/airflow/.local/lib/python3.12/site-packages/airflow/example_dags/example_task_group.py
[2024-09-08T06:51:12.970+0000] {processor.py:925} INFO - DAG(s) 'example_task_group' retrieved from /home/airflow/.local/lib/python3.12/site-packages/airflow/example_dags/example_task_group.py
[2024-09-08T06:51:12.985+0000] {logging_mixin.py:190} INFO - [2024-09-08T06:51:12.984+0000] {dag.py:3229} INFO - Sync 1 DAGs
[2024-09-08T06:51:12.995+0000] {logging_mixin.py:190} INFO - [2024-09-08T06:51:12.995+0000] {dag.py:4156} INFO - Setting next_dagrun for example_task_group to None, run_after=None
[2024-09-08T06:51:13.005+0000] {processor.py:208} INFO - Processing /home/airflow/.local/lib/python3.12/site-packages/airflow/example_dags/example_task_group.py took 0.044 seconds
[2024-09-08T06:51:43.366+0000] {processor.py:186} INFO - Started process (PID=1577) to work on /home/airflow/.local/lib/python3.12/site-packages/airflow/example_dags/example_task_group.py
[2024-09-08T06:51:43.366+0000] {processor.py:914} INFO - Processing file /home/airflow/.local/lib/python3.12/site-packages/airflow/example_dags/example_task_group.py for tasks to queue
[2024-09-08T06:51:43.368+0000] {logging_mixin.py:190} INFO - [2024-09-08T06:51:43.368+0000] {dagbag.py:587} INFO - Filling up the DagBag from /home/airflow/.local/lib/python3.12/site-packages/airflow/example_dags/example_task_group.py
[2024-09-08T06:51:43.372+0000] {processor.py:925} INFO - DAG(s) 'example_task_group' retrieved from /home/airflow/.local/lib/python3.12/site-packages/airflow/example_dags/example_task_group.py
[2024-09-08T06:51:43.384+0000] {logging_mixin.py:190} INFO - [2024-09-08T06:51:43.384+0000] {dag.py:3229} INFO - Sync 1 DAGs
[2024-09-08T06:51:43.391+0000] {logging_mixin.py:190} INFO - [2024-09-08T06:51:43.391+0000] {dag.py:4156} INFO - Setting next_dagrun for example_task_group to None, run_after=None
[2024-09-08T06:51:43.401+0000] {processor.py:208} INFO - Processing /home/airflow/.local/lib/python3.12/site-packages/airflow/example_dags/example_task_group.py took 0.039 seconds
[2024-09-08T06:52:14.014+0000] {processor.py:186} INFO - Started process (PID=1639) to work on /home/airflow/.local/lib/python3.12/site-packages/airflow/example_dags/example_task_group.py
[2024-09-08T06:52:14.015+0000] {processor.py:914} INFO - Processing file /home/airflow/.local/lib/python3.12/site-packages/airflow/example_dags/example_task_group.py for tasks to queue
[2024-09-08T06:52:14.016+0000] {logging_mixin.py:190} INFO - [2024-09-08T06:52:14.016+0000] {dagbag.py:587} INFO - Filling up the DagBag from /home/airflow/.local/lib/python3.12/site-packages/airflow/example_dags/example_task_group.py
[2024-09-08T06:52:14.022+0000] {processor.py:925} INFO - DAG(s) 'example_task_group' retrieved from /home/airflow/.local/lib/python3.12/site-packages/airflow/example_dags/example_task_group.py
[2024-09-08T06:52:14.038+0000] {logging_mixin.py:190} INFO - [2024-09-08T06:52:14.038+0000] {dag.py:3229} INFO - Sync 1 DAGs
[2024-09-08T06:52:14.048+0000] {logging_mixin.py:190} INFO - [2024-09-08T06:52:14.048+0000] {dag.py:4156} INFO - Setting next_dagrun for example_task_group to None, run_after=None
[2024-09-08T06:52:14.061+0000] {processor.py:208} INFO - Processing /home/airflow/.local/lib/python3.12/site-packages/airflow/example_dags/example_task_group.py took 0.051 seconds
[2024-09-08T06:52:44.625+0000] {processor.py:186} INFO - Started process (PID=1707) to work on /home/airflow/.local/lib/python3.12/site-packages/airflow/example_dags/example_task_group.py
[2024-09-08T06:52:44.626+0000] {processor.py:914} INFO - Processing file /home/airflow/.local/lib/python3.12/site-packages/airflow/example_dags/example_task_group.py for tasks to queue
[2024-09-08T06:52:44.628+0000] {logging_mixin.py:190} INFO - [2024-09-08T06:52:44.627+0000] {dagbag.py:587} INFO - Filling up the DagBag from /home/airflow/.local/lib/python3.12/site-packages/airflow/example_dags/example_task_group.py
[2024-09-08T06:52:44.632+0000] {processor.py:925} INFO - DAG(s) 'example_task_group' retrieved from /home/airflow/.local/lib/python3.12/site-packages/airflow/example_dags/example_task_group.py
[2024-09-08T06:52:44.647+0000] {logging_mixin.py:190} INFO - [2024-09-08T06:52:44.647+0000] {dag.py:3229} INFO - Sync 1 DAGs
[2024-09-08T06:52:44.655+0000] {logging_mixin.py:190} INFO - [2024-09-08T06:52:44.655+0000] {dag.py:4156} INFO - Setting next_dagrun for example_task_group to None, run_after=None
[2024-09-08T06:52:44.668+0000] {processor.py:208} INFO - Processing /home/airflow/.local/lib/python3.12/site-packages/airflow/example_dags/example_task_group.py took 0.047 seconds
[2024-09-08T06:53:15.244+0000] {processor.py:186} INFO - Started process (PID=1769) to work on /home/airflow/.local/lib/python3.12/site-packages/airflow/example_dags/example_task_group.py
[2024-09-08T06:53:15.244+0000] {processor.py:914} INFO - Processing file /home/airflow/.local/lib/python3.12/site-packages/airflow/example_dags/example_task_group.py for tasks to queue
[2024-09-08T06:53:15.245+0000] {logging_mixin.py:190} INFO - [2024-09-08T06:53:15.245+0000] {dagbag.py:587} INFO - Filling up the DagBag from /home/airflow/.local/lib/python3.12/site-packages/airflow/example_dags/example_task_group.py
[2024-09-08T06:53:15.250+0000] {processor.py:925} INFO - DAG(s) 'example_task_group' retrieved from /home/airflow/.local/lib/python3.12/site-packages/airflow/example_dags/example_task_group.py
[2024-09-08T06:53:15.262+0000] {logging_mixin.py:190} INFO - [2024-09-08T06:53:15.262+0000] {dag.py:3229} INFO - Sync 1 DAGs
[2024-09-08T06:53:15.270+0000] {logging_mixin.py:190} INFO - [2024-09-08T06:53:15.270+0000] {dag.py:4156} INFO - Setting next_dagrun for example_task_group to None, run_after=None
[2024-09-08T06:53:15.280+0000] {processor.py:208} INFO - Processing /home/airflow/.local/lib/python3.12/site-packages/airflow/example_dags/example_task_group.py took 0.039 seconds
[2024-09-08T06:53:45.872+0000] {processor.py:186} INFO - Started process (PID=1831) to work on /home/airflow/.local/lib/python3.12/site-packages/airflow/example_dags/example_task_group.py
[2024-09-08T06:53:45.873+0000] {processor.py:914} INFO - Processing file /home/airflow/.local/lib/python3.12/site-packages/airflow/example_dags/example_task_group.py for tasks to queue
[2024-09-08T06:53:45.874+0000] {logging_mixin.py:190} INFO - [2024-09-08T06:53:45.874+0000] {dagbag.py:587} INFO - Filling up the DagBag from /home/airflow/.local/lib/python3.12/site-packages/airflow/example_dags/example_task_group.py
[2024-09-08T06:53:45.880+0000] {processor.py:925} INFO - DAG(s) 'example_task_group' retrieved from /home/airflow/.local/lib/python3.12/site-packages/airflow/example_dags/example_task_group.py
[2024-09-08T06:53:45.895+0000] {logging_mixin.py:190} INFO - [2024-09-08T06:53:45.895+0000] {dag.py:3229} INFO - Sync 1 DAGs
[2024-09-08T06:53:45.905+0000] {logging_mixin.py:190} INFO - [2024-09-08T06:53:45.905+0000] {dag.py:4156} INFO - Setting next_dagrun for example_task_group to None, run_after=None
[2024-09-08T06:53:45.917+0000] {processor.py:208} INFO - Processing /home/airflow/.local/lib/python3.12/site-packages/airflow/example_dags/example_task_group.py took 0.048 seconds
[2024-09-08T06:54:16.462+0000] {processor.py:186} INFO - Started process (PID=1893) to work on /home/airflow/.local/lib/python3.12/site-packages/airflow/example_dags/example_task_group.py
[2024-09-08T06:54:16.462+0000] {processor.py:914} INFO - Processing file /home/airflow/.local/lib/python3.12/site-packages/airflow/example_dags/example_task_group.py for tasks to queue
[2024-09-08T06:54:16.463+0000] {logging_mixin.py:190} INFO - [2024-09-08T06:54:16.463+0000] {dagbag.py:587} INFO - Filling up the DagBag from /home/airflow/.local/lib/python3.12/site-packages/airflow/example_dags/example_task_group.py
[2024-09-08T06:54:16.468+0000] {processor.py:925} INFO - DAG(s) 'example_task_group' retrieved from /home/airflow/.local/lib/python3.12/site-packages/airflow/example_dags/example_task_group.py
[2024-09-08T06:54:16.482+0000] {logging_mixin.py:190} INFO - [2024-09-08T06:54:16.482+0000] {dag.py:3229} INFO - Sync 1 DAGs
[2024-09-08T06:54:16.492+0000] {logging_mixin.py:190} INFO - [2024-09-08T06:54:16.492+0000] {dag.py:4156} INFO - Setting next_dagrun for example_task_group to None, run_after=None
[2024-09-08T06:54:16.505+0000] {processor.py:208} INFO - Processing /home/airflow/.local/lib/python3.12/site-packages/airflow/example_dags/example_task_group.py took 0.046 seconds
[2024-09-08T06:54:47.050+0000] {processor.py:186} INFO - Started process (PID=1955) to work on /home/airflow/.local/lib/python3.12/site-packages/airflow/example_dags/example_task_group.py
[2024-09-08T06:54:47.050+0000] {processor.py:914} INFO - Processing file /home/airflow/.local/lib/python3.12/site-packages/airflow/example_dags/example_task_group.py for tasks to queue
[2024-09-08T06:54:47.052+0000] {logging_mixin.py:190} INFO - [2024-09-08T06:54:47.052+0000] {dagbag.py:587} INFO - Filling up the DagBag from /home/airflow/.local/lib/python3.12/site-packages/airflow/example_dags/example_task_group.py
[2024-09-08T06:54:47.057+0000] {processor.py:925} INFO - DAG(s) 'example_task_group' retrieved from /home/airflow/.local/lib/python3.12/site-packages/airflow/example_dags/example_task_group.py
[2024-09-08T06:54:47.070+0000] {logging_mixin.py:190} INFO - [2024-09-08T06:54:47.069+0000] {dag.py:3229} INFO - Sync 1 DAGs
[2024-09-08T06:54:47.077+0000] {logging_mixin.py:190} INFO - [2024-09-08T06:54:47.077+0000] {dag.py:4156} INFO - Setting next_dagrun for example_task_group to None, run_after=None
[2024-09-08T06:54:47.087+0000] {processor.py:208} INFO - Processing /home/airflow/.local/lib/python3.12/site-packages/airflow/example_dags/example_task_group.py took 0.041 seconds
[2024-09-08T06:55:17.429+0000] {processor.py:186} INFO - Started process (PID=2017) to work on /home/airflow/.local/lib/python3.12/site-packages/airflow/example_dags/example_task_group.py
[2024-09-08T06:55:17.429+0000] {processor.py:914} INFO - Processing file /home/airflow/.local/lib/python3.12/site-packages/airflow/example_dags/example_task_group.py for tasks to queue
[2024-09-08T06:55:17.431+0000] {logging_mixin.py:190} INFO - [2024-09-08T06:55:17.431+0000] {dagbag.py:587} INFO - Filling up the DagBag from /home/airflow/.local/lib/python3.12/site-packages/airflow/example_dags/example_task_group.py
[2024-09-08T06:55:17.437+0000] {processor.py:925} INFO - DAG(s) 'example_task_group' retrieved from /home/airflow/.local/lib/python3.12/site-packages/airflow/example_dags/example_task_group.py
[2024-09-08T06:55:17.453+0000] {logging_mixin.py:190} INFO - [2024-09-08T06:55:17.453+0000] {dag.py:3229} INFO - Sync 1 DAGs
[2024-09-08T06:55:17.463+0000] {logging_mixin.py:190} INFO - [2024-09-08T06:55:17.463+0000] {dag.py:4156} INFO - Setting next_dagrun for example_task_group to None, run_after=None
[2024-09-08T06:55:17.474+0000] {processor.py:208} INFO - Processing /home/airflow/.local/lib/python3.12/site-packages/airflow/example_dags/example_task_group.py took 0.049 seconds
[2024-09-08T06:55:48.034+0000] {processor.py:186} INFO - Started process (PID=2079) to work on /home/airflow/.local/lib/python3.12/site-packages/airflow/example_dags/example_task_group.py
[2024-09-08T06:55:48.035+0000] {processor.py:914} INFO - Processing file /home/airflow/.local/lib/python3.12/site-packages/airflow/example_dags/example_task_group.py for tasks to queue
[2024-09-08T06:55:48.036+0000] {logging_mixin.py:190} INFO - [2024-09-08T06:55:48.036+0000] {dagbag.py:587} INFO - Filling up the DagBag from /home/airflow/.local/lib/python3.12/site-packages/airflow/example_dags/example_task_group.py
[2024-09-08T06:55:48.040+0000] {processor.py:925} INFO - DAG(s) 'example_task_group' retrieved from /home/airflow/.local/lib/python3.12/site-packages/airflow/example_dags/example_task_group.py
[2024-09-08T06:55:48.054+0000] {logging_mixin.py:190} INFO - [2024-09-08T06:55:48.054+0000] {dag.py:3229} INFO - Sync 1 DAGs
[2024-09-08T06:55:48.064+0000] {logging_mixin.py:190} INFO - [2024-09-08T06:55:48.064+0000] {dag.py:4156} INFO - Setting next_dagrun for example_task_group to None, run_after=None
[2024-09-08T06:55:48.075+0000] {processor.py:208} INFO - Processing /home/airflow/.local/lib/python3.12/site-packages/airflow/example_dags/example_task_group.py took 0.044 seconds
[2024-09-08T06:56:18.644+0000] {processor.py:186} INFO - Started process (PID=2141) to work on /home/airflow/.local/lib/python3.12/site-packages/airflow/example_dags/example_task_group.py
[2024-09-08T06:56:18.644+0000] {processor.py:914} INFO - Processing file /home/airflow/.local/lib/python3.12/site-packages/airflow/example_dags/example_task_group.py for tasks to queue
[2024-09-08T06:56:18.645+0000] {logging_mixin.py:190} INFO - [2024-09-08T06:56:18.645+0000] {dagbag.py:587} INFO - Filling up the DagBag from /home/airflow/.local/lib/python3.12/site-packages/airflow/example_dags/example_task_group.py
[2024-09-08T06:56:18.650+0000] {processor.py:925} INFO - DAG(s) 'example_task_group' retrieved from /home/airflow/.local/lib/python3.12/site-packages/airflow/example_dags/example_task_group.py
[2024-09-08T06:56:18.663+0000] {logging_mixin.py:190} INFO - [2024-09-08T06:56:18.663+0000] {dag.py:3229} INFO - Sync 1 DAGs
[2024-09-08T06:56:18.670+0000] {logging_mixin.py:190} INFO - [2024-09-08T06:56:18.670+0000] {dag.py:4156} INFO - Setting next_dagrun for example_task_group to None, run_after=None
[2024-09-08T06:56:18.681+0000] {processor.py:208} INFO - Processing /home/airflow/.local/lib/python3.12/site-packages/airflow/example_dags/example_task_group.py took 0.040 seconds
[2024-09-08T06:56:49.237+0000] {processor.py:186} INFO - Started process (PID=2203) to work on /home/airflow/.local/lib/python3.12/site-packages/airflow/example_dags/example_task_group.py
[2024-09-08T06:56:49.237+0000] {processor.py:914} INFO - Processing file /home/airflow/.local/lib/python3.12/site-packages/airflow/example_dags/example_task_group.py for tasks to queue
[2024-09-08T06:56:49.238+0000] {logging_mixin.py:190} INFO - [2024-09-08T06:56:49.238+0000] {dagbag.py:587} INFO - Filling up the DagBag from /home/airflow/.local/lib/python3.12/site-packages/airflow/example_dags/example_task_group.py
[2024-09-08T06:56:49.243+0000] {processor.py:925} INFO - DAG(s) 'example_task_group' retrieved from /home/airflow/.local/lib/python3.12/site-packages/airflow/example_dags/example_task_group.py
[2024-09-08T06:56:49.258+0000] {logging_mixin.py:190} INFO - [2024-09-08T06:56:49.258+0000] {dag.py:3229} INFO - Sync 1 DAGs
[2024-09-08T06:56:49.268+0000] {logging_mixin.py:190} INFO - [2024-09-08T06:56:49.268+0000] {dag.py:4156} INFO - Setting next_dagrun for example_task_group to None, run_after=None
[2024-09-08T06:56:49.280+0000] {processor.py:208} INFO - Processing /home/airflow/.local/lib/python3.12/site-packages/airflow/example_dags/example_task_group.py took 0.047 seconds
[2024-09-08T06:57:19.950+0000] {processor.py:186} INFO - Started process (PID=2265) to work on /home/airflow/.local/lib/python3.12/site-packages/airflow/example_dags/example_task_group.py
[2024-09-08T06:57:19.950+0000] {processor.py:914} INFO - Processing file /home/airflow/.local/lib/python3.12/site-packages/airflow/example_dags/example_task_group.py for tasks to queue
[2024-09-08T06:57:19.952+0000] {logging_mixin.py:190} INFO - [2024-09-08T06:57:19.951+0000] {dagbag.py:587} INFO - Filling up the DagBag from /home/airflow/.local/lib/python3.12/site-packages/airflow/example_dags/example_task_group.py
[2024-09-08T06:57:19.957+0000] {processor.py:925} INFO - DAG(s) 'example_task_group' retrieved from /home/airflow/.local/lib/python3.12/site-packages/airflow/example_dags/example_task_group.py
[2024-09-08T06:57:19.972+0000] {logging_mixin.py:190} INFO - [2024-09-08T06:57:19.972+0000] {dag.py:3229} INFO - Sync 1 DAGs
[2024-09-08T06:57:19.980+0000] {logging_mixin.py:190} INFO - [2024-09-08T06:57:19.980+0000] {dag.py:4156} INFO - Setting next_dagrun for example_task_group to None, run_after=None
[2024-09-08T06:57:19.990+0000] {processor.py:208} INFO - Processing /home/airflow/.local/lib/python3.12/site-packages/airflow/example_dags/example_task_group.py took 0.044 seconds
[2024-09-08T06:57:50.658+0000] {processor.py:186} INFO - Started process (PID=2327) to work on /home/airflow/.local/lib/python3.12/site-packages/airflow/example_dags/example_task_group.py
[2024-09-08T06:57:50.659+0000] {processor.py:914} INFO - Processing file /home/airflow/.local/lib/python3.12/site-packages/airflow/example_dags/example_task_group.py for tasks to queue
[2024-09-08T06:57:50.660+0000] {logging_mixin.py:190} INFO - [2024-09-08T06:57:50.660+0000] {dagbag.py:587} INFO - Filling up the DagBag from /home/airflow/.local/lib/python3.12/site-packages/airflow/example_dags/example_task_group.py
[2024-09-08T06:57:50.666+0000] {processor.py:925} INFO - DAG(s) 'example_task_group' retrieved from /home/airflow/.local/lib/python3.12/site-packages/airflow/example_dags/example_task_group.py
[2024-09-08T06:57:50.681+0000] {logging_mixin.py:190} INFO - [2024-09-08T06:57:50.680+0000] {dag.py:3229} INFO - Sync 1 DAGs
[2024-09-08T06:57:50.687+0000] {logging_mixin.py:190} INFO - [2024-09-08T06:57:50.687+0000] {dag.py:4156} INFO - Setting next_dagrun for example_task_group to None, run_after=None
[2024-09-08T06:57:50.698+0000] {processor.py:208} INFO - Processing /home/airflow/.local/lib/python3.12/site-packages/airflow/example_dags/example_task_group.py took 0.044 seconds
[2024-09-08T06:58:21.565+0000] {processor.py:186} INFO - Started process (PID=2389) to work on /home/airflow/.local/lib/python3.12/site-packages/airflow/example_dags/example_task_group.py
[2024-09-08T06:58:21.565+0000] {processor.py:914} INFO - Processing file /home/airflow/.local/lib/python3.12/site-packages/airflow/example_dags/example_task_group.py for tasks to queue
[2024-09-08T06:58:21.567+0000] {logging_mixin.py:190} INFO - [2024-09-08T06:58:21.566+0000] {dagbag.py:587} INFO - Filling up the DagBag from /home/airflow/.local/lib/python3.12/site-packages/airflow/example_dags/example_task_group.py
[2024-09-08T06:58:21.573+0000] {processor.py:925} INFO - DAG(s) 'example_task_group' retrieved from /home/airflow/.local/lib/python3.12/site-packages/airflow/example_dags/example_task_group.py
[2024-09-08T06:58:21.587+0000] {logging_mixin.py:190} INFO - [2024-09-08T06:58:21.587+0000] {dag.py:3229} INFO - Sync 1 DAGs
[2024-09-08T06:58:21.595+0000] {logging_mixin.py:190} INFO - [2024-09-08T06:58:21.594+0000] {dag.py:4156} INFO - Setting next_dagrun for example_task_group to None, run_after=None
[2024-09-08T06:58:21.608+0000] {processor.py:208} INFO - Processing /home/airflow/.local/lib/python3.12/site-packages/airflow/example_dags/example_task_group.py took 0.047 seconds
[2024-09-08T06:58:52.183+0000] {processor.py:186} INFO - Started process (PID=2451) to work on /home/airflow/.local/lib/python3.12/site-packages/airflow/example_dags/example_task_group.py
[2024-09-08T06:58:52.184+0000] {processor.py:914} INFO - Processing file /home/airflow/.local/lib/python3.12/site-packages/airflow/example_dags/example_task_group.py for tasks to queue
[2024-09-08T06:58:52.185+0000] {logging_mixin.py:190} INFO - [2024-09-08T06:58:52.185+0000] {dagbag.py:587} INFO - Filling up the DagBag from /home/airflow/.local/lib/python3.12/site-packages/airflow/example_dags/example_task_group.py
[2024-09-08T06:58:52.190+0000] {processor.py:925} INFO - DAG(s) 'example_task_group' retrieved from /home/airflow/.local/lib/python3.12/site-packages/airflow/example_dags/example_task_group.py
[2024-09-08T06:58:52.206+0000] {logging_mixin.py:190} INFO - [2024-09-08T06:58:52.205+0000] {dag.py:3229} INFO - Sync 1 DAGs
[2024-09-08T06:58:52.216+0000] {logging_mixin.py:190} INFO - [2024-09-08T06:58:52.215+0000] {dag.py:4156} INFO - Setting next_dagrun for example_task_group to None, run_after=None
[2024-09-08T06:58:52.228+0000] {processor.py:208} INFO - Processing /home/airflow/.local/lib/python3.12/site-packages/airflow/example_dags/example_task_group.py took 0.049 seconds
[2024-09-08T06:59:22.929+0000] {processor.py:186} INFO - Started process (PID=2513) to work on /home/airflow/.local/lib/python3.12/site-packages/airflow/example_dags/example_task_group.py
[2024-09-08T06:59:22.930+0000] {processor.py:914} INFO - Processing file /home/airflow/.local/lib/python3.12/site-packages/airflow/example_dags/example_task_group.py for tasks to queue
[2024-09-08T06:59:22.931+0000] {logging_mixin.py:190} INFO - [2024-09-08T06:59:22.931+0000] {dagbag.py:587} INFO - Filling up the DagBag from /home/airflow/.local/lib/python3.12/site-packages/airflow/example_dags/example_task_group.py
[2024-09-08T06:59:22.936+0000] {processor.py:925} INFO - DAG(s) 'example_task_group' retrieved from /home/airflow/.local/lib/python3.12/site-packages/airflow/example_dags/example_task_group.py
[2024-09-08T06:59:22.950+0000] {logging_mixin.py:190} INFO - [2024-09-08T06:59:22.950+0000] {dag.py:3229} INFO - Sync 1 DAGs
[2024-09-08T06:59:22.960+0000] {logging_mixin.py:190} INFO - [2024-09-08T06:59:22.960+0000] {dag.py:4156} INFO - Setting next_dagrun for example_task_group to None, run_after=None
[2024-09-08T06:59:22.972+0000] {processor.py:208} INFO - Processing /home/airflow/.local/lib/python3.12/site-packages/airflow/example_dags/example_task_group.py took 0.046 seconds
[2024-09-08T06:59:53.709+0000] {processor.py:186} INFO - Started process (PID=2575) to work on /home/airflow/.local/lib/python3.12/site-packages/airflow/example_dags/example_task_group.py
[2024-09-08T06:59:53.710+0000] {processor.py:914} INFO - Processing file /home/airflow/.local/lib/python3.12/site-packages/airflow/example_dags/example_task_group.py for tasks to queue
[2024-09-08T06:59:53.711+0000] {logging_mixin.py:190} INFO - [2024-09-08T06:59:53.710+0000] {dagbag.py:587} INFO - Filling up the DagBag from /home/airflow/.local/lib/python3.12/site-packages/airflow/example_dags/example_task_group.py
[2024-09-08T06:59:53.715+0000] {processor.py:925} INFO - DAG(s) 'example_task_group' retrieved from /home/airflow/.local/lib/python3.12/site-packages/airflow/example_dags/example_task_group.py
[2024-09-08T06:59:53.729+0000] {logging_mixin.py:190} INFO - [2024-09-08T06:59:53.729+0000] {dag.py:3229} INFO - Sync 1 DAGs
[2024-09-08T06:59:53.739+0000] {logging_mixin.py:190} INFO - [2024-09-08T06:59:53.739+0000] {dag.py:4156} INFO - Setting next_dagrun for example_task_group to None, run_after=None
[2024-09-08T06:59:53.753+0000] {processor.py:208} INFO - Processing /home/airflow/.local/lib/python3.12/site-packages/airflow/example_dags/example_task_group.py took 0.046 seconds
[2024-09-08T07:00:24.329+0000] {processor.py:186} INFO - Started process (PID=2637) to work on /home/airflow/.local/lib/python3.12/site-packages/airflow/example_dags/example_task_group.py
[2024-09-08T07:00:24.329+0000] {processor.py:914} INFO - Processing file /home/airflow/.local/lib/python3.12/site-packages/airflow/example_dags/example_task_group.py for tasks to queue
[2024-09-08T07:00:24.330+0000] {logging_mixin.py:190} INFO - [2024-09-08T07:00:24.330+0000] {dagbag.py:587} INFO - Filling up the DagBag from /home/airflow/.local/lib/python3.12/site-packages/airflow/example_dags/example_task_group.py
[2024-09-08T07:00:24.334+0000] {processor.py:925} INFO - DAG(s) 'example_task_group' retrieved from /home/airflow/.local/lib/python3.12/site-packages/airflow/example_dags/example_task_group.py
[2024-09-08T07:00:24.347+0000] {logging_mixin.py:190} INFO - [2024-09-08T07:00:24.347+0000] {dag.py:3229} INFO - Sync 1 DAGs
[2024-09-08T07:00:24.354+0000] {logging_mixin.py:190} INFO - [2024-09-08T07:00:24.354+0000] {dag.py:4156} INFO - Setting next_dagrun for example_task_group to None, run_after=None
[2024-09-08T07:00:24.366+0000] {processor.py:208} INFO - Processing /home/airflow/.local/lib/python3.12/site-packages/airflow/example_dags/example_task_group.py took 0.041 seconds
[2024-09-08T07:00:55.037+0000] {processor.py:186} INFO - Started process (PID=2699) to work on /home/airflow/.local/lib/python3.12/site-packages/airflow/example_dags/example_task_group.py
[2024-09-08T07:00:55.037+0000] {processor.py:914} INFO - Processing file /home/airflow/.local/lib/python3.12/site-packages/airflow/example_dags/example_task_group.py for tasks to queue
[2024-09-08T07:00:55.038+0000] {logging_mixin.py:190} INFO - [2024-09-08T07:00:55.038+0000] {dagbag.py:587} INFO - Filling up the DagBag from /home/airflow/.local/lib/python3.12/site-packages/airflow/example_dags/example_task_group.py
[2024-09-08T07:00:55.042+0000] {processor.py:925} INFO - DAG(s) 'example_task_group' retrieved from /home/airflow/.local/lib/python3.12/site-packages/airflow/example_dags/example_task_group.py
[2024-09-08T07:00:55.057+0000] {logging_mixin.py:190} INFO - [2024-09-08T07:00:55.057+0000] {dag.py:3229} INFO - Sync 1 DAGs
[2024-09-08T07:00:55.066+0000] {logging_mixin.py:190} INFO - [2024-09-08T07:00:55.065+0000] {dag.py:4156} INFO - Setting next_dagrun for example_task_group to None, run_after=None
[2024-09-08T07:00:55.078+0000] {processor.py:208} INFO - Processing /home/airflow/.local/lib/python3.12/site-packages/airflow/example_dags/example_task_group.py took 0.044 seconds
[2024-09-08T07:01:26.100+0000] {processor.py:186} INFO - Started process (PID=2761) to work on /home/airflow/.local/lib/python3.12/site-packages/airflow/example_dags/example_task_group.py
[2024-09-08T07:01:26.101+0000] {processor.py:914} INFO - Processing file /home/airflow/.local/lib/python3.12/site-packages/airflow/example_dags/example_task_group.py for tasks to queue
[2024-09-08T07:01:26.102+0000] {logging_mixin.py:190} INFO - [2024-09-08T07:01:26.102+0000] {dagbag.py:587} INFO - Filling up the DagBag from /home/airflow/.local/lib/python3.12/site-packages/airflow/example_dags/example_task_group.py
[2024-09-08T07:01:26.107+0000] {processor.py:925} INFO - DAG(s) 'example_task_group' retrieved from /home/airflow/.local/lib/python3.12/site-packages/airflow/example_dags/example_task_group.py
[2024-09-08T07:01:26.120+0000] {logging_mixin.py:190} INFO - [2024-09-08T07:01:26.119+0000] {dag.py:3229} INFO - Sync 1 DAGs
[2024-09-08T07:01:26.127+0000] {logging_mixin.py:190} INFO - [2024-09-08T07:01:26.127+0000] {dag.py:4156} INFO - Setting next_dagrun for example_task_group to None, run_after=None
[2024-09-08T07:01:26.137+0000] {processor.py:208} INFO - Processing /home/airflow/.local/lib/python3.12/site-packages/airflow/example_dags/example_task_group.py took 0.040 seconds
[2024-09-08T07:01:56.940+0000] {processor.py:186} INFO - Started process (PID=2823) to work on /home/airflow/.local/lib/python3.12/site-packages/airflow/example_dags/example_task_group.py
[2024-09-08T07:01:56.940+0000] {processor.py:914} INFO - Processing file /home/airflow/.local/lib/python3.12/site-packages/airflow/example_dags/example_task_group.py for tasks to queue
[2024-09-08T07:01:56.942+0000] {logging_mixin.py:190} INFO - [2024-09-08T07:01:56.941+0000] {dagbag.py:587} INFO - Filling up the DagBag from /home/airflow/.local/lib/python3.12/site-packages/airflow/example_dags/example_task_group.py
[2024-09-08T07:01:56.947+0000] {processor.py:925} INFO - DAG(s) 'example_task_group' retrieved from /home/airflow/.local/lib/python3.12/site-packages/airflow/example_dags/example_task_group.py
[2024-09-08T07:01:56.963+0000] {logging_mixin.py:190} INFO - [2024-09-08T07:01:56.963+0000] {dag.py:3229} INFO - Sync 1 DAGs
[2024-09-08T07:01:56.972+0000] {logging_mixin.py:190} INFO - [2024-09-08T07:01:56.972+0000] {dag.py:4156} INFO - Setting next_dagrun for example_task_group to None, run_after=None
[2024-09-08T07:01:56.982+0000] {processor.py:208} INFO - Processing /home/airflow/.local/lib/python3.12/site-packages/airflow/example_dags/example_task_group.py took 0.046 seconds
[2024-09-08T07:02:27.917+0000] {processor.py:186} INFO - Started process (PID=2885) to work on /home/airflow/.local/lib/python3.12/site-packages/airflow/example_dags/example_task_group.py
[2024-09-08T07:02:27.918+0000] {processor.py:914} INFO - Processing file /home/airflow/.local/lib/python3.12/site-packages/airflow/example_dags/example_task_group.py for tasks to queue
[2024-09-08T07:02:27.919+0000] {logging_mixin.py:190} INFO - [2024-09-08T07:02:27.919+0000] {dagbag.py:587} INFO - Filling up the DagBag from /home/airflow/.local/lib/python3.12/site-packages/airflow/example_dags/example_task_group.py
[2024-09-08T07:02:27.924+0000] {processor.py:925} INFO - DAG(s) 'example_task_group' retrieved from /home/airflow/.local/lib/python3.12/site-packages/airflow/example_dags/example_task_group.py
[2024-09-08T07:02:27.940+0000] {logging_mixin.py:190} INFO - [2024-09-08T07:02:27.940+0000] {dag.py:3229} INFO - Sync 1 DAGs
[2024-09-08T07:02:27.949+0000] {logging_mixin.py:190} INFO - [2024-09-08T07:02:27.949+0000] {dag.py:4156} INFO - Setting next_dagrun for example_task_group to None, run_after=None
[2024-09-08T07:02:27.961+0000] {processor.py:208} INFO - Processing /home/airflow/.local/lib/python3.12/site-packages/airflow/example_dags/example_task_group.py took 0.048 seconds
[2024-09-08T07:02:58.418+0000] {processor.py:186} INFO - Started process (PID=2947) to work on /home/airflow/.local/lib/python3.12/site-packages/airflow/example_dags/example_task_group.py
[2024-09-08T07:02:58.419+0000] {processor.py:914} INFO - Processing file /home/airflow/.local/lib/python3.12/site-packages/airflow/example_dags/example_task_group.py for tasks to queue
[2024-09-08T07:02:58.420+0000] {logging_mixin.py:190} INFO - [2024-09-08T07:02:58.420+0000] {dagbag.py:587} INFO - Filling up the DagBag from /home/airflow/.local/lib/python3.12/site-packages/airflow/example_dags/example_task_group.py
[2024-09-08T07:02:58.424+0000] {processor.py:925} INFO - DAG(s) 'example_task_group' retrieved from /home/airflow/.local/lib/python3.12/site-packages/airflow/example_dags/example_task_group.py
[2024-09-08T07:02:58.440+0000] {logging_mixin.py:190} INFO - [2024-09-08T07:02:58.440+0000] {dag.py:3229} INFO - Sync 1 DAGs
[2024-09-08T07:02:58.447+0000] {logging_mixin.py:190} INFO - [2024-09-08T07:02:58.447+0000] {dag.py:4156} INFO - Setting next_dagrun for example_task_group to None, run_after=None
[2024-09-08T07:02:58.457+0000] {processor.py:208} INFO - Processing /home/airflow/.local/lib/python3.12/site-packages/airflow/example_dags/example_task_group.py took 0.043 seconds
[2024-09-08T07:03:29.035+0000] {processor.py:186} INFO - Started process (PID=3009) to work on /home/airflow/.local/lib/python3.12/site-packages/airflow/example_dags/example_task_group.py
[2024-09-08T07:03:29.036+0000] {processor.py:914} INFO - Processing file /home/airflow/.local/lib/python3.12/site-packages/airflow/example_dags/example_task_group.py for tasks to queue
[2024-09-08T07:03:29.037+0000] {logging_mixin.py:190} INFO - [2024-09-08T07:03:29.037+0000] {dagbag.py:587} INFO - Filling up the DagBag from /home/airflow/.local/lib/python3.12/site-packages/airflow/example_dags/example_task_group.py
[2024-09-08T07:03:29.042+0000] {processor.py:925} INFO - DAG(s) 'example_task_group' retrieved from /home/airflow/.local/lib/python3.12/site-packages/airflow/example_dags/example_task_group.py
[2024-09-08T07:03:29.057+0000] {logging_mixin.py:190} INFO - [2024-09-08T07:03:29.057+0000] {dag.py:3229} INFO - Sync 1 DAGs
[2024-09-08T07:03:29.068+0000] {logging_mixin.py:190} INFO - [2024-09-08T07:03:29.067+0000] {dag.py:4156} INFO - Setting next_dagrun for example_task_group to None, run_after=None
[2024-09-08T07:03:29.080+0000] {processor.py:208} INFO - Processing /home/airflow/.local/lib/python3.12/site-packages/airflow/example_dags/example_task_group.py took 0.048 seconds
[2024-09-08T07:04:00.443+0000] {processor.py:186} INFO - Started process (PID=3071) to work on /home/airflow/.local/lib/python3.12/site-packages/airflow/example_dags/example_task_group.py
[2024-09-08T07:04:00.443+0000] {processor.py:914} INFO - Processing file /home/airflow/.local/lib/python3.12/site-packages/airflow/example_dags/example_task_group.py for tasks to queue
[2024-09-08T07:04:00.444+0000] {logging_mixin.py:190} INFO - [2024-09-08T07:04:00.444+0000] {dagbag.py:587} INFO - Filling up the DagBag from /home/airflow/.local/lib/python3.12/site-packages/airflow/example_dags/example_task_group.py
[2024-09-08T07:04:00.449+0000] {processor.py:925} INFO - DAG(s) 'example_task_group' retrieved from /home/airflow/.local/lib/python3.12/site-packages/airflow/example_dags/example_task_group.py
[2024-09-08T07:04:00.463+0000] {logging_mixin.py:190} INFO - [2024-09-08T07:04:00.463+0000] {dag.py:3229} INFO - Sync 1 DAGs
[2024-09-08T07:04:00.577+0000] {logging_mixin.py:190} INFO - [2024-09-08T07:04:00.576+0000] {dag.py:4156} INFO - Setting next_dagrun for example_task_group to None, run_after=None
[2024-09-08T07:04:00.590+0000] {processor.py:208} INFO - Processing /home/airflow/.local/lib/python3.12/site-packages/airflow/example_dags/example_task_group.py took 0.150 seconds
[2024-09-08T07:04:30.859+0000] {processor.py:186} INFO - Started process (PID=3133) to work on /home/airflow/.local/lib/python3.12/site-packages/airflow/example_dags/example_task_group.py
[2024-09-08T07:04:30.859+0000] {processor.py:914} INFO - Processing file /home/airflow/.local/lib/python3.12/site-packages/airflow/example_dags/example_task_group.py for tasks to queue
[2024-09-08T07:04:30.860+0000] {logging_mixin.py:190} INFO - [2024-09-08T07:04:30.860+0000] {dagbag.py:587} INFO - Filling up the DagBag from /home/airflow/.local/lib/python3.12/site-packages/airflow/example_dags/example_task_group.py
[2024-09-08T07:04:30.865+0000] {processor.py:925} INFO - DAG(s) 'example_task_group' retrieved from /home/airflow/.local/lib/python3.12/site-packages/airflow/example_dags/example_task_group.py
[2024-09-08T07:04:30.880+0000] {logging_mixin.py:190} INFO - [2024-09-08T07:04:30.880+0000] {dag.py:3229} INFO - Sync 1 DAGs
[2024-09-08T07:04:30.996+0000] {logging_mixin.py:190} INFO - [2024-09-08T07:04:30.996+0000] {dag.py:4156} INFO - Setting next_dagrun for example_task_group to None, run_after=None
[2024-09-08T07:04:31.012+0000] {processor.py:208} INFO - Processing /home/airflow/.local/lib/python3.12/site-packages/airflow/example_dags/example_task_group.py took 0.157 seconds
[2024-09-08T07:05:01.247+0000] {processor.py:186} INFO - Started process (PID=3195) to work on /home/airflow/.local/lib/python3.12/site-packages/airflow/example_dags/example_task_group.py
[2024-09-08T07:05:01.248+0000] {processor.py:914} INFO - Processing file /home/airflow/.local/lib/python3.12/site-packages/airflow/example_dags/example_task_group.py for tasks to queue
[2024-09-08T07:05:01.249+0000] {logging_mixin.py:190} INFO - [2024-09-08T07:05:01.249+0000] {dagbag.py:587} INFO - Filling up the DagBag from /home/airflow/.local/lib/python3.12/site-packages/airflow/example_dags/example_task_group.py
[2024-09-08T07:05:01.253+0000] {processor.py:925} INFO - DAG(s) 'example_task_group' retrieved from /home/airflow/.local/lib/python3.12/site-packages/airflow/example_dags/example_task_group.py
[2024-09-08T07:05:01.266+0000] {logging_mixin.py:190} INFO - [2024-09-08T07:05:01.266+0000] {dag.py:3229} INFO - Sync 1 DAGs
[2024-09-08T07:05:01.381+0000] {logging_mixin.py:190} INFO - [2024-09-08T07:05:01.381+0000] {dag.py:4156} INFO - Setting next_dagrun for example_task_group to None, run_after=None
[2024-09-08T07:05:01.398+0000] {processor.py:208} INFO - Processing /home/airflow/.local/lib/python3.12/site-packages/airflow/example_dags/example_task_group.py took 0.153 seconds
[2024-09-08T07:05:31.661+0000] {processor.py:186} INFO - Started process (PID=3257) to work on /home/airflow/.local/lib/python3.12/site-packages/airflow/example_dags/example_task_group.py
[2024-09-08T07:05:31.662+0000] {processor.py:914} INFO - Processing file /home/airflow/.local/lib/python3.12/site-packages/airflow/example_dags/example_task_group.py for tasks to queue
[2024-09-08T07:05:31.663+0000] {logging_mixin.py:190} INFO - [2024-09-08T07:05:31.663+0000] {dagbag.py:587} INFO - Filling up the DagBag from /home/airflow/.local/lib/python3.12/site-packages/airflow/example_dags/example_task_group.py
[2024-09-08T07:05:31.669+0000] {processor.py:925} INFO - DAG(s) 'example_task_group' retrieved from /home/airflow/.local/lib/python3.12/site-packages/airflow/example_dags/example_task_group.py
[2024-09-08T07:05:31.681+0000] {logging_mixin.py:190} INFO - [2024-09-08T07:05:31.681+0000] {dag.py:3229} INFO - Sync 1 DAGs
[2024-09-08T07:05:31.689+0000] {logging_mixin.py:190} INFO - [2024-09-08T07:05:31.689+0000] {dag.py:4156} INFO - Setting next_dagrun for example_task_group to None, run_after=None
[2024-09-08T07:05:31.701+0000] {processor.py:208} INFO - Processing /home/airflow/.local/lib/python3.12/site-packages/airflow/example_dags/example_task_group.py took 0.044 seconds
[2024-09-08T07:06:02.042+0000] {processor.py:186} INFO - Started process (PID=3319) to work on /home/airflow/.local/lib/python3.12/site-packages/airflow/example_dags/example_task_group.py
[2024-09-08T07:06:02.043+0000] {processor.py:914} INFO - Processing file /home/airflow/.local/lib/python3.12/site-packages/airflow/example_dags/example_task_group.py for tasks to queue
[2024-09-08T07:06:02.044+0000] {logging_mixin.py:190} INFO - [2024-09-08T07:06:02.044+0000] {dagbag.py:587} INFO - Filling up the DagBag from /home/airflow/.local/lib/python3.12/site-packages/airflow/example_dags/example_task_group.py
[2024-09-08T07:06:02.049+0000] {processor.py:925} INFO - DAG(s) 'example_task_group' retrieved from /home/airflow/.local/lib/python3.12/site-packages/airflow/example_dags/example_task_group.py
[2024-09-08T07:06:02.061+0000] {logging_mixin.py:190} INFO - [2024-09-08T07:06:02.061+0000] {dag.py:3229} INFO - Sync 1 DAGs
[2024-09-08T07:06:02.069+0000] {logging_mixin.py:190} INFO - [2024-09-08T07:06:02.069+0000] {dag.py:4156} INFO - Setting next_dagrun for example_task_group to None, run_after=None
[2024-09-08T07:06:02.079+0000] {processor.py:208} INFO - Processing /home/airflow/.local/lib/python3.12/site-packages/airflow/example_dags/example_task_group.py took 0.041 seconds
[2024-09-08T07:06:32.466+0000] {processor.py:186} INFO - Started process (PID=3381) to work on /home/airflow/.local/lib/python3.12/site-packages/airflow/example_dags/example_task_group.py
[2024-09-08T07:06:32.466+0000] {processor.py:914} INFO - Processing file /home/airflow/.local/lib/python3.12/site-packages/airflow/example_dags/example_task_group.py for tasks to queue
[2024-09-08T07:06:32.468+0000] {logging_mixin.py:190} INFO - [2024-09-08T07:06:32.467+0000] {dagbag.py:587} INFO - Filling up the DagBag from /home/airflow/.local/lib/python3.12/site-packages/airflow/example_dags/example_task_group.py
[2024-09-08T07:06:32.472+0000] {processor.py:925} INFO - DAG(s) 'example_task_group' retrieved from /home/airflow/.local/lib/python3.12/site-packages/airflow/example_dags/example_task_group.py
[2024-09-08T07:06:32.488+0000] {logging_mixin.py:190} INFO - [2024-09-08T07:06:32.487+0000] {dag.py:3229} INFO - Sync 1 DAGs
[2024-09-08T07:06:32.498+0000] {logging_mixin.py:190} INFO - [2024-09-08T07:06:32.498+0000] {dag.py:4156} INFO - Setting next_dagrun for example_task_group to None, run_after=None
[2024-09-08T07:06:32.510+0000] {processor.py:208} INFO - Processing /home/airflow/.local/lib/python3.12/site-packages/airflow/example_dags/example_task_group.py took 0.047 seconds
[2024-09-08T07:07:02.963+0000] {processor.py:186} INFO - Started process (PID=3443) to work on /home/airflow/.local/lib/python3.12/site-packages/airflow/example_dags/example_task_group.py
[2024-09-08T07:07:02.963+0000] {processor.py:914} INFO - Processing file /home/airflow/.local/lib/python3.12/site-packages/airflow/example_dags/example_task_group.py for tasks to queue
[2024-09-08T07:07:02.964+0000] {logging_mixin.py:190} INFO - [2024-09-08T07:07:02.964+0000] {dagbag.py:587} INFO - Filling up the DagBag from /home/airflow/.local/lib/python3.12/site-packages/airflow/example_dags/example_task_group.py
[2024-09-08T07:07:02.969+0000] {processor.py:925} INFO - DAG(s) 'example_task_group' retrieved from /home/airflow/.local/lib/python3.12/site-packages/airflow/example_dags/example_task_group.py
[2024-09-08T07:07:02.986+0000] {logging_mixin.py:190} INFO - [2024-09-08T07:07:02.985+0000] {dag.py:3229} INFO - Sync 1 DAGs
[2024-09-08T07:07:02.995+0000] {logging_mixin.py:190} INFO - [2024-09-08T07:07:02.995+0000] {dag.py:4156} INFO - Setting next_dagrun for example_task_group to None, run_after=None
[2024-09-08T07:07:03.011+0000] {processor.py:208} INFO - Processing /home/airflow/.local/lib/python3.12/site-packages/airflow/example_dags/example_task_group.py took 0.053 seconds
[2024-09-08T07:07:33.470+0000] {processor.py:186} INFO - Started process (PID=3505) to work on /home/airflow/.local/lib/python3.12/site-packages/airflow/example_dags/example_task_group.py
[2024-09-08T07:07:33.471+0000] {processor.py:914} INFO - Processing file /home/airflow/.local/lib/python3.12/site-packages/airflow/example_dags/example_task_group.py for tasks to queue
[2024-09-08T07:07:33.472+0000] {logging_mixin.py:190} INFO - [2024-09-08T07:07:33.472+0000] {dagbag.py:587} INFO - Filling up the DagBag from /home/airflow/.local/lib/python3.12/site-packages/airflow/example_dags/example_task_group.py
[2024-09-08T07:07:33.476+0000] {processor.py:925} INFO - DAG(s) 'example_task_group' retrieved from /home/airflow/.local/lib/python3.12/site-packages/airflow/example_dags/example_task_group.py
[2024-09-08T07:07:33.489+0000] {logging_mixin.py:190} INFO - [2024-09-08T07:07:33.489+0000] {dag.py:3229} INFO - Sync 1 DAGs
[2024-09-08T07:07:33.497+0000] {logging_mixin.py:190} INFO - [2024-09-08T07:07:33.496+0000] {dag.py:4156} INFO - Setting next_dagrun for example_task_group to None, run_after=None
[2024-09-08T07:07:33.507+0000] {processor.py:208} INFO - Processing /home/airflow/.local/lib/python3.12/site-packages/airflow/example_dags/example_task_group.py took 0.040 seconds
[2024-09-08T07:08:03.876+0000] {processor.py:186} INFO - Started process (PID=3567) to work on /home/airflow/.local/lib/python3.12/site-packages/airflow/example_dags/example_task_group.py
[2024-09-08T07:08:03.876+0000] {processor.py:914} INFO - Processing file /home/airflow/.local/lib/python3.12/site-packages/airflow/example_dags/example_task_group.py for tasks to queue
[2024-09-08T07:08:03.878+0000] {logging_mixin.py:190} INFO - [2024-09-08T07:08:03.877+0000] {dagbag.py:587} INFO - Filling up the DagBag from /home/airflow/.local/lib/python3.12/site-packages/airflow/example_dags/example_task_group.py
[2024-09-08T07:08:03.882+0000] {processor.py:925} INFO - DAG(s) 'example_task_group' retrieved from /home/airflow/.local/lib/python3.12/site-packages/airflow/example_dags/example_task_group.py
[2024-09-08T07:08:03.899+0000] {logging_mixin.py:190} INFO - [2024-09-08T07:08:03.899+0000] {dag.py:3229} INFO - Sync 1 DAGs
[2024-09-08T07:08:03.908+0000] {logging_mixin.py:190} INFO - [2024-09-08T07:08:03.908+0000] {dag.py:4156} INFO - Setting next_dagrun for example_task_group to None, run_after=None
[2024-09-08T07:08:03.922+0000] {processor.py:208} INFO - Processing /home/airflow/.local/lib/python3.12/site-packages/airflow/example_dags/example_task_group.py took 0.051 seconds
[2024-09-08T07:08:34.369+0000] {processor.py:186} INFO - Started process (PID=3629) to work on /home/airflow/.local/lib/python3.12/site-packages/airflow/example_dags/example_task_group.py
[2024-09-08T07:08:34.370+0000] {processor.py:914} INFO - Processing file /home/airflow/.local/lib/python3.12/site-packages/airflow/example_dags/example_task_group.py for tasks to queue
[2024-09-08T07:08:34.371+0000] {logging_mixin.py:190} INFO - [2024-09-08T07:08:34.371+0000] {dagbag.py:587} INFO - Filling up the DagBag from /home/airflow/.local/lib/python3.12/site-packages/airflow/example_dags/example_task_group.py
[2024-09-08T07:08:34.375+0000] {processor.py:925} INFO - DAG(s) 'example_task_group' retrieved from /home/airflow/.local/lib/python3.12/site-packages/airflow/example_dags/example_task_group.py
[2024-09-08T07:08:34.390+0000] {logging_mixin.py:190} INFO - [2024-09-08T07:08:34.390+0000] {dag.py:3229} INFO - Sync 1 DAGs
[2024-09-08T07:08:34.400+0000] {logging_mixin.py:190} INFO - [2024-09-08T07:08:34.400+0000] {dag.py:4156} INFO - Setting next_dagrun for example_task_group to None, run_after=None
[2024-09-08T07:08:34.414+0000] {processor.py:208} INFO - Processing /home/airflow/.local/lib/python3.12/site-packages/airflow/example_dags/example_task_group.py took 0.049 seconds
[2024-09-08T07:09:04.970+0000] {processor.py:186} INFO - Started process (PID=3691) to work on /home/airflow/.local/lib/python3.12/site-packages/airflow/example_dags/example_task_group.py
[2024-09-08T07:09:04.970+0000] {processor.py:914} INFO - Processing file /home/airflow/.local/lib/python3.12/site-packages/airflow/example_dags/example_task_group.py for tasks to queue
[2024-09-08T07:09:04.971+0000] {logging_mixin.py:190} INFO - [2024-09-08T07:09:04.971+0000] {dagbag.py:587} INFO - Filling up the DagBag from /home/airflow/.local/lib/python3.12/site-packages/airflow/example_dags/example_task_group.py
[2024-09-08T07:09:04.976+0000] {processor.py:925} INFO - DAG(s) 'example_task_group' retrieved from /home/airflow/.local/lib/python3.12/site-packages/airflow/example_dags/example_task_group.py
[2024-09-08T07:09:04.988+0000] {logging_mixin.py:190} INFO - [2024-09-08T07:09:04.988+0000] {dag.py:3229} INFO - Sync 1 DAGs
[2024-09-08T07:09:04.996+0000] {logging_mixin.py:190} INFO - [2024-09-08T07:09:04.996+0000] {dag.py:4156} INFO - Setting next_dagrun for example_task_group to None, run_after=None
[2024-09-08T07:09:05.006+0000] {processor.py:208} INFO - Processing /home/airflow/.local/lib/python3.12/site-packages/airflow/example_dags/example_task_group.py took 0.039 seconds
[2024-09-08T07:09:35.414+0000] {processor.py:186} INFO - Started process (PID=3753) to work on /home/airflow/.local/lib/python3.12/site-packages/airflow/example_dags/example_task_group.py
[2024-09-08T07:09:35.414+0000] {processor.py:914} INFO - Processing file /home/airflow/.local/lib/python3.12/site-packages/airflow/example_dags/example_task_group.py for tasks to queue
[2024-09-08T07:09:35.415+0000] {logging_mixin.py:190} INFO - [2024-09-08T07:09:35.415+0000] {dagbag.py:587} INFO - Filling up the DagBag from /home/airflow/.local/lib/python3.12/site-packages/airflow/example_dags/example_task_group.py
[2024-09-08T07:09:35.419+0000] {processor.py:925} INFO - DAG(s) 'example_task_group' retrieved from /home/airflow/.local/lib/python3.12/site-packages/airflow/example_dags/example_task_group.py
[2024-09-08T07:09:35.433+0000] {logging_mixin.py:190} INFO - [2024-09-08T07:09:35.433+0000] {dag.py:3229} INFO - Sync 1 DAGs
[2024-09-08T07:09:35.441+0000] {logging_mixin.py:190} INFO - [2024-09-08T07:09:35.441+0000] {dag.py:4156} INFO - Setting next_dagrun for example_task_group to None, run_after=None
[2024-09-08T07:09:35.452+0000] {processor.py:208} INFO - Processing /home/airflow/.local/lib/python3.12/site-packages/airflow/example_dags/example_task_group.py took 0.041 seconds
[2024-09-08T07:10:05.961+0000] {processor.py:186} INFO - Started process (PID=3815) to work on /home/airflow/.local/lib/python3.12/site-packages/airflow/example_dags/example_task_group.py
[2024-09-08T07:10:05.961+0000] {processor.py:914} INFO - Processing file /home/airflow/.local/lib/python3.12/site-packages/airflow/example_dags/example_task_group.py for tasks to queue
[2024-09-08T07:10:05.962+0000] {logging_mixin.py:190} INFO - [2024-09-08T07:10:05.962+0000] {dagbag.py:587} INFO - Filling up the DagBag from /home/airflow/.local/lib/python3.12/site-packages/airflow/example_dags/example_task_group.py
[2024-09-08T07:10:05.967+0000] {processor.py:925} INFO - DAG(s) 'example_task_group' retrieved from /home/airflow/.local/lib/python3.12/site-packages/airflow/example_dags/example_task_group.py
[2024-09-08T07:10:05.982+0000] {logging_mixin.py:190} INFO - [2024-09-08T07:10:05.981+0000] {dag.py:3229} INFO - Sync 1 DAGs
[2024-09-08T07:10:05.992+0000] {logging_mixin.py:190} INFO - [2024-09-08T07:10:05.992+0000] {dag.py:4156} INFO - Setting next_dagrun for example_task_group to None, run_after=None
[2024-09-08T07:10:06.003+0000] {processor.py:208} INFO - Processing /home/airflow/.local/lib/python3.12/site-packages/airflow/example_dags/example_task_group.py took 0.046 seconds
[2024-09-08T07:10:36.521+0000] {processor.py:186} INFO - Started process (PID=3877) to work on /home/airflow/.local/lib/python3.12/site-packages/airflow/example_dags/example_task_group.py
[2024-09-08T07:10:36.522+0000] {processor.py:914} INFO - Processing file /home/airflow/.local/lib/python3.12/site-packages/airflow/example_dags/example_task_group.py for tasks to queue
[2024-09-08T07:10:36.523+0000] {logging_mixin.py:190} INFO - [2024-09-08T07:10:36.523+0000] {dagbag.py:587} INFO - Filling up the DagBag from /home/airflow/.local/lib/python3.12/site-packages/airflow/example_dags/example_task_group.py
[2024-09-08T07:10:36.527+0000] {processor.py:925} INFO - DAG(s) 'example_task_group' retrieved from /home/airflow/.local/lib/python3.12/site-packages/airflow/example_dags/example_task_group.py
[2024-09-08T07:10:36.544+0000] {logging_mixin.py:190} INFO - [2024-09-08T07:10:36.543+0000] {dag.py:3229} INFO - Sync 1 DAGs
[2024-09-08T07:10:36.554+0000] {logging_mixin.py:190} INFO - [2024-09-08T07:10:36.554+0000] {dag.py:4156} INFO - Setting next_dagrun for example_task_group to None, run_after=None
[2024-09-08T07:10:36.564+0000] {processor.py:208} INFO - Processing /home/airflow/.local/lib/python3.12/site-packages/airflow/example_dags/example_task_group.py took 0.046 seconds
[2024-09-08T07:11:06.926+0000] {processor.py:186} INFO - Started process (PID=3939) to work on /home/airflow/.local/lib/python3.12/site-packages/airflow/example_dags/example_task_group.py
[2024-09-08T07:11:06.926+0000] {processor.py:914} INFO - Processing file /home/airflow/.local/lib/python3.12/site-packages/airflow/example_dags/example_task_group.py for tasks to queue
[2024-09-08T07:11:06.928+0000] {logging_mixin.py:190} INFO - [2024-09-08T07:11:06.927+0000] {dagbag.py:587} INFO - Filling up the DagBag from /home/airflow/.local/lib/python3.12/site-packages/airflow/example_dags/example_task_group.py
[2024-09-08T07:11:06.932+0000] {processor.py:925} INFO - DAG(s) 'example_task_group' retrieved from /home/airflow/.local/lib/python3.12/site-packages/airflow/example_dags/example_task_group.py
[2024-09-08T07:11:06.947+0000] {logging_mixin.py:190} INFO - [2024-09-08T07:11:06.947+0000] {dag.py:3229} INFO - Sync 1 DAGs
[2024-09-08T07:11:06.954+0000] {logging_mixin.py:190} INFO - [2024-09-08T07:11:06.954+0000] {dag.py:4156} INFO - Setting next_dagrun for example_task_group to None, run_after=None
[2024-09-08T07:11:06.966+0000] {processor.py:208} INFO - Processing /home/airflow/.local/lib/python3.12/site-packages/airflow/example_dags/example_task_group.py took 0.044 seconds
[2024-09-08T07:11:37.474+0000] {processor.py:186} INFO - Started process (PID=4001) to work on /home/airflow/.local/lib/python3.12/site-packages/airflow/example_dags/example_task_group.py
[2024-09-08T07:11:37.475+0000] {processor.py:914} INFO - Processing file /home/airflow/.local/lib/python3.12/site-packages/airflow/example_dags/example_task_group.py for tasks to queue
[2024-09-08T07:11:37.476+0000] {logging_mixin.py:190} INFO - [2024-09-08T07:11:37.476+0000] {dagbag.py:587} INFO - Filling up the DagBag from /home/airflow/.local/lib/python3.12/site-packages/airflow/example_dags/example_task_group.py
[2024-09-08T07:11:37.481+0000] {processor.py:925} INFO - DAG(s) 'example_task_group' retrieved from /home/airflow/.local/lib/python3.12/site-packages/airflow/example_dags/example_task_group.py
[2024-09-08T07:11:37.497+0000] {logging_mixin.py:190} INFO - [2024-09-08T07:11:37.497+0000] {dag.py:3229} INFO - Sync 1 DAGs
[2024-09-08T07:11:37.508+0000] {logging_mixin.py:190} INFO - [2024-09-08T07:11:37.508+0000] {dag.py:4156} INFO - Setting next_dagrun for example_task_group to None, run_after=None
[2024-09-08T07:11:37.520+0000] {processor.py:208} INFO - Processing /home/airflow/.local/lib/python3.12/site-packages/airflow/example_dags/example_task_group.py took 0.050 seconds
[2024-09-08T07:16:40.546+0000] {processor.py:186} INFO - Started process (PID=4063) to work on /home/airflow/.local/lib/python3.12/site-packages/airflow/example_dags/example_task_group.py
[2024-09-08T07:16:40.548+0000] {processor.py:914} INFO - Processing file /home/airflow/.local/lib/python3.12/site-packages/airflow/example_dags/example_task_group.py for tasks to queue
[2024-09-08T07:16:40.549+0000] {logging_mixin.py:190} INFO - [2024-09-08T07:16:40.549+0000] {dagbag.py:587} INFO - Filling up the DagBag from /home/airflow/.local/lib/python3.12/site-packages/airflow/example_dags/example_task_group.py
[2024-09-08T07:16:40.555+0000] {processor.py:925} INFO - DAG(s) 'example_task_group' retrieved from /home/airflow/.local/lib/python3.12/site-packages/airflow/example_dags/example_task_group.py
[2024-09-08T07:16:40.571+0000] {logging_mixin.py:190} INFO - [2024-09-08T07:16:40.571+0000] {dag.py:3229} INFO - Sync 1 DAGs
[2024-09-08T07:16:40.581+0000] {logging_mixin.py:190} INFO - [2024-09-08T07:16:40.581+0000] {dag.py:4156} INFO - Setting next_dagrun for example_task_group to None, run_after=None
[2024-09-08T07:16:40.591+0000] {processor.py:208} INFO - Processing /home/airflow/.local/lib/python3.12/site-packages/airflow/example_dags/example_task_group.py took 0.049 seconds
[2024-09-08T07:17:11.062+0000] {processor.py:186} INFO - Started process (PID=4125) to work on /home/airflow/.local/lib/python3.12/site-packages/airflow/example_dags/example_task_group.py
[2024-09-08T07:17:11.062+0000] {processor.py:914} INFO - Processing file /home/airflow/.local/lib/python3.12/site-packages/airflow/example_dags/example_task_group.py for tasks to queue
[2024-09-08T07:17:11.064+0000] {logging_mixin.py:190} INFO - [2024-09-08T07:17:11.063+0000] {dagbag.py:587} INFO - Filling up the DagBag from /home/airflow/.local/lib/python3.12/site-packages/airflow/example_dags/example_task_group.py
[2024-09-08T07:17:11.069+0000] {processor.py:925} INFO - DAG(s) 'example_task_group' retrieved from /home/airflow/.local/lib/python3.12/site-packages/airflow/example_dags/example_task_group.py
[2024-09-08T07:17:11.086+0000] {logging_mixin.py:190} INFO - [2024-09-08T07:17:11.085+0000] {dag.py:3229} INFO - Sync 1 DAGs
[2024-09-08T07:17:11.094+0000] {logging_mixin.py:190} INFO - [2024-09-08T07:17:11.094+0000] {dag.py:4156} INFO - Setting next_dagrun for example_task_group to None, run_after=None
[2024-09-08T07:17:11.107+0000] {processor.py:208} INFO - Processing /home/airflow/.local/lib/python3.12/site-packages/airflow/example_dags/example_task_group.py took 0.050 seconds
[2024-09-08T07:17:41.653+0000] {processor.py:186} INFO - Started process (PID=4187) to work on /home/airflow/.local/lib/python3.12/site-packages/airflow/example_dags/example_task_group.py
[2024-09-08T07:17:41.654+0000] {processor.py:914} INFO - Processing file /home/airflow/.local/lib/python3.12/site-packages/airflow/example_dags/example_task_group.py for tasks to queue
[2024-09-08T07:17:41.655+0000] {logging_mixin.py:190} INFO - [2024-09-08T07:17:41.655+0000] {dagbag.py:587} INFO - Filling up the DagBag from /home/airflow/.local/lib/python3.12/site-packages/airflow/example_dags/example_task_group.py
[2024-09-08T07:17:41.659+0000] {processor.py:925} INFO - DAG(s) 'example_task_group' retrieved from /home/airflow/.local/lib/python3.12/site-packages/airflow/example_dags/example_task_group.py
[2024-09-08T07:17:41.674+0000] {logging_mixin.py:190} INFO - [2024-09-08T07:17:41.674+0000] {dag.py:3229} INFO - Sync 1 DAGs
[2024-09-08T07:17:41.684+0000] {logging_mixin.py:190} INFO - [2024-09-08T07:17:41.684+0000] {dag.py:4156} INFO - Setting next_dagrun for example_task_group to None, run_after=None
[2024-09-08T07:17:41.696+0000] {processor.py:208} INFO - Processing /home/airflow/.local/lib/python3.12/site-packages/airflow/example_dags/example_task_group.py took 0.046 seconds
[2024-09-08T07:18:12.122+0000] {processor.py:186} INFO - Started process (PID=4249) to work on /home/airflow/.local/lib/python3.12/site-packages/airflow/example_dags/example_task_group.py
[2024-09-08T07:18:12.123+0000] {processor.py:914} INFO - Processing file /home/airflow/.local/lib/python3.12/site-packages/airflow/example_dags/example_task_group.py for tasks to queue
[2024-09-08T07:18:12.124+0000] {logging_mixin.py:190} INFO - [2024-09-08T07:18:12.124+0000] {dagbag.py:587} INFO - Filling up the DagBag from /home/airflow/.local/lib/python3.12/site-packages/airflow/example_dags/example_task_group.py
[2024-09-08T07:18:12.129+0000] {processor.py:925} INFO - DAG(s) 'example_task_group' retrieved from /home/airflow/.local/lib/python3.12/site-packages/airflow/example_dags/example_task_group.py
[2024-09-08T07:18:12.142+0000] {logging_mixin.py:190} INFO - [2024-09-08T07:18:12.142+0000] {dag.py:3229} INFO - Sync 1 DAGs
[2024-09-08T07:18:12.150+0000] {logging_mixin.py:190} INFO - [2024-09-08T07:18:12.149+0000] {dag.py:4156} INFO - Setting next_dagrun for example_task_group to None, run_after=None
[2024-09-08T07:18:12.161+0000] {processor.py:208} INFO - Processing /home/airflow/.local/lib/python3.12/site-packages/airflow/example_dags/example_task_group.py took 0.042 seconds
[2024-09-08T07:18:42.770+0000] {processor.py:186} INFO - Started process (PID=4310) to work on /home/airflow/.local/lib/python3.12/site-packages/airflow/example_dags/example_task_group.py
[2024-09-08T07:18:42.771+0000] {processor.py:914} INFO - Processing file /home/airflow/.local/lib/python3.12/site-packages/airflow/example_dags/example_task_group.py for tasks to queue
[2024-09-08T07:18:42.772+0000] {logging_mixin.py:190} INFO - [2024-09-08T07:18:42.772+0000] {dagbag.py:587} INFO - Filling up the DagBag from /home/airflow/.local/lib/python3.12/site-packages/airflow/example_dags/example_task_group.py
[2024-09-08T07:18:42.777+0000] {processor.py:925} INFO - DAG(s) 'example_task_group' retrieved from /home/airflow/.local/lib/python3.12/site-packages/airflow/example_dags/example_task_group.py
[2024-09-08T07:18:42.794+0000] {logging_mixin.py:190} INFO - [2024-09-08T07:18:42.794+0000] {dag.py:3229} INFO - Sync 1 DAGs
[2024-09-08T07:18:42.805+0000] {logging_mixin.py:190} INFO - [2024-09-08T07:18:42.804+0000] {dag.py:4156} INFO - Setting next_dagrun for example_task_group to None, run_after=None
[2024-09-08T07:18:42.817+0000] {processor.py:208} INFO - Processing /home/airflow/.local/lib/python3.12/site-packages/airflow/example_dags/example_task_group.py took 0.051 seconds
[2024-09-08T07:19:13.415+0000] {processor.py:186} INFO - Started process (PID=4373) to work on /home/airflow/.local/lib/python3.12/site-packages/airflow/example_dags/example_task_group.py
[2024-09-08T07:19:13.415+0000] {processor.py:914} INFO - Processing file /home/airflow/.local/lib/python3.12/site-packages/airflow/example_dags/example_task_group.py for tasks to queue
[2024-09-08T07:19:13.417+0000] {logging_mixin.py:190} INFO - [2024-09-08T07:19:13.416+0000] {dagbag.py:587} INFO - Filling up the DagBag from /home/airflow/.local/lib/python3.12/site-packages/airflow/example_dags/example_task_group.py
[2024-09-08T07:19:13.423+0000] {processor.py:925} INFO - DAG(s) 'example_task_group' retrieved from /home/airflow/.local/lib/python3.12/site-packages/airflow/example_dags/example_task_group.py
[2024-09-08T07:19:13.439+0000] {logging_mixin.py:190} INFO - [2024-09-08T07:19:13.439+0000] {dag.py:3229} INFO - Sync 1 DAGs
[2024-09-08T07:19:13.449+0000] {logging_mixin.py:190} INFO - [2024-09-08T07:19:13.449+0000] {dag.py:4156} INFO - Setting next_dagrun for example_task_group to None, run_after=None
[2024-09-08T07:19:13.465+0000] {processor.py:208} INFO - Processing /home/airflow/.local/lib/python3.12/site-packages/airflow/example_dags/example_task_group.py took 0.054 seconds
[2024-09-08T07:19:44.189+0000] {processor.py:186} INFO - Started process (PID=4435) to work on /home/airflow/.local/lib/python3.12/site-packages/airflow/example_dags/example_task_group.py
[2024-09-08T07:19:44.190+0000] {processor.py:914} INFO - Processing file /home/airflow/.local/lib/python3.12/site-packages/airflow/example_dags/example_task_group.py for tasks to queue
[2024-09-08T07:19:44.191+0000] {logging_mixin.py:190} INFO - [2024-09-08T07:19:44.191+0000] {dagbag.py:587} INFO - Filling up the DagBag from /home/airflow/.local/lib/python3.12/site-packages/airflow/example_dags/example_task_group.py
[2024-09-08T07:19:44.196+0000] {processor.py:925} INFO - DAG(s) 'example_task_group' retrieved from /home/airflow/.local/lib/python3.12/site-packages/airflow/example_dags/example_task_group.py
[2024-09-08T07:19:44.209+0000] {logging_mixin.py:190} INFO - [2024-09-08T07:19:44.209+0000] {dag.py:3229} INFO - Sync 1 DAGs
[2024-09-08T07:19:44.217+0000] {logging_mixin.py:190} INFO - [2024-09-08T07:19:44.217+0000] {dag.py:4156} INFO - Setting next_dagrun for example_task_group to None, run_after=None
[2024-09-08T07:19:44.229+0000] {processor.py:208} INFO - Processing /home/airflow/.local/lib/python3.12/site-packages/airflow/example_dags/example_task_group.py took 0.043 seconds
[2024-09-08T07:20:14.817+0000] {processor.py:186} INFO - Started process (PID=4497) to work on /home/airflow/.local/lib/python3.12/site-packages/airflow/example_dags/example_task_group.py
[2024-09-08T07:20:14.817+0000] {processor.py:914} INFO - Processing file /home/airflow/.local/lib/python3.12/site-packages/airflow/example_dags/example_task_group.py for tasks to queue
[2024-09-08T07:20:14.818+0000] {logging_mixin.py:190} INFO - [2024-09-08T07:20:14.818+0000] {dagbag.py:587} INFO - Filling up the DagBag from /home/airflow/.local/lib/python3.12/site-packages/airflow/example_dags/example_task_group.py
[2024-09-08T07:20:14.822+0000] {processor.py:925} INFO - DAG(s) 'example_task_group' retrieved from /home/airflow/.local/lib/python3.12/site-packages/airflow/example_dags/example_task_group.py
[2024-09-08T07:20:14.836+0000] {logging_mixin.py:190} INFO - [2024-09-08T07:20:14.836+0000] {dag.py:3229} INFO - Sync 1 DAGs
[2024-09-08T07:20:14.846+0000] {logging_mixin.py:190} INFO - [2024-09-08T07:20:14.846+0000] {dag.py:4156} INFO - Setting next_dagrun for example_task_group to None, run_after=None
[2024-09-08T07:20:14.858+0000] {processor.py:208} INFO - Processing /home/airflow/.local/lib/python3.12/site-packages/airflow/example_dags/example_task_group.py took 0.045 seconds
[2024-09-08T07:20:45.260+0000] {processor.py:186} INFO - Started process (PID=4559) to work on /home/airflow/.local/lib/python3.12/site-packages/airflow/example_dags/example_task_group.py
[2024-09-08T07:20:45.261+0000] {processor.py:914} INFO - Processing file /home/airflow/.local/lib/python3.12/site-packages/airflow/example_dags/example_task_group.py for tasks to queue
[2024-09-08T07:20:45.262+0000] {logging_mixin.py:190} INFO - [2024-09-08T07:20:45.262+0000] {dagbag.py:587} INFO - Filling up the DagBag from /home/airflow/.local/lib/python3.12/site-packages/airflow/example_dags/example_task_group.py
[2024-09-08T07:20:45.267+0000] {processor.py:925} INFO - DAG(s) 'example_task_group' retrieved from /home/airflow/.local/lib/python3.12/site-packages/airflow/example_dags/example_task_group.py
[2024-09-08T07:20:45.284+0000] {logging_mixin.py:190} INFO - [2024-09-08T07:20:45.284+0000] {dag.py:3229} INFO - Sync 1 DAGs
[2024-09-08T07:20:45.295+0000] {logging_mixin.py:190} INFO - [2024-09-08T07:20:45.294+0000] {dag.py:4156} INFO - Setting next_dagrun for example_task_group to None, run_after=None
[2024-09-08T07:20:45.308+0000] {processor.py:208} INFO - Processing /home/airflow/.local/lib/python3.12/site-packages/airflow/example_dags/example_task_group.py took 0.051 seconds
[2024-09-08T07:21:15.768+0000] {processor.py:186} INFO - Started process (PID=4621) to work on /home/airflow/.local/lib/python3.12/site-packages/airflow/example_dags/example_task_group.py
[2024-09-08T07:21:15.769+0000] {processor.py:914} INFO - Processing file /home/airflow/.local/lib/python3.12/site-packages/airflow/example_dags/example_task_group.py for tasks to queue
[2024-09-08T07:21:15.770+0000] {logging_mixin.py:190} INFO - [2024-09-08T07:21:15.770+0000] {dagbag.py:587} INFO - Filling up the DagBag from /home/airflow/.local/lib/python3.12/site-packages/airflow/example_dags/example_task_group.py
[2024-09-08T07:21:15.775+0000] {processor.py:925} INFO - DAG(s) 'example_task_group' retrieved from /home/airflow/.local/lib/python3.12/site-packages/airflow/example_dags/example_task_group.py
[2024-09-08T07:21:15.789+0000] {logging_mixin.py:190} INFO - [2024-09-08T07:21:15.789+0000] {dag.py:3229} INFO - Sync 1 DAGs
[2024-09-08T07:21:15.797+0000] {logging_mixin.py:190} INFO - [2024-09-08T07:21:15.797+0000] {dag.py:4156} INFO - Setting next_dagrun for example_task_group to None, run_after=None
[2024-09-08T07:21:15.811+0000] {processor.py:208} INFO - Processing /home/airflow/.local/lib/python3.12/site-packages/airflow/example_dags/example_task_group.py took 0.046 seconds
