[2024-09-08T06:39:28.910+0000] {processor.py:186} INFO - Started process (PID=72) to work on /home/airflow/.local/lib/python3.12/site-packages/airflow/example_dags/example_xcom.py
[2024-09-08T06:39:28.910+0000] {processor.py:914} INFO - Processing file /home/airflow/.local/lib/python3.12/site-packages/airflow/example_dags/example_xcom.py for tasks to queue
[2024-09-08T06:39:28.911+0000] {logging_mixin.py:190} INFO - [2024-09-08T06:39:28.911+0000] {dagbag.py:587} INFO - Filling up the DagBag from /home/airflow/.local/lib/python3.12/site-packages/airflow/example_dags/example_xcom.py
[2024-09-08T06:39:28.917+0000] {processor.py:925} INFO - DAG(s) 'example_xcom' retrieved from /home/airflow/.local/lib/python3.12/site-packages/airflow/example_dags/example_xcom.py
[2024-09-08T06:39:28.979+0000] {logging_mixin.py:190} INFO - [2024-09-08T06:39:28.978+0000] {override.py:1900} INFO - Created Permission View: can edit on DAG:example_xcom
[2024-09-08T06:39:28.985+0000] {logging_mixin.py:190} INFO - [2024-09-08T06:39:28.985+0000] {override.py:1900} INFO - Created Permission View: can read on DAG:example_xcom
[2024-09-08T06:39:28.990+0000] {logging_mixin.py:190} INFO - [2024-09-08T06:39:28.989+0000] {override.py:1900} INFO - Created Permission View: can delete on DAG:example_xcom
[2024-09-08T06:39:28.996+0000] {logging_mixin.py:190} INFO - [2024-09-08T06:39:28.996+0000] {override.py:1900} INFO - Created Permission View: can read on DAG Run:example_xcom
[2024-09-08T06:39:29.001+0000] {logging_mixin.py:190} INFO - [2024-09-08T06:39:29.001+0000] {override.py:1900} INFO - Created Permission View: can delete on DAG Run:example_xcom
[2024-09-08T06:39:29.006+0000] {logging_mixin.py:190} INFO - [2024-09-08T06:39:29.006+0000] {override.py:1900} INFO - Created Permission View: can create on DAG Run:example_xcom
[2024-09-08T06:39:29.013+0000] {logging_mixin.py:190} INFO - [2024-09-08T06:39:29.013+0000] {override.py:1900} INFO - Created Permission View: menu access on DAG Run:example_xcom
[2024-09-08T06:39:29.014+0000] {logging_mixin.py:190} INFO - [2024-09-08T06:39:29.014+0000] {dag.py:3229} INFO - Sync 1 DAGs
[2024-09-08T06:39:29.026+0000] {logging_mixin.py:190} INFO - [2024-09-08T06:39:29.025+0000] {dag.py:3252} INFO - Creating ORM DAG for example_xcom
[2024-09-08T06:39:29.034+0000] {logging_mixin.py:190} INFO - [2024-09-08T06:39:29.034+0000] {dag.py:4156} INFO - Setting next_dagrun for example_xcom to 2021-01-01 00:00:00+00:00, run_after=2021-01-01 00:00:00+00:00
[2024-09-08T06:39:29.047+0000] {processor.py:208} INFO - Processing /home/airflow/.local/lib/python3.12/site-packages/airflow/example_dags/example_xcom.py took 0.142 seconds
[2024-09-08T06:39:59.654+0000] {processor.py:186} INFO - Started process (PID=134) to work on /home/airflow/.local/lib/python3.12/site-packages/airflow/example_dags/example_xcom.py
[2024-09-08T06:39:59.654+0000] {processor.py:914} INFO - Processing file /home/airflow/.local/lib/python3.12/site-packages/airflow/example_dags/example_xcom.py for tasks to queue
[2024-09-08T06:39:59.656+0000] {logging_mixin.py:190} INFO - [2024-09-08T06:39:59.655+0000] {dagbag.py:587} INFO - Filling up the DagBag from /home/airflow/.local/lib/python3.12/site-packages/airflow/example_dags/example_xcom.py
[2024-09-08T06:39:59.662+0000] {processor.py:925} INFO - DAG(s) 'example_xcom' retrieved from /home/airflow/.local/lib/python3.12/site-packages/airflow/example_dags/example_xcom.py
[2024-09-08T06:39:59.674+0000] {logging_mixin.py:190} INFO - [2024-09-08T06:39:59.674+0000] {dag.py:3229} INFO - Sync 1 DAGs
[2024-09-08T06:39:59.688+0000] {logging_mixin.py:190} INFO - [2024-09-08T06:39:59.688+0000] {dag.py:4156} INFO - Setting next_dagrun for example_xcom to 2021-01-01 00:00:00+00:00, run_after=2021-01-01 00:00:00+00:00
[2024-09-08T06:39:59.698+0000] {processor.py:208} INFO - Processing /home/airflow/.local/lib/python3.12/site-packages/airflow/example_dags/example_xcom.py took 0.048 seconds
[2024-09-08T06:40:30.167+0000] {processor.py:186} INFO - Started process (PID=196) to work on /home/airflow/.local/lib/python3.12/site-packages/airflow/example_dags/example_xcom.py
[2024-09-08T06:40:30.168+0000] {processor.py:914} INFO - Processing file /home/airflow/.local/lib/python3.12/site-packages/airflow/example_dags/example_xcom.py for tasks to queue
[2024-09-08T06:40:30.169+0000] {logging_mixin.py:190} INFO - [2024-09-08T06:40:30.169+0000] {dagbag.py:587} INFO - Filling up the DagBag from /home/airflow/.local/lib/python3.12/site-packages/airflow/example_dags/example_xcom.py
[2024-09-08T06:40:30.174+0000] {processor.py:925} INFO - DAG(s) 'example_xcom' retrieved from /home/airflow/.local/lib/python3.12/site-packages/airflow/example_dags/example_xcom.py
[2024-09-08T06:40:30.187+0000] {logging_mixin.py:190} INFO - [2024-09-08T06:40:30.187+0000] {dag.py:3229} INFO - Sync 1 DAGs
[2024-09-08T06:40:30.199+0000] {logging_mixin.py:190} INFO - [2024-09-08T06:40:30.199+0000] {dag.py:4156} INFO - Setting next_dagrun for example_xcom to 2021-01-01 00:00:00+00:00, run_after=2021-01-01 00:00:00+00:00
[2024-09-08T06:40:30.210+0000] {processor.py:208} INFO - Processing /home/airflow/.local/lib/python3.12/site-packages/airflow/example_dags/example_xcom.py took 0.046 seconds
[2024-09-08T06:41:00.622+0000] {processor.py:186} INFO - Started process (PID=258) to work on /home/airflow/.local/lib/python3.12/site-packages/airflow/example_dags/example_xcom.py
[2024-09-08T06:41:00.623+0000] {processor.py:914} INFO - Processing file /home/airflow/.local/lib/python3.12/site-packages/airflow/example_dags/example_xcom.py for tasks to queue
[2024-09-08T06:41:00.624+0000] {logging_mixin.py:190} INFO - [2024-09-08T06:41:00.624+0000] {dagbag.py:587} INFO - Filling up the DagBag from /home/airflow/.local/lib/python3.12/site-packages/airflow/example_dags/example_xcom.py
[2024-09-08T06:41:00.629+0000] {processor.py:925} INFO - DAG(s) 'example_xcom' retrieved from /home/airflow/.local/lib/python3.12/site-packages/airflow/example_dags/example_xcom.py
[2024-09-08T06:41:00.644+0000] {logging_mixin.py:190} INFO - [2024-09-08T06:41:00.644+0000] {dag.py:3229} INFO - Sync 1 DAGs
[2024-09-08T06:41:00.658+0000] {logging_mixin.py:190} INFO - [2024-09-08T06:41:00.658+0000] {dag.py:4156} INFO - Setting next_dagrun for example_xcom to 2021-01-01 00:00:00+00:00, run_after=2021-01-01 00:00:00+00:00
[2024-09-08T06:41:00.670+0000] {processor.py:208} INFO - Processing /home/airflow/.local/lib/python3.12/site-packages/airflow/example_dags/example_xcom.py took 0.052 seconds
[2024-09-08T06:41:31.034+0000] {processor.py:186} INFO - Started process (PID=320) to work on /home/airflow/.local/lib/python3.12/site-packages/airflow/example_dags/example_xcom.py
[2024-09-08T06:41:31.035+0000] {processor.py:914} INFO - Processing file /home/airflow/.local/lib/python3.12/site-packages/airflow/example_dags/example_xcom.py for tasks to queue
[2024-09-08T06:41:31.036+0000] {logging_mixin.py:190} INFO - [2024-09-08T06:41:31.036+0000] {dagbag.py:587} INFO - Filling up the DagBag from /home/airflow/.local/lib/python3.12/site-packages/airflow/example_dags/example_xcom.py
[2024-09-08T06:41:31.041+0000] {processor.py:925} INFO - DAG(s) 'example_xcom' retrieved from /home/airflow/.local/lib/python3.12/site-packages/airflow/example_dags/example_xcom.py
[2024-09-08T06:41:31.054+0000] {logging_mixin.py:190} INFO - [2024-09-08T06:41:31.054+0000] {dag.py:3229} INFO - Sync 1 DAGs
[2024-09-08T06:41:31.068+0000] {logging_mixin.py:190} INFO - [2024-09-08T06:41:31.068+0000] {dag.py:4156} INFO - Setting next_dagrun for example_xcom to 2021-01-01 00:00:00+00:00, run_after=2021-01-01 00:00:00+00:00
[2024-09-08T06:41:31.081+0000] {processor.py:208} INFO - Processing /home/airflow/.local/lib/python3.12/site-packages/airflow/example_dags/example_xcom.py took 0.050 seconds
[2024-09-08T06:42:01.793+0000] {processor.py:186} INFO - Started process (PID=382) to work on /home/airflow/.local/lib/python3.12/site-packages/airflow/example_dags/example_xcom.py
[2024-09-08T06:42:01.794+0000] {processor.py:914} INFO - Processing file /home/airflow/.local/lib/python3.12/site-packages/airflow/example_dags/example_xcom.py for tasks to queue
[2024-09-08T06:42:01.795+0000] {logging_mixin.py:190} INFO - [2024-09-08T06:42:01.795+0000] {dagbag.py:587} INFO - Filling up the DagBag from /home/airflow/.local/lib/python3.12/site-packages/airflow/example_dags/example_xcom.py
[2024-09-08T06:42:01.800+0000] {processor.py:925} INFO - DAG(s) 'example_xcom' retrieved from /home/airflow/.local/lib/python3.12/site-packages/airflow/example_dags/example_xcom.py
[2024-09-08T06:42:01.815+0000] {logging_mixin.py:190} INFO - [2024-09-08T06:42:01.815+0000] {dag.py:3229} INFO - Sync 1 DAGs
[2024-09-08T06:42:01.828+0000] {logging_mixin.py:190} INFO - [2024-09-08T06:42:01.827+0000] {dag.py:4156} INFO - Setting next_dagrun for example_xcom to 2021-01-01 00:00:00+00:00, run_after=2021-01-01 00:00:00+00:00
[2024-09-08T06:42:01.842+0000] {processor.py:208} INFO - Processing /home/airflow/.local/lib/python3.12/site-packages/airflow/example_dags/example_xcom.py took 0.052 seconds
[2024-09-08T06:42:32.190+0000] {processor.py:186} INFO - Started process (PID=444) to work on /home/airflow/.local/lib/python3.12/site-packages/airflow/example_dags/example_xcom.py
[2024-09-08T06:42:32.190+0000] {processor.py:914} INFO - Processing file /home/airflow/.local/lib/python3.12/site-packages/airflow/example_dags/example_xcom.py for tasks to queue
[2024-09-08T06:42:32.191+0000] {logging_mixin.py:190} INFO - [2024-09-08T06:42:32.191+0000] {dagbag.py:587} INFO - Filling up the DagBag from /home/airflow/.local/lib/python3.12/site-packages/airflow/example_dags/example_xcom.py
[2024-09-08T06:42:32.197+0000] {processor.py:925} INFO - DAG(s) 'example_xcom' retrieved from /home/airflow/.local/lib/python3.12/site-packages/airflow/example_dags/example_xcom.py
[2024-09-08T06:42:32.211+0000] {logging_mixin.py:190} INFO - [2024-09-08T06:42:32.211+0000] {dag.py:3229} INFO - Sync 1 DAGs
[2024-09-08T06:42:32.225+0000] {logging_mixin.py:190} INFO - [2024-09-08T06:42:32.225+0000] {dag.py:4156} INFO - Setting next_dagrun for example_xcom to 2021-01-01 00:00:00+00:00, run_after=2021-01-01 00:00:00+00:00
[2024-09-08T06:42:32.236+0000] {processor.py:208} INFO - Processing /home/airflow/.local/lib/python3.12/site-packages/airflow/example_dags/example_xcom.py took 0.050 seconds
[2024-09-08T06:43:02.576+0000] {processor.py:186} INFO - Started process (PID=506) to work on /home/airflow/.local/lib/python3.12/site-packages/airflow/example_dags/example_xcom.py
[2024-09-08T06:43:02.577+0000] {processor.py:914} INFO - Processing file /home/airflow/.local/lib/python3.12/site-packages/airflow/example_dags/example_xcom.py for tasks to queue
[2024-09-08T06:43:02.579+0000] {logging_mixin.py:190} INFO - [2024-09-08T06:43:02.578+0000] {dagbag.py:587} INFO - Filling up the DagBag from /home/airflow/.local/lib/python3.12/site-packages/airflow/example_dags/example_xcom.py
[2024-09-08T06:43:02.585+0000] {processor.py:925} INFO - DAG(s) 'example_xcom' retrieved from /home/airflow/.local/lib/python3.12/site-packages/airflow/example_dags/example_xcom.py
[2024-09-08T06:43:02.601+0000] {logging_mixin.py:190} INFO - [2024-09-08T06:43:02.601+0000] {dag.py:3229} INFO - Sync 1 DAGs
[2024-09-08T06:43:02.617+0000] {logging_mixin.py:190} INFO - [2024-09-08T06:43:02.617+0000] {dag.py:4156} INFO - Setting next_dagrun for example_xcom to 2021-01-01 00:00:00+00:00, run_after=2021-01-01 00:00:00+00:00
[2024-09-08T06:43:02.630+0000] {processor.py:208} INFO - Processing /home/airflow/.local/lib/python3.12/site-packages/airflow/example_dags/example_xcom.py took 0.057 seconds
[2024-09-08T06:43:33.035+0000] {processor.py:186} INFO - Started process (PID=568) to work on /home/airflow/.local/lib/python3.12/site-packages/airflow/example_dags/example_xcom.py
[2024-09-08T06:43:33.035+0000] {processor.py:914} INFO - Processing file /home/airflow/.local/lib/python3.12/site-packages/airflow/example_dags/example_xcom.py for tasks to queue
[2024-09-08T06:43:33.036+0000] {logging_mixin.py:190} INFO - [2024-09-08T06:43:33.036+0000] {dagbag.py:587} INFO - Filling up the DagBag from /home/airflow/.local/lib/python3.12/site-packages/airflow/example_dags/example_xcom.py
[2024-09-08T06:43:33.041+0000] {processor.py:925} INFO - DAG(s) 'example_xcom' retrieved from /home/airflow/.local/lib/python3.12/site-packages/airflow/example_dags/example_xcom.py
[2024-09-08T06:43:33.056+0000] {logging_mixin.py:190} INFO - [2024-09-08T06:43:33.056+0000] {dag.py:3229} INFO - Sync 1 DAGs
[2024-09-08T06:43:33.072+0000] {logging_mixin.py:190} INFO - [2024-09-08T06:43:33.071+0000] {dag.py:4156} INFO - Setting next_dagrun for example_xcom to 2021-01-01 00:00:00+00:00, run_after=2021-01-01 00:00:00+00:00
[2024-09-08T06:43:33.085+0000] {processor.py:208} INFO - Processing /home/airflow/.local/lib/python3.12/site-packages/airflow/example_dags/example_xcom.py took 0.055 seconds
[2024-09-08T06:44:03.536+0000] {processor.py:186} INFO - Started process (PID=630) to work on /home/airflow/.local/lib/python3.12/site-packages/airflow/example_dags/example_xcom.py
[2024-09-08T06:44:03.536+0000] {processor.py:914} INFO - Processing file /home/airflow/.local/lib/python3.12/site-packages/airflow/example_dags/example_xcom.py for tasks to queue
[2024-09-08T06:44:03.537+0000] {logging_mixin.py:190} INFO - [2024-09-08T06:44:03.537+0000] {dagbag.py:587} INFO - Filling up the DagBag from /home/airflow/.local/lib/python3.12/site-packages/airflow/example_dags/example_xcom.py
[2024-09-08T06:44:03.546+0000] {processor.py:925} INFO - DAG(s) 'example_xcom' retrieved from /home/airflow/.local/lib/python3.12/site-packages/airflow/example_dags/example_xcom.py
[2024-09-08T06:44:03.558+0000] {logging_mixin.py:190} INFO - [2024-09-08T06:44:03.558+0000] {dag.py:3229} INFO - Sync 1 DAGs
[2024-09-08T06:44:03.570+0000] {logging_mixin.py:190} INFO - [2024-09-08T06:44:03.570+0000] {dag.py:4156} INFO - Setting next_dagrun for example_xcom to 2021-01-01 00:00:00+00:00, run_after=2021-01-01 00:00:00+00:00
[2024-09-08T06:44:03.580+0000] {processor.py:208} INFO - Processing /home/airflow/.local/lib/python3.12/site-packages/airflow/example_dags/example_xcom.py took 0.048 seconds
[2024-09-08T06:44:34.117+0000] {processor.py:186} INFO - Started process (PID=692) to work on /home/airflow/.local/lib/python3.12/site-packages/airflow/example_dags/example_xcom.py
[2024-09-08T06:44:34.118+0000] {processor.py:914} INFO - Processing file /home/airflow/.local/lib/python3.12/site-packages/airflow/example_dags/example_xcom.py for tasks to queue
[2024-09-08T06:44:34.119+0000] {logging_mixin.py:190} INFO - [2024-09-08T06:44:34.119+0000] {dagbag.py:587} INFO - Filling up the DagBag from /home/airflow/.local/lib/python3.12/site-packages/airflow/example_dags/example_xcom.py
[2024-09-08T06:44:34.124+0000] {processor.py:925} INFO - DAG(s) 'example_xcom' retrieved from /home/airflow/.local/lib/python3.12/site-packages/airflow/example_dags/example_xcom.py
[2024-09-08T06:44:34.138+0000] {logging_mixin.py:190} INFO - [2024-09-08T06:44:34.138+0000] {dag.py:3229} INFO - Sync 1 DAGs
[2024-09-08T06:44:34.156+0000] {logging_mixin.py:190} INFO - [2024-09-08T06:44:34.155+0000] {dag.py:4156} INFO - Setting next_dagrun for example_xcom to 2021-01-01 00:00:00+00:00, run_after=2021-01-01 00:00:00+00:00
[2024-09-08T06:44:34.168+0000] {processor.py:208} INFO - Processing /home/airflow/.local/lib/python3.12/site-packages/airflow/example_dags/example_xcom.py took 0.054 seconds
[2024-09-08T06:45:04.765+0000] {processor.py:186} INFO - Started process (PID=754) to work on /home/airflow/.local/lib/python3.12/site-packages/airflow/example_dags/example_xcom.py
[2024-09-08T06:45:04.765+0000] {processor.py:914} INFO - Processing file /home/airflow/.local/lib/python3.12/site-packages/airflow/example_dags/example_xcom.py for tasks to queue
[2024-09-08T06:45:04.766+0000] {logging_mixin.py:190} INFO - [2024-09-08T06:45:04.766+0000] {dagbag.py:587} INFO - Filling up the DagBag from /home/airflow/.local/lib/python3.12/site-packages/airflow/example_dags/example_xcom.py
[2024-09-08T06:45:04.770+0000] {processor.py:925} INFO - DAG(s) 'example_xcom' retrieved from /home/airflow/.local/lib/python3.12/site-packages/airflow/example_dags/example_xcom.py
[2024-09-08T06:45:04.786+0000] {logging_mixin.py:190} INFO - [2024-09-08T06:45:04.786+0000] {dag.py:3229} INFO - Sync 1 DAGs
[2024-09-08T06:45:04.799+0000] {logging_mixin.py:190} INFO - [2024-09-08T06:45:04.799+0000] {dag.py:4156} INFO - Setting next_dagrun for example_xcom to 2021-01-01 00:00:00+00:00, run_after=2021-01-01 00:00:00+00:00
[2024-09-08T06:45:04.810+0000] {processor.py:208} INFO - Processing /home/airflow/.local/lib/python3.12/site-packages/airflow/example_dags/example_xcom.py took 0.048 seconds
[2024-09-08T06:45:35.247+0000] {processor.py:186} INFO - Started process (PID=816) to work on /home/airflow/.local/lib/python3.12/site-packages/airflow/example_dags/example_xcom.py
[2024-09-08T06:45:35.247+0000] {processor.py:914} INFO - Processing file /home/airflow/.local/lib/python3.12/site-packages/airflow/example_dags/example_xcom.py for tasks to queue
[2024-09-08T06:45:35.249+0000] {logging_mixin.py:190} INFO - [2024-09-08T06:45:35.249+0000] {dagbag.py:587} INFO - Filling up the DagBag from /home/airflow/.local/lib/python3.12/site-packages/airflow/example_dags/example_xcom.py
[2024-09-08T06:45:35.254+0000] {processor.py:925} INFO - DAG(s) 'example_xcom' retrieved from /home/airflow/.local/lib/python3.12/site-packages/airflow/example_dags/example_xcom.py
[2024-09-08T06:45:35.267+0000] {logging_mixin.py:190} INFO - [2024-09-08T06:45:35.267+0000] {dag.py:3229} INFO - Sync 1 DAGs
[2024-09-08T06:45:35.281+0000] {logging_mixin.py:190} INFO - [2024-09-08T06:45:35.280+0000] {dag.py:4156} INFO - Setting next_dagrun for example_xcom to 2021-01-01 00:00:00+00:00, run_after=2021-01-01 00:00:00+00:00
[2024-09-08T06:45:35.293+0000] {processor.py:208} INFO - Processing /home/airflow/.local/lib/python3.12/site-packages/airflow/example_dags/example_xcom.py took 0.050 seconds
[2024-09-08T06:46:05.684+0000] {processor.py:186} INFO - Started process (PID=878) to work on /home/airflow/.local/lib/python3.12/site-packages/airflow/example_dags/example_xcom.py
[2024-09-08T06:46:05.684+0000] {processor.py:914} INFO - Processing file /home/airflow/.local/lib/python3.12/site-packages/airflow/example_dags/example_xcom.py for tasks to queue
[2024-09-08T06:46:05.686+0000] {logging_mixin.py:190} INFO - [2024-09-08T06:46:05.686+0000] {dagbag.py:587} INFO - Filling up the DagBag from /home/airflow/.local/lib/python3.12/site-packages/airflow/example_dags/example_xcom.py
[2024-09-08T06:46:05.692+0000] {processor.py:925} INFO - DAG(s) 'example_xcom' retrieved from /home/airflow/.local/lib/python3.12/site-packages/airflow/example_dags/example_xcom.py
[2024-09-08T06:46:05.708+0000] {logging_mixin.py:190} INFO - [2024-09-08T06:46:05.708+0000] {dag.py:3229} INFO - Sync 1 DAGs
[2024-09-08T06:46:05.725+0000] {logging_mixin.py:190} INFO - [2024-09-08T06:46:05.725+0000] {dag.py:4156} INFO - Setting next_dagrun for example_xcom to 2021-01-01 00:00:00+00:00, run_after=2021-01-01 00:00:00+00:00
[2024-09-08T06:46:05.736+0000] {processor.py:208} INFO - Processing /home/airflow/.local/lib/python3.12/site-packages/airflow/example_dags/example_xcom.py took 0.056 seconds
[2024-09-08T06:46:36.221+0000] {processor.py:186} INFO - Started process (PID=940) to work on /home/airflow/.local/lib/python3.12/site-packages/airflow/example_dags/example_xcom.py
[2024-09-08T06:46:36.222+0000] {processor.py:914} INFO - Processing file /home/airflow/.local/lib/python3.12/site-packages/airflow/example_dags/example_xcom.py for tasks to queue
[2024-09-08T06:46:36.223+0000] {logging_mixin.py:190} INFO - [2024-09-08T06:46:36.223+0000] {dagbag.py:587} INFO - Filling up the DagBag from /home/airflow/.local/lib/python3.12/site-packages/airflow/example_dags/example_xcom.py
[2024-09-08T06:46:36.230+0000] {processor.py:925} INFO - DAG(s) 'example_xcom' retrieved from /home/airflow/.local/lib/python3.12/site-packages/airflow/example_dags/example_xcom.py
[2024-09-08T06:46:36.244+0000] {logging_mixin.py:190} INFO - [2024-09-08T06:46:36.244+0000] {dag.py:3229} INFO - Sync 1 DAGs
[2024-09-08T06:46:36.260+0000] {logging_mixin.py:190} INFO - [2024-09-08T06:46:36.260+0000] {dag.py:4156} INFO - Setting next_dagrun for example_xcom to 2021-01-01 00:00:00+00:00, run_after=2021-01-01 00:00:00+00:00
[2024-09-08T06:46:36.273+0000] {processor.py:208} INFO - Processing /home/airflow/.local/lib/python3.12/site-packages/airflow/example_dags/example_xcom.py took 0.056 seconds
[2024-09-08T06:47:06.604+0000] {processor.py:186} INFO - Started process (PID=1002) to work on /home/airflow/.local/lib/python3.12/site-packages/airflow/example_dags/example_xcom.py
[2024-09-08T06:47:06.605+0000] {processor.py:914} INFO - Processing file /home/airflow/.local/lib/python3.12/site-packages/airflow/example_dags/example_xcom.py for tasks to queue
[2024-09-08T06:47:06.606+0000] {logging_mixin.py:190} INFO - [2024-09-08T06:47:06.606+0000] {dagbag.py:587} INFO - Filling up the DagBag from /home/airflow/.local/lib/python3.12/site-packages/airflow/example_dags/example_xcom.py
[2024-09-08T06:47:06.612+0000] {processor.py:925} INFO - DAG(s) 'example_xcom' retrieved from /home/airflow/.local/lib/python3.12/site-packages/airflow/example_dags/example_xcom.py
[2024-09-08T06:47:06.628+0000] {logging_mixin.py:190} INFO - [2024-09-08T06:47:06.628+0000] {dag.py:3229} INFO - Sync 1 DAGs
[2024-09-08T06:47:06.643+0000] {logging_mixin.py:190} INFO - [2024-09-08T06:47:06.643+0000] {dag.py:4156} INFO - Setting next_dagrun for example_xcom to 2021-01-01 00:00:00+00:00, run_after=2021-01-01 00:00:00+00:00
[2024-09-08T06:47:06.657+0000] {processor.py:208} INFO - Processing /home/airflow/.local/lib/python3.12/site-packages/airflow/example_dags/example_xcom.py took 0.057 seconds
[2024-09-08T06:47:37.214+0000] {processor.py:186} INFO - Started process (PID=1064) to work on /home/airflow/.local/lib/python3.12/site-packages/airflow/example_dags/example_xcom.py
[2024-09-08T06:47:37.215+0000] {processor.py:914} INFO - Processing file /home/airflow/.local/lib/python3.12/site-packages/airflow/example_dags/example_xcom.py for tasks to queue
[2024-09-08T06:47:37.216+0000] {logging_mixin.py:190} INFO - [2024-09-08T06:47:37.216+0000] {dagbag.py:587} INFO - Filling up the DagBag from /home/airflow/.local/lib/python3.12/site-packages/airflow/example_dags/example_xcom.py
[2024-09-08T06:47:37.221+0000] {processor.py:925} INFO - DAG(s) 'example_xcom' retrieved from /home/airflow/.local/lib/python3.12/site-packages/airflow/example_dags/example_xcom.py
[2024-09-08T06:47:37.237+0000] {logging_mixin.py:190} INFO - [2024-09-08T06:47:37.237+0000] {dag.py:3229} INFO - Sync 1 DAGs
[2024-09-08T06:47:37.250+0000] {logging_mixin.py:190} INFO - [2024-09-08T06:47:37.250+0000] {dag.py:4156} INFO - Setting next_dagrun for example_xcom to 2021-01-01 00:00:00+00:00, run_after=2021-01-01 00:00:00+00:00
[2024-09-08T06:47:37.263+0000] {processor.py:208} INFO - Processing /home/airflow/.local/lib/python3.12/site-packages/airflow/example_dags/example_xcom.py took 0.053 seconds
[2024-09-08T06:48:07.719+0000] {processor.py:186} INFO - Started process (PID=1126) to work on /home/airflow/.local/lib/python3.12/site-packages/airflow/example_dags/example_xcom.py
[2024-09-08T06:48:07.719+0000] {processor.py:914} INFO - Processing file /home/airflow/.local/lib/python3.12/site-packages/airflow/example_dags/example_xcom.py for tasks to queue
[2024-09-08T06:48:07.720+0000] {logging_mixin.py:190} INFO - [2024-09-08T06:48:07.720+0000] {dagbag.py:587} INFO - Filling up the DagBag from /home/airflow/.local/lib/python3.12/site-packages/airflow/example_dags/example_xcom.py
[2024-09-08T06:48:07.725+0000] {processor.py:925} INFO - DAG(s) 'example_xcom' retrieved from /home/airflow/.local/lib/python3.12/site-packages/airflow/example_dags/example_xcom.py
[2024-09-08T06:48:07.742+0000] {logging_mixin.py:190} INFO - [2024-09-08T06:48:07.742+0000] {dag.py:3229} INFO - Sync 1 DAGs
[2024-09-08T06:48:07.758+0000] {logging_mixin.py:190} INFO - [2024-09-08T06:48:07.758+0000] {dag.py:4156} INFO - Setting next_dagrun for example_xcom to 2021-01-01 00:00:00+00:00, run_after=2021-01-01 00:00:00+00:00
[2024-09-08T06:48:07.772+0000] {processor.py:208} INFO - Processing /home/airflow/.local/lib/python3.12/site-packages/airflow/example_dags/example_xcom.py took 0.056 seconds
[2024-09-08T06:48:38.373+0000] {processor.py:186} INFO - Started process (PID=1188) to work on /home/airflow/.local/lib/python3.12/site-packages/airflow/example_dags/example_xcom.py
[2024-09-08T06:48:38.374+0000] {processor.py:914} INFO - Processing file /home/airflow/.local/lib/python3.12/site-packages/airflow/example_dags/example_xcom.py for tasks to queue
[2024-09-08T06:48:38.375+0000] {logging_mixin.py:190} INFO - [2024-09-08T06:48:38.375+0000] {dagbag.py:587} INFO - Filling up the DagBag from /home/airflow/.local/lib/python3.12/site-packages/airflow/example_dags/example_xcom.py
[2024-09-08T06:48:38.380+0000] {processor.py:925} INFO - DAG(s) 'example_xcom' retrieved from /home/airflow/.local/lib/python3.12/site-packages/airflow/example_dags/example_xcom.py
[2024-09-08T06:48:38.396+0000] {logging_mixin.py:190} INFO - [2024-09-08T06:48:38.395+0000] {dag.py:3229} INFO - Sync 1 DAGs
[2024-09-08T06:48:38.410+0000] {logging_mixin.py:190} INFO - [2024-09-08T06:48:38.410+0000] {dag.py:4156} INFO - Setting next_dagrun for example_xcom to 2021-01-01 00:00:00+00:00, run_after=2021-01-01 00:00:00+00:00
[2024-09-08T06:48:38.424+0000] {processor.py:208} INFO - Processing /home/airflow/.local/lib/python3.12/site-packages/airflow/example_dags/example_xcom.py took 0.054 seconds
[2024-09-08T06:49:08.905+0000] {processor.py:186} INFO - Started process (PID=1250) to work on /home/airflow/.local/lib/python3.12/site-packages/airflow/example_dags/example_xcom.py
[2024-09-08T06:49:08.905+0000] {processor.py:914} INFO - Processing file /home/airflow/.local/lib/python3.12/site-packages/airflow/example_dags/example_xcom.py for tasks to queue
[2024-09-08T06:49:08.907+0000] {logging_mixin.py:190} INFO - [2024-09-08T06:49:08.907+0000] {dagbag.py:587} INFO - Filling up the DagBag from /home/airflow/.local/lib/python3.12/site-packages/airflow/example_dags/example_xcom.py
[2024-09-08T06:49:08.912+0000] {processor.py:925} INFO - DAG(s) 'example_xcom' retrieved from /home/airflow/.local/lib/python3.12/site-packages/airflow/example_dags/example_xcom.py
[2024-09-08T06:49:08.927+0000] {logging_mixin.py:190} INFO - [2024-09-08T06:49:08.926+0000] {dag.py:3229} INFO - Sync 1 DAGs
[2024-09-08T06:49:08.943+0000] {logging_mixin.py:190} INFO - [2024-09-08T06:49:08.943+0000] {dag.py:4156} INFO - Setting next_dagrun for example_xcom to 2021-01-01 00:00:00+00:00, run_after=2021-01-01 00:00:00+00:00
[2024-09-08T06:49:08.953+0000] {processor.py:208} INFO - Processing /home/airflow/.local/lib/python3.12/site-packages/airflow/example_dags/example_xcom.py took 0.052 seconds
[2024-09-08T06:49:39.622+0000] {processor.py:186} INFO - Started process (PID=1312) to work on /home/airflow/.local/lib/python3.12/site-packages/airflow/example_dags/example_xcom.py
[2024-09-08T06:49:39.622+0000] {processor.py:914} INFO - Processing file /home/airflow/.local/lib/python3.12/site-packages/airflow/example_dags/example_xcom.py for tasks to queue
[2024-09-08T06:49:39.623+0000] {logging_mixin.py:190} INFO - [2024-09-08T06:49:39.623+0000] {dagbag.py:587} INFO - Filling up the DagBag from /home/airflow/.local/lib/python3.12/site-packages/airflow/example_dags/example_xcom.py
[2024-09-08T06:49:39.628+0000] {processor.py:925} INFO - DAG(s) 'example_xcom' retrieved from /home/airflow/.local/lib/python3.12/site-packages/airflow/example_dags/example_xcom.py
[2024-09-08T06:49:39.642+0000] {logging_mixin.py:190} INFO - [2024-09-08T06:49:39.642+0000] {dag.py:3229} INFO - Sync 1 DAGs
[2024-09-08T06:49:39.659+0000] {logging_mixin.py:190} INFO - [2024-09-08T06:49:39.659+0000] {dag.py:4156} INFO - Setting next_dagrun for example_xcom to 2021-01-01 00:00:00+00:00, run_after=2021-01-01 00:00:00+00:00
[2024-09-08T06:49:39.672+0000] {processor.py:208} INFO - Processing /home/airflow/.local/lib/python3.12/site-packages/airflow/example_dags/example_xcom.py took 0.054 seconds
[2024-09-08T06:50:10.089+0000] {processor.py:186} INFO - Started process (PID=1374) to work on /home/airflow/.local/lib/python3.12/site-packages/airflow/example_dags/example_xcom.py
[2024-09-08T06:50:10.090+0000] {processor.py:914} INFO - Processing file /home/airflow/.local/lib/python3.12/site-packages/airflow/example_dags/example_xcom.py for tasks to queue
[2024-09-08T06:50:10.091+0000] {logging_mixin.py:190} INFO - [2024-09-08T06:50:10.091+0000] {dagbag.py:587} INFO - Filling up the DagBag from /home/airflow/.local/lib/python3.12/site-packages/airflow/example_dags/example_xcom.py
[2024-09-08T06:50:10.096+0000] {processor.py:925} INFO - DAG(s) 'example_xcom' retrieved from /home/airflow/.local/lib/python3.12/site-packages/airflow/example_dags/example_xcom.py
[2024-09-08T06:50:10.110+0000] {logging_mixin.py:190} INFO - [2024-09-08T06:50:10.110+0000] {dag.py:3229} INFO - Sync 1 DAGs
[2024-09-08T06:50:10.123+0000] {logging_mixin.py:190} INFO - [2024-09-08T06:50:10.122+0000] {dag.py:4156} INFO - Setting next_dagrun for example_xcom to 2021-01-01 00:00:00+00:00, run_after=2021-01-01 00:00:00+00:00
[2024-09-08T06:50:10.133+0000] {processor.py:208} INFO - Processing /home/airflow/.local/lib/python3.12/site-packages/airflow/example_dags/example_xcom.py took 0.048 seconds
[2024-09-08T06:50:40.631+0000] {processor.py:186} INFO - Started process (PID=1436) to work on /home/airflow/.local/lib/python3.12/site-packages/airflow/example_dags/example_xcom.py
[2024-09-08T06:50:40.632+0000] {processor.py:914} INFO - Processing file /home/airflow/.local/lib/python3.12/site-packages/airflow/example_dags/example_xcom.py for tasks to queue
[2024-09-08T06:50:40.633+0000] {logging_mixin.py:190} INFO - [2024-09-08T06:50:40.633+0000] {dagbag.py:587} INFO - Filling up the DagBag from /home/airflow/.local/lib/python3.12/site-packages/airflow/example_dags/example_xcom.py
[2024-09-08T06:50:40.637+0000] {processor.py:925} INFO - DAG(s) 'example_xcom' retrieved from /home/airflow/.local/lib/python3.12/site-packages/airflow/example_dags/example_xcom.py
[2024-09-08T06:50:40.651+0000] {logging_mixin.py:190} INFO - [2024-09-08T06:50:40.651+0000] {dag.py:3229} INFO - Sync 1 DAGs
[2024-09-08T06:50:40.668+0000] {logging_mixin.py:190} INFO - [2024-09-08T06:50:40.668+0000] {dag.py:4156} INFO - Setting next_dagrun for example_xcom to 2021-01-01 00:00:00+00:00, run_after=2021-01-01 00:00:00+00:00
[2024-09-08T06:50:40.681+0000] {processor.py:208} INFO - Processing /home/airflow/.local/lib/python3.12/site-packages/airflow/example_dags/example_xcom.py took 0.053 seconds
[2024-09-08T06:51:11.175+0000] {processor.py:186} INFO - Started process (PID=1498) to work on /home/airflow/.local/lib/python3.12/site-packages/airflow/example_dags/example_xcom.py
[2024-09-08T06:51:11.176+0000] {processor.py:914} INFO - Processing file /home/airflow/.local/lib/python3.12/site-packages/airflow/example_dags/example_xcom.py for tasks to queue
[2024-09-08T06:51:11.177+0000] {logging_mixin.py:190} INFO - [2024-09-08T06:51:11.177+0000] {dagbag.py:587} INFO - Filling up the DagBag from /home/airflow/.local/lib/python3.12/site-packages/airflow/example_dags/example_xcom.py
[2024-09-08T06:51:11.182+0000] {processor.py:925} INFO - DAG(s) 'example_xcom' retrieved from /home/airflow/.local/lib/python3.12/site-packages/airflow/example_dags/example_xcom.py
[2024-09-08T06:51:11.195+0000] {logging_mixin.py:190} INFO - [2024-09-08T06:51:11.194+0000] {dag.py:3229} INFO - Sync 1 DAGs
[2024-09-08T06:51:11.207+0000] {logging_mixin.py:190} INFO - [2024-09-08T06:51:11.207+0000] {dag.py:4156} INFO - Setting next_dagrun for example_xcom to 2021-01-01 00:00:00+00:00, run_after=2021-01-01 00:00:00+00:00
[2024-09-08T06:51:11.218+0000] {processor.py:208} INFO - Processing /home/airflow/.local/lib/python3.12/site-packages/airflow/example_dags/example_xcom.py took 0.045 seconds
[2024-09-08T06:51:41.665+0000] {processor.py:186} INFO - Started process (PID=1560) to work on /home/airflow/.local/lib/python3.12/site-packages/airflow/example_dags/example_xcom.py
[2024-09-08T06:51:41.666+0000] {processor.py:914} INFO - Processing file /home/airflow/.local/lib/python3.12/site-packages/airflow/example_dags/example_xcom.py for tasks to queue
[2024-09-08T06:51:41.667+0000] {logging_mixin.py:190} INFO - [2024-09-08T06:51:41.667+0000] {dagbag.py:587} INFO - Filling up the DagBag from /home/airflow/.local/lib/python3.12/site-packages/airflow/example_dags/example_xcom.py
[2024-09-08T06:51:41.672+0000] {processor.py:925} INFO - DAG(s) 'example_xcom' retrieved from /home/airflow/.local/lib/python3.12/site-packages/airflow/example_dags/example_xcom.py
[2024-09-08T06:51:41.686+0000] {logging_mixin.py:190} INFO - [2024-09-08T06:51:41.686+0000] {dag.py:3229} INFO - Sync 1 DAGs
[2024-09-08T06:51:41.702+0000] {logging_mixin.py:190} INFO - [2024-09-08T06:51:41.702+0000] {dag.py:4156} INFO - Setting next_dagrun for example_xcom to 2021-01-01 00:00:00+00:00, run_after=2021-01-01 00:00:00+00:00
[2024-09-08T06:51:41.715+0000] {processor.py:208} INFO - Processing /home/airflow/.local/lib/python3.12/site-packages/airflow/example_dags/example_xcom.py took 0.053 seconds
[2024-09-08T06:52:12.284+0000] {processor.py:186} INFO - Started process (PID=1622) to work on /home/airflow/.local/lib/python3.12/site-packages/airflow/example_dags/example_xcom.py
[2024-09-08T06:52:12.285+0000] {processor.py:914} INFO - Processing file /home/airflow/.local/lib/python3.12/site-packages/airflow/example_dags/example_xcom.py for tasks to queue
[2024-09-08T06:52:12.286+0000] {logging_mixin.py:190} INFO - [2024-09-08T06:52:12.286+0000] {dagbag.py:587} INFO - Filling up the DagBag from /home/airflow/.local/lib/python3.12/site-packages/airflow/example_dags/example_xcom.py
[2024-09-08T06:52:12.293+0000] {processor.py:925} INFO - DAG(s) 'example_xcom' retrieved from /home/airflow/.local/lib/python3.12/site-packages/airflow/example_dags/example_xcom.py
[2024-09-08T06:52:12.307+0000] {logging_mixin.py:190} INFO - [2024-09-08T06:52:12.307+0000] {dag.py:3229} INFO - Sync 1 DAGs
[2024-09-08T06:52:12.323+0000] {logging_mixin.py:190} INFO - [2024-09-08T06:52:12.323+0000] {dag.py:4156} INFO - Setting next_dagrun for example_xcom to 2021-01-01 00:00:00+00:00, run_after=2021-01-01 00:00:00+00:00
[2024-09-08T06:52:12.335+0000] {processor.py:208} INFO - Processing /home/airflow/.local/lib/python3.12/site-packages/airflow/example_dags/example_xcom.py took 0.055 seconds
[2024-09-08T06:52:42.877+0000] {processor.py:186} INFO - Started process (PID=1684) to work on /home/airflow/.local/lib/python3.12/site-packages/airflow/example_dags/example_xcom.py
[2024-09-08T06:52:42.878+0000] {processor.py:914} INFO - Processing file /home/airflow/.local/lib/python3.12/site-packages/airflow/example_dags/example_xcom.py for tasks to queue
[2024-09-08T06:52:42.879+0000] {logging_mixin.py:190} INFO - [2024-09-08T06:52:42.879+0000] {dagbag.py:587} INFO - Filling up the DagBag from /home/airflow/.local/lib/python3.12/site-packages/airflow/example_dags/example_xcom.py
[2024-09-08T06:52:42.884+0000] {processor.py:925} INFO - DAG(s) 'example_xcom' retrieved from /home/airflow/.local/lib/python3.12/site-packages/airflow/example_dags/example_xcom.py
[2024-09-08T06:52:42.898+0000] {logging_mixin.py:190} INFO - [2024-09-08T06:52:42.898+0000] {dag.py:3229} INFO - Sync 1 DAGs
[2024-09-08T06:52:42.911+0000] {logging_mixin.py:190} INFO - [2024-09-08T06:52:42.911+0000] {dag.py:4156} INFO - Setting next_dagrun for example_xcom to 2021-01-01 00:00:00+00:00, run_after=2021-01-01 00:00:00+00:00
[2024-09-08T06:52:42.921+0000] {processor.py:208} INFO - Processing /home/airflow/.local/lib/python3.12/site-packages/airflow/example_dags/example_xcom.py took 0.046 seconds
[2024-09-08T06:53:13.386+0000] {processor.py:186} INFO - Started process (PID=1746) to work on /home/airflow/.local/lib/python3.12/site-packages/airflow/example_dags/example_xcom.py
[2024-09-08T06:53:13.386+0000] {processor.py:914} INFO - Processing file /home/airflow/.local/lib/python3.12/site-packages/airflow/example_dags/example_xcom.py for tasks to queue
[2024-09-08T06:53:13.387+0000] {logging_mixin.py:190} INFO - [2024-09-08T06:53:13.387+0000] {dagbag.py:587} INFO - Filling up the DagBag from /home/airflow/.local/lib/python3.12/site-packages/airflow/example_dags/example_xcom.py
[2024-09-08T06:53:13.392+0000] {processor.py:925} INFO - DAG(s) 'example_xcom' retrieved from /home/airflow/.local/lib/python3.12/site-packages/airflow/example_dags/example_xcom.py
[2024-09-08T06:53:13.405+0000] {logging_mixin.py:190} INFO - [2024-09-08T06:53:13.405+0000] {dag.py:3229} INFO - Sync 1 DAGs
[2024-09-08T06:53:13.418+0000] {logging_mixin.py:190} INFO - [2024-09-08T06:53:13.418+0000] {dag.py:4156} INFO - Setting next_dagrun for example_xcom to 2021-01-01 00:00:00+00:00, run_after=2021-01-01 00:00:00+00:00
[2024-09-08T06:53:13.428+0000] {processor.py:208} INFO - Processing /home/airflow/.local/lib/python3.12/site-packages/airflow/example_dags/example_xcom.py took 0.045 seconds
[2024-09-08T06:53:44.012+0000] {processor.py:186} INFO - Started process (PID=1808) to work on /home/airflow/.local/lib/python3.12/site-packages/airflow/example_dags/example_xcom.py
[2024-09-08T06:53:44.012+0000] {processor.py:914} INFO - Processing file /home/airflow/.local/lib/python3.12/site-packages/airflow/example_dags/example_xcom.py for tasks to queue
[2024-09-08T06:53:44.014+0000] {logging_mixin.py:190} INFO - [2024-09-08T06:53:44.013+0000] {dagbag.py:587} INFO - Filling up the DagBag from /home/airflow/.local/lib/python3.12/site-packages/airflow/example_dags/example_xcom.py
[2024-09-08T06:53:44.020+0000] {processor.py:925} INFO - DAG(s) 'example_xcom' retrieved from /home/airflow/.local/lib/python3.12/site-packages/airflow/example_dags/example_xcom.py
[2024-09-08T06:53:44.036+0000] {logging_mixin.py:190} INFO - [2024-09-08T06:53:44.036+0000] {dag.py:3229} INFO - Sync 1 DAGs
[2024-09-08T06:53:44.053+0000] {logging_mixin.py:190} INFO - [2024-09-08T06:53:44.053+0000] {dag.py:4156} INFO - Setting next_dagrun for example_xcom to 2021-01-01 00:00:00+00:00, run_after=2021-01-01 00:00:00+00:00
[2024-09-08T06:53:44.063+0000] {processor.py:208} INFO - Processing /home/airflow/.local/lib/python3.12/site-packages/airflow/example_dags/example_xcom.py took 0.055 seconds
[2024-09-08T06:54:14.539+0000] {processor.py:186} INFO - Started process (PID=1870) to work on /home/airflow/.local/lib/python3.12/site-packages/airflow/example_dags/example_xcom.py
[2024-09-08T06:54:14.540+0000] {processor.py:914} INFO - Processing file /home/airflow/.local/lib/python3.12/site-packages/airflow/example_dags/example_xcom.py for tasks to queue
[2024-09-08T06:54:14.541+0000] {logging_mixin.py:190} INFO - [2024-09-08T06:54:14.541+0000] {dagbag.py:587} INFO - Filling up the DagBag from /home/airflow/.local/lib/python3.12/site-packages/airflow/example_dags/example_xcom.py
[2024-09-08T06:54:14.547+0000] {processor.py:925} INFO - DAG(s) 'example_xcom' retrieved from /home/airflow/.local/lib/python3.12/site-packages/airflow/example_dags/example_xcom.py
[2024-09-08T06:54:14.562+0000] {logging_mixin.py:190} INFO - [2024-09-08T06:54:14.562+0000] {dag.py:3229} INFO - Sync 1 DAGs
[2024-09-08T06:54:14.580+0000] {logging_mixin.py:190} INFO - [2024-09-08T06:54:14.580+0000] {dag.py:4156} INFO - Setting next_dagrun for example_xcom to 2021-01-01 00:00:00+00:00, run_after=2021-01-01 00:00:00+00:00
[2024-09-08T06:54:14.592+0000] {processor.py:208} INFO - Processing /home/airflow/.local/lib/python3.12/site-packages/airflow/example_dags/example_xcom.py took 0.057 seconds
[2024-09-08T06:54:45.241+0000] {processor.py:186} INFO - Started process (PID=1938) to work on /home/airflow/.local/lib/python3.12/site-packages/airflow/example_dags/example_xcom.py
[2024-09-08T06:54:45.242+0000] {processor.py:914} INFO - Processing file /home/airflow/.local/lib/python3.12/site-packages/airflow/example_dags/example_xcom.py for tasks to queue
[2024-09-08T06:54:45.243+0000] {logging_mixin.py:190} INFO - [2024-09-08T06:54:45.243+0000] {dagbag.py:587} INFO - Filling up the DagBag from /home/airflow/.local/lib/python3.12/site-packages/airflow/example_dags/example_xcom.py
[2024-09-08T06:54:45.249+0000] {processor.py:925} INFO - DAG(s) 'example_xcom' retrieved from /home/airflow/.local/lib/python3.12/site-packages/airflow/example_dags/example_xcom.py
[2024-09-08T06:54:45.263+0000] {logging_mixin.py:190} INFO - [2024-09-08T06:54:45.263+0000] {dag.py:3229} INFO - Sync 1 DAGs
[2024-09-08T06:54:45.280+0000] {logging_mixin.py:190} INFO - [2024-09-08T06:54:45.280+0000] {dag.py:4156} INFO - Setting next_dagrun for example_xcom to 2021-01-01 00:00:00+00:00, run_after=2021-01-01 00:00:00+00:00
[2024-09-08T06:54:45.292+0000] {processor.py:208} INFO - Processing /home/airflow/.local/lib/python3.12/site-packages/airflow/example_dags/example_xcom.py took 0.054 seconds
[2024-09-08T06:55:15.659+0000] {processor.py:186} INFO - Started process (PID=2000) to work on /home/airflow/.local/lib/python3.12/site-packages/airflow/example_dags/example_xcom.py
[2024-09-08T06:55:15.659+0000] {processor.py:914} INFO - Processing file /home/airflow/.local/lib/python3.12/site-packages/airflow/example_dags/example_xcom.py for tasks to queue
[2024-09-08T06:55:15.660+0000] {logging_mixin.py:190} INFO - [2024-09-08T06:55:15.660+0000] {dagbag.py:587} INFO - Filling up the DagBag from /home/airflow/.local/lib/python3.12/site-packages/airflow/example_dags/example_xcom.py
[2024-09-08T06:55:15.665+0000] {processor.py:925} INFO - DAG(s) 'example_xcom' retrieved from /home/airflow/.local/lib/python3.12/site-packages/airflow/example_dags/example_xcom.py
[2024-09-08T06:55:15.679+0000] {logging_mixin.py:190} INFO - [2024-09-08T06:55:15.678+0000] {dag.py:3229} INFO - Sync 1 DAGs
[2024-09-08T06:55:15.696+0000] {logging_mixin.py:190} INFO - [2024-09-08T06:55:15.695+0000] {dag.py:4156} INFO - Setting next_dagrun for example_xcom to 2021-01-01 00:00:00+00:00, run_after=2021-01-01 00:00:00+00:00
[2024-09-08T06:55:15.708+0000] {processor.py:208} INFO - Processing /home/airflow/.local/lib/python3.12/site-packages/airflow/example_dags/example_xcom.py took 0.052 seconds
[2024-09-08T06:55:46.223+0000] {processor.py:186} INFO - Started process (PID=2062) to work on /home/airflow/.local/lib/python3.12/site-packages/airflow/example_dags/example_xcom.py
[2024-09-08T06:55:46.223+0000] {processor.py:914} INFO - Processing file /home/airflow/.local/lib/python3.12/site-packages/airflow/example_dags/example_xcom.py for tasks to queue
[2024-09-08T06:55:46.225+0000] {logging_mixin.py:190} INFO - [2024-09-08T06:55:46.224+0000] {dagbag.py:587} INFO - Filling up the DagBag from /home/airflow/.local/lib/python3.12/site-packages/airflow/example_dags/example_xcom.py
[2024-09-08T06:55:46.230+0000] {processor.py:925} INFO - DAG(s) 'example_xcom' retrieved from /home/airflow/.local/lib/python3.12/site-packages/airflow/example_dags/example_xcom.py
[2024-09-08T06:55:46.245+0000] {logging_mixin.py:190} INFO - [2024-09-08T06:55:46.245+0000] {dag.py:3229} INFO - Sync 1 DAGs
[2024-09-08T06:55:46.260+0000] {logging_mixin.py:190} INFO - [2024-09-08T06:55:46.260+0000] {dag.py:4156} INFO - Setting next_dagrun for example_xcom to 2021-01-01 00:00:00+00:00, run_after=2021-01-01 00:00:00+00:00
[2024-09-08T06:55:46.273+0000] {processor.py:208} INFO - Processing /home/airflow/.local/lib/python3.12/site-packages/airflow/example_dags/example_xcom.py took 0.054 seconds
[2024-09-08T06:56:16.808+0000] {processor.py:186} INFO - Started process (PID=2124) to work on /home/airflow/.local/lib/python3.12/site-packages/airflow/example_dags/example_xcom.py
[2024-09-08T06:56:16.809+0000] {processor.py:914} INFO - Processing file /home/airflow/.local/lib/python3.12/site-packages/airflow/example_dags/example_xcom.py for tasks to queue
[2024-09-08T06:56:16.811+0000] {logging_mixin.py:190} INFO - [2024-09-08T06:56:16.810+0000] {dagbag.py:587} INFO - Filling up the DagBag from /home/airflow/.local/lib/python3.12/site-packages/airflow/example_dags/example_xcom.py
[2024-09-08T06:56:16.816+0000] {processor.py:925} INFO - DAG(s) 'example_xcom' retrieved from /home/airflow/.local/lib/python3.12/site-packages/airflow/example_dags/example_xcom.py
[2024-09-08T06:56:16.831+0000] {logging_mixin.py:190} INFO - [2024-09-08T06:56:16.830+0000] {dag.py:3229} INFO - Sync 1 DAGs
[2024-09-08T06:56:16.846+0000] {logging_mixin.py:190} INFO - [2024-09-08T06:56:16.845+0000] {dag.py:4156} INFO - Setting next_dagrun for example_xcom to 2021-01-01 00:00:00+00:00, run_after=2021-01-01 00:00:00+00:00
[2024-09-08T06:56:16.858+0000] {processor.py:208} INFO - Processing /home/airflow/.local/lib/python3.12/site-packages/airflow/example_dags/example_xcom.py took 0.053 seconds
[2024-09-08T06:56:47.348+0000] {processor.py:186} INFO - Started process (PID=2186) to work on /home/airflow/.local/lib/python3.12/site-packages/airflow/example_dags/example_xcom.py
[2024-09-08T06:56:47.349+0000] {processor.py:914} INFO - Processing file /home/airflow/.local/lib/python3.12/site-packages/airflow/example_dags/example_xcom.py for tasks to queue
[2024-09-08T06:56:47.350+0000] {logging_mixin.py:190} INFO - [2024-09-08T06:56:47.350+0000] {dagbag.py:587} INFO - Filling up the DagBag from /home/airflow/.local/lib/python3.12/site-packages/airflow/example_dags/example_xcom.py
[2024-09-08T06:56:47.355+0000] {processor.py:925} INFO - DAG(s) 'example_xcom' retrieved from /home/airflow/.local/lib/python3.12/site-packages/airflow/example_dags/example_xcom.py
[2024-09-08T06:56:47.370+0000] {logging_mixin.py:190} INFO - [2024-09-08T06:56:47.369+0000] {dag.py:3229} INFO - Sync 1 DAGs
[2024-09-08T06:56:47.383+0000] {logging_mixin.py:190} INFO - [2024-09-08T06:56:47.383+0000] {dag.py:4156} INFO - Setting next_dagrun for example_xcom to 2021-01-01 00:00:00+00:00, run_after=2021-01-01 00:00:00+00:00
[2024-09-08T06:56:47.397+0000] {processor.py:208} INFO - Processing /home/airflow/.local/lib/python3.12/site-packages/airflow/example_dags/example_xcom.py took 0.052 seconds
[2024-09-08T06:57:18.017+0000] {processor.py:186} INFO - Started process (PID=2248) to work on /home/airflow/.local/lib/python3.12/site-packages/airflow/example_dags/example_xcom.py
[2024-09-08T06:57:18.018+0000] {processor.py:914} INFO - Processing file /home/airflow/.local/lib/python3.12/site-packages/airflow/example_dags/example_xcom.py for tasks to queue
[2024-09-08T06:57:18.019+0000] {logging_mixin.py:190} INFO - [2024-09-08T06:57:18.019+0000] {dagbag.py:587} INFO - Filling up the DagBag from /home/airflow/.local/lib/python3.12/site-packages/airflow/example_dags/example_xcom.py
[2024-09-08T06:57:18.023+0000] {processor.py:925} INFO - DAG(s) 'example_xcom' retrieved from /home/airflow/.local/lib/python3.12/site-packages/airflow/example_dags/example_xcom.py
[2024-09-08T06:57:18.036+0000] {logging_mixin.py:190} INFO - [2024-09-08T06:57:18.036+0000] {dag.py:3229} INFO - Sync 1 DAGs
[2024-09-08T06:57:18.049+0000] {logging_mixin.py:190} INFO - [2024-09-08T06:57:18.048+0000] {dag.py:4156} INFO - Setting next_dagrun for example_xcom to 2021-01-01 00:00:00+00:00, run_after=2021-01-01 00:00:00+00:00
[2024-09-08T06:57:18.060+0000] {processor.py:208} INFO - Processing /home/airflow/.local/lib/python3.12/site-packages/airflow/example_dags/example_xcom.py took 0.047 seconds
[2024-09-08T06:57:48.705+0000] {processor.py:186} INFO - Started process (PID=2310) to work on /home/airflow/.local/lib/python3.12/site-packages/airflow/example_dags/example_xcom.py
[2024-09-08T06:57:48.706+0000] {processor.py:914} INFO - Processing file /home/airflow/.local/lib/python3.12/site-packages/airflow/example_dags/example_xcom.py for tasks to queue
[2024-09-08T06:57:48.707+0000] {logging_mixin.py:190} INFO - [2024-09-08T06:57:48.707+0000] {dagbag.py:587} INFO - Filling up the DagBag from /home/airflow/.local/lib/python3.12/site-packages/airflow/example_dags/example_xcom.py
[2024-09-08T06:57:48.713+0000] {processor.py:925} INFO - DAG(s) 'example_xcom' retrieved from /home/airflow/.local/lib/python3.12/site-packages/airflow/example_dags/example_xcom.py
[2024-09-08T06:57:48.727+0000] {logging_mixin.py:190} INFO - [2024-09-08T06:57:48.727+0000] {dag.py:3229} INFO - Sync 1 DAGs
[2024-09-08T06:57:48.740+0000] {logging_mixin.py:190} INFO - [2024-09-08T06:57:48.740+0000] {dag.py:4156} INFO - Setting next_dagrun for example_xcom to 2021-01-01 00:00:00+00:00, run_after=2021-01-01 00:00:00+00:00
[2024-09-08T06:57:48.751+0000] {processor.py:208} INFO - Processing /home/airflow/.local/lib/python3.12/site-packages/airflow/example_dags/example_xcom.py took 0.049 seconds
[2024-09-08T06:58:19.692+0000] {processor.py:186} INFO - Started process (PID=2372) to work on /home/airflow/.local/lib/python3.12/site-packages/airflow/example_dags/example_xcom.py
[2024-09-08T06:58:19.692+0000] {processor.py:914} INFO - Processing file /home/airflow/.local/lib/python3.12/site-packages/airflow/example_dags/example_xcom.py for tasks to queue
[2024-09-08T06:58:19.693+0000] {logging_mixin.py:190} INFO - [2024-09-08T06:58:19.693+0000] {dagbag.py:587} INFO - Filling up the DagBag from /home/airflow/.local/lib/python3.12/site-packages/airflow/example_dags/example_xcom.py
[2024-09-08T06:58:19.698+0000] {processor.py:925} INFO - DAG(s) 'example_xcom' retrieved from /home/airflow/.local/lib/python3.12/site-packages/airflow/example_dags/example_xcom.py
[2024-09-08T06:58:19.715+0000] {logging_mixin.py:190} INFO - [2024-09-08T06:58:19.714+0000] {dag.py:3229} INFO - Sync 1 DAGs
[2024-09-08T06:58:19.730+0000] {logging_mixin.py:190} INFO - [2024-09-08T06:58:19.730+0000] {dag.py:4156} INFO - Setting next_dagrun for example_xcom to 2021-01-01 00:00:00+00:00, run_after=2021-01-01 00:00:00+00:00
[2024-09-08T06:58:19.743+0000] {processor.py:208} INFO - Processing /home/airflow/.local/lib/python3.12/site-packages/airflow/example_dags/example_xcom.py took 0.055 seconds
[2024-09-08T06:58:50.338+0000] {processor.py:186} INFO - Started process (PID=2434) to work on /home/airflow/.local/lib/python3.12/site-packages/airflow/example_dags/example_xcom.py
[2024-09-08T06:58:50.338+0000] {processor.py:914} INFO - Processing file /home/airflow/.local/lib/python3.12/site-packages/airflow/example_dags/example_xcom.py for tasks to queue
[2024-09-08T06:58:50.340+0000] {logging_mixin.py:190} INFO - [2024-09-08T06:58:50.339+0000] {dagbag.py:587} INFO - Filling up the DagBag from /home/airflow/.local/lib/python3.12/site-packages/airflow/example_dags/example_xcom.py
[2024-09-08T06:58:50.344+0000] {processor.py:925} INFO - DAG(s) 'example_xcom' retrieved from /home/airflow/.local/lib/python3.12/site-packages/airflow/example_dags/example_xcom.py
[2024-09-08T06:58:50.358+0000] {logging_mixin.py:190} INFO - [2024-09-08T06:58:50.358+0000] {dag.py:3229} INFO - Sync 1 DAGs
[2024-09-08T06:58:50.374+0000] {logging_mixin.py:190} INFO - [2024-09-08T06:58:50.374+0000] {dag.py:4156} INFO - Setting next_dagrun for example_xcom to 2021-01-01 00:00:00+00:00, run_after=2021-01-01 00:00:00+00:00
[2024-09-08T06:58:50.386+0000] {processor.py:208} INFO - Processing /home/airflow/.local/lib/python3.12/site-packages/airflow/example_dags/example_xcom.py took 0.051 seconds
[2024-09-08T06:59:20.983+0000] {processor.py:186} INFO - Started process (PID=2496) to work on /home/airflow/.local/lib/python3.12/site-packages/airflow/example_dags/example_xcom.py
[2024-09-08T06:59:20.983+0000] {processor.py:914} INFO - Processing file /home/airflow/.local/lib/python3.12/site-packages/airflow/example_dags/example_xcom.py for tasks to queue
[2024-09-08T06:59:20.984+0000] {logging_mixin.py:190} INFO - [2024-09-08T06:59:20.984+0000] {dagbag.py:587} INFO - Filling up the DagBag from /home/airflow/.local/lib/python3.12/site-packages/airflow/example_dags/example_xcom.py
[2024-09-08T06:59:20.989+0000] {processor.py:925} INFO - DAG(s) 'example_xcom' retrieved from /home/airflow/.local/lib/python3.12/site-packages/airflow/example_dags/example_xcom.py
[2024-09-08T06:59:21.002+0000] {logging_mixin.py:190} INFO - [2024-09-08T06:59:21.002+0000] {dag.py:3229} INFO - Sync 1 DAGs
[2024-09-08T06:59:21.019+0000] {logging_mixin.py:190} INFO - [2024-09-08T06:59:21.019+0000] {dag.py:4156} INFO - Setting next_dagrun for example_xcom to 2021-01-01 00:00:00+00:00, run_after=2021-01-01 00:00:00+00:00
[2024-09-08T06:59:21.032+0000] {processor.py:208} INFO - Processing /home/airflow/.local/lib/python3.12/site-packages/airflow/example_dags/example_xcom.py took 0.053 seconds
[2024-09-08T06:59:51.794+0000] {processor.py:186} INFO - Started process (PID=2558) to work on /home/airflow/.local/lib/python3.12/site-packages/airflow/example_dags/example_xcom.py
[2024-09-08T06:59:51.794+0000] {processor.py:914} INFO - Processing file /home/airflow/.local/lib/python3.12/site-packages/airflow/example_dags/example_xcom.py for tasks to queue
[2024-09-08T06:59:51.796+0000] {logging_mixin.py:190} INFO - [2024-09-08T06:59:51.795+0000] {dagbag.py:587} INFO - Filling up the DagBag from /home/airflow/.local/lib/python3.12/site-packages/airflow/example_dags/example_xcom.py
[2024-09-08T06:59:51.800+0000] {processor.py:925} INFO - DAG(s) 'example_xcom' retrieved from /home/airflow/.local/lib/python3.12/site-packages/airflow/example_dags/example_xcom.py
[2024-09-08T06:59:51.812+0000] {logging_mixin.py:190} INFO - [2024-09-08T06:59:51.812+0000] {dag.py:3229} INFO - Sync 1 DAGs
[2024-09-08T06:59:51.823+0000] {logging_mixin.py:190} INFO - [2024-09-08T06:59:51.823+0000] {dag.py:4156} INFO - Setting next_dagrun for example_xcom to 2021-01-01 00:00:00+00:00, run_after=2021-01-01 00:00:00+00:00
[2024-09-08T06:59:51.833+0000] {processor.py:208} INFO - Processing /home/airflow/.local/lib/python3.12/site-packages/airflow/example_dags/example_xcom.py took 0.042 seconds
[2024-09-08T07:00:22.444+0000] {processor.py:186} INFO - Started process (PID=2620) to work on /home/airflow/.local/lib/python3.12/site-packages/airflow/example_dags/example_xcom.py
[2024-09-08T07:00:22.444+0000] {processor.py:914} INFO - Processing file /home/airflow/.local/lib/python3.12/site-packages/airflow/example_dags/example_xcom.py for tasks to queue
[2024-09-08T07:00:22.446+0000] {logging_mixin.py:190} INFO - [2024-09-08T07:00:22.445+0000] {dagbag.py:587} INFO - Filling up the DagBag from /home/airflow/.local/lib/python3.12/site-packages/airflow/example_dags/example_xcom.py
[2024-09-08T07:00:22.450+0000] {processor.py:925} INFO - DAG(s) 'example_xcom' retrieved from /home/airflow/.local/lib/python3.12/site-packages/airflow/example_dags/example_xcom.py
[2024-09-08T07:00:22.465+0000] {logging_mixin.py:190} INFO - [2024-09-08T07:00:22.465+0000] {dag.py:3229} INFO - Sync 1 DAGs
[2024-09-08T07:00:22.482+0000] {logging_mixin.py:190} INFO - [2024-09-08T07:00:22.482+0000] {dag.py:4156} INFO - Setting next_dagrun for example_xcom to 2021-01-01 00:00:00+00:00, run_after=2021-01-01 00:00:00+00:00
[2024-09-08T07:00:22.495+0000] {processor.py:208} INFO - Processing /home/airflow/.local/lib/python3.12/site-packages/airflow/example_dags/example_xcom.py took 0.054 seconds
[2024-09-08T07:00:53.134+0000] {processor.py:186} INFO - Started process (PID=2682) to work on /home/airflow/.local/lib/python3.12/site-packages/airflow/example_dags/example_xcom.py
[2024-09-08T07:00:53.134+0000] {processor.py:914} INFO - Processing file /home/airflow/.local/lib/python3.12/site-packages/airflow/example_dags/example_xcom.py for tasks to queue
[2024-09-08T07:00:53.135+0000] {logging_mixin.py:190} INFO - [2024-09-08T07:00:53.135+0000] {dagbag.py:587} INFO - Filling up the DagBag from /home/airflow/.local/lib/python3.12/site-packages/airflow/example_dags/example_xcom.py
[2024-09-08T07:00:53.140+0000] {processor.py:925} INFO - DAG(s) 'example_xcom' retrieved from /home/airflow/.local/lib/python3.12/site-packages/airflow/example_dags/example_xcom.py
[2024-09-08T07:00:53.155+0000] {logging_mixin.py:190} INFO - [2024-09-08T07:00:53.154+0000] {dag.py:3229} INFO - Sync 1 DAGs
[2024-09-08T07:00:53.169+0000] {logging_mixin.py:190} INFO - [2024-09-08T07:00:53.169+0000] {dag.py:4156} INFO - Setting next_dagrun for example_xcom to 2021-01-01 00:00:00+00:00, run_after=2021-01-01 00:00:00+00:00
[2024-09-08T07:00:53.181+0000] {processor.py:208} INFO - Processing /home/airflow/.local/lib/python3.12/site-packages/airflow/example_dags/example_xcom.py took 0.051 seconds
[2024-09-08T07:01:23.904+0000] {processor.py:186} INFO - Started process (PID=2744) to work on /home/airflow/.local/lib/python3.12/site-packages/airflow/example_dags/example_xcom.py
[2024-09-08T07:01:23.905+0000] {processor.py:914} INFO - Processing file /home/airflow/.local/lib/python3.12/site-packages/airflow/example_dags/example_xcom.py for tasks to queue
[2024-09-08T07:01:23.906+0000] {logging_mixin.py:190} INFO - [2024-09-08T07:01:23.906+0000] {dagbag.py:587} INFO - Filling up the DagBag from /home/airflow/.local/lib/python3.12/site-packages/airflow/example_dags/example_xcom.py
[2024-09-08T07:01:23.911+0000] {processor.py:925} INFO - DAG(s) 'example_xcom' retrieved from /home/airflow/.local/lib/python3.12/site-packages/airflow/example_dags/example_xcom.py
[2024-09-08T07:01:23.926+0000] {logging_mixin.py:190} INFO - [2024-09-08T07:01:23.926+0000] {dag.py:3229} INFO - Sync 1 DAGs
[2024-09-08T07:01:23.942+0000] {logging_mixin.py:190} INFO - [2024-09-08T07:01:23.942+0000] {dag.py:4156} INFO - Setting next_dagrun for example_xcom to 2021-01-01 00:00:00+00:00, run_after=2021-01-01 00:00:00+00:00
[2024-09-08T07:01:23.956+0000] {processor.py:208} INFO - Processing /home/airflow/.local/lib/python3.12/site-packages/airflow/example_dags/example_xcom.py took 0.055 seconds
[2024-09-08T07:01:53.993+0000] {processor.py:186} INFO - Started process (PID=2806) to work on /home/airflow/.local/lib/python3.12/site-packages/airflow/example_dags/example_xcom.py
[2024-09-08T07:01:53.993+0000] {processor.py:914} INFO - Processing file /home/airflow/.local/lib/python3.12/site-packages/airflow/example_dags/example_xcom.py for tasks to queue
[2024-09-08T07:01:53.994+0000] {logging_mixin.py:190} INFO - [2024-09-08T07:01:53.994+0000] {dagbag.py:587} INFO - Filling up the DagBag from /home/airflow/.local/lib/python3.12/site-packages/airflow/example_dags/example_xcom.py
[2024-09-08T07:01:53.999+0000] {processor.py:925} INFO - DAG(s) 'example_xcom' retrieved from /home/airflow/.local/lib/python3.12/site-packages/airflow/example_dags/example_xcom.py
[2024-09-08T07:01:54.013+0000] {logging_mixin.py:190} INFO - [2024-09-08T07:01:54.013+0000] {dag.py:3229} INFO - Sync 1 DAGs
[2024-09-08T07:01:54.030+0000] {logging_mixin.py:190} INFO - [2024-09-08T07:01:54.030+0000] {dag.py:4156} INFO - Setting next_dagrun for example_xcom to 2021-01-01 00:00:00+00:00, run_after=2021-01-01 00:00:00+00:00
[2024-09-08T07:01:54.043+0000] {processor.py:208} INFO - Processing /home/airflow/.local/lib/python3.12/site-packages/airflow/example_dags/example_xcom.py took 0.053 seconds
[2024-09-08T07:02:24.947+0000] {processor.py:186} INFO - Started process (PID=2868) to work on /home/airflow/.local/lib/python3.12/site-packages/airflow/example_dags/example_xcom.py
[2024-09-08T07:02:24.947+0000] {processor.py:914} INFO - Processing file /home/airflow/.local/lib/python3.12/site-packages/airflow/example_dags/example_xcom.py for tasks to queue
[2024-09-08T07:02:24.948+0000] {logging_mixin.py:190} INFO - [2024-09-08T07:02:24.948+0000] {dagbag.py:587} INFO - Filling up the DagBag from /home/airflow/.local/lib/python3.12/site-packages/airflow/example_dags/example_xcom.py
[2024-09-08T07:02:24.953+0000] {processor.py:925} INFO - DAG(s) 'example_xcom' retrieved from /home/airflow/.local/lib/python3.12/site-packages/airflow/example_dags/example_xcom.py
[2024-09-08T07:02:24.968+0000] {logging_mixin.py:190} INFO - [2024-09-08T07:02:24.968+0000] {dag.py:3229} INFO - Sync 1 DAGs
[2024-09-08T07:02:24.984+0000] {logging_mixin.py:190} INFO - [2024-09-08T07:02:24.984+0000] {dag.py:4156} INFO - Setting next_dagrun for example_xcom to 2021-01-01 00:00:00+00:00, run_after=2021-01-01 00:00:00+00:00
[2024-09-08T07:02:24.997+0000] {processor.py:208} INFO - Processing /home/airflow/.local/lib/python3.12/site-packages/airflow/example_dags/example_xcom.py took 0.054 seconds
[2024-09-08T07:02:56.405+0000] {processor.py:186} INFO - Started process (PID=2930) to work on /home/airflow/.local/lib/python3.12/site-packages/airflow/example_dags/example_xcom.py
[2024-09-08T07:02:56.405+0000] {processor.py:914} INFO - Processing file /home/airflow/.local/lib/python3.12/site-packages/airflow/example_dags/example_xcom.py for tasks to queue
[2024-09-08T07:02:56.406+0000] {logging_mixin.py:190} INFO - [2024-09-08T07:02:56.406+0000] {dagbag.py:587} INFO - Filling up the DagBag from /home/airflow/.local/lib/python3.12/site-packages/airflow/example_dags/example_xcom.py
[2024-09-08T07:02:56.411+0000] {processor.py:925} INFO - DAG(s) 'example_xcom' retrieved from /home/airflow/.local/lib/python3.12/site-packages/airflow/example_dags/example_xcom.py
[2024-09-08T07:02:56.423+0000] {logging_mixin.py:190} INFO - [2024-09-08T07:02:56.423+0000] {dag.py:3229} INFO - Sync 1 DAGs
[2024-09-08T07:02:56.435+0000] {logging_mixin.py:190} INFO - [2024-09-08T07:02:56.435+0000] {dag.py:4156} INFO - Setting next_dagrun for example_xcom to 2021-01-01 00:00:00+00:00, run_after=2021-01-01 00:00:00+00:00
[2024-09-08T07:02:56.445+0000] {processor.py:208} INFO - Processing /home/airflow/.local/lib/python3.12/site-packages/airflow/example_dags/example_xcom.py took 0.044 seconds
[2024-09-08T07:03:27.510+0000] {processor.py:186} INFO - Started process (PID=2992) to work on /home/airflow/.local/lib/python3.12/site-packages/airflow/example_dags/example_xcom.py
[2024-09-08T07:03:27.511+0000] {processor.py:914} INFO - Processing file /home/airflow/.local/lib/python3.12/site-packages/airflow/example_dags/example_xcom.py for tasks to queue
[2024-09-08T07:03:27.511+0000] {logging_mixin.py:190} INFO - [2024-09-08T07:03:27.511+0000] {dagbag.py:587} INFO - Filling up the DagBag from /home/airflow/.local/lib/python3.12/site-packages/airflow/example_dags/example_xcom.py
[2024-09-08T07:03:27.516+0000] {processor.py:925} INFO - DAG(s) 'example_xcom' retrieved from /home/airflow/.local/lib/python3.12/site-packages/airflow/example_dags/example_xcom.py
[2024-09-08T07:03:27.528+0000] {logging_mixin.py:190} INFO - [2024-09-08T07:03:27.528+0000] {dag.py:3229} INFO - Sync 1 DAGs
[2024-09-08T07:03:27.640+0000] {logging_mixin.py:190} INFO - [2024-09-08T07:03:27.640+0000] {dag.py:4156} INFO - Setting next_dagrun for example_xcom to 2021-01-01 00:00:00+00:00, run_after=2021-01-01 00:00:00+00:00
[2024-09-08T07:03:27.657+0000] {processor.py:208} INFO - Processing /home/airflow/.local/lib/python3.12/site-packages/airflow/example_dags/example_xcom.py took 0.150 seconds
[2024-09-08T07:03:58.682+0000] {processor.py:186} INFO - Started process (PID=3054) to work on /home/airflow/.local/lib/python3.12/site-packages/airflow/example_dags/example_xcom.py
[2024-09-08T07:03:58.683+0000] {processor.py:914} INFO - Processing file /home/airflow/.local/lib/python3.12/site-packages/airflow/example_dags/example_xcom.py for tasks to queue
[2024-09-08T07:03:58.684+0000] {logging_mixin.py:190} INFO - [2024-09-08T07:03:58.684+0000] {dagbag.py:587} INFO - Filling up the DagBag from /home/airflow/.local/lib/python3.12/site-packages/airflow/example_dags/example_xcom.py
[2024-09-08T07:03:58.689+0000] {processor.py:925} INFO - DAG(s) 'example_xcom' retrieved from /home/airflow/.local/lib/python3.12/site-packages/airflow/example_dags/example_xcom.py
[2024-09-08T07:03:58.709+0000] {logging_mixin.py:190} INFO - [2024-09-08T07:03:58.708+0000] {dag.py:3229} INFO - Sync 1 DAGs
[2024-09-08T07:03:58.830+0000] {logging_mixin.py:190} INFO - [2024-09-08T07:03:58.830+0000] {dag.py:4156} INFO - Setting next_dagrun for example_xcom to 2021-01-01 00:00:00+00:00, run_after=2021-01-01 00:00:00+00:00
[2024-09-08T07:03:58.842+0000] {processor.py:208} INFO - Processing /home/airflow/.local/lib/python3.12/site-packages/airflow/example_dags/example_xcom.py took 0.163 seconds
[2024-09-08T07:04:28.955+0000] {processor.py:186} INFO - Started process (PID=3116) to work on /home/airflow/.local/lib/python3.12/site-packages/airflow/example_dags/example_xcom.py
[2024-09-08T07:04:28.956+0000] {processor.py:914} INFO - Processing file /home/airflow/.local/lib/python3.12/site-packages/airflow/example_dags/example_xcom.py for tasks to queue
[2024-09-08T07:04:28.957+0000] {logging_mixin.py:190} INFO - [2024-09-08T07:04:28.957+0000] {dagbag.py:587} INFO - Filling up the DagBag from /home/airflow/.local/lib/python3.12/site-packages/airflow/example_dags/example_xcom.py
[2024-09-08T07:04:28.962+0000] {processor.py:925} INFO - DAG(s) 'example_xcom' retrieved from /home/airflow/.local/lib/python3.12/site-packages/airflow/example_dags/example_xcom.py
[2024-09-08T07:04:28.978+0000] {logging_mixin.py:190} INFO - [2024-09-08T07:04:28.978+0000] {dag.py:3229} INFO - Sync 1 DAGs
[2024-09-08T07:04:29.101+0000] {logging_mixin.py:190} INFO - [2024-09-08T07:04:29.101+0000] {dag.py:4156} INFO - Setting next_dagrun for example_xcom to 2021-01-01 00:00:00+00:00, run_after=2021-01-01 00:00:00+00:00
[2024-09-08T07:04:29.118+0000] {processor.py:208} INFO - Processing /home/airflow/.local/lib/python3.12/site-packages/airflow/example_dags/example_xcom.py took 0.167 seconds
[2024-09-08T07:04:59.254+0000] {processor.py:186} INFO - Started process (PID=3178) to work on /home/airflow/.local/lib/python3.12/site-packages/airflow/example_dags/example_xcom.py
[2024-09-08T07:04:59.255+0000] {processor.py:914} INFO - Processing file /home/airflow/.local/lib/python3.12/site-packages/airflow/example_dags/example_xcom.py for tasks to queue
[2024-09-08T07:04:59.256+0000] {logging_mixin.py:190} INFO - [2024-09-08T07:04:59.256+0000] {dagbag.py:587} INFO - Filling up the DagBag from /home/airflow/.local/lib/python3.12/site-packages/airflow/example_dags/example_xcom.py
[2024-09-08T07:04:59.261+0000] {processor.py:925} INFO - DAG(s) 'example_xcom' retrieved from /home/airflow/.local/lib/python3.12/site-packages/airflow/example_dags/example_xcom.py
[2024-09-08T07:04:59.275+0000] {logging_mixin.py:190} INFO - [2024-09-08T07:04:59.275+0000] {dag.py:3229} INFO - Sync 1 DAGs
[2024-09-08T07:04:59.288+0000] {logging_mixin.py:190} INFO - [2024-09-08T07:04:59.288+0000] {dag.py:4156} INFO - Setting next_dagrun for example_xcom to 2021-01-01 00:00:00+00:00, run_after=2021-01-01 00:00:00+00:00
[2024-09-08T07:04:59.412+0000] {processor.py:208} INFO - Processing /home/airflow/.local/lib/python3.12/site-packages/airflow/example_dags/example_xcom.py took 0.162 seconds
[2024-09-08T07:05:29.458+0000] {processor.py:186} INFO - Started process (PID=3240) to work on /home/airflow/.local/lib/python3.12/site-packages/airflow/example_dags/example_xcom.py
[2024-09-08T07:05:29.458+0000] {processor.py:914} INFO - Processing file /home/airflow/.local/lib/python3.12/site-packages/airflow/example_dags/example_xcom.py for tasks to queue
[2024-09-08T07:05:29.460+0000] {logging_mixin.py:190} INFO - [2024-09-08T07:05:29.460+0000] {dagbag.py:587} INFO - Filling up the DagBag from /home/airflow/.local/lib/python3.12/site-packages/airflow/example_dags/example_xcom.py
[2024-09-08T07:05:29.465+0000] {processor.py:925} INFO - DAG(s) 'example_xcom' retrieved from /home/airflow/.local/lib/python3.12/site-packages/airflow/example_dags/example_xcom.py
[2024-09-08T07:05:29.479+0000] {logging_mixin.py:190} INFO - [2024-09-08T07:05:29.479+0000] {dag.py:3229} INFO - Sync 1 DAGs
[2024-09-08T07:05:29.496+0000] {logging_mixin.py:190} INFO - [2024-09-08T07:05:29.496+0000] {dag.py:4156} INFO - Setting next_dagrun for example_xcom to 2021-01-01 00:00:00+00:00, run_after=2021-01-01 00:00:00+00:00
[2024-09-08T07:05:29.509+0000] {processor.py:208} INFO - Processing /home/airflow/.local/lib/python3.12/site-packages/airflow/example_dags/example_xcom.py took 0.056 seconds
[2024-09-08T07:06:00.278+0000] {processor.py:186} INFO - Started process (PID=3302) to work on /home/airflow/.local/lib/python3.12/site-packages/airflow/example_dags/example_xcom.py
[2024-09-08T07:06:00.279+0000] {processor.py:914} INFO - Processing file /home/airflow/.local/lib/python3.12/site-packages/airflow/example_dags/example_xcom.py for tasks to queue
[2024-09-08T07:06:00.280+0000] {logging_mixin.py:190} INFO - [2024-09-08T07:06:00.280+0000] {dagbag.py:587} INFO - Filling up the DagBag from /home/airflow/.local/lib/python3.12/site-packages/airflow/example_dags/example_xcom.py
[2024-09-08T07:06:00.284+0000] {processor.py:925} INFO - DAG(s) 'example_xcom' retrieved from /home/airflow/.local/lib/python3.12/site-packages/airflow/example_dags/example_xcom.py
[2024-09-08T07:06:00.295+0000] {logging_mixin.py:190} INFO - [2024-09-08T07:06:00.295+0000] {dag.py:3229} INFO - Sync 1 DAGs
[2024-09-08T07:06:00.306+0000] {logging_mixin.py:190} INFO - [2024-09-08T07:06:00.306+0000] {dag.py:4156} INFO - Setting next_dagrun for example_xcom to 2021-01-01 00:00:00+00:00, run_after=2021-01-01 00:00:00+00:00
[2024-09-08T07:06:00.319+0000] {processor.py:208} INFO - Processing /home/airflow/.local/lib/python3.12/site-packages/airflow/example_dags/example_xcom.py took 0.044 seconds
[2024-09-08T07:06:30.722+0000] {processor.py:186} INFO - Started process (PID=3364) to work on /home/airflow/.local/lib/python3.12/site-packages/airflow/example_dags/example_xcom.py
[2024-09-08T07:06:30.723+0000] {processor.py:914} INFO - Processing file /home/airflow/.local/lib/python3.12/site-packages/airflow/example_dags/example_xcom.py for tasks to queue
[2024-09-08T07:06:30.724+0000] {logging_mixin.py:190} INFO - [2024-09-08T07:06:30.724+0000] {dagbag.py:587} INFO - Filling up the DagBag from /home/airflow/.local/lib/python3.12/site-packages/airflow/example_dags/example_xcom.py
[2024-09-08T07:06:30.730+0000] {processor.py:925} INFO - DAG(s) 'example_xcom' retrieved from /home/airflow/.local/lib/python3.12/site-packages/airflow/example_dags/example_xcom.py
[2024-09-08T07:06:30.743+0000] {logging_mixin.py:190} INFO - [2024-09-08T07:06:30.743+0000] {dag.py:3229} INFO - Sync 1 DAGs
[2024-09-08T07:06:30.755+0000] {logging_mixin.py:190} INFO - [2024-09-08T07:06:30.755+0000] {dag.py:4156} INFO - Setting next_dagrun for example_xcom to 2021-01-01 00:00:00+00:00, run_after=2021-01-01 00:00:00+00:00
[2024-09-08T07:06:30.766+0000] {processor.py:208} INFO - Processing /home/airflow/.local/lib/python3.12/site-packages/airflow/example_dags/example_xcom.py took 0.048 seconds
[2024-09-08T07:07:01.315+0000] {processor.py:186} INFO - Started process (PID=3426) to work on /home/airflow/.local/lib/python3.12/site-packages/airflow/example_dags/example_xcom.py
[2024-09-08T07:07:01.315+0000] {processor.py:914} INFO - Processing file /home/airflow/.local/lib/python3.12/site-packages/airflow/example_dags/example_xcom.py for tasks to queue
[2024-09-08T07:07:01.316+0000] {logging_mixin.py:190} INFO - [2024-09-08T07:07:01.316+0000] {dagbag.py:587} INFO - Filling up the DagBag from /home/airflow/.local/lib/python3.12/site-packages/airflow/example_dags/example_xcom.py
[2024-09-08T07:07:01.321+0000] {processor.py:925} INFO - DAG(s) 'example_xcom' retrieved from /home/airflow/.local/lib/python3.12/site-packages/airflow/example_dags/example_xcom.py
[2024-09-08T07:07:01.336+0000] {logging_mixin.py:190} INFO - [2024-09-08T07:07:01.335+0000] {dag.py:3229} INFO - Sync 1 DAGs
[2024-09-08T07:07:01.351+0000] {logging_mixin.py:190} INFO - [2024-09-08T07:07:01.351+0000] {dag.py:4156} INFO - Setting next_dagrun for example_xcom to 2021-01-01 00:00:00+00:00, run_after=2021-01-01 00:00:00+00:00
[2024-09-08T07:07:01.364+0000] {processor.py:208} INFO - Processing /home/airflow/.local/lib/python3.12/site-packages/airflow/example_dags/example_xcom.py took 0.054 seconds
[2024-09-08T07:07:31.757+0000] {processor.py:186} INFO - Started process (PID=3488) to work on /home/airflow/.local/lib/python3.12/site-packages/airflow/example_dags/example_xcom.py
[2024-09-08T07:07:31.758+0000] {processor.py:914} INFO - Processing file /home/airflow/.local/lib/python3.12/site-packages/airflow/example_dags/example_xcom.py for tasks to queue
[2024-09-08T07:07:31.759+0000] {logging_mixin.py:190} INFO - [2024-09-08T07:07:31.759+0000] {dagbag.py:587} INFO - Filling up the DagBag from /home/airflow/.local/lib/python3.12/site-packages/airflow/example_dags/example_xcom.py
[2024-09-08T07:07:31.764+0000] {processor.py:925} INFO - DAG(s) 'example_xcom' retrieved from /home/airflow/.local/lib/python3.12/site-packages/airflow/example_dags/example_xcom.py
[2024-09-08T07:07:31.781+0000] {logging_mixin.py:190} INFO - [2024-09-08T07:07:31.781+0000] {dag.py:3229} INFO - Sync 1 DAGs
[2024-09-08T07:07:31.797+0000] {logging_mixin.py:190} INFO - [2024-09-08T07:07:31.797+0000] {dag.py:4156} INFO - Setting next_dagrun for example_xcom to 2021-01-01 00:00:00+00:00, run_after=2021-01-01 00:00:00+00:00
[2024-09-08T07:07:31.811+0000] {processor.py:208} INFO - Processing /home/airflow/.local/lib/python3.12/site-packages/airflow/example_dags/example_xcom.py took 0.058 seconds
[2024-09-08T07:08:02.113+0000] {processor.py:186} INFO - Started process (PID=3550) to work on /home/airflow/.local/lib/python3.12/site-packages/airflow/example_dags/example_xcom.py
[2024-09-08T07:08:02.113+0000] {processor.py:914} INFO - Processing file /home/airflow/.local/lib/python3.12/site-packages/airflow/example_dags/example_xcom.py for tasks to queue
[2024-09-08T07:08:02.114+0000] {logging_mixin.py:190} INFO - [2024-09-08T07:08:02.114+0000] {dagbag.py:587} INFO - Filling up the DagBag from /home/airflow/.local/lib/python3.12/site-packages/airflow/example_dags/example_xcom.py
[2024-09-08T07:08:02.119+0000] {processor.py:925} INFO - DAG(s) 'example_xcom' retrieved from /home/airflow/.local/lib/python3.12/site-packages/airflow/example_dags/example_xcom.py
[2024-09-08T07:08:02.130+0000] {logging_mixin.py:190} INFO - [2024-09-08T07:08:02.130+0000] {dag.py:3229} INFO - Sync 1 DAGs
[2024-09-08T07:08:02.142+0000] {logging_mixin.py:190} INFO - [2024-09-08T07:08:02.142+0000] {dag.py:4156} INFO - Setting next_dagrun for example_xcom to 2021-01-01 00:00:00+00:00, run_after=2021-01-01 00:00:00+00:00
[2024-09-08T07:08:02.152+0000] {processor.py:208} INFO - Processing /home/airflow/.local/lib/python3.12/site-packages/airflow/example_dags/example_xcom.py took 0.043 seconds
[2024-09-08T07:08:32.645+0000] {processor.py:186} INFO - Started process (PID=3612) to work on /home/airflow/.local/lib/python3.12/site-packages/airflow/example_dags/example_xcom.py
[2024-09-08T07:08:32.646+0000] {processor.py:914} INFO - Processing file /home/airflow/.local/lib/python3.12/site-packages/airflow/example_dags/example_xcom.py for tasks to queue
[2024-09-08T07:08:32.647+0000] {logging_mixin.py:190} INFO - [2024-09-08T07:08:32.647+0000] {dagbag.py:587} INFO - Filling up the DagBag from /home/airflow/.local/lib/python3.12/site-packages/airflow/example_dags/example_xcom.py
[2024-09-08T07:08:32.652+0000] {processor.py:925} INFO - DAG(s) 'example_xcom' retrieved from /home/airflow/.local/lib/python3.12/site-packages/airflow/example_dags/example_xcom.py
[2024-09-08T07:08:32.668+0000] {logging_mixin.py:190} INFO - [2024-09-08T07:08:32.668+0000] {dag.py:3229} INFO - Sync 1 DAGs
[2024-09-08T07:08:32.683+0000] {logging_mixin.py:190} INFO - [2024-09-08T07:08:32.683+0000] {dag.py:4156} INFO - Setting next_dagrun for example_xcom to 2021-01-01 00:00:00+00:00, run_after=2021-01-01 00:00:00+00:00
[2024-09-08T07:08:32.697+0000] {processor.py:208} INFO - Processing /home/airflow/.local/lib/python3.12/site-packages/airflow/example_dags/example_xcom.py took 0.055 seconds
[2024-09-08T07:09:03.253+0000] {processor.py:186} INFO - Started process (PID=3674) to work on /home/airflow/.local/lib/python3.12/site-packages/airflow/example_dags/example_xcom.py
[2024-09-08T07:09:03.254+0000] {processor.py:914} INFO - Processing file /home/airflow/.local/lib/python3.12/site-packages/airflow/example_dags/example_xcom.py for tasks to queue
[2024-09-08T07:09:03.255+0000] {logging_mixin.py:190} INFO - [2024-09-08T07:09:03.255+0000] {dagbag.py:587} INFO - Filling up the DagBag from /home/airflow/.local/lib/python3.12/site-packages/airflow/example_dags/example_xcom.py
[2024-09-08T07:09:03.260+0000] {processor.py:925} INFO - DAG(s) 'example_xcom' retrieved from /home/airflow/.local/lib/python3.12/site-packages/airflow/example_dags/example_xcom.py
[2024-09-08T07:09:03.274+0000] {logging_mixin.py:190} INFO - [2024-09-08T07:09:03.273+0000] {dag.py:3229} INFO - Sync 1 DAGs
[2024-09-08T07:09:03.287+0000] {logging_mixin.py:190} INFO - [2024-09-08T07:09:03.287+0000] {dag.py:4156} INFO - Setting next_dagrun for example_xcom to 2021-01-01 00:00:00+00:00, run_after=2021-01-01 00:00:00+00:00
[2024-09-08T07:09:03.299+0000] {processor.py:208} INFO - Processing /home/airflow/.local/lib/python3.12/site-packages/airflow/example_dags/example_xcom.py took 0.049 seconds
[2024-09-08T07:09:33.704+0000] {processor.py:186} INFO - Started process (PID=3736) to work on /home/airflow/.local/lib/python3.12/site-packages/airflow/example_dags/example_xcom.py
[2024-09-08T07:09:33.704+0000] {processor.py:914} INFO - Processing file /home/airflow/.local/lib/python3.12/site-packages/airflow/example_dags/example_xcom.py for tasks to queue
[2024-09-08T07:09:33.705+0000] {logging_mixin.py:190} INFO - [2024-09-08T07:09:33.705+0000] {dagbag.py:587} INFO - Filling up the DagBag from /home/airflow/.local/lib/python3.12/site-packages/airflow/example_dags/example_xcom.py
[2024-09-08T07:09:33.710+0000] {processor.py:925} INFO - DAG(s) 'example_xcom' retrieved from /home/airflow/.local/lib/python3.12/site-packages/airflow/example_dags/example_xcom.py
[2024-09-08T07:09:33.725+0000] {logging_mixin.py:190} INFO - [2024-09-08T07:09:33.725+0000] {dag.py:3229} INFO - Sync 1 DAGs
[2024-09-08T07:09:33.741+0000] {logging_mixin.py:190} INFO - [2024-09-08T07:09:33.741+0000] {dag.py:4156} INFO - Setting next_dagrun for example_xcom to 2021-01-01 00:00:00+00:00, run_after=2021-01-01 00:00:00+00:00
[2024-09-08T07:09:33.754+0000] {processor.py:208} INFO - Processing /home/airflow/.local/lib/python3.12/site-packages/airflow/example_dags/example_xcom.py took 0.053 seconds
[2024-09-08T07:10:04.246+0000] {processor.py:186} INFO - Started process (PID=3798) to work on /home/airflow/.local/lib/python3.12/site-packages/airflow/example_dags/example_xcom.py
[2024-09-08T07:10:04.247+0000] {processor.py:914} INFO - Processing file /home/airflow/.local/lib/python3.12/site-packages/airflow/example_dags/example_xcom.py for tasks to queue
[2024-09-08T07:10:04.248+0000] {logging_mixin.py:190} INFO - [2024-09-08T07:10:04.248+0000] {dagbag.py:587} INFO - Filling up the DagBag from /home/airflow/.local/lib/python3.12/site-packages/airflow/example_dags/example_xcom.py
[2024-09-08T07:10:04.253+0000] {processor.py:925} INFO - DAG(s) 'example_xcom' retrieved from /home/airflow/.local/lib/python3.12/site-packages/airflow/example_dags/example_xcom.py
[2024-09-08T07:10:04.265+0000] {logging_mixin.py:190} INFO - [2024-09-08T07:10:04.265+0000] {dag.py:3229} INFO - Sync 1 DAGs
[2024-09-08T07:10:04.277+0000] {logging_mixin.py:190} INFO - [2024-09-08T07:10:04.277+0000] {dag.py:4156} INFO - Setting next_dagrun for example_xcom to 2021-01-01 00:00:00+00:00, run_after=2021-01-01 00:00:00+00:00
[2024-09-08T07:10:04.288+0000] {processor.py:208} INFO - Processing /home/airflow/.local/lib/python3.12/site-packages/airflow/example_dags/example_xcom.py took 0.045 seconds
[2024-09-08T07:10:34.724+0000] {processor.py:186} INFO - Started process (PID=3860) to work on /home/airflow/.local/lib/python3.12/site-packages/airflow/example_dags/example_xcom.py
[2024-09-08T07:10:34.725+0000] {processor.py:914} INFO - Processing file /home/airflow/.local/lib/python3.12/site-packages/airflow/example_dags/example_xcom.py for tasks to queue
[2024-09-08T07:10:34.726+0000] {logging_mixin.py:190} INFO - [2024-09-08T07:10:34.726+0000] {dagbag.py:587} INFO - Filling up the DagBag from /home/airflow/.local/lib/python3.12/site-packages/airflow/example_dags/example_xcom.py
[2024-09-08T07:10:34.732+0000] {processor.py:925} INFO - DAG(s) 'example_xcom' retrieved from /home/airflow/.local/lib/python3.12/site-packages/airflow/example_dags/example_xcom.py
[2024-09-08T07:10:34.746+0000] {logging_mixin.py:190} INFO - [2024-09-08T07:10:34.745+0000] {dag.py:3229} INFO - Sync 1 DAGs
[2024-09-08T07:10:34.756+0000] {logging_mixin.py:190} INFO - [2024-09-08T07:10:34.756+0000] {dag.py:4156} INFO - Setting next_dagrun for example_xcom to 2021-01-01 00:00:00+00:00, run_after=2021-01-01 00:00:00+00:00
[2024-09-08T07:10:34.766+0000] {processor.py:208} INFO - Processing /home/airflow/.local/lib/python3.12/site-packages/airflow/example_dags/example_xcom.py took 0.046 seconds
[2024-09-08T07:11:05.187+0000] {processor.py:186} INFO - Started process (PID=3922) to work on /home/airflow/.local/lib/python3.12/site-packages/airflow/example_dags/example_xcom.py
[2024-09-08T07:11:05.188+0000] {processor.py:914} INFO - Processing file /home/airflow/.local/lib/python3.12/site-packages/airflow/example_dags/example_xcom.py for tasks to queue
[2024-09-08T07:11:05.189+0000] {logging_mixin.py:190} INFO - [2024-09-08T07:11:05.189+0000] {dagbag.py:587} INFO - Filling up the DagBag from /home/airflow/.local/lib/python3.12/site-packages/airflow/example_dags/example_xcom.py
[2024-09-08T07:11:05.194+0000] {processor.py:925} INFO - DAG(s) 'example_xcom' retrieved from /home/airflow/.local/lib/python3.12/site-packages/airflow/example_dags/example_xcom.py
[2024-09-08T07:11:05.209+0000] {logging_mixin.py:190} INFO - [2024-09-08T07:11:05.209+0000] {dag.py:3229} INFO - Sync 1 DAGs
[2024-09-08T07:11:05.227+0000] {logging_mixin.py:190} INFO - [2024-09-08T07:11:05.227+0000] {dag.py:4156} INFO - Setting next_dagrun for example_xcom to 2021-01-01 00:00:00+00:00, run_after=2021-01-01 00:00:00+00:00
[2024-09-08T07:11:05.240+0000] {processor.py:208} INFO - Processing /home/airflow/.local/lib/python3.12/site-packages/airflow/example_dags/example_xcom.py took 0.056 seconds
[2024-09-08T07:11:35.792+0000] {processor.py:186} INFO - Started process (PID=3984) to work on /home/airflow/.local/lib/python3.12/site-packages/airflow/example_dags/example_xcom.py
[2024-09-08T07:11:35.793+0000] {processor.py:914} INFO - Processing file /home/airflow/.local/lib/python3.12/site-packages/airflow/example_dags/example_xcom.py for tasks to queue
[2024-09-08T07:11:35.794+0000] {logging_mixin.py:190} INFO - [2024-09-08T07:11:35.794+0000] {dagbag.py:587} INFO - Filling up the DagBag from /home/airflow/.local/lib/python3.12/site-packages/airflow/example_dags/example_xcom.py
[2024-09-08T07:11:35.801+0000] {processor.py:925} INFO - DAG(s) 'example_xcom' retrieved from /home/airflow/.local/lib/python3.12/site-packages/airflow/example_dags/example_xcom.py
[2024-09-08T07:11:35.818+0000] {logging_mixin.py:190} INFO - [2024-09-08T07:11:35.818+0000] {dag.py:3229} INFO - Sync 1 DAGs
[2024-09-08T07:11:35.835+0000] {logging_mixin.py:190} INFO - [2024-09-08T07:11:35.835+0000] {dag.py:4156} INFO - Setting next_dagrun for example_xcom to 2021-01-01 00:00:00+00:00, run_after=2021-01-01 00:00:00+00:00
[2024-09-08T07:11:35.848+0000] {processor.py:208} INFO - Processing /home/airflow/.local/lib/python3.12/site-packages/airflow/example_dags/example_xcom.py took 0.060 seconds
[2024-09-08T07:16:39.742+0000] {processor.py:186} INFO - Started process (PID=4046) to work on /home/airflow/.local/lib/python3.12/site-packages/airflow/example_dags/example_xcom.py
[2024-09-08T07:16:39.744+0000] {processor.py:914} INFO - Processing file /home/airflow/.local/lib/python3.12/site-packages/airflow/example_dags/example_xcom.py for tasks to queue
[2024-09-08T07:16:39.745+0000] {logging_mixin.py:190} INFO - [2024-09-08T07:16:39.745+0000] {dagbag.py:587} INFO - Filling up the DagBag from /home/airflow/.local/lib/python3.12/site-packages/airflow/example_dags/example_xcom.py
[2024-09-08T07:16:39.750+0000] {processor.py:925} INFO - DAG(s) 'example_xcom' retrieved from /home/airflow/.local/lib/python3.12/site-packages/airflow/example_dags/example_xcom.py
[2024-09-08T07:16:39.765+0000] {logging_mixin.py:190} INFO - [2024-09-08T07:16:39.764+0000] {dag.py:3229} INFO - Sync 1 DAGs
[2024-09-08T07:16:39.777+0000] {logging_mixin.py:190} INFO - [2024-09-08T07:16:39.777+0000] {dag.py:4156} INFO - Setting next_dagrun for example_xcom to 2021-01-01 00:00:00+00:00, run_after=2021-01-01 00:00:00+00:00
[2024-09-08T07:16:39.788+0000] {processor.py:208} INFO - Processing /home/airflow/.local/lib/python3.12/site-packages/airflow/example_dags/example_xcom.py took 0.049 seconds
[2024-09-08T07:17:10.246+0000] {processor.py:186} INFO - Started process (PID=4108) to work on /home/airflow/.local/lib/python3.12/site-packages/airflow/example_dags/example_xcom.py
[2024-09-08T07:17:10.247+0000] {processor.py:914} INFO - Processing file /home/airflow/.local/lib/python3.12/site-packages/airflow/example_dags/example_xcom.py for tasks to queue
[2024-09-08T07:17:10.249+0000] {logging_mixin.py:190} INFO - [2024-09-08T07:17:10.249+0000] {dagbag.py:587} INFO - Filling up the DagBag from /home/airflow/.local/lib/python3.12/site-packages/airflow/example_dags/example_xcom.py
[2024-09-08T07:17:10.255+0000] {processor.py:925} INFO - DAG(s) 'example_xcom' retrieved from /home/airflow/.local/lib/python3.12/site-packages/airflow/example_dags/example_xcom.py
[2024-09-08T07:17:10.272+0000] {logging_mixin.py:190} INFO - [2024-09-08T07:17:10.272+0000] {dag.py:3229} INFO - Sync 1 DAGs
[2024-09-08T07:17:10.287+0000] {logging_mixin.py:190} INFO - [2024-09-08T07:17:10.286+0000] {dag.py:4156} INFO - Setting next_dagrun for example_xcom to 2021-01-01 00:00:00+00:00, run_after=2021-01-01 00:00:00+00:00
[2024-09-08T07:17:10.299+0000] {processor.py:208} INFO - Processing /home/airflow/.local/lib/python3.12/site-packages/airflow/example_dags/example_xcom.py took 0.058 seconds
[2024-09-08T07:17:40.850+0000] {processor.py:186} INFO - Started process (PID=4170) to work on /home/airflow/.local/lib/python3.12/site-packages/airflow/example_dags/example_xcom.py
[2024-09-08T07:17:40.851+0000] {processor.py:914} INFO - Processing file /home/airflow/.local/lib/python3.12/site-packages/airflow/example_dags/example_xcom.py for tasks to queue
[2024-09-08T07:17:40.852+0000] {logging_mixin.py:190} INFO - [2024-09-08T07:17:40.852+0000] {dagbag.py:587} INFO - Filling up the DagBag from /home/airflow/.local/lib/python3.12/site-packages/airflow/example_dags/example_xcom.py
[2024-09-08T07:17:40.857+0000] {processor.py:925} INFO - DAG(s) 'example_xcom' retrieved from /home/airflow/.local/lib/python3.12/site-packages/airflow/example_dags/example_xcom.py
[2024-09-08T07:17:40.871+0000] {logging_mixin.py:190} INFO - [2024-09-08T07:17:40.871+0000] {dag.py:3229} INFO - Sync 1 DAGs
[2024-09-08T07:17:40.888+0000] {logging_mixin.py:190} INFO - [2024-09-08T07:17:40.888+0000] {dag.py:4156} INFO - Setting next_dagrun for example_xcom to 2021-01-01 00:00:00+00:00, run_after=2021-01-01 00:00:00+00:00
[2024-09-08T07:17:40.899+0000] {processor.py:208} INFO - Processing /home/airflow/.local/lib/python3.12/site-packages/airflow/example_dags/example_xcom.py took 0.053 seconds
[2024-09-08T07:18:11.394+0000] {processor.py:186} INFO - Started process (PID=4232) to work on /home/airflow/.local/lib/python3.12/site-packages/airflow/example_dags/example_xcom.py
[2024-09-08T07:18:11.394+0000] {processor.py:914} INFO - Processing file /home/airflow/.local/lib/python3.12/site-packages/airflow/example_dags/example_xcom.py for tasks to queue
[2024-09-08T07:18:11.395+0000] {logging_mixin.py:190} INFO - [2024-09-08T07:18:11.395+0000] {dagbag.py:587} INFO - Filling up the DagBag from /home/airflow/.local/lib/python3.12/site-packages/airflow/example_dags/example_xcom.py
[2024-09-08T07:18:11.400+0000] {processor.py:925} INFO - DAG(s) 'example_xcom' retrieved from /home/airflow/.local/lib/python3.12/site-packages/airflow/example_dags/example_xcom.py
[2024-09-08T07:18:11.414+0000] {logging_mixin.py:190} INFO - [2024-09-08T07:18:11.414+0000] {dag.py:3229} INFO - Sync 1 DAGs
[2024-09-08T07:18:11.426+0000] {logging_mixin.py:190} INFO - [2024-09-08T07:18:11.426+0000] {dag.py:4156} INFO - Setting next_dagrun for example_xcom to 2021-01-01 00:00:00+00:00, run_after=2021-01-01 00:00:00+00:00
[2024-09-08T07:18:11.437+0000] {processor.py:208} INFO - Processing /home/airflow/.local/lib/python3.12/site-packages/airflow/example_dags/example_xcom.py took 0.046 seconds
[2024-09-08T07:18:42.012+0000] {processor.py:186} INFO - Started process (PID=4293) to work on /home/airflow/.local/lib/python3.12/site-packages/airflow/example_dags/example_xcom.py
[2024-09-08T07:18:42.013+0000] {processor.py:914} INFO - Processing file /home/airflow/.local/lib/python3.12/site-packages/airflow/example_dags/example_xcom.py for tasks to queue
[2024-09-08T07:18:42.015+0000] {logging_mixin.py:190} INFO - [2024-09-08T07:18:42.014+0000] {dagbag.py:587} INFO - Filling up the DagBag from /home/airflow/.local/lib/python3.12/site-packages/airflow/example_dags/example_xcom.py
[2024-09-08T07:18:42.020+0000] {processor.py:925} INFO - DAG(s) 'example_xcom' retrieved from /home/airflow/.local/lib/python3.12/site-packages/airflow/example_dags/example_xcom.py
[2024-09-08T07:18:42.037+0000] {logging_mixin.py:190} INFO - [2024-09-08T07:18:42.037+0000] {dag.py:3229} INFO - Sync 1 DAGs
[2024-09-08T07:18:42.054+0000] {logging_mixin.py:190} INFO - [2024-09-08T07:18:42.054+0000] {dag.py:4156} INFO - Setting next_dagrun for example_xcom to 2021-01-01 00:00:00+00:00, run_after=2021-01-01 00:00:00+00:00
[2024-09-08T07:18:42.065+0000] {processor.py:208} INFO - Processing /home/airflow/.local/lib/python3.12/site-packages/airflow/example_dags/example_xcom.py took 0.057 seconds
[2024-09-08T07:19:12.571+0000] {processor.py:186} INFO - Started process (PID=4356) to work on /home/airflow/.local/lib/python3.12/site-packages/airflow/example_dags/example_xcom.py
[2024-09-08T07:19:12.572+0000] {processor.py:914} INFO - Processing file /home/airflow/.local/lib/python3.12/site-packages/airflow/example_dags/example_xcom.py for tasks to queue
[2024-09-08T07:19:12.574+0000] {logging_mixin.py:190} INFO - [2024-09-08T07:19:12.573+0000] {dagbag.py:587} INFO - Filling up the DagBag from /home/airflow/.local/lib/python3.12/site-packages/airflow/example_dags/example_xcom.py
[2024-09-08T07:19:12.579+0000] {processor.py:925} INFO - DAG(s) 'example_xcom' retrieved from /home/airflow/.local/lib/python3.12/site-packages/airflow/example_dags/example_xcom.py
[2024-09-08T07:19:12.593+0000] {logging_mixin.py:190} INFO - [2024-09-08T07:19:12.593+0000] {dag.py:3229} INFO - Sync 1 DAGs
[2024-09-08T07:19:12.606+0000] {logging_mixin.py:190} INFO - [2024-09-08T07:19:12.606+0000] {dag.py:4156} INFO - Setting next_dagrun for example_xcom to 2021-01-01 00:00:00+00:00, run_after=2021-01-01 00:00:00+00:00
[2024-09-08T07:19:12.617+0000] {processor.py:208} INFO - Processing /home/airflow/.local/lib/python3.12/site-packages/airflow/example_dags/example_xcom.py took 0.050 seconds
[2024-09-08T07:19:43.372+0000] {processor.py:186} INFO - Started process (PID=4418) to work on /home/airflow/.local/lib/python3.12/site-packages/airflow/example_dags/example_xcom.py
[2024-09-08T07:19:43.372+0000] {processor.py:914} INFO - Processing file /home/airflow/.local/lib/python3.12/site-packages/airflow/example_dags/example_xcom.py for tasks to queue
[2024-09-08T07:19:43.374+0000] {logging_mixin.py:190} INFO - [2024-09-08T07:19:43.373+0000] {dagbag.py:587} INFO - Filling up the DagBag from /home/airflow/.local/lib/python3.12/site-packages/airflow/example_dags/example_xcom.py
[2024-09-08T07:19:43.378+0000] {processor.py:925} INFO - DAG(s) 'example_xcom' retrieved from /home/airflow/.local/lib/python3.12/site-packages/airflow/example_dags/example_xcom.py
[2024-09-08T07:19:43.393+0000] {logging_mixin.py:190} INFO - [2024-09-08T07:19:43.393+0000] {dag.py:3229} INFO - Sync 1 DAGs
[2024-09-08T07:19:43.407+0000] {logging_mixin.py:190} INFO - [2024-09-08T07:19:43.407+0000] {dag.py:4156} INFO - Setting next_dagrun for example_xcom to 2021-01-01 00:00:00+00:00, run_after=2021-01-01 00:00:00+00:00
[2024-09-08T07:19:43.420+0000] {processor.py:208} INFO - Processing /home/airflow/.local/lib/python3.12/site-packages/airflow/example_dags/example_xcom.py took 0.053 seconds
[2024-09-08T07:20:14.115+0000] {processor.py:186} INFO - Started process (PID=4480) to work on /home/airflow/.local/lib/python3.12/site-packages/airflow/example_dags/example_xcom.py
[2024-09-08T07:20:14.116+0000] {processor.py:914} INFO - Processing file /home/airflow/.local/lib/python3.12/site-packages/airflow/example_dags/example_xcom.py for tasks to queue
[2024-09-08T07:20:14.117+0000] {logging_mixin.py:190} INFO - [2024-09-08T07:20:14.117+0000] {dagbag.py:587} INFO - Filling up the DagBag from /home/airflow/.local/lib/python3.12/site-packages/airflow/example_dags/example_xcom.py
[2024-09-08T07:20:14.122+0000] {processor.py:925} INFO - DAG(s) 'example_xcom' retrieved from /home/airflow/.local/lib/python3.12/site-packages/airflow/example_dags/example_xcom.py
[2024-09-08T07:20:14.135+0000] {logging_mixin.py:190} INFO - [2024-09-08T07:20:14.135+0000] {dag.py:3229} INFO - Sync 1 DAGs
[2024-09-08T07:20:14.146+0000] {logging_mixin.py:190} INFO - [2024-09-08T07:20:14.146+0000] {dag.py:4156} INFO - Setting next_dagrun for example_xcom to 2021-01-01 00:00:00+00:00, run_after=2021-01-01 00:00:00+00:00
[2024-09-08T07:20:14.158+0000] {processor.py:208} INFO - Processing /home/airflow/.local/lib/python3.12/site-packages/airflow/example_dags/example_xcom.py took 0.047 seconds
[2024-09-08T07:20:44.534+0000] {processor.py:186} INFO - Started process (PID=4542) to work on /home/airflow/.local/lib/python3.12/site-packages/airflow/example_dags/example_xcom.py
[2024-09-08T07:20:44.535+0000] {processor.py:914} INFO - Processing file /home/airflow/.local/lib/python3.12/site-packages/airflow/example_dags/example_xcom.py for tasks to queue
[2024-09-08T07:20:44.536+0000] {logging_mixin.py:190} INFO - [2024-09-08T07:20:44.536+0000] {dagbag.py:587} INFO - Filling up the DagBag from /home/airflow/.local/lib/python3.12/site-packages/airflow/example_dags/example_xcom.py
[2024-09-08T07:20:44.542+0000] {processor.py:925} INFO - DAG(s) 'example_xcom' retrieved from /home/airflow/.local/lib/python3.12/site-packages/airflow/example_dags/example_xcom.py
[2024-09-08T07:20:44.558+0000] {logging_mixin.py:190} INFO - [2024-09-08T07:20:44.557+0000] {dag.py:3229} INFO - Sync 1 DAGs
[2024-09-08T07:20:44.573+0000] {logging_mixin.py:190} INFO - [2024-09-08T07:20:44.573+0000] {dag.py:4156} INFO - Setting next_dagrun for example_xcom to 2021-01-01 00:00:00+00:00, run_after=2021-01-01 00:00:00+00:00
[2024-09-08T07:20:44.586+0000] {processor.py:208} INFO - Processing /home/airflow/.local/lib/python3.12/site-packages/airflow/example_dags/example_xcom.py took 0.056 seconds
[2024-09-08T07:21:15.038+0000] {processor.py:186} INFO - Started process (PID=4604) to work on /home/airflow/.local/lib/python3.12/site-packages/airflow/example_dags/example_xcom.py
[2024-09-08T07:21:15.038+0000] {processor.py:914} INFO - Processing file /home/airflow/.local/lib/python3.12/site-packages/airflow/example_dags/example_xcom.py for tasks to queue
[2024-09-08T07:21:15.040+0000] {logging_mixin.py:190} INFO - [2024-09-08T07:21:15.039+0000] {dagbag.py:587} INFO - Filling up the DagBag from /home/airflow/.local/lib/python3.12/site-packages/airflow/example_dags/example_xcom.py
[2024-09-08T07:21:15.044+0000] {processor.py:925} INFO - DAG(s) 'example_xcom' retrieved from /home/airflow/.local/lib/python3.12/site-packages/airflow/example_dags/example_xcom.py
[2024-09-08T07:21:15.058+0000] {logging_mixin.py:190} INFO - [2024-09-08T07:21:15.058+0000] {dag.py:3229} INFO - Sync 1 DAGs
[2024-09-08T07:21:15.075+0000] {logging_mixin.py:190} INFO - [2024-09-08T07:21:15.075+0000] {dag.py:4156} INFO - Setting next_dagrun for example_xcom to 2021-01-01 00:00:00+00:00, run_after=2021-01-01 00:00:00+00:00
[2024-09-08T07:21:15.088+0000] {processor.py:208} INFO - Processing /home/airflow/.local/lib/python3.12/site-packages/airflow/example_dags/example_xcom.py took 0.054 seconds
