[2024-09-08T06:39:28.263+0000] {processor.py:186} INFO - Started process (PID=64) to work on /home/airflow/.local/lib/python3.12/site-packages/airflow/example_dags/example_setup_teardown.py
[2024-09-08T06:39:28.264+0000] {processor.py:914} INFO - Processing file /home/airflow/.local/lib/python3.12/site-packages/airflow/example_dags/example_setup_teardown.py for tasks to queue
[2024-09-08T06:39:28.265+0000] {logging_mixin.py:190} INFO - [2024-09-08T06:39:28.264+0000] {dagbag.py:587} INFO - Filling up the DagBag from /home/airflow/.local/lib/python3.12/site-packages/airflow/example_dags/example_setup_teardown.py
[2024-09-08T06:39:28.270+0000] {processor.py:925} INFO - DAG(s) 'example_setup_teardown' retrieved from /home/airflow/.local/lib/python3.12/site-packages/airflow/example_dags/example_setup_teardown.py
[2024-09-08T06:39:28.339+0000] {logging_mixin.py:190} INFO - [2024-09-08T06:39:28.339+0000] {override.py:1900} INFO - Created Permission View: can edit on DAG:example_setup_teardown
[2024-09-08T06:39:28.347+0000] {logging_mixin.py:190} INFO - [2024-09-08T06:39:28.347+0000] {override.py:1900} INFO - Created Permission View: can read on DAG:example_setup_teardown
[2024-09-08T06:39:28.352+0000] {logging_mixin.py:190} INFO - [2024-09-08T06:39:28.352+0000] {override.py:1900} INFO - Created Permission View: can delete on DAG:example_setup_teardown
[2024-09-08T06:39:28.356+0000] {logging_mixin.py:190} INFO - [2024-09-08T06:39:28.356+0000] {override.py:1900} INFO - Created Permission View: can read on DAG Run:example_setup_teardown
[2024-09-08T06:39:28.360+0000] {logging_mixin.py:190} INFO - [2024-09-08T06:39:28.360+0000] {override.py:1900} INFO - Created Permission View: can delete on DAG Run:example_setup_teardown
[2024-09-08T06:39:28.364+0000] {logging_mixin.py:190} INFO - [2024-09-08T06:39:28.364+0000] {override.py:1900} INFO - Created Permission View: can create on DAG Run:example_setup_teardown
[2024-09-08T06:39:28.369+0000] {logging_mixin.py:190} INFO - [2024-09-08T06:39:28.369+0000] {override.py:1900} INFO - Created Permission View: menu access on DAG Run:example_setup_teardown
[2024-09-08T06:39:28.370+0000] {logging_mixin.py:190} INFO - [2024-09-08T06:39:28.369+0000] {dag.py:3229} INFO - Sync 1 DAGs
[2024-09-08T06:39:28.378+0000] {logging_mixin.py:190} INFO - [2024-09-08T06:39:28.378+0000] {dag.py:3252} INFO - Creating ORM DAG for example_setup_teardown
[2024-09-08T06:39:28.378+0000] {logging_mixin.py:190} INFO - [2024-09-08T06:39:28.378+0000] {dag.py:4156} INFO - Setting next_dagrun for example_setup_teardown to None, run_after=None
[2024-09-08T06:39:28.391+0000] {processor.py:208} INFO - Processing /home/airflow/.local/lib/python3.12/site-packages/airflow/example_dags/example_setup_teardown.py took 0.131 seconds
[2024-09-08T06:39:58.429+0000] {processor.py:186} INFO - Started process (PID=126) to work on /home/airflow/.local/lib/python3.12/site-packages/airflow/example_dags/example_setup_teardown.py
[2024-09-08T06:39:58.430+0000] {processor.py:914} INFO - Processing file /home/airflow/.local/lib/python3.12/site-packages/airflow/example_dags/example_setup_teardown.py for tasks to queue
[2024-09-08T06:39:58.431+0000] {logging_mixin.py:190} INFO - [2024-09-08T06:39:58.430+0000] {dagbag.py:587} INFO - Filling up the DagBag from /home/airflow/.local/lib/python3.12/site-packages/airflow/example_dags/example_setup_teardown.py
[2024-09-08T06:39:58.435+0000] {processor.py:925} INFO - DAG(s) 'example_setup_teardown' retrieved from /home/airflow/.local/lib/python3.12/site-packages/airflow/example_dags/example_setup_teardown.py
[2024-09-08T06:39:58.449+0000] {logging_mixin.py:190} INFO - [2024-09-08T06:39:58.449+0000] {dag.py:3229} INFO - Sync 1 DAGs
[2024-09-08T06:39:58.457+0000] {logging_mixin.py:190} INFO - [2024-09-08T06:39:58.457+0000] {dag.py:4156} INFO - Setting next_dagrun for example_setup_teardown to None, run_after=None
[2024-09-08T06:39:58.469+0000] {processor.py:208} INFO - Processing /home/airflow/.local/lib/python3.12/site-packages/airflow/example_dags/example_setup_teardown.py took 0.043 seconds
[2024-09-08T06:40:28.895+0000] {processor.py:186} INFO - Started process (PID=188) to work on /home/airflow/.local/lib/python3.12/site-packages/airflow/example_dags/example_setup_teardown.py
[2024-09-08T06:40:28.895+0000] {processor.py:914} INFO - Processing file /home/airflow/.local/lib/python3.12/site-packages/airflow/example_dags/example_setup_teardown.py for tasks to queue
[2024-09-08T06:40:28.897+0000] {logging_mixin.py:190} INFO - [2024-09-08T06:40:28.896+0000] {dagbag.py:587} INFO - Filling up the DagBag from /home/airflow/.local/lib/python3.12/site-packages/airflow/example_dags/example_setup_teardown.py
[2024-09-08T06:40:28.901+0000] {processor.py:925} INFO - DAG(s) 'example_setup_teardown' retrieved from /home/airflow/.local/lib/python3.12/site-packages/airflow/example_dags/example_setup_teardown.py
[2024-09-08T06:40:28.916+0000] {logging_mixin.py:190} INFO - [2024-09-08T06:40:28.916+0000] {dag.py:3229} INFO - Sync 1 DAGs
[2024-09-08T06:40:28.924+0000] {logging_mixin.py:190} INFO - [2024-09-08T06:40:28.924+0000] {dag.py:4156} INFO - Setting next_dagrun for example_setup_teardown to None, run_after=None
[2024-09-08T06:40:28.936+0000] {processor.py:208} INFO - Processing /home/airflow/.local/lib/python3.12/site-packages/airflow/example_dags/example_setup_teardown.py took 0.045 seconds
[2024-09-08T06:40:59.316+0000] {processor.py:186} INFO - Started process (PID=250) to work on /home/airflow/.local/lib/python3.12/site-packages/airflow/example_dags/example_setup_teardown.py
[2024-09-08T06:40:59.316+0000] {processor.py:914} INFO - Processing file /home/airflow/.local/lib/python3.12/site-packages/airflow/example_dags/example_setup_teardown.py for tasks to queue
[2024-09-08T06:40:59.318+0000] {logging_mixin.py:190} INFO - [2024-09-08T06:40:59.318+0000] {dagbag.py:587} INFO - Filling up the DagBag from /home/airflow/.local/lib/python3.12/site-packages/airflow/example_dags/example_setup_teardown.py
[2024-09-08T06:40:59.322+0000] {processor.py:925} INFO - DAG(s) 'example_setup_teardown' retrieved from /home/airflow/.local/lib/python3.12/site-packages/airflow/example_dags/example_setup_teardown.py
[2024-09-08T06:40:59.336+0000] {logging_mixin.py:190} INFO - [2024-09-08T06:40:59.336+0000] {dag.py:3229} INFO - Sync 1 DAGs
[2024-09-08T06:40:59.345+0000] {logging_mixin.py:190} INFO - [2024-09-08T06:40:59.345+0000] {dag.py:4156} INFO - Setting next_dagrun for example_setup_teardown to None, run_after=None
[2024-09-08T06:40:59.358+0000] {processor.py:208} INFO - Processing /home/airflow/.local/lib/python3.12/site-packages/airflow/example_dags/example_setup_teardown.py took 0.046 seconds
[2024-09-08T06:41:29.742+0000] {processor.py:186} INFO - Started process (PID=312) to work on /home/airflow/.local/lib/python3.12/site-packages/airflow/example_dags/example_setup_teardown.py
[2024-09-08T06:41:29.743+0000] {processor.py:914} INFO - Processing file /home/airflow/.local/lib/python3.12/site-packages/airflow/example_dags/example_setup_teardown.py for tasks to queue
[2024-09-08T06:41:29.744+0000] {logging_mixin.py:190} INFO - [2024-09-08T06:41:29.743+0000] {dagbag.py:587} INFO - Filling up the DagBag from /home/airflow/.local/lib/python3.12/site-packages/airflow/example_dags/example_setup_teardown.py
[2024-09-08T06:41:29.748+0000] {processor.py:925} INFO - DAG(s) 'example_setup_teardown' retrieved from /home/airflow/.local/lib/python3.12/site-packages/airflow/example_dags/example_setup_teardown.py
[2024-09-08T06:41:29.759+0000] {logging_mixin.py:190} INFO - [2024-09-08T06:41:29.759+0000] {dag.py:3229} INFO - Sync 1 DAGs
[2024-09-08T06:41:29.766+0000] {logging_mixin.py:190} INFO - [2024-09-08T06:41:29.766+0000] {dag.py:4156} INFO - Setting next_dagrun for example_setup_teardown to None, run_after=None
[2024-09-08T06:41:29.776+0000] {processor.py:208} INFO - Processing /home/airflow/.local/lib/python3.12/site-packages/airflow/example_dags/example_setup_teardown.py took 0.037 seconds
[2024-09-08T06:42:00.519+0000] {processor.py:186} INFO - Started process (PID=374) to work on /home/airflow/.local/lib/python3.12/site-packages/airflow/example_dags/example_setup_teardown.py
[2024-09-08T06:42:00.520+0000] {processor.py:914} INFO - Processing file /home/airflow/.local/lib/python3.12/site-packages/airflow/example_dags/example_setup_teardown.py for tasks to queue
[2024-09-08T06:42:00.521+0000] {logging_mixin.py:190} INFO - [2024-09-08T06:42:00.521+0000] {dagbag.py:587} INFO - Filling up the DagBag from /home/airflow/.local/lib/python3.12/site-packages/airflow/example_dags/example_setup_teardown.py
[2024-09-08T06:42:00.525+0000] {processor.py:925} INFO - DAG(s) 'example_setup_teardown' retrieved from /home/airflow/.local/lib/python3.12/site-packages/airflow/example_dags/example_setup_teardown.py
[2024-09-08T06:42:00.539+0000] {logging_mixin.py:190} INFO - [2024-09-08T06:42:00.539+0000] {dag.py:3229} INFO - Sync 1 DAGs
[2024-09-08T06:42:00.548+0000] {logging_mixin.py:190} INFO - [2024-09-08T06:42:00.547+0000] {dag.py:4156} INFO - Setting next_dagrun for example_setup_teardown to None, run_after=None
[2024-09-08T06:42:00.560+0000] {processor.py:208} INFO - Processing /home/airflow/.local/lib/python3.12/site-packages/airflow/example_dags/example_setup_teardown.py took 0.044 seconds
[2024-09-08T06:42:30.929+0000] {processor.py:186} INFO - Started process (PID=436) to work on /home/airflow/.local/lib/python3.12/site-packages/airflow/example_dags/example_setup_teardown.py
[2024-09-08T06:42:30.929+0000] {processor.py:914} INFO - Processing file /home/airflow/.local/lib/python3.12/site-packages/airflow/example_dags/example_setup_teardown.py for tasks to queue
[2024-09-08T06:42:30.930+0000] {logging_mixin.py:190} INFO - [2024-09-08T06:42:30.930+0000] {dagbag.py:587} INFO - Filling up the DagBag from /home/airflow/.local/lib/python3.12/site-packages/airflow/example_dags/example_setup_teardown.py
[2024-09-08T06:42:30.935+0000] {processor.py:925} INFO - DAG(s) 'example_setup_teardown' retrieved from /home/airflow/.local/lib/python3.12/site-packages/airflow/example_dags/example_setup_teardown.py
[2024-09-08T06:42:30.946+0000] {logging_mixin.py:190} INFO - [2024-09-08T06:42:30.946+0000] {dag.py:3229} INFO - Sync 1 DAGs
[2024-09-08T06:42:30.953+0000] {logging_mixin.py:190} INFO - [2024-09-08T06:42:30.953+0000] {dag.py:4156} INFO - Setting next_dagrun for example_setup_teardown to None, run_after=None
[2024-09-08T06:42:30.964+0000] {processor.py:208} INFO - Processing /home/airflow/.local/lib/python3.12/site-packages/airflow/example_dags/example_setup_teardown.py took 0.038 seconds
[2024-09-08T06:43:01.327+0000] {processor.py:186} INFO - Started process (PID=498) to work on /home/airflow/.local/lib/python3.12/site-packages/airflow/example_dags/example_setup_teardown.py
[2024-09-08T06:43:01.327+0000] {processor.py:914} INFO - Processing file /home/airflow/.local/lib/python3.12/site-packages/airflow/example_dags/example_setup_teardown.py for tasks to queue
[2024-09-08T06:43:01.328+0000] {logging_mixin.py:190} INFO - [2024-09-08T06:43:01.328+0000] {dagbag.py:587} INFO - Filling up the DagBag from /home/airflow/.local/lib/python3.12/site-packages/airflow/example_dags/example_setup_teardown.py
[2024-09-08T06:43:01.332+0000] {processor.py:925} INFO - DAG(s) 'example_setup_teardown' retrieved from /home/airflow/.local/lib/python3.12/site-packages/airflow/example_dags/example_setup_teardown.py
[2024-09-08T06:43:01.346+0000] {logging_mixin.py:190} INFO - [2024-09-08T06:43:01.346+0000] {dag.py:3229} INFO - Sync 1 DAGs
[2024-09-08T06:43:01.353+0000] {logging_mixin.py:190} INFO - [2024-09-08T06:43:01.353+0000] {dag.py:4156} INFO - Setting next_dagrun for example_setup_teardown to None, run_after=None
[2024-09-08T06:43:01.364+0000] {processor.py:208} INFO - Processing /home/airflow/.local/lib/python3.12/site-packages/airflow/example_dags/example_setup_teardown.py took 0.041 seconds
[2024-09-08T06:43:31.814+0000] {processor.py:186} INFO - Started process (PID=560) to work on /home/airflow/.local/lib/python3.12/site-packages/airflow/example_dags/example_setup_teardown.py
[2024-09-08T06:43:31.814+0000] {processor.py:914} INFO - Processing file /home/airflow/.local/lib/python3.12/site-packages/airflow/example_dags/example_setup_teardown.py for tasks to queue
[2024-09-08T06:43:31.815+0000] {logging_mixin.py:190} INFO - [2024-09-08T06:43:31.815+0000] {dagbag.py:587} INFO - Filling up the DagBag from /home/airflow/.local/lib/python3.12/site-packages/airflow/example_dags/example_setup_teardown.py
[2024-09-08T06:43:31.820+0000] {processor.py:925} INFO - DAG(s) 'example_setup_teardown' retrieved from /home/airflow/.local/lib/python3.12/site-packages/airflow/example_dags/example_setup_teardown.py
[2024-09-08T06:43:31.833+0000] {logging_mixin.py:190} INFO - [2024-09-08T06:43:31.833+0000] {dag.py:3229} INFO - Sync 1 DAGs
[2024-09-08T06:43:31.843+0000] {logging_mixin.py:190} INFO - [2024-09-08T06:43:31.843+0000] {dag.py:4156} INFO - Setting next_dagrun for example_setup_teardown to None, run_after=None
[2024-09-08T06:43:31.855+0000] {processor.py:208} INFO - Processing /home/airflow/.local/lib/python3.12/site-packages/airflow/example_dags/example_setup_teardown.py took 0.045 seconds
[2024-09-08T06:44:02.269+0000] {processor.py:186} INFO - Started process (PID=622) to work on /home/airflow/.local/lib/python3.12/site-packages/airflow/example_dags/example_setup_teardown.py
[2024-09-08T06:44:02.269+0000] {processor.py:914} INFO - Processing file /home/airflow/.local/lib/python3.12/site-packages/airflow/example_dags/example_setup_teardown.py for tasks to queue
[2024-09-08T06:44:02.270+0000] {logging_mixin.py:190} INFO - [2024-09-08T06:44:02.270+0000] {dagbag.py:587} INFO - Filling up the DagBag from /home/airflow/.local/lib/python3.12/site-packages/airflow/example_dags/example_setup_teardown.py
[2024-09-08T06:44:02.274+0000] {processor.py:925} INFO - DAG(s) 'example_setup_teardown' retrieved from /home/airflow/.local/lib/python3.12/site-packages/airflow/example_dags/example_setup_teardown.py
[2024-09-08T06:44:02.289+0000] {logging_mixin.py:190} INFO - [2024-09-08T06:44:02.289+0000] {dag.py:3229} INFO - Sync 1 DAGs
[2024-09-08T06:44:02.301+0000] {logging_mixin.py:190} INFO - [2024-09-08T06:44:02.300+0000] {dag.py:4156} INFO - Setting next_dagrun for example_setup_teardown to None, run_after=None
[2024-09-08T06:44:02.313+0000] {processor.py:208} INFO - Processing /home/airflow/.local/lib/python3.12/site-packages/airflow/example_dags/example_setup_teardown.py took 0.047 seconds
[2024-09-08T06:44:32.876+0000] {processor.py:186} INFO - Started process (PID=684) to work on /home/airflow/.local/lib/python3.12/site-packages/airflow/example_dags/example_setup_teardown.py
[2024-09-08T06:44:32.876+0000] {processor.py:914} INFO - Processing file /home/airflow/.local/lib/python3.12/site-packages/airflow/example_dags/example_setup_teardown.py for tasks to queue
[2024-09-08T06:44:32.878+0000] {logging_mixin.py:190} INFO - [2024-09-08T06:44:32.877+0000] {dagbag.py:587} INFO - Filling up the DagBag from /home/airflow/.local/lib/python3.12/site-packages/airflow/example_dags/example_setup_teardown.py
[2024-09-08T06:44:32.882+0000] {processor.py:925} INFO - DAG(s) 'example_setup_teardown' retrieved from /home/airflow/.local/lib/python3.12/site-packages/airflow/example_dags/example_setup_teardown.py
[2024-09-08T06:44:32.895+0000] {logging_mixin.py:190} INFO - [2024-09-08T06:44:32.895+0000] {dag.py:3229} INFO - Sync 1 DAGs
[2024-09-08T06:44:32.905+0000] {logging_mixin.py:190} INFO - [2024-09-08T06:44:32.905+0000] {dag.py:4156} INFO - Setting next_dagrun for example_setup_teardown to None, run_after=None
[2024-09-08T06:44:32.917+0000] {processor.py:208} INFO - Processing /home/airflow/.local/lib/python3.12/site-packages/airflow/example_dags/example_setup_teardown.py took 0.044 seconds
[2024-09-08T06:45:03.466+0000] {processor.py:186} INFO - Started process (PID=746) to work on /home/airflow/.local/lib/python3.12/site-packages/airflow/example_dags/example_setup_teardown.py
[2024-09-08T06:45:03.466+0000] {processor.py:914} INFO - Processing file /home/airflow/.local/lib/python3.12/site-packages/airflow/example_dags/example_setup_teardown.py for tasks to queue
[2024-09-08T06:45:03.467+0000] {logging_mixin.py:190} INFO - [2024-09-08T06:45:03.467+0000] {dagbag.py:587} INFO - Filling up the DagBag from /home/airflow/.local/lib/python3.12/site-packages/airflow/example_dags/example_setup_teardown.py
[2024-09-08T06:45:03.471+0000] {processor.py:925} INFO - DAG(s) 'example_setup_teardown' retrieved from /home/airflow/.local/lib/python3.12/site-packages/airflow/example_dags/example_setup_teardown.py
[2024-09-08T06:45:03.485+0000] {logging_mixin.py:190} INFO - [2024-09-08T06:45:03.485+0000] {dag.py:3229} INFO - Sync 1 DAGs
[2024-09-08T06:45:03.495+0000] {logging_mixin.py:190} INFO - [2024-09-08T06:45:03.495+0000] {dag.py:4156} INFO - Setting next_dagrun for example_setup_teardown to None, run_after=None
[2024-09-08T06:45:03.508+0000] {processor.py:208} INFO - Processing /home/airflow/.local/lib/python3.12/site-packages/airflow/example_dags/example_setup_teardown.py took 0.046 seconds
[2024-09-08T06:45:33.945+0000] {processor.py:186} INFO - Started process (PID=808) to work on /home/airflow/.local/lib/python3.12/site-packages/airflow/example_dags/example_setup_teardown.py
[2024-09-08T06:45:33.945+0000] {processor.py:914} INFO - Processing file /home/airflow/.local/lib/python3.12/site-packages/airflow/example_dags/example_setup_teardown.py for tasks to queue
[2024-09-08T06:45:33.946+0000] {logging_mixin.py:190} INFO - [2024-09-08T06:45:33.946+0000] {dagbag.py:587} INFO - Filling up the DagBag from /home/airflow/.local/lib/python3.12/site-packages/airflow/example_dags/example_setup_teardown.py
[2024-09-08T06:45:33.951+0000] {processor.py:925} INFO - DAG(s) 'example_setup_teardown' retrieved from /home/airflow/.local/lib/python3.12/site-packages/airflow/example_dags/example_setup_teardown.py
[2024-09-08T06:45:33.962+0000] {logging_mixin.py:190} INFO - [2024-09-08T06:45:33.962+0000] {dag.py:3229} INFO - Sync 1 DAGs
[2024-09-08T06:45:33.969+0000] {logging_mixin.py:190} INFO - [2024-09-08T06:45:33.969+0000] {dag.py:4156} INFO - Setting next_dagrun for example_setup_teardown to None, run_after=None
[2024-09-08T06:45:33.979+0000] {processor.py:208} INFO - Processing /home/airflow/.local/lib/python3.12/site-packages/airflow/example_dags/example_setup_teardown.py took 0.037 seconds
[2024-09-08T06:46:04.413+0000] {processor.py:186} INFO - Started process (PID=870) to work on /home/airflow/.local/lib/python3.12/site-packages/airflow/example_dags/example_setup_teardown.py
[2024-09-08T06:46:04.414+0000] {processor.py:914} INFO - Processing file /home/airflow/.local/lib/python3.12/site-packages/airflow/example_dags/example_setup_teardown.py for tasks to queue
[2024-09-08T06:46:04.415+0000] {logging_mixin.py:190} INFO - [2024-09-08T06:46:04.415+0000] {dagbag.py:587} INFO - Filling up the DagBag from /home/airflow/.local/lib/python3.12/site-packages/airflow/example_dags/example_setup_teardown.py
[2024-09-08T06:46:04.419+0000] {processor.py:925} INFO - DAG(s) 'example_setup_teardown' retrieved from /home/airflow/.local/lib/python3.12/site-packages/airflow/example_dags/example_setup_teardown.py
[2024-09-08T06:46:04.430+0000] {logging_mixin.py:190} INFO - [2024-09-08T06:46:04.430+0000] {dag.py:3229} INFO - Sync 1 DAGs
[2024-09-08T06:46:04.437+0000] {logging_mixin.py:190} INFO - [2024-09-08T06:46:04.436+0000] {dag.py:4156} INFO - Setting next_dagrun for example_setup_teardown to None, run_after=None
[2024-09-08T06:46:04.447+0000] {processor.py:208} INFO - Processing /home/airflow/.local/lib/python3.12/site-packages/airflow/example_dags/example_setup_teardown.py took 0.037 seconds
[2024-09-08T06:46:34.972+0000] {processor.py:186} INFO - Started process (PID=932) to work on /home/airflow/.local/lib/python3.12/site-packages/airflow/example_dags/example_setup_teardown.py
[2024-09-08T06:46:34.973+0000] {processor.py:914} INFO - Processing file /home/airflow/.local/lib/python3.12/site-packages/airflow/example_dags/example_setup_teardown.py for tasks to queue
[2024-09-08T06:46:34.974+0000] {logging_mixin.py:190} INFO - [2024-09-08T06:46:34.973+0000] {dagbag.py:587} INFO - Filling up the DagBag from /home/airflow/.local/lib/python3.12/site-packages/airflow/example_dags/example_setup_teardown.py
[2024-09-08T06:46:34.978+0000] {processor.py:925} INFO - DAG(s) 'example_setup_teardown' retrieved from /home/airflow/.local/lib/python3.12/site-packages/airflow/example_dags/example_setup_teardown.py
[2024-09-08T06:46:34.992+0000] {logging_mixin.py:190} INFO - [2024-09-08T06:46:34.991+0000] {dag.py:3229} INFO - Sync 1 DAGs
[2024-09-08T06:46:35.001+0000] {logging_mixin.py:190} INFO - [2024-09-08T06:46:35.001+0000] {dag.py:4156} INFO - Setting next_dagrun for example_setup_teardown to None, run_after=None
[2024-09-08T06:46:35.013+0000] {processor.py:208} INFO - Processing /home/airflow/.local/lib/python3.12/site-packages/airflow/example_dags/example_setup_teardown.py took 0.045 seconds
[2024-09-08T06:47:05.330+0000] {processor.py:186} INFO - Started process (PID=994) to work on /home/airflow/.local/lib/python3.12/site-packages/airflow/example_dags/example_setup_teardown.py
[2024-09-08T06:47:05.331+0000] {processor.py:914} INFO - Processing file /home/airflow/.local/lib/python3.12/site-packages/airflow/example_dags/example_setup_teardown.py for tasks to queue
[2024-09-08T06:47:05.332+0000] {logging_mixin.py:190} INFO - [2024-09-08T06:47:05.332+0000] {dagbag.py:587} INFO - Filling up the DagBag from /home/airflow/.local/lib/python3.12/site-packages/airflow/example_dags/example_setup_teardown.py
[2024-09-08T06:47:05.338+0000] {processor.py:925} INFO - DAG(s) 'example_setup_teardown' retrieved from /home/airflow/.local/lib/python3.12/site-packages/airflow/example_dags/example_setup_teardown.py
[2024-09-08T06:47:05.354+0000] {logging_mixin.py:190} INFO - [2024-09-08T06:47:05.354+0000] {dag.py:3229} INFO - Sync 1 DAGs
[2024-09-08T06:47:05.365+0000] {logging_mixin.py:190} INFO - [2024-09-08T06:47:05.365+0000] {dag.py:4156} INFO - Setting next_dagrun for example_setup_teardown to None, run_after=None
[2024-09-08T06:47:05.377+0000] {processor.py:208} INFO - Processing /home/airflow/.local/lib/python3.12/site-packages/airflow/example_dags/example_setup_teardown.py took 0.051 seconds
[2024-09-08T06:47:35.958+0000] {processor.py:186} INFO - Started process (PID=1056) to work on /home/airflow/.local/lib/python3.12/site-packages/airflow/example_dags/example_setup_teardown.py
[2024-09-08T06:47:35.958+0000] {processor.py:914} INFO - Processing file /home/airflow/.local/lib/python3.12/site-packages/airflow/example_dags/example_setup_teardown.py for tasks to queue
[2024-09-08T06:47:35.959+0000] {logging_mixin.py:190} INFO - [2024-09-08T06:47:35.959+0000] {dagbag.py:587} INFO - Filling up the DagBag from /home/airflow/.local/lib/python3.12/site-packages/airflow/example_dags/example_setup_teardown.py
[2024-09-08T06:47:35.964+0000] {processor.py:925} INFO - DAG(s) 'example_setup_teardown' retrieved from /home/airflow/.local/lib/python3.12/site-packages/airflow/example_dags/example_setup_teardown.py
[2024-09-08T06:47:35.978+0000] {logging_mixin.py:190} INFO - [2024-09-08T06:47:35.978+0000] {dag.py:3229} INFO - Sync 1 DAGs
[2024-09-08T06:47:35.986+0000] {logging_mixin.py:190} INFO - [2024-09-08T06:47:35.986+0000] {dag.py:4156} INFO - Setting next_dagrun for example_setup_teardown to None, run_after=None
[2024-09-08T06:47:35.997+0000] {processor.py:208} INFO - Processing /home/airflow/.local/lib/python3.12/site-packages/airflow/example_dags/example_setup_teardown.py took 0.043 seconds
[2024-09-08T06:48:06.435+0000] {processor.py:186} INFO - Started process (PID=1118) to work on /home/airflow/.local/lib/python3.12/site-packages/airflow/example_dags/example_setup_teardown.py
[2024-09-08T06:48:06.436+0000] {processor.py:914} INFO - Processing file /home/airflow/.local/lib/python3.12/site-packages/airflow/example_dags/example_setup_teardown.py for tasks to queue
[2024-09-08T06:48:06.437+0000] {logging_mixin.py:190} INFO - [2024-09-08T06:48:06.437+0000] {dagbag.py:587} INFO - Filling up the DagBag from /home/airflow/.local/lib/python3.12/site-packages/airflow/example_dags/example_setup_teardown.py
[2024-09-08T06:48:06.442+0000] {processor.py:925} INFO - DAG(s) 'example_setup_teardown' retrieved from /home/airflow/.local/lib/python3.12/site-packages/airflow/example_dags/example_setup_teardown.py
[2024-09-08T06:48:06.456+0000] {logging_mixin.py:190} INFO - [2024-09-08T06:48:06.456+0000] {dag.py:3229} INFO - Sync 1 DAGs
[2024-09-08T06:48:06.466+0000] {logging_mixin.py:190} INFO - [2024-09-08T06:48:06.465+0000] {dag.py:4156} INFO - Setting next_dagrun for example_setup_teardown to None, run_after=None
[2024-09-08T06:48:06.478+0000] {processor.py:208} INFO - Processing /home/airflow/.local/lib/python3.12/site-packages/airflow/example_dags/example_setup_teardown.py took 0.047 seconds
[2024-09-08T06:48:37.073+0000] {processor.py:186} INFO - Started process (PID=1180) to work on /home/airflow/.local/lib/python3.12/site-packages/airflow/example_dags/example_setup_teardown.py
[2024-09-08T06:48:37.073+0000] {processor.py:914} INFO - Processing file /home/airflow/.local/lib/python3.12/site-packages/airflow/example_dags/example_setup_teardown.py for tasks to queue
[2024-09-08T06:48:37.075+0000] {logging_mixin.py:190} INFO - [2024-09-08T06:48:37.075+0000] {dagbag.py:587} INFO - Filling up the DagBag from /home/airflow/.local/lib/python3.12/site-packages/airflow/example_dags/example_setup_teardown.py
[2024-09-08T06:48:37.080+0000] {processor.py:925} INFO - DAG(s) 'example_setup_teardown' retrieved from /home/airflow/.local/lib/python3.12/site-packages/airflow/example_dags/example_setup_teardown.py
[2024-09-08T06:48:37.092+0000] {logging_mixin.py:190} INFO - [2024-09-08T06:48:37.092+0000] {dag.py:3229} INFO - Sync 1 DAGs
[2024-09-08T06:48:37.100+0000] {logging_mixin.py:190} INFO - [2024-09-08T06:48:37.100+0000] {dag.py:4156} INFO - Setting next_dagrun for example_setup_teardown to None, run_after=None
[2024-09-08T06:48:37.111+0000] {processor.py:208} INFO - Processing /home/airflow/.local/lib/python3.12/site-packages/airflow/example_dags/example_setup_teardown.py took 0.042 seconds
[2024-09-08T06:49:07.623+0000] {processor.py:186} INFO - Started process (PID=1242) to work on /home/airflow/.local/lib/python3.12/site-packages/airflow/example_dags/example_setup_teardown.py
[2024-09-08T06:49:07.624+0000] {processor.py:914} INFO - Processing file /home/airflow/.local/lib/python3.12/site-packages/airflow/example_dags/example_setup_teardown.py for tasks to queue
[2024-09-08T06:49:07.625+0000] {logging_mixin.py:190} INFO - [2024-09-08T06:49:07.625+0000] {dagbag.py:587} INFO - Filling up the DagBag from /home/airflow/.local/lib/python3.12/site-packages/airflow/example_dags/example_setup_teardown.py
[2024-09-08T06:49:07.630+0000] {processor.py:925} INFO - DAG(s) 'example_setup_teardown' retrieved from /home/airflow/.local/lib/python3.12/site-packages/airflow/example_dags/example_setup_teardown.py
[2024-09-08T06:49:07.645+0000] {logging_mixin.py:190} INFO - [2024-09-08T06:49:07.645+0000] {dag.py:3229} INFO - Sync 1 DAGs
[2024-09-08T06:49:07.654+0000] {logging_mixin.py:190} INFO - [2024-09-08T06:49:07.654+0000] {dag.py:4156} INFO - Setting next_dagrun for example_setup_teardown to None, run_after=None
[2024-09-08T06:49:07.665+0000] {processor.py:208} INFO - Processing /home/airflow/.local/lib/python3.12/site-packages/airflow/example_dags/example_setup_teardown.py took 0.045 seconds
[2024-09-08T06:49:38.328+0000] {processor.py:186} INFO - Started process (PID=1304) to work on /home/airflow/.local/lib/python3.12/site-packages/airflow/example_dags/example_setup_teardown.py
[2024-09-08T06:49:38.328+0000] {processor.py:914} INFO - Processing file /home/airflow/.local/lib/python3.12/site-packages/airflow/example_dags/example_setup_teardown.py for tasks to queue
[2024-09-08T06:49:38.329+0000] {logging_mixin.py:190} INFO - [2024-09-08T06:49:38.329+0000] {dagbag.py:587} INFO - Filling up the DagBag from /home/airflow/.local/lib/python3.12/site-packages/airflow/example_dags/example_setup_teardown.py
[2024-09-08T06:49:38.334+0000] {processor.py:925} INFO - DAG(s) 'example_setup_teardown' retrieved from /home/airflow/.local/lib/python3.12/site-packages/airflow/example_dags/example_setup_teardown.py
[2024-09-08T06:49:38.346+0000] {logging_mixin.py:190} INFO - [2024-09-08T06:49:38.346+0000] {dag.py:3229} INFO - Sync 1 DAGs
[2024-09-08T06:49:38.354+0000] {logging_mixin.py:190} INFO - [2024-09-08T06:49:38.353+0000] {dag.py:4156} INFO - Setting next_dagrun for example_setup_teardown to None, run_after=None
[2024-09-08T06:49:38.362+0000] {processor.py:208} INFO - Processing /home/airflow/.local/lib/python3.12/site-packages/airflow/example_dags/example_setup_teardown.py took 0.037 seconds
[2024-09-08T06:50:08.820+0000] {processor.py:186} INFO - Started process (PID=1366) to work on /home/airflow/.local/lib/python3.12/site-packages/airflow/example_dags/example_setup_teardown.py
[2024-09-08T06:50:08.821+0000] {processor.py:914} INFO - Processing file /home/airflow/.local/lib/python3.12/site-packages/airflow/example_dags/example_setup_teardown.py for tasks to queue
[2024-09-08T06:50:08.822+0000] {logging_mixin.py:190} INFO - [2024-09-08T06:50:08.822+0000] {dagbag.py:587} INFO - Filling up the DagBag from /home/airflow/.local/lib/python3.12/site-packages/airflow/example_dags/example_setup_teardown.py
[2024-09-08T06:50:08.827+0000] {processor.py:925} INFO - DAG(s) 'example_setup_teardown' retrieved from /home/airflow/.local/lib/python3.12/site-packages/airflow/example_dags/example_setup_teardown.py
[2024-09-08T06:50:08.840+0000] {logging_mixin.py:190} INFO - [2024-09-08T06:50:08.840+0000] {dag.py:3229} INFO - Sync 1 DAGs
[2024-09-08T06:50:08.852+0000] {logging_mixin.py:190} INFO - [2024-09-08T06:50:08.852+0000] {dag.py:4156} INFO - Setting next_dagrun for example_setup_teardown to None, run_after=None
[2024-09-08T06:50:08.863+0000] {processor.py:208} INFO - Processing /home/airflow/.local/lib/python3.12/site-packages/airflow/example_dags/example_setup_teardown.py took 0.045 seconds
[2024-09-08T06:50:39.393+0000] {processor.py:186} INFO - Started process (PID=1428) to work on /home/airflow/.local/lib/python3.12/site-packages/airflow/example_dags/example_setup_teardown.py
[2024-09-08T06:50:39.394+0000] {processor.py:914} INFO - Processing file /home/airflow/.local/lib/python3.12/site-packages/airflow/example_dags/example_setup_teardown.py for tasks to queue
[2024-09-08T06:50:39.395+0000] {logging_mixin.py:190} INFO - [2024-09-08T06:50:39.395+0000] {dagbag.py:587} INFO - Filling up the DagBag from /home/airflow/.local/lib/python3.12/site-packages/airflow/example_dags/example_setup_teardown.py
[2024-09-08T06:50:39.399+0000] {processor.py:925} INFO - DAG(s) 'example_setup_teardown' retrieved from /home/airflow/.local/lib/python3.12/site-packages/airflow/example_dags/example_setup_teardown.py
[2024-09-08T06:50:39.414+0000] {logging_mixin.py:190} INFO - [2024-09-08T06:50:39.414+0000] {dag.py:3229} INFO - Sync 1 DAGs
[2024-09-08T06:50:39.423+0000] {logging_mixin.py:190} INFO - [2024-09-08T06:50:39.423+0000] {dag.py:4156} INFO - Setting next_dagrun for example_setup_teardown to None, run_after=None
[2024-09-08T06:50:39.435+0000] {processor.py:208} INFO - Processing /home/airflow/.local/lib/python3.12/site-packages/airflow/example_dags/example_setup_teardown.py took 0.045 seconds
[2024-09-08T06:51:09.910+0000] {processor.py:186} INFO - Started process (PID=1490) to work on /home/airflow/.local/lib/python3.12/site-packages/airflow/example_dags/example_setup_teardown.py
[2024-09-08T06:51:09.911+0000] {processor.py:914} INFO - Processing file /home/airflow/.local/lib/python3.12/site-packages/airflow/example_dags/example_setup_teardown.py for tasks to queue
[2024-09-08T06:51:09.912+0000] {logging_mixin.py:190} INFO - [2024-09-08T06:51:09.912+0000] {dagbag.py:587} INFO - Filling up the DagBag from /home/airflow/.local/lib/python3.12/site-packages/airflow/example_dags/example_setup_teardown.py
[2024-09-08T06:51:09.916+0000] {processor.py:925} INFO - DAG(s) 'example_setup_teardown' retrieved from /home/airflow/.local/lib/python3.12/site-packages/airflow/example_dags/example_setup_teardown.py
[2024-09-08T06:51:09.930+0000] {logging_mixin.py:190} INFO - [2024-09-08T06:51:09.930+0000] {dag.py:3229} INFO - Sync 1 DAGs
[2024-09-08T06:51:09.940+0000] {logging_mixin.py:190} INFO - [2024-09-08T06:51:09.940+0000] {dag.py:4156} INFO - Setting next_dagrun for example_setup_teardown to None, run_after=None
[2024-09-08T06:51:09.952+0000] {processor.py:208} INFO - Processing /home/airflow/.local/lib/python3.12/site-packages/airflow/example_dags/example_setup_teardown.py took 0.044 seconds
[2024-09-08T06:51:40.389+0000] {processor.py:186} INFO - Started process (PID=1552) to work on /home/airflow/.local/lib/python3.12/site-packages/airflow/example_dags/example_setup_teardown.py
[2024-09-08T06:51:40.389+0000] {processor.py:914} INFO - Processing file /home/airflow/.local/lib/python3.12/site-packages/airflow/example_dags/example_setup_teardown.py for tasks to queue
[2024-09-08T06:51:40.390+0000] {logging_mixin.py:190} INFO - [2024-09-08T06:51:40.390+0000] {dagbag.py:587} INFO - Filling up the DagBag from /home/airflow/.local/lib/python3.12/site-packages/airflow/example_dags/example_setup_teardown.py
[2024-09-08T06:51:40.394+0000] {processor.py:925} INFO - DAG(s) 'example_setup_teardown' retrieved from /home/airflow/.local/lib/python3.12/site-packages/airflow/example_dags/example_setup_teardown.py
[2024-09-08T06:51:40.405+0000] {logging_mixin.py:190} INFO - [2024-09-08T06:51:40.405+0000] {dag.py:3229} INFO - Sync 1 DAGs
[2024-09-08T06:51:40.411+0000] {logging_mixin.py:190} INFO - [2024-09-08T06:51:40.411+0000] {dag.py:4156} INFO - Setting next_dagrun for example_setup_teardown to None, run_after=None
[2024-09-08T06:51:40.420+0000] {processor.py:208} INFO - Processing /home/airflow/.local/lib/python3.12/site-packages/airflow/example_dags/example_setup_teardown.py took 0.035 seconds
[2024-09-08T06:52:10.984+0000] {processor.py:186} INFO - Started process (PID=1614) to work on /home/airflow/.local/lib/python3.12/site-packages/airflow/example_dags/example_setup_teardown.py
[2024-09-08T06:52:10.985+0000] {processor.py:914} INFO - Processing file /home/airflow/.local/lib/python3.12/site-packages/airflow/example_dags/example_setup_teardown.py for tasks to queue
[2024-09-08T06:52:10.986+0000] {logging_mixin.py:190} INFO - [2024-09-08T06:52:10.986+0000] {dagbag.py:587} INFO - Filling up the DagBag from /home/airflow/.local/lib/python3.12/site-packages/airflow/example_dags/example_setup_teardown.py
[2024-09-08T06:52:10.990+0000] {processor.py:925} INFO - DAG(s) 'example_setup_teardown' retrieved from /home/airflow/.local/lib/python3.12/site-packages/airflow/example_dags/example_setup_teardown.py
[2024-09-08T06:52:11.004+0000] {logging_mixin.py:190} INFO - [2024-09-08T06:52:11.004+0000] {dag.py:3229} INFO - Sync 1 DAGs
[2024-09-08T06:52:11.015+0000] {logging_mixin.py:190} INFO - [2024-09-08T06:52:11.015+0000] {dag.py:4156} INFO - Setting next_dagrun for example_setup_teardown to None, run_after=None
[2024-09-08T06:52:11.027+0000] {processor.py:208} INFO - Processing /home/airflow/.local/lib/python3.12/site-packages/airflow/example_dags/example_setup_teardown.py took 0.046 seconds
[2024-09-08T06:52:41.608+0000] {processor.py:186} INFO - Started process (PID=1676) to work on /home/airflow/.local/lib/python3.12/site-packages/airflow/example_dags/example_setup_teardown.py
[2024-09-08T06:52:41.608+0000] {processor.py:914} INFO - Processing file /home/airflow/.local/lib/python3.12/site-packages/airflow/example_dags/example_setup_teardown.py for tasks to queue
[2024-09-08T06:52:41.609+0000] {logging_mixin.py:190} INFO - [2024-09-08T06:52:41.609+0000] {dagbag.py:587} INFO - Filling up the DagBag from /home/airflow/.local/lib/python3.12/site-packages/airflow/example_dags/example_setup_teardown.py
[2024-09-08T06:52:41.613+0000] {processor.py:925} INFO - DAG(s) 'example_setup_teardown' retrieved from /home/airflow/.local/lib/python3.12/site-packages/airflow/example_dags/example_setup_teardown.py
[2024-09-08T06:52:41.627+0000] {logging_mixin.py:190} INFO - [2024-09-08T06:52:41.627+0000] {dag.py:3229} INFO - Sync 1 DAGs
[2024-09-08T06:52:41.634+0000] {logging_mixin.py:190} INFO - [2024-09-08T06:52:41.634+0000] {dag.py:4156} INFO - Setting next_dagrun for example_setup_teardown to None, run_after=None
[2024-09-08T06:52:41.647+0000] {processor.py:208} INFO - Processing /home/airflow/.local/lib/python3.12/site-packages/airflow/example_dags/example_setup_teardown.py took 0.042 seconds
[2024-09-08T06:53:12.165+0000] {processor.py:186} INFO - Started process (PID=1738) to work on /home/airflow/.local/lib/python3.12/site-packages/airflow/example_dags/example_setup_teardown.py
[2024-09-08T06:53:12.165+0000] {processor.py:914} INFO - Processing file /home/airflow/.local/lib/python3.12/site-packages/airflow/example_dags/example_setup_teardown.py for tasks to queue
[2024-09-08T06:53:12.166+0000] {logging_mixin.py:190} INFO - [2024-09-08T06:53:12.166+0000] {dagbag.py:587} INFO - Filling up the DagBag from /home/airflow/.local/lib/python3.12/site-packages/airflow/example_dags/example_setup_teardown.py
[2024-09-08T06:53:12.171+0000] {processor.py:925} INFO - DAG(s) 'example_setup_teardown' retrieved from /home/airflow/.local/lib/python3.12/site-packages/airflow/example_dags/example_setup_teardown.py
[2024-09-08T06:53:12.185+0000] {logging_mixin.py:190} INFO - [2024-09-08T06:53:12.185+0000] {dag.py:3229} INFO - Sync 1 DAGs
[2024-09-08T06:53:12.195+0000] {logging_mixin.py:190} INFO - [2024-09-08T06:53:12.195+0000] {dag.py:4156} INFO - Setting next_dagrun for example_setup_teardown to None, run_after=None
[2024-09-08T06:53:12.208+0000] {processor.py:208} INFO - Processing /home/airflow/.local/lib/python3.12/site-packages/airflow/example_dags/example_setup_teardown.py took 0.046 seconds
[2024-09-08T06:53:42.704+0000] {processor.py:186} INFO - Started process (PID=1800) to work on /home/airflow/.local/lib/python3.12/site-packages/airflow/example_dags/example_setup_teardown.py
[2024-09-08T06:53:42.705+0000] {processor.py:914} INFO - Processing file /home/airflow/.local/lib/python3.12/site-packages/airflow/example_dags/example_setup_teardown.py for tasks to queue
[2024-09-08T06:53:42.706+0000] {logging_mixin.py:190} INFO - [2024-09-08T06:53:42.706+0000] {dagbag.py:587} INFO - Filling up the DagBag from /home/airflow/.local/lib/python3.12/site-packages/airflow/example_dags/example_setup_teardown.py
[2024-09-08T06:53:42.712+0000] {processor.py:925} INFO - DAG(s) 'example_setup_teardown' retrieved from /home/airflow/.local/lib/python3.12/site-packages/airflow/example_dags/example_setup_teardown.py
[2024-09-08T06:53:42.727+0000] {logging_mixin.py:190} INFO - [2024-09-08T06:53:42.727+0000] {dag.py:3229} INFO - Sync 1 DAGs
[2024-09-08T06:53:42.736+0000] {logging_mixin.py:190} INFO - [2024-09-08T06:53:42.736+0000] {dag.py:4156} INFO - Setting next_dagrun for example_setup_teardown to None, run_after=None
[2024-09-08T06:53:42.749+0000] {processor.py:208} INFO - Processing /home/airflow/.local/lib/python3.12/site-packages/airflow/example_dags/example_setup_teardown.py took 0.048 seconds
[2024-09-08T06:54:13.264+0000] {processor.py:186} INFO - Started process (PID=1862) to work on /home/airflow/.local/lib/python3.12/site-packages/airflow/example_dags/example_setup_teardown.py
[2024-09-08T06:54:13.264+0000] {processor.py:914} INFO - Processing file /home/airflow/.local/lib/python3.12/site-packages/airflow/example_dags/example_setup_teardown.py for tasks to queue
[2024-09-08T06:54:13.265+0000] {logging_mixin.py:190} INFO - [2024-09-08T06:54:13.265+0000] {dagbag.py:587} INFO - Filling up the DagBag from /home/airflow/.local/lib/python3.12/site-packages/airflow/example_dags/example_setup_teardown.py
[2024-09-08T06:54:13.270+0000] {processor.py:925} INFO - DAG(s) 'example_setup_teardown' retrieved from /home/airflow/.local/lib/python3.12/site-packages/airflow/example_dags/example_setup_teardown.py
[2024-09-08T06:54:13.284+0000] {logging_mixin.py:190} INFO - [2024-09-08T06:54:13.284+0000] {dag.py:3229} INFO - Sync 1 DAGs
[2024-09-08T06:54:13.295+0000] {logging_mixin.py:190} INFO - [2024-09-08T06:54:13.295+0000] {dag.py:4156} INFO - Setting next_dagrun for example_setup_teardown to None, run_after=None
[2024-09-08T06:54:13.308+0000] {processor.py:208} INFO - Processing /home/airflow/.local/lib/python3.12/site-packages/airflow/example_dags/example_setup_teardown.py took 0.048 seconds
[2024-09-08T06:54:43.946+0000] {processor.py:186} INFO - Started process (PID=1924) to work on /home/airflow/.local/lib/python3.12/site-packages/airflow/example_dags/example_setup_teardown.py
[2024-09-08T06:54:43.947+0000] {processor.py:914} INFO - Processing file /home/airflow/.local/lib/python3.12/site-packages/airflow/example_dags/example_setup_teardown.py for tasks to queue
[2024-09-08T06:54:43.948+0000] {logging_mixin.py:190} INFO - [2024-09-08T06:54:43.948+0000] {dagbag.py:587} INFO - Filling up the DagBag from /home/airflow/.local/lib/python3.12/site-packages/airflow/example_dags/example_setup_teardown.py
[2024-09-08T06:54:43.953+0000] {processor.py:925} INFO - DAG(s) 'example_setup_teardown' retrieved from /home/airflow/.local/lib/python3.12/site-packages/airflow/example_dags/example_setup_teardown.py
[2024-09-08T06:54:43.964+0000] {logging_mixin.py:190} INFO - [2024-09-08T06:54:43.964+0000] {dag.py:3229} INFO - Sync 1 DAGs
[2024-09-08T06:54:43.971+0000] {logging_mixin.py:190} INFO - [2024-09-08T06:54:43.971+0000] {dag.py:4156} INFO - Setting next_dagrun for example_setup_teardown to None, run_after=None
[2024-09-08T06:54:43.981+0000] {processor.py:208} INFO - Processing /home/airflow/.local/lib/python3.12/site-packages/airflow/example_dags/example_setup_teardown.py took 0.038 seconds
[2024-09-08T06:55:14.443+0000] {processor.py:186} INFO - Started process (PID=1986) to work on /home/airflow/.local/lib/python3.12/site-packages/airflow/example_dags/example_setup_teardown.py
[2024-09-08T06:55:14.443+0000] {processor.py:914} INFO - Processing file /home/airflow/.local/lib/python3.12/site-packages/airflow/example_dags/example_setup_teardown.py for tasks to queue
[2024-09-08T06:55:14.444+0000] {logging_mixin.py:190} INFO - [2024-09-08T06:55:14.444+0000] {dagbag.py:587} INFO - Filling up the DagBag from /home/airflow/.local/lib/python3.12/site-packages/airflow/example_dags/example_setup_teardown.py
[2024-09-08T06:55:14.448+0000] {processor.py:925} INFO - DAG(s) 'example_setup_teardown' retrieved from /home/airflow/.local/lib/python3.12/site-packages/airflow/example_dags/example_setup_teardown.py
[2024-09-08T06:55:14.462+0000] {logging_mixin.py:190} INFO - [2024-09-08T06:55:14.462+0000] {dag.py:3229} INFO - Sync 1 DAGs
[2024-09-08T06:55:14.469+0000] {logging_mixin.py:190} INFO - [2024-09-08T06:55:14.469+0000] {dag.py:4156} INFO - Setting next_dagrun for example_setup_teardown to None, run_after=None
[2024-09-08T06:55:14.480+0000] {processor.py:208} INFO - Processing /home/airflow/.local/lib/python3.12/site-packages/airflow/example_dags/example_setup_teardown.py took 0.041 seconds
[2024-09-08T06:55:44.968+0000] {processor.py:186} INFO - Started process (PID=2054) to work on /home/airflow/.local/lib/python3.12/site-packages/airflow/example_dags/example_setup_teardown.py
[2024-09-08T06:55:44.969+0000] {processor.py:914} INFO - Processing file /home/airflow/.local/lib/python3.12/site-packages/airflow/example_dags/example_setup_teardown.py for tasks to queue
[2024-09-08T06:55:44.970+0000] {logging_mixin.py:190} INFO - [2024-09-08T06:55:44.970+0000] {dagbag.py:587} INFO - Filling up the DagBag from /home/airflow/.local/lib/python3.12/site-packages/airflow/example_dags/example_setup_teardown.py
[2024-09-08T06:55:44.975+0000] {processor.py:925} INFO - DAG(s) 'example_setup_teardown' retrieved from /home/airflow/.local/lib/python3.12/site-packages/airflow/example_dags/example_setup_teardown.py
[2024-09-08T06:55:44.990+0000] {logging_mixin.py:190} INFO - [2024-09-08T06:55:44.989+0000] {dag.py:3229} INFO - Sync 1 DAGs
[2024-09-08T06:55:44.997+0000] {logging_mixin.py:190} INFO - [2024-09-08T06:55:44.997+0000] {dag.py:4156} INFO - Setting next_dagrun for example_setup_teardown to None, run_after=None
[2024-09-08T06:55:45.007+0000] {processor.py:208} INFO - Processing /home/airflow/.local/lib/python3.12/site-packages/airflow/example_dags/example_setup_teardown.py took 0.043 seconds
[2024-09-08T06:56:15.580+0000] {processor.py:186} INFO - Started process (PID=2116) to work on /home/airflow/.local/lib/python3.12/site-packages/airflow/example_dags/example_setup_teardown.py
[2024-09-08T06:56:15.580+0000] {processor.py:914} INFO - Processing file /home/airflow/.local/lib/python3.12/site-packages/airflow/example_dags/example_setup_teardown.py for tasks to queue
[2024-09-08T06:56:15.581+0000] {logging_mixin.py:190} INFO - [2024-09-08T06:56:15.581+0000] {dagbag.py:587} INFO - Filling up the DagBag from /home/airflow/.local/lib/python3.12/site-packages/airflow/example_dags/example_setup_teardown.py
[2024-09-08T06:56:15.586+0000] {processor.py:925} INFO - DAG(s) 'example_setup_teardown' retrieved from /home/airflow/.local/lib/python3.12/site-packages/airflow/example_dags/example_setup_teardown.py
[2024-09-08T06:56:15.599+0000] {logging_mixin.py:190} INFO - [2024-09-08T06:56:15.599+0000] {dag.py:3229} INFO - Sync 1 DAGs
[2024-09-08T06:56:15.609+0000] {logging_mixin.py:190} INFO - [2024-09-08T06:56:15.608+0000] {dag.py:4156} INFO - Setting next_dagrun for example_setup_teardown to None, run_after=None
[2024-09-08T06:56:15.621+0000] {processor.py:208} INFO - Processing /home/airflow/.local/lib/python3.12/site-packages/airflow/example_dags/example_setup_teardown.py took 0.046 seconds
[2024-09-08T06:56:46.139+0000] {processor.py:186} INFO - Started process (PID=2178) to work on /home/airflow/.local/lib/python3.12/site-packages/airflow/example_dags/example_setup_teardown.py
[2024-09-08T06:56:46.140+0000] {processor.py:914} INFO - Processing file /home/airflow/.local/lib/python3.12/site-packages/airflow/example_dags/example_setup_teardown.py for tasks to queue
[2024-09-08T06:56:46.141+0000] {logging_mixin.py:190} INFO - [2024-09-08T06:56:46.141+0000] {dagbag.py:587} INFO - Filling up the DagBag from /home/airflow/.local/lib/python3.12/site-packages/airflow/example_dags/example_setup_teardown.py
[2024-09-08T06:56:46.145+0000] {processor.py:925} INFO - DAG(s) 'example_setup_teardown' retrieved from /home/airflow/.local/lib/python3.12/site-packages/airflow/example_dags/example_setup_teardown.py
[2024-09-08T06:56:46.159+0000] {logging_mixin.py:190} INFO - [2024-09-08T06:56:46.159+0000] {dag.py:3229} INFO - Sync 1 DAGs
[2024-09-08T06:56:46.169+0000] {logging_mixin.py:190} INFO - [2024-09-08T06:56:46.169+0000] {dag.py:4156} INFO - Setting next_dagrun for example_setup_teardown to None, run_after=None
[2024-09-08T06:56:46.181+0000] {processor.py:208} INFO - Processing /home/airflow/.local/lib/python3.12/site-packages/airflow/example_dags/example_setup_teardown.py took 0.046 seconds
[2024-09-08T06:57:16.710+0000] {processor.py:186} INFO - Started process (PID=2240) to work on /home/airflow/.local/lib/python3.12/site-packages/airflow/example_dags/example_setup_teardown.py
[2024-09-08T06:57:16.710+0000] {processor.py:914} INFO - Processing file /home/airflow/.local/lib/python3.12/site-packages/airflow/example_dags/example_setup_teardown.py for tasks to queue
[2024-09-08T06:57:16.711+0000] {logging_mixin.py:190} INFO - [2024-09-08T06:57:16.711+0000] {dagbag.py:587} INFO - Filling up the DagBag from /home/airflow/.local/lib/python3.12/site-packages/airflow/example_dags/example_setup_teardown.py
[2024-09-08T06:57:16.715+0000] {processor.py:925} INFO - DAG(s) 'example_setup_teardown' retrieved from /home/airflow/.local/lib/python3.12/site-packages/airflow/example_dags/example_setup_teardown.py
[2024-09-08T06:57:16.729+0000] {logging_mixin.py:190} INFO - [2024-09-08T06:57:16.728+0000] {dag.py:3229} INFO - Sync 1 DAGs
[2024-09-08T06:57:16.738+0000] {logging_mixin.py:190} INFO - [2024-09-08T06:57:16.738+0000] {dag.py:4156} INFO - Setting next_dagrun for example_setup_teardown to None, run_after=None
[2024-09-08T06:57:16.751+0000] {processor.py:208} INFO - Processing /home/airflow/.local/lib/python3.12/site-packages/airflow/example_dags/example_setup_teardown.py took 0.044 seconds
[2024-09-08T06:57:47.449+0000] {processor.py:186} INFO - Started process (PID=2302) to work on /home/airflow/.local/lib/python3.12/site-packages/airflow/example_dags/example_setup_teardown.py
[2024-09-08T06:57:47.450+0000] {processor.py:914} INFO - Processing file /home/airflow/.local/lib/python3.12/site-packages/airflow/example_dags/example_setup_teardown.py for tasks to queue
[2024-09-08T06:57:47.451+0000] {logging_mixin.py:190} INFO - [2024-09-08T06:57:47.451+0000] {dagbag.py:587} INFO - Filling up the DagBag from /home/airflow/.local/lib/python3.12/site-packages/airflow/example_dags/example_setup_teardown.py
[2024-09-08T06:57:47.455+0000] {processor.py:925} INFO - DAG(s) 'example_setup_teardown' retrieved from /home/airflow/.local/lib/python3.12/site-packages/airflow/example_dags/example_setup_teardown.py
[2024-09-08T06:57:47.467+0000] {logging_mixin.py:190} INFO - [2024-09-08T06:57:47.467+0000] {dag.py:3229} INFO - Sync 1 DAGs
[2024-09-08T06:57:47.477+0000] {logging_mixin.py:190} INFO - [2024-09-08T06:57:47.477+0000] {dag.py:4156} INFO - Setting next_dagrun for example_setup_teardown to None, run_after=None
[2024-09-08T06:57:47.488+0000] {processor.py:208} INFO - Processing /home/airflow/.local/lib/python3.12/site-packages/airflow/example_dags/example_setup_teardown.py took 0.042 seconds
[2024-09-08T06:58:18.465+0000] {processor.py:186} INFO - Started process (PID=2364) to work on /home/airflow/.local/lib/python3.12/site-packages/airflow/example_dags/example_setup_teardown.py
[2024-09-08T06:58:18.466+0000] {processor.py:914} INFO - Processing file /home/airflow/.local/lib/python3.12/site-packages/airflow/example_dags/example_setup_teardown.py for tasks to queue
[2024-09-08T06:58:18.467+0000] {logging_mixin.py:190} INFO - [2024-09-08T06:58:18.467+0000] {dagbag.py:587} INFO - Filling up the DagBag from /home/airflow/.local/lib/python3.12/site-packages/airflow/example_dags/example_setup_teardown.py
[2024-09-08T06:58:18.471+0000] {processor.py:925} INFO - DAG(s) 'example_setup_teardown' retrieved from /home/airflow/.local/lib/python3.12/site-packages/airflow/example_dags/example_setup_teardown.py
[2024-09-08T06:58:18.483+0000] {logging_mixin.py:190} INFO - [2024-09-08T06:58:18.483+0000] {dag.py:3229} INFO - Sync 1 DAGs
[2024-09-08T06:58:18.490+0000] {logging_mixin.py:190} INFO - [2024-09-08T06:58:18.490+0000] {dag.py:4156} INFO - Setting next_dagrun for example_setup_teardown to None, run_after=None
[2024-09-08T06:58:18.499+0000] {processor.py:208} INFO - Processing /home/airflow/.local/lib/python3.12/site-packages/airflow/example_dags/example_setup_teardown.py took 0.037 seconds
[2024-09-08T06:58:49.029+0000] {processor.py:186} INFO - Started process (PID=2426) to work on /home/airflow/.local/lib/python3.12/site-packages/airflow/example_dags/example_setup_teardown.py
[2024-09-08T06:58:49.030+0000] {processor.py:914} INFO - Processing file /home/airflow/.local/lib/python3.12/site-packages/airflow/example_dags/example_setup_teardown.py for tasks to queue
[2024-09-08T06:58:49.031+0000] {logging_mixin.py:190} INFO - [2024-09-08T06:58:49.031+0000] {dagbag.py:587} INFO - Filling up the DagBag from /home/airflow/.local/lib/python3.12/site-packages/airflow/example_dags/example_setup_teardown.py
[2024-09-08T06:58:49.035+0000] {processor.py:925} INFO - DAG(s) 'example_setup_teardown' retrieved from /home/airflow/.local/lib/python3.12/site-packages/airflow/example_dags/example_setup_teardown.py
[2024-09-08T06:58:49.049+0000] {logging_mixin.py:190} INFO - [2024-09-08T06:58:49.049+0000] {dag.py:3229} INFO - Sync 1 DAGs
[2024-09-08T06:58:49.058+0000] {logging_mixin.py:190} INFO - [2024-09-08T06:58:49.058+0000] {dag.py:4156} INFO - Setting next_dagrun for example_setup_teardown to None, run_after=None
[2024-09-08T06:58:49.071+0000] {processor.py:208} INFO - Processing /home/airflow/.local/lib/python3.12/site-packages/airflow/example_dags/example_setup_teardown.py took 0.044 seconds
[2024-09-08T06:59:19.695+0000] {processor.py:186} INFO - Started process (PID=2488) to work on /home/airflow/.local/lib/python3.12/site-packages/airflow/example_dags/example_setup_teardown.py
[2024-09-08T06:59:19.695+0000] {processor.py:914} INFO - Processing file /home/airflow/.local/lib/python3.12/site-packages/airflow/example_dags/example_setup_teardown.py for tasks to queue
[2024-09-08T06:59:19.696+0000] {logging_mixin.py:190} INFO - [2024-09-08T06:59:19.696+0000] {dagbag.py:587} INFO - Filling up the DagBag from /home/airflow/.local/lib/python3.12/site-packages/airflow/example_dags/example_setup_teardown.py
[2024-09-08T06:59:19.700+0000] {processor.py:925} INFO - DAG(s) 'example_setup_teardown' retrieved from /home/airflow/.local/lib/python3.12/site-packages/airflow/example_dags/example_setup_teardown.py
[2024-09-08T06:59:19.714+0000] {logging_mixin.py:190} INFO - [2024-09-08T06:59:19.714+0000] {dag.py:3229} INFO - Sync 1 DAGs
[2024-09-08T06:59:19.722+0000] {logging_mixin.py:190} INFO - [2024-09-08T06:59:19.722+0000] {dag.py:4156} INFO - Setting next_dagrun for example_setup_teardown to None, run_after=None
[2024-09-08T06:59:19.734+0000] {processor.py:208} INFO - Processing /home/airflow/.local/lib/python3.12/site-packages/airflow/example_dags/example_setup_teardown.py took 0.041 seconds
[2024-09-08T06:59:50.520+0000] {processor.py:186} INFO - Started process (PID=2550) to work on /home/airflow/.local/lib/python3.12/site-packages/airflow/example_dags/example_setup_teardown.py
[2024-09-08T06:59:50.521+0000] {processor.py:914} INFO - Processing file /home/airflow/.local/lib/python3.12/site-packages/airflow/example_dags/example_setup_teardown.py for tasks to queue
[2024-09-08T06:59:50.522+0000] {logging_mixin.py:190} INFO - [2024-09-08T06:59:50.522+0000] {dagbag.py:587} INFO - Filling up the DagBag from /home/airflow/.local/lib/python3.12/site-packages/airflow/example_dags/example_setup_teardown.py
[2024-09-08T06:59:50.527+0000] {processor.py:925} INFO - DAG(s) 'example_setup_teardown' retrieved from /home/airflow/.local/lib/python3.12/site-packages/airflow/example_dags/example_setup_teardown.py
[2024-09-08T06:59:50.543+0000] {logging_mixin.py:190} INFO - [2024-09-08T06:59:50.542+0000] {dag.py:3229} INFO - Sync 1 DAGs
[2024-09-08T06:59:50.550+0000] {logging_mixin.py:190} INFO - [2024-09-08T06:59:50.550+0000] {dag.py:4156} INFO - Setting next_dagrun for example_setup_teardown to None, run_after=None
[2024-09-08T06:59:50.561+0000] {processor.py:208} INFO - Processing /home/airflow/.local/lib/python3.12/site-packages/airflow/example_dags/example_setup_teardown.py took 0.044 seconds
[2024-09-08T07:00:21.213+0000] {processor.py:186} INFO - Started process (PID=2612) to work on /home/airflow/.local/lib/python3.12/site-packages/airflow/example_dags/example_setup_teardown.py
[2024-09-08T07:00:21.214+0000] {processor.py:914} INFO - Processing file /home/airflow/.local/lib/python3.12/site-packages/airflow/example_dags/example_setup_teardown.py for tasks to queue
[2024-09-08T07:00:21.215+0000] {logging_mixin.py:190} INFO - [2024-09-08T07:00:21.215+0000] {dagbag.py:587} INFO - Filling up the DagBag from /home/airflow/.local/lib/python3.12/site-packages/airflow/example_dags/example_setup_teardown.py
[2024-09-08T07:00:21.219+0000] {processor.py:925} INFO - DAG(s) 'example_setup_teardown' retrieved from /home/airflow/.local/lib/python3.12/site-packages/airflow/example_dags/example_setup_teardown.py
[2024-09-08T07:00:21.232+0000] {logging_mixin.py:190} INFO - [2024-09-08T07:00:21.232+0000] {dag.py:3229} INFO - Sync 1 DAGs
[2024-09-08T07:00:21.242+0000] {logging_mixin.py:190} INFO - [2024-09-08T07:00:21.242+0000] {dag.py:4156} INFO - Setting next_dagrun for example_setup_teardown to None, run_after=None
[2024-09-08T07:00:21.253+0000] {processor.py:208} INFO - Processing /home/airflow/.local/lib/python3.12/site-packages/airflow/example_dags/example_setup_teardown.py took 0.043 seconds
[2024-09-08T07:00:51.877+0000] {processor.py:186} INFO - Started process (PID=2674) to work on /home/airflow/.local/lib/python3.12/site-packages/airflow/example_dags/example_setup_teardown.py
[2024-09-08T07:00:51.878+0000] {processor.py:914} INFO - Processing file /home/airflow/.local/lib/python3.12/site-packages/airflow/example_dags/example_setup_teardown.py for tasks to queue
[2024-09-08T07:00:51.879+0000] {logging_mixin.py:190} INFO - [2024-09-08T07:00:51.879+0000] {dagbag.py:587} INFO - Filling up the DagBag from /home/airflow/.local/lib/python3.12/site-packages/airflow/example_dags/example_setup_teardown.py
[2024-09-08T07:00:51.883+0000] {processor.py:925} INFO - DAG(s) 'example_setup_teardown' retrieved from /home/airflow/.local/lib/python3.12/site-packages/airflow/example_dags/example_setup_teardown.py
[2024-09-08T07:00:51.898+0000] {logging_mixin.py:190} INFO - [2024-09-08T07:00:51.898+0000] {dag.py:3229} INFO - Sync 1 DAGs
[2024-09-08T07:00:51.908+0000] {logging_mixin.py:190} INFO - [2024-09-08T07:00:51.908+0000] {dag.py:4156} INFO - Setting next_dagrun for example_setup_teardown to None, run_after=None
[2024-09-08T07:00:51.917+0000] {processor.py:208} INFO - Processing /home/airflow/.local/lib/python3.12/site-packages/airflow/example_dags/example_setup_teardown.py took 0.043 seconds
[2024-09-08T07:01:22.643+0000] {processor.py:186} INFO - Started process (PID=2736) to work on /home/airflow/.local/lib/python3.12/site-packages/airflow/example_dags/example_setup_teardown.py
[2024-09-08T07:01:22.644+0000] {processor.py:914} INFO - Processing file /home/airflow/.local/lib/python3.12/site-packages/airflow/example_dags/example_setup_teardown.py for tasks to queue
[2024-09-08T07:01:22.645+0000] {logging_mixin.py:190} INFO - [2024-09-08T07:01:22.645+0000] {dagbag.py:587} INFO - Filling up the DagBag from /home/airflow/.local/lib/python3.12/site-packages/airflow/example_dags/example_setup_teardown.py
[2024-09-08T07:01:22.650+0000] {processor.py:925} INFO - DAG(s) 'example_setup_teardown' retrieved from /home/airflow/.local/lib/python3.12/site-packages/airflow/example_dags/example_setup_teardown.py
[2024-09-08T07:01:22.665+0000] {logging_mixin.py:190} INFO - [2024-09-08T07:01:22.665+0000] {dag.py:3229} INFO - Sync 1 DAGs
[2024-09-08T07:01:22.673+0000] {logging_mixin.py:190} INFO - [2024-09-08T07:01:22.672+0000] {dag.py:4156} INFO - Setting next_dagrun for example_setup_teardown to None, run_after=None
[2024-09-08T07:01:22.684+0000] {processor.py:208} INFO - Processing /home/airflow/.local/lib/python3.12/site-packages/airflow/example_dags/example_setup_teardown.py took 0.045 seconds
[2024-09-08T07:01:53.739+0000] {processor.py:186} INFO - Started process (PID=2798) to work on /home/airflow/.local/lib/python3.12/site-packages/airflow/example_dags/example_setup_teardown.py
[2024-09-08T07:01:53.739+0000] {processor.py:914} INFO - Processing file /home/airflow/.local/lib/python3.12/site-packages/airflow/example_dags/example_setup_teardown.py for tasks to queue
[2024-09-08T07:01:53.741+0000] {logging_mixin.py:190} INFO - [2024-09-08T07:01:53.741+0000] {dagbag.py:587} INFO - Filling up the DagBag from /home/airflow/.local/lib/python3.12/site-packages/airflow/example_dags/example_setup_teardown.py
[2024-09-08T07:01:53.745+0000] {processor.py:925} INFO - DAG(s) 'example_setup_teardown' retrieved from /home/airflow/.local/lib/python3.12/site-packages/airflow/example_dags/example_setup_teardown.py
[2024-09-08T07:01:53.759+0000] {logging_mixin.py:190} INFO - [2024-09-08T07:01:53.759+0000] {dag.py:3229} INFO - Sync 1 DAGs
[2024-09-08T07:01:53.769+0000] {logging_mixin.py:190} INFO - [2024-09-08T07:01:53.769+0000] {dag.py:4156} INFO - Setting next_dagrun for example_setup_teardown to None, run_after=None
[2024-09-08T07:01:53.782+0000] {processor.py:208} INFO - Processing /home/airflow/.local/lib/python3.12/site-packages/airflow/example_dags/example_setup_teardown.py took 0.046 seconds
[2024-09-08T07:02:24.695+0000] {processor.py:186} INFO - Started process (PID=2860) to work on /home/airflow/.local/lib/python3.12/site-packages/airflow/example_dags/example_setup_teardown.py
[2024-09-08T07:02:24.695+0000] {processor.py:914} INFO - Processing file /home/airflow/.local/lib/python3.12/site-packages/airflow/example_dags/example_setup_teardown.py for tasks to queue
[2024-09-08T07:02:24.696+0000] {logging_mixin.py:190} INFO - [2024-09-08T07:02:24.696+0000] {dagbag.py:587} INFO - Filling up the DagBag from /home/airflow/.local/lib/python3.12/site-packages/airflow/example_dags/example_setup_teardown.py
[2024-09-08T07:02:24.700+0000] {processor.py:925} INFO - DAG(s) 'example_setup_teardown' retrieved from /home/airflow/.local/lib/python3.12/site-packages/airflow/example_dags/example_setup_teardown.py
[2024-09-08T07:02:24.714+0000] {logging_mixin.py:190} INFO - [2024-09-08T07:02:24.713+0000] {dag.py:3229} INFO - Sync 1 DAGs
[2024-09-08T07:02:24.720+0000] {logging_mixin.py:190} INFO - [2024-09-08T07:02:24.720+0000] {dag.py:4156} INFO - Setting next_dagrun for example_setup_teardown to None, run_after=None
[2024-09-08T07:02:24.730+0000] {processor.py:208} INFO - Processing /home/airflow/.local/lib/python3.12/site-packages/airflow/example_dags/example_setup_teardown.py took 0.038 seconds
[2024-09-08T07:02:56.034+0000] {processor.py:186} INFO - Started process (PID=2922) to work on /home/airflow/.local/lib/python3.12/site-packages/airflow/example_dags/example_setup_teardown.py
[2024-09-08T07:02:56.034+0000] {processor.py:914} INFO - Processing file /home/airflow/.local/lib/python3.12/site-packages/airflow/example_dags/example_setup_teardown.py for tasks to queue
[2024-09-08T07:02:56.035+0000] {logging_mixin.py:190} INFO - [2024-09-08T07:02:56.035+0000] {dagbag.py:587} INFO - Filling up the DagBag from /home/airflow/.local/lib/python3.12/site-packages/airflow/example_dags/example_setup_teardown.py
[2024-09-08T07:02:56.039+0000] {processor.py:925} INFO - DAG(s) 'example_setup_teardown' retrieved from /home/airflow/.local/lib/python3.12/site-packages/airflow/example_dags/example_setup_teardown.py
[2024-09-08T07:02:56.054+0000] {logging_mixin.py:190} INFO - [2024-09-08T07:02:56.053+0000] {dag.py:3229} INFO - Sync 1 DAGs
[2024-09-08T07:02:56.062+0000] {logging_mixin.py:190} INFO - [2024-09-08T07:02:56.062+0000] {dag.py:4156} INFO - Setting next_dagrun for example_setup_teardown to None, run_after=None
[2024-09-08T07:02:56.076+0000] {processor.py:208} INFO - Processing /home/airflow/.local/lib/python3.12/site-packages/airflow/example_dags/example_setup_teardown.py took 0.045 seconds
[2024-09-08T07:03:26.724+0000] {processor.py:186} INFO - Started process (PID=2984) to work on /home/airflow/.local/lib/python3.12/site-packages/airflow/example_dags/example_setup_teardown.py
[2024-09-08T07:03:26.724+0000] {processor.py:914} INFO - Processing file /home/airflow/.local/lib/python3.12/site-packages/airflow/example_dags/example_setup_teardown.py for tasks to queue
[2024-09-08T07:03:26.726+0000] {logging_mixin.py:190} INFO - [2024-09-08T07:03:26.725+0000] {dagbag.py:587} INFO - Filling up the DagBag from /home/airflow/.local/lib/python3.12/site-packages/airflow/example_dags/example_setup_teardown.py
[2024-09-08T07:03:26.730+0000] {processor.py:925} INFO - DAG(s) 'example_setup_teardown' retrieved from /home/airflow/.local/lib/python3.12/site-packages/airflow/example_dags/example_setup_teardown.py
[2024-09-08T07:03:26.745+0000] {logging_mixin.py:190} INFO - [2024-09-08T07:03:26.744+0000] {dag.py:3229} INFO - Sync 1 DAGs
[2024-09-08T07:03:26.859+0000] {logging_mixin.py:190} INFO - [2024-09-08T07:03:26.859+0000] {dag.py:4156} INFO - Setting next_dagrun for example_setup_teardown to None, run_after=None
[2024-09-08T07:03:26.868+0000] {processor.py:208} INFO - Processing /home/airflow/.local/lib/python3.12/site-packages/airflow/example_dags/example_setup_teardown.py took 0.148 seconds
[2024-09-08T07:03:57.104+0000] {processor.py:186} INFO - Started process (PID=3047) to work on /home/airflow/.local/lib/python3.12/site-packages/airflow/example_dags/example_setup_teardown.py
[2024-09-08T07:03:57.104+0000] {processor.py:914} INFO - Processing file /home/airflow/.local/lib/python3.12/site-packages/airflow/example_dags/example_setup_teardown.py for tasks to queue
[2024-09-08T07:03:57.105+0000] {logging_mixin.py:190} INFO - [2024-09-08T07:03:57.105+0000] {dagbag.py:587} INFO - Filling up the DagBag from /home/airflow/.local/lib/python3.12/site-packages/airflow/example_dags/example_setup_teardown.py
[2024-09-08T07:03:57.110+0000] {processor.py:925} INFO - DAG(s) 'example_setup_teardown' retrieved from /home/airflow/.local/lib/python3.12/site-packages/airflow/example_dags/example_setup_teardown.py
[2024-09-08T07:03:57.125+0000] {logging_mixin.py:190} INFO - [2024-09-08T07:03:57.125+0000] {dag.py:3229} INFO - Sync 1 DAGs
[2024-09-08T07:03:57.136+0000] {logging_mixin.py:190} INFO - [2024-09-08T07:03:57.136+0000] {dag.py:4156} INFO - Setting next_dagrun for example_setup_teardown to None, run_after=None
[2024-09-08T07:03:57.149+0000] {processor.py:208} INFO - Processing /home/airflow/.local/lib/python3.12/site-packages/airflow/example_dags/example_setup_teardown.py took 0.049 seconds
[2024-09-08T07:04:27.336+0000] {processor.py:186} INFO - Started process (PID=3108) to work on /home/airflow/.local/lib/python3.12/site-packages/airflow/example_dags/example_setup_teardown.py
[2024-09-08T07:04:27.336+0000] {processor.py:914} INFO - Processing file /home/airflow/.local/lib/python3.12/site-packages/airflow/example_dags/example_setup_teardown.py for tasks to queue
[2024-09-08T07:04:27.337+0000] {logging_mixin.py:190} INFO - [2024-09-08T07:04:27.337+0000] {dagbag.py:587} INFO - Filling up the DagBag from /home/airflow/.local/lib/python3.12/site-packages/airflow/example_dags/example_setup_teardown.py
[2024-09-08T07:04:27.341+0000] {processor.py:925} INFO - DAG(s) 'example_setup_teardown' retrieved from /home/airflow/.local/lib/python3.12/site-packages/airflow/example_dags/example_setup_teardown.py
[2024-09-08T07:04:27.355+0000] {logging_mixin.py:190} INFO - [2024-09-08T07:04:27.355+0000] {dag.py:3229} INFO - Sync 1 DAGs
[2024-09-08T07:04:27.364+0000] {logging_mixin.py:190} INFO - [2024-09-08T07:04:27.363+0000] {dag.py:4156} INFO - Setting next_dagrun for example_setup_teardown to None, run_after=None
[2024-09-08T07:04:27.376+0000] {processor.py:208} INFO - Processing /home/airflow/.local/lib/python3.12/site-packages/airflow/example_dags/example_setup_teardown.py took 0.043 seconds
[2024-09-08T07:04:57.730+0000] {processor.py:186} INFO - Started process (PID=3170) to work on /home/airflow/.local/lib/python3.12/site-packages/airflow/example_dags/example_setup_teardown.py
[2024-09-08T07:04:57.730+0000] {processor.py:914} INFO - Processing file /home/airflow/.local/lib/python3.12/site-packages/airflow/example_dags/example_setup_teardown.py for tasks to queue
[2024-09-08T07:04:57.732+0000] {logging_mixin.py:190} INFO - [2024-09-08T07:04:57.731+0000] {dagbag.py:587} INFO - Filling up the DagBag from /home/airflow/.local/lib/python3.12/site-packages/airflow/example_dags/example_setup_teardown.py
[2024-09-08T07:04:57.736+0000] {processor.py:925} INFO - DAG(s) 'example_setup_teardown' retrieved from /home/airflow/.local/lib/python3.12/site-packages/airflow/example_dags/example_setup_teardown.py
[2024-09-08T07:04:57.748+0000] {logging_mixin.py:190} INFO - [2024-09-08T07:04:57.748+0000] {dag.py:3229} INFO - Sync 1 DAGs
[2024-09-08T07:04:57.756+0000] {logging_mixin.py:190} INFO - [2024-09-08T07:04:57.755+0000] {dag.py:4156} INFO - Setting next_dagrun for example_setup_teardown to None, run_after=None
[2024-09-08T07:04:57.766+0000] {processor.py:208} INFO - Processing /home/airflow/.local/lib/python3.12/site-packages/airflow/example_dags/example_setup_teardown.py took 0.040 seconds
[2024-09-08T07:05:28.097+0000] {processor.py:186} INFO - Started process (PID=3232) to work on /home/airflow/.local/lib/python3.12/site-packages/airflow/example_dags/example_setup_teardown.py
[2024-09-08T07:05:28.098+0000] {processor.py:914} INFO - Processing file /home/airflow/.local/lib/python3.12/site-packages/airflow/example_dags/example_setup_teardown.py for tasks to queue
[2024-09-08T07:05:28.099+0000] {logging_mixin.py:190} INFO - [2024-09-08T07:05:28.099+0000] {dagbag.py:587} INFO - Filling up the DagBag from /home/airflow/.local/lib/python3.12/site-packages/airflow/example_dags/example_setup_teardown.py
[2024-09-08T07:05:28.104+0000] {processor.py:925} INFO - DAG(s) 'example_setup_teardown' retrieved from /home/airflow/.local/lib/python3.12/site-packages/airflow/example_dags/example_setup_teardown.py
[2024-09-08T07:05:28.117+0000] {logging_mixin.py:190} INFO - [2024-09-08T07:05:28.117+0000] {dag.py:3229} INFO - Sync 1 DAGs
[2024-09-08T07:05:28.125+0000] {logging_mixin.py:190} INFO - [2024-09-08T07:05:28.125+0000] {dag.py:4156} INFO - Setting next_dagrun for example_setup_teardown to None, run_after=None
[2024-09-08T07:05:28.135+0000] {processor.py:208} INFO - Processing /home/airflow/.local/lib/python3.12/site-packages/airflow/example_dags/example_setup_teardown.py took 0.042 seconds
[2024-09-08T07:05:59.040+0000] {processor.py:186} INFO - Started process (PID=3294) to work on /home/airflow/.local/lib/python3.12/site-packages/airflow/example_dags/example_setup_teardown.py
[2024-09-08T07:05:59.040+0000] {processor.py:914} INFO - Processing file /home/airflow/.local/lib/python3.12/site-packages/airflow/example_dags/example_setup_teardown.py for tasks to queue
[2024-09-08T07:05:59.041+0000] {logging_mixin.py:190} INFO - [2024-09-08T07:05:59.041+0000] {dagbag.py:587} INFO - Filling up the DagBag from /home/airflow/.local/lib/python3.12/site-packages/airflow/example_dags/example_setup_teardown.py
[2024-09-08T07:05:59.046+0000] {processor.py:925} INFO - DAG(s) 'example_setup_teardown' retrieved from /home/airflow/.local/lib/python3.12/site-packages/airflow/example_dags/example_setup_teardown.py
[2024-09-08T07:05:59.059+0000] {logging_mixin.py:190} INFO - [2024-09-08T07:05:59.059+0000] {dag.py:3229} INFO - Sync 1 DAGs
[2024-09-08T07:05:59.067+0000] {logging_mixin.py:190} INFO - [2024-09-08T07:05:59.067+0000] {dag.py:4156} INFO - Setting next_dagrun for example_setup_teardown to None, run_after=None
[2024-09-08T07:05:59.077+0000] {processor.py:208} INFO - Processing /home/airflow/.local/lib/python3.12/site-packages/airflow/example_dags/example_setup_teardown.py took 0.041 seconds
[2024-09-08T07:06:29.397+0000] {processor.py:186} INFO - Started process (PID=3356) to work on /home/airflow/.local/lib/python3.12/site-packages/airflow/example_dags/example_setup_teardown.py
[2024-09-08T07:06:29.398+0000] {processor.py:914} INFO - Processing file /home/airflow/.local/lib/python3.12/site-packages/airflow/example_dags/example_setup_teardown.py for tasks to queue
[2024-09-08T07:06:29.400+0000] {logging_mixin.py:190} INFO - [2024-09-08T07:06:29.400+0000] {dagbag.py:587} INFO - Filling up the DagBag from /home/airflow/.local/lib/python3.12/site-packages/airflow/example_dags/example_setup_teardown.py
[2024-09-08T07:06:29.405+0000] {processor.py:925} INFO - DAG(s) 'example_setup_teardown' retrieved from /home/airflow/.local/lib/python3.12/site-packages/airflow/example_dags/example_setup_teardown.py
[2024-09-08T07:06:29.420+0000] {logging_mixin.py:190} INFO - [2024-09-08T07:06:29.420+0000] {dag.py:3229} INFO - Sync 1 DAGs
[2024-09-08T07:06:29.432+0000] {logging_mixin.py:190} INFO - [2024-09-08T07:06:29.431+0000] {dag.py:4156} INFO - Setting next_dagrun for example_setup_teardown to None, run_after=None
[2024-09-08T07:06:29.447+0000] {processor.py:208} INFO - Processing /home/airflow/.local/lib/python3.12/site-packages/airflow/example_dags/example_setup_teardown.py took 0.053 seconds
[2024-09-08T07:06:59.996+0000] {processor.py:186} INFO - Started process (PID=3418) to work on /home/airflow/.local/lib/python3.12/site-packages/airflow/example_dags/example_setup_teardown.py
[2024-09-08T07:06:59.996+0000] {processor.py:914} INFO - Processing file /home/airflow/.local/lib/python3.12/site-packages/airflow/example_dags/example_setup_teardown.py for tasks to queue
[2024-09-08T07:06:59.997+0000] {logging_mixin.py:190} INFO - [2024-09-08T07:06:59.997+0000] {dagbag.py:587} INFO - Filling up the DagBag from /home/airflow/.local/lib/python3.12/site-packages/airflow/example_dags/example_setup_teardown.py
[2024-09-08T07:07:00.002+0000] {processor.py:925} INFO - DAG(s) 'example_setup_teardown' retrieved from /home/airflow/.local/lib/python3.12/site-packages/airflow/example_dags/example_setup_teardown.py
[2024-09-08T07:07:00.014+0000] {logging_mixin.py:190} INFO - [2024-09-08T07:07:00.014+0000] {dag.py:3229} INFO - Sync 1 DAGs
[2024-09-08T07:07:00.022+0000] {logging_mixin.py:190} INFO - [2024-09-08T07:07:00.022+0000] {dag.py:4156} INFO - Setting next_dagrun for example_setup_teardown to None, run_after=None
[2024-09-08T07:07:00.035+0000] {processor.py:208} INFO - Processing /home/airflow/.local/lib/python3.12/site-packages/airflow/example_dags/example_setup_teardown.py took 0.043 seconds
[2024-09-08T07:07:30.416+0000] {processor.py:186} INFO - Started process (PID=3480) to work on /home/airflow/.local/lib/python3.12/site-packages/airflow/example_dags/example_setup_teardown.py
[2024-09-08T07:07:30.417+0000] {processor.py:914} INFO - Processing file /home/airflow/.local/lib/python3.12/site-packages/airflow/example_dags/example_setup_teardown.py for tasks to queue
[2024-09-08T07:07:30.418+0000] {logging_mixin.py:190} INFO - [2024-09-08T07:07:30.418+0000] {dagbag.py:587} INFO - Filling up the DagBag from /home/airflow/.local/lib/python3.12/site-packages/airflow/example_dags/example_setup_teardown.py
[2024-09-08T07:07:30.423+0000] {processor.py:925} INFO - DAG(s) 'example_setup_teardown' retrieved from /home/airflow/.local/lib/python3.12/site-packages/airflow/example_dags/example_setup_teardown.py
[2024-09-08T07:07:30.437+0000] {logging_mixin.py:190} INFO - [2024-09-08T07:07:30.437+0000] {dag.py:3229} INFO - Sync 1 DAGs
[2024-09-08T07:07:30.447+0000] {logging_mixin.py:190} INFO - [2024-09-08T07:07:30.447+0000] {dag.py:4156} INFO - Setting next_dagrun for example_setup_teardown to None, run_after=None
[2024-09-08T07:07:30.460+0000] {processor.py:208} INFO - Processing /home/airflow/.local/lib/python3.12/site-packages/airflow/example_dags/example_setup_teardown.py took 0.047 seconds
[2024-09-08T07:08:00.793+0000] {processor.py:186} INFO - Started process (PID=3542) to work on /home/airflow/.local/lib/python3.12/site-packages/airflow/example_dags/example_setup_teardown.py
[2024-09-08T07:08:00.794+0000] {processor.py:914} INFO - Processing file /home/airflow/.local/lib/python3.12/site-packages/airflow/example_dags/example_setup_teardown.py for tasks to queue
[2024-09-08T07:08:00.795+0000] {logging_mixin.py:190} INFO - [2024-09-08T07:08:00.795+0000] {dagbag.py:587} INFO - Filling up the DagBag from /home/airflow/.local/lib/python3.12/site-packages/airflow/example_dags/example_setup_teardown.py
[2024-09-08T07:08:00.801+0000] {processor.py:925} INFO - DAG(s) 'example_setup_teardown' retrieved from /home/airflow/.local/lib/python3.12/site-packages/airflow/example_dags/example_setup_teardown.py
[2024-09-08T07:08:00.816+0000] {logging_mixin.py:190} INFO - [2024-09-08T07:08:00.816+0000] {dag.py:3229} INFO - Sync 1 DAGs
[2024-09-08T07:08:00.825+0000] {logging_mixin.py:190} INFO - [2024-09-08T07:08:00.825+0000] {dag.py:4156} INFO - Setting next_dagrun for example_setup_teardown to None, run_after=None
[2024-09-08T07:08:00.838+0000] {processor.py:208} INFO - Processing /home/airflow/.local/lib/python3.12/site-packages/airflow/example_dags/example_setup_teardown.py took 0.049 seconds
[2024-09-08T07:08:31.312+0000] {processor.py:186} INFO - Started process (PID=3604) to work on /home/airflow/.local/lib/python3.12/site-packages/airflow/example_dags/example_setup_teardown.py
[2024-09-08T07:08:31.313+0000] {processor.py:914} INFO - Processing file /home/airflow/.local/lib/python3.12/site-packages/airflow/example_dags/example_setup_teardown.py for tasks to queue
[2024-09-08T07:08:31.314+0000] {logging_mixin.py:190} INFO - [2024-09-08T07:08:31.314+0000] {dagbag.py:587} INFO - Filling up the DagBag from /home/airflow/.local/lib/python3.12/site-packages/airflow/example_dags/example_setup_teardown.py
[2024-09-08T07:08:31.319+0000] {processor.py:925} INFO - DAG(s) 'example_setup_teardown' retrieved from /home/airflow/.local/lib/python3.12/site-packages/airflow/example_dags/example_setup_teardown.py
[2024-09-08T07:08:31.332+0000] {logging_mixin.py:190} INFO - [2024-09-08T07:08:31.332+0000] {dag.py:3229} INFO - Sync 1 DAGs
[2024-09-08T07:08:31.340+0000] {logging_mixin.py:190} INFO - [2024-09-08T07:08:31.340+0000] {dag.py:4156} INFO - Setting next_dagrun for example_setup_teardown to None, run_after=None
[2024-09-08T07:08:31.353+0000] {processor.py:208} INFO - Processing /home/airflow/.local/lib/python3.12/site-packages/airflow/example_dags/example_setup_teardown.py took 0.045 seconds
[2024-09-08T07:09:02.029+0000] {processor.py:186} INFO - Started process (PID=3666) to work on /home/airflow/.local/lib/python3.12/site-packages/airflow/example_dags/example_setup_teardown.py
[2024-09-08T07:09:02.029+0000] {processor.py:914} INFO - Processing file /home/airflow/.local/lib/python3.12/site-packages/airflow/example_dags/example_setup_teardown.py for tasks to queue
[2024-09-08T07:09:02.031+0000] {logging_mixin.py:190} INFO - [2024-09-08T07:09:02.030+0000] {dagbag.py:587} INFO - Filling up the DagBag from /home/airflow/.local/lib/python3.12/site-packages/airflow/example_dags/example_setup_teardown.py
[2024-09-08T07:09:02.035+0000] {processor.py:925} INFO - DAG(s) 'example_setup_teardown' retrieved from /home/airflow/.local/lib/python3.12/site-packages/airflow/example_dags/example_setup_teardown.py
[2024-09-08T07:09:02.050+0000] {logging_mixin.py:190} INFO - [2024-09-08T07:09:02.050+0000] {dag.py:3229} INFO - Sync 1 DAGs
[2024-09-08T07:09:02.061+0000] {logging_mixin.py:190} INFO - [2024-09-08T07:09:02.061+0000] {dag.py:4156} INFO - Setting next_dagrun for example_setup_teardown to None, run_after=None
[2024-09-08T07:09:02.073+0000] {processor.py:208} INFO - Processing /home/airflow/.local/lib/python3.12/site-packages/airflow/example_dags/example_setup_teardown.py took 0.047 seconds
[2024-09-08T07:09:32.401+0000] {processor.py:186} INFO - Started process (PID=3728) to work on /home/airflow/.local/lib/python3.12/site-packages/airflow/example_dags/example_setup_teardown.py
[2024-09-08T07:09:32.402+0000] {processor.py:914} INFO - Processing file /home/airflow/.local/lib/python3.12/site-packages/airflow/example_dags/example_setup_teardown.py for tasks to queue
[2024-09-08T07:09:32.403+0000] {logging_mixin.py:190} INFO - [2024-09-08T07:09:32.403+0000] {dagbag.py:587} INFO - Filling up the DagBag from /home/airflow/.local/lib/python3.12/site-packages/airflow/example_dags/example_setup_teardown.py
[2024-09-08T07:09:32.412+0000] {processor.py:925} INFO - DAG(s) 'example_setup_teardown' retrieved from /home/airflow/.local/lib/python3.12/site-packages/airflow/example_dags/example_setup_teardown.py
[2024-09-08T07:09:32.429+0000] {logging_mixin.py:190} INFO - [2024-09-08T07:09:32.429+0000] {dag.py:3229} INFO - Sync 1 DAGs
[2024-09-08T07:09:32.444+0000] {logging_mixin.py:190} INFO - [2024-09-08T07:09:32.444+0000] {dag.py:4156} INFO - Setting next_dagrun for example_setup_teardown to None, run_after=None
[2024-09-08T07:09:32.458+0000] {processor.py:208} INFO - Processing /home/airflow/.local/lib/python3.12/site-packages/airflow/example_dags/example_setup_teardown.py took 0.061 seconds
[2024-09-08T07:10:02.916+0000] {processor.py:186} INFO - Started process (PID=3790) to work on /home/airflow/.local/lib/python3.12/site-packages/airflow/example_dags/example_setup_teardown.py
[2024-09-08T07:10:02.917+0000] {processor.py:914} INFO - Processing file /home/airflow/.local/lib/python3.12/site-packages/airflow/example_dags/example_setup_teardown.py for tasks to queue
[2024-09-08T07:10:02.918+0000] {logging_mixin.py:190} INFO - [2024-09-08T07:10:02.918+0000] {dagbag.py:587} INFO - Filling up the DagBag from /home/airflow/.local/lib/python3.12/site-packages/airflow/example_dags/example_setup_teardown.py
[2024-09-08T07:10:02.923+0000] {processor.py:925} INFO - DAG(s) 'example_setup_teardown' retrieved from /home/airflow/.local/lib/python3.12/site-packages/airflow/example_dags/example_setup_teardown.py
[2024-09-08T07:10:02.938+0000] {logging_mixin.py:190} INFO - [2024-09-08T07:10:02.938+0000] {dag.py:3229} INFO - Sync 1 DAGs
[2024-09-08T07:10:02.948+0000] {logging_mixin.py:190} INFO - [2024-09-08T07:10:02.948+0000] {dag.py:4156} INFO - Setting next_dagrun for example_setup_teardown to None, run_after=None
[2024-09-08T07:10:02.961+0000] {processor.py:208} INFO - Processing /home/airflow/.local/lib/python3.12/site-packages/airflow/example_dags/example_setup_teardown.py took 0.049 seconds
[2024-09-08T07:10:33.487+0000] {processor.py:186} INFO - Started process (PID=3852) to work on /home/airflow/.local/lib/python3.12/site-packages/airflow/example_dags/example_setup_teardown.py
[2024-09-08T07:10:33.487+0000] {processor.py:914} INFO - Processing file /home/airflow/.local/lib/python3.12/site-packages/airflow/example_dags/example_setup_teardown.py for tasks to queue
[2024-09-08T07:10:33.488+0000] {logging_mixin.py:190} INFO - [2024-09-08T07:10:33.488+0000] {dagbag.py:587} INFO - Filling up the DagBag from /home/airflow/.local/lib/python3.12/site-packages/airflow/example_dags/example_setup_teardown.py
[2024-09-08T07:10:33.492+0000] {processor.py:925} INFO - DAG(s) 'example_setup_teardown' retrieved from /home/airflow/.local/lib/python3.12/site-packages/airflow/example_dags/example_setup_teardown.py
[2024-09-08T07:10:33.507+0000] {logging_mixin.py:190} INFO - [2024-09-08T07:10:33.507+0000] {dag.py:3229} INFO - Sync 1 DAGs
[2024-09-08T07:10:33.516+0000] {logging_mixin.py:190} INFO - [2024-09-08T07:10:33.515+0000] {dag.py:4156} INFO - Setting next_dagrun for example_setup_teardown to None, run_after=None
[2024-09-08T07:10:33.526+0000] {processor.py:208} INFO - Processing /home/airflow/.local/lib/python3.12/site-packages/airflow/example_dags/example_setup_teardown.py took 0.042 seconds
[2024-09-08T07:11:03.931+0000] {processor.py:186} INFO - Started process (PID=3914) to work on /home/airflow/.local/lib/python3.12/site-packages/airflow/example_dags/example_setup_teardown.py
[2024-09-08T07:11:03.931+0000] {processor.py:914} INFO - Processing file /home/airflow/.local/lib/python3.12/site-packages/airflow/example_dags/example_setup_teardown.py for tasks to queue
[2024-09-08T07:11:03.933+0000] {logging_mixin.py:190} INFO - [2024-09-08T07:11:03.932+0000] {dagbag.py:587} INFO - Filling up the DagBag from /home/airflow/.local/lib/python3.12/site-packages/airflow/example_dags/example_setup_teardown.py
[2024-09-08T07:11:03.937+0000] {processor.py:925} INFO - DAG(s) 'example_setup_teardown' retrieved from /home/airflow/.local/lib/python3.12/site-packages/airflow/example_dags/example_setup_teardown.py
[2024-09-08T07:11:03.949+0000] {logging_mixin.py:190} INFO - [2024-09-08T07:11:03.949+0000] {dag.py:3229} INFO - Sync 1 DAGs
[2024-09-08T07:11:03.957+0000] {logging_mixin.py:190} INFO - [2024-09-08T07:11:03.957+0000] {dag.py:4156} INFO - Setting next_dagrun for example_setup_teardown to None, run_after=None
[2024-09-08T07:11:03.967+0000] {processor.py:208} INFO - Processing /home/airflow/.local/lib/python3.12/site-packages/airflow/example_dags/example_setup_teardown.py took 0.039 seconds
[2024-09-08T07:11:34.484+0000] {processor.py:186} INFO - Started process (PID=3976) to work on /home/airflow/.local/lib/python3.12/site-packages/airflow/example_dags/example_setup_teardown.py
[2024-09-08T07:11:34.485+0000] {processor.py:914} INFO - Processing file /home/airflow/.local/lib/python3.12/site-packages/airflow/example_dags/example_setup_teardown.py for tasks to queue
[2024-09-08T07:11:34.486+0000] {logging_mixin.py:190} INFO - [2024-09-08T07:11:34.486+0000] {dagbag.py:587} INFO - Filling up the DagBag from /home/airflow/.local/lib/python3.12/site-packages/airflow/example_dags/example_setup_teardown.py
[2024-09-08T07:11:34.492+0000] {processor.py:925} INFO - DAG(s) 'example_setup_teardown' retrieved from /home/airflow/.local/lib/python3.12/site-packages/airflow/example_dags/example_setup_teardown.py
[2024-09-08T07:11:34.506+0000] {logging_mixin.py:190} INFO - [2024-09-08T07:11:34.506+0000] {dag.py:3229} INFO - Sync 1 DAGs
[2024-09-08T07:11:34.516+0000] {logging_mixin.py:190} INFO - [2024-09-08T07:11:34.515+0000] {dag.py:4156} INFO - Setting next_dagrun for example_setup_teardown to None, run_after=None
[2024-09-08T07:11:34.527+0000] {processor.py:208} INFO - Processing /home/airflow/.local/lib/python3.12/site-packages/airflow/example_dags/example_setup_teardown.py took 0.047 seconds
[2024-09-08T07:16:39.478+0000] {processor.py:186} INFO - Started process (PID=4038) to work on /home/airflow/.local/lib/python3.12/site-packages/airflow/example_dags/example_setup_teardown.py
[2024-09-08T07:16:39.480+0000] {processor.py:914} INFO - Processing file /home/airflow/.local/lib/python3.12/site-packages/airflow/example_dags/example_setup_teardown.py for tasks to queue
[2024-09-08T07:16:39.481+0000] {logging_mixin.py:190} INFO - [2024-09-08T07:16:39.481+0000] {dagbag.py:587} INFO - Filling up the DagBag from /home/airflow/.local/lib/python3.12/site-packages/airflow/example_dags/example_setup_teardown.py
[2024-09-08T07:16:39.487+0000] {processor.py:925} INFO - DAG(s) 'example_setup_teardown' retrieved from /home/airflow/.local/lib/python3.12/site-packages/airflow/example_dags/example_setup_teardown.py
[2024-09-08T07:16:39.502+0000] {logging_mixin.py:190} INFO - [2024-09-08T07:16:39.502+0000] {dag.py:3229} INFO - Sync 1 DAGs
[2024-09-08T07:16:39.513+0000] {logging_mixin.py:190} INFO - [2024-09-08T07:16:39.513+0000] {dag.py:4156} INFO - Setting next_dagrun for example_setup_teardown to None, run_after=None
[2024-09-08T07:16:39.526+0000] {processor.py:208} INFO - Processing /home/airflow/.local/lib/python3.12/site-packages/airflow/example_dags/example_setup_teardown.py took 0.052 seconds
[2024-09-08T07:17:09.978+0000] {processor.py:186} INFO - Started process (PID=4100) to work on /home/airflow/.local/lib/python3.12/site-packages/airflow/example_dags/example_setup_teardown.py
[2024-09-08T07:17:09.978+0000] {processor.py:914} INFO - Processing file /home/airflow/.local/lib/python3.12/site-packages/airflow/example_dags/example_setup_teardown.py for tasks to queue
[2024-09-08T07:17:09.980+0000] {logging_mixin.py:190} INFO - [2024-09-08T07:17:09.979+0000] {dagbag.py:587} INFO - Filling up the DagBag from /home/airflow/.local/lib/python3.12/site-packages/airflow/example_dags/example_setup_teardown.py
[2024-09-08T07:17:09.985+0000] {processor.py:925} INFO - DAG(s) 'example_setup_teardown' retrieved from /home/airflow/.local/lib/python3.12/site-packages/airflow/example_dags/example_setup_teardown.py
[2024-09-08T07:17:09.999+0000] {logging_mixin.py:190} INFO - [2024-09-08T07:17:09.998+0000] {dag.py:3229} INFO - Sync 1 DAGs
[2024-09-08T07:17:10.008+0000] {logging_mixin.py:190} INFO - [2024-09-08T07:17:10.008+0000] {dag.py:4156} INFO - Setting next_dagrun for example_setup_teardown to None, run_after=None
[2024-09-08T07:17:10.019+0000] {processor.py:208} INFO - Processing /home/airflow/.local/lib/python3.12/site-packages/airflow/example_dags/example_setup_teardown.py took 0.046 seconds
[2024-09-08T07:17:40.599+0000] {processor.py:186} INFO - Started process (PID=4162) to work on /home/airflow/.local/lib/python3.12/site-packages/airflow/example_dags/example_setup_teardown.py
[2024-09-08T07:17:40.599+0000] {processor.py:914} INFO - Processing file /home/airflow/.local/lib/python3.12/site-packages/airflow/example_dags/example_setup_teardown.py for tasks to queue
[2024-09-08T07:17:40.600+0000] {logging_mixin.py:190} INFO - [2024-09-08T07:17:40.600+0000] {dagbag.py:587} INFO - Filling up the DagBag from /home/airflow/.local/lib/python3.12/site-packages/airflow/example_dags/example_setup_teardown.py
[2024-09-08T07:17:40.605+0000] {processor.py:925} INFO - DAG(s) 'example_setup_teardown' retrieved from /home/airflow/.local/lib/python3.12/site-packages/airflow/example_dags/example_setup_teardown.py
[2024-09-08T07:17:40.619+0000] {logging_mixin.py:190} INFO - [2024-09-08T07:17:40.618+0000] {dag.py:3229} INFO - Sync 1 DAGs
[2024-09-08T07:17:40.629+0000] {logging_mixin.py:190} INFO - [2024-09-08T07:17:40.629+0000] {dag.py:4156} INFO - Setting next_dagrun for example_setup_teardown to None, run_after=None
[2024-09-08T07:17:40.639+0000] {processor.py:208} INFO - Processing /home/airflow/.local/lib/python3.12/site-packages/airflow/example_dags/example_setup_teardown.py took 0.045 seconds
[2024-09-08T07:18:11.131+0000] {processor.py:186} INFO - Started process (PID=4224) to work on /home/airflow/.local/lib/python3.12/site-packages/airflow/example_dags/example_setup_teardown.py
[2024-09-08T07:18:11.131+0000] {processor.py:914} INFO - Processing file /home/airflow/.local/lib/python3.12/site-packages/airflow/example_dags/example_setup_teardown.py for tasks to queue
[2024-09-08T07:18:11.133+0000] {logging_mixin.py:190} INFO - [2024-09-08T07:18:11.132+0000] {dagbag.py:587} INFO - Filling up the DagBag from /home/airflow/.local/lib/python3.12/site-packages/airflow/example_dags/example_setup_teardown.py
[2024-09-08T07:18:11.138+0000] {processor.py:925} INFO - DAG(s) 'example_setup_teardown' retrieved from /home/airflow/.local/lib/python3.12/site-packages/airflow/example_dags/example_setup_teardown.py
[2024-09-08T07:18:11.151+0000] {logging_mixin.py:190} INFO - [2024-09-08T07:18:11.151+0000] {dag.py:3229} INFO - Sync 1 DAGs
[2024-09-08T07:18:11.162+0000] {logging_mixin.py:190} INFO - [2024-09-08T07:18:11.162+0000] {dag.py:4156} INFO - Setting next_dagrun for example_setup_teardown to None, run_after=None
[2024-09-08T07:18:11.174+0000] {processor.py:208} INFO - Processing /home/airflow/.local/lib/python3.12/site-packages/airflow/example_dags/example_setup_teardown.py took 0.047 seconds
[2024-09-08T07:18:41.735+0000] {processor.py:186} INFO - Started process (PID=4285) to work on /home/airflow/.local/lib/python3.12/site-packages/airflow/example_dags/example_setup_teardown.py
[2024-09-08T07:18:41.736+0000] {processor.py:914} INFO - Processing file /home/airflow/.local/lib/python3.12/site-packages/airflow/example_dags/example_setup_teardown.py for tasks to queue
[2024-09-08T07:18:41.737+0000] {logging_mixin.py:190} INFO - [2024-09-08T07:18:41.737+0000] {dagbag.py:587} INFO - Filling up the DagBag from /home/airflow/.local/lib/python3.12/site-packages/airflow/example_dags/example_setup_teardown.py
[2024-09-08T07:18:41.741+0000] {processor.py:925} INFO - DAG(s) 'example_setup_teardown' retrieved from /home/airflow/.local/lib/python3.12/site-packages/airflow/example_dags/example_setup_teardown.py
[2024-09-08T07:18:41.756+0000] {logging_mixin.py:190} INFO - [2024-09-08T07:18:41.756+0000] {dag.py:3229} INFO - Sync 1 DAGs
[2024-09-08T07:18:41.766+0000] {logging_mixin.py:190} INFO - [2024-09-08T07:18:41.766+0000] {dag.py:4156} INFO - Setting next_dagrun for example_setup_teardown to None, run_after=None
[2024-09-08T07:18:41.783+0000] {processor.py:208} INFO - Processing /home/airflow/.local/lib/python3.12/site-packages/airflow/example_dags/example_setup_teardown.py took 0.051 seconds
[2024-09-08T07:19:12.233+0000] {processor.py:186} INFO - Started process (PID=4348) to work on /home/airflow/.local/lib/python3.12/site-packages/airflow/example_dags/example_setup_teardown.py
[2024-09-08T07:19:12.234+0000] {processor.py:914} INFO - Processing file /home/airflow/.local/lib/python3.12/site-packages/airflow/example_dags/example_setup_teardown.py for tasks to queue
[2024-09-08T07:19:12.235+0000] {logging_mixin.py:190} INFO - [2024-09-08T07:19:12.235+0000] {dagbag.py:587} INFO - Filling up the DagBag from /home/airflow/.local/lib/python3.12/site-packages/airflow/example_dags/example_setup_teardown.py
[2024-09-08T07:19:12.239+0000] {processor.py:925} INFO - DAG(s) 'example_setup_teardown' retrieved from /home/airflow/.local/lib/python3.12/site-packages/airflow/example_dags/example_setup_teardown.py
[2024-09-08T07:19:12.254+0000] {logging_mixin.py:190} INFO - [2024-09-08T07:19:12.254+0000] {dag.py:3229} INFO - Sync 1 DAGs
[2024-09-08T07:19:12.265+0000] {logging_mixin.py:190} INFO - [2024-09-08T07:19:12.265+0000] {dag.py:4156} INFO - Setting next_dagrun for example_setup_teardown to None, run_after=None
[2024-09-08T07:19:12.282+0000] {processor.py:208} INFO - Processing /home/airflow/.local/lib/python3.12/site-packages/airflow/example_dags/example_setup_teardown.py took 0.053 seconds
[2024-09-08T07:19:43.041+0000] {processor.py:186} INFO - Started process (PID=4410) to work on /home/airflow/.local/lib/python3.12/site-packages/airflow/example_dags/example_setup_teardown.py
[2024-09-08T07:19:43.042+0000] {processor.py:914} INFO - Processing file /home/airflow/.local/lib/python3.12/site-packages/airflow/example_dags/example_setup_teardown.py for tasks to queue
[2024-09-08T07:19:43.043+0000] {logging_mixin.py:190} INFO - [2024-09-08T07:19:43.043+0000] {dagbag.py:587} INFO - Filling up the DagBag from /home/airflow/.local/lib/python3.12/site-packages/airflow/example_dags/example_setup_teardown.py
[2024-09-08T07:19:43.047+0000] {processor.py:925} INFO - DAG(s) 'example_setup_teardown' retrieved from /home/airflow/.local/lib/python3.12/site-packages/airflow/example_dags/example_setup_teardown.py
[2024-09-08T07:19:43.063+0000] {logging_mixin.py:190} INFO - [2024-09-08T07:19:43.063+0000] {dag.py:3229} INFO - Sync 1 DAGs
[2024-09-08T07:19:43.073+0000] {logging_mixin.py:190} INFO - [2024-09-08T07:19:43.073+0000] {dag.py:4156} INFO - Setting next_dagrun for example_setup_teardown to None, run_after=None
[2024-09-08T07:19:43.085+0000] {processor.py:208} INFO - Processing /home/airflow/.local/lib/python3.12/site-packages/airflow/example_dags/example_setup_teardown.py took 0.048 seconds
[2024-09-08T07:20:13.823+0000] {processor.py:186} INFO - Started process (PID=4472) to work on /home/airflow/.local/lib/python3.12/site-packages/airflow/example_dags/example_setup_teardown.py
[2024-09-08T07:20:13.824+0000] {processor.py:914} INFO - Processing file /home/airflow/.local/lib/python3.12/site-packages/airflow/example_dags/example_setup_teardown.py for tasks to queue
[2024-09-08T07:20:13.825+0000] {logging_mixin.py:190} INFO - [2024-09-08T07:20:13.825+0000] {dagbag.py:587} INFO - Filling up the DagBag from /home/airflow/.local/lib/python3.12/site-packages/airflow/example_dags/example_setup_teardown.py
[2024-09-08T07:20:13.829+0000] {processor.py:925} INFO - DAG(s) 'example_setup_teardown' retrieved from /home/airflow/.local/lib/python3.12/site-packages/airflow/example_dags/example_setup_teardown.py
[2024-09-08T07:20:13.840+0000] {logging_mixin.py:190} INFO - [2024-09-08T07:20:13.840+0000] {dag.py:3229} INFO - Sync 1 DAGs
[2024-09-08T07:20:13.847+0000] {logging_mixin.py:190} INFO - [2024-09-08T07:20:13.847+0000] {dag.py:4156} INFO - Setting next_dagrun for example_setup_teardown to None, run_after=None
[2024-09-08T07:20:13.857+0000] {processor.py:208} INFO - Processing /home/airflow/.local/lib/python3.12/site-packages/airflow/example_dags/example_setup_teardown.py took 0.037 seconds
[2024-09-08T07:20:44.276+0000] {processor.py:186} INFO - Started process (PID=4534) to work on /home/airflow/.local/lib/python3.12/site-packages/airflow/example_dags/example_setup_teardown.py
[2024-09-08T07:20:44.277+0000] {processor.py:914} INFO - Processing file /home/airflow/.local/lib/python3.12/site-packages/airflow/example_dags/example_setup_teardown.py for tasks to queue
[2024-09-08T07:20:44.278+0000] {logging_mixin.py:190} INFO - [2024-09-08T07:20:44.278+0000] {dagbag.py:587} INFO - Filling up the DagBag from /home/airflow/.local/lib/python3.12/site-packages/airflow/example_dags/example_setup_teardown.py
[2024-09-08T07:20:44.282+0000] {processor.py:925} INFO - DAG(s) 'example_setup_teardown' retrieved from /home/airflow/.local/lib/python3.12/site-packages/airflow/example_dags/example_setup_teardown.py
[2024-09-08T07:20:44.297+0000] {logging_mixin.py:190} INFO - [2024-09-08T07:20:44.297+0000] {dag.py:3229} INFO - Sync 1 DAGs
[2024-09-08T07:20:44.305+0000] {logging_mixin.py:190} INFO - [2024-09-08T07:20:44.305+0000] {dag.py:4156} INFO - Setting next_dagrun for example_setup_teardown to None, run_after=None
[2024-09-08T07:20:44.317+0000] {processor.py:208} INFO - Processing /home/airflow/.local/lib/python3.12/site-packages/airflow/example_dags/example_setup_teardown.py took 0.045 seconds
[2024-09-08T07:21:14.777+0000] {processor.py:186} INFO - Started process (PID=4596) to work on /home/airflow/.local/lib/python3.12/site-packages/airflow/example_dags/example_setup_teardown.py
[2024-09-08T07:21:14.777+0000] {processor.py:914} INFO - Processing file /home/airflow/.local/lib/python3.12/site-packages/airflow/example_dags/example_setup_teardown.py for tasks to queue
[2024-09-08T07:21:14.779+0000] {logging_mixin.py:190} INFO - [2024-09-08T07:21:14.778+0000] {dagbag.py:587} INFO - Filling up the DagBag from /home/airflow/.local/lib/python3.12/site-packages/airflow/example_dags/example_setup_teardown.py
[2024-09-08T07:21:14.783+0000] {processor.py:925} INFO - DAG(s) 'example_setup_teardown' retrieved from /home/airflow/.local/lib/python3.12/site-packages/airflow/example_dags/example_setup_teardown.py
[2024-09-08T07:21:14.796+0000] {logging_mixin.py:190} INFO - [2024-09-08T07:21:14.796+0000] {dag.py:3229} INFO - Sync 1 DAGs
[2024-09-08T07:21:14.805+0000] {logging_mixin.py:190} INFO - [2024-09-08T07:21:14.805+0000] {dag.py:4156} INFO - Setting next_dagrun for example_setup_teardown to None, run_after=None
[2024-09-08T07:21:14.822+0000] {processor.py:208} INFO - Processing /home/airflow/.local/lib/python3.12/site-packages/airflow/example_dags/example_setup_teardown.py took 0.049 seconds
