[2024-09-08T06:39:27.151+0000] {processor.py:186} INFO - Started process (PID=50) to work on /home/airflow/.local/lib/python3.12/site-packages/airflow/example_dags/tutorial_dag.py
[2024-09-08T06:39:27.152+0000] {processor.py:914} INFO - Processing file /home/airflow/.local/lib/python3.12/site-packages/airflow/example_dags/tutorial_dag.py for tasks to queue
[2024-09-08T06:39:27.153+0000] {logging_mixin.py:190} INFO - [2024-09-08T06:39:27.153+0000] {dagbag.py:587} INFO - Filling up the DagBag from /home/airflow/.local/lib/python3.12/site-packages/airflow/example_dags/tutorial_dag.py
[2024-09-08T06:39:27.159+0000] {processor.py:925} INFO - DAG(s) 'tutorial_dag' retrieved from /home/airflow/.local/lib/python3.12/site-packages/airflow/example_dags/tutorial_dag.py
[2024-09-08T06:39:27.227+0000] {logging_mixin.py:190} INFO - [2024-09-08T06:39:27.226+0000] {override.py:1900} INFO - Created Permission View: can edit on DAG:tutorial_dag
[2024-09-08T06:39:27.233+0000] {logging_mixin.py:190} INFO - [2024-09-08T06:39:27.233+0000] {override.py:1900} INFO - Created Permission View: can read on DAG:tutorial_dag
[2024-09-08T06:39:27.238+0000] {logging_mixin.py:190} INFO - [2024-09-08T06:39:27.238+0000] {override.py:1900} INFO - Created Permission View: can delete on DAG:tutorial_dag
[2024-09-08T06:39:27.244+0000] {logging_mixin.py:190} INFO - [2024-09-08T06:39:27.244+0000] {override.py:1900} INFO - Created Permission View: can read on DAG Run:tutorial_dag
[2024-09-08T06:39:27.248+0000] {logging_mixin.py:190} INFO - [2024-09-08T06:39:27.248+0000] {override.py:1900} INFO - Created Permission View: can delete on DAG Run:tutorial_dag
[2024-09-08T06:39:27.253+0000] {logging_mixin.py:190} INFO - [2024-09-08T06:39:27.253+0000] {override.py:1900} INFO - Created Permission View: can create on DAG Run:tutorial_dag
[2024-09-08T06:39:27.257+0000] {logging_mixin.py:190} INFO - [2024-09-08T06:39:27.257+0000] {override.py:1900} INFO - Created Permission View: menu access on DAG Run:tutorial_dag
[2024-09-08T06:39:27.258+0000] {logging_mixin.py:190} INFO - [2024-09-08T06:39:27.258+0000] {dag.py:3229} INFO - Sync 1 DAGs
[2024-09-08T06:39:27.268+0000] {logging_mixin.py:190} INFO - [2024-09-08T06:39:27.268+0000] {dag.py:3252} INFO - Creating ORM DAG for tutorial_dag
[2024-09-08T06:39:27.269+0000] {logging_mixin.py:190} INFO - [2024-09-08T06:39:27.269+0000] {dag.py:4156} INFO - Setting next_dagrun for tutorial_dag to None, run_after=None
[2024-09-08T06:39:27.282+0000] {processor.py:208} INFO - Processing /home/airflow/.local/lib/python3.12/site-packages/airflow/example_dags/tutorial_dag.py took 0.135 seconds
[2024-09-08T06:39:57.612+0000] {processor.py:186} INFO - Started process (PID=112) to work on /home/airflow/.local/lib/python3.12/site-packages/airflow/example_dags/tutorial_dag.py
[2024-09-08T06:39:57.612+0000] {processor.py:914} INFO - Processing file /home/airflow/.local/lib/python3.12/site-packages/airflow/example_dags/tutorial_dag.py for tasks to queue
[2024-09-08T06:39:57.613+0000] {logging_mixin.py:190} INFO - [2024-09-08T06:39:57.613+0000] {dagbag.py:587} INFO - Filling up the DagBag from /home/airflow/.local/lib/python3.12/site-packages/airflow/example_dags/tutorial_dag.py
[2024-09-08T06:39:57.617+0000] {processor.py:925} INFO - DAG(s) 'tutorial_dag' retrieved from /home/airflow/.local/lib/python3.12/site-packages/airflow/example_dags/tutorial_dag.py
[2024-09-08T06:39:57.632+0000] {logging_mixin.py:190} INFO - [2024-09-08T06:39:57.632+0000] {dag.py:3229} INFO - Sync 1 DAGs
[2024-09-08T06:39:57.639+0000] {logging_mixin.py:190} INFO - [2024-09-08T06:39:57.639+0000] {dag.py:4156} INFO - Setting next_dagrun for tutorial_dag to None, run_after=None
[2024-09-08T06:39:57.652+0000] {processor.py:208} INFO - Processing /home/airflow/.local/lib/python3.12/site-packages/airflow/example_dags/tutorial_dag.py took 0.043 seconds
[2024-09-08T06:40:28.409+0000] {processor.py:186} INFO - Started process (PID=174) to work on /home/airflow/.local/lib/python3.12/site-packages/airflow/example_dags/tutorial_dag.py
[2024-09-08T06:40:28.410+0000] {processor.py:914} INFO - Processing file /home/airflow/.local/lib/python3.12/site-packages/airflow/example_dags/tutorial_dag.py for tasks to queue
[2024-09-08T06:40:28.411+0000] {logging_mixin.py:190} INFO - [2024-09-08T06:40:28.411+0000] {dagbag.py:587} INFO - Filling up the DagBag from /home/airflow/.local/lib/python3.12/site-packages/airflow/example_dags/tutorial_dag.py
[2024-09-08T06:40:28.414+0000] {processor.py:925} INFO - DAG(s) 'tutorial_dag' retrieved from /home/airflow/.local/lib/python3.12/site-packages/airflow/example_dags/tutorial_dag.py
[2024-09-08T06:40:28.428+0000] {logging_mixin.py:190} INFO - [2024-09-08T06:40:28.428+0000] {dag.py:3229} INFO - Sync 1 DAGs
[2024-09-08T06:40:28.439+0000] {logging_mixin.py:190} INFO - [2024-09-08T06:40:28.439+0000] {dag.py:4156} INFO - Setting next_dagrun for tutorial_dag to None, run_after=None
[2024-09-08T06:40:28.451+0000] {processor.py:208} INFO - Processing /home/airflow/.local/lib/python3.12/site-packages/airflow/example_dags/tutorial_dag.py took 0.045 seconds
[2024-09-08T06:40:58.904+0000] {processor.py:186} INFO - Started process (PID=236) to work on /home/airflow/.local/lib/python3.12/site-packages/airflow/example_dags/tutorial_dag.py
[2024-09-08T06:40:58.905+0000] {processor.py:914} INFO - Processing file /home/airflow/.local/lib/python3.12/site-packages/airflow/example_dags/tutorial_dag.py for tasks to queue
[2024-09-08T06:40:58.906+0000] {logging_mixin.py:190} INFO - [2024-09-08T06:40:58.906+0000] {dagbag.py:587} INFO - Filling up the DagBag from /home/airflow/.local/lib/python3.12/site-packages/airflow/example_dags/tutorial_dag.py
[2024-09-08T06:40:58.910+0000] {processor.py:925} INFO - DAG(s) 'tutorial_dag' retrieved from /home/airflow/.local/lib/python3.12/site-packages/airflow/example_dags/tutorial_dag.py
[2024-09-08T06:40:58.923+0000] {logging_mixin.py:190} INFO - [2024-09-08T06:40:58.923+0000] {dag.py:3229} INFO - Sync 1 DAGs
[2024-09-08T06:40:58.930+0000] {logging_mixin.py:190} INFO - [2024-09-08T06:40:58.930+0000] {dag.py:4156} INFO - Setting next_dagrun for tutorial_dag to None, run_after=None
[2024-09-08T06:40:58.941+0000] {processor.py:208} INFO - Processing /home/airflow/.local/lib/python3.12/site-packages/airflow/example_dags/tutorial_dag.py took 0.041 seconds
[2024-09-08T06:41:29.214+0000] {processor.py:186} INFO - Started process (PID=298) to work on /home/airflow/.local/lib/python3.12/site-packages/airflow/example_dags/tutorial_dag.py
[2024-09-08T06:41:29.215+0000] {processor.py:914} INFO - Processing file /home/airflow/.local/lib/python3.12/site-packages/airflow/example_dags/tutorial_dag.py for tasks to queue
[2024-09-08T06:41:29.216+0000] {logging_mixin.py:190} INFO - [2024-09-08T06:41:29.216+0000] {dagbag.py:587} INFO - Filling up the DagBag from /home/airflow/.local/lib/python3.12/site-packages/airflow/example_dags/tutorial_dag.py
[2024-09-08T06:41:29.220+0000] {processor.py:925} INFO - DAG(s) 'tutorial_dag' retrieved from /home/airflow/.local/lib/python3.12/site-packages/airflow/example_dags/tutorial_dag.py
[2024-09-08T06:41:29.231+0000] {logging_mixin.py:190} INFO - [2024-09-08T06:41:29.231+0000] {dag.py:3229} INFO - Sync 1 DAGs
[2024-09-08T06:41:29.239+0000] {logging_mixin.py:190} INFO - [2024-09-08T06:41:29.239+0000] {dag.py:4156} INFO - Setting next_dagrun for tutorial_dag to None, run_after=None
[2024-09-08T06:41:29.249+0000] {processor.py:208} INFO - Processing /home/airflow/.local/lib/python3.12/site-packages/airflow/example_dags/tutorial_dag.py took 0.038 seconds
[2024-09-08T06:42:00.036+0000] {processor.py:186} INFO - Started process (PID=360) to work on /home/airflow/.local/lib/python3.12/site-packages/airflow/example_dags/tutorial_dag.py
[2024-09-08T06:42:00.037+0000] {processor.py:914} INFO - Processing file /home/airflow/.local/lib/python3.12/site-packages/airflow/example_dags/tutorial_dag.py for tasks to queue
[2024-09-08T06:42:00.038+0000] {logging_mixin.py:190} INFO - [2024-09-08T06:42:00.038+0000] {dagbag.py:587} INFO - Filling up the DagBag from /home/airflow/.local/lib/python3.12/site-packages/airflow/example_dags/tutorial_dag.py
[2024-09-08T06:42:00.041+0000] {processor.py:925} INFO - DAG(s) 'tutorial_dag' retrieved from /home/airflow/.local/lib/python3.12/site-packages/airflow/example_dags/tutorial_dag.py
[2024-09-08T06:42:00.056+0000] {logging_mixin.py:190} INFO - [2024-09-08T06:42:00.055+0000] {dag.py:3229} INFO - Sync 1 DAGs
[2024-09-08T06:42:00.064+0000] {logging_mixin.py:190} INFO - [2024-09-08T06:42:00.064+0000] {dag.py:4156} INFO - Setting next_dagrun for tutorial_dag to None, run_after=None
[2024-09-08T06:42:00.078+0000] {processor.py:208} INFO - Processing /home/airflow/.local/lib/python3.12/site-packages/airflow/example_dags/tutorial_dag.py took 0.045 seconds
[2024-09-08T06:42:30.343+0000] {processor.py:186} INFO - Started process (PID=422) to work on /home/airflow/.local/lib/python3.12/site-packages/airflow/example_dags/tutorial_dag.py
[2024-09-08T06:42:30.344+0000] {processor.py:914} INFO - Processing file /home/airflow/.local/lib/python3.12/site-packages/airflow/example_dags/tutorial_dag.py for tasks to queue
[2024-09-08T06:42:30.345+0000] {logging_mixin.py:190} INFO - [2024-09-08T06:42:30.345+0000] {dagbag.py:587} INFO - Filling up the DagBag from /home/airflow/.local/lib/python3.12/site-packages/airflow/example_dags/tutorial_dag.py
[2024-09-08T06:42:30.349+0000] {processor.py:925} INFO - DAG(s) 'tutorial_dag' retrieved from /home/airflow/.local/lib/python3.12/site-packages/airflow/example_dags/tutorial_dag.py
[2024-09-08T06:42:30.361+0000] {logging_mixin.py:190} INFO - [2024-09-08T06:42:30.361+0000] {dag.py:3229} INFO - Sync 1 DAGs
[2024-09-08T06:42:30.369+0000] {logging_mixin.py:190} INFO - [2024-09-08T06:42:30.368+0000] {dag.py:4156} INFO - Setting next_dagrun for tutorial_dag to None, run_after=None
[2024-09-08T06:42:30.379+0000] {processor.py:208} INFO - Processing /home/airflow/.local/lib/python3.12/site-packages/airflow/example_dags/tutorial_dag.py took 0.039 seconds
[2024-09-08T06:43:00.816+0000] {processor.py:186} INFO - Started process (PID=484) to work on /home/airflow/.local/lib/python3.12/site-packages/airflow/example_dags/tutorial_dag.py
[2024-09-08T06:43:00.817+0000] {processor.py:914} INFO - Processing file /home/airflow/.local/lib/python3.12/site-packages/airflow/example_dags/tutorial_dag.py for tasks to queue
[2024-09-08T06:43:00.818+0000] {logging_mixin.py:190} INFO - [2024-09-08T06:43:00.818+0000] {dagbag.py:587} INFO - Filling up the DagBag from /home/airflow/.local/lib/python3.12/site-packages/airflow/example_dags/tutorial_dag.py
[2024-09-08T06:43:00.822+0000] {processor.py:925} INFO - DAG(s) 'tutorial_dag' retrieved from /home/airflow/.local/lib/python3.12/site-packages/airflow/example_dags/tutorial_dag.py
[2024-09-08T06:43:00.834+0000] {logging_mixin.py:190} INFO - [2024-09-08T06:43:00.834+0000] {dag.py:3229} INFO - Sync 1 DAGs
[2024-09-08T06:43:00.842+0000] {logging_mixin.py:190} INFO - [2024-09-08T06:43:00.841+0000] {dag.py:4156} INFO - Setting next_dagrun for tutorial_dag to None, run_after=None
[2024-09-08T06:43:00.852+0000] {processor.py:208} INFO - Processing /home/airflow/.local/lib/python3.12/site-packages/airflow/example_dags/tutorial_dag.py took 0.039 seconds
[2024-09-08T06:43:31.209+0000] {processor.py:186} INFO - Started process (PID=545) to work on /home/airflow/.local/lib/python3.12/site-packages/airflow/example_dags/tutorial_dag.py
[2024-09-08T06:43:31.209+0000] {processor.py:914} INFO - Processing file /home/airflow/.local/lib/python3.12/site-packages/airflow/example_dags/tutorial_dag.py for tasks to queue
[2024-09-08T06:43:31.210+0000] {logging_mixin.py:190} INFO - [2024-09-08T06:43:31.210+0000] {dagbag.py:587} INFO - Filling up the DagBag from /home/airflow/.local/lib/python3.12/site-packages/airflow/example_dags/tutorial_dag.py
[2024-09-08T06:43:31.214+0000] {processor.py:925} INFO - DAG(s) 'tutorial_dag' retrieved from /home/airflow/.local/lib/python3.12/site-packages/airflow/example_dags/tutorial_dag.py
[2024-09-08T06:43:31.227+0000] {logging_mixin.py:190} INFO - [2024-09-08T06:43:31.227+0000] {dag.py:3229} INFO - Sync 1 DAGs
[2024-09-08T06:43:31.237+0000] {logging_mixin.py:190} INFO - [2024-09-08T06:43:31.237+0000] {dag.py:4156} INFO - Setting next_dagrun for tutorial_dag to None, run_after=None
[2024-09-08T06:43:31.250+0000] {processor.py:208} INFO - Processing /home/airflow/.local/lib/python3.12/site-packages/airflow/example_dags/tutorial_dag.py took 0.044 seconds
[2024-09-08T06:44:01.682+0000] {processor.py:186} INFO - Started process (PID=607) to work on /home/airflow/.local/lib/python3.12/site-packages/airflow/example_dags/tutorial_dag.py
[2024-09-08T06:44:01.682+0000] {processor.py:914} INFO - Processing file /home/airflow/.local/lib/python3.12/site-packages/airflow/example_dags/tutorial_dag.py for tasks to queue
[2024-09-08T06:44:01.683+0000] {logging_mixin.py:190} INFO - [2024-09-08T06:44:01.683+0000] {dagbag.py:587} INFO - Filling up the DagBag from /home/airflow/.local/lib/python3.12/site-packages/airflow/example_dags/tutorial_dag.py
[2024-09-08T06:44:01.687+0000] {processor.py:925} INFO - DAG(s) 'tutorial_dag' retrieved from /home/airflow/.local/lib/python3.12/site-packages/airflow/example_dags/tutorial_dag.py
[2024-09-08T06:44:01.701+0000] {logging_mixin.py:190} INFO - [2024-09-08T06:44:01.700+0000] {dag.py:3229} INFO - Sync 1 DAGs
[2024-09-08T06:44:01.711+0000] {logging_mixin.py:190} INFO - [2024-09-08T06:44:01.711+0000] {dag.py:4156} INFO - Setting next_dagrun for tutorial_dag to None, run_after=None
[2024-09-08T06:44:01.722+0000] {processor.py:208} INFO - Processing /home/airflow/.local/lib/python3.12/site-packages/airflow/example_dags/tutorial_dag.py took 0.043 seconds
[2024-09-08T06:44:32.417+0000] {processor.py:186} INFO - Started process (PID=670) to work on /home/airflow/.local/lib/python3.12/site-packages/airflow/example_dags/tutorial_dag.py
[2024-09-08T06:44:32.418+0000] {processor.py:914} INFO - Processing file /home/airflow/.local/lib/python3.12/site-packages/airflow/example_dags/tutorial_dag.py for tasks to queue
[2024-09-08T06:44:32.419+0000] {logging_mixin.py:190} INFO - [2024-09-08T06:44:32.418+0000] {dagbag.py:587} INFO - Filling up the DagBag from /home/airflow/.local/lib/python3.12/site-packages/airflow/example_dags/tutorial_dag.py
[2024-09-08T06:44:32.422+0000] {processor.py:925} INFO - DAG(s) 'tutorial_dag' retrieved from /home/airflow/.local/lib/python3.12/site-packages/airflow/example_dags/tutorial_dag.py
[2024-09-08T06:44:32.437+0000] {logging_mixin.py:190} INFO - [2024-09-08T06:44:32.436+0000] {dag.py:3229} INFO - Sync 1 DAGs
[2024-09-08T06:44:32.447+0000] {logging_mixin.py:190} INFO - [2024-09-08T06:44:32.447+0000] {dag.py:4156} INFO - Setting next_dagrun for tutorial_dag to None, run_after=None
[2024-09-08T06:44:32.458+0000] {processor.py:208} INFO - Processing /home/airflow/.local/lib/python3.12/site-packages/airflow/example_dags/tutorial_dag.py took 0.044 seconds
[2024-09-08T06:45:03.010+0000] {processor.py:186} INFO - Started process (PID=732) to work on /home/airflow/.local/lib/python3.12/site-packages/airflow/example_dags/tutorial_dag.py
[2024-09-08T06:45:03.011+0000] {processor.py:914} INFO - Processing file /home/airflow/.local/lib/python3.12/site-packages/airflow/example_dags/tutorial_dag.py for tasks to queue
[2024-09-08T06:45:03.012+0000] {logging_mixin.py:190} INFO - [2024-09-08T06:45:03.012+0000] {dagbag.py:587} INFO - Filling up the DagBag from /home/airflow/.local/lib/python3.12/site-packages/airflow/example_dags/tutorial_dag.py
[2024-09-08T06:45:03.016+0000] {processor.py:925} INFO - DAG(s) 'tutorial_dag' retrieved from /home/airflow/.local/lib/python3.12/site-packages/airflow/example_dags/tutorial_dag.py
[2024-09-08T06:45:03.031+0000] {logging_mixin.py:190} INFO - [2024-09-08T06:45:03.031+0000] {dag.py:3229} INFO - Sync 1 DAGs
[2024-09-08T06:45:03.042+0000] {logging_mixin.py:190} INFO - [2024-09-08T06:45:03.042+0000] {dag.py:4156} INFO - Setting next_dagrun for tutorial_dag to None, run_after=None
[2024-09-08T06:45:03.054+0000] {processor.py:208} INFO - Processing /home/airflow/.local/lib/python3.12/site-packages/airflow/example_dags/tutorial_dag.py took 0.047 seconds
[2024-09-08T06:45:33.434+0000] {processor.py:186} INFO - Started process (PID=794) to work on /home/airflow/.local/lib/python3.12/site-packages/airflow/example_dags/tutorial_dag.py
[2024-09-08T06:45:33.434+0000] {processor.py:914} INFO - Processing file /home/airflow/.local/lib/python3.12/site-packages/airflow/example_dags/tutorial_dag.py for tasks to queue
[2024-09-08T06:45:33.436+0000] {logging_mixin.py:190} INFO - [2024-09-08T06:45:33.435+0000] {dagbag.py:587} INFO - Filling up the DagBag from /home/airflow/.local/lib/python3.12/site-packages/airflow/example_dags/tutorial_dag.py
[2024-09-08T06:45:33.439+0000] {processor.py:925} INFO - DAG(s) 'tutorial_dag' retrieved from /home/airflow/.local/lib/python3.12/site-packages/airflow/example_dags/tutorial_dag.py
[2024-09-08T06:45:33.451+0000] {logging_mixin.py:190} INFO - [2024-09-08T06:45:33.451+0000] {dag.py:3229} INFO - Sync 1 DAGs
[2024-09-08T06:45:33.458+0000] {logging_mixin.py:190} INFO - [2024-09-08T06:45:33.458+0000] {dag.py:4156} INFO - Setting next_dagrun for tutorial_dag to None, run_after=None
[2024-09-08T06:45:33.470+0000] {processor.py:208} INFO - Processing /home/airflow/.local/lib/python3.12/site-packages/airflow/example_dags/tutorial_dag.py took 0.039 seconds
[2024-09-08T06:46:03.828+0000] {processor.py:186} INFO - Started process (PID=855) to work on /home/airflow/.local/lib/python3.12/site-packages/airflow/example_dags/tutorial_dag.py
[2024-09-08T06:46:03.828+0000] {processor.py:914} INFO - Processing file /home/airflow/.local/lib/python3.12/site-packages/airflow/example_dags/tutorial_dag.py for tasks to queue
[2024-09-08T06:46:03.830+0000] {logging_mixin.py:190} INFO - [2024-09-08T06:46:03.830+0000] {dagbag.py:587} INFO - Filling up the DagBag from /home/airflow/.local/lib/python3.12/site-packages/airflow/example_dags/tutorial_dag.py
[2024-09-08T06:46:03.834+0000] {processor.py:925} INFO - DAG(s) 'tutorial_dag' retrieved from /home/airflow/.local/lib/python3.12/site-packages/airflow/example_dags/tutorial_dag.py
[2024-09-08T06:46:03.849+0000] {logging_mixin.py:190} INFO - [2024-09-08T06:46:03.848+0000] {dag.py:3229} INFO - Sync 1 DAGs
[2024-09-08T06:46:03.858+0000] {logging_mixin.py:190} INFO - [2024-09-08T06:46:03.858+0000] {dag.py:4156} INFO - Setting next_dagrun for tutorial_dag to None, run_after=None
[2024-09-08T06:46:03.871+0000] {processor.py:208} INFO - Processing /home/airflow/.local/lib/python3.12/site-packages/airflow/example_dags/tutorial_dag.py took 0.047 seconds
[2024-09-08T06:46:34.258+0000] {processor.py:186} INFO - Started process (PID=917) to work on /home/airflow/.local/lib/python3.12/site-packages/airflow/example_dags/tutorial_dag.py
[2024-09-08T06:46:34.259+0000] {processor.py:914} INFO - Processing file /home/airflow/.local/lib/python3.12/site-packages/airflow/example_dags/tutorial_dag.py for tasks to queue
[2024-09-08T06:46:34.260+0000] {logging_mixin.py:190} INFO - [2024-09-08T06:46:34.260+0000] {dagbag.py:587} INFO - Filling up the DagBag from /home/airflow/.local/lib/python3.12/site-packages/airflow/example_dags/tutorial_dag.py
[2024-09-08T06:46:34.265+0000] {processor.py:925} INFO - DAG(s) 'tutorial_dag' retrieved from /home/airflow/.local/lib/python3.12/site-packages/airflow/example_dags/tutorial_dag.py
[2024-09-08T06:46:34.280+0000] {logging_mixin.py:190} INFO - [2024-09-08T06:46:34.280+0000] {dag.py:3229} INFO - Sync 1 DAGs
[2024-09-08T06:46:34.291+0000] {logging_mixin.py:190} INFO - [2024-09-08T06:46:34.291+0000] {dag.py:4156} INFO - Setting next_dagrun for tutorial_dag to None, run_after=None
[2024-09-08T06:46:34.303+0000] {processor.py:208} INFO - Processing /home/airflow/.local/lib/python3.12/site-packages/airflow/example_dags/tutorial_dag.py took 0.049 seconds
[2024-09-08T06:47:04.788+0000] {processor.py:186} INFO - Started process (PID=980) to work on /home/airflow/.local/lib/python3.12/site-packages/airflow/example_dags/tutorial_dag.py
[2024-09-08T06:47:04.788+0000] {processor.py:914} INFO - Processing file /home/airflow/.local/lib/python3.12/site-packages/airflow/example_dags/tutorial_dag.py for tasks to queue
[2024-09-08T06:47:04.790+0000] {logging_mixin.py:190} INFO - [2024-09-08T06:47:04.789+0000] {dagbag.py:587} INFO - Filling up the DagBag from /home/airflow/.local/lib/python3.12/site-packages/airflow/example_dags/tutorial_dag.py
[2024-09-08T06:47:04.794+0000] {processor.py:925} INFO - DAG(s) 'tutorial_dag' retrieved from /home/airflow/.local/lib/python3.12/site-packages/airflow/example_dags/tutorial_dag.py
[2024-09-08T06:47:04.810+0000] {logging_mixin.py:190} INFO - [2024-09-08T06:47:04.810+0000] {dag.py:3229} INFO - Sync 1 DAGs
[2024-09-08T06:47:04.819+0000] {logging_mixin.py:190} INFO - [2024-09-08T06:47:04.819+0000] {dag.py:4156} INFO - Setting next_dagrun for tutorial_dag to None, run_after=None
[2024-09-08T06:47:04.831+0000] {processor.py:208} INFO - Processing /home/airflow/.local/lib/python3.12/site-packages/airflow/example_dags/tutorial_dag.py took 0.047 seconds
[2024-09-08T06:47:35.468+0000] {processor.py:186} INFO - Started process (PID=1042) to work on /home/airflow/.local/lib/python3.12/site-packages/airflow/example_dags/tutorial_dag.py
[2024-09-08T06:47:35.468+0000] {processor.py:914} INFO - Processing file /home/airflow/.local/lib/python3.12/site-packages/airflow/example_dags/tutorial_dag.py for tasks to queue
[2024-09-08T06:47:35.469+0000] {logging_mixin.py:190} INFO - [2024-09-08T06:47:35.469+0000] {dagbag.py:587} INFO - Filling up the DagBag from /home/airflow/.local/lib/python3.12/site-packages/airflow/example_dags/tutorial_dag.py
[2024-09-08T06:47:35.473+0000] {processor.py:925} INFO - DAG(s) 'tutorial_dag' retrieved from /home/airflow/.local/lib/python3.12/site-packages/airflow/example_dags/tutorial_dag.py
[2024-09-08T06:47:35.485+0000] {logging_mixin.py:190} INFO - [2024-09-08T06:47:35.485+0000] {dag.py:3229} INFO - Sync 1 DAGs
[2024-09-08T06:47:35.493+0000] {logging_mixin.py:190} INFO - [2024-09-08T06:47:35.492+0000] {dag.py:4156} INFO - Setting next_dagrun for tutorial_dag to None, run_after=None
[2024-09-08T06:47:35.504+0000] {processor.py:208} INFO - Processing /home/airflow/.local/lib/python3.12/site-packages/airflow/example_dags/tutorial_dag.py took 0.039 seconds
[2024-09-08T06:48:05.877+0000] {processor.py:186} INFO - Started process (PID=1104) to work on /home/airflow/.local/lib/python3.12/site-packages/airflow/example_dags/tutorial_dag.py
[2024-09-08T06:48:05.877+0000] {processor.py:914} INFO - Processing file /home/airflow/.local/lib/python3.12/site-packages/airflow/example_dags/tutorial_dag.py for tasks to queue
[2024-09-08T06:48:05.878+0000] {logging_mixin.py:190} INFO - [2024-09-08T06:48:05.878+0000] {dagbag.py:587} INFO - Filling up the DagBag from /home/airflow/.local/lib/python3.12/site-packages/airflow/example_dags/tutorial_dag.py
[2024-09-08T06:48:05.882+0000] {processor.py:925} INFO - DAG(s) 'tutorial_dag' retrieved from /home/airflow/.local/lib/python3.12/site-packages/airflow/example_dags/tutorial_dag.py
[2024-09-08T06:48:05.896+0000] {logging_mixin.py:190} INFO - [2024-09-08T06:48:05.896+0000] {dag.py:3229} INFO - Sync 1 DAGs
[2024-09-08T06:48:05.907+0000] {logging_mixin.py:190} INFO - [2024-09-08T06:48:05.907+0000] {dag.py:4156} INFO - Setting next_dagrun for tutorial_dag to None, run_after=None
[2024-09-08T06:48:05.920+0000] {processor.py:208} INFO - Processing /home/airflow/.local/lib/python3.12/site-packages/airflow/example_dags/tutorial_dag.py took 0.046 seconds
[2024-09-08T06:48:36.646+0000] {processor.py:186} INFO - Started process (PID=1166) to work on /home/airflow/.local/lib/python3.12/site-packages/airflow/example_dags/tutorial_dag.py
[2024-09-08T06:48:36.647+0000] {processor.py:914} INFO - Processing file /home/airflow/.local/lib/python3.12/site-packages/airflow/example_dags/tutorial_dag.py for tasks to queue
[2024-09-08T06:48:36.648+0000] {logging_mixin.py:190} INFO - [2024-09-08T06:48:36.648+0000] {dagbag.py:587} INFO - Filling up the DagBag from /home/airflow/.local/lib/python3.12/site-packages/airflow/example_dags/tutorial_dag.py
[2024-09-08T06:48:36.651+0000] {processor.py:925} INFO - DAG(s) 'tutorial_dag' retrieved from /home/airflow/.local/lib/python3.12/site-packages/airflow/example_dags/tutorial_dag.py
[2024-09-08T06:48:36.666+0000] {logging_mixin.py:190} INFO - [2024-09-08T06:48:36.666+0000] {dag.py:3229} INFO - Sync 1 DAGs
[2024-09-08T06:48:36.678+0000] {logging_mixin.py:190} INFO - [2024-09-08T06:48:36.678+0000] {dag.py:4156} INFO - Setting next_dagrun for tutorial_dag to None, run_after=None
[2024-09-08T06:48:36.694+0000] {processor.py:208} INFO - Processing /home/airflow/.local/lib/python3.12/site-packages/airflow/example_dags/tutorial_dag.py took 0.051 seconds
[2024-09-08T06:49:07.093+0000] {processor.py:186} INFO - Started process (PID=1228) to work on /home/airflow/.local/lib/python3.12/site-packages/airflow/example_dags/tutorial_dag.py
[2024-09-08T06:49:07.094+0000] {processor.py:914} INFO - Processing file /home/airflow/.local/lib/python3.12/site-packages/airflow/example_dags/tutorial_dag.py for tasks to queue
[2024-09-08T06:49:07.095+0000] {logging_mixin.py:190} INFO - [2024-09-08T06:49:07.095+0000] {dagbag.py:587} INFO - Filling up the DagBag from /home/airflow/.local/lib/python3.12/site-packages/airflow/example_dags/tutorial_dag.py
[2024-09-08T06:49:07.098+0000] {processor.py:925} INFO - DAG(s) 'tutorial_dag' retrieved from /home/airflow/.local/lib/python3.12/site-packages/airflow/example_dags/tutorial_dag.py
[2024-09-08T06:49:07.110+0000] {logging_mixin.py:190} INFO - [2024-09-08T06:49:07.110+0000] {dag.py:3229} INFO - Sync 1 DAGs
[2024-09-08T06:49:07.117+0000] {logging_mixin.py:190} INFO - [2024-09-08T06:49:07.117+0000] {dag.py:4156} INFO - Setting next_dagrun for tutorial_dag to None, run_after=None
[2024-09-08T06:49:07.128+0000] {processor.py:208} INFO - Processing /home/airflow/.local/lib/python3.12/site-packages/airflow/example_dags/tutorial_dag.py took 0.038 seconds
[2024-09-08T06:49:37.845+0000] {processor.py:186} INFO - Started process (PID=1290) to work on /home/airflow/.local/lib/python3.12/site-packages/airflow/example_dags/tutorial_dag.py
[2024-09-08T06:49:37.846+0000] {processor.py:914} INFO - Processing file /home/airflow/.local/lib/python3.12/site-packages/airflow/example_dags/tutorial_dag.py for tasks to queue
[2024-09-08T06:49:37.847+0000] {logging_mixin.py:190} INFO - [2024-09-08T06:49:37.847+0000] {dagbag.py:587} INFO - Filling up the DagBag from /home/airflow/.local/lib/python3.12/site-packages/airflow/example_dags/tutorial_dag.py
[2024-09-08T06:49:37.851+0000] {processor.py:925} INFO - DAG(s) 'tutorial_dag' retrieved from /home/airflow/.local/lib/python3.12/site-packages/airflow/example_dags/tutorial_dag.py
[2024-09-08T06:49:37.863+0000] {logging_mixin.py:190} INFO - [2024-09-08T06:49:37.863+0000] {dag.py:3229} INFO - Sync 1 DAGs
[2024-09-08T06:49:37.870+0000] {logging_mixin.py:190} INFO - [2024-09-08T06:49:37.870+0000] {dag.py:4156} INFO - Setting next_dagrun for tutorial_dag to None, run_after=None
[2024-09-08T06:49:37.881+0000] {processor.py:208} INFO - Processing /home/airflow/.local/lib/python3.12/site-packages/airflow/example_dags/tutorial_dag.py took 0.039 seconds
[2024-09-08T06:50:08.365+0000] {processor.py:186} INFO - Started process (PID=1352) to work on /home/airflow/.local/lib/python3.12/site-packages/airflow/example_dags/tutorial_dag.py
[2024-09-08T06:50:08.365+0000] {processor.py:914} INFO - Processing file /home/airflow/.local/lib/python3.12/site-packages/airflow/example_dags/tutorial_dag.py for tasks to queue
[2024-09-08T06:50:08.367+0000] {logging_mixin.py:190} INFO - [2024-09-08T06:50:08.367+0000] {dagbag.py:587} INFO - Filling up the DagBag from /home/airflow/.local/lib/python3.12/site-packages/airflow/example_dags/tutorial_dag.py
[2024-09-08T06:50:08.372+0000] {processor.py:925} INFO - DAG(s) 'tutorial_dag' retrieved from /home/airflow/.local/lib/python3.12/site-packages/airflow/example_dags/tutorial_dag.py
[2024-09-08T06:50:08.384+0000] {logging_mixin.py:190} INFO - [2024-09-08T06:50:08.384+0000] {dag.py:3229} INFO - Sync 1 DAGs
[2024-09-08T06:50:08.392+0000] {logging_mixin.py:190} INFO - [2024-09-08T06:50:08.392+0000] {dag.py:4156} INFO - Setting next_dagrun for tutorial_dag to None, run_after=None
[2024-09-08T06:50:08.402+0000] {processor.py:208} INFO - Processing /home/airflow/.local/lib/python3.12/site-packages/airflow/example_dags/tutorial_dag.py took 0.041 seconds
[2024-09-08T06:50:38.914+0000] {processor.py:186} INFO - Started process (PID=1414) to work on /home/airflow/.local/lib/python3.12/site-packages/airflow/example_dags/tutorial_dag.py
[2024-09-08T06:50:38.914+0000] {processor.py:914} INFO - Processing file /home/airflow/.local/lib/python3.12/site-packages/airflow/example_dags/tutorial_dag.py for tasks to queue
[2024-09-08T06:50:38.916+0000] {logging_mixin.py:190} INFO - [2024-09-08T06:50:38.916+0000] {dagbag.py:587} INFO - Filling up the DagBag from /home/airflow/.local/lib/python3.12/site-packages/airflow/example_dags/tutorial_dag.py
[2024-09-08T06:50:38.921+0000] {processor.py:925} INFO - DAG(s) 'tutorial_dag' retrieved from /home/airflow/.local/lib/python3.12/site-packages/airflow/example_dags/tutorial_dag.py
[2024-09-08T06:50:38.934+0000] {logging_mixin.py:190} INFO - [2024-09-08T06:50:38.934+0000] {dag.py:3229} INFO - Sync 1 DAGs
[2024-09-08T06:50:38.941+0000] {logging_mixin.py:190} INFO - [2024-09-08T06:50:38.941+0000] {dag.py:4156} INFO - Setting next_dagrun for tutorial_dag to None, run_after=None
[2024-09-08T06:50:38.952+0000] {processor.py:208} INFO - Processing /home/airflow/.local/lib/python3.12/site-packages/airflow/example_dags/tutorial_dag.py took 0.042 seconds
[2024-09-08T06:51:09.348+0000] {processor.py:186} INFO - Started process (PID=1476) to work on /home/airflow/.local/lib/python3.12/site-packages/airflow/example_dags/tutorial_dag.py
[2024-09-08T06:51:09.349+0000] {processor.py:914} INFO - Processing file /home/airflow/.local/lib/python3.12/site-packages/airflow/example_dags/tutorial_dag.py for tasks to queue
[2024-09-08T06:51:09.351+0000] {logging_mixin.py:190} INFO - [2024-09-08T06:51:09.351+0000] {dagbag.py:587} INFO - Filling up the DagBag from /home/airflow/.local/lib/python3.12/site-packages/airflow/example_dags/tutorial_dag.py
[2024-09-08T06:51:09.356+0000] {processor.py:925} INFO - DAG(s) 'tutorial_dag' retrieved from /home/airflow/.local/lib/python3.12/site-packages/airflow/example_dags/tutorial_dag.py
[2024-09-08T06:51:09.369+0000] {logging_mixin.py:190} INFO - [2024-09-08T06:51:09.369+0000] {dag.py:3229} INFO - Sync 1 DAGs
[2024-09-08T06:51:09.378+0000] {logging_mixin.py:190} INFO - [2024-09-08T06:51:09.378+0000] {dag.py:4156} INFO - Setting next_dagrun for tutorial_dag to None, run_after=None
[2024-09-08T06:51:09.392+0000] {processor.py:208} INFO - Processing /home/airflow/.local/lib/python3.12/site-packages/airflow/example_dags/tutorial_dag.py took 0.049 seconds
[2024-09-08T06:51:39.826+0000] {processor.py:186} INFO - Started process (PID=1538) to work on /home/airflow/.local/lib/python3.12/site-packages/airflow/example_dags/tutorial_dag.py
[2024-09-08T06:51:39.826+0000] {processor.py:914} INFO - Processing file /home/airflow/.local/lib/python3.12/site-packages/airflow/example_dags/tutorial_dag.py for tasks to queue
[2024-09-08T06:51:39.828+0000] {logging_mixin.py:190} INFO - [2024-09-08T06:51:39.828+0000] {dagbag.py:587} INFO - Filling up the DagBag from /home/airflow/.local/lib/python3.12/site-packages/airflow/example_dags/tutorial_dag.py
[2024-09-08T06:51:39.833+0000] {processor.py:925} INFO - DAG(s) 'tutorial_dag' retrieved from /home/airflow/.local/lib/python3.12/site-packages/airflow/example_dags/tutorial_dag.py
[2024-09-08T06:51:39.848+0000] {logging_mixin.py:190} INFO - [2024-09-08T06:51:39.847+0000] {dag.py:3229} INFO - Sync 1 DAGs
[2024-09-08T06:51:39.858+0000] {logging_mixin.py:190} INFO - [2024-09-08T06:51:39.858+0000] {dag.py:4156} INFO - Setting next_dagrun for tutorial_dag to None, run_after=None
[2024-09-08T06:51:39.871+0000] {processor.py:208} INFO - Processing /home/airflow/.local/lib/python3.12/site-packages/airflow/example_dags/tutorial_dag.py took 0.050 seconds
[2024-09-08T06:52:10.436+0000] {processor.py:186} INFO - Started process (PID=1600) to work on /home/airflow/.local/lib/python3.12/site-packages/airflow/example_dags/tutorial_dag.py
[2024-09-08T06:52:10.436+0000] {processor.py:914} INFO - Processing file /home/airflow/.local/lib/python3.12/site-packages/airflow/example_dags/tutorial_dag.py for tasks to queue
[2024-09-08T06:52:10.437+0000] {logging_mixin.py:190} INFO - [2024-09-08T06:52:10.437+0000] {dagbag.py:587} INFO - Filling up the DagBag from /home/airflow/.local/lib/python3.12/site-packages/airflow/example_dags/tutorial_dag.py
[2024-09-08T06:52:10.441+0000] {processor.py:925} INFO - DAG(s) 'tutorial_dag' retrieved from /home/airflow/.local/lib/python3.12/site-packages/airflow/example_dags/tutorial_dag.py
[2024-09-08T06:52:10.455+0000] {logging_mixin.py:190} INFO - [2024-09-08T06:52:10.455+0000] {dag.py:3229} INFO - Sync 1 DAGs
[2024-09-08T06:52:10.462+0000] {logging_mixin.py:190} INFO - [2024-09-08T06:52:10.462+0000] {dag.py:4156} INFO - Setting next_dagrun for tutorial_dag to None, run_after=None
[2024-09-08T06:52:10.473+0000] {processor.py:208} INFO - Processing /home/airflow/.local/lib/python3.12/site-packages/airflow/example_dags/tutorial_dag.py took 0.041 seconds
[2024-09-08T06:52:41.005+0000] {processor.py:186} INFO - Started process (PID=1662) to work on /home/airflow/.local/lib/python3.12/site-packages/airflow/example_dags/tutorial_dag.py
[2024-09-08T06:52:41.006+0000] {processor.py:914} INFO - Processing file /home/airflow/.local/lib/python3.12/site-packages/airflow/example_dags/tutorial_dag.py for tasks to queue
[2024-09-08T06:52:41.007+0000] {logging_mixin.py:190} INFO - [2024-09-08T06:52:41.007+0000] {dagbag.py:587} INFO - Filling up the DagBag from /home/airflow/.local/lib/python3.12/site-packages/airflow/example_dags/tutorial_dag.py
[2024-09-08T06:52:41.010+0000] {processor.py:925} INFO - DAG(s) 'tutorial_dag' retrieved from /home/airflow/.local/lib/python3.12/site-packages/airflow/example_dags/tutorial_dag.py
[2024-09-08T06:52:41.024+0000] {logging_mixin.py:190} INFO - [2024-09-08T06:52:41.024+0000] {dag.py:3229} INFO - Sync 1 DAGs
[2024-09-08T06:52:41.035+0000] {logging_mixin.py:190} INFO - [2024-09-08T06:52:41.035+0000] {dag.py:4156} INFO - Setting next_dagrun for tutorial_dag to None, run_after=None
[2024-09-08T06:52:41.048+0000] {processor.py:208} INFO - Processing /home/airflow/.local/lib/python3.12/site-packages/airflow/example_dags/tutorial_dag.py took 0.046 seconds
[2024-09-08T06:53:11.690+0000] {processor.py:186} INFO - Started process (PID=1724) to work on /home/airflow/.local/lib/python3.12/site-packages/airflow/example_dags/tutorial_dag.py
[2024-09-08T06:53:11.690+0000] {processor.py:914} INFO - Processing file /home/airflow/.local/lib/python3.12/site-packages/airflow/example_dags/tutorial_dag.py for tasks to queue
[2024-09-08T06:53:11.691+0000] {logging_mixin.py:190} INFO - [2024-09-08T06:53:11.691+0000] {dagbag.py:587} INFO - Filling up the DagBag from /home/airflow/.local/lib/python3.12/site-packages/airflow/example_dags/tutorial_dag.py
[2024-09-08T06:53:11.695+0000] {processor.py:925} INFO - DAG(s) 'tutorial_dag' retrieved from /home/airflow/.local/lib/python3.12/site-packages/airflow/example_dags/tutorial_dag.py
[2024-09-08T06:53:11.708+0000] {logging_mixin.py:190} INFO - [2024-09-08T06:53:11.708+0000] {dag.py:3229} INFO - Sync 1 DAGs
[2024-09-08T06:53:11.715+0000] {logging_mixin.py:190} INFO - [2024-09-08T06:53:11.715+0000] {dag.py:4156} INFO - Setting next_dagrun for tutorial_dag to None, run_after=None
[2024-09-08T06:53:11.725+0000] {processor.py:208} INFO - Processing /home/airflow/.local/lib/python3.12/site-packages/airflow/example_dags/tutorial_dag.py took 0.039 seconds
[2024-09-08T06:53:42.218+0000] {processor.py:186} INFO - Started process (PID=1786) to work on /home/airflow/.local/lib/python3.12/site-packages/airflow/example_dags/tutorial_dag.py
[2024-09-08T06:53:42.219+0000] {processor.py:914} INFO - Processing file /home/airflow/.local/lib/python3.12/site-packages/airflow/example_dags/tutorial_dag.py for tasks to queue
[2024-09-08T06:53:42.220+0000] {logging_mixin.py:190} INFO - [2024-09-08T06:53:42.220+0000] {dagbag.py:587} INFO - Filling up the DagBag from /home/airflow/.local/lib/python3.12/site-packages/airflow/example_dags/tutorial_dag.py
[2024-09-08T06:53:42.224+0000] {processor.py:925} INFO - DAG(s) 'tutorial_dag' retrieved from /home/airflow/.local/lib/python3.12/site-packages/airflow/example_dags/tutorial_dag.py
[2024-09-08T06:53:42.236+0000] {logging_mixin.py:190} INFO - [2024-09-08T06:53:42.236+0000] {dag.py:3229} INFO - Sync 1 DAGs
[2024-09-08T06:53:42.246+0000] {logging_mixin.py:190} INFO - [2024-09-08T06:53:42.246+0000] {dag.py:4156} INFO - Setting next_dagrun for tutorial_dag to None, run_after=None
[2024-09-08T06:53:42.257+0000] {processor.py:208} INFO - Processing /home/airflow/.local/lib/python3.12/site-packages/airflow/example_dags/tutorial_dag.py took 0.042 seconds
[2024-09-08T06:54:12.720+0000] {processor.py:186} INFO - Started process (PID=1848) to work on /home/airflow/.local/lib/python3.12/site-packages/airflow/example_dags/tutorial_dag.py
[2024-09-08T06:54:12.720+0000] {processor.py:914} INFO - Processing file /home/airflow/.local/lib/python3.12/site-packages/airflow/example_dags/tutorial_dag.py for tasks to queue
[2024-09-08T06:54:12.721+0000] {logging_mixin.py:190} INFO - [2024-09-08T06:54:12.721+0000] {dagbag.py:587} INFO - Filling up the DagBag from /home/airflow/.local/lib/python3.12/site-packages/airflow/example_dags/tutorial_dag.py
[2024-09-08T06:54:12.725+0000] {processor.py:925} INFO - DAG(s) 'tutorial_dag' retrieved from /home/airflow/.local/lib/python3.12/site-packages/airflow/example_dags/tutorial_dag.py
[2024-09-08T06:54:12.738+0000] {logging_mixin.py:190} INFO - [2024-09-08T06:54:12.738+0000] {dag.py:3229} INFO - Sync 1 DAGs
[2024-09-08T06:54:12.746+0000] {logging_mixin.py:190} INFO - [2024-09-08T06:54:12.745+0000] {dag.py:4156} INFO - Setting next_dagrun for tutorial_dag to None, run_after=None
[2024-09-08T06:54:12.756+0000] {processor.py:208} INFO - Processing /home/airflow/.local/lib/python3.12/site-packages/airflow/example_dags/tutorial_dag.py took 0.040 seconds
[2024-09-08T06:54:43.411+0000] {processor.py:186} INFO - Started process (PID=1910) to work on /home/airflow/.local/lib/python3.12/site-packages/airflow/example_dags/tutorial_dag.py
[2024-09-08T06:54:43.411+0000] {processor.py:914} INFO - Processing file /home/airflow/.local/lib/python3.12/site-packages/airflow/example_dags/tutorial_dag.py for tasks to queue
[2024-09-08T06:54:43.412+0000] {logging_mixin.py:190} INFO - [2024-09-08T06:54:43.412+0000] {dagbag.py:587} INFO - Filling up the DagBag from /home/airflow/.local/lib/python3.12/site-packages/airflow/example_dags/tutorial_dag.py
[2024-09-08T06:54:43.416+0000] {processor.py:925} INFO - DAG(s) 'tutorial_dag' retrieved from /home/airflow/.local/lib/python3.12/site-packages/airflow/example_dags/tutorial_dag.py
[2024-09-08T06:54:43.430+0000] {logging_mixin.py:190} INFO - [2024-09-08T06:54:43.430+0000] {dag.py:3229} INFO - Sync 1 DAGs
[2024-09-08T06:54:43.438+0000] {logging_mixin.py:190} INFO - [2024-09-08T06:54:43.438+0000] {dag.py:4156} INFO - Setting next_dagrun for tutorial_dag to None, run_after=None
[2024-09-08T06:54:43.449+0000] {processor.py:208} INFO - Processing /home/airflow/.local/lib/python3.12/site-packages/airflow/example_dags/tutorial_dag.py took 0.041 seconds
[2024-09-08T06:55:13.964+0000] {processor.py:186} INFO - Started process (PID=1972) to work on /home/airflow/.local/lib/python3.12/site-packages/airflow/example_dags/tutorial_dag.py
[2024-09-08T06:55:13.965+0000] {processor.py:914} INFO - Processing file /home/airflow/.local/lib/python3.12/site-packages/airflow/example_dags/tutorial_dag.py for tasks to queue
[2024-09-08T06:55:13.966+0000] {logging_mixin.py:190} INFO - [2024-09-08T06:55:13.966+0000] {dagbag.py:587} INFO - Filling up the DagBag from /home/airflow/.local/lib/python3.12/site-packages/airflow/example_dags/tutorial_dag.py
[2024-09-08T06:55:13.971+0000] {processor.py:925} INFO - DAG(s) 'tutorial_dag' retrieved from /home/airflow/.local/lib/python3.12/site-packages/airflow/example_dags/tutorial_dag.py
[2024-09-08T06:55:13.983+0000] {logging_mixin.py:190} INFO - [2024-09-08T06:55:13.983+0000] {dag.py:3229} INFO - Sync 1 DAGs
[2024-09-08T06:55:13.990+0000] {logging_mixin.py:190} INFO - [2024-09-08T06:55:13.990+0000] {dag.py:4156} INFO - Setting next_dagrun for tutorial_dag to None, run_after=None
[2024-09-08T06:55:14.000+0000] {processor.py:208} INFO - Processing /home/airflow/.local/lib/python3.12/site-packages/airflow/example_dags/tutorial_dag.py took 0.040 seconds
[2024-09-08T06:55:44.274+0000] {processor.py:186} INFO - Started process (PID=2033) to work on /home/airflow/.local/lib/python3.12/site-packages/airflow/example_dags/tutorial_dag.py
[2024-09-08T06:55:44.275+0000] {processor.py:914} INFO - Processing file /home/airflow/.local/lib/python3.12/site-packages/airflow/example_dags/tutorial_dag.py for tasks to queue
[2024-09-08T06:55:44.276+0000] {logging_mixin.py:190} INFO - [2024-09-08T06:55:44.276+0000] {dagbag.py:587} INFO - Filling up the DagBag from /home/airflow/.local/lib/python3.12/site-packages/airflow/example_dags/tutorial_dag.py
[2024-09-08T06:55:44.281+0000] {processor.py:925} INFO - DAG(s) 'tutorial_dag' retrieved from /home/airflow/.local/lib/python3.12/site-packages/airflow/example_dags/tutorial_dag.py
[2024-09-08T06:55:44.295+0000] {logging_mixin.py:190} INFO - [2024-09-08T06:55:44.295+0000] {dag.py:3229} INFO - Sync 1 DAGs
[2024-09-08T06:55:44.303+0000] {logging_mixin.py:190} INFO - [2024-09-08T06:55:44.303+0000] {dag.py:4156} INFO - Setting next_dagrun for tutorial_dag to None, run_after=None
[2024-09-08T06:55:44.314+0000] {processor.py:208} INFO - Processing /home/airflow/.local/lib/python3.12/site-packages/airflow/example_dags/tutorial_dag.py took 0.044 seconds
[2024-09-08T06:56:14.976+0000] {processor.py:186} INFO - Started process (PID=2102) to work on /home/airflow/.local/lib/python3.12/site-packages/airflow/example_dags/tutorial_dag.py
[2024-09-08T06:56:14.976+0000] {processor.py:914} INFO - Processing file /home/airflow/.local/lib/python3.12/site-packages/airflow/example_dags/tutorial_dag.py for tasks to queue
[2024-09-08T06:56:14.977+0000] {logging_mixin.py:190} INFO - [2024-09-08T06:56:14.977+0000] {dagbag.py:587} INFO - Filling up the DagBag from /home/airflow/.local/lib/python3.12/site-packages/airflow/example_dags/tutorial_dag.py
[2024-09-08T06:56:14.981+0000] {processor.py:925} INFO - DAG(s) 'tutorial_dag' retrieved from /home/airflow/.local/lib/python3.12/site-packages/airflow/example_dags/tutorial_dag.py
[2024-09-08T06:56:14.997+0000] {logging_mixin.py:190} INFO - [2024-09-08T06:56:14.997+0000] {dag.py:3229} INFO - Sync 1 DAGs
[2024-09-08T06:56:15.006+0000] {logging_mixin.py:190} INFO - [2024-09-08T06:56:15.006+0000] {dag.py:4156} INFO - Setting next_dagrun for tutorial_dag to None, run_after=None
[2024-09-08T06:56:15.018+0000] {processor.py:208} INFO - Processing /home/airflow/.local/lib/python3.12/site-packages/airflow/example_dags/tutorial_dag.py took 0.045 seconds
[2024-09-08T06:56:45.566+0000] {processor.py:186} INFO - Started process (PID=2164) to work on /home/airflow/.local/lib/python3.12/site-packages/airflow/example_dags/tutorial_dag.py
[2024-09-08T06:56:45.567+0000] {processor.py:914} INFO - Processing file /home/airflow/.local/lib/python3.12/site-packages/airflow/example_dags/tutorial_dag.py for tasks to queue
[2024-09-08T06:56:45.568+0000] {logging_mixin.py:190} INFO - [2024-09-08T06:56:45.568+0000] {dagbag.py:587} INFO - Filling up the DagBag from /home/airflow/.local/lib/python3.12/site-packages/airflow/example_dags/tutorial_dag.py
[2024-09-08T06:56:45.573+0000] {processor.py:925} INFO - DAG(s) 'tutorial_dag' retrieved from /home/airflow/.local/lib/python3.12/site-packages/airflow/example_dags/tutorial_dag.py
[2024-09-08T06:56:45.589+0000] {logging_mixin.py:190} INFO - [2024-09-08T06:56:45.588+0000] {dag.py:3229} INFO - Sync 1 DAGs
[2024-09-08T06:56:45.598+0000] {logging_mixin.py:190} INFO - [2024-09-08T06:56:45.598+0000] {dag.py:4156} INFO - Setting next_dagrun for tutorial_dag to None, run_after=None
[2024-09-08T06:56:45.610+0000] {processor.py:208} INFO - Processing /home/airflow/.local/lib/python3.12/site-packages/airflow/example_dags/tutorial_dag.py took 0.048 seconds
[2024-09-08T06:57:16.212+0000] {processor.py:186} INFO - Started process (PID=2226) to work on /home/airflow/.local/lib/python3.12/site-packages/airflow/example_dags/tutorial_dag.py
[2024-09-08T06:57:16.212+0000] {processor.py:914} INFO - Processing file /home/airflow/.local/lib/python3.12/site-packages/airflow/example_dags/tutorial_dag.py for tasks to queue
[2024-09-08T06:57:16.214+0000] {logging_mixin.py:190} INFO - [2024-09-08T06:57:16.213+0000] {dagbag.py:587} INFO - Filling up the DagBag from /home/airflow/.local/lib/python3.12/site-packages/airflow/example_dags/tutorial_dag.py
[2024-09-08T06:57:16.218+0000] {processor.py:925} INFO - DAG(s) 'tutorial_dag' retrieved from /home/airflow/.local/lib/python3.12/site-packages/airflow/example_dags/tutorial_dag.py
[2024-09-08T06:57:16.230+0000] {logging_mixin.py:190} INFO - [2024-09-08T06:57:16.230+0000] {dag.py:3229} INFO - Sync 1 DAGs
[2024-09-08T06:57:16.238+0000] {logging_mixin.py:190} INFO - [2024-09-08T06:57:16.237+0000] {dag.py:4156} INFO - Setting next_dagrun for tutorial_dag to None, run_after=None
[2024-09-08T06:57:16.249+0000] {processor.py:208} INFO - Processing /home/airflow/.local/lib/python3.12/site-packages/airflow/example_dags/tutorial_dag.py took 0.041 seconds
[2024-09-08T06:57:46.953+0000] {processor.py:186} INFO - Started process (PID=2288) to work on /home/airflow/.local/lib/python3.12/site-packages/airflow/example_dags/tutorial_dag.py
[2024-09-08T06:57:46.954+0000] {processor.py:914} INFO - Processing file /home/airflow/.local/lib/python3.12/site-packages/airflow/example_dags/tutorial_dag.py for tasks to queue
[2024-09-08T06:57:46.955+0000] {logging_mixin.py:190} INFO - [2024-09-08T06:57:46.955+0000] {dagbag.py:587} INFO - Filling up the DagBag from /home/airflow/.local/lib/python3.12/site-packages/airflow/example_dags/tutorial_dag.py
[2024-09-08T06:57:46.960+0000] {processor.py:925} INFO - DAG(s) 'tutorial_dag' retrieved from /home/airflow/.local/lib/python3.12/site-packages/airflow/example_dags/tutorial_dag.py
[2024-09-08T06:57:46.974+0000] {logging_mixin.py:190} INFO - [2024-09-08T06:57:46.974+0000] {dag.py:3229} INFO - Sync 1 DAGs
[2024-09-08T06:57:46.985+0000] {logging_mixin.py:190} INFO - [2024-09-08T06:57:46.984+0000] {dag.py:4156} INFO - Setting next_dagrun for tutorial_dag to None, run_after=None
[2024-09-08T06:57:46.998+0000] {processor.py:208} INFO - Processing /home/airflow/.local/lib/python3.12/site-packages/airflow/example_dags/tutorial_dag.py took 0.049 seconds
[2024-09-08T06:58:17.937+0000] {processor.py:186} INFO - Started process (PID=2350) to work on /home/airflow/.local/lib/python3.12/site-packages/airflow/example_dags/tutorial_dag.py
[2024-09-08T06:58:17.937+0000] {processor.py:914} INFO - Processing file /home/airflow/.local/lib/python3.12/site-packages/airflow/example_dags/tutorial_dag.py for tasks to queue
[2024-09-08T06:58:17.938+0000] {logging_mixin.py:190} INFO - [2024-09-08T06:58:17.938+0000] {dagbag.py:587} INFO - Filling up the DagBag from /home/airflow/.local/lib/python3.12/site-packages/airflow/example_dags/tutorial_dag.py
[2024-09-08T06:58:17.942+0000] {processor.py:925} INFO - DAG(s) 'tutorial_dag' retrieved from /home/airflow/.local/lib/python3.12/site-packages/airflow/example_dags/tutorial_dag.py
[2024-09-08T06:58:17.957+0000] {logging_mixin.py:190} INFO - [2024-09-08T06:58:17.956+0000] {dag.py:3229} INFO - Sync 1 DAGs
[2024-09-08T06:58:17.967+0000] {logging_mixin.py:190} INFO - [2024-09-08T06:58:17.967+0000] {dag.py:4156} INFO - Setting next_dagrun for tutorial_dag to None, run_after=None
[2024-09-08T06:58:17.979+0000] {processor.py:208} INFO - Processing /home/airflow/.local/lib/python3.12/site-packages/airflow/example_dags/tutorial_dag.py took 0.045 seconds
[2024-09-08T06:58:48.554+0000] {processor.py:186} INFO - Started process (PID=2412) to work on /home/airflow/.local/lib/python3.12/site-packages/airflow/example_dags/tutorial_dag.py
[2024-09-08T06:58:48.555+0000] {processor.py:914} INFO - Processing file /home/airflow/.local/lib/python3.12/site-packages/airflow/example_dags/tutorial_dag.py for tasks to queue
[2024-09-08T06:58:48.556+0000] {logging_mixin.py:190} INFO - [2024-09-08T06:58:48.556+0000] {dagbag.py:587} INFO - Filling up the DagBag from /home/airflow/.local/lib/python3.12/site-packages/airflow/example_dags/tutorial_dag.py
[2024-09-08T06:58:48.561+0000] {processor.py:925} INFO - DAG(s) 'tutorial_dag' retrieved from /home/airflow/.local/lib/python3.12/site-packages/airflow/example_dags/tutorial_dag.py
[2024-09-08T06:58:48.573+0000] {logging_mixin.py:190} INFO - [2024-09-08T06:58:48.573+0000] {dag.py:3229} INFO - Sync 1 DAGs
[2024-09-08T06:58:48.580+0000] {logging_mixin.py:190} INFO - [2024-09-08T06:58:48.580+0000] {dag.py:4156} INFO - Setting next_dagrun for tutorial_dag to None, run_after=None
[2024-09-08T06:58:48.590+0000] {processor.py:208} INFO - Processing /home/airflow/.local/lib/python3.12/site-packages/airflow/example_dags/tutorial_dag.py took 0.040 seconds
[2024-09-08T06:59:19.137+0000] {processor.py:186} INFO - Started process (PID=2474) to work on /home/airflow/.local/lib/python3.12/site-packages/airflow/example_dags/tutorial_dag.py
[2024-09-08T06:59:19.137+0000] {processor.py:914} INFO - Processing file /home/airflow/.local/lib/python3.12/site-packages/airflow/example_dags/tutorial_dag.py for tasks to queue
[2024-09-08T06:59:19.138+0000] {logging_mixin.py:190} INFO - [2024-09-08T06:59:19.138+0000] {dagbag.py:587} INFO - Filling up the DagBag from /home/airflow/.local/lib/python3.12/site-packages/airflow/example_dags/tutorial_dag.py
[2024-09-08T06:59:19.142+0000] {processor.py:925} INFO - DAG(s) 'tutorial_dag' retrieved from /home/airflow/.local/lib/python3.12/site-packages/airflow/example_dags/tutorial_dag.py
[2024-09-08T06:59:19.154+0000] {logging_mixin.py:190} INFO - [2024-09-08T06:59:19.154+0000] {dag.py:3229} INFO - Sync 1 DAGs
[2024-09-08T06:59:19.161+0000] {logging_mixin.py:190} INFO - [2024-09-08T06:59:19.161+0000] {dag.py:4156} INFO - Setting next_dagrun for tutorial_dag to None, run_after=None
[2024-09-08T06:59:19.171+0000] {processor.py:208} INFO - Processing /home/airflow/.local/lib/python3.12/site-packages/airflow/example_dags/tutorial_dag.py took 0.037 seconds
[2024-09-08T06:59:49.956+0000] {processor.py:186} INFO - Started process (PID=2536) to work on /home/airflow/.local/lib/python3.12/site-packages/airflow/example_dags/tutorial_dag.py
[2024-09-08T06:59:49.956+0000] {processor.py:914} INFO - Processing file /home/airflow/.local/lib/python3.12/site-packages/airflow/example_dags/tutorial_dag.py for tasks to queue
[2024-09-08T06:59:49.958+0000] {logging_mixin.py:190} INFO - [2024-09-08T06:59:49.958+0000] {dagbag.py:587} INFO - Filling up the DagBag from /home/airflow/.local/lib/python3.12/site-packages/airflow/example_dags/tutorial_dag.py
[2024-09-08T06:59:49.962+0000] {processor.py:925} INFO - DAG(s) 'tutorial_dag' retrieved from /home/airflow/.local/lib/python3.12/site-packages/airflow/example_dags/tutorial_dag.py
[2024-09-08T06:59:49.976+0000] {logging_mixin.py:190} INFO - [2024-09-08T06:59:49.976+0000] {dag.py:3229} INFO - Sync 1 DAGs
[2024-09-08T06:59:49.986+0000] {logging_mixin.py:190} INFO - [2024-09-08T06:59:49.986+0000] {dag.py:4156} INFO - Setting next_dagrun for tutorial_dag to None, run_after=None
[2024-09-08T06:59:49.998+0000] {processor.py:208} INFO - Processing /home/airflow/.local/lib/python3.12/site-packages/airflow/example_dags/tutorial_dag.py took 0.047 seconds
[2024-09-08T07:00:20.688+0000] {processor.py:186} INFO - Started process (PID=2598) to work on /home/airflow/.local/lib/python3.12/site-packages/airflow/example_dags/tutorial_dag.py
[2024-09-08T07:00:20.689+0000] {processor.py:914} INFO - Processing file /home/airflow/.local/lib/python3.12/site-packages/airflow/example_dags/tutorial_dag.py for tasks to queue
[2024-09-08T07:00:20.691+0000] {logging_mixin.py:190} INFO - [2024-09-08T07:00:20.691+0000] {dagbag.py:587} INFO - Filling up the DagBag from /home/airflow/.local/lib/python3.12/site-packages/airflow/example_dags/tutorial_dag.py
[2024-09-08T07:00:20.696+0000] {processor.py:925} INFO - DAG(s) 'tutorial_dag' retrieved from /home/airflow/.local/lib/python3.12/site-packages/airflow/example_dags/tutorial_dag.py
[2024-09-08T07:00:20.712+0000] {logging_mixin.py:190} INFO - [2024-09-08T07:00:20.712+0000] {dag.py:3229} INFO - Sync 1 DAGs
[2024-09-08T07:00:20.724+0000] {logging_mixin.py:190} INFO - [2024-09-08T07:00:20.724+0000] {dag.py:4156} INFO - Setting next_dagrun for tutorial_dag to None, run_after=None
[2024-09-08T07:00:20.739+0000] {processor.py:208} INFO - Processing /home/airflow/.local/lib/python3.12/site-packages/airflow/example_dags/tutorial_dag.py took 0.055 seconds
[2024-09-08T07:00:51.346+0000] {processor.py:186} INFO - Started process (PID=2660) to work on /home/airflow/.local/lib/python3.12/site-packages/airflow/example_dags/tutorial_dag.py
[2024-09-08T07:00:51.346+0000] {processor.py:914} INFO - Processing file /home/airflow/.local/lib/python3.12/site-packages/airflow/example_dags/tutorial_dag.py for tasks to queue
[2024-09-08T07:00:51.347+0000] {logging_mixin.py:190} INFO - [2024-09-08T07:00:51.347+0000] {dagbag.py:587} INFO - Filling up the DagBag from /home/airflow/.local/lib/python3.12/site-packages/airflow/example_dags/tutorial_dag.py
[2024-09-08T07:00:51.351+0000] {processor.py:925} INFO - DAG(s) 'tutorial_dag' retrieved from /home/airflow/.local/lib/python3.12/site-packages/airflow/example_dags/tutorial_dag.py
[2024-09-08T07:00:51.363+0000] {logging_mixin.py:190} INFO - [2024-09-08T07:00:51.363+0000] {dag.py:3229} INFO - Sync 1 DAGs
[2024-09-08T07:00:51.370+0000] {logging_mixin.py:190} INFO - [2024-09-08T07:00:51.370+0000] {dag.py:4156} INFO - Setting next_dagrun for tutorial_dag to None, run_after=None
[2024-09-08T07:00:51.380+0000] {processor.py:208} INFO - Processing /home/airflow/.local/lib/python3.12/site-packages/airflow/example_dags/tutorial_dag.py took 0.038 seconds
[2024-09-08T07:01:22.114+0000] {processor.py:186} INFO - Started process (PID=2722) to work on /home/airflow/.local/lib/python3.12/site-packages/airflow/example_dags/tutorial_dag.py
[2024-09-08T07:01:22.114+0000] {processor.py:914} INFO - Processing file /home/airflow/.local/lib/python3.12/site-packages/airflow/example_dags/tutorial_dag.py for tasks to queue
[2024-09-08T07:01:22.115+0000] {logging_mixin.py:190} INFO - [2024-09-08T07:01:22.115+0000] {dagbag.py:587} INFO - Filling up the DagBag from /home/airflow/.local/lib/python3.12/site-packages/airflow/example_dags/tutorial_dag.py
[2024-09-08T07:01:22.119+0000] {processor.py:925} INFO - DAG(s) 'tutorial_dag' retrieved from /home/airflow/.local/lib/python3.12/site-packages/airflow/example_dags/tutorial_dag.py
[2024-09-08T07:01:22.134+0000] {logging_mixin.py:190} INFO - [2024-09-08T07:01:22.134+0000] {dag.py:3229} INFO - Sync 1 DAGs
[2024-09-08T07:01:22.143+0000] {logging_mixin.py:190} INFO - [2024-09-08T07:01:22.143+0000] {dag.py:4156} INFO - Setting next_dagrun for tutorial_dag to None, run_after=None
[2024-09-08T07:01:22.156+0000] {processor.py:208} INFO - Processing /home/airflow/.local/lib/python3.12/site-packages/airflow/example_dags/tutorial_dag.py took 0.045 seconds
[2024-09-08T07:01:53.094+0000] {processor.py:186} INFO - Started process (PID=2784) to work on /home/airflow/.local/lib/python3.12/site-packages/airflow/example_dags/tutorial_dag.py
[2024-09-08T07:01:53.095+0000] {processor.py:914} INFO - Processing file /home/airflow/.local/lib/python3.12/site-packages/airflow/example_dags/tutorial_dag.py for tasks to queue
[2024-09-08T07:01:53.096+0000] {logging_mixin.py:190} INFO - [2024-09-08T07:01:53.096+0000] {dagbag.py:587} INFO - Filling up the DagBag from /home/airflow/.local/lib/python3.12/site-packages/airflow/example_dags/tutorial_dag.py
[2024-09-08T07:01:53.099+0000] {processor.py:925} INFO - DAG(s) 'tutorial_dag' retrieved from /home/airflow/.local/lib/python3.12/site-packages/airflow/example_dags/tutorial_dag.py
[2024-09-08T07:01:53.114+0000] {logging_mixin.py:190} INFO - [2024-09-08T07:01:53.114+0000] {dag.py:3229} INFO - Sync 1 DAGs
[2024-09-08T07:01:53.123+0000] {logging_mixin.py:190} INFO - [2024-09-08T07:01:53.123+0000] {dag.py:4156} INFO - Setting next_dagrun for tutorial_dag to None, run_after=None
[2024-09-08T07:01:53.136+0000] {processor.py:208} INFO - Processing /home/airflow/.local/lib/python3.12/site-packages/airflow/example_dags/tutorial_dag.py took 0.045 seconds
[2024-09-08T07:02:24.183+0000] {processor.py:186} INFO - Started process (PID=2846) to work on /home/airflow/.local/lib/python3.12/site-packages/airflow/example_dags/tutorial_dag.py
[2024-09-08T07:02:24.183+0000] {processor.py:914} INFO - Processing file /home/airflow/.local/lib/python3.12/site-packages/airflow/example_dags/tutorial_dag.py for tasks to queue
[2024-09-08T07:02:24.184+0000] {logging_mixin.py:190} INFO - [2024-09-08T07:02:24.184+0000] {dagbag.py:587} INFO - Filling up the DagBag from /home/airflow/.local/lib/python3.12/site-packages/airflow/example_dags/tutorial_dag.py
[2024-09-08T07:02:24.188+0000] {processor.py:925} INFO - DAG(s) 'tutorial_dag' retrieved from /home/airflow/.local/lib/python3.12/site-packages/airflow/example_dags/tutorial_dag.py
[2024-09-08T07:02:24.200+0000] {logging_mixin.py:190} INFO - [2024-09-08T07:02:24.200+0000] {dag.py:3229} INFO - Sync 1 DAGs
[2024-09-08T07:02:24.208+0000] {logging_mixin.py:190} INFO - [2024-09-08T07:02:24.208+0000] {dag.py:4156} INFO - Setting next_dagrun for tutorial_dag to None, run_after=None
[2024-09-08T07:02:24.321+0000] {processor.py:208} INFO - Processing /home/airflow/.local/lib/python3.12/site-packages/airflow/example_dags/tutorial_dag.py took 0.142 seconds
[2024-09-08T07:02:55.058+0000] {processor.py:186} INFO - Started process (PID=2908) to work on /home/airflow/.local/lib/python3.12/site-packages/airflow/example_dags/tutorial_dag.py
[2024-09-08T07:02:55.059+0000] {processor.py:914} INFO - Processing file /home/airflow/.local/lib/python3.12/site-packages/airflow/example_dags/tutorial_dag.py for tasks to queue
[2024-09-08T07:02:55.060+0000] {logging_mixin.py:190} INFO - [2024-09-08T07:02:55.060+0000] {dagbag.py:587} INFO - Filling up the DagBag from /home/airflow/.local/lib/python3.12/site-packages/airflow/example_dags/tutorial_dag.py
[2024-09-08T07:02:55.064+0000] {processor.py:925} INFO - DAG(s) 'tutorial_dag' retrieved from /home/airflow/.local/lib/python3.12/site-packages/airflow/example_dags/tutorial_dag.py
[2024-09-08T07:02:55.076+0000] {logging_mixin.py:190} INFO - [2024-09-08T07:02:55.076+0000] {dag.py:3229} INFO - Sync 1 DAGs
[2024-09-08T07:02:55.083+0000] {logging_mixin.py:190} INFO - [2024-09-08T07:02:55.083+0000] {dag.py:4156} INFO - Setting next_dagrun for tutorial_dag to None, run_after=None
[2024-09-08T07:02:55.094+0000] {processor.py:208} INFO - Processing /home/airflow/.local/lib/python3.12/site-packages/airflow/example_dags/tutorial_dag.py took 0.040 seconds
[2024-09-08T07:03:25.209+0000] {processor.py:186} INFO - Started process (PID=2969) to work on /home/airflow/.local/lib/python3.12/site-packages/airflow/example_dags/tutorial_dag.py
[2024-09-08T07:03:25.209+0000] {processor.py:914} INFO - Processing file /home/airflow/.local/lib/python3.12/site-packages/airflow/example_dags/tutorial_dag.py for tasks to queue
[2024-09-08T07:03:25.210+0000] {logging_mixin.py:190} INFO - [2024-09-08T07:03:25.210+0000] {dagbag.py:587} INFO - Filling up the DagBag from /home/airflow/.local/lib/python3.12/site-packages/airflow/example_dags/tutorial_dag.py
[2024-09-08T07:03:25.214+0000] {processor.py:925} INFO - DAG(s) 'tutorial_dag' retrieved from /home/airflow/.local/lib/python3.12/site-packages/airflow/example_dags/tutorial_dag.py
[2024-09-08T07:03:25.228+0000] {logging_mixin.py:190} INFO - [2024-09-08T07:03:25.227+0000] {dag.py:3229} INFO - Sync 1 DAGs
[2024-09-08T07:03:25.236+0000] {logging_mixin.py:190} INFO - [2024-09-08T07:03:25.236+0000] {dag.py:4156} INFO - Setting next_dagrun for tutorial_dag to None, run_after=None
[2024-09-08T07:03:25.250+0000] {processor.py:208} INFO - Processing /home/airflow/.local/lib/python3.12/site-packages/airflow/example_dags/tutorial_dag.py took 0.046 seconds
[2024-09-08T07:03:56.014+0000] {processor.py:186} INFO - Started process (PID=3032) to work on /home/airflow/.local/lib/python3.12/site-packages/airflow/example_dags/tutorial_dag.py
[2024-09-08T07:03:56.014+0000] {processor.py:914} INFO - Processing file /home/airflow/.local/lib/python3.12/site-packages/airflow/example_dags/tutorial_dag.py for tasks to queue
[2024-09-08T07:03:56.016+0000] {logging_mixin.py:190} INFO - [2024-09-08T07:03:56.015+0000] {dagbag.py:587} INFO - Filling up the DagBag from /home/airflow/.local/lib/python3.12/site-packages/airflow/example_dags/tutorial_dag.py
[2024-09-08T07:03:56.019+0000] {processor.py:925} INFO - DAG(s) 'tutorial_dag' retrieved from /home/airflow/.local/lib/python3.12/site-packages/airflow/example_dags/tutorial_dag.py
[2024-09-08T07:03:56.036+0000] {logging_mixin.py:190} INFO - [2024-09-08T07:03:56.036+0000] {dag.py:3229} INFO - Sync 1 DAGs
[2024-09-08T07:03:56.046+0000] {logging_mixin.py:190} INFO - [2024-09-08T07:03:56.046+0000] {dag.py:4156} INFO - Setting next_dagrun for tutorial_dag to None, run_after=None
[2024-09-08T07:03:56.060+0000] {processor.py:208} INFO - Processing /home/airflow/.local/lib/python3.12/site-packages/airflow/example_dags/tutorial_dag.py took 0.049 seconds
[2024-09-08T07:04:26.729+0000] {processor.py:186} INFO - Started process (PID=3094) to work on /home/airflow/.local/lib/python3.12/site-packages/airflow/example_dags/tutorial_dag.py
[2024-09-08T07:04:26.729+0000] {processor.py:914} INFO - Processing file /home/airflow/.local/lib/python3.12/site-packages/airflow/example_dags/tutorial_dag.py for tasks to queue
[2024-09-08T07:04:26.731+0000] {logging_mixin.py:190} INFO - [2024-09-08T07:04:26.730+0000] {dagbag.py:587} INFO - Filling up the DagBag from /home/airflow/.local/lib/python3.12/site-packages/airflow/example_dags/tutorial_dag.py
[2024-09-08T07:04:26.736+0000] {processor.py:925} INFO - DAG(s) 'tutorial_dag' retrieved from /home/airflow/.local/lib/python3.12/site-packages/airflow/example_dags/tutorial_dag.py
[2024-09-08T07:04:26.750+0000] {logging_mixin.py:190} INFO - [2024-09-08T07:04:26.750+0000] {dag.py:3229} INFO - Sync 1 DAGs
[2024-09-08T07:04:26.759+0000] {logging_mixin.py:190} INFO - [2024-09-08T07:04:26.759+0000] {dag.py:4156} INFO - Setting next_dagrun for tutorial_dag to None, run_after=None
[2024-09-08T07:04:26.772+0000] {processor.py:208} INFO - Processing /home/airflow/.local/lib/python3.12/site-packages/airflow/example_dags/tutorial_dag.py took 0.047 seconds
[2024-09-08T07:04:57.177+0000] {processor.py:186} INFO - Started process (PID=3156) to work on /home/airflow/.local/lib/python3.12/site-packages/airflow/example_dags/tutorial_dag.py
[2024-09-08T07:04:57.177+0000] {processor.py:914} INFO - Processing file /home/airflow/.local/lib/python3.12/site-packages/airflow/example_dags/tutorial_dag.py for tasks to queue
[2024-09-08T07:04:57.179+0000] {logging_mixin.py:190} INFO - [2024-09-08T07:04:57.178+0000] {dagbag.py:587} INFO - Filling up the DagBag from /home/airflow/.local/lib/python3.12/site-packages/airflow/example_dags/tutorial_dag.py
[2024-09-08T07:04:57.182+0000] {processor.py:925} INFO - DAG(s) 'tutorial_dag' retrieved from /home/airflow/.local/lib/python3.12/site-packages/airflow/example_dags/tutorial_dag.py
[2024-09-08T07:04:57.194+0000] {logging_mixin.py:190} INFO - [2024-09-08T07:04:57.194+0000] {dag.py:3229} INFO - Sync 1 DAGs
[2024-09-08T07:04:57.201+0000] {logging_mixin.py:190} INFO - [2024-09-08T07:04:57.201+0000] {dag.py:4156} INFO - Setting next_dagrun for tutorial_dag to None, run_after=None
[2024-09-08T07:04:57.211+0000] {processor.py:208} INFO - Processing /home/airflow/.local/lib/python3.12/site-packages/airflow/example_dags/tutorial_dag.py took 0.039 seconds
[2024-09-08T07:05:27.581+0000] {processor.py:186} INFO - Started process (PID=3218) to work on /home/airflow/.local/lib/python3.12/site-packages/airflow/example_dags/tutorial_dag.py
[2024-09-08T07:05:27.582+0000] {processor.py:914} INFO - Processing file /home/airflow/.local/lib/python3.12/site-packages/airflow/example_dags/tutorial_dag.py for tasks to queue
[2024-09-08T07:05:27.583+0000] {logging_mixin.py:190} INFO - [2024-09-08T07:05:27.583+0000] {dagbag.py:587} INFO - Filling up the DagBag from /home/airflow/.local/lib/python3.12/site-packages/airflow/example_dags/tutorial_dag.py
[2024-09-08T07:05:27.587+0000] {processor.py:925} INFO - DAG(s) 'tutorial_dag' retrieved from /home/airflow/.local/lib/python3.12/site-packages/airflow/example_dags/tutorial_dag.py
[2024-09-08T07:05:27.600+0000] {logging_mixin.py:190} INFO - [2024-09-08T07:05:27.600+0000] {dag.py:3229} INFO - Sync 1 DAGs
[2024-09-08T07:05:27.610+0000] {logging_mixin.py:190} INFO - [2024-09-08T07:05:27.610+0000] {dag.py:4156} INFO - Setting next_dagrun for tutorial_dag to None, run_after=None
[2024-09-08T07:05:27.623+0000] {processor.py:208} INFO - Processing /home/airflow/.local/lib/python3.12/site-packages/airflow/example_dags/tutorial_dag.py took 0.045 seconds
[2024-09-08T07:05:58.167+0000] {processor.py:186} INFO - Started process (PID=3280) to work on /home/airflow/.local/lib/python3.12/site-packages/airflow/example_dags/tutorial_dag.py
[2024-09-08T07:05:58.168+0000] {processor.py:914} INFO - Processing file /home/airflow/.local/lib/python3.12/site-packages/airflow/example_dags/tutorial_dag.py for tasks to queue
[2024-09-08T07:05:58.169+0000] {logging_mixin.py:190} INFO - [2024-09-08T07:05:58.169+0000] {dagbag.py:587} INFO - Filling up the DagBag from /home/airflow/.local/lib/python3.12/site-packages/airflow/example_dags/tutorial_dag.py
[2024-09-08T07:05:58.173+0000] {processor.py:925} INFO - DAG(s) 'tutorial_dag' retrieved from /home/airflow/.local/lib/python3.12/site-packages/airflow/example_dags/tutorial_dag.py
[2024-09-08T07:05:58.287+0000] {logging_mixin.py:190} INFO - [2024-09-08T07:05:58.287+0000] {dag.py:3229} INFO - Sync 1 DAGs
[2024-09-08T07:05:58.294+0000] {logging_mixin.py:190} INFO - [2024-09-08T07:05:58.294+0000] {dag.py:4156} INFO - Setting next_dagrun for tutorial_dag to None, run_after=None
[2024-09-08T07:05:58.309+0000] {processor.py:208} INFO - Processing /home/airflow/.local/lib/python3.12/site-packages/airflow/example_dags/tutorial_dag.py took 0.146 seconds
[2024-09-08T07:06:28.937+0000] {processor.py:186} INFO - Started process (PID=3342) to work on /home/airflow/.local/lib/python3.12/site-packages/airflow/example_dags/tutorial_dag.py
[2024-09-08T07:06:28.938+0000] {processor.py:914} INFO - Processing file /home/airflow/.local/lib/python3.12/site-packages/airflow/example_dags/tutorial_dag.py for tasks to queue
[2024-09-08T07:06:28.939+0000] {logging_mixin.py:190} INFO - [2024-09-08T07:06:28.939+0000] {dagbag.py:587} INFO - Filling up the DagBag from /home/airflow/.local/lib/python3.12/site-packages/airflow/example_dags/tutorial_dag.py
[2024-09-08T07:06:28.944+0000] {processor.py:925} INFO - DAG(s) 'tutorial_dag' retrieved from /home/airflow/.local/lib/python3.12/site-packages/airflow/example_dags/tutorial_dag.py
[2024-09-08T07:06:28.957+0000] {logging_mixin.py:190} INFO - [2024-09-08T07:06:28.957+0000] {dag.py:3229} INFO - Sync 1 DAGs
[2024-09-08T07:06:28.965+0000] {logging_mixin.py:190} INFO - [2024-09-08T07:06:28.965+0000] {dag.py:4156} INFO - Setting next_dagrun for tutorial_dag to None, run_after=None
[2024-09-08T07:06:28.977+0000] {processor.py:208} INFO - Processing /home/airflow/.local/lib/python3.12/site-packages/airflow/example_dags/tutorial_dag.py took 0.043 seconds
[2024-09-08T07:06:59.515+0000] {processor.py:186} INFO - Started process (PID=3404) to work on /home/airflow/.local/lib/python3.12/site-packages/airflow/example_dags/tutorial_dag.py
[2024-09-08T07:06:59.516+0000] {processor.py:914} INFO - Processing file /home/airflow/.local/lib/python3.12/site-packages/airflow/example_dags/tutorial_dag.py for tasks to queue
[2024-09-08T07:06:59.517+0000] {logging_mixin.py:190} INFO - [2024-09-08T07:06:59.517+0000] {dagbag.py:587} INFO - Filling up the DagBag from /home/airflow/.local/lib/python3.12/site-packages/airflow/example_dags/tutorial_dag.py
[2024-09-08T07:06:59.523+0000] {processor.py:925} INFO - DAG(s) 'tutorial_dag' retrieved from /home/airflow/.local/lib/python3.12/site-packages/airflow/example_dags/tutorial_dag.py
[2024-09-08T07:06:59.538+0000] {logging_mixin.py:190} INFO - [2024-09-08T07:06:59.538+0000] {dag.py:3229} INFO - Sync 1 DAGs
[2024-09-08T07:06:59.549+0000] {logging_mixin.py:190} INFO - [2024-09-08T07:06:59.548+0000] {dag.py:4156} INFO - Setting next_dagrun for tutorial_dag to None, run_after=None
[2024-09-08T07:06:59.560+0000] {processor.py:208} INFO - Processing /home/airflow/.local/lib/python3.12/site-packages/airflow/example_dags/tutorial_dag.py took 0.050 seconds
[2024-09-08T07:07:29.911+0000] {processor.py:186} INFO - Started process (PID=3466) to work on /home/airflow/.local/lib/python3.12/site-packages/airflow/example_dags/tutorial_dag.py
[2024-09-08T07:07:29.911+0000] {processor.py:914} INFO - Processing file /home/airflow/.local/lib/python3.12/site-packages/airflow/example_dags/tutorial_dag.py for tasks to queue
[2024-09-08T07:07:29.912+0000] {logging_mixin.py:190} INFO - [2024-09-08T07:07:29.912+0000] {dagbag.py:587} INFO - Filling up the DagBag from /home/airflow/.local/lib/python3.12/site-packages/airflow/example_dags/tutorial_dag.py
[2024-09-08T07:07:29.917+0000] {processor.py:925} INFO - DAG(s) 'tutorial_dag' retrieved from /home/airflow/.local/lib/python3.12/site-packages/airflow/example_dags/tutorial_dag.py
[2024-09-08T07:07:29.930+0000] {logging_mixin.py:190} INFO - [2024-09-08T07:07:29.930+0000] {dag.py:3229} INFO - Sync 1 DAGs
[2024-09-08T07:07:29.937+0000] {logging_mixin.py:190} INFO - [2024-09-08T07:07:29.937+0000] {dag.py:4156} INFO - Setting next_dagrun for tutorial_dag to None, run_after=None
[2024-09-08T07:07:29.946+0000] {processor.py:208} INFO - Processing /home/airflow/.local/lib/python3.12/site-packages/airflow/example_dags/tutorial_dag.py took 0.039 seconds
[2024-09-08T07:08:00.304+0000] {processor.py:186} INFO - Started process (PID=3528) to work on /home/airflow/.local/lib/python3.12/site-packages/airflow/example_dags/tutorial_dag.py
[2024-09-08T07:08:00.305+0000] {processor.py:914} INFO - Processing file /home/airflow/.local/lib/python3.12/site-packages/airflow/example_dags/tutorial_dag.py for tasks to queue
[2024-09-08T07:08:00.306+0000] {logging_mixin.py:190} INFO - [2024-09-08T07:08:00.306+0000] {dagbag.py:587} INFO - Filling up the DagBag from /home/airflow/.local/lib/python3.12/site-packages/airflow/example_dags/tutorial_dag.py
[2024-09-08T07:08:00.310+0000] {processor.py:925} INFO - DAG(s) 'tutorial_dag' retrieved from /home/airflow/.local/lib/python3.12/site-packages/airflow/example_dags/tutorial_dag.py
[2024-09-08T07:08:00.323+0000] {logging_mixin.py:190} INFO - [2024-09-08T07:08:00.323+0000] {dag.py:3229} INFO - Sync 1 DAGs
[2024-09-08T07:08:00.331+0000] {logging_mixin.py:190} INFO - [2024-09-08T07:08:00.330+0000] {dag.py:4156} INFO - Setting next_dagrun for tutorial_dag to None, run_after=None
[2024-09-08T07:08:00.341+0000] {processor.py:208} INFO - Processing /home/airflow/.local/lib/python3.12/site-packages/airflow/example_dags/tutorial_dag.py took 0.040 seconds
[2024-09-08T07:08:30.809+0000] {processor.py:186} INFO - Started process (PID=3590) to work on /home/airflow/.local/lib/python3.12/site-packages/airflow/example_dags/tutorial_dag.py
[2024-09-08T07:08:30.810+0000] {processor.py:914} INFO - Processing file /home/airflow/.local/lib/python3.12/site-packages/airflow/example_dags/tutorial_dag.py for tasks to queue
[2024-09-08T07:08:30.811+0000] {logging_mixin.py:190} INFO - [2024-09-08T07:08:30.811+0000] {dagbag.py:587} INFO - Filling up the DagBag from /home/airflow/.local/lib/python3.12/site-packages/airflow/example_dags/tutorial_dag.py
[2024-09-08T07:08:30.815+0000] {processor.py:925} INFO - DAG(s) 'tutorial_dag' retrieved from /home/airflow/.local/lib/python3.12/site-packages/airflow/example_dags/tutorial_dag.py
[2024-09-08T07:08:30.828+0000] {logging_mixin.py:190} INFO - [2024-09-08T07:08:30.828+0000] {dag.py:3229} INFO - Sync 1 DAGs
[2024-09-08T07:08:30.836+0000] {logging_mixin.py:190} INFO - [2024-09-08T07:08:30.835+0000] {dag.py:4156} INFO - Setting next_dagrun for tutorial_dag to None, run_after=None
[2024-09-08T07:08:30.846+0000] {processor.py:208} INFO - Processing /home/airflow/.local/lib/python3.12/site-packages/airflow/example_dags/tutorial_dag.py took 0.041 seconds
[2024-09-08T07:09:01.545+0000] {processor.py:186} INFO - Started process (PID=3652) to work on /home/airflow/.local/lib/python3.12/site-packages/airflow/example_dags/tutorial_dag.py
[2024-09-08T07:09:01.546+0000] {processor.py:914} INFO - Processing file /home/airflow/.local/lib/python3.12/site-packages/airflow/example_dags/tutorial_dag.py for tasks to queue
[2024-09-08T07:09:01.547+0000] {logging_mixin.py:190} INFO - [2024-09-08T07:09:01.547+0000] {dagbag.py:587} INFO - Filling up the DagBag from /home/airflow/.local/lib/python3.12/site-packages/airflow/example_dags/tutorial_dag.py
[2024-09-08T07:09:01.551+0000] {processor.py:925} INFO - DAG(s) 'tutorial_dag' retrieved from /home/airflow/.local/lib/python3.12/site-packages/airflow/example_dags/tutorial_dag.py
[2024-09-08T07:09:01.564+0000] {logging_mixin.py:190} INFO - [2024-09-08T07:09:01.564+0000] {dag.py:3229} INFO - Sync 1 DAGs
[2024-09-08T07:09:01.572+0000] {logging_mixin.py:190} INFO - [2024-09-08T07:09:01.571+0000] {dag.py:4156} INFO - Setting next_dagrun for tutorial_dag to None, run_after=None
[2024-09-08T07:09:01.582+0000] {processor.py:208} INFO - Processing /home/airflow/.local/lib/python3.12/site-packages/airflow/example_dags/tutorial_dag.py took 0.040 seconds
[2024-09-08T07:09:31.865+0000] {processor.py:186} INFO - Started process (PID=3714) to work on /home/airflow/.local/lib/python3.12/site-packages/airflow/example_dags/tutorial_dag.py
[2024-09-08T07:09:31.866+0000] {processor.py:914} INFO - Processing file /home/airflow/.local/lib/python3.12/site-packages/airflow/example_dags/tutorial_dag.py for tasks to queue
[2024-09-08T07:09:31.867+0000] {logging_mixin.py:190} INFO - [2024-09-08T07:09:31.867+0000] {dagbag.py:587} INFO - Filling up the DagBag from /home/airflow/.local/lib/python3.12/site-packages/airflow/example_dags/tutorial_dag.py
[2024-09-08T07:09:31.871+0000] {processor.py:925} INFO - DAG(s) 'tutorial_dag' retrieved from /home/airflow/.local/lib/python3.12/site-packages/airflow/example_dags/tutorial_dag.py
[2024-09-08T07:09:31.883+0000] {logging_mixin.py:190} INFO - [2024-09-08T07:09:31.882+0000] {dag.py:3229} INFO - Sync 1 DAGs
[2024-09-08T07:09:31.890+0000] {logging_mixin.py:190} INFO - [2024-09-08T07:09:31.890+0000] {dag.py:4156} INFO - Setting next_dagrun for tutorial_dag to None, run_after=None
[2024-09-08T07:09:31.901+0000] {processor.py:208} INFO - Processing /home/airflow/.local/lib/python3.12/site-packages/airflow/example_dags/tutorial_dag.py took 0.039 seconds
[2024-09-08T07:10:02.476+0000] {processor.py:186} INFO - Started process (PID=3776) to work on /home/airflow/.local/lib/python3.12/site-packages/airflow/example_dags/tutorial_dag.py
[2024-09-08T07:10:02.476+0000] {processor.py:914} INFO - Processing file /home/airflow/.local/lib/python3.12/site-packages/airflow/example_dags/tutorial_dag.py for tasks to queue
[2024-09-08T07:10:02.477+0000] {logging_mixin.py:190} INFO - [2024-09-08T07:10:02.477+0000] {dagbag.py:587} INFO - Filling up the DagBag from /home/airflow/.local/lib/python3.12/site-packages/airflow/example_dags/tutorial_dag.py
[2024-09-08T07:10:02.481+0000] {processor.py:925} INFO - DAG(s) 'tutorial_dag' retrieved from /home/airflow/.local/lib/python3.12/site-packages/airflow/example_dags/tutorial_dag.py
[2024-09-08T07:10:02.495+0000] {logging_mixin.py:190} INFO - [2024-09-08T07:10:02.495+0000] {dag.py:3229} INFO - Sync 1 DAGs
[2024-09-08T07:10:02.504+0000] {logging_mixin.py:190} INFO - [2024-09-08T07:10:02.504+0000] {dag.py:4156} INFO - Setting next_dagrun for tutorial_dag to None, run_after=None
[2024-09-08T07:10:02.517+0000] {processor.py:208} INFO - Processing /home/airflow/.local/lib/python3.12/site-packages/airflow/example_dags/tutorial_dag.py took 0.044 seconds
[2024-09-08T07:10:33.015+0000] {processor.py:186} INFO - Started process (PID=3838) to work on /home/airflow/.local/lib/python3.12/site-packages/airflow/example_dags/tutorial_dag.py
[2024-09-08T07:10:33.016+0000] {processor.py:914} INFO - Processing file /home/airflow/.local/lib/python3.12/site-packages/airflow/example_dags/tutorial_dag.py for tasks to queue
[2024-09-08T07:10:33.017+0000] {logging_mixin.py:190} INFO - [2024-09-08T07:10:33.017+0000] {dagbag.py:587} INFO - Filling up the DagBag from /home/airflow/.local/lib/python3.12/site-packages/airflow/example_dags/tutorial_dag.py
[2024-09-08T07:10:33.020+0000] {processor.py:925} INFO - DAG(s) 'tutorial_dag' retrieved from /home/airflow/.local/lib/python3.12/site-packages/airflow/example_dags/tutorial_dag.py
[2024-09-08T07:10:33.036+0000] {logging_mixin.py:190} INFO - [2024-09-08T07:10:33.036+0000] {dag.py:3229} INFO - Sync 1 DAGs
[2024-09-08T07:10:33.043+0000] {logging_mixin.py:190} INFO - [2024-09-08T07:10:33.043+0000] {dag.py:4156} INFO - Setting next_dagrun for tutorial_dag to None, run_after=None
[2024-09-08T07:10:33.054+0000] {processor.py:208} INFO - Processing /home/airflow/.local/lib/python3.12/site-packages/airflow/example_dags/tutorial_dag.py took 0.042 seconds
[2024-09-08T07:11:03.487+0000] {processor.py:186} INFO - Started process (PID=3900) to work on /home/airflow/.local/lib/python3.12/site-packages/airflow/example_dags/tutorial_dag.py
[2024-09-08T07:11:03.488+0000] {processor.py:914} INFO - Processing file /home/airflow/.local/lib/python3.12/site-packages/airflow/example_dags/tutorial_dag.py for tasks to queue
[2024-09-08T07:11:03.489+0000] {logging_mixin.py:190} INFO - [2024-09-08T07:11:03.489+0000] {dagbag.py:587} INFO - Filling up the DagBag from /home/airflow/.local/lib/python3.12/site-packages/airflow/example_dags/tutorial_dag.py
[2024-09-08T07:11:03.494+0000] {processor.py:925} INFO - DAG(s) 'tutorial_dag' retrieved from /home/airflow/.local/lib/python3.12/site-packages/airflow/example_dags/tutorial_dag.py
[2024-09-08T07:11:03.508+0000] {logging_mixin.py:190} INFO - [2024-09-08T07:11:03.508+0000] {dag.py:3229} INFO - Sync 1 DAGs
[2024-09-08T07:11:03.519+0000] {logging_mixin.py:190} INFO - [2024-09-08T07:11:03.519+0000] {dag.py:4156} INFO - Setting next_dagrun for tutorial_dag to None, run_after=None
[2024-09-08T07:11:03.532+0000] {processor.py:208} INFO - Processing /home/airflow/.local/lib/python3.12/site-packages/airflow/example_dags/tutorial_dag.py took 0.048 seconds
[2024-09-08T07:11:33.883+0000] {processor.py:186} INFO - Started process (PID=3962) to work on /home/airflow/.local/lib/python3.12/site-packages/airflow/example_dags/tutorial_dag.py
[2024-09-08T07:11:33.884+0000] {processor.py:914} INFO - Processing file /home/airflow/.local/lib/python3.12/site-packages/airflow/example_dags/tutorial_dag.py for tasks to queue
[2024-09-08T07:11:33.885+0000] {logging_mixin.py:190} INFO - [2024-09-08T07:11:33.885+0000] {dagbag.py:587} INFO - Filling up the DagBag from /home/airflow/.local/lib/python3.12/site-packages/airflow/example_dags/tutorial_dag.py
[2024-09-08T07:11:33.889+0000] {processor.py:925} INFO - DAG(s) 'tutorial_dag' retrieved from /home/airflow/.local/lib/python3.12/site-packages/airflow/example_dags/tutorial_dag.py
[2024-09-08T07:11:33.903+0000] {logging_mixin.py:190} INFO - [2024-09-08T07:11:33.903+0000] {dag.py:3229} INFO - Sync 1 DAGs
[2024-09-08T07:11:33.914+0000] {logging_mixin.py:190} INFO - [2024-09-08T07:11:33.914+0000] {dag.py:4156} INFO - Setting next_dagrun for tutorial_dag to None, run_after=None
[2024-09-08T07:11:33.928+0000] {processor.py:208} INFO - Processing /home/airflow/.local/lib/python3.12/site-packages/airflow/example_dags/tutorial_dag.py took 0.048 seconds
[2024-09-08T07:16:38.933+0000] {processor.py:186} INFO - Started process (PID=4024) to work on /home/airflow/.local/lib/python3.12/site-packages/airflow/example_dags/tutorial_dag.py
[2024-09-08T07:16:38.933+0000] {processor.py:914} INFO - Processing file /home/airflow/.local/lib/python3.12/site-packages/airflow/example_dags/tutorial_dag.py for tasks to queue
[2024-09-08T07:16:38.935+0000] {logging_mixin.py:190} INFO - [2024-09-08T07:16:38.935+0000] {dagbag.py:587} INFO - Filling up the DagBag from /home/airflow/.local/lib/python3.12/site-packages/airflow/example_dags/tutorial_dag.py
[2024-09-08T07:16:38.940+0000] {processor.py:925} INFO - DAG(s) 'tutorial_dag' retrieved from /home/airflow/.local/lib/python3.12/site-packages/airflow/example_dags/tutorial_dag.py
[2024-09-08T07:16:38.953+0000] {logging_mixin.py:190} INFO - [2024-09-08T07:16:38.953+0000] {dag.py:3229} INFO - Sync 1 DAGs
[2024-09-08T07:16:38.962+0000] {logging_mixin.py:190} INFO - [2024-09-08T07:16:38.962+0000] {dag.py:4156} INFO - Setting next_dagrun for tutorial_dag to None, run_after=None
[2024-09-08T07:16:38.975+0000] {processor.py:208} INFO - Processing /home/airflow/.local/lib/python3.12/site-packages/airflow/example_dags/tutorial_dag.py took 0.046 seconds
[2024-09-08T07:17:09.414+0000] {processor.py:186} INFO - Started process (PID=4086) to work on /home/airflow/.local/lib/python3.12/site-packages/airflow/example_dags/tutorial_dag.py
[2024-09-08T07:17:09.414+0000] {processor.py:914} INFO - Processing file /home/airflow/.local/lib/python3.12/site-packages/airflow/example_dags/tutorial_dag.py for tasks to queue
[2024-09-08T07:17:09.416+0000] {logging_mixin.py:190} INFO - [2024-09-08T07:17:09.416+0000] {dagbag.py:587} INFO - Filling up the DagBag from /home/airflow/.local/lib/python3.12/site-packages/airflow/example_dags/tutorial_dag.py
[2024-09-08T07:17:09.421+0000] {processor.py:925} INFO - DAG(s) 'tutorial_dag' retrieved from /home/airflow/.local/lib/python3.12/site-packages/airflow/example_dags/tutorial_dag.py
[2024-09-08T07:17:09.434+0000] {logging_mixin.py:190} INFO - [2024-09-08T07:17:09.433+0000] {dag.py:3229} INFO - Sync 1 DAGs
[2024-09-08T07:17:09.442+0000] {logging_mixin.py:190} INFO - [2024-09-08T07:17:09.442+0000] {dag.py:4156} INFO - Setting next_dagrun for tutorial_dag to None, run_after=None
[2024-09-08T07:17:09.453+0000] {processor.py:208} INFO - Processing /home/airflow/.local/lib/python3.12/site-packages/airflow/example_dags/tutorial_dag.py took 0.042 seconds
[2024-09-08T07:17:40.038+0000] {processor.py:186} INFO - Started process (PID=4148) to work on /home/airflow/.local/lib/python3.12/site-packages/airflow/example_dags/tutorial_dag.py
[2024-09-08T07:17:40.039+0000] {processor.py:914} INFO - Processing file /home/airflow/.local/lib/python3.12/site-packages/airflow/example_dags/tutorial_dag.py for tasks to queue
[2024-09-08T07:17:40.040+0000] {logging_mixin.py:190} INFO - [2024-09-08T07:17:40.040+0000] {dagbag.py:587} INFO - Filling up the DagBag from /home/airflow/.local/lib/python3.12/site-packages/airflow/example_dags/tutorial_dag.py
[2024-09-08T07:17:40.044+0000] {processor.py:925} INFO - DAG(s) 'tutorial_dag' retrieved from /home/airflow/.local/lib/python3.12/site-packages/airflow/example_dags/tutorial_dag.py
[2024-09-08T07:17:40.055+0000] {logging_mixin.py:190} INFO - [2024-09-08T07:17:40.055+0000] {dag.py:3229} INFO - Sync 1 DAGs
[2024-09-08T07:17:40.062+0000] {logging_mixin.py:190} INFO - [2024-09-08T07:17:40.062+0000] {dag.py:4156} INFO - Setting next_dagrun for tutorial_dag to None, run_after=None
[2024-09-08T07:17:40.072+0000] {processor.py:208} INFO - Processing /home/airflow/.local/lib/python3.12/site-packages/airflow/example_dags/tutorial_dag.py took 0.036 seconds
[2024-09-08T07:18:10.547+0000] {processor.py:186} INFO - Started process (PID=4210) to work on /home/airflow/.local/lib/python3.12/site-packages/airflow/example_dags/tutorial_dag.py
[2024-09-08T07:18:10.547+0000] {processor.py:914} INFO - Processing file /home/airflow/.local/lib/python3.12/site-packages/airflow/example_dags/tutorial_dag.py for tasks to queue
[2024-09-08T07:18:10.548+0000] {logging_mixin.py:190} INFO - [2024-09-08T07:18:10.548+0000] {dagbag.py:587} INFO - Filling up the DagBag from /home/airflow/.local/lib/python3.12/site-packages/airflow/example_dags/tutorial_dag.py
[2024-09-08T07:18:10.552+0000] {processor.py:925} INFO - DAG(s) 'tutorial_dag' retrieved from /home/airflow/.local/lib/python3.12/site-packages/airflow/example_dags/tutorial_dag.py
[2024-09-08T07:18:10.567+0000] {logging_mixin.py:190} INFO - [2024-09-08T07:18:10.567+0000] {dag.py:3229} INFO - Sync 1 DAGs
[2024-09-08T07:18:10.578+0000] {logging_mixin.py:190} INFO - [2024-09-08T07:18:10.577+0000] {dag.py:4156} INFO - Setting next_dagrun for tutorial_dag to None, run_after=None
[2024-09-08T07:18:10.590+0000] {processor.py:208} INFO - Processing /home/airflow/.local/lib/python3.12/site-packages/airflow/example_dags/tutorial_dag.py took 0.047 seconds
[2024-09-08T07:18:41.105+0000] {processor.py:186} INFO - Started process (PID=4271) to work on /home/airflow/.local/lib/python3.12/site-packages/airflow/example_dags/tutorial_dag.py
[2024-09-08T07:18:41.105+0000] {processor.py:914} INFO - Processing file /home/airflow/.local/lib/python3.12/site-packages/airflow/example_dags/tutorial_dag.py for tasks to queue
[2024-09-08T07:18:41.107+0000] {logging_mixin.py:190} INFO - [2024-09-08T07:18:41.106+0000] {dagbag.py:587} INFO - Filling up the DagBag from /home/airflow/.local/lib/python3.12/site-packages/airflow/example_dags/tutorial_dag.py
[2024-09-08T07:18:41.111+0000] {processor.py:925} INFO - DAG(s) 'tutorial_dag' retrieved from /home/airflow/.local/lib/python3.12/site-packages/airflow/example_dags/tutorial_dag.py
[2024-09-08T07:18:41.127+0000] {logging_mixin.py:190} INFO - [2024-09-08T07:18:41.127+0000] {dag.py:3229} INFO - Sync 1 DAGs
[2024-09-08T07:18:41.137+0000] {logging_mixin.py:190} INFO - [2024-09-08T07:18:41.136+0000] {dag.py:4156} INFO - Setting next_dagrun for tutorial_dag to None, run_after=None
[2024-09-08T07:18:41.150+0000] {processor.py:208} INFO - Processing /home/airflow/.local/lib/python3.12/site-packages/airflow/example_dags/tutorial_dag.py took 0.049 seconds
[2024-09-08T07:19:11.787+0000] {processor.py:186} INFO - Started process (PID=4334) to work on /home/airflow/.local/lib/python3.12/site-packages/airflow/example_dags/tutorial_dag.py
[2024-09-08T07:19:11.787+0000] {processor.py:914} INFO - Processing file /home/airflow/.local/lib/python3.12/site-packages/airflow/example_dags/tutorial_dag.py for tasks to queue
[2024-09-08T07:19:11.789+0000] {logging_mixin.py:190} INFO - [2024-09-08T07:19:11.788+0000] {dagbag.py:587} INFO - Filling up the DagBag from /home/airflow/.local/lib/python3.12/site-packages/airflow/example_dags/tutorial_dag.py
[2024-09-08T07:19:11.792+0000] {processor.py:925} INFO - DAG(s) 'tutorial_dag' retrieved from /home/airflow/.local/lib/python3.12/site-packages/airflow/example_dags/tutorial_dag.py
[2024-09-08T07:19:11.803+0000] {logging_mixin.py:190} INFO - [2024-09-08T07:19:11.802+0000] {dag.py:3229} INFO - Sync 1 DAGs
[2024-09-08T07:19:11.811+0000] {logging_mixin.py:190} INFO - [2024-09-08T07:19:11.811+0000] {dag.py:4156} INFO - Setting next_dagrun for tutorial_dag to None, run_after=None
[2024-09-08T07:19:11.821+0000] {processor.py:208} INFO - Processing /home/airflow/.local/lib/python3.12/site-packages/airflow/example_dags/tutorial_dag.py took 0.038 seconds
[2024-09-08T07:19:42.612+0000] {processor.py:186} INFO - Started process (PID=4396) to work on /home/airflow/.local/lib/python3.12/site-packages/airflow/example_dags/tutorial_dag.py
[2024-09-08T07:19:42.612+0000] {processor.py:914} INFO - Processing file /home/airflow/.local/lib/python3.12/site-packages/airflow/example_dags/tutorial_dag.py for tasks to queue
[2024-09-08T07:19:42.613+0000] {logging_mixin.py:190} INFO - [2024-09-08T07:19:42.613+0000] {dagbag.py:587} INFO - Filling up the DagBag from /home/airflow/.local/lib/python3.12/site-packages/airflow/example_dags/tutorial_dag.py
[2024-09-08T07:19:42.618+0000] {processor.py:925} INFO - DAG(s) 'tutorial_dag' retrieved from /home/airflow/.local/lib/python3.12/site-packages/airflow/example_dags/tutorial_dag.py
[2024-09-08T07:19:42.634+0000] {logging_mixin.py:190} INFO - [2024-09-08T07:19:42.633+0000] {dag.py:3229} INFO - Sync 1 DAGs
[2024-09-08T07:19:42.645+0000] {logging_mixin.py:190} INFO - [2024-09-08T07:19:42.645+0000] {dag.py:4156} INFO - Setting next_dagrun for tutorial_dag to None, run_after=None
[2024-09-08T07:19:42.656+0000] {processor.py:208} INFO - Processing /home/airflow/.local/lib/python3.12/site-packages/airflow/example_dags/tutorial_dag.py took 0.047 seconds
[2024-09-08T07:20:13.385+0000] {processor.py:186} INFO - Started process (PID=4458) to work on /home/airflow/.local/lib/python3.12/site-packages/airflow/example_dags/tutorial_dag.py
[2024-09-08T07:20:13.385+0000] {processor.py:914} INFO - Processing file /home/airflow/.local/lib/python3.12/site-packages/airflow/example_dags/tutorial_dag.py for tasks to queue
[2024-09-08T07:20:13.387+0000] {logging_mixin.py:190} INFO - [2024-09-08T07:20:13.386+0000] {dagbag.py:587} INFO - Filling up the DagBag from /home/airflow/.local/lib/python3.12/site-packages/airflow/example_dags/tutorial_dag.py
[2024-09-08T07:20:13.391+0000] {processor.py:925} INFO - DAG(s) 'tutorial_dag' retrieved from /home/airflow/.local/lib/python3.12/site-packages/airflow/example_dags/tutorial_dag.py
[2024-09-08T07:20:13.405+0000] {logging_mixin.py:190} INFO - [2024-09-08T07:20:13.405+0000] {dag.py:3229} INFO - Sync 1 DAGs
[2024-09-08T07:20:13.415+0000] {logging_mixin.py:190} INFO - [2024-09-08T07:20:13.415+0000] {dag.py:4156} INFO - Setting next_dagrun for tutorial_dag to None, run_after=None
[2024-09-08T07:20:13.427+0000] {processor.py:208} INFO - Processing /home/airflow/.local/lib/python3.12/site-packages/airflow/example_dags/tutorial_dag.py took 0.047 seconds
[2024-09-08T07:20:43.774+0000] {processor.py:186} INFO - Started process (PID=4520) to work on /home/airflow/.local/lib/python3.12/site-packages/airflow/example_dags/tutorial_dag.py
[2024-09-08T07:20:43.774+0000] {processor.py:914} INFO - Processing file /home/airflow/.local/lib/python3.12/site-packages/airflow/example_dags/tutorial_dag.py for tasks to queue
[2024-09-08T07:20:43.776+0000] {logging_mixin.py:190} INFO - [2024-09-08T07:20:43.775+0000] {dagbag.py:587} INFO - Filling up the DagBag from /home/airflow/.local/lib/python3.12/site-packages/airflow/example_dags/tutorial_dag.py
[2024-09-08T07:20:43.780+0000] {processor.py:925} INFO - DAG(s) 'tutorial_dag' retrieved from /home/airflow/.local/lib/python3.12/site-packages/airflow/example_dags/tutorial_dag.py
[2024-09-08T07:20:43.794+0000] {logging_mixin.py:190} INFO - [2024-09-08T07:20:43.794+0000] {dag.py:3229} INFO - Sync 1 DAGs
[2024-09-08T07:20:43.801+0000] {logging_mixin.py:190} INFO - [2024-09-08T07:20:43.801+0000] {dag.py:4156} INFO - Setting next_dagrun for tutorial_dag to None, run_after=None
[2024-09-08T07:20:43.812+0000] {processor.py:208} INFO - Processing /home/airflow/.local/lib/python3.12/site-packages/airflow/example_dags/tutorial_dag.py took 0.042 seconds
[2024-09-08T07:21:14.289+0000] {processor.py:186} INFO - Started process (PID=4582) to work on /home/airflow/.local/lib/python3.12/site-packages/airflow/example_dags/tutorial_dag.py
[2024-09-08T07:21:14.290+0000] {processor.py:914} INFO - Processing file /home/airflow/.local/lib/python3.12/site-packages/airflow/example_dags/tutorial_dag.py for tasks to queue
[2024-09-08T07:21:14.291+0000] {logging_mixin.py:190} INFO - [2024-09-08T07:21:14.291+0000] {dagbag.py:587} INFO - Filling up the DagBag from /home/airflow/.local/lib/python3.12/site-packages/airflow/example_dags/tutorial_dag.py
[2024-09-08T07:21:14.295+0000] {processor.py:925} INFO - DAG(s) 'tutorial_dag' retrieved from /home/airflow/.local/lib/python3.12/site-packages/airflow/example_dags/tutorial_dag.py
[2024-09-08T07:21:14.310+0000] {logging_mixin.py:190} INFO - [2024-09-08T07:21:14.310+0000] {dag.py:3229} INFO - Sync 1 DAGs
[2024-09-08T07:21:14.317+0000] {logging_mixin.py:190} INFO - [2024-09-08T07:21:14.317+0000] {dag.py:4156} INFO - Setting next_dagrun for tutorial_dag to None, run_after=None
[2024-09-08T07:21:14.329+0000] {processor.py:208} INFO - Processing /home/airflow/.local/lib/python3.12/site-packages/airflow/example_dags/tutorial_dag.py took 0.044 seconds
