[2024-09-08T06:39:28.747+0000] {processor.py:186} INFO - Started process (PID=70) to work on /home/airflow/.local/lib/python3.12/site-packages/airflow/example_dags/tutorial_taskflow_api.py
[2024-09-08T06:39:28.748+0000] {processor.py:914} INFO - Processing file /home/airflow/.local/lib/python3.12/site-packages/airflow/example_dags/tutorial_taskflow_api.py for tasks to queue
[2024-09-08T06:39:28.749+0000] {logging_mixin.py:190} INFO - [2024-09-08T06:39:28.749+0000] {dagbag.py:587} INFO - Filling up the DagBag from /home/airflow/.local/lib/python3.12/site-packages/airflow/example_dags/tutorial_taskflow_api.py
[2024-09-08T06:39:28.756+0000] {processor.py:925} INFO - DAG(s) 'tutorial_taskflow_api' retrieved from /home/airflow/.local/lib/python3.12/site-packages/airflow/example_dags/tutorial_taskflow_api.py
[2024-09-08T06:39:28.834+0000] {logging_mixin.py:190} INFO - [2024-09-08T06:39:28.833+0000] {override.py:1900} INFO - Created Permission View: can edit on DAG:tutorial_taskflow_api
[2024-09-08T06:39:28.842+0000] {logging_mixin.py:190} INFO - [2024-09-08T06:39:28.841+0000] {override.py:1900} INFO - Created Permission View: can read on DAG:tutorial_taskflow_api
[2024-09-08T06:39:28.847+0000] {logging_mixin.py:190} INFO - [2024-09-08T06:39:28.846+0000] {override.py:1900} INFO - Created Permission View: can delete on DAG:tutorial_taskflow_api
[2024-09-08T06:39:28.852+0000] {logging_mixin.py:190} INFO - [2024-09-08T06:39:28.851+0000] {override.py:1900} INFO - Created Permission View: can read on DAG Run:tutorial_taskflow_api
[2024-09-08T06:39:28.857+0000] {logging_mixin.py:190} INFO - [2024-09-08T06:39:28.857+0000] {override.py:1900} INFO - Created Permission View: can delete on DAG Run:tutorial_taskflow_api
[2024-09-08T06:39:28.861+0000] {logging_mixin.py:190} INFO - [2024-09-08T06:39:28.861+0000] {override.py:1900} INFO - Created Permission View: can create on DAG Run:tutorial_taskflow_api
[2024-09-08T06:39:28.865+0000] {logging_mixin.py:190} INFO - [2024-09-08T06:39:28.865+0000] {override.py:1900} INFO - Created Permission View: menu access on DAG Run:tutorial_taskflow_api
[2024-09-08T06:39:28.866+0000] {logging_mixin.py:190} INFO - [2024-09-08T06:39:28.866+0000] {dag.py:3229} INFO - Sync 1 DAGs
[2024-09-08T06:39:28.877+0000] {logging_mixin.py:190} INFO - [2024-09-08T06:39:28.877+0000] {dag.py:3252} INFO - Creating ORM DAG for tutorial_taskflow_api
[2024-09-08T06:39:28.878+0000] {logging_mixin.py:190} INFO - [2024-09-08T06:39:28.878+0000] {dag.py:4156} INFO - Setting next_dagrun for tutorial_taskflow_api to None, run_after=None
[2024-09-08T06:39:28.890+0000] {processor.py:208} INFO - Processing /home/airflow/.local/lib/python3.12/site-packages/airflow/example_dags/tutorial_taskflow_api.py took 0.146 seconds
[2024-09-08T06:39:59.599+0000] {processor.py:186} INFO - Started process (PID=132) to work on /home/airflow/.local/lib/python3.12/site-packages/airflow/example_dags/tutorial_taskflow_api.py
[2024-09-08T06:39:59.599+0000] {processor.py:914} INFO - Processing file /home/airflow/.local/lib/python3.12/site-packages/airflow/example_dags/tutorial_taskflow_api.py for tasks to queue
[2024-09-08T06:39:59.601+0000] {logging_mixin.py:190} INFO - [2024-09-08T06:39:59.601+0000] {dagbag.py:587} INFO - Filling up the DagBag from /home/airflow/.local/lib/python3.12/site-packages/airflow/example_dags/tutorial_taskflow_api.py
[2024-09-08T06:39:59.605+0000] {processor.py:925} INFO - DAG(s) 'tutorial_taskflow_api' retrieved from /home/airflow/.local/lib/python3.12/site-packages/airflow/example_dags/tutorial_taskflow_api.py
[2024-09-08T06:39:59.618+0000] {logging_mixin.py:190} INFO - [2024-09-08T06:39:59.617+0000] {dag.py:3229} INFO - Sync 1 DAGs
[2024-09-08T06:39:59.626+0000] {logging_mixin.py:190} INFO - [2024-09-08T06:39:59.625+0000] {dag.py:4156} INFO - Setting next_dagrun for tutorial_taskflow_api to None, run_after=None
[2024-09-08T06:39:59.637+0000] {processor.py:208} INFO - Processing /home/airflow/.local/lib/python3.12/site-packages/airflow/example_dags/tutorial_taskflow_api.py took 0.043 seconds
[2024-09-08T06:40:30.110+0000] {processor.py:186} INFO - Started process (PID=194) to work on /home/airflow/.local/lib/python3.12/site-packages/airflow/example_dags/tutorial_taskflow_api.py
[2024-09-08T06:40:30.111+0000] {processor.py:914} INFO - Processing file /home/airflow/.local/lib/python3.12/site-packages/airflow/example_dags/tutorial_taskflow_api.py for tasks to queue
[2024-09-08T06:40:30.112+0000] {logging_mixin.py:190} INFO - [2024-09-08T06:40:30.112+0000] {dagbag.py:587} INFO - Filling up the DagBag from /home/airflow/.local/lib/python3.12/site-packages/airflow/example_dags/tutorial_taskflow_api.py
[2024-09-08T06:40:30.116+0000] {processor.py:925} INFO - DAG(s) 'tutorial_taskflow_api' retrieved from /home/airflow/.local/lib/python3.12/site-packages/airflow/example_dags/tutorial_taskflow_api.py
[2024-09-08T06:40:30.129+0000] {logging_mixin.py:190} INFO - [2024-09-08T06:40:30.129+0000] {dag.py:3229} INFO - Sync 1 DAGs
[2024-09-08T06:40:30.139+0000] {logging_mixin.py:190} INFO - [2024-09-08T06:40:30.139+0000] {dag.py:4156} INFO - Setting next_dagrun for tutorial_taskflow_api to None, run_after=None
[2024-09-08T06:40:30.152+0000] {processor.py:208} INFO - Processing /home/airflow/.local/lib/python3.12/site-packages/airflow/example_dags/tutorial_taskflow_api.py took 0.045 seconds
[2024-09-08T06:41:00.563+0000] {processor.py:186} INFO - Started process (PID=256) to work on /home/airflow/.local/lib/python3.12/site-packages/airflow/example_dags/tutorial_taskflow_api.py
[2024-09-08T06:41:00.563+0000] {processor.py:914} INFO - Processing file /home/airflow/.local/lib/python3.12/site-packages/airflow/example_dags/tutorial_taskflow_api.py for tasks to queue
[2024-09-08T06:41:00.564+0000] {logging_mixin.py:190} INFO - [2024-09-08T06:41:00.564+0000] {dagbag.py:587} INFO - Filling up the DagBag from /home/airflow/.local/lib/python3.12/site-packages/airflow/example_dags/tutorial_taskflow_api.py
[2024-09-08T06:41:00.568+0000] {processor.py:925} INFO - DAG(s) 'tutorial_taskflow_api' retrieved from /home/airflow/.local/lib/python3.12/site-packages/airflow/example_dags/tutorial_taskflow_api.py
[2024-09-08T06:41:00.582+0000] {logging_mixin.py:190} INFO - [2024-09-08T06:41:00.582+0000] {dag.py:3229} INFO - Sync 1 DAGs
[2024-09-08T06:41:00.592+0000] {logging_mixin.py:190} INFO - [2024-09-08T06:41:00.592+0000] {dag.py:4156} INFO - Setting next_dagrun for tutorial_taskflow_api to None, run_after=None
[2024-09-08T06:41:00.605+0000] {processor.py:208} INFO - Processing /home/airflow/.local/lib/python3.12/site-packages/airflow/example_dags/tutorial_taskflow_api.py took 0.045 seconds
[2024-09-08T06:41:30.976+0000] {processor.py:186} INFO - Started process (PID=318) to work on /home/airflow/.local/lib/python3.12/site-packages/airflow/example_dags/tutorial_taskflow_api.py
[2024-09-08T06:41:30.977+0000] {processor.py:914} INFO - Processing file /home/airflow/.local/lib/python3.12/site-packages/airflow/example_dags/tutorial_taskflow_api.py for tasks to queue
[2024-09-08T06:41:30.978+0000] {logging_mixin.py:190} INFO - [2024-09-08T06:41:30.977+0000] {dagbag.py:587} INFO - Filling up the DagBag from /home/airflow/.local/lib/python3.12/site-packages/airflow/example_dags/tutorial_taskflow_api.py
[2024-09-08T06:41:30.981+0000] {processor.py:925} INFO - DAG(s) 'tutorial_taskflow_api' retrieved from /home/airflow/.local/lib/python3.12/site-packages/airflow/example_dags/tutorial_taskflow_api.py
[2024-09-08T06:41:30.996+0000] {logging_mixin.py:190} INFO - [2024-09-08T06:41:30.995+0000] {dag.py:3229} INFO - Sync 1 DAGs
[2024-09-08T06:41:31.004+0000] {logging_mixin.py:190} INFO - [2024-09-08T06:41:31.003+0000] {dag.py:4156} INFO - Setting next_dagrun for tutorial_taskflow_api to None, run_after=None
[2024-09-08T06:41:31.016+0000] {processor.py:208} INFO - Processing /home/airflow/.local/lib/python3.12/site-packages/airflow/example_dags/tutorial_taskflow_api.py took 0.044 seconds
[2024-09-08T06:42:01.739+0000] {processor.py:186} INFO - Started process (PID=380) to work on /home/airflow/.local/lib/python3.12/site-packages/airflow/example_dags/tutorial_taskflow_api.py
[2024-09-08T06:42:01.740+0000] {processor.py:914} INFO - Processing file /home/airflow/.local/lib/python3.12/site-packages/airflow/example_dags/tutorial_taskflow_api.py for tasks to queue
[2024-09-08T06:42:01.741+0000] {logging_mixin.py:190} INFO - [2024-09-08T06:42:01.741+0000] {dagbag.py:587} INFO - Filling up the DagBag from /home/airflow/.local/lib/python3.12/site-packages/airflow/example_dags/tutorial_taskflow_api.py
[2024-09-08T06:42:01.745+0000] {processor.py:925} INFO - DAG(s) 'tutorial_taskflow_api' retrieved from /home/airflow/.local/lib/python3.12/site-packages/airflow/example_dags/tutorial_taskflow_api.py
[2024-09-08T06:42:01.759+0000] {logging_mixin.py:190} INFO - [2024-09-08T06:42:01.759+0000] {dag.py:3229} INFO - Sync 1 DAGs
[2024-09-08T06:42:01.767+0000] {logging_mixin.py:190} INFO - [2024-09-08T06:42:01.767+0000] {dag.py:4156} INFO - Setting next_dagrun for tutorial_taskflow_api to None, run_after=None
[2024-09-08T06:42:01.778+0000] {processor.py:208} INFO - Processing /home/airflow/.local/lib/python3.12/site-packages/airflow/example_dags/tutorial_taskflow_api.py took 0.042 seconds
[2024-09-08T06:42:32.137+0000] {processor.py:186} INFO - Started process (PID=442) to work on /home/airflow/.local/lib/python3.12/site-packages/airflow/example_dags/tutorial_taskflow_api.py
[2024-09-08T06:42:32.138+0000] {processor.py:914} INFO - Processing file /home/airflow/.local/lib/python3.12/site-packages/airflow/example_dags/tutorial_taskflow_api.py for tasks to queue
[2024-09-08T06:42:32.139+0000] {logging_mixin.py:190} INFO - [2024-09-08T06:42:32.139+0000] {dagbag.py:587} INFO - Filling up the DagBag from /home/airflow/.local/lib/python3.12/site-packages/airflow/example_dags/tutorial_taskflow_api.py
[2024-09-08T06:42:32.143+0000] {processor.py:925} INFO - DAG(s) 'tutorial_taskflow_api' retrieved from /home/airflow/.local/lib/python3.12/site-packages/airflow/example_dags/tutorial_taskflow_api.py
[2024-09-08T06:42:32.154+0000] {logging_mixin.py:190} INFO - [2024-09-08T06:42:32.154+0000] {dag.py:3229} INFO - Sync 1 DAGs
[2024-09-08T06:42:32.161+0000] {logging_mixin.py:190} INFO - [2024-09-08T06:42:32.161+0000] {dag.py:4156} INFO - Setting next_dagrun for tutorial_taskflow_api to None, run_after=None
[2024-09-08T06:42:32.172+0000] {processor.py:208} INFO - Processing /home/airflow/.local/lib/python3.12/site-packages/airflow/example_dags/tutorial_taskflow_api.py took 0.038 seconds
[2024-09-08T06:43:02.520+0000] {processor.py:186} INFO - Started process (PID=504) to work on /home/airflow/.local/lib/python3.12/site-packages/airflow/example_dags/tutorial_taskflow_api.py
[2024-09-08T06:43:02.521+0000] {processor.py:914} INFO - Processing file /home/airflow/.local/lib/python3.12/site-packages/airflow/example_dags/tutorial_taskflow_api.py for tasks to queue
[2024-09-08T06:43:02.522+0000] {logging_mixin.py:190} INFO - [2024-09-08T06:43:02.522+0000] {dagbag.py:587} INFO - Filling up the DagBag from /home/airflow/.local/lib/python3.12/site-packages/airflow/example_dags/tutorial_taskflow_api.py
[2024-09-08T06:43:02.527+0000] {processor.py:925} INFO - DAG(s) 'tutorial_taskflow_api' retrieved from /home/airflow/.local/lib/python3.12/site-packages/airflow/example_dags/tutorial_taskflow_api.py
[2024-09-08T06:43:02.539+0000] {logging_mixin.py:190} INFO - [2024-09-08T06:43:02.539+0000] {dag.py:3229} INFO - Sync 1 DAGs
[2024-09-08T06:43:02.547+0000] {logging_mixin.py:190} INFO - [2024-09-08T06:43:02.547+0000] {dag.py:4156} INFO - Setting next_dagrun for tutorial_taskflow_api to None, run_after=None
[2024-09-08T06:43:02.559+0000] {processor.py:208} INFO - Processing /home/airflow/.local/lib/python3.12/site-packages/airflow/example_dags/tutorial_taskflow_api.py took 0.043 seconds
[2024-09-08T06:43:32.981+0000] {processor.py:186} INFO - Started process (PID=566) to work on /home/airflow/.local/lib/python3.12/site-packages/airflow/example_dags/tutorial_taskflow_api.py
[2024-09-08T06:43:32.982+0000] {processor.py:914} INFO - Processing file /home/airflow/.local/lib/python3.12/site-packages/airflow/example_dags/tutorial_taskflow_api.py for tasks to queue
[2024-09-08T06:43:32.983+0000] {logging_mixin.py:190} INFO - [2024-09-08T06:43:32.983+0000] {dagbag.py:587} INFO - Filling up the DagBag from /home/airflow/.local/lib/python3.12/site-packages/airflow/example_dags/tutorial_taskflow_api.py
[2024-09-08T06:43:32.987+0000] {processor.py:925} INFO - DAG(s) 'tutorial_taskflow_api' retrieved from /home/airflow/.local/lib/python3.12/site-packages/airflow/example_dags/tutorial_taskflow_api.py
[2024-09-08T06:43:33.000+0000] {logging_mixin.py:190} INFO - [2024-09-08T06:43:32.999+0000] {dag.py:3229} INFO - Sync 1 DAGs
[2024-09-08T06:43:33.007+0000] {logging_mixin.py:190} INFO - [2024-09-08T06:43:33.007+0000] {dag.py:4156} INFO - Setting next_dagrun for tutorial_taskflow_api to None, run_after=None
[2024-09-08T06:43:33.018+0000] {processor.py:208} INFO - Processing /home/airflow/.local/lib/python3.12/site-packages/airflow/example_dags/tutorial_taskflow_api.py took 0.040 seconds
[2024-09-08T06:44:03.484+0000] {processor.py:186} INFO - Started process (PID=628) to work on /home/airflow/.local/lib/python3.12/site-packages/airflow/example_dags/tutorial_taskflow_api.py
[2024-09-08T06:44:03.485+0000] {processor.py:914} INFO - Processing file /home/airflow/.local/lib/python3.12/site-packages/airflow/example_dags/tutorial_taskflow_api.py for tasks to queue
[2024-09-08T06:44:03.486+0000] {logging_mixin.py:190} INFO - [2024-09-08T06:44:03.486+0000] {dagbag.py:587} INFO - Filling up the DagBag from /home/airflow/.local/lib/python3.12/site-packages/airflow/example_dags/tutorial_taskflow_api.py
[2024-09-08T06:44:03.491+0000] {processor.py:925} INFO - DAG(s) 'tutorial_taskflow_api' retrieved from /home/airflow/.local/lib/python3.12/site-packages/airflow/example_dags/tutorial_taskflow_api.py
[2024-09-08T06:44:03.503+0000] {logging_mixin.py:190} INFO - [2024-09-08T06:44:03.503+0000] {dag.py:3229} INFO - Sync 1 DAGs
[2024-09-08T06:44:03.510+0000] {logging_mixin.py:190} INFO - [2024-09-08T06:44:03.510+0000] {dag.py:4156} INFO - Setting next_dagrun for tutorial_taskflow_api to None, run_after=None
[2024-09-08T06:44:03.520+0000] {processor.py:208} INFO - Processing /home/airflow/.local/lib/python3.12/site-packages/airflow/example_dags/tutorial_taskflow_api.py took 0.040 seconds
[2024-09-08T06:44:34.065+0000] {processor.py:186} INFO - Started process (PID=690) to work on /home/airflow/.local/lib/python3.12/site-packages/airflow/example_dags/tutorial_taskflow_api.py
[2024-09-08T06:44:34.065+0000] {processor.py:914} INFO - Processing file /home/airflow/.local/lib/python3.12/site-packages/airflow/example_dags/tutorial_taskflow_api.py for tasks to queue
[2024-09-08T06:44:34.066+0000] {logging_mixin.py:190} INFO - [2024-09-08T06:44:34.066+0000] {dagbag.py:587} INFO - Filling up the DagBag from /home/airflow/.local/lib/python3.12/site-packages/airflow/example_dags/tutorial_taskflow_api.py
[2024-09-08T06:44:34.070+0000] {processor.py:925} INFO - DAG(s) 'tutorial_taskflow_api' retrieved from /home/airflow/.local/lib/python3.12/site-packages/airflow/example_dags/tutorial_taskflow_api.py
[2024-09-08T06:44:34.083+0000] {logging_mixin.py:190} INFO - [2024-09-08T06:44:34.083+0000] {dag.py:3229} INFO - Sync 1 DAGs
[2024-09-08T06:44:34.090+0000] {logging_mixin.py:190} INFO - [2024-09-08T06:44:34.090+0000] {dag.py:4156} INFO - Setting next_dagrun for tutorial_taskflow_api to None, run_after=None
[2024-09-08T06:44:34.102+0000] {processor.py:208} INFO - Processing /home/airflow/.local/lib/python3.12/site-packages/airflow/example_dags/tutorial_taskflow_api.py took 0.040 seconds
[2024-09-08T06:45:04.715+0000] {processor.py:186} INFO - Started process (PID=752) to work on /home/airflow/.local/lib/python3.12/site-packages/airflow/example_dags/tutorial_taskflow_api.py
[2024-09-08T06:45:04.715+0000] {processor.py:914} INFO - Processing file /home/airflow/.local/lib/python3.12/site-packages/airflow/example_dags/tutorial_taskflow_api.py for tasks to queue
[2024-09-08T06:45:04.717+0000] {logging_mixin.py:190} INFO - [2024-09-08T06:45:04.717+0000] {dagbag.py:587} INFO - Filling up the DagBag from /home/airflow/.local/lib/python3.12/site-packages/airflow/example_dags/tutorial_taskflow_api.py
[2024-09-08T06:45:04.722+0000] {processor.py:925} INFO - DAG(s) 'tutorial_taskflow_api' retrieved from /home/airflow/.local/lib/python3.12/site-packages/airflow/example_dags/tutorial_taskflow_api.py
[2024-09-08T06:45:04.732+0000] {logging_mixin.py:190} INFO - [2024-09-08T06:45:04.732+0000] {dag.py:3229} INFO - Sync 1 DAGs
[2024-09-08T06:45:04.739+0000] {logging_mixin.py:190} INFO - [2024-09-08T06:45:04.739+0000] {dag.py:4156} INFO - Setting next_dagrun for tutorial_taskflow_api to None, run_after=None
[2024-09-08T06:45:04.748+0000] {processor.py:208} INFO - Processing /home/airflow/.local/lib/python3.12/site-packages/airflow/example_dags/tutorial_taskflow_api.py took 0.037 seconds
[2024-09-08T06:45:35.190+0000] {processor.py:186} INFO - Started process (PID=814) to work on /home/airflow/.local/lib/python3.12/site-packages/airflow/example_dags/tutorial_taskflow_api.py
[2024-09-08T06:45:35.191+0000] {processor.py:914} INFO - Processing file /home/airflow/.local/lib/python3.12/site-packages/airflow/example_dags/tutorial_taskflow_api.py for tasks to queue
[2024-09-08T06:45:35.192+0000] {logging_mixin.py:190} INFO - [2024-09-08T06:45:35.192+0000] {dagbag.py:587} INFO - Filling up the DagBag from /home/airflow/.local/lib/python3.12/site-packages/airflow/example_dags/tutorial_taskflow_api.py
[2024-09-08T06:45:35.198+0000] {processor.py:925} INFO - DAG(s) 'tutorial_taskflow_api' retrieved from /home/airflow/.local/lib/python3.12/site-packages/airflow/example_dags/tutorial_taskflow_api.py
[2024-09-08T06:45:35.212+0000] {logging_mixin.py:190} INFO - [2024-09-08T06:45:35.211+0000] {dag.py:3229} INFO - Sync 1 DAGs
[2024-09-08T06:45:35.220+0000] {logging_mixin.py:190} INFO - [2024-09-08T06:45:35.220+0000] {dag.py:4156} INFO - Setting next_dagrun for tutorial_taskflow_api to None, run_after=None
[2024-09-08T06:45:35.231+0000] {processor.py:208} INFO - Processing /home/airflow/.local/lib/python3.12/site-packages/airflow/example_dags/tutorial_taskflow_api.py took 0.044 seconds
[2024-09-08T06:46:05.580+0000] {processor.py:186} INFO - Started process (PID=876) to work on /home/airflow/.local/lib/python3.12/site-packages/airflow/example_dags/tutorial_taskflow_api.py
[2024-09-08T06:46:05.581+0000] {processor.py:914} INFO - Processing file /home/airflow/.local/lib/python3.12/site-packages/airflow/example_dags/tutorial_taskflow_api.py for tasks to queue
[2024-09-08T06:46:05.583+0000] {logging_mixin.py:190} INFO - [2024-09-08T06:46:05.582+0000] {dagbag.py:587} INFO - Filling up the DagBag from /home/airflow/.local/lib/python3.12/site-packages/airflow/example_dags/tutorial_taskflow_api.py
[2024-09-08T06:46:05.587+0000] {processor.py:925} INFO - DAG(s) 'tutorial_taskflow_api' retrieved from /home/airflow/.local/lib/python3.12/site-packages/airflow/example_dags/tutorial_taskflow_api.py
[2024-09-08T06:46:05.598+0000] {logging_mixin.py:190} INFO - [2024-09-08T06:46:05.598+0000] {dag.py:3229} INFO - Sync 1 DAGs
[2024-09-08T06:46:05.606+0000] {logging_mixin.py:190} INFO - [2024-09-08T06:46:05.606+0000] {dag.py:4156} INFO - Setting next_dagrun for tutorial_taskflow_api to None, run_after=None
[2024-09-08T06:46:05.618+0000] {processor.py:208} INFO - Processing /home/airflow/.local/lib/python3.12/site-packages/airflow/example_dags/tutorial_taskflow_api.py took 0.041 seconds
[2024-09-08T06:46:36.161+0000] {processor.py:186} INFO - Started process (PID=938) to work on /home/airflow/.local/lib/python3.12/site-packages/airflow/example_dags/tutorial_taskflow_api.py
[2024-09-08T06:46:36.162+0000] {processor.py:914} INFO - Processing file /home/airflow/.local/lib/python3.12/site-packages/airflow/example_dags/tutorial_taskflow_api.py for tasks to queue
[2024-09-08T06:46:36.163+0000] {logging_mixin.py:190} INFO - [2024-09-08T06:46:36.163+0000] {dagbag.py:587} INFO - Filling up the DagBag from /home/airflow/.local/lib/python3.12/site-packages/airflow/example_dags/tutorial_taskflow_api.py
[2024-09-08T06:46:36.168+0000] {processor.py:925} INFO - DAG(s) 'tutorial_taskflow_api' retrieved from /home/airflow/.local/lib/python3.12/site-packages/airflow/example_dags/tutorial_taskflow_api.py
[2024-09-08T06:46:36.181+0000] {logging_mixin.py:190} INFO - [2024-09-08T06:46:36.181+0000] {dag.py:3229} INFO - Sync 1 DAGs
[2024-09-08T06:46:36.191+0000] {logging_mixin.py:190} INFO - [2024-09-08T06:46:36.190+0000] {dag.py:4156} INFO - Setting next_dagrun for tutorial_taskflow_api to None, run_after=None
[2024-09-08T06:46:36.203+0000] {processor.py:208} INFO - Processing /home/airflow/.local/lib/python3.12/site-packages/airflow/example_dags/tutorial_taskflow_api.py took 0.047 seconds
[2024-09-08T06:47:06.540+0000] {processor.py:186} INFO - Started process (PID=1000) to work on /home/airflow/.local/lib/python3.12/site-packages/airflow/example_dags/tutorial_taskflow_api.py
[2024-09-08T06:47:06.541+0000] {processor.py:914} INFO - Processing file /home/airflow/.local/lib/python3.12/site-packages/airflow/example_dags/tutorial_taskflow_api.py for tasks to queue
[2024-09-08T06:47:06.542+0000] {logging_mixin.py:190} INFO - [2024-09-08T06:47:06.541+0000] {dagbag.py:587} INFO - Filling up the DagBag from /home/airflow/.local/lib/python3.12/site-packages/airflow/example_dags/tutorial_taskflow_api.py
[2024-09-08T06:47:06.546+0000] {processor.py:925} INFO - DAG(s) 'tutorial_taskflow_api' retrieved from /home/airflow/.local/lib/python3.12/site-packages/airflow/example_dags/tutorial_taskflow_api.py
[2024-09-08T06:47:06.561+0000] {logging_mixin.py:190} INFO - [2024-09-08T06:47:06.560+0000] {dag.py:3229} INFO - Sync 1 DAGs
[2024-09-08T06:47:06.571+0000] {logging_mixin.py:190} INFO - [2024-09-08T06:47:06.571+0000] {dag.py:4156} INFO - Setting next_dagrun for tutorial_taskflow_api to None, run_after=None
[2024-09-08T06:47:06.586+0000] {processor.py:208} INFO - Processing /home/airflow/.local/lib/python3.12/site-packages/airflow/example_dags/tutorial_taskflow_api.py took 0.049 seconds
[2024-09-08T06:47:37.150+0000] {processor.py:186} INFO - Started process (PID=1062) to work on /home/airflow/.local/lib/python3.12/site-packages/airflow/example_dags/tutorial_taskflow_api.py
[2024-09-08T06:47:37.150+0000] {processor.py:914} INFO - Processing file /home/airflow/.local/lib/python3.12/site-packages/airflow/example_dags/tutorial_taskflow_api.py for tasks to queue
[2024-09-08T06:47:37.151+0000] {logging_mixin.py:190} INFO - [2024-09-08T06:47:37.151+0000] {dagbag.py:587} INFO - Filling up the DagBag from /home/airflow/.local/lib/python3.12/site-packages/airflow/example_dags/tutorial_taskflow_api.py
[2024-09-08T06:47:37.155+0000] {processor.py:925} INFO - DAG(s) 'tutorial_taskflow_api' retrieved from /home/airflow/.local/lib/python3.12/site-packages/airflow/example_dags/tutorial_taskflow_api.py
[2024-09-08T06:47:37.169+0000] {logging_mixin.py:190} INFO - [2024-09-08T06:47:37.169+0000] {dag.py:3229} INFO - Sync 1 DAGs
[2024-09-08T06:47:37.180+0000] {logging_mixin.py:190} INFO - [2024-09-08T06:47:37.179+0000] {dag.py:4156} INFO - Setting next_dagrun for tutorial_taskflow_api to None, run_after=None
[2024-09-08T06:47:37.194+0000] {processor.py:208} INFO - Processing /home/airflow/.local/lib/python3.12/site-packages/airflow/example_dags/tutorial_taskflow_api.py took 0.047 seconds
[2024-09-08T06:48:07.660+0000] {processor.py:186} INFO - Started process (PID=1124) to work on /home/airflow/.local/lib/python3.12/site-packages/airflow/example_dags/tutorial_taskflow_api.py
[2024-09-08T06:48:07.660+0000] {processor.py:914} INFO - Processing file /home/airflow/.local/lib/python3.12/site-packages/airflow/example_dags/tutorial_taskflow_api.py for tasks to queue
[2024-09-08T06:48:07.662+0000] {logging_mixin.py:190} INFO - [2024-09-08T06:48:07.661+0000] {dagbag.py:587} INFO - Filling up the DagBag from /home/airflow/.local/lib/python3.12/site-packages/airflow/example_dags/tutorial_taskflow_api.py
[2024-09-08T06:48:07.666+0000] {processor.py:925} INFO - DAG(s) 'tutorial_taskflow_api' retrieved from /home/airflow/.local/lib/python3.12/site-packages/airflow/example_dags/tutorial_taskflow_api.py
[2024-09-08T06:48:07.679+0000] {logging_mixin.py:190} INFO - [2024-09-08T06:48:07.679+0000] {dag.py:3229} INFO - Sync 1 DAGs
[2024-09-08T06:48:07.688+0000] {logging_mixin.py:190} INFO - [2024-09-08T06:48:07.688+0000] {dag.py:4156} INFO - Setting next_dagrun for tutorial_taskflow_api to None, run_after=None
[2024-09-08T06:48:07.702+0000] {processor.py:208} INFO - Processing /home/airflow/.local/lib/python3.12/site-packages/airflow/example_dags/tutorial_taskflow_api.py took 0.047 seconds
[2024-09-08T06:48:38.319+0000] {processor.py:186} INFO - Started process (PID=1186) to work on /home/airflow/.local/lib/python3.12/site-packages/airflow/example_dags/tutorial_taskflow_api.py
[2024-09-08T06:48:38.320+0000] {processor.py:914} INFO - Processing file /home/airflow/.local/lib/python3.12/site-packages/airflow/example_dags/tutorial_taskflow_api.py for tasks to queue
[2024-09-08T06:48:38.321+0000] {logging_mixin.py:190} INFO - [2024-09-08T06:48:38.321+0000] {dagbag.py:587} INFO - Filling up the DagBag from /home/airflow/.local/lib/python3.12/site-packages/airflow/example_dags/tutorial_taskflow_api.py
[2024-09-08T06:48:38.325+0000] {processor.py:925} INFO - DAG(s) 'tutorial_taskflow_api' retrieved from /home/airflow/.local/lib/python3.12/site-packages/airflow/example_dags/tutorial_taskflow_api.py
[2024-09-08T06:48:38.338+0000] {logging_mixin.py:190} INFO - [2024-09-08T06:48:38.337+0000] {dag.py:3229} INFO - Sync 1 DAGs
[2024-09-08T06:48:38.346+0000] {logging_mixin.py:190} INFO - [2024-09-08T06:48:38.346+0000] {dag.py:4156} INFO - Setting next_dagrun for tutorial_taskflow_api to None, run_after=None
[2024-09-08T06:48:38.358+0000] {processor.py:208} INFO - Processing /home/airflow/.local/lib/python3.12/site-packages/airflow/example_dags/tutorial_taskflow_api.py took 0.042 seconds
[2024-09-08T06:49:08.850+0000] {processor.py:186} INFO - Started process (PID=1248) to work on /home/airflow/.local/lib/python3.12/site-packages/airflow/example_dags/tutorial_taskflow_api.py
[2024-09-08T06:49:08.851+0000] {processor.py:914} INFO - Processing file /home/airflow/.local/lib/python3.12/site-packages/airflow/example_dags/tutorial_taskflow_api.py for tasks to queue
[2024-09-08T06:49:08.852+0000] {logging_mixin.py:190} INFO - [2024-09-08T06:49:08.852+0000] {dagbag.py:587} INFO - Filling up the DagBag from /home/airflow/.local/lib/python3.12/site-packages/airflow/example_dags/tutorial_taskflow_api.py
[2024-09-08T06:49:08.857+0000] {processor.py:925} INFO - DAG(s) 'tutorial_taskflow_api' retrieved from /home/airflow/.local/lib/python3.12/site-packages/airflow/example_dags/tutorial_taskflow_api.py
[2024-09-08T06:49:08.869+0000] {logging_mixin.py:190} INFO - [2024-09-08T06:49:08.869+0000] {dag.py:3229} INFO - Sync 1 DAGs
[2024-09-08T06:49:08.877+0000] {logging_mixin.py:190} INFO - [2024-09-08T06:49:08.877+0000] {dag.py:4156} INFO - Setting next_dagrun for tutorial_taskflow_api to None, run_after=None
[2024-09-08T06:49:08.888+0000] {processor.py:208} INFO - Processing /home/airflow/.local/lib/python3.12/site-packages/airflow/example_dags/tutorial_taskflow_api.py took 0.044 seconds
[2024-09-08T06:49:39.572+0000] {processor.py:186} INFO - Started process (PID=1310) to work on /home/airflow/.local/lib/python3.12/site-packages/airflow/example_dags/tutorial_taskflow_api.py
[2024-09-08T06:49:39.572+0000] {processor.py:914} INFO - Processing file /home/airflow/.local/lib/python3.12/site-packages/airflow/example_dags/tutorial_taskflow_api.py for tasks to queue
[2024-09-08T06:49:39.573+0000] {logging_mixin.py:190} INFO - [2024-09-08T06:49:39.573+0000] {dagbag.py:587} INFO - Filling up the DagBag from /home/airflow/.local/lib/python3.12/site-packages/airflow/example_dags/tutorial_taskflow_api.py
[2024-09-08T06:49:39.577+0000] {processor.py:925} INFO - DAG(s) 'tutorial_taskflow_api' retrieved from /home/airflow/.local/lib/python3.12/site-packages/airflow/example_dags/tutorial_taskflow_api.py
[2024-09-08T06:49:39.589+0000] {logging_mixin.py:190} INFO - [2024-09-08T06:49:39.589+0000] {dag.py:3229} INFO - Sync 1 DAGs
[2024-09-08T06:49:39.596+0000] {logging_mixin.py:190} INFO - [2024-09-08T06:49:39.596+0000] {dag.py:4156} INFO - Setting next_dagrun for tutorial_taskflow_api to None, run_after=None
[2024-09-08T06:49:39.606+0000] {processor.py:208} INFO - Processing /home/airflow/.local/lib/python3.12/site-packages/airflow/example_dags/tutorial_taskflow_api.py took 0.038 seconds
[2024-09-08T06:50:10.032+0000] {processor.py:186} INFO - Started process (PID=1372) to work on /home/airflow/.local/lib/python3.12/site-packages/airflow/example_dags/tutorial_taskflow_api.py
[2024-09-08T06:50:10.033+0000] {processor.py:914} INFO - Processing file /home/airflow/.local/lib/python3.12/site-packages/airflow/example_dags/tutorial_taskflow_api.py for tasks to queue
[2024-09-08T06:50:10.034+0000] {logging_mixin.py:190} INFO - [2024-09-08T06:50:10.034+0000] {dagbag.py:587} INFO - Filling up the DagBag from /home/airflow/.local/lib/python3.12/site-packages/airflow/example_dags/tutorial_taskflow_api.py
[2024-09-08T06:50:10.038+0000] {processor.py:925} INFO - DAG(s) 'tutorial_taskflow_api' retrieved from /home/airflow/.local/lib/python3.12/site-packages/airflow/example_dags/tutorial_taskflow_api.py
[2024-09-08T06:50:10.053+0000] {logging_mixin.py:190} INFO - [2024-09-08T06:50:10.053+0000] {dag.py:3229} INFO - Sync 1 DAGs
[2024-09-08T06:50:10.062+0000] {logging_mixin.py:190} INFO - [2024-09-08T06:50:10.062+0000] {dag.py:4156} INFO - Setting next_dagrun for tutorial_taskflow_api to None, run_after=None
[2024-09-08T06:50:10.074+0000] {processor.py:208} INFO - Processing /home/airflow/.local/lib/python3.12/site-packages/airflow/example_dags/tutorial_taskflow_api.py took 0.046 seconds
[2024-09-08T06:50:40.577+0000] {processor.py:186} INFO - Started process (PID=1434) to work on /home/airflow/.local/lib/python3.12/site-packages/airflow/example_dags/tutorial_taskflow_api.py
[2024-09-08T06:50:40.577+0000] {processor.py:914} INFO - Processing file /home/airflow/.local/lib/python3.12/site-packages/airflow/example_dags/tutorial_taskflow_api.py for tasks to queue
[2024-09-08T06:50:40.578+0000] {logging_mixin.py:190} INFO - [2024-09-08T06:50:40.578+0000] {dagbag.py:587} INFO - Filling up the DagBag from /home/airflow/.local/lib/python3.12/site-packages/airflow/example_dags/tutorial_taskflow_api.py
[2024-09-08T06:50:40.582+0000] {processor.py:925} INFO - DAG(s) 'tutorial_taskflow_api' retrieved from /home/airflow/.local/lib/python3.12/site-packages/airflow/example_dags/tutorial_taskflow_api.py
[2024-09-08T06:50:40.596+0000] {logging_mixin.py:190} INFO - [2024-09-08T06:50:40.596+0000] {dag.py:3229} INFO - Sync 1 DAGs
[2024-09-08T06:50:40.604+0000] {logging_mixin.py:190} INFO - [2024-09-08T06:50:40.604+0000] {dag.py:4156} INFO - Setting next_dagrun for tutorial_taskflow_api to None, run_after=None
[2024-09-08T06:50:40.616+0000] {processor.py:208} INFO - Processing /home/airflow/.local/lib/python3.12/site-packages/airflow/example_dags/tutorial_taskflow_api.py took 0.043 seconds
[2024-09-08T06:51:11.118+0000] {processor.py:186} INFO - Started process (PID=1496) to work on /home/airflow/.local/lib/python3.12/site-packages/airflow/example_dags/tutorial_taskflow_api.py
[2024-09-08T06:51:11.118+0000] {processor.py:914} INFO - Processing file /home/airflow/.local/lib/python3.12/site-packages/airflow/example_dags/tutorial_taskflow_api.py for tasks to queue
[2024-09-08T06:51:11.119+0000] {logging_mixin.py:190} INFO - [2024-09-08T06:51:11.119+0000] {dagbag.py:587} INFO - Filling up the DagBag from /home/airflow/.local/lib/python3.12/site-packages/airflow/example_dags/tutorial_taskflow_api.py
[2024-09-08T06:51:11.123+0000] {processor.py:925} INFO - DAG(s) 'tutorial_taskflow_api' retrieved from /home/airflow/.local/lib/python3.12/site-packages/airflow/example_dags/tutorial_taskflow_api.py
[2024-09-08T06:51:11.137+0000] {logging_mixin.py:190} INFO - [2024-09-08T06:51:11.137+0000] {dag.py:3229} INFO - Sync 1 DAGs
[2024-09-08T06:51:11.146+0000] {logging_mixin.py:190} INFO - [2024-09-08T06:51:11.145+0000] {dag.py:4156} INFO - Setting next_dagrun for tutorial_taskflow_api to None, run_after=None
[2024-09-08T06:51:11.158+0000] {processor.py:208} INFO - Processing /home/airflow/.local/lib/python3.12/site-packages/airflow/example_dags/tutorial_taskflow_api.py took 0.044 seconds
[2024-09-08T06:51:41.556+0000] {processor.py:186} INFO - Started process (PID=1558) to work on /home/airflow/.local/lib/python3.12/site-packages/airflow/example_dags/tutorial_taskflow_api.py
[2024-09-08T06:51:41.556+0000] {processor.py:914} INFO - Processing file /home/airflow/.local/lib/python3.12/site-packages/airflow/example_dags/tutorial_taskflow_api.py for tasks to queue
[2024-09-08T06:51:41.558+0000] {logging_mixin.py:190} INFO - [2024-09-08T06:51:41.558+0000] {dagbag.py:587} INFO - Filling up the DagBag from /home/airflow/.local/lib/python3.12/site-packages/airflow/example_dags/tutorial_taskflow_api.py
[2024-09-08T06:51:41.563+0000] {processor.py:925} INFO - DAG(s) 'tutorial_taskflow_api' retrieved from /home/airflow/.local/lib/python3.12/site-packages/airflow/example_dags/tutorial_taskflow_api.py
[2024-09-08T06:51:41.577+0000] {logging_mixin.py:190} INFO - [2024-09-08T06:51:41.577+0000] {dag.py:3229} INFO - Sync 1 DAGs
[2024-09-08T06:51:41.586+0000] {logging_mixin.py:190} INFO - [2024-09-08T06:51:41.586+0000] {dag.py:4156} INFO - Setting next_dagrun for tutorial_taskflow_api to None, run_after=None
[2024-09-08T06:51:41.596+0000] {processor.py:208} INFO - Processing /home/airflow/.local/lib/python3.12/site-packages/airflow/example_dags/tutorial_taskflow_api.py took 0.043 seconds
[2024-09-08T06:52:12.234+0000] {processor.py:186} INFO - Started process (PID=1620) to work on /home/airflow/.local/lib/python3.12/site-packages/airflow/example_dags/tutorial_taskflow_api.py
[2024-09-08T06:52:12.235+0000] {processor.py:914} INFO - Processing file /home/airflow/.local/lib/python3.12/site-packages/airflow/example_dags/tutorial_taskflow_api.py for tasks to queue
[2024-09-08T06:52:12.236+0000] {logging_mixin.py:190} INFO - [2024-09-08T06:52:12.236+0000] {dagbag.py:587} INFO - Filling up the DagBag from /home/airflow/.local/lib/python3.12/site-packages/airflow/example_dags/tutorial_taskflow_api.py
[2024-09-08T06:52:12.240+0000] {processor.py:925} INFO - DAG(s) 'tutorial_taskflow_api' retrieved from /home/airflow/.local/lib/python3.12/site-packages/airflow/example_dags/tutorial_taskflow_api.py
[2024-09-08T06:52:12.251+0000] {logging_mixin.py:190} INFO - [2024-09-08T06:52:12.250+0000] {dag.py:3229} INFO - Sync 1 DAGs
[2024-09-08T06:52:12.257+0000] {logging_mixin.py:190} INFO - [2024-09-08T06:52:12.257+0000] {dag.py:4156} INFO - Setting next_dagrun for tutorial_taskflow_api to None, run_after=None
[2024-09-08T06:52:12.266+0000] {processor.py:208} INFO - Processing /home/airflow/.local/lib/python3.12/site-packages/airflow/example_dags/tutorial_taskflow_api.py took 0.036 seconds
[2024-09-08T06:52:42.822+0000] {processor.py:186} INFO - Started process (PID=1682) to work on /home/airflow/.local/lib/python3.12/site-packages/airflow/example_dags/tutorial_taskflow_api.py
[2024-09-08T06:52:42.823+0000] {processor.py:914} INFO - Processing file /home/airflow/.local/lib/python3.12/site-packages/airflow/example_dags/tutorial_taskflow_api.py for tasks to queue
[2024-09-08T06:52:42.824+0000] {logging_mixin.py:190} INFO - [2024-09-08T06:52:42.824+0000] {dagbag.py:587} INFO - Filling up the DagBag from /home/airflow/.local/lib/python3.12/site-packages/airflow/example_dags/tutorial_taskflow_api.py
[2024-09-08T06:52:42.828+0000] {processor.py:925} INFO - DAG(s) 'tutorial_taskflow_api' retrieved from /home/airflow/.local/lib/python3.12/site-packages/airflow/example_dags/tutorial_taskflow_api.py
[2024-09-08T06:52:42.842+0000] {logging_mixin.py:190} INFO - [2024-09-08T06:52:42.841+0000] {dag.py:3229} INFO - Sync 1 DAGs
[2024-09-08T06:52:42.849+0000] {logging_mixin.py:190} INFO - [2024-09-08T06:52:42.849+0000] {dag.py:4156} INFO - Setting next_dagrun for tutorial_taskflow_api to None, run_after=None
[2024-09-08T06:52:42.862+0000] {processor.py:208} INFO - Processing /home/airflow/.local/lib/python3.12/site-packages/airflow/example_dags/tutorial_taskflow_api.py took 0.042 seconds
[2024-09-08T06:53:13.324+0000] {processor.py:186} INFO - Started process (PID=1744) to work on /home/airflow/.local/lib/python3.12/site-packages/airflow/example_dags/tutorial_taskflow_api.py
[2024-09-08T06:53:13.325+0000] {processor.py:914} INFO - Processing file /home/airflow/.local/lib/python3.12/site-packages/airflow/example_dags/tutorial_taskflow_api.py for tasks to queue
[2024-09-08T06:53:13.326+0000] {logging_mixin.py:190} INFO - [2024-09-08T06:53:13.326+0000] {dagbag.py:587} INFO - Filling up the DagBag from /home/airflow/.local/lib/python3.12/site-packages/airflow/example_dags/tutorial_taskflow_api.py
[2024-09-08T06:53:13.332+0000] {processor.py:925} INFO - DAG(s) 'tutorial_taskflow_api' retrieved from /home/airflow/.local/lib/python3.12/site-packages/airflow/example_dags/tutorial_taskflow_api.py
[2024-09-08T06:53:13.347+0000] {logging_mixin.py:190} INFO - [2024-09-08T06:53:13.346+0000] {dag.py:3229} INFO - Sync 1 DAGs
[2024-09-08T06:53:13.357+0000] {logging_mixin.py:190} INFO - [2024-09-08T06:53:13.357+0000] {dag.py:4156} INFO - Setting next_dagrun for tutorial_taskflow_api to None, run_after=None
[2024-09-08T06:53:13.370+0000] {processor.py:208} INFO - Processing /home/airflow/.local/lib/python3.12/site-packages/airflow/example_dags/tutorial_taskflow_api.py took 0.050 seconds
[2024-09-08T06:53:43.959+0000] {processor.py:186} INFO - Started process (PID=1806) to work on /home/airflow/.local/lib/python3.12/site-packages/airflow/example_dags/tutorial_taskflow_api.py
[2024-09-08T06:53:43.960+0000] {processor.py:914} INFO - Processing file /home/airflow/.local/lib/python3.12/site-packages/airflow/example_dags/tutorial_taskflow_api.py for tasks to queue
[2024-09-08T06:53:43.961+0000] {logging_mixin.py:190} INFO - [2024-09-08T06:53:43.961+0000] {dagbag.py:587} INFO - Filling up the DagBag from /home/airflow/.local/lib/python3.12/site-packages/airflow/example_dags/tutorial_taskflow_api.py
[2024-09-08T06:53:43.965+0000] {processor.py:925} INFO - DAG(s) 'tutorial_taskflow_api' retrieved from /home/airflow/.local/lib/python3.12/site-packages/airflow/example_dags/tutorial_taskflow_api.py
[2024-09-08T06:53:43.978+0000] {logging_mixin.py:190} INFO - [2024-09-08T06:53:43.978+0000] {dag.py:3229} INFO - Sync 1 DAGs
[2024-09-08T06:53:43.985+0000] {logging_mixin.py:190} INFO - [2024-09-08T06:53:43.985+0000] {dag.py:4156} INFO - Setting next_dagrun for tutorial_taskflow_api to None, run_after=None
[2024-09-08T06:53:43.996+0000] {processor.py:208} INFO - Processing /home/airflow/.local/lib/python3.12/site-packages/airflow/example_dags/tutorial_taskflow_api.py took 0.040 seconds
[2024-09-08T06:54:14.477+0000] {processor.py:186} INFO - Started process (PID=1868) to work on /home/airflow/.local/lib/python3.12/site-packages/airflow/example_dags/tutorial_taskflow_api.py
[2024-09-08T06:54:14.478+0000] {processor.py:914} INFO - Processing file /home/airflow/.local/lib/python3.12/site-packages/airflow/example_dags/tutorial_taskflow_api.py for tasks to queue
[2024-09-08T06:54:14.479+0000] {logging_mixin.py:190} INFO - [2024-09-08T06:54:14.479+0000] {dagbag.py:587} INFO - Filling up the DagBag from /home/airflow/.local/lib/python3.12/site-packages/airflow/example_dags/tutorial_taskflow_api.py
[2024-09-08T06:54:14.483+0000] {processor.py:925} INFO - DAG(s) 'tutorial_taskflow_api' retrieved from /home/airflow/.local/lib/python3.12/site-packages/airflow/example_dags/tutorial_taskflow_api.py
[2024-09-08T06:54:14.497+0000] {logging_mixin.py:190} INFO - [2024-09-08T06:54:14.497+0000] {dag.py:3229} INFO - Sync 1 DAGs
[2024-09-08T06:54:14.508+0000] {logging_mixin.py:190} INFO - [2024-09-08T06:54:14.508+0000] {dag.py:4156} INFO - Setting next_dagrun for tutorial_taskflow_api to None, run_after=None
[2024-09-08T06:54:14.520+0000] {processor.py:208} INFO - Processing /home/airflow/.local/lib/python3.12/site-packages/airflow/example_dags/tutorial_taskflow_api.py took 0.047 seconds
[2024-09-08T06:54:45.185+0000] {processor.py:186} INFO - Started process (PID=1936) to work on /home/airflow/.local/lib/python3.12/site-packages/airflow/example_dags/tutorial_taskflow_api.py
[2024-09-08T06:54:45.185+0000] {processor.py:914} INFO - Processing file /home/airflow/.local/lib/python3.12/site-packages/airflow/example_dags/tutorial_taskflow_api.py for tasks to queue
[2024-09-08T06:54:45.186+0000] {logging_mixin.py:190} INFO - [2024-09-08T06:54:45.186+0000] {dagbag.py:587} INFO - Filling up the DagBag from /home/airflow/.local/lib/python3.12/site-packages/airflow/example_dags/tutorial_taskflow_api.py
[2024-09-08T06:54:45.190+0000] {processor.py:925} INFO - DAG(s) 'tutorial_taskflow_api' retrieved from /home/airflow/.local/lib/python3.12/site-packages/airflow/example_dags/tutorial_taskflow_api.py
[2024-09-08T06:54:45.205+0000] {logging_mixin.py:190} INFO - [2024-09-08T06:54:45.205+0000] {dag.py:3229} INFO - Sync 1 DAGs
[2024-09-08T06:54:45.213+0000] {logging_mixin.py:190} INFO - [2024-09-08T06:54:45.213+0000] {dag.py:4156} INFO - Setting next_dagrun for tutorial_taskflow_api to None, run_after=None
[2024-09-08T06:54:45.223+0000] {processor.py:208} INFO - Processing /home/airflow/.local/lib/python3.12/site-packages/airflow/example_dags/tutorial_taskflow_api.py took 0.042 seconds
[2024-09-08T06:55:15.603+0000] {processor.py:186} INFO - Started process (PID=1998) to work on /home/airflow/.local/lib/python3.12/site-packages/airflow/example_dags/tutorial_taskflow_api.py
[2024-09-08T06:55:15.604+0000] {processor.py:914} INFO - Processing file /home/airflow/.local/lib/python3.12/site-packages/airflow/example_dags/tutorial_taskflow_api.py for tasks to queue
[2024-09-08T06:55:15.605+0000] {logging_mixin.py:190} INFO - [2024-09-08T06:55:15.605+0000] {dagbag.py:587} INFO - Filling up the DagBag from /home/airflow/.local/lib/python3.12/site-packages/airflow/example_dags/tutorial_taskflow_api.py
[2024-09-08T06:55:15.611+0000] {processor.py:925} INFO - DAG(s) 'tutorial_taskflow_api' retrieved from /home/airflow/.local/lib/python3.12/site-packages/airflow/example_dags/tutorial_taskflow_api.py
[2024-09-08T06:55:15.624+0000] {logging_mixin.py:190} INFO - [2024-09-08T06:55:15.624+0000] {dag.py:3229} INFO - Sync 1 DAGs
[2024-09-08T06:55:15.633+0000] {logging_mixin.py:190} INFO - [2024-09-08T06:55:15.633+0000] {dag.py:4156} INFO - Setting next_dagrun for tutorial_taskflow_api to None, run_after=None
[2024-09-08T06:55:15.644+0000] {processor.py:208} INFO - Processing /home/airflow/.local/lib/python3.12/site-packages/airflow/example_dags/tutorial_taskflow_api.py took 0.045 seconds
[2024-09-08T06:55:46.168+0000] {processor.py:186} INFO - Started process (PID=2060) to work on /home/airflow/.local/lib/python3.12/site-packages/airflow/example_dags/tutorial_taskflow_api.py
[2024-09-08T06:55:46.169+0000] {processor.py:914} INFO - Processing file /home/airflow/.local/lib/python3.12/site-packages/airflow/example_dags/tutorial_taskflow_api.py for tasks to queue
[2024-09-08T06:55:46.170+0000] {logging_mixin.py:190} INFO - [2024-09-08T06:55:46.170+0000] {dagbag.py:587} INFO - Filling up the DagBag from /home/airflow/.local/lib/python3.12/site-packages/airflow/example_dags/tutorial_taskflow_api.py
[2024-09-08T06:55:46.174+0000] {processor.py:925} INFO - DAG(s) 'tutorial_taskflow_api' retrieved from /home/airflow/.local/lib/python3.12/site-packages/airflow/example_dags/tutorial_taskflow_api.py
[2024-09-08T06:55:46.187+0000] {logging_mixin.py:190} INFO - [2024-09-08T06:55:46.187+0000] {dag.py:3229} INFO - Sync 1 DAGs
[2024-09-08T06:55:46.195+0000] {logging_mixin.py:190} INFO - [2024-09-08T06:55:46.195+0000] {dag.py:4156} INFO - Setting next_dagrun for tutorial_taskflow_api to None, run_after=None
[2024-09-08T06:55:46.207+0000] {processor.py:208} INFO - Processing /home/airflow/.local/lib/python3.12/site-packages/airflow/example_dags/tutorial_taskflow_api.py took 0.043 seconds
[2024-09-08T06:56:16.756+0000] {processor.py:186} INFO - Started process (PID=2122) to work on /home/airflow/.local/lib/python3.12/site-packages/airflow/example_dags/tutorial_taskflow_api.py
[2024-09-08T06:56:16.756+0000] {processor.py:914} INFO - Processing file /home/airflow/.local/lib/python3.12/site-packages/airflow/example_dags/tutorial_taskflow_api.py for tasks to queue
[2024-09-08T06:56:16.757+0000] {logging_mixin.py:190} INFO - [2024-09-08T06:56:16.757+0000] {dagbag.py:587} INFO - Filling up the DagBag from /home/airflow/.local/lib/python3.12/site-packages/airflow/example_dags/tutorial_taskflow_api.py
[2024-09-08T06:56:16.762+0000] {processor.py:925} INFO - DAG(s) 'tutorial_taskflow_api' retrieved from /home/airflow/.local/lib/python3.12/site-packages/airflow/example_dags/tutorial_taskflow_api.py
[2024-09-08T06:56:16.774+0000] {logging_mixin.py:190} INFO - [2024-09-08T06:56:16.774+0000] {dag.py:3229} INFO - Sync 1 DAGs
[2024-09-08T06:56:16.782+0000] {logging_mixin.py:190} INFO - [2024-09-08T06:56:16.782+0000] {dag.py:4156} INFO - Setting next_dagrun for tutorial_taskflow_api to None, run_after=None
[2024-09-08T06:56:16.792+0000] {processor.py:208} INFO - Processing /home/airflow/.local/lib/python3.12/site-packages/airflow/example_dags/tutorial_taskflow_api.py took 0.040 seconds
[2024-09-08T06:56:47.292+0000] {processor.py:186} INFO - Started process (PID=2184) to work on /home/airflow/.local/lib/python3.12/site-packages/airflow/example_dags/tutorial_taskflow_api.py
[2024-09-08T06:56:47.293+0000] {processor.py:914} INFO - Processing file /home/airflow/.local/lib/python3.12/site-packages/airflow/example_dags/tutorial_taskflow_api.py for tasks to queue
[2024-09-08T06:56:47.294+0000] {logging_mixin.py:190} INFO - [2024-09-08T06:56:47.294+0000] {dagbag.py:587} INFO - Filling up the DagBag from /home/airflow/.local/lib/python3.12/site-packages/airflow/example_dags/tutorial_taskflow_api.py
[2024-09-08T06:56:47.298+0000] {processor.py:925} INFO - DAG(s) 'tutorial_taskflow_api' retrieved from /home/airflow/.local/lib/python3.12/site-packages/airflow/example_dags/tutorial_taskflow_api.py
[2024-09-08T06:56:47.312+0000] {logging_mixin.py:190} INFO - [2024-09-08T06:56:47.311+0000] {dag.py:3229} INFO - Sync 1 DAGs
[2024-09-08T06:56:47.322+0000] {logging_mixin.py:190} INFO - [2024-09-08T06:56:47.322+0000] {dag.py:4156} INFO - Setting next_dagrun for tutorial_taskflow_api to None, run_after=None
[2024-09-08T06:56:47.334+0000] {processor.py:208} INFO - Processing /home/airflow/.local/lib/python3.12/site-packages/airflow/example_dags/tutorial_taskflow_api.py took 0.044 seconds
[2024-09-08T06:57:17.904+0000] {processor.py:186} INFO - Started process (PID=2246) to work on /home/airflow/.local/lib/python3.12/site-packages/airflow/example_dags/tutorial_taskflow_api.py
[2024-09-08T06:57:17.905+0000] {processor.py:914} INFO - Processing file /home/airflow/.local/lib/python3.12/site-packages/airflow/example_dags/tutorial_taskflow_api.py for tasks to queue
[2024-09-08T06:57:17.906+0000] {logging_mixin.py:190} INFO - [2024-09-08T06:57:17.906+0000] {dagbag.py:587} INFO - Filling up the DagBag from /home/airflow/.local/lib/python3.12/site-packages/airflow/example_dags/tutorial_taskflow_api.py
[2024-09-08T06:57:17.911+0000] {processor.py:925} INFO - DAG(s) 'tutorial_taskflow_api' retrieved from /home/airflow/.local/lib/python3.12/site-packages/airflow/example_dags/tutorial_taskflow_api.py
[2024-09-08T06:57:17.925+0000] {logging_mixin.py:190} INFO - [2024-09-08T06:57:17.925+0000] {dag.py:3229} INFO - Sync 1 DAGs
[2024-09-08T06:57:17.932+0000] {logging_mixin.py:190} INFO - [2024-09-08T06:57:17.932+0000] {dag.py:4156} INFO - Setting next_dagrun for tutorial_taskflow_api to None, run_after=None
[2024-09-08T06:57:17.943+0000] {processor.py:208} INFO - Processing /home/airflow/.local/lib/python3.12/site-packages/airflow/example_dags/tutorial_taskflow_api.py took 0.043 seconds
[2024-09-08T06:57:48.647+0000] {processor.py:186} INFO - Started process (PID=2308) to work on /home/airflow/.local/lib/python3.12/site-packages/airflow/example_dags/tutorial_taskflow_api.py
[2024-09-08T06:57:48.648+0000] {processor.py:914} INFO - Processing file /home/airflow/.local/lib/python3.12/site-packages/airflow/example_dags/tutorial_taskflow_api.py for tasks to queue
[2024-09-08T06:57:48.649+0000] {logging_mixin.py:190} INFO - [2024-09-08T06:57:48.649+0000] {dagbag.py:587} INFO - Filling up the DagBag from /home/airflow/.local/lib/python3.12/site-packages/airflow/example_dags/tutorial_taskflow_api.py
[2024-09-08T06:57:48.653+0000] {processor.py:925} INFO - DAG(s) 'tutorial_taskflow_api' retrieved from /home/airflow/.local/lib/python3.12/site-packages/airflow/example_dags/tutorial_taskflow_api.py
[2024-09-08T06:57:48.667+0000] {logging_mixin.py:190} INFO - [2024-09-08T06:57:48.666+0000] {dag.py:3229} INFO - Sync 1 DAGs
[2024-09-08T06:57:48.676+0000] {logging_mixin.py:190} INFO - [2024-09-08T06:57:48.676+0000] {dag.py:4156} INFO - Setting next_dagrun for tutorial_taskflow_api to None, run_after=None
[2024-09-08T06:57:48.688+0000] {processor.py:208} INFO - Processing /home/airflow/.local/lib/python3.12/site-packages/airflow/example_dags/tutorial_taskflow_api.py took 0.045 seconds
[2024-09-08T06:58:19.634+0000] {processor.py:186} INFO - Started process (PID=2370) to work on /home/airflow/.local/lib/python3.12/site-packages/airflow/example_dags/tutorial_taskflow_api.py
[2024-09-08T06:58:19.635+0000] {processor.py:914} INFO - Processing file /home/airflow/.local/lib/python3.12/site-packages/airflow/example_dags/tutorial_taskflow_api.py for tasks to queue
[2024-09-08T06:58:19.636+0000] {logging_mixin.py:190} INFO - [2024-09-08T06:58:19.636+0000] {dagbag.py:587} INFO - Filling up the DagBag from /home/airflow/.local/lib/python3.12/site-packages/airflow/example_dags/tutorial_taskflow_api.py
[2024-09-08T06:58:19.640+0000] {processor.py:925} INFO - DAG(s) 'tutorial_taskflow_api' retrieved from /home/airflow/.local/lib/python3.12/site-packages/airflow/example_dags/tutorial_taskflow_api.py
[2024-09-08T06:58:19.653+0000] {logging_mixin.py:190} INFO - [2024-09-08T06:58:19.653+0000] {dag.py:3229} INFO - Sync 1 DAGs
[2024-09-08T06:58:19.664+0000] {logging_mixin.py:190} INFO - [2024-09-08T06:58:19.664+0000] {dag.py:4156} INFO - Setting next_dagrun for tutorial_taskflow_api to None, run_after=None
[2024-09-08T06:58:19.677+0000] {processor.py:208} INFO - Processing /home/airflow/.local/lib/python3.12/site-packages/airflow/example_dags/tutorial_taskflow_api.py took 0.045 seconds
[2024-09-08T06:58:50.281+0000] {processor.py:186} INFO - Started process (PID=2432) to work on /home/airflow/.local/lib/python3.12/site-packages/airflow/example_dags/tutorial_taskflow_api.py
[2024-09-08T06:58:50.281+0000] {processor.py:914} INFO - Processing file /home/airflow/.local/lib/python3.12/site-packages/airflow/example_dags/tutorial_taskflow_api.py for tasks to queue
[2024-09-08T06:58:50.282+0000] {logging_mixin.py:190} INFO - [2024-09-08T06:58:50.282+0000] {dagbag.py:587} INFO - Filling up the DagBag from /home/airflow/.local/lib/python3.12/site-packages/airflow/example_dags/tutorial_taskflow_api.py
[2024-09-08T06:58:50.286+0000] {processor.py:925} INFO - DAG(s) 'tutorial_taskflow_api' retrieved from /home/airflow/.local/lib/python3.12/site-packages/airflow/example_dags/tutorial_taskflow_api.py
[2024-09-08T06:58:50.300+0000] {logging_mixin.py:190} INFO - [2024-09-08T06:58:50.300+0000] {dag.py:3229} INFO - Sync 1 DAGs
[2024-09-08T06:58:50.311+0000] {logging_mixin.py:190} INFO - [2024-09-08T06:58:50.311+0000] {dag.py:4156} INFO - Setting next_dagrun for tutorial_taskflow_api to None, run_after=None
[2024-09-08T06:58:50.323+0000] {processor.py:208} INFO - Processing /home/airflow/.local/lib/python3.12/site-packages/airflow/example_dags/tutorial_taskflow_api.py took 0.046 seconds
[2024-09-08T06:59:20.923+0000] {processor.py:186} INFO - Started process (PID=2494) to work on /home/airflow/.local/lib/python3.12/site-packages/airflow/example_dags/tutorial_taskflow_api.py
[2024-09-08T06:59:20.923+0000] {processor.py:914} INFO - Processing file /home/airflow/.local/lib/python3.12/site-packages/airflow/example_dags/tutorial_taskflow_api.py for tasks to queue
[2024-09-08T06:59:20.924+0000] {logging_mixin.py:190} INFO - [2024-09-08T06:59:20.924+0000] {dagbag.py:587} INFO - Filling up the DagBag from /home/airflow/.local/lib/python3.12/site-packages/airflow/example_dags/tutorial_taskflow_api.py
[2024-09-08T06:59:20.928+0000] {processor.py:925} INFO - DAG(s) 'tutorial_taskflow_api' retrieved from /home/airflow/.local/lib/python3.12/site-packages/airflow/example_dags/tutorial_taskflow_api.py
[2024-09-08T06:59:20.942+0000] {logging_mixin.py:190} INFO - [2024-09-08T06:59:20.942+0000] {dag.py:3229} INFO - Sync 1 DAGs
[2024-09-08T06:59:20.953+0000] {logging_mixin.py:190} INFO - [2024-09-08T06:59:20.952+0000] {dag.py:4156} INFO - Setting next_dagrun for tutorial_taskflow_api to None, run_after=None
[2024-09-08T06:59:20.965+0000] {processor.py:208} INFO - Processing /home/airflow/.local/lib/python3.12/site-packages/airflow/example_dags/tutorial_taskflow_api.py took 0.045 seconds
[2024-09-08T06:59:51.739+0000] {processor.py:186} INFO - Started process (PID=2556) to work on /home/airflow/.local/lib/python3.12/site-packages/airflow/example_dags/tutorial_taskflow_api.py
[2024-09-08T06:59:51.740+0000] {processor.py:914} INFO - Processing file /home/airflow/.local/lib/python3.12/site-packages/airflow/example_dags/tutorial_taskflow_api.py for tasks to queue
[2024-09-08T06:59:51.741+0000] {logging_mixin.py:190} INFO - [2024-09-08T06:59:51.741+0000] {dagbag.py:587} INFO - Filling up the DagBag from /home/airflow/.local/lib/python3.12/site-packages/airflow/example_dags/tutorial_taskflow_api.py
[2024-09-08T06:59:51.745+0000] {processor.py:925} INFO - DAG(s) 'tutorial_taskflow_api' retrieved from /home/airflow/.local/lib/python3.12/site-packages/airflow/example_dags/tutorial_taskflow_api.py
[2024-09-08T06:59:51.760+0000] {logging_mixin.py:190} INFO - [2024-09-08T06:59:51.759+0000] {dag.py:3229} INFO - Sync 1 DAGs
[2024-09-08T06:59:51.769+0000] {logging_mixin.py:190} INFO - [2024-09-08T06:59:51.768+0000] {dag.py:4156} INFO - Setting next_dagrun for tutorial_taskflow_api to None, run_after=None
[2024-09-08T06:59:51.780+0000] {processor.py:208} INFO - Processing /home/airflow/.local/lib/python3.12/site-packages/airflow/example_dags/tutorial_taskflow_api.py took 0.044 seconds
[2024-09-08T07:00:22.385+0000] {processor.py:186} INFO - Started process (PID=2618) to work on /home/airflow/.local/lib/python3.12/site-packages/airflow/example_dags/tutorial_taskflow_api.py
[2024-09-08T07:00:22.386+0000] {processor.py:914} INFO - Processing file /home/airflow/.local/lib/python3.12/site-packages/airflow/example_dags/tutorial_taskflow_api.py for tasks to queue
[2024-09-08T07:00:22.387+0000] {logging_mixin.py:190} INFO - [2024-09-08T07:00:22.387+0000] {dagbag.py:587} INFO - Filling up the DagBag from /home/airflow/.local/lib/python3.12/site-packages/airflow/example_dags/tutorial_taskflow_api.py
[2024-09-08T07:00:22.392+0000] {processor.py:925} INFO - DAG(s) 'tutorial_taskflow_api' retrieved from /home/airflow/.local/lib/python3.12/site-packages/airflow/example_dags/tutorial_taskflow_api.py
[2024-09-08T07:00:22.405+0000] {logging_mixin.py:190} INFO - [2024-09-08T07:00:22.405+0000] {dag.py:3229} INFO - Sync 1 DAGs
[2024-09-08T07:00:22.416+0000] {logging_mixin.py:190} INFO - [2024-09-08T07:00:22.416+0000] {dag.py:4156} INFO - Setting next_dagrun for tutorial_taskflow_api to None, run_after=None
[2024-09-08T07:00:22.428+0000] {processor.py:208} INFO - Processing /home/airflow/.local/lib/python3.12/site-packages/airflow/example_dags/tutorial_taskflow_api.py took 0.046 seconds
[2024-09-08T07:00:53.074+0000] {processor.py:186} INFO - Started process (PID=2680) to work on /home/airflow/.local/lib/python3.12/site-packages/airflow/example_dags/tutorial_taskflow_api.py
[2024-09-08T07:00:53.074+0000] {processor.py:914} INFO - Processing file /home/airflow/.local/lib/python3.12/site-packages/airflow/example_dags/tutorial_taskflow_api.py for tasks to queue
[2024-09-08T07:00:53.075+0000] {logging_mixin.py:190} INFO - [2024-09-08T07:00:53.075+0000] {dagbag.py:587} INFO - Filling up the DagBag from /home/airflow/.local/lib/python3.12/site-packages/airflow/example_dags/tutorial_taskflow_api.py
[2024-09-08T07:00:53.079+0000] {processor.py:925} INFO - DAG(s) 'tutorial_taskflow_api' retrieved from /home/airflow/.local/lib/python3.12/site-packages/airflow/example_dags/tutorial_taskflow_api.py
[2024-09-08T07:00:53.093+0000] {logging_mixin.py:190} INFO - [2024-09-08T07:00:53.093+0000] {dag.py:3229} INFO - Sync 1 DAGs
[2024-09-08T07:00:53.105+0000] {logging_mixin.py:190} INFO - [2024-09-08T07:00:53.104+0000] {dag.py:4156} INFO - Setting next_dagrun for tutorial_taskflow_api to None, run_after=None
[2024-09-08T07:00:53.118+0000] {processor.py:208} INFO - Processing /home/airflow/.local/lib/python3.12/site-packages/airflow/example_dags/tutorial_taskflow_api.py took 0.047 seconds
[2024-09-08T07:01:23.842+0000] {processor.py:186} INFO - Started process (PID=2742) to work on /home/airflow/.local/lib/python3.12/site-packages/airflow/example_dags/tutorial_taskflow_api.py
[2024-09-08T07:01:23.843+0000] {processor.py:914} INFO - Processing file /home/airflow/.local/lib/python3.12/site-packages/airflow/example_dags/tutorial_taskflow_api.py for tasks to queue
[2024-09-08T07:01:23.844+0000] {logging_mixin.py:190} INFO - [2024-09-08T07:01:23.844+0000] {dagbag.py:587} INFO - Filling up the DagBag from /home/airflow/.local/lib/python3.12/site-packages/airflow/example_dags/tutorial_taskflow_api.py
[2024-09-08T07:01:23.850+0000] {processor.py:925} INFO - DAG(s) 'tutorial_taskflow_api' retrieved from /home/airflow/.local/lib/python3.12/site-packages/airflow/example_dags/tutorial_taskflow_api.py
[2024-09-08T07:01:23.864+0000] {logging_mixin.py:190} INFO - [2024-09-08T07:01:23.864+0000] {dag.py:3229} INFO - Sync 1 DAGs
[2024-09-08T07:01:23.874+0000] {logging_mixin.py:190} INFO - [2024-09-08T07:01:23.874+0000] {dag.py:4156} INFO - Setting next_dagrun for tutorial_taskflow_api to None, run_after=None
[2024-09-08T07:01:23.887+0000] {processor.py:208} INFO - Processing /home/airflow/.local/lib/python3.12/site-packages/airflow/example_dags/tutorial_taskflow_api.py took 0.049 seconds
[2024-09-08T07:01:53.938+0000] {processor.py:186} INFO - Started process (PID=2804) to work on /home/airflow/.local/lib/python3.12/site-packages/airflow/example_dags/tutorial_taskflow_api.py
[2024-09-08T07:01:53.938+0000] {processor.py:914} INFO - Processing file /home/airflow/.local/lib/python3.12/site-packages/airflow/example_dags/tutorial_taskflow_api.py for tasks to queue
[2024-09-08T07:01:53.940+0000] {logging_mixin.py:190} INFO - [2024-09-08T07:01:53.940+0000] {dagbag.py:587} INFO - Filling up the DagBag from /home/airflow/.local/lib/python3.12/site-packages/airflow/example_dags/tutorial_taskflow_api.py
[2024-09-08T07:01:53.945+0000] {processor.py:925} INFO - DAG(s) 'tutorial_taskflow_api' retrieved from /home/airflow/.local/lib/python3.12/site-packages/airflow/example_dags/tutorial_taskflow_api.py
[2024-09-08T07:01:53.958+0000] {logging_mixin.py:190} INFO - [2024-09-08T07:01:53.958+0000] {dag.py:3229} INFO - Sync 1 DAGs
[2024-09-08T07:01:53.966+0000] {logging_mixin.py:190} INFO - [2024-09-08T07:01:53.966+0000] {dag.py:4156} INFO - Setting next_dagrun for tutorial_taskflow_api to None, run_after=None
[2024-09-08T07:01:53.977+0000] {processor.py:208} INFO - Processing /home/airflow/.local/lib/python3.12/site-packages/airflow/example_dags/tutorial_taskflow_api.py took 0.043 seconds
[2024-09-08T07:02:24.889+0000] {processor.py:186} INFO - Started process (PID=2866) to work on /home/airflow/.local/lib/python3.12/site-packages/airflow/example_dags/tutorial_taskflow_api.py
[2024-09-08T07:02:24.890+0000] {processor.py:914} INFO - Processing file /home/airflow/.local/lib/python3.12/site-packages/airflow/example_dags/tutorial_taskflow_api.py for tasks to queue
[2024-09-08T07:02:24.891+0000] {logging_mixin.py:190} INFO - [2024-09-08T07:02:24.891+0000] {dagbag.py:587} INFO - Filling up the DagBag from /home/airflow/.local/lib/python3.12/site-packages/airflow/example_dags/tutorial_taskflow_api.py
[2024-09-08T07:02:24.897+0000] {processor.py:925} INFO - DAG(s) 'tutorial_taskflow_api' retrieved from /home/airflow/.local/lib/python3.12/site-packages/airflow/example_dags/tutorial_taskflow_api.py
[2024-09-08T07:02:24.911+0000] {logging_mixin.py:190} INFO - [2024-09-08T07:02:24.911+0000] {dag.py:3229} INFO - Sync 1 DAGs
[2024-09-08T07:02:24.920+0000] {logging_mixin.py:190} INFO - [2024-09-08T07:02:24.919+0000] {dag.py:4156} INFO - Setting next_dagrun for tutorial_taskflow_api to None, run_after=None
[2024-09-08T07:02:24.932+0000] {processor.py:208} INFO - Processing /home/airflow/.local/lib/python3.12/site-packages/airflow/example_dags/tutorial_taskflow_api.py took 0.047 seconds
[2024-09-08T07:02:56.286+0000] {processor.py:186} INFO - Started process (PID=2928) to work on /home/airflow/.local/lib/python3.12/site-packages/airflow/example_dags/tutorial_taskflow_api.py
[2024-09-08T07:02:56.287+0000] {processor.py:914} INFO - Processing file /home/airflow/.local/lib/python3.12/site-packages/airflow/example_dags/tutorial_taskflow_api.py for tasks to queue
[2024-09-08T07:02:56.288+0000] {logging_mixin.py:190} INFO - [2024-09-08T07:02:56.288+0000] {dagbag.py:587} INFO - Filling up the DagBag from /home/airflow/.local/lib/python3.12/site-packages/airflow/example_dags/tutorial_taskflow_api.py
[2024-09-08T07:02:56.292+0000] {processor.py:925} INFO - DAG(s) 'tutorial_taskflow_api' retrieved from /home/airflow/.local/lib/python3.12/site-packages/airflow/example_dags/tutorial_taskflow_api.py
[2024-09-08T07:02:56.304+0000] {logging_mixin.py:190} INFO - [2024-09-08T07:02:56.304+0000] {dag.py:3229} INFO - Sync 1 DAGs
[2024-09-08T07:02:56.315+0000] {logging_mixin.py:190} INFO - [2024-09-08T07:02:56.315+0000] {dag.py:4156} INFO - Setting next_dagrun for tutorial_taskflow_api to None, run_after=None
[2024-09-08T07:02:56.328+0000] {processor.py:208} INFO - Processing /home/airflow/.local/lib/python3.12/site-packages/airflow/example_dags/tutorial_taskflow_api.py took 0.045 seconds
[2024-09-08T07:03:27.350+0000] {processor.py:186} INFO - Started process (PID=2990) to work on /home/airflow/.local/lib/python3.12/site-packages/airflow/example_dags/tutorial_taskflow_api.py
[2024-09-08T07:03:27.351+0000] {processor.py:914} INFO - Processing file /home/airflow/.local/lib/python3.12/site-packages/airflow/example_dags/tutorial_taskflow_api.py for tasks to queue
[2024-09-08T07:03:27.352+0000] {logging_mixin.py:190} INFO - [2024-09-08T07:03:27.352+0000] {dagbag.py:587} INFO - Filling up the DagBag from /home/airflow/.local/lib/python3.12/site-packages/airflow/example_dags/tutorial_taskflow_api.py
[2024-09-08T07:03:27.356+0000] {processor.py:925} INFO - DAG(s) 'tutorial_taskflow_api' retrieved from /home/airflow/.local/lib/python3.12/site-packages/airflow/example_dags/tutorial_taskflow_api.py
[2024-09-08T07:03:27.372+0000] {logging_mixin.py:190} INFO - [2024-09-08T07:03:27.372+0000] {dag.py:3229} INFO - Sync 1 DAGs
[2024-09-08T07:03:27.477+0000] {logging_mixin.py:190} INFO - [2024-09-08T07:03:27.476+0000] {dag.py:4156} INFO - Setting next_dagrun for tutorial_taskflow_api to None, run_after=None
[2024-09-08T07:03:27.489+0000] {processor.py:208} INFO - Processing /home/airflow/.local/lib/python3.12/site-packages/airflow/example_dags/tutorial_taskflow_api.py took 0.142 seconds
[2024-09-08T07:03:58.373+0000] {processor.py:186} INFO - Started process (PID=3052) to work on /home/airflow/.local/lib/python3.12/site-packages/airflow/example_dags/tutorial_taskflow_api.py
[2024-09-08T07:03:58.373+0000] {processor.py:914} INFO - Processing file /home/airflow/.local/lib/python3.12/site-packages/airflow/example_dags/tutorial_taskflow_api.py for tasks to queue
[2024-09-08T07:03:58.374+0000] {logging_mixin.py:190} INFO - [2024-09-08T07:03:58.374+0000] {dagbag.py:587} INFO - Filling up the DagBag from /home/airflow/.local/lib/python3.12/site-packages/airflow/example_dags/tutorial_taskflow_api.py
[2024-09-08T07:03:58.379+0000] {processor.py:925} INFO - DAG(s) 'tutorial_taskflow_api' retrieved from /home/airflow/.local/lib/python3.12/site-packages/airflow/example_dags/tutorial_taskflow_api.py
[2024-09-08T07:03:58.392+0000] {logging_mixin.py:190} INFO - [2024-09-08T07:03:58.391+0000] {dag.py:3229} INFO - Sync 1 DAGs
[2024-09-08T07:03:58.399+0000] {logging_mixin.py:190} INFO - [2024-09-08T07:03:58.399+0000] {dag.py:4156} INFO - Setting next_dagrun for tutorial_taskflow_api to None, run_after=None
[2024-09-08T07:03:58.513+0000] {processor.py:208} INFO - Processing /home/airflow/.local/lib/python3.12/site-packages/airflow/example_dags/tutorial_taskflow_api.py took 0.143 seconds
[2024-09-08T07:04:28.607+0000] {processor.py:186} INFO - Started process (PID=3114) to work on /home/airflow/.local/lib/python3.12/site-packages/airflow/example_dags/tutorial_taskflow_api.py
[2024-09-08T07:04:28.607+0000] {processor.py:914} INFO - Processing file /home/airflow/.local/lib/python3.12/site-packages/airflow/example_dags/tutorial_taskflow_api.py for tasks to queue
[2024-09-08T07:04:28.608+0000] {logging_mixin.py:190} INFO - [2024-09-08T07:04:28.608+0000] {dagbag.py:587} INFO - Filling up the DagBag from /home/airflow/.local/lib/python3.12/site-packages/airflow/example_dags/tutorial_taskflow_api.py
[2024-09-08T07:04:28.612+0000] {processor.py:925} INFO - DAG(s) 'tutorial_taskflow_api' retrieved from /home/airflow/.local/lib/python3.12/site-packages/airflow/example_dags/tutorial_taskflow_api.py
[2024-09-08T07:04:28.628+0000] {logging_mixin.py:190} INFO - [2024-09-08T07:04:28.628+0000] {dag.py:3229} INFO - Sync 1 DAGs
[2024-09-08T07:04:28.639+0000] {logging_mixin.py:190} INFO - [2024-09-08T07:04:28.638+0000] {dag.py:4156} INFO - Setting next_dagrun for tutorial_taskflow_api to None, run_after=None
[2024-09-08T07:04:28.761+0000] {processor.py:208} INFO - Processing /home/airflow/.local/lib/python3.12/site-packages/airflow/example_dags/tutorial_taskflow_api.py took 0.158 seconds
[2024-09-08T07:04:59.011+0000] {processor.py:186} INFO - Started process (PID=3176) to work on /home/airflow/.local/lib/python3.12/site-packages/airflow/example_dags/tutorial_taskflow_api.py
[2024-09-08T07:04:59.012+0000] {processor.py:914} INFO - Processing file /home/airflow/.local/lib/python3.12/site-packages/airflow/example_dags/tutorial_taskflow_api.py for tasks to queue
[2024-09-08T07:04:59.014+0000] {logging_mixin.py:190} INFO - [2024-09-08T07:04:59.013+0000] {dagbag.py:587} INFO - Filling up the DagBag from /home/airflow/.local/lib/python3.12/site-packages/airflow/example_dags/tutorial_taskflow_api.py
[2024-09-08T07:04:59.019+0000] {processor.py:925} INFO - DAG(s) 'tutorial_taskflow_api' retrieved from /home/airflow/.local/lib/python3.12/site-packages/airflow/example_dags/tutorial_taskflow_api.py
[2024-09-08T07:04:59.038+0000] {logging_mixin.py:190} INFO - [2024-09-08T07:04:59.037+0000] {dag.py:3229} INFO - Sync 1 DAGs
[2024-09-08T07:04:59.051+0000] {logging_mixin.py:190} INFO - [2024-09-08T07:04:59.050+0000] {dag.py:4156} INFO - Setting next_dagrun for tutorial_taskflow_api to None, run_after=None
[2024-09-08T07:04:59.066+0000] {processor.py:208} INFO - Processing /home/airflow/.local/lib/python3.12/site-packages/airflow/example_dags/tutorial_taskflow_api.py took 0.058 seconds
[2024-09-08T07:05:29.351+0000] {processor.py:186} INFO - Started process (PID=3238) to work on /home/airflow/.local/lib/python3.12/site-packages/airflow/example_dags/tutorial_taskflow_api.py
[2024-09-08T07:05:29.352+0000] {processor.py:914} INFO - Processing file /home/airflow/.local/lib/python3.12/site-packages/airflow/example_dags/tutorial_taskflow_api.py for tasks to queue
[2024-09-08T07:05:29.353+0000] {logging_mixin.py:190} INFO - [2024-09-08T07:05:29.353+0000] {dagbag.py:587} INFO - Filling up the DagBag from /home/airflow/.local/lib/python3.12/site-packages/airflow/example_dags/tutorial_taskflow_api.py
[2024-09-08T07:05:29.359+0000] {processor.py:925} INFO - DAG(s) 'tutorial_taskflow_api' retrieved from /home/airflow/.local/lib/python3.12/site-packages/airflow/example_dags/tutorial_taskflow_api.py
[2024-09-08T07:05:29.373+0000] {logging_mixin.py:190} INFO - [2024-09-08T07:05:29.372+0000] {dag.py:3229} INFO - Sync 1 DAGs
[2024-09-08T07:05:29.382+0000] {logging_mixin.py:190} INFO - [2024-09-08T07:05:29.382+0000] {dag.py:4156} INFO - Setting next_dagrun for tutorial_taskflow_api to None, run_after=None
[2024-09-08T07:05:29.395+0000] {processor.py:208} INFO - Processing /home/airflow/.local/lib/python3.12/site-packages/airflow/example_dags/tutorial_taskflow_api.py took 0.048 seconds
[2024-09-08T07:06:00.220+0000] {processor.py:186} INFO - Started process (PID=3300) to work on /home/airflow/.local/lib/python3.12/site-packages/airflow/example_dags/tutorial_taskflow_api.py
[2024-09-08T07:06:00.220+0000] {processor.py:914} INFO - Processing file /home/airflow/.local/lib/python3.12/site-packages/airflow/example_dags/tutorial_taskflow_api.py for tasks to queue
[2024-09-08T07:06:00.221+0000] {logging_mixin.py:190} INFO - [2024-09-08T07:06:00.221+0000] {dagbag.py:587} INFO - Filling up the DagBag from /home/airflow/.local/lib/python3.12/site-packages/airflow/example_dags/tutorial_taskflow_api.py
[2024-09-08T07:06:00.225+0000] {processor.py:925} INFO - DAG(s) 'tutorial_taskflow_api' retrieved from /home/airflow/.local/lib/python3.12/site-packages/airflow/example_dags/tutorial_taskflow_api.py
[2024-09-08T07:06:00.237+0000] {logging_mixin.py:190} INFO - [2024-09-08T07:06:00.237+0000] {dag.py:3229} INFO - Sync 1 DAGs
[2024-09-08T07:06:00.248+0000] {logging_mixin.py:190} INFO - [2024-09-08T07:06:00.248+0000] {dag.py:4156} INFO - Setting next_dagrun for tutorial_taskflow_api to None, run_after=None
[2024-09-08T07:06:00.262+0000] {processor.py:208} INFO - Processing /home/airflow/.local/lib/python3.12/site-packages/airflow/example_dags/tutorial_taskflow_api.py took 0.045 seconds
[2024-09-08T07:06:30.597+0000] {processor.py:186} INFO - Started process (PID=3362) to work on /home/airflow/.local/lib/python3.12/site-packages/airflow/example_dags/tutorial_taskflow_api.py
[2024-09-08T07:06:30.598+0000] {processor.py:914} INFO - Processing file /home/airflow/.local/lib/python3.12/site-packages/airflow/example_dags/tutorial_taskflow_api.py for tasks to queue
[2024-09-08T07:06:30.599+0000] {logging_mixin.py:190} INFO - [2024-09-08T07:06:30.599+0000] {dagbag.py:587} INFO - Filling up the DagBag from /home/airflow/.local/lib/python3.12/site-packages/airflow/example_dags/tutorial_taskflow_api.py
[2024-09-08T07:06:30.604+0000] {processor.py:925} INFO - DAG(s) 'tutorial_taskflow_api' retrieved from /home/airflow/.local/lib/python3.12/site-packages/airflow/example_dags/tutorial_taskflow_api.py
[2024-09-08T07:06:30.618+0000] {logging_mixin.py:190} INFO - [2024-09-08T07:06:30.618+0000] {dag.py:3229} INFO - Sync 1 DAGs
[2024-09-08T07:06:30.628+0000] {logging_mixin.py:190} INFO - [2024-09-08T07:06:30.628+0000] {dag.py:4156} INFO - Setting next_dagrun for tutorial_taskflow_api to None, run_after=None
[2024-09-08T07:06:30.640+0000] {processor.py:208} INFO - Processing /home/airflow/.local/lib/python3.12/site-packages/airflow/example_dags/tutorial_taskflow_api.py took 0.047 seconds
[2024-09-08T07:07:01.197+0000] {processor.py:186} INFO - Started process (PID=3424) to work on /home/airflow/.local/lib/python3.12/site-packages/airflow/example_dags/tutorial_taskflow_api.py
[2024-09-08T07:07:01.197+0000] {processor.py:914} INFO - Processing file /home/airflow/.local/lib/python3.12/site-packages/airflow/example_dags/tutorial_taskflow_api.py for tasks to queue
[2024-09-08T07:07:01.199+0000] {logging_mixin.py:190} INFO - [2024-09-08T07:07:01.199+0000] {dagbag.py:587} INFO - Filling up the DagBag from /home/airflow/.local/lib/python3.12/site-packages/airflow/example_dags/tutorial_taskflow_api.py
[2024-09-08T07:07:01.205+0000] {processor.py:925} INFO - DAG(s) 'tutorial_taskflow_api' retrieved from /home/airflow/.local/lib/python3.12/site-packages/airflow/example_dags/tutorial_taskflow_api.py
[2024-09-08T07:07:01.218+0000] {logging_mixin.py:190} INFO - [2024-09-08T07:07:01.218+0000] {dag.py:3229} INFO - Sync 1 DAGs
[2024-09-08T07:07:01.229+0000] {logging_mixin.py:190} INFO - [2024-09-08T07:07:01.228+0000] {dag.py:4156} INFO - Setting next_dagrun for tutorial_taskflow_api to None, run_after=None
[2024-09-08T07:07:01.241+0000] {processor.py:208} INFO - Processing /home/airflow/.local/lib/python3.12/site-packages/airflow/example_dags/tutorial_taskflow_api.py took 0.048 seconds
[2024-09-08T07:07:31.630+0000] {processor.py:186} INFO - Started process (PID=3486) to work on /home/airflow/.local/lib/python3.12/site-packages/airflow/example_dags/tutorial_taskflow_api.py
[2024-09-08T07:07:31.631+0000] {processor.py:914} INFO - Processing file /home/airflow/.local/lib/python3.12/site-packages/airflow/example_dags/tutorial_taskflow_api.py for tasks to queue
[2024-09-08T07:07:31.632+0000] {logging_mixin.py:190} INFO - [2024-09-08T07:07:31.632+0000] {dagbag.py:587} INFO - Filling up the DagBag from /home/airflow/.local/lib/python3.12/site-packages/airflow/example_dags/tutorial_taskflow_api.py
[2024-09-08T07:07:31.639+0000] {processor.py:925} INFO - DAG(s) 'tutorial_taskflow_api' retrieved from /home/airflow/.local/lib/python3.12/site-packages/airflow/example_dags/tutorial_taskflow_api.py
[2024-09-08T07:07:31.653+0000] {logging_mixin.py:190} INFO - [2024-09-08T07:07:31.653+0000] {dag.py:3229} INFO - Sync 1 DAGs
[2024-09-08T07:07:31.664+0000] {logging_mixin.py:190} INFO - [2024-09-08T07:07:31.664+0000] {dag.py:4156} INFO - Setting next_dagrun for tutorial_taskflow_api to None, run_after=None
[2024-09-08T07:07:31.679+0000] {processor.py:208} INFO - Processing /home/airflow/.local/lib/python3.12/site-packages/airflow/example_dags/tutorial_taskflow_api.py took 0.053 seconds
[2024-09-08T07:08:01.996+0000] {processor.py:186} INFO - Started process (PID=3548) to work on /home/airflow/.local/lib/python3.12/site-packages/airflow/example_dags/tutorial_taskflow_api.py
[2024-09-08T07:08:01.996+0000] {processor.py:914} INFO - Processing file /home/airflow/.local/lib/python3.12/site-packages/airflow/example_dags/tutorial_taskflow_api.py for tasks to queue
[2024-09-08T07:08:01.998+0000] {logging_mixin.py:190} INFO - [2024-09-08T07:08:01.998+0000] {dagbag.py:587} INFO - Filling up the DagBag from /home/airflow/.local/lib/python3.12/site-packages/airflow/example_dags/tutorial_taskflow_api.py
[2024-09-08T07:08:02.003+0000] {processor.py:925} INFO - DAG(s) 'tutorial_taskflow_api' retrieved from /home/airflow/.local/lib/python3.12/site-packages/airflow/example_dags/tutorial_taskflow_api.py
[2024-09-08T07:08:02.016+0000] {logging_mixin.py:190} INFO - [2024-09-08T07:08:02.015+0000] {dag.py:3229} INFO - Sync 1 DAGs
[2024-09-08T07:08:02.023+0000] {logging_mixin.py:190} INFO - [2024-09-08T07:08:02.023+0000] {dag.py:4156} INFO - Setting next_dagrun for tutorial_taskflow_api to None, run_after=None
[2024-09-08T07:08:02.033+0000] {processor.py:208} INFO - Processing /home/airflow/.local/lib/python3.12/site-packages/airflow/example_dags/tutorial_taskflow_api.py took 0.042 seconds
[2024-09-08T07:08:32.527+0000] {processor.py:186} INFO - Started process (PID=3610) to work on /home/airflow/.local/lib/python3.12/site-packages/airflow/example_dags/tutorial_taskflow_api.py
[2024-09-08T07:08:32.527+0000] {processor.py:914} INFO - Processing file /home/airflow/.local/lib/python3.12/site-packages/airflow/example_dags/tutorial_taskflow_api.py for tasks to queue
[2024-09-08T07:08:32.528+0000] {logging_mixin.py:190} INFO - [2024-09-08T07:08:32.528+0000] {dagbag.py:587} INFO - Filling up the DagBag from /home/airflow/.local/lib/python3.12/site-packages/airflow/example_dags/tutorial_taskflow_api.py
[2024-09-08T07:08:32.533+0000] {processor.py:925} INFO - DAG(s) 'tutorial_taskflow_api' retrieved from /home/airflow/.local/lib/python3.12/site-packages/airflow/example_dags/tutorial_taskflow_api.py
[2024-09-08T07:08:32.545+0000] {logging_mixin.py:190} INFO - [2024-09-08T07:08:32.545+0000] {dag.py:3229} INFO - Sync 1 DAGs
[2024-09-08T07:08:32.552+0000] {logging_mixin.py:190} INFO - [2024-09-08T07:08:32.552+0000] {dag.py:4156} INFO - Setting next_dagrun for tutorial_taskflow_api to None, run_after=None
[2024-09-08T07:08:32.563+0000] {processor.py:208} INFO - Processing /home/airflow/.local/lib/python3.12/site-packages/airflow/example_dags/tutorial_taskflow_api.py took 0.039 seconds
[2024-09-08T07:09:03.200+0000] {processor.py:186} INFO - Started process (PID=3672) to work on /home/airflow/.local/lib/python3.12/site-packages/airflow/example_dags/tutorial_taskflow_api.py
[2024-09-08T07:09:03.200+0000] {processor.py:914} INFO - Processing file /home/airflow/.local/lib/python3.12/site-packages/airflow/example_dags/tutorial_taskflow_api.py for tasks to queue
[2024-09-08T07:09:03.202+0000] {logging_mixin.py:190} INFO - [2024-09-08T07:09:03.201+0000] {dagbag.py:587} INFO - Filling up the DagBag from /home/airflow/.local/lib/python3.12/site-packages/airflow/example_dags/tutorial_taskflow_api.py
[2024-09-08T07:09:03.206+0000] {processor.py:925} INFO - DAG(s) 'tutorial_taskflow_api' retrieved from /home/airflow/.local/lib/python3.12/site-packages/airflow/example_dags/tutorial_taskflow_api.py
[2024-09-08T07:09:03.219+0000] {logging_mixin.py:190} INFO - [2024-09-08T07:09:03.219+0000] {dag.py:3229} INFO - Sync 1 DAGs
[2024-09-08T07:09:03.226+0000] {logging_mixin.py:190} INFO - [2024-09-08T07:09:03.226+0000] {dag.py:4156} INFO - Setting next_dagrun for tutorial_taskflow_api to None, run_after=None
[2024-09-08T07:09:03.236+0000] {processor.py:208} INFO - Processing /home/airflow/.local/lib/python3.12/site-packages/airflow/example_dags/tutorial_taskflow_api.py took 0.040 seconds
[2024-09-08T07:09:33.645+0000] {processor.py:186} INFO - Started process (PID=3734) to work on /home/airflow/.local/lib/python3.12/site-packages/airflow/example_dags/tutorial_taskflow_api.py
[2024-09-08T07:09:33.645+0000] {processor.py:914} INFO - Processing file /home/airflow/.local/lib/python3.12/site-packages/airflow/example_dags/tutorial_taskflow_api.py for tasks to queue
[2024-09-08T07:09:33.646+0000] {logging_mixin.py:190} INFO - [2024-09-08T07:09:33.646+0000] {dagbag.py:587} INFO - Filling up the DagBag from /home/airflow/.local/lib/python3.12/site-packages/airflow/example_dags/tutorial_taskflow_api.py
[2024-09-08T07:09:33.651+0000] {processor.py:925} INFO - DAG(s) 'tutorial_taskflow_api' retrieved from /home/airflow/.local/lib/python3.12/site-packages/airflow/example_dags/tutorial_taskflow_api.py
[2024-09-08T07:09:33.665+0000] {logging_mixin.py:190} INFO - [2024-09-08T07:09:33.665+0000] {dag.py:3229} INFO - Sync 1 DAGs
[2024-09-08T07:09:33.676+0000] {logging_mixin.py:190} INFO - [2024-09-08T07:09:33.676+0000] {dag.py:4156} INFO - Setting next_dagrun for tutorial_taskflow_api to None, run_after=None
[2024-09-08T07:09:33.688+0000] {processor.py:208} INFO - Processing /home/airflow/.local/lib/python3.12/site-packages/airflow/example_dags/tutorial_taskflow_api.py took 0.047 seconds
[2024-09-08T07:10:04.124+0000] {processor.py:186} INFO - Started process (PID=3796) to work on /home/airflow/.local/lib/python3.12/site-packages/airflow/example_dags/tutorial_taskflow_api.py
[2024-09-08T07:10:04.124+0000] {processor.py:914} INFO - Processing file /home/airflow/.local/lib/python3.12/site-packages/airflow/example_dags/tutorial_taskflow_api.py for tasks to queue
[2024-09-08T07:10:04.125+0000] {logging_mixin.py:190} INFO - [2024-09-08T07:10:04.125+0000] {dagbag.py:587} INFO - Filling up the DagBag from /home/airflow/.local/lib/python3.12/site-packages/airflow/example_dags/tutorial_taskflow_api.py
[2024-09-08T07:10:04.131+0000] {processor.py:925} INFO - DAG(s) 'tutorial_taskflow_api' retrieved from /home/airflow/.local/lib/python3.12/site-packages/airflow/example_dags/tutorial_taskflow_api.py
[2024-09-08T07:10:04.145+0000] {logging_mixin.py:190} INFO - [2024-09-08T07:10:04.145+0000] {dag.py:3229} INFO - Sync 1 DAGs
[2024-09-08T07:10:04.156+0000] {logging_mixin.py:190} INFO - [2024-09-08T07:10:04.155+0000] {dag.py:4156} INFO - Setting next_dagrun for tutorial_taskflow_api to None, run_after=None
[2024-09-08T07:10:04.168+0000] {processor.py:208} INFO - Processing /home/airflow/.local/lib/python3.12/site-packages/airflow/example_dags/tutorial_taskflow_api.py took 0.048 seconds
[2024-09-08T07:10:34.668+0000] {processor.py:186} INFO - Started process (PID=3858) to work on /home/airflow/.local/lib/python3.12/site-packages/airflow/example_dags/tutorial_taskflow_api.py
[2024-09-08T07:10:34.669+0000] {processor.py:914} INFO - Processing file /home/airflow/.local/lib/python3.12/site-packages/airflow/example_dags/tutorial_taskflow_api.py for tasks to queue
[2024-09-08T07:10:34.670+0000] {logging_mixin.py:190} INFO - [2024-09-08T07:10:34.669+0000] {dagbag.py:587} INFO - Filling up the DagBag from /home/airflow/.local/lib/python3.12/site-packages/airflow/example_dags/tutorial_taskflow_api.py
[2024-09-08T07:10:34.674+0000] {processor.py:925} INFO - DAG(s) 'tutorial_taskflow_api' retrieved from /home/airflow/.local/lib/python3.12/site-packages/airflow/example_dags/tutorial_taskflow_api.py
[2024-09-08T07:10:34.685+0000] {logging_mixin.py:190} INFO - [2024-09-08T07:10:34.685+0000] {dag.py:3229} INFO - Sync 1 DAGs
[2024-09-08T07:10:34.692+0000] {logging_mixin.py:190} INFO - [2024-09-08T07:10:34.692+0000] {dag.py:4156} INFO - Setting next_dagrun for tutorial_taskflow_api to None, run_after=None
[2024-09-08T07:10:34.703+0000] {processor.py:208} INFO - Processing /home/airflow/.local/lib/python3.12/site-packages/airflow/example_dags/tutorial_taskflow_api.py took 0.038 seconds
[2024-09-08T07:11:05.125+0000] {processor.py:186} INFO - Started process (PID=3920) to work on /home/airflow/.local/lib/python3.12/site-packages/airflow/example_dags/tutorial_taskflow_api.py
[2024-09-08T07:11:05.126+0000] {processor.py:914} INFO - Processing file /home/airflow/.local/lib/python3.12/site-packages/airflow/example_dags/tutorial_taskflow_api.py for tasks to queue
[2024-09-08T07:11:05.127+0000] {logging_mixin.py:190} INFO - [2024-09-08T07:11:05.127+0000] {dagbag.py:587} INFO - Filling up the DagBag from /home/airflow/.local/lib/python3.12/site-packages/airflow/example_dags/tutorial_taskflow_api.py
[2024-09-08T07:11:05.133+0000] {processor.py:925} INFO - DAG(s) 'tutorial_taskflow_api' retrieved from /home/airflow/.local/lib/python3.12/site-packages/airflow/example_dags/tutorial_taskflow_api.py
[2024-09-08T07:11:05.147+0000] {logging_mixin.py:190} INFO - [2024-09-08T07:11:05.146+0000] {dag.py:3229} INFO - Sync 1 DAGs
[2024-09-08T07:11:05.155+0000] {logging_mixin.py:190} INFO - [2024-09-08T07:11:05.155+0000] {dag.py:4156} INFO - Setting next_dagrun for tutorial_taskflow_api to None, run_after=None
[2024-09-08T07:11:05.168+0000] {processor.py:208} INFO - Processing /home/airflow/.local/lib/python3.12/site-packages/airflow/example_dags/tutorial_taskflow_api.py took 0.047 seconds
[2024-09-08T07:11:35.668+0000] {processor.py:186} INFO - Started process (PID=3982) to work on /home/airflow/.local/lib/python3.12/site-packages/airflow/example_dags/tutorial_taskflow_api.py
[2024-09-08T07:11:35.668+0000] {processor.py:914} INFO - Processing file /home/airflow/.local/lib/python3.12/site-packages/airflow/example_dags/tutorial_taskflow_api.py for tasks to queue
[2024-09-08T07:11:35.669+0000] {logging_mixin.py:190} INFO - [2024-09-08T07:11:35.669+0000] {dagbag.py:587} INFO - Filling up the DagBag from /home/airflow/.local/lib/python3.12/site-packages/airflow/example_dags/tutorial_taskflow_api.py
[2024-09-08T07:11:35.673+0000] {processor.py:925} INFO - DAG(s) 'tutorial_taskflow_api' retrieved from /home/airflow/.local/lib/python3.12/site-packages/airflow/example_dags/tutorial_taskflow_api.py
[2024-09-08T07:11:35.687+0000] {logging_mixin.py:190} INFO - [2024-09-08T07:11:35.687+0000] {dag.py:3229} INFO - Sync 1 DAGs
[2024-09-08T07:11:35.698+0000] {logging_mixin.py:190} INFO - [2024-09-08T07:11:35.697+0000] {dag.py:4156} INFO - Setting next_dagrun for tutorial_taskflow_api to None, run_after=None
[2024-09-08T07:11:35.710+0000] {processor.py:208} INFO - Processing /home/airflow/.local/lib/python3.12/site-packages/airflow/example_dags/tutorial_taskflow_api.py took 0.046 seconds
[2024-09-08T07:16:39.685+0000] {processor.py:186} INFO - Started process (PID=4044) to work on /home/airflow/.local/lib/python3.12/site-packages/airflow/example_dags/tutorial_taskflow_api.py
[2024-09-08T07:16:39.687+0000] {processor.py:914} INFO - Processing file /home/airflow/.local/lib/python3.12/site-packages/airflow/example_dags/tutorial_taskflow_api.py for tasks to queue
[2024-09-08T07:16:39.688+0000] {logging_mixin.py:190} INFO - [2024-09-08T07:16:39.688+0000] {dagbag.py:587} INFO - Filling up the DagBag from /home/airflow/.local/lib/python3.12/site-packages/airflow/example_dags/tutorial_taskflow_api.py
[2024-09-08T07:16:39.692+0000] {processor.py:925} INFO - DAG(s) 'tutorial_taskflow_api' retrieved from /home/airflow/.local/lib/python3.12/site-packages/airflow/example_dags/tutorial_taskflow_api.py
[2024-09-08T07:16:39.704+0000] {logging_mixin.py:190} INFO - [2024-09-08T07:16:39.704+0000] {dag.py:3229} INFO - Sync 1 DAGs
[2024-09-08T07:16:39.712+0000] {logging_mixin.py:190} INFO - [2024-09-08T07:16:39.712+0000] {dag.py:4156} INFO - Setting next_dagrun for tutorial_taskflow_api to None, run_after=None
[2024-09-08T07:16:39.723+0000] {processor.py:208} INFO - Processing /home/airflow/.local/lib/python3.12/site-packages/airflow/example_dags/tutorial_taskflow_api.py took 0.041 seconds
[2024-09-08T07:17:10.185+0000] {processor.py:186} INFO - Started process (PID=4106) to work on /home/airflow/.local/lib/python3.12/site-packages/airflow/example_dags/tutorial_taskflow_api.py
[2024-09-08T07:17:10.186+0000] {processor.py:914} INFO - Processing file /home/airflow/.local/lib/python3.12/site-packages/airflow/example_dags/tutorial_taskflow_api.py for tasks to queue
[2024-09-08T07:17:10.187+0000] {logging_mixin.py:190} INFO - [2024-09-08T07:17:10.187+0000] {dagbag.py:587} INFO - Filling up the DagBag from /home/airflow/.local/lib/python3.12/site-packages/airflow/example_dags/tutorial_taskflow_api.py
[2024-09-08T07:17:10.191+0000] {processor.py:925} INFO - DAG(s) 'tutorial_taskflow_api' retrieved from /home/airflow/.local/lib/python3.12/site-packages/airflow/example_dags/tutorial_taskflow_api.py
[2024-09-08T07:17:10.207+0000] {logging_mixin.py:190} INFO - [2024-09-08T07:17:10.207+0000] {dag.py:3229} INFO - Sync 1 DAGs
[2024-09-08T07:17:10.217+0000] {logging_mixin.py:190} INFO - [2024-09-08T07:17:10.217+0000] {dag.py:4156} INFO - Setting next_dagrun for tutorial_taskflow_api to None, run_after=None
[2024-09-08T07:17:10.227+0000] {processor.py:208} INFO - Processing /home/airflow/.local/lib/python3.12/site-packages/airflow/example_dags/tutorial_taskflow_api.py took 0.047 seconds
[2024-09-08T07:17:40.792+0000] {processor.py:186} INFO - Started process (PID=4168) to work on /home/airflow/.local/lib/python3.12/site-packages/airflow/example_dags/tutorial_taskflow_api.py
[2024-09-08T07:17:40.793+0000] {processor.py:914} INFO - Processing file /home/airflow/.local/lib/python3.12/site-packages/airflow/example_dags/tutorial_taskflow_api.py for tasks to queue
[2024-09-08T07:17:40.794+0000] {logging_mixin.py:190} INFO - [2024-09-08T07:17:40.794+0000] {dagbag.py:587} INFO - Filling up the DagBag from /home/airflow/.local/lib/python3.12/site-packages/airflow/example_dags/tutorial_taskflow_api.py
[2024-09-08T07:17:40.799+0000] {processor.py:925} INFO - DAG(s) 'tutorial_taskflow_api' retrieved from /home/airflow/.local/lib/python3.12/site-packages/airflow/example_dags/tutorial_taskflow_api.py
[2024-09-08T07:17:40.811+0000] {logging_mixin.py:190} INFO - [2024-09-08T07:17:40.811+0000] {dag.py:3229} INFO - Sync 1 DAGs
[2024-09-08T07:17:40.818+0000] {logging_mixin.py:190} INFO - [2024-09-08T07:17:40.818+0000] {dag.py:4156} INFO - Setting next_dagrun for tutorial_taskflow_api to None, run_after=None
[2024-09-08T07:17:40.829+0000] {processor.py:208} INFO - Processing /home/airflow/.local/lib/python3.12/site-packages/airflow/example_dags/tutorial_taskflow_api.py took 0.041 seconds
[2024-09-08T07:18:11.334+0000] {processor.py:186} INFO - Started process (PID=4230) to work on /home/airflow/.local/lib/python3.12/site-packages/airflow/example_dags/tutorial_taskflow_api.py
[2024-09-08T07:18:11.335+0000] {processor.py:914} INFO - Processing file /home/airflow/.local/lib/python3.12/site-packages/airflow/example_dags/tutorial_taskflow_api.py for tasks to queue
[2024-09-08T07:18:11.336+0000] {logging_mixin.py:190} INFO - [2024-09-08T07:18:11.336+0000] {dagbag.py:587} INFO - Filling up the DagBag from /home/airflow/.local/lib/python3.12/site-packages/airflow/example_dags/tutorial_taskflow_api.py
[2024-09-08T07:18:11.340+0000] {processor.py:925} INFO - DAG(s) 'tutorial_taskflow_api' retrieved from /home/airflow/.local/lib/python3.12/site-packages/airflow/example_dags/tutorial_taskflow_api.py
[2024-09-08T07:18:11.356+0000] {logging_mixin.py:190} INFO - [2024-09-08T07:18:11.355+0000] {dag.py:3229} INFO - Sync 1 DAGs
[2024-09-08T07:18:11.364+0000] {logging_mixin.py:190} INFO - [2024-09-08T07:18:11.364+0000] {dag.py:4156} INFO - Setting next_dagrun for tutorial_taskflow_api to None, run_after=None
[2024-09-08T07:18:11.376+0000] {processor.py:208} INFO - Processing /home/airflow/.local/lib/python3.12/site-packages/airflow/example_dags/tutorial_taskflow_api.py took 0.046 seconds
[2024-09-08T07:18:41.954+0000] {processor.py:186} INFO - Started process (PID=4291) to work on /home/airflow/.local/lib/python3.12/site-packages/airflow/example_dags/tutorial_taskflow_api.py
[2024-09-08T07:18:41.954+0000] {processor.py:914} INFO - Processing file /home/airflow/.local/lib/python3.12/site-packages/airflow/example_dags/tutorial_taskflow_api.py for tasks to queue
[2024-09-08T07:18:41.955+0000] {logging_mixin.py:190} INFO - [2024-09-08T07:18:41.955+0000] {dagbag.py:587} INFO - Filling up the DagBag from /home/airflow/.local/lib/python3.12/site-packages/airflow/example_dags/tutorial_taskflow_api.py
[2024-09-08T07:18:41.960+0000] {processor.py:925} INFO - DAG(s) 'tutorial_taskflow_api' retrieved from /home/airflow/.local/lib/python3.12/site-packages/airflow/example_dags/tutorial_taskflow_api.py
[2024-09-08T07:18:41.973+0000] {logging_mixin.py:190} INFO - [2024-09-08T07:18:41.973+0000] {dag.py:3229} INFO - Sync 1 DAGs
[2024-09-08T07:18:41.981+0000] {logging_mixin.py:190} INFO - [2024-09-08T07:18:41.980+0000] {dag.py:4156} INFO - Setting next_dagrun for tutorial_taskflow_api to None, run_after=None
[2024-09-08T07:18:41.992+0000] {processor.py:208} INFO - Processing /home/airflow/.local/lib/python3.12/site-packages/airflow/example_dags/tutorial_taskflow_api.py took 0.042 seconds
[2024-09-08T07:19:12.503+0000] {processor.py:186} INFO - Started process (PID=4354) to work on /home/airflow/.local/lib/python3.12/site-packages/airflow/example_dags/tutorial_taskflow_api.py
[2024-09-08T07:19:12.503+0000] {processor.py:914} INFO - Processing file /home/airflow/.local/lib/python3.12/site-packages/airflow/example_dags/tutorial_taskflow_api.py for tasks to queue
[2024-09-08T07:19:12.505+0000] {logging_mixin.py:190} INFO - [2024-09-08T07:19:12.504+0000] {dagbag.py:587} INFO - Filling up the DagBag from /home/airflow/.local/lib/python3.12/site-packages/airflow/example_dags/tutorial_taskflow_api.py
[2024-09-08T07:19:12.510+0000] {processor.py:925} INFO - DAG(s) 'tutorial_taskflow_api' retrieved from /home/airflow/.local/lib/python3.12/site-packages/airflow/example_dags/tutorial_taskflow_api.py
[2024-09-08T07:19:12.525+0000] {logging_mixin.py:190} INFO - [2024-09-08T07:19:12.524+0000] {dag.py:3229} INFO - Sync 1 DAGs
[2024-09-08T07:19:12.535+0000] {logging_mixin.py:190} INFO - [2024-09-08T07:19:12.535+0000] {dag.py:4156} INFO - Setting next_dagrun for tutorial_taskflow_api to None, run_after=None
[2024-09-08T07:19:12.548+0000] {processor.py:208} INFO - Processing /home/airflow/.local/lib/python3.12/site-packages/airflow/example_dags/tutorial_taskflow_api.py took 0.050 seconds
[2024-09-08T07:19:43.306+0000] {processor.py:186} INFO - Started process (PID=4416) to work on /home/airflow/.local/lib/python3.12/site-packages/airflow/example_dags/tutorial_taskflow_api.py
[2024-09-08T07:19:43.306+0000] {processor.py:914} INFO - Processing file /home/airflow/.local/lib/python3.12/site-packages/airflow/example_dags/tutorial_taskflow_api.py for tasks to queue
[2024-09-08T07:19:43.308+0000] {logging_mixin.py:190} INFO - [2024-09-08T07:19:43.307+0000] {dagbag.py:587} INFO - Filling up the DagBag from /home/airflow/.local/lib/python3.12/site-packages/airflow/example_dags/tutorial_taskflow_api.py
[2024-09-08T07:19:43.313+0000] {processor.py:925} INFO - DAG(s) 'tutorial_taskflow_api' retrieved from /home/airflow/.local/lib/python3.12/site-packages/airflow/example_dags/tutorial_taskflow_api.py
[2024-09-08T07:19:43.327+0000] {logging_mixin.py:190} INFO - [2024-09-08T07:19:43.327+0000] {dag.py:3229} INFO - Sync 1 DAGs
[2024-09-08T07:19:43.336+0000] {logging_mixin.py:190} INFO - [2024-09-08T07:19:43.336+0000] {dag.py:4156} INFO - Setting next_dagrun for tutorial_taskflow_api to None, run_after=None
[2024-09-08T07:19:43.349+0000] {processor.py:208} INFO - Processing /home/airflow/.local/lib/python3.12/site-packages/airflow/example_dags/tutorial_taskflow_api.py took 0.047 seconds
[2024-09-08T07:20:14.058+0000] {processor.py:186} INFO - Started process (PID=4478) to work on /home/airflow/.local/lib/python3.12/site-packages/airflow/example_dags/tutorial_taskflow_api.py
[2024-09-08T07:20:14.058+0000] {processor.py:914} INFO - Processing file /home/airflow/.local/lib/python3.12/site-packages/airflow/example_dags/tutorial_taskflow_api.py for tasks to queue
[2024-09-08T07:20:14.059+0000] {logging_mixin.py:190} INFO - [2024-09-08T07:20:14.059+0000] {dagbag.py:587} INFO - Filling up the DagBag from /home/airflow/.local/lib/python3.12/site-packages/airflow/example_dags/tutorial_taskflow_api.py
[2024-09-08T07:20:14.063+0000] {processor.py:925} INFO - DAG(s) 'tutorial_taskflow_api' retrieved from /home/airflow/.local/lib/python3.12/site-packages/airflow/example_dags/tutorial_taskflow_api.py
[2024-09-08T07:20:14.077+0000] {logging_mixin.py:190} INFO - [2024-09-08T07:20:14.077+0000] {dag.py:3229} INFO - Sync 1 DAGs
[2024-09-08T07:20:14.088+0000] {logging_mixin.py:190} INFO - [2024-09-08T07:20:14.088+0000] {dag.py:4156} INFO - Setting next_dagrun for tutorial_taskflow_api to None, run_after=None
[2024-09-08T07:20:14.099+0000] {processor.py:208} INFO - Processing /home/airflow/.local/lib/python3.12/site-packages/airflow/example_dags/tutorial_taskflow_api.py took 0.044 seconds
[2024-09-08T07:20:44.482+0000] {processor.py:186} INFO - Started process (PID=4540) to work on /home/airflow/.local/lib/python3.12/site-packages/airflow/example_dags/tutorial_taskflow_api.py
[2024-09-08T07:20:44.482+0000] {processor.py:914} INFO - Processing file /home/airflow/.local/lib/python3.12/site-packages/airflow/example_dags/tutorial_taskflow_api.py for tasks to queue
[2024-09-08T07:20:44.483+0000] {logging_mixin.py:190} INFO - [2024-09-08T07:20:44.483+0000] {dagbag.py:587} INFO - Filling up the DagBag from /home/airflow/.local/lib/python3.12/site-packages/airflow/example_dags/tutorial_taskflow_api.py
[2024-09-08T07:20:44.488+0000] {processor.py:925} INFO - DAG(s) 'tutorial_taskflow_api' retrieved from /home/airflow/.local/lib/python3.12/site-packages/airflow/example_dags/tutorial_taskflow_api.py
[2024-09-08T07:20:44.500+0000] {logging_mixin.py:190} INFO - [2024-09-08T07:20:44.500+0000] {dag.py:3229} INFO - Sync 1 DAGs
[2024-09-08T07:20:44.508+0000] {logging_mixin.py:190} INFO - [2024-09-08T07:20:44.508+0000] {dag.py:4156} INFO - Setting next_dagrun for tutorial_taskflow_api to None, run_after=None
[2024-09-08T07:20:44.517+0000] {processor.py:208} INFO - Processing /home/airflow/.local/lib/python3.12/site-packages/airflow/example_dags/tutorial_taskflow_api.py took 0.039 seconds
[2024-09-08T07:21:14.982+0000] {processor.py:186} INFO - Started process (PID=4602) to work on /home/airflow/.local/lib/python3.12/site-packages/airflow/example_dags/tutorial_taskflow_api.py
[2024-09-08T07:21:14.982+0000] {processor.py:914} INFO - Processing file /home/airflow/.local/lib/python3.12/site-packages/airflow/example_dags/tutorial_taskflow_api.py for tasks to queue
[2024-09-08T07:21:14.984+0000] {logging_mixin.py:190} INFO - [2024-09-08T07:21:14.983+0000] {dagbag.py:587} INFO - Filling up the DagBag from /home/airflow/.local/lib/python3.12/site-packages/airflow/example_dags/tutorial_taskflow_api.py
[2024-09-08T07:21:14.989+0000] {processor.py:925} INFO - DAG(s) 'tutorial_taskflow_api' retrieved from /home/airflow/.local/lib/python3.12/site-packages/airflow/example_dags/tutorial_taskflow_api.py
[2024-09-08T07:21:15.002+0000] {logging_mixin.py:190} INFO - [2024-09-08T07:21:15.002+0000] {dag.py:3229} INFO - Sync 1 DAGs
[2024-09-08T07:21:15.011+0000] {logging_mixin.py:190} INFO - [2024-09-08T07:21:15.011+0000] {dag.py:4156} INFO - Setting next_dagrun for tutorial_taskflow_api to None, run_after=None
[2024-09-08T07:21:15.021+0000] {processor.py:208} INFO - Processing /home/airflow/.local/lib/python3.12/site-packages/airflow/example_dags/tutorial_taskflow_api.py took 0.044 seconds
