[2024-09-08T06:39:27.862+0000] {processor.py:186} INFO - Started process (PID=58) to work on /home/airflow/.local/lib/python3.12/site-packages/airflow/example_dags/tutorial_objectstorage.py
[2024-09-08T06:39:27.862+0000] {processor.py:914} INFO - Processing file /home/airflow/.local/lib/python3.12/site-packages/airflow/example_dags/tutorial_objectstorage.py for tasks to queue
[2024-09-08T06:39:27.864+0000] {logging_mixin.py:190} INFO - [2024-09-08T06:39:27.863+0000] {dagbag.py:587} INFO - Filling up the DagBag from /home/airflow/.local/lib/python3.12/site-packages/airflow/example_dags/tutorial_objectstorage.py
[2024-09-08T06:39:27.870+0000] {processor.py:925} INFO - DAG(s) 'tutorial_objectstorage' retrieved from /home/airflow/.local/lib/python3.12/site-packages/airflow/example_dags/tutorial_objectstorage.py
[2024-09-08T06:39:27.933+0000] {logging_mixin.py:190} INFO - [2024-09-08T06:39:27.932+0000] {override.py:1900} INFO - Created Permission View: can edit on DAG:tutorial_objectstorage
[2024-09-08T06:39:27.938+0000] {logging_mixin.py:190} INFO - [2024-09-08T06:39:27.938+0000] {override.py:1900} INFO - Created Permission View: can read on DAG:tutorial_objectstorage
[2024-09-08T06:39:27.941+0000] {logging_mixin.py:190} INFO - [2024-09-08T06:39:27.941+0000] {override.py:1900} INFO - Created Permission View: can delete on DAG:tutorial_objectstorage
[2024-09-08T06:39:27.943+0000] {logging_mixin.py:190} INFO - [2024-09-08T06:39:27.943+0000] {override.py:1900} INFO - Created Permission View: can read on DAG Run:tutorial_objectstorage
[2024-09-08T06:39:27.946+0000] {logging_mixin.py:190} INFO - [2024-09-08T06:39:27.946+0000] {override.py:1900} INFO - Created Permission View: can delete on DAG Run:tutorial_objectstorage
[2024-09-08T06:39:27.949+0000] {logging_mixin.py:190} INFO - [2024-09-08T06:39:27.948+0000] {override.py:1900} INFO - Created Permission View: can create on DAG Run:tutorial_objectstorage
[2024-09-08T06:39:27.952+0000] {logging_mixin.py:190} INFO - [2024-09-08T06:39:27.952+0000] {override.py:1900} INFO - Created Permission View: menu access on DAG Run:tutorial_objectstorage
[2024-09-08T06:39:27.952+0000] {logging_mixin.py:190} INFO - [2024-09-08T06:39:27.952+0000] {dag.py:3229} INFO - Sync 1 DAGs
[2024-09-08T06:39:27.959+0000] {logging_mixin.py:190} INFO - [2024-09-08T06:39:27.959+0000] {dag.py:3252} INFO - Creating ORM DAG for tutorial_objectstorage
[2024-09-08T06:39:27.959+0000] {logging_mixin.py:190} INFO - [2024-09-08T06:39:27.959+0000] {dag.py:4156} INFO - Setting next_dagrun for tutorial_objectstorage to None, run_after=None
[2024-09-08T06:39:27.967+0000] {processor.py:208} INFO - Processing /home/airflow/.local/lib/python3.12/site-packages/airflow/example_dags/tutorial_objectstorage.py took 0.109 seconds
[2024-09-08T06:39:58.038+0000] {processor.py:186} INFO - Started process (PID=120) to work on /home/airflow/.local/lib/python3.12/site-packages/airflow/example_dags/tutorial_objectstorage.py
[2024-09-08T06:39:58.038+0000] {processor.py:914} INFO - Processing file /home/airflow/.local/lib/python3.12/site-packages/airflow/example_dags/tutorial_objectstorage.py for tasks to queue
[2024-09-08T06:39:58.040+0000] {logging_mixin.py:190} INFO - [2024-09-08T06:39:58.039+0000] {dagbag.py:587} INFO - Filling up the DagBag from /home/airflow/.local/lib/python3.12/site-packages/airflow/example_dags/tutorial_objectstorage.py
[2024-09-08T06:39:58.044+0000] {processor.py:925} INFO - DAG(s) 'tutorial_objectstorage' retrieved from /home/airflow/.local/lib/python3.12/site-packages/airflow/example_dags/tutorial_objectstorage.py
[2024-09-08T06:39:58.059+0000] {logging_mixin.py:190} INFO - [2024-09-08T06:39:58.059+0000] {dag.py:3229} INFO - Sync 1 DAGs
[2024-09-08T06:39:58.068+0000] {logging_mixin.py:190} INFO - [2024-09-08T06:39:58.067+0000] {dag.py:4156} INFO - Setting next_dagrun for tutorial_objectstorage to None, run_after=None
[2024-09-08T06:39:58.079+0000] {processor.py:208} INFO - Processing /home/airflow/.local/lib/python3.12/site-packages/airflow/example_dags/tutorial_objectstorage.py took 0.045 seconds
[2024-09-08T06:40:28.712+0000] {processor.py:186} INFO - Started process (PID=182) to work on /home/airflow/.local/lib/python3.12/site-packages/airflow/example_dags/tutorial_objectstorage.py
[2024-09-08T06:40:28.713+0000] {processor.py:914} INFO - Processing file /home/airflow/.local/lib/python3.12/site-packages/airflow/example_dags/tutorial_objectstorage.py for tasks to queue
[2024-09-08T06:40:28.714+0000] {logging_mixin.py:190} INFO - [2024-09-08T06:40:28.714+0000] {dagbag.py:587} INFO - Filling up the DagBag from /home/airflow/.local/lib/python3.12/site-packages/airflow/example_dags/tutorial_objectstorage.py
[2024-09-08T06:40:28.719+0000] {processor.py:925} INFO - DAG(s) 'tutorial_objectstorage' retrieved from /home/airflow/.local/lib/python3.12/site-packages/airflow/example_dags/tutorial_objectstorage.py
[2024-09-08T06:40:28.732+0000] {logging_mixin.py:190} INFO - [2024-09-08T06:40:28.731+0000] {dag.py:3229} INFO - Sync 1 DAGs
[2024-09-08T06:40:28.740+0000] {logging_mixin.py:190} INFO - [2024-09-08T06:40:28.740+0000] {dag.py:4156} INFO - Setting next_dagrun for tutorial_objectstorage to None, run_after=None
[2024-09-08T06:40:28.753+0000] {processor.py:208} INFO - Processing /home/airflow/.local/lib/python3.12/site-packages/airflow/example_dags/tutorial_objectstorage.py took 0.045 seconds
[2024-09-08T06:40:59.137+0000] {processor.py:186} INFO - Started process (PID=244) to work on /home/airflow/.local/lib/python3.12/site-packages/airflow/example_dags/tutorial_objectstorage.py
[2024-09-08T06:40:59.137+0000] {processor.py:914} INFO - Processing file /home/airflow/.local/lib/python3.12/site-packages/airflow/example_dags/tutorial_objectstorage.py for tasks to queue
[2024-09-08T06:40:59.138+0000] {logging_mixin.py:190} INFO - [2024-09-08T06:40:59.138+0000] {dagbag.py:587} INFO - Filling up the DagBag from /home/airflow/.local/lib/python3.12/site-packages/airflow/example_dags/tutorial_objectstorage.py
[2024-09-08T06:40:59.143+0000] {processor.py:925} INFO - DAG(s) 'tutorial_objectstorage' retrieved from /home/airflow/.local/lib/python3.12/site-packages/airflow/example_dags/tutorial_objectstorage.py
[2024-09-08T06:40:59.155+0000] {logging_mixin.py:190} INFO - [2024-09-08T06:40:59.155+0000] {dag.py:3229} INFO - Sync 1 DAGs
[2024-09-08T06:40:59.165+0000] {logging_mixin.py:190} INFO - [2024-09-08T06:40:59.165+0000] {dag.py:4156} INFO - Setting next_dagrun for tutorial_objectstorage to None, run_after=None
[2024-09-08T06:40:59.180+0000] {processor.py:208} INFO - Processing /home/airflow/.local/lib/python3.12/site-packages/airflow/example_dags/tutorial_objectstorage.py took 0.046 seconds
[2024-09-08T06:41:29.508+0000] {processor.py:186} INFO - Started process (PID=306) to work on /home/airflow/.local/lib/python3.12/site-packages/airflow/example_dags/tutorial_objectstorage.py
[2024-09-08T06:41:29.509+0000] {processor.py:914} INFO - Processing file /home/airflow/.local/lib/python3.12/site-packages/airflow/example_dags/tutorial_objectstorage.py for tasks to queue
[2024-09-08T06:41:29.510+0000] {logging_mixin.py:190} INFO - [2024-09-08T06:41:29.510+0000] {dagbag.py:587} INFO - Filling up the DagBag from /home/airflow/.local/lib/python3.12/site-packages/airflow/example_dags/tutorial_objectstorage.py
[2024-09-08T06:41:29.514+0000] {processor.py:925} INFO - DAG(s) 'tutorial_objectstorage' retrieved from /home/airflow/.local/lib/python3.12/site-packages/airflow/example_dags/tutorial_objectstorage.py
[2024-09-08T06:41:29.528+0000] {logging_mixin.py:190} INFO - [2024-09-08T06:41:29.528+0000] {dag.py:3229} INFO - Sync 1 DAGs
[2024-09-08T06:41:29.535+0000] {logging_mixin.py:190} INFO - [2024-09-08T06:41:29.535+0000] {dag.py:4156} INFO - Setting next_dagrun for tutorial_objectstorage to None, run_after=None
[2024-09-08T06:41:29.548+0000] {processor.py:208} INFO - Processing /home/airflow/.local/lib/python3.12/site-packages/airflow/example_dags/tutorial_objectstorage.py took 0.043 seconds
[2024-09-08T06:42:00.292+0000] {processor.py:186} INFO - Started process (PID=368) to work on /home/airflow/.local/lib/python3.12/site-packages/airflow/example_dags/tutorial_objectstorage.py
[2024-09-08T06:42:00.292+0000] {processor.py:914} INFO - Processing file /home/airflow/.local/lib/python3.12/site-packages/airflow/example_dags/tutorial_objectstorage.py for tasks to queue
[2024-09-08T06:42:00.293+0000] {logging_mixin.py:190} INFO - [2024-09-08T06:42:00.293+0000] {dagbag.py:587} INFO - Filling up the DagBag from /home/airflow/.local/lib/python3.12/site-packages/airflow/example_dags/tutorial_objectstorage.py
[2024-09-08T06:42:00.297+0000] {processor.py:925} INFO - DAG(s) 'tutorial_objectstorage' retrieved from /home/airflow/.local/lib/python3.12/site-packages/airflow/example_dags/tutorial_objectstorage.py
[2024-09-08T06:42:00.308+0000] {logging_mixin.py:190} INFO - [2024-09-08T06:42:00.308+0000] {dag.py:3229} INFO - Sync 1 DAGs
[2024-09-08T06:42:00.315+0000] {logging_mixin.py:190} INFO - [2024-09-08T06:42:00.315+0000] {dag.py:4156} INFO - Setting next_dagrun for tutorial_objectstorage to None, run_after=None
[2024-09-08T06:42:00.326+0000] {processor.py:208} INFO - Processing /home/airflow/.local/lib/python3.12/site-packages/airflow/example_dags/tutorial_objectstorage.py took 0.037 seconds
[2024-09-08T06:42:30.675+0000] {processor.py:186} INFO - Started process (PID=430) to work on /home/airflow/.local/lib/python3.12/site-packages/airflow/example_dags/tutorial_objectstorage.py
[2024-09-08T06:42:30.675+0000] {processor.py:914} INFO - Processing file /home/airflow/.local/lib/python3.12/site-packages/airflow/example_dags/tutorial_objectstorage.py for tasks to queue
[2024-09-08T06:42:30.676+0000] {logging_mixin.py:190} INFO - [2024-09-08T06:42:30.676+0000] {dagbag.py:587} INFO - Filling up the DagBag from /home/airflow/.local/lib/python3.12/site-packages/airflow/example_dags/tutorial_objectstorage.py
[2024-09-08T06:42:30.681+0000] {processor.py:925} INFO - DAG(s) 'tutorial_objectstorage' retrieved from /home/airflow/.local/lib/python3.12/site-packages/airflow/example_dags/tutorial_objectstorage.py
[2024-09-08T06:42:30.692+0000] {logging_mixin.py:190} INFO - [2024-09-08T06:42:30.692+0000] {dag.py:3229} INFO - Sync 1 DAGs
[2024-09-08T06:42:30.699+0000] {logging_mixin.py:190} INFO - [2024-09-08T06:42:30.699+0000] {dag.py:4156} INFO - Setting next_dagrun for tutorial_objectstorage to None, run_after=None
[2024-09-08T06:42:30.709+0000] {processor.py:208} INFO - Processing /home/airflow/.local/lib/python3.12/site-packages/airflow/example_dags/tutorial_objectstorage.py took 0.037 seconds
[2024-09-08T06:43:01.157+0000] {processor.py:186} INFO - Started process (PID=492) to work on /home/airflow/.local/lib/python3.12/site-packages/airflow/example_dags/tutorial_objectstorage.py
[2024-09-08T06:43:01.158+0000] {processor.py:914} INFO - Processing file /home/airflow/.local/lib/python3.12/site-packages/airflow/example_dags/tutorial_objectstorage.py for tasks to queue
[2024-09-08T06:43:01.159+0000] {logging_mixin.py:190} INFO - [2024-09-08T06:43:01.159+0000] {dagbag.py:587} INFO - Filling up the DagBag from /home/airflow/.local/lib/python3.12/site-packages/airflow/example_dags/tutorial_objectstorage.py
[2024-09-08T06:43:01.165+0000] {processor.py:925} INFO - DAG(s) 'tutorial_objectstorage' retrieved from /home/airflow/.local/lib/python3.12/site-packages/airflow/example_dags/tutorial_objectstorage.py
[2024-09-08T06:43:01.181+0000] {logging_mixin.py:190} INFO - [2024-09-08T06:43:01.181+0000] {dag.py:3229} INFO - Sync 1 DAGs
[2024-09-08T06:43:01.189+0000] {logging_mixin.py:190} INFO - [2024-09-08T06:43:01.189+0000] {dag.py:4156} INFO - Setting next_dagrun for tutorial_objectstorage to None, run_after=None
[2024-09-08T06:43:01.199+0000] {processor.py:208} INFO - Processing /home/airflow/.local/lib/python3.12/site-packages/airflow/example_dags/tutorial_objectstorage.py took 0.045 seconds
[2024-09-08T06:43:31.588+0000] {processor.py:186} INFO - Started process (PID=554) to work on /home/airflow/.local/lib/python3.12/site-packages/airflow/example_dags/tutorial_objectstorage.py
[2024-09-08T06:43:31.589+0000] {processor.py:914} INFO - Processing file /home/airflow/.local/lib/python3.12/site-packages/airflow/example_dags/tutorial_objectstorage.py for tasks to queue
[2024-09-08T06:43:31.590+0000] {logging_mixin.py:190} INFO - [2024-09-08T06:43:31.590+0000] {dagbag.py:587} INFO - Filling up the DagBag from /home/airflow/.local/lib/python3.12/site-packages/airflow/example_dags/tutorial_objectstorage.py
[2024-09-08T06:43:31.595+0000] {processor.py:925} INFO - DAG(s) 'tutorial_objectstorage' retrieved from /home/airflow/.local/lib/python3.12/site-packages/airflow/example_dags/tutorial_objectstorage.py
[2024-09-08T06:43:31.606+0000] {logging_mixin.py:190} INFO - [2024-09-08T06:43:31.606+0000] {dag.py:3229} INFO - Sync 1 DAGs
[2024-09-08T06:43:31.613+0000] {logging_mixin.py:190} INFO - [2024-09-08T06:43:31.613+0000] {dag.py:4156} INFO - Setting next_dagrun for tutorial_objectstorage to None, run_after=None
[2024-09-08T06:43:31.623+0000] {processor.py:208} INFO - Processing /home/airflow/.local/lib/python3.12/site-packages/airflow/example_dags/tutorial_objectstorage.py took 0.038 seconds
[2024-09-08T06:44:02.068+0000] {processor.py:186} INFO - Started process (PID=616) to work on /home/airflow/.local/lib/python3.12/site-packages/airflow/example_dags/tutorial_objectstorage.py
[2024-09-08T06:44:02.069+0000] {processor.py:914} INFO - Processing file /home/airflow/.local/lib/python3.12/site-packages/airflow/example_dags/tutorial_objectstorage.py for tasks to queue
[2024-09-08T06:44:02.070+0000] {logging_mixin.py:190} INFO - [2024-09-08T06:44:02.070+0000] {dagbag.py:587} INFO - Filling up the DagBag from /home/airflow/.local/lib/python3.12/site-packages/airflow/example_dags/tutorial_objectstorage.py
[2024-09-08T06:44:02.076+0000] {processor.py:925} INFO - DAG(s) 'tutorial_objectstorage' retrieved from /home/airflow/.local/lib/python3.12/site-packages/airflow/example_dags/tutorial_objectstorage.py
[2024-09-08T06:44:02.086+0000] {logging_mixin.py:190} INFO - [2024-09-08T06:44:02.086+0000] {dag.py:3229} INFO - Sync 1 DAGs
[2024-09-08T06:44:02.094+0000] {logging_mixin.py:190} INFO - [2024-09-08T06:44:02.094+0000] {dag.py:4156} INFO - Setting next_dagrun for tutorial_objectstorage to None, run_after=None
[2024-09-08T06:44:02.105+0000] {processor.py:208} INFO - Processing /home/airflow/.local/lib/python3.12/site-packages/airflow/example_dags/tutorial_objectstorage.py took 0.040 seconds
[2024-09-08T06:44:32.646+0000] {processor.py:186} INFO - Started process (PID=678) to work on /home/airflow/.local/lib/python3.12/site-packages/airflow/example_dags/tutorial_objectstorage.py
[2024-09-08T06:44:32.646+0000] {processor.py:914} INFO - Processing file /home/airflow/.local/lib/python3.12/site-packages/airflow/example_dags/tutorial_objectstorage.py for tasks to queue
[2024-09-08T06:44:32.647+0000] {logging_mixin.py:190} INFO - [2024-09-08T06:44:32.647+0000] {dagbag.py:587} INFO - Filling up the DagBag from /home/airflow/.local/lib/python3.12/site-packages/airflow/example_dags/tutorial_objectstorage.py
[2024-09-08T06:44:32.652+0000] {processor.py:925} INFO - DAG(s) 'tutorial_objectstorage' retrieved from /home/airflow/.local/lib/python3.12/site-packages/airflow/example_dags/tutorial_objectstorage.py
[2024-09-08T06:44:32.662+0000] {logging_mixin.py:190} INFO - [2024-09-08T06:44:32.662+0000] {dag.py:3229} INFO - Sync 1 DAGs
[2024-09-08T06:44:32.669+0000] {logging_mixin.py:190} INFO - [2024-09-08T06:44:32.669+0000] {dag.py:4156} INFO - Setting next_dagrun for tutorial_objectstorage to None, run_after=None
[2024-09-08T06:44:32.683+0000] {processor.py:208} INFO - Processing /home/airflow/.local/lib/python3.12/site-packages/airflow/example_dags/tutorial_objectstorage.py took 0.041 seconds
[2024-09-08T06:45:03.267+0000] {processor.py:186} INFO - Started process (PID=740) to work on /home/airflow/.local/lib/python3.12/site-packages/airflow/example_dags/tutorial_objectstorage.py
[2024-09-08T06:45:03.267+0000] {processor.py:914} INFO - Processing file /home/airflow/.local/lib/python3.12/site-packages/airflow/example_dags/tutorial_objectstorage.py for tasks to queue
[2024-09-08T06:45:03.268+0000] {logging_mixin.py:190} INFO - [2024-09-08T06:45:03.268+0000] {dagbag.py:587} INFO - Filling up the DagBag from /home/airflow/.local/lib/python3.12/site-packages/airflow/example_dags/tutorial_objectstorage.py
[2024-09-08T06:45:03.273+0000] {processor.py:925} INFO - DAG(s) 'tutorial_objectstorage' retrieved from /home/airflow/.local/lib/python3.12/site-packages/airflow/example_dags/tutorial_objectstorage.py
[2024-09-08T06:45:03.287+0000] {logging_mixin.py:190} INFO - [2024-09-08T06:45:03.286+0000] {dag.py:3229} INFO - Sync 1 DAGs
[2024-09-08T06:45:03.297+0000] {logging_mixin.py:190} INFO - [2024-09-08T06:45:03.297+0000] {dag.py:4156} INFO - Setting next_dagrun for tutorial_objectstorage to None, run_after=None
[2024-09-08T06:45:03.309+0000] {processor.py:208} INFO - Processing /home/airflow/.local/lib/python3.12/site-packages/airflow/example_dags/tutorial_objectstorage.py took 0.046 seconds
[2024-09-08T06:45:33.750+0000] {processor.py:186} INFO - Started process (PID=802) to work on /home/airflow/.local/lib/python3.12/site-packages/airflow/example_dags/tutorial_objectstorage.py
[2024-09-08T06:45:33.750+0000] {processor.py:914} INFO - Processing file /home/airflow/.local/lib/python3.12/site-packages/airflow/example_dags/tutorial_objectstorage.py for tasks to queue
[2024-09-08T06:45:33.751+0000] {logging_mixin.py:190} INFO - [2024-09-08T06:45:33.751+0000] {dagbag.py:587} INFO - Filling up the DagBag from /home/airflow/.local/lib/python3.12/site-packages/airflow/example_dags/tutorial_objectstorage.py
[2024-09-08T06:45:33.756+0000] {processor.py:925} INFO - DAG(s) 'tutorial_objectstorage' retrieved from /home/airflow/.local/lib/python3.12/site-packages/airflow/example_dags/tutorial_objectstorage.py
[2024-09-08T06:45:33.770+0000] {logging_mixin.py:190} INFO - [2024-09-08T06:45:33.769+0000] {dag.py:3229} INFO - Sync 1 DAGs
[2024-09-08T06:45:33.780+0000] {logging_mixin.py:190} INFO - [2024-09-08T06:45:33.779+0000] {dag.py:4156} INFO - Setting next_dagrun for tutorial_objectstorage to None, run_after=None
[2024-09-08T06:45:33.793+0000] {processor.py:208} INFO - Processing /home/airflow/.local/lib/python3.12/site-packages/airflow/example_dags/tutorial_objectstorage.py took 0.047 seconds
[2024-09-08T06:46:04.227+0000] {processor.py:186} INFO - Started process (PID=864) to work on /home/airflow/.local/lib/python3.12/site-packages/airflow/example_dags/tutorial_objectstorage.py
[2024-09-08T06:46:04.228+0000] {processor.py:914} INFO - Processing file /home/airflow/.local/lib/python3.12/site-packages/airflow/example_dags/tutorial_objectstorage.py for tasks to queue
[2024-09-08T06:46:04.229+0000] {logging_mixin.py:190} INFO - [2024-09-08T06:46:04.229+0000] {dagbag.py:587} INFO - Filling up the DagBag from /home/airflow/.local/lib/python3.12/site-packages/airflow/example_dags/tutorial_objectstorage.py
[2024-09-08T06:46:04.236+0000] {processor.py:925} INFO - DAG(s) 'tutorial_objectstorage' retrieved from /home/airflow/.local/lib/python3.12/site-packages/airflow/example_dags/tutorial_objectstorage.py
[2024-09-08T06:46:04.248+0000] {logging_mixin.py:190} INFO - [2024-09-08T06:46:04.248+0000] {dag.py:3229} INFO - Sync 1 DAGs
[2024-09-08T06:46:04.257+0000] {logging_mixin.py:190} INFO - [2024-09-08T06:46:04.257+0000] {dag.py:4156} INFO - Setting next_dagrun for tutorial_objectstorage to None, run_after=None
[2024-09-08T06:46:04.267+0000] {processor.py:208} INFO - Processing /home/airflow/.local/lib/python3.12/site-packages/airflow/example_dags/tutorial_objectstorage.py took 0.043 seconds
[2024-09-08T06:46:34.709+0000] {processor.py:186} INFO - Started process (PID=926) to work on /home/airflow/.local/lib/python3.12/site-packages/airflow/example_dags/tutorial_objectstorage.py
[2024-09-08T06:46:34.709+0000] {processor.py:914} INFO - Processing file /home/airflow/.local/lib/python3.12/site-packages/airflow/example_dags/tutorial_objectstorage.py for tasks to queue
[2024-09-08T06:46:34.711+0000] {logging_mixin.py:190} INFO - [2024-09-08T06:46:34.710+0000] {dagbag.py:587} INFO - Filling up the DagBag from /home/airflow/.local/lib/python3.12/site-packages/airflow/example_dags/tutorial_objectstorage.py
[2024-09-08T06:46:34.715+0000] {processor.py:925} INFO - DAG(s) 'tutorial_objectstorage' retrieved from /home/airflow/.local/lib/python3.12/site-packages/airflow/example_dags/tutorial_objectstorage.py
[2024-09-08T06:46:34.731+0000] {logging_mixin.py:190} INFO - [2024-09-08T06:46:34.731+0000] {dag.py:3229} INFO - Sync 1 DAGs
[2024-09-08T06:46:34.740+0000] {logging_mixin.py:190} INFO - [2024-09-08T06:46:34.740+0000] {dag.py:4156} INFO - Setting next_dagrun for tutorial_objectstorage to None, run_after=None
[2024-09-08T06:46:34.754+0000] {processor.py:208} INFO - Processing /home/airflow/.local/lib/python3.12/site-packages/airflow/example_dags/tutorial_objectstorage.py took 0.049 seconds
[2024-09-08T06:47:05.137+0000] {processor.py:186} INFO - Started process (PID=988) to work on /home/airflow/.local/lib/python3.12/site-packages/airflow/example_dags/tutorial_objectstorage.py
[2024-09-08T06:47:05.138+0000] {processor.py:914} INFO - Processing file /home/airflow/.local/lib/python3.12/site-packages/airflow/example_dags/tutorial_objectstorage.py for tasks to queue
[2024-09-08T06:47:05.140+0000] {logging_mixin.py:190} INFO - [2024-09-08T06:47:05.139+0000] {dagbag.py:587} INFO - Filling up the DagBag from /home/airflow/.local/lib/python3.12/site-packages/airflow/example_dags/tutorial_objectstorage.py
[2024-09-08T06:47:05.146+0000] {processor.py:925} INFO - DAG(s) 'tutorial_objectstorage' retrieved from /home/airflow/.local/lib/python3.12/site-packages/airflow/example_dags/tutorial_objectstorage.py
[2024-09-08T06:47:05.161+0000] {logging_mixin.py:190} INFO - [2024-09-08T06:47:05.161+0000] {dag.py:3229} INFO - Sync 1 DAGs
[2024-09-08T06:47:05.171+0000] {logging_mixin.py:190} INFO - [2024-09-08T06:47:05.171+0000] {dag.py:4156} INFO - Setting next_dagrun for tutorial_objectstorage to None, run_after=None
[2024-09-08T06:47:05.182+0000] {processor.py:208} INFO - Processing /home/airflow/.local/lib/python3.12/site-packages/airflow/example_dags/tutorial_objectstorage.py took 0.049 seconds
[2024-09-08T06:47:35.756+0000] {processor.py:186} INFO - Started process (PID=1050) to work on /home/airflow/.local/lib/python3.12/site-packages/airflow/example_dags/tutorial_objectstorage.py
[2024-09-08T06:47:35.756+0000] {processor.py:914} INFO - Processing file /home/airflow/.local/lib/python3.12/site-packages/airflow/example_dags/tutorial_objectstorage.py for tasks to queue
[2024-09-08T06:47:35.758+0000] {logging_mixin.py:190} INFO - [2024-09-08T06:47:35.757+0000] {dagbag.py:587} INFO - Filling up the DagBag from /home/airflow/.local/lib/python3.12/site-packages/airflow/example_dags/tutorial_objectstorage.py
[2024-09-08T06:47:35.764+0000] {processor.py:925} INFO - DAG(s) 'tutorial_objectstorage' retrieved from /home/airflow/.local/lib/python3.12/site-packages/airflow/example_dags/tutorial_objectstorage.py
[2024-09-08T06:47:35.777+0000] {logging_mixin.py:190} INFO - [2024-09-08T06:47:35.777+0000] {dag.py:3229} INFO - Sync 1 DAGs
[2024-09-08T06:47:35.789+0000] {logging_mixin.py:190} INFO - [2024-09-08T06:47:35.789+0000] {dag.py:4156} INFO - Setting next_dagrun for tutorial_objectstorage to None, run_after=None
[2024-09-08T06:47:35.804+0000] {processor.py:208} INFO - Processing /home/airflow/.local/lib/python3.12/site-packages/airflow/example_dags/tutorial_objectstorage.py took 0.052 seconds
[2024-09-08T06:48:06.248+0000] {processor.py:186} INFO - Started process (PID=1112) to work on /home/airflow/.local/lib/python3.12/site-packages/airflow/example_dags/tutorial_objectstorage.py
[2024-09-08T06:48:06.248+0000] {processor.py:914} INFO - Processing file /home/airflow/.local/lib/python3.12/site-packages/airflow/example_dags/tutorial_objectstorage.py for tasks to queue
[2024-09-08T06:48:06.250+0000] {logging_mixin.py:190} INFO - [2024-09-08T06:48:06.250+0000] {dagbag.py:587} INFO - Filling up the DagBag from /home/airflow/.local/lib/python3.12/site-packages/airflow/example_dags/tutorial_objectstorage.py
[2024-09-08T06:48:06.256+0000] {processor.py:925} INFO - DAG(s) 'tutorial_objectstorage' retrieved from /home/airflow/.local/lib/python3.12/site-packages/airflow/example_dags/tutorial_objectstorage.py
[2024-09-08T06:48:06.271+0000] {logging_mixin.py:190} INFO - [2024-09-08T06:48:06.271+0000] {dag.py:3229} INFO - Sync 1 DAGs
[2024-09-08T06:48:06.279+0000] {logging_mixin.py:190} INFO - [2024-09-08T06:48:06.279+0000] {dag.py:4156} INFO - Setting next_dagrun for tutorial_objectstorage to None, run_after=None
[2024-09-08T06:48:06.289+0000] {processor.py:208} INFO - Processing /home/airflow/.local/lib/python3.12/site-packages/airflow/example_dags/tutorial_objectstorage.py took 0.046 seconds
[2024-09-08T06:48:36.897+0000] {processor.py:186} INFO - Started process (PID=1174) to work on /home/airflow/.local/lib/python3.12/site-packages/airflow/example_dags/tutorial_objectstorage.py
[2024-09-08T06:48:36.897+0000] {processor.py:914} INFO - Processing file /home/airflow/.local/lib/python3.12/site-packages/airflow/example_dags/tutorial_objectstorage.py for tasks to queue
[2024-09-08T06:48:36.898+0000] {logging_mixin.py:190} INFO - [2024-09-08T06:48:36.898+0000] {dagbag.py:587} INFO - Filling up the DagBag from /home/airflow/.local/lib/python3.12/site-packages/airflow/example_dags/tutorial_objectstorage.py
[2024-09-08T06:48:36.903+0000] {processor.py:925} INFO - DAG(s) 'tutorial_objectstorage' retrieved from /home/airflow/.local/lib/python3.12/site-packages/airflow/example_dags/tutorial_objectstorage.py
[2024-09-08T06:48:36.916+0000] {logging_mixin.py:190} INFO - [2024-09-08T06:48:36.916+0000] {dag.py:3229} INFO - Sync 1 DAGs
[2024-09-08T06:48:36.923+0000] {logging_mixin.py:190} INFO - [2024-09-08T06:48:36.923+0000] {dag.py:4156} INFO - Setting next_dagrun for tutorial_objectstorage to None, run_after=None
[2024-09-08T06:48:36.934+0000] {processor.py:208} INFO - Processing /home/airflow/.local/lib/python3.12/site-packages/airflow/example_dags/tutorial_objectstorage.py took 0.041 seconds
[2024-09-08T06:49:07.402+0000] {processor.py:186} INFO - Started process (PID=1236) to work on /home/airflow/.local/lib/python3.12/site-packages/airflow/example_dags/tutorial_objectstorage.py
[2024-09-08T06:49:07.402+0000] {processor.py:914} INFO - Processing file /home/airflow/.local/lib/python3.12/site-packages/airflow/example_dags/tutorial_objectstorage.py for tasks to queue
[2024-09-08T06:49:07.403+0000] {logging_mixin.py:190} INFO - [2024-09-08T06:49:07.403+0000] {dagbag.py:587} INFO - Filling up the DagBag from /home/airflow/.local/lib/python3.12/site-packages/airflow/example_dags/tutorial_objectstorage.py
[2024-09-08T06:49:07.408+0000] {processor.py:925} INFO - DAG(s) 'tutorial_objectstorage' retrieved from /home/airflow/.local/lib/python3.12/site-packages/airflow/example_dags/tutorial_objectstorage.py
[2024-09-08T06:49:07.419+0000] {logging_mixin.py:190} INFO - [2024-09-08T06:49:07.419+0000] {dag.py:3229} INFO - Sync 1 DAGs
[2024-09-08T06:49:07.427+0000] {logging_mixin.py:190} INFO - [2024-09-08T06:49:07.427+0000] {dag.py:4156} INFO - Setting next_dagrun for tutorial_objectstorage to None, run_after=None
[2024-09-08T06:49:07.437+0000] {processor.py:208} INFO - Processing /home/airflow/.local/lib/python3.12/site-packages/airflow/example_dags/tutorial_objectstorage.py took 0.039 seconds
[2024-09-08T06:49:38.081+0000] {processor.py:186} INFO - Started process (PID=1298) to work on /home/airflow/.local/lib/python3.12/site-packages/airflow/example_dags/tutorial_objectstorage.py
[2024-09-08T06:49:38.081+0000] {processor.py:914} INFO - Processing file /home/airflow/.local/lib/python3.12/site-packages/airflow/example_dags/tutorial_objectstorage.py for tasks to queue
[2024-09-08T06:49:38.082+0000] {logging_mixin.py:190} INFO - [2024-09-08T06:49:38.082+0000] {dagbag.py:587} INFO - Filling up the DagBag from /home/airflow/.local/lib/python3.12/site-packages/airflow/example_dags/tutorial_objectstorage.py
[2024-09-08T06:49:38.087+0000] {processor.py:925} INFO - DAG(s) 'tutorial_objectstorage' retrieved from /home/airflow/.local/lib/python3.12/site-packages/airflow/example_dags/tutorial_objectstorage.py
[2024-09-08T06:49:38.100+0000] {logging_mixin.py:190} INFO - [2024-09-08T06:49:38.099+0000] {dag.py:3229} INFO - Sync 1 DAGs
[2024-09-08T06:49:38.110+0000] {logging_mixin.py:190} INFO - [2024-09-08T06:49:38.110+0000] {dag.py:4156} INFO - Setting next_dagrun for tutorial_objectstorage to None, run_after=None
[2024-09-08T06:49:38.123+0000] {processor.py:208} INFO - Processing /home/airflow/.local/lib/python3.12/site-packages/airflow/example_dags/tutorial_objectstorage.py took 0.045 seconds
[2024-09-08T06:50:08.638+0000] {processor.py:186} INFO - Started process (PID=1360) to work on /home/airflow/.local/lib/python3.12/site-packages/airflow/example_dags/tutorial_objectstorage.py
[2024-09-08T06:50:08.638+0000] {processor.py:914} INFO - Processing file /home/airflow/.local/lib/python3.12/site-packages/airflow/example_dags/tutorial_objectstorage.py for tasks to queue
[2024-09-08T06:50:08.640+0000] {logging_mixin.py:190} INFO - [2024-09-08T06:50:08.639+0000] {dagbag.py:587} INFO - Filling up the DagBag from /home/airflow/.local/lib/python3.12/site-packages/airflow/example_dags/tutorial_objectstorage.py
[2024-09-08T06:50:08.645+0000] {processor.py:925} INFO - DAG(s) 'tutorial_objectstorage' retrieved from /home/airflow/.local/lib/python3.12/site-packages/airflow/example_dags/tutorial_objectstorage.py
[2024-09-08T06:50:08.657+0000] {logging_mixin.py:190} INFO - [2024-09-08T06:50:08.657+0000] {dag.py:3229} INFO - Sync 1 DAGs
[2024-09-08T06:50:08.664+0000] {logging_mixin.py:190} INFO - [2024-09-08T06:50:08.664+0000] {dag.py:4156} INFO - Setting next_dagrun for tutorial_objectstorage to None, run_after=None
[2024-09-08T06:50:08.676+0000] {processor.py:208} INFO - Processing /home/airflow/.local/lib/python3.12/site-packages/airflow/example_dags/tutorial_objectstorage.py took 0.043 seconds
[2024-09-08T06:50:39.216+0000] {processor.py:186} INFO - Started process (PID=1422) to work on /home/airflow/.local/lib/python3.12/site-packages/airflow/example_dags/tutorial_objectstorage.py
[2024-09-08T06:50:39.217+0000] {processor.py:914} INFO - Processing file /home/airflow/.local/lib/python3.12/site-packages/airflow/example_dags/tutorial_objectstorage.py for tasks to queue
[2024-09-08T06:50:39.218+0000] {logging_mixin.py:190} INFO - [2024-09-08T06:50:39.217+0000] {dagbag.py:587} INFO - Filling up the DagBag from /home/airflow/.local/lib/python3.12/site-packages/airflow/example_dags/tutorial_objectstorage.py
[2024-09-08T06:50:39.222+0000] {processor.py:925} INFO - DAG(s) 'tutorial_objectstorage' retrieved from /home/airflow/.local/lib/python3.12/site-packages/airflow/example_dags/tutorial_objectstorage.py
[2024-09-08T06:50:39.236+0000] {logging_mixin.py:190} INFO - [2024-09-08T06:50:39.236+0000] {dag.py:3229} INFO - Sync 1 DAGs
[2024-09-08T06:50:39.247+0000] {logging_mixin.py:190} INFO - [2024-09-08T06:50:39.247+0000] {dag.py:4156} INFO - Setting next_dagrun for tutorial_objectstorage to None, run_after=None
[2024-09-08T06:50:39.260+0000] {processor.py:208} INFO - Processing /home/airflow/.local/lib/python3.12/site-packages/airflow/example_dags/tutorial_objectstorage.py took 0.047 seconds
[2024-09-08T06:51:09.735+0000] {processor.py:186} INFO - Started process (PID=1484) to work on /home/airflow/.local/lib/python3.12/site-packages/airflow/example_dags/tutorial_objectstorage.py
[2024-09-08T06:51:09.736+0000] {processor.py:914} INFO - Processing file /home/airflow/.local/lib/python3.12/site-packages/airflow/example_dags/tutorial_objectstorage.py for tasks to queue
[2024-09-08T06:51:09.737+0000] {logging_mixin.py:190} INFO - [2024-09-08T06:51:09.737+0000] {dagbag.py:587} INFO - Filling up the DagBag from /home/airflow/.local/lib/python3.12/site-packages/airflow/example_dags/tutorial_objectstorage.py
[2024-09-08T06:51:09.742+0000] {processor.py:925} INFO - DAG(s) 'tutorial_objectstorage' retrieved from /home/airflow/.local/lib/python3.12/site-packages/airflow/example_dags/tutorial_objectstorage.py
[2024-09-08T06:51:09.753+0000] {logging_mixin.py:190} INFO - [2024-09-08T06:51:09.752+0000] {dag.py:3229} INFO - Sync 1 DAGs
[2024-09-08T06:51:09.760+0000] {logging_mixin.py:190} INFO - [2024-09-08T06:51:09.760+0000] {dag.py:4156} INFO - Setting next_dagrun for tutorial_objectstorage to None, run_after=None
[2024-09-08T06:51:09.770+0000] {processor.py:208} INFO - Processing /home/airflow/.local/lib/python3.12/site-packages/airflow/example_dags/tutorial_objectstorage.py took 0.038 seconds
[2024-09-08T06:51:40.142+0000] {processor.py:186} INFO - Started process (PID=1546) to work on /home/airflow/.local/lib/python3.12/site-packages/airflow/example_dags/tutorial_objectstorage.py
[2024-09-08T06:51:40.143+0000] {processor.py:914} INFO - Processing file /home/airflow/.local/lib/python3.12/site-packages/airflow/example_dags/tutorial_objectstorage.py for tasks to queue
[2024-09-08T06:51:40.144+0000] {logging_mixin.py:190} INFO - [2024-09-08T06:51:40.144+0000] {dagbag.py:587} INFO - Filling up the DagBag from /home/airflow/.local/lib/python3.12/site-packages/airflow/example_dags/tutorial_objectstorage.py
[2024-09-08T06:51:40.150+0000] {processor.py:925} INFO - DAG(s) 'tutorial_objectstorage' retrieved from /home/airflow/.local/lib/python3.12/site-packages/airflow/example_dags/tutorial_objectstorage.py
[2024-09-08T06:51:40.164+0000] {logging_mixin.py:190} INFO - [2024-09-08T06:51:40.164+0000] {dag.py:3229} INFO - Sync 1 DAGs
[2024-09-08T06:51:40.175+0000] {logging_mixin.py:190} INFO - [2024-09-08T06:51:40.175+0000] {dag.py:4156} INFO - Setting next_dagrun for tutorial_objectstorage to None, run_after=None
[2024-09-08T06:51:40.187+0000] {processor.py:208} INFO - Processing /home/airflow/.local/lib/python3.12/site-packages/airflow/example_dags/tutorial_objectstorage.py took 0.049 seconds
[2024-09-08T06:52:10.794+0000] {processor.py:186} INFO - Started process (PID=1608) to work on /home/airflow/.local/lib/python3.12/site-packages/airflow/example_dags/tutorial_objectstorage.py
[2024-09-08T06:52:10.794+0000] {processor.py:914} INFO - Processing file /home/airflow/.local/lib/python3.12/site-packages/airflow/example_dags/tutorial_objectstorage.py for tasks to queue
[2024-09-08T06:52:10.796+0000] {logging_mixin.py:190} INFO - [2024-09-08T06:52:10.795+0000] {dagbag.py:587} INFO - Filling up the DagBag from /home/airflow/.local/lib/python3.12/site-packages/airflow/example_dags/tutorial_objectstorage.py
[2024-09-08T06:52:10.800+0000] {processor.py:925} INFO - DAG(s) 'tutorial_objectstorage' retrieved from /home/airflow/.local/lib/python3.12/site-packages/airflow/example_dags/tutorial_objectstorage.py
[2024-09-08T06:52:10.815+0000] {logging_mixin.py:190} INFO - [2024-09-08T06:52:10.815+0000] {dag.py:3229} INFO - Sync 1 DAGs
[2024-09-08T06:52:10.826+0000] {logging_mixin.py:190} INFO - [2024-09-08T06:52:10.826+0000] {dag.py:4156} INFO - Setting next_dagrun for tutorial_objectstorage to None, run_after=None
[2024-09-08T06:52:10.836+0000] {processor.py:208} INFO - Processing /home/airflow/.local/lib/python3.12/site-packages/airflow/example_dags/tutorial_objectstorage.py took 0.045 seconds
[2024-09-08T06:52:41.366+0000] {processor.py:186} INFO - Started process (PID=1670) to work on /home/airflow/.local/lib/python3.12/site-packages/airflow/example_dags/tutorial_objectstorage.py
[2024-09-08T06:52:41.367+0000] {processor.py:914} INFO - Processing file /home/airflow/.local/lib/python3.12/site-packages/airflow/example_dags/tutorial_objectstorage.py for tasks to queue
[2024-09-08T06:52:41.368+0000] {logging_mixin.py:190} INFO - [2024-09-08T06:52:41.367+0000] {dagbag.py:587} INFO - Filling up the DagBag from /home/airflow/.local/lib/python3.12/site-packages/airflow/example_dags/tutorial_objectstorage.py
[2024-09-08T06:52:41.372+0000] {processor.py:925} INFO - DAG(s) 'tutorial_objectstorage' retrieved from /home/airflow/.local/lib/python3.12/site-packages/airflow/example_dags/tutorial_objectstorage.py
[2024-09-08T06:52:41.386+0000] {logging_mixin.py:190} INFO - [2024-09-08T06:52:41.386+0000] {dag.py:3229} INFO - Sync 1 DAGs
[2024-09-08T06:52:41.396+0000] {logging_mixin.py:190} INFO - [2024-09-08T06:52:41.396+0000] {dag.py:4156} INFO - Setting next_dagrun for tutorial_objectstorage to None, run_after=None
[2024-09-08T06:52:41.406+0000] {processor.py:208} INFO - Processing /home/airflow/.local/lib/python3.12/site-packages/airflow/example_dags/tutorial_objectstorage.py took 0.042 seconds
[2024-09-08T06:53:11.925+0000] {processor.py:186} INFO - Started process (PID=1732) to work on /home/airflow/.local/lib/python3.12/site-packages/airflow/example_dags/tutorial_objectstorage.py
[2024-09-08T06:53:11.926+0000] {processor.py:914} INFO - Processing file /home/airflow/.local/lib/python3.12/site-packages/airflow/example_dags/tutorial_objectstorage.py for tasks to queue
[2024-09-08T06:53:11.927+0000] {logging_mixin.py:190} INFO - [2024-09-08T06:53:11.927+0000] {dagbag.py:587} INFO - Filling up the DagBag from /home/airflow/.local/lib/python3.12/site-packages/airflow/example_dags/tutorial_objectstorage.py
[2024-09-08T06:53:11.933+0000] {processor.py:925} INFO - DAG(s) 'tutorial_objectstorage' retrieved from /home/airflow/.local/lib/python3.12/site-packages/airflow/example_dags/tutorial_objectstorage.py
[2024-09-08T06:53:11.947+0000] {logging_mixin.py:190} INFO - [2024-09-08T06:53:11.947+0000] {dag.py:3229} INFO - Sync 1 DAGs
[2024-09-08T06:53:11.957+0000] {logging_mixin.py:190} INFO - [2024-09-08T06:53:11.957+0000] {dag.py:4156} INFO - Setting next_dagrun for tutorial_objectstorage to None, run_after=None
[2024-09-08T06:53:11.969+0000] {processor.py:208} INFO - Processing /home/airflow/.local/lib/python3.12/site-packages/airflow/example_dags/tutorial_objectstorage.py took 0.048 seconds
[2024-09-08T06:53:42.517+0000] {processor.py:186} INFO - Started process (PID=1794) to work on /home/airflow/.local/lib/python3.12/site-packages/airflow/example_dags/tutorial_objectstorage.py
[2024-09-08T06:53:42.518+0000] {processor.py:914} INFO - Processing file /home/airflow/.local/lib/python3.12/site-packages/airflow/example_dags/tutorial_objectstorage.py for tasks to queue
[2024-09-08T06:53:42.519+0000] {logging_mixin.py:190} INFO - [2024-09-08T06:53:42.519+0000] {dagbag.py:587} INFO - Filling up the DagBag from /home/airflow/.local/lib/python3.12/site-packages/airflow/example_dags/tutorial_objectstorage.py
[2024-09-08T06:53:42.525+0000] {processor.py:925} INFO - DAG(s) 'tutorial_objectstorage' retrieved from /home/airflow/.local/lib/python3.12/site-packages/airflow/example_dags/tutorial_objectstorage.py
[2024-09-08T06:53:42.539+0000] {logging_mixin.py:190} INFO - [2024-09-08T06:53:42.539+0000] {dag.py:3229} INFO - Sync 1 DAGs
[2024-09-08T06:53:42.548+0000] {logging_mixin.py:190} INFO - [2024-09-08T06:53:42.548+0000] {dag.py:4156} INFO - Setting next_dagrun for tutorial_objectstorage to None, run_after=None
[2024-09-08T06:53:42.561+0000] {processor.py:208} INFO - Processing /home/airflow/.local/lib/python3.12/site-packages/airflow/example_dags/tutorial_objectstorage.py took 0.048 seconds
[2024-09-08T06:54:13.017+0000] {processor.py:186} INFO - Started process (PID=1856) to work on /home/airflow/.local/lib/python3.12/site-packages/airflow/example_dags/tutorial_objectstorage.py
[2024-09-08T06:54:13.017+0000] {processor.py:914} INFO - Processing file /home/airflow/.local/lib/python3.12/site-packages/airflow/example_dags/tutorial_objectstorage.py for tasks to queue
[2024-09-08T06:54:13.018+0000] {logging_mixin.py:190} INFO - [2024-09-08T06:54:13.018+0000] {dagbag.py:587} INFO - Filling up the DagBag from /home/airflow/.local/lib/python3.12/site-packages/airflow/example_dags/tutorial_objectstorage.py
[2024-09-08T06:54:13.023+0000] {processor.py:925} INFO - DAG(s) 'tutorial_objectstorage' retrieved from /home/airflow/.local/lib/python3.12/site-packages/airflow/example_dags/tutorial_objectstorage.py
[2024-09-08T06:54:13.037+0000] {logging_mixin.py:190} INFO - [2024-09-08T06:54:13.036+0000] {dag.py:3229} INFO - Sync 1 DAGs
[2024-09-08T06:54:13.046+0000] {logging_mixin.py:190} INFO - [2024-09-08T06:54:13.046+0000] {dag.py:4156} INFO - Setting next_dagrun for tutorial_objectstorage to None, run_after=None
[2024-09-08T06:54:13.059+0000] {processor.py:208} INFO - Processing /home/airflow/.local/lib/python3.12/site-packages/airflow/example_dags/tutorial_objectstorage.py took 0.046 seconds
[2024-09-08T06:54:43.707+0000] {processor.py:186} INFO - Started process (PID=1918) to work on /home/airflow/.local/lib/python3.12/site-packages/airflow/example_dags/tutorial_objectstorage.py
[2024-09-08T06:54:43.707+0000] {processor.py:914} INFO - Processing file /home/airflow/.local/lib/python3.12/site-packages/airflow/example_dags/tutorial_objectstorage.py for tasks to queue
[2024-09-08T06:54:43.708+0000] {logging_mixin.py:190} INFO - [2024-09-08T06:54:43.708+0000] {dagbag.py:587} INFO - Filling up the DagBag from /home/airflow/.local/lib/python3.12/site-packages/airflow/example_dags/tutorial_objectstorage.py
[2024-09-08T06:54:43.713+0000] {processor.py:925} INFO - DAG(s) 'tutorial_objectstorage' retrieved from /home/airflow/.local/lib/python3.12/site-packages/airflow/example_dags/tutorial_objectstorage.py
[2024-09-08T06:54:43.724+0000] {logging_mixin.py:190} INFO - [2024-09-08T06:54:43.724+0000] {dag.py:3229} INFO - Sync 1 DAGs
[2024-09-08T06:54:43.731+0000] {logging_mixin.py:190} INFO - [2024-09-08T06:54:43.731+0000] {dag.py:4156} INFO - Setting next_dagrun for tutorial_objectstorage to None, run_after=None
[2024-09-08T06:54:43.742+0000] {processor.py:208} INFO - Processing /home/airflow/.local/lib/python3.12/site-packages/airflow/example_dags/tutorial_objectstorage.py took 0.038 seconds
[2024-09-08T06:55:14.255+0000] {processor.py:186} INFO - Started process (PID=1980) to work on /home/airflow/.local/lib/python3.12/site-packages/airflow/example_dags/tutorial_objectstorage.py
[2024-09-08T06:55:14.255+0000] {processor.py:914} INFO - Processing file /home/airflow/.local/lib/python3.12/site-packages/airflow/example_dags/tutorial_objectstorage.py for tasks to queue
[2024-09-08T06:55:14.257+0000] {logging_mixin.py:190} INFO - [2024-09-08T06:55:14.257+0000] {dagbag.py:587} INFO - Filling up the DagBag from /home/airflow/.local/lib/python3.12/site-packages/airflow/example_dags/tutorial_objectstorage.py
[2024-09-08T06:55:14.263+0000] {processor.py:925} INFO - DAG(s) 'tutorial_objectstorage' retrieved from /home/airflow/.local/lib/python3.12/site-packages/airflow/example_dags/tutorial_objectstorage.py
[2024-09-08T06:55:14.277+0000] {logging_mixin.py:190} INFO - [2024-09-08T06:55:14.277+0000] {dag.py:3229} INFO - Sync 1 DAGs
[2024-09-08T06:55:14.285+0000] {logging_mixin.py:190} INFO - [2024-09-08T06:55:14.285+0000] {dag.py:4156} INFO - Setting next_dagrun for tutorial_objectstorage to None, run_after=None
[2024-09-08T06:55:14.298+0000] {processor.py:208} INFO - Processing /home/airflow/.local/lib/python3.12/site-packages/airflow/example_dags/tutorial_objectstorage.py took 0.048 seconds
[2024-09-08T06:55:44.708+0000] {processor.py:186} INFO - Started process (PID=2042) to work on /home/airflow/.local/lib/python3.12/site-packages/airflow/example_dags/tutorial_objectstorage.py
[2024-09-08T06:55:44.709+0000] {processor.py:914} INFO - Processing file /home/airflow/.local/lib/python3.12/site-packages/airflow/example_dags/tutorial_objectstorage.py for tasks to queue
[2024-09-08T06:55:44.710+0000] {logging_mixin.py:190} INFO - [2024-09-08T06:55:44.710+0000] {dagbag.py:587} INFO - Filling up the DagBag from /home/airflow/.local/lib/python3.12/site-packages/airflow/example_dags/tutorial_objectstorage.py
[2024-09-08T06:55:44.714+0000] {processor.py:925} INFO - DAG(s) 'tutorial_objectstorage' retrieved from /home/airflow/.local/lib/python3.12/site-packages/airflow/example_dags/tutorial_objectstorage.py
[2024-09-08T06:55:44.725+0000] {logging_mixin.py:190} INFO - [2024-09-08T06:55:44.724+0000] {dag.py:3229} INFO - Sync 1 DAGs
[2024-09-08T06:55:44.732+0000] {logging_mixin.py:190} INFO - [2024-09-08T06:55:44.732+0000] {dag.py:4156} INFO - Setting next_dagrun for tutorial_objectstorage to None, run_after=None
[2024-09-08T06:55:44.742+0000] {processor.py:208} INFO - Processing /home/airflow/.local/lib/python3.12/site-packages/airflow/example_dags/tutorial_objectstorage.py took 0.037 seconds
[2024-09-08T06:56:15.335+0000] {processor.py:186} INFO - Started process (PID=2110) to work on /home/airflow/.local/lib/python3.12/site-packages/airflow/example_dags/tutorial_objectstorage.py
[2024-09-08T06:56:15.336+0000] {processor.py:914} INFO - Processing file /home/airflow/.local/lib/python3.12/site-packages/airflow/example_dags/tutorial_objectstorage.py for tasks to queue
[2024-09-08T06:56:15.337+0000] {logging_mixin.py:190} INFO - [2024-09-08T06:56:15.337+0000] {dagbag.py:587} INFO - Filling up the DagBag from /home/airflow/.local/lib/python3.12/site-packages/airflow/example_dags/tutorial_objectstorage.py
[2024-09-08T06:56:15.342+0000] {processor.py:925} INFO - DAG(s) 'tutorial_objectstorage' retrieved from /home/airflow/.local/lib/python3.12/site-packages/airflow/example_dags/tutorial_objectstorage.py
[2024-09-08T06:56:15.355+0000] {logging_mixin.py:190} INFO - [2024-09-08T06:56:15.355+0000] {dag.py:3229} INFO - Sync 1 DAGs
[2024-09-08T06:56:15.363+0000] {logging_mixin.py:190} INFO - [2024-09-08T06:56:15.363+0000] {dag.py:4156} INFO - Setting next_dagrun for tutorial_objectstorage to None, run_after=None
[2024-09-08T06:56:15.375+0000] {processor.py:208} INFO - Processing /home/airflow/.local/lib/python3.12/site-packages/airflow/example_dags/tutorial_objectstorage.py took 0.042 seconds
[2024-09-08T06:56:45.881+0000] {processor.py:186} INFO - Started process (PID=2172) to work on /home/airflow/.local/lib/python3.12/site-packages/airflow/example_dags/tutorial_objectstorage.py
[2024-09-08T06:56:45.881+0000] {processor.py:914} INFO - Processing file /home/airflow/.local/lib/python3.12/site-packages/airflow/example_dags/tutorial_objectstorage.py for tasks to queue
[2024-09-08T06:56:45.883+0000] {logging_mixin.py:190} INFO - [2024-09-08T06:56:45.883+0000] {dagbag.py:587} INFO - Filling up the DagBag from /home/airflow/.local/lib/python3.12/site-packages/airflow/example_dags/tutorial_objectstorage.py
[2024-09-08T06:56:45.889+0000] {processor.py:925} INFO - DAG(s) 'tutorial_objectstorage' retrieved from /home/airflow/.local/lib/python3.12/site-packages/airflow/example_dags/tutorial_objectstorage.py
[2024-09-08T06:56:45.902+0000] {logging_mixin.py:190} INFO - [2024-09-08T06:56:45.901+0000] {dag.py:3229} INFO - Sync 1 DAGs
[2024-09-08T06:56:45.911+0000] {logging_mixin.py:190} INFO - [2024-09-08T06:56:45.911+0000] {dag.py:4156} INFO - Setting next_dagrun for tutorial_objectstorage to None, run_after=None
[2024-09-08T06:56:45.920+0000] {processor.py:208} INFO - Processing /home/airflow/.local/lib/python3.12/site-packages/airflow/example_dags/tutorial_objectstorage.py took 0.043 seconds
[2024-09-08T06:57:16.520+0000] {processor.py:186} INFO - Started process (PID=2234) to work on /home/airflow/.local/lib/python3.12/site-packages/airflow/example_dags/tutorial_objectstorage.py
[2024-09-08T06:57:16.521+0000] {processor.py:914} INFO - Processing file /home/airflow/.local/lib/python3.12/site-packages/airflow/example_dags/tutorial_objectstorage.py for tasks to queue
[2024-09-08T06:57:16.522+0000] {logging_mixin.py:190} INFO - [2024-09-08T06:57:16.522+0000] {dagbag.py:587} INFO - Filling up the DagBag from /home/airflow/.local/lib/python3.12/site-packages/airflow/example_dags/tutorial_objectstorage.py
[2024-09-08T06:57:16.527+0000] {processor.py:925} INFO - DAG(s) 'tutorial_objectstorage' retrieved from /home/airflow/.local/lib/python3.12/site-packages/airflow/example_dags/tutorial_objectstorage.py
[2024-09-08T06:57:16.539+0000] {logging_mixin.py:190} INFO - [2024-09-08T06:57:16.539+0000] {dag.py:3229} INFO - Sync 1 DAGs
[2024-09-08T06:57:16.547+0000] {logging_mixin.py:190} INFO - [2024-09-08T06:57:16.547+0000] {dag.py:4156} INFO - Setting next_dagrun for tutorial_objectstorage to None, run_after=None
[2024-09-08T06:57:16.558+0000] {processor.py:208} INFO - Processing /home/airflow/.local/lib/python3.12/site-packages/airflow/example_dags/tutorial_objectstorage.py took 0.042 seconds
[2024-09-08T06:57:47.269+0000] {processor.py:186} INFO - Started process (PID=2296) to work on /home/airflow/.local/lib/python3.12/site-packages/airflow/example_dags/tutorial_objectstorage.py
[2024-09-08T06:57:47.269+0000] {processor.py:914} INFO - Processing file /home/airflow/.local/lib/python3.12/site-packages/airflow/example_dags/tutorial_objectstorage.py for tasks to queue
[2024-09-08T06:57:47.270+0000] {logging_mixin.py:190} INFO - [2024-09-08T06:57:47.270+0000] {dagbag.py:587} INFO - Filling up the DagBag from /home/airflow/.local/lib/python3.12/site-packages/airflow/example_dags/tutorial_objectstorage.py
[2024-09-08T06:57:47.275+0000] {processor.py:925} INFO - DAG(s) 'tutorial_objectstorage' retrieved from /home/airflow/.local/lib/python3.12/site-packages/airflow/example_dags/tutorial_objectstorage.py
[2024-09-08T06:57:47.288+0000] {logging_mixin.py:190} INFO - [2024-09-08T06:57:47.287+0000] {dag.py:3229} INFO - Sync 1 DAGs
[2024-09-08T06:57:47.298+0000] {logging_mixin.py:190} INFO - [2024-09-08T06:57:47.298+0000] {dag.py:4156} INFO - Setting next_dagrun for tutorial_objectstorage to None, run_after=None
[2024-09-08T06:57:47.311+0000] {processor.py:208} INFO - Processing /home/airflow/.local/lib/python3.12/site-packages/airflow/example_dags/tutorial_objectstorage.py took 0.045 seconds
[2024-09-08T06:58:18.224+0000] {processor.py:186} INFO - Started process (PID=2358) to work on /home/airflow/.local/lib/python3.12/site-packages/airflow/example_dags/tutorial_objectstorage.py
[2024-09-08T06:58:18.225+0000] {processor.py:914} INFO - Processing file /home/airflow/.local/lib/python3.12/site-packages/airflow/example_dags/tutorial_objectstorage.py for tasks to queue
[2024-09-08T06:58:18.226+0000] {logging_mixin.py:190} INFO - [2024-09-08T06:58:18.226+0000] {dagbag.py:587} INFO - Filling up the DagBag from /home/airflow/.local/lib/python3.12/site-packages/airflow/example_dags/tutorial_objectstorage.py
[2024-09-08T06:58:18.231+0000] {processor.py:925} INFO - DAG(s) 'tutorial_objectstorage' retrieved from /home/airflow/.local/lib/python3.12/site-packages/airflow/example_dags/tutorial_objectstorage.py
[2024-09-08T06:58:18.245+0000] {logging_mixin.py:190} INFO - [2024-09-08T06:58:18.245+0000] {dag.py:3229} INFO - Sync 1 DAGs
[2024-09-08T06:58:18.255+0000] {logging_mixin.py:190} INFO - [2024-09-08T06:58:18.255+0000] {dag.py:4156} INFO - Setting next_dagrun for tutorial_objectstorage to None, run_after=None
[2024-09-08T06:58:18.268+0000] {processor.py:208} INFO - Processing /home/airflow/.local/lib/python3.12/site-packages/airflow/example_dags/tutorial_objectstorage.py took 0.047 seconds
[2024-09-08T06:58:48.842+0000] {processor.py:186} INFO - Started process (PID=2420) to work on /home/airflow/.local/lib/python3.12/site-packages/airflow/example_dags/tutorial_objectstorage.py
[2024-09-08T06:58:48.843+0000] {processor.py:914} INFO - Processing file /home/airflow/.local/lib/python3.12/site-packages/airflow/example_dags/tutorial_objectstorage.py for tasks to queue
[2024-09-08T06:58:48.844+0000] {logging_mixin.py:190} INFO - [2024-09-08T06:58:48.844+0000] {dagbag.py:587} INFO - Filling up the DagBag from /home/airflow/.local/lib/python3.12/site-packages/airflow/example_dags/tutorial_objectstorage.py
[2024-09-08T06:58:48.848+0000] {processor.py:925} INFO - DAG(s) 'tutorial_objectstorage' retrieved from /home/airflow/.local/lib/python3.12/site-packages/airflow/example_dags/tutorial_objectstorage.py
[2024-09-08T06:58:48.860+0000] {logging_mixin.py:190} INFO - [2024-09-08T06:58:48.860+0000] {dag.py:3229} INFO - Sync 1 DAGs
[2024-09-08T06:58:48.867+0000] {logging_mixin.py:190} INFO - [2024-09-08T06:58:48.867+0000] {dag.py:4156} INFO - Setting next_dagrun for tutorial_objectstorage to None, run_after=None
[2024-09-08T06:58:48.878+0000] {processor.py:208} INFO - Processing /home/airflow/.local/lib/python3.12/site-packages/airflow/example_dags/tutorial_objectstorage.py took 0.039 seconds
[2024-09-08T06:59:19.451+0000] {processor.py:186} INFO - Started process (PID=2482) to work on /home/airflow/.local/lib/python3.12/site-packages/airflow/example_dags/tutorial_objectstorage.py
[2024-09-08T06:59:19.451+0000] {processor.py:914} INFO - Processing file /home/airflow/.local/lib/python3.12/site-packages/airflow/example_dags/tutorial_objectstorage.py for tasks to queue
[2024-09-08T06:59:19.452+0000] {logging_mixin.py:190} INFO - [2024-09-08T06:59:19.452+0000] {dagbag.py:587} INFO - Filling up the DagBag from /home/airflow/.local/lib/python3.12/site-packages/airflow/example_dags/tutorial_objectstorage.py
[2024-09-08T06:59:19.457+0000] {processor.py:925} INFO - DAG(s) 'tutorial_objectstorage' retrieved from /home/airflow/.local/lib/python3.12/site-packages/airflow/example_dags/tutorial_objectstorage.py
[2024-09-08T06:59:19.470+0000] {logging_mixin.py:190} INFO - [2024-09-08T06:59:19.469+0000] {dag.py:3229} INFO - Sync 1 DAGs
[2024-09-08T06:59:19.480+0000] {logging_mixin.py:190} INFO - [2024-09-08T06:59:19.480+0000] {dag.py:4156} INFO - Setting next_dagrun for tutorial_objectstorage to None, run_after=None
[2024-09-08T06:59:19.492+0000] {processor.py:208} INFO - Processing /home/airflow/.local/lib/python3.12/site-packages/airflow/example_dags/tutorial_objectstorage.py took 0.044 seconds
[2024-09-08T06:59:50.252+0000] {processor.py:186} INFO - Started process (PID=2544) to work on /home/airflow/.local/lib/python3.12/site-packages/airflow/example_dags/tutorial_objectstorage.py
[2024-09-08T06:59:50.253+0000] {processor.py:914} INFO - Processing file /home/airflow/.local/lib/python3.12/site-packages/airflow/example_dags/tutorial_objectstorage.py for tasks to queue
[2024-09-08T06:59:50.254+0000] {logging_mixin.py:190} INFO - [2024-09-08T06:59:50.254+0000] {dagbag.py:587} INFO - Filling up the DagBag from /home/airflow/.local/lib/python3.12/site-packages/airflow/example_dags/tutorial_objectstorage.py
[2024-09-08T06:59:50.258+0000] {processor.py:925} INFO - DAG(s) 'tutorial_objectstorage' retrieved from /home/airflow/.local/lib/python3.12/site-packages/airflow/example_dags/tutorial_objectstorage.py
[2024-09-08T06:59:50.268+0000] {logging_mixin.py:190} INFO - [2024-09-08T06:59:50.268+0000] {dag.py:3229} INFO - Sync 1 DAGs
[2024-09-08T06:59:50.275+0000] {logging_mixin.py:190} INFO - [2024-09-08T06:59:50.275+0000] {dag.py:4156} INFO - Setting next_dagrun for tutorial_objectstorage to None, run_after=None
[2024-09-08T06:59:50.285+0000] {processor.py:208} INFO - Processing /home/airflow/.local/lib/python3.12/site-packages/airflow/example_dags/tutorial_objectstorage.py took 0.036 seconds
[2024-09-08T07:00:20.990+0000] {processor.py:186} INFO - Started process (PID=2606) to work on /home/airflow/.local/lib/python3.12/site-packages/airflow/example_dags/tutorial_objectstorage.py
[2024-09-08T07:00:20.990+0000] {processor.py:914} INFO - Processing file /home/airflow/.local/lib/python3.12/site-packages/airflow/example_dags/tutorial_objectstorage.py for tasks to queue
[2024-09-08T07:00:20.991+0000] {logging_mixin.py:190} INFO - [2024-09-08T07:00:20.991+0000] {dagbag.py:587} INFO - Filling up the DagBag from /home/airflow/.local/lib/python3.12/site-packages/airflow/example_dags/tutorial_objectstorage.py
[2024-09-08T07:00:20.996+0000] {processor.py:925} INFO - DAG(s) 'tutorial_objectstorage' retrieved from /home/airflow/.local/lib/python3.12/site-packages/airflow/example_dags/tutorial_objectstorage.py
[2024-09-08T07:00:21.008+0000] {logging_mixin.py:190} INFO - [2024-09-08T07:00:21.008+0000] {dag.py:3229} INFO - Sync 1 DAGs
[2024-09-08T07:00:21.015+0000] {logging_mixin.py:190} INFO - [2024-09-08T07:00:21.015+0000] {dag.py:4156} INFO - Setting next_dagrun for tutorial_objectstorage to None, run_after=None
[2024-09-08T07:00:21.026+0000] {processor.py:208} INFO - Processing /home/airflow/.local/lib/python3.12/site-packages/airflow/example_dags/tutorial_objectstorage.py took 0.040 seconds
[2024-09-08T07:00:51.644+0000] {processor.py:186} INFO - Started process (PID=2668) to work on /home/airflow/.local/lib/python3.12/site-packages/airflow/example_dags/tutorial_objectstorage.py
[2024-09-08T07:00:51.645+0000] {processor.py:914} INFO - Processing file /home/airflow/.local/lib/python3.12/site-packages/airflow/example_dags/tutorial_objectstorage.py for tasks to queue
[2024-09-08T07:00:51.646+0000] {logging_mixin.py:190} INFO - [2024-09-08T07:00:51.646+0000] {dagbag.py:587} INFO - Filling up the DagBag from /home/airflow/.local/lib/python3.12/site-packages/airflow/example_dags/tutorial_objectstorage.py
[2024-09-08T07:00:51.651+0000] {processor.py:925} INFO - DAG(s) 'tutorial_objectstorage' retrieved from /home/airflow/.local/lib/python3.12/site-packages/airflow/example_dags/tutorial_objectstorage.py
[2024-09-08T07:00:51.663+0000] {logging_mixin.py:190} INFO - [2024-09-08T07:00:51.663+0000] {dag.py:3229} INFO - Sync 1 DAGs
[2024-09-08T07:00:51.670+0000] {logging_mixin.py:190} INFO - [2024-09-08T07:00:51.670+0000] {dag.py:4156} INFO - Setting next_dagrun for tutorial_objectstorage to None, run_after=None
[2024-09-08T07:00:51.682+0000] {processor.py:208} INFO - Processing /home/airflow/.local/lib/python3.12/site-packages/airflow/example_dags/tutorial_objectstorage.py took 0.041 seconds
[2024-09-08T07:01:22.461+0000] {processor.py:186} INFO - Started process (PID=2730) to work on /home/airflow/.local/lib/python3.12/site-packages/airflow/example_dags/tutorial_objectstorage.py
[2024-09-08T07:01:22.462+0000] {processor.py:914} INFO - Processing file /home/airflow/.local/lib/python3.12/site-packages/airflow/example_dags/tutorial_objectstorage.py for tasks to queue
[2024-09-08T07:01:22.463+0000] {logging_mixin.py:190} INFO - [2024-09-08T07:01:22.463+0000] {dagbag.py:587} INFO - Filling up the DagBag from /home/airflow/.local/lib/python3.12/site-packages/airflow/example_dags/tutorial_objectstorage.py
[2024-09-08T07:01:22.470+0000] {processor.py:925} INFO - DAG(s) 'tutorial_objectstorage' retrieved from /home/airflow/.local/lib/python3.12/site-packages/airflow/example_dags/tutorial_objectstorage.py
[2024-09-08T07:01:22.484+0000] {logging_mixin.py:190} INFO - [2024-09-08T07:01:22.483+0000] {dag.py:3229} INFO - Sync 1 DAGs
[2024-09-08T07:01:22.494+0000] {logging_mixin.py:190} INFO - [2024-09-08T07:01:22.494+0000] {dag.py:4156} INFO - Setting next_dagrun for tutorial_objectstorage to None, run_after=None
[2024-09-08T07:01:22.505+0000] {processor.py:208} INFO - Processing /home/airflow/.local/lib/python3.12/site-packages/airflow/example_dags/tutorial_objectstorage.py took 0.048 seconds
[2024-09-08T07:01:53.497+0000] {processor.py:186} INFO - Started process (PID=2792) to work on /home/airflow/.local/lib/python3.12/site-packages/airflow/example_dags/tutorial_objectstorage.py
[2024-09-08T07:01:53.498+0000] {processor.py:914} INFO - Processing file /home/airflow/.local/lib/python3.12/site-packages/airflow/example_dags/tutorial_objectstorage.py for tasks to queue
[2024-09-08T07:01:53.499+0000] {logging_mixin.py:190} INFO - [2024-09-08T07:01:53.499+0000] {dagbag.py:587} INFO - Filling up the DagBag from /home/airflow/.local/lib/python3.12/site-packages/airflow/example_dags/tutorial_objectstorage.py
[2024-09-08T07:01:53.505+0000] {processor.py:925} INFO - DAG(s) 'tutorial_objectstorage' retrieved from /home/airflow/.local/lib/python3.12/site-packages/airflow/example_dags/tutorial_objectstorage.py
[2024-09-08T07:01:53.520+0000] {logging_mixin.py:190} INFO - [2024-09-08T07:01:53.520+0000] {dag.py:3229} INFO - Sync 1 DAGs
[2024-09-08T07:01:53.531+0000] {logging_mixin.py:190} INFO - [2024-09-08T07:01:53.531+0000] {dag.py:4156} INFO - Setting next_dagrun for tutorial_objectstorage to None, run_after=None
[2024-09-08T07:01:53.544+0000] {processor.py:208} INFO - Processing /home/airflow/.local/lib/python3.12/site-packages/airflow/example_dags/tutorial_objectstorage.py took 0.050 seconds
[2024-09-08T07:02:24.527+0000] {processor.py:186} INFO - Started process (PID=2854) to work on /home/airflow/.local/lib/python3.12/site-packages/airflow/example_dags/tutorial_objectstorage.py
[2024-09-08T07:02:24.527+0000] {processor.py:914} INFO - Processing file /home/airflow/.local/lib/python3.12/site-packages/airflow/example_dags/tutorial_objectstorage.py for tasks to queue
[2024-09-08T07:02:24.528+0000] {logging_mixin.py:190} INFO - [2024-09-08T07:02:24.528+0000] {dagbag.py:587} INFO - Filling up the DagBag from /home/airflow/.local/lib/python3.12/site-packages/airflow/example_dags/tutorial_objectstorage.py
[2024-09-08T07:02:24.533+0000] {processor.py:925} INFO - DAG(s) 'tutorial_objectstorage' retrieved from /home/airflow/.local/lib/python3.12/site-packages/airflow/example_dags/tutorial_objectstorage.py
[2024-09-08T07:02:24.544+0000] {logging_mixin.py:190} INFO - [2024-09-08T07:02:24.544+0000] {dag.py:3229} INFO - Sync 1 DAGs
[2024-09-08T07:02:24.551+0000] {logging_mixin.py:190} INFO - [2024-09-08T07:02:24.551+0000] {dag.py:4156} INFO - Setting next_dagrun for tutorial_objectstorage to None, run_after=None
[2024-09-08T07:02:24.561+0000] {processor.py:208} INFO - Processing /home/airflow/.local/lib/python3.12/site-packages/airflow/example_dags/tutorial_objectstorage.py took 0.037 seconds
[2024-09-08T07:02:55.677+0000] {processor.py:186} INFO - Started process (PID=2916) to work on /home/airflow/.local/lib/python3.12/site-packages/airflow/example_dags/tutorial_objectstorage.py
[2024-09-08T07:02:55.678+0000] {processor.py:914} INFO - Processing file /home/airflow/.local/lib/python3.12/site-packages/airflow/example_dags/tutorial_objectstorage.py for tasks to queue
[2024-09-08T07:02:55.679+0000] {logging_mixin.py:190} INFO - [2024-09-08T07:02:55.679+0000] {dagbag.py:587} INFO - Filling up the DagBag from /home/airflow/.local/lib/python3.12/site-packages/airflow/example_dags/tutorial_objectstorage.py
[2024-09-08T07:02:55.684+0000] {processor.py:925} INFO - DAG(s) 'tutorial_objectstorage' retrieved from /home/airflow/.local/lib/python3.12/site-packages/airflow/example_dags/tutorial_objectstorage.py
[2024-09-08T07:02:55.698+0000] {logging_mixin.py:190} INFO - [2024-09-08T07:02:55.698+0000] {dag.py:3229} INFO - Sync 1 DAGs
[2024-09-08T07:02:55.814+0000] {logging_mixin.py:190} INFO - [2024-09-08T07:02:55.814+0000] {dag.py:4156} INFO - Setting next_dagrun for tutorial_objectstorage to None, run_after=None
[2024-09-08T07:02:55.826+0000] {processor.py:208} INFO - Processing /home/airflow/.local/lib/python3.12/site-packages/airflow/example_dags/tutorial_objectstorage.py took 0.152 seconds
[2024-09-08T07:03:26.046+0000] {processor.py:186} INFO - Started process (PID=2978) to work on /home/airflow/.local/lib/python3.12/site-packages/airflow/example_dags/tutorial_objectstorage.py
[2024-09-08T07:03:26.047+0000] {processor.py:914} INFO - Processing file /home/airflow/.local/lib/python3.12/site-packages/airflow/example_dags/tutorial_objectstorage.py for tasks to queue
[2024-09-08T07:03:26.048+0000] {logging_mixin.py:190} INFO - [2024-09-08T07:03:26.048+0000] {dagbag.py:587} INFO - Filling up the DagBag from /home/airflow/.local/lib/python3.12/site-packages/airflow/example_dags/tutorial_objectstorage.py
[2024-09-08T07:03:26.053+0000] {processor.py:925} INFO - DAG(s) 'tutorial_objectstorage' retrieved from /home/airflow/.local/lib/python3.12/site-packages/airflow/example_dags/tutorial_objectstorage.py
[2024-09-08T07:03:26.075+0000] {logging_mixin.py:190} INFO - [2024-09-08T07:03:26.075+0000] {dag.py:3229} INFO - Sync 1 DAGs
[2024-09-08T07:03:26.088+0000] {logging_mixin.py:190} INFO - [2024-09-08T07:03:26.088+0000] {dag.py:4156} INFO - Setting next_dagrun for tutorial_objectstorage to None, run_after=None
[2024-09-08T07:03:26.201+0000] {processor.py:208} INFO - Processing /home/airflow/.local/lib/python3.12/site-packages/airflow/example_dags/tutorial_objectstorage.py took 0.159 seconds
[2024-09-08T07:03:56.473+0000] {processor.py:186} INFO - Started process (PID=3040) to work on /home/airflow/.local/lib/python3.12/site-packages/airflow/example_dags/tutorial_objectstorage.py
[2024-09-08T07:03:56.473+0000] {processor.py:914} INFO - Processing file /home/airflow/.local/lib/python3.12/site-packages/airflow/example_dags/tutorial_objectstorage.py for tasks to queue
[2024-09-08T07:03:56.474+0000] {logging_mixin.py:190} INFO - [2024-09-08T07:03:56.474+0000] {dagbag.py:587} INFO - Filling up the DagBag from /home/airflow/.local/lib/python3.12/site-packages/airflow/example_dags/tutorial_objectstorage.py
[2024-09-08T07:03:56.479+0000] {processor.py:925} INFO - DAG(s) 'tutorial_objectstorage' retrieved from /home/airflow/.local/lib/python3.12/site-packages/airflow/example_dags/tutorial_objectstorage.py
[2024-09-08T07:03:56.494+0000] {logging_mixin.py:190} INFO - [2024-09-08T07:03:56.494+0000] {dag.py:3229} INFO - Sync 1 DAGs
[2024-09-08T07:03:56.504+0000] {logging_mixin.py:190} INFO - [2024-09-08T07:03:56.504+0000] {dag.py:4156} INFO - Setting next_dagrun for tutorial_objectstorage to None, run_after=None
[2024-09-08T07:03:56.516+0000] {processor.py:208} INFO - Processing /home/airflow/.local/lib/python3.12/site-packages/airflow/example_dags/tutorial_objectstorage.py took 0.047 seconds
[2024-09-08T07:04:27.094+0000] {processor.py:186} INFO - Started process (PID=3102) to work on /home/airflow/.local/lib/python3.12/site-packages/airflow/example_dags/tutorial_objectstorage.py
[2024-09-08T07:04:27.095+0000] {processor.py:914} INFO - Processing file /home/airflow/.local/lib/python3.12/site-packages/airflow/example_dags/tutorial_objectstorage.py for tasks to queue
[2024-09-08T07:04:27.096+0000] {logging_mixin.py:190} INFO - [2024-09-08T07:04:27.096+0000] {dagbag.py:587} INFO - Filling up the DagBag from /home/airflow/.local/lib/python3.12/site-packages/airflow/example_dags/tutorial_objectstorage.py
[2024-09-08T07:04:27.102+0000] {processor.py:925} INFO - DAG(s) 'tutorial_objectstorage' retrieved from /home/airflow/.local/lib/python3.12/site-packages/airflow/example_dags/tutorial_objectstorage.py
[2024-09-08T07:04:27.116+0000] {logging_mixin.py:190} INFO - [2024-09-08T07:04:27.116+0000] {dag.py:3229} INFO - Sync 1 DAGs
[2024-09-08T07:04:27.126+0000] {logging_mixin.py:190} INFO - [2024-09-08T07:04:27.126+0000] {dag.py:4156} INFO - Setting next_dagrun for tutorial_objectstorage to None, run_after=None
[2024-09-08T07:04:27.136+0000] {processor.py:208} INFO - Processing /home/airflow/.local/lib/python3.12/site-packages/airflow/example_dags/tutorial_objectstorage.py took 0.045 seconds
[2024-09-08T07:04:57.542+0000] {processor.py:186} INFO - Started process (PID=3164) to work on /home/airflow/.local/lib/python3.12/site-packages/airflow/example_dags/tutorial_objectstorage.py
[2024-09-08T07:04:57.542+0000] {processor.py:914} INFO - Processing file /home/airflow/.local/lib/python3.12/site-packages/airflow/example_dags/tutorial_objectstorage.py for tasks to queue
[2024-09-08T07:04:57.543+0000] {logging_mixin.py:190} INFO - [2024-09-08T07:04:57.543+0000] {dagbag.py:587} INFO - Filling up the DagBag from /home/airflow/.local/lib/python3.12/site-packages/airflow/example_dags/tutorial_objectstorage.py
[2024-09-08T07:04:57.547+0000] {processor.py:925} INFO - DAG(s) 'tutorial_objectstorage' retrieved from /home/airflow/.local/lib/python3.12/site-packages/airflow/example_dags/tutorial_objectstorage.py
[2024-09-08T07:04:57.561+0000] {logging_mixin.py:190} INFO - [2024-09-08T07:04:57.561+0000] {dag.py:3229} INFO - Sync 1 DAGs
[2024-09-08T07:04:57.569+0000] {logging_mixin.py:190} INFO - [2024-09-08T07:04:57.569+0000] {dag.py:4156} INFO - Setting next_dagrun for tutorial_objectstorage to None, run_after=None
[2024-09-08T07:04:57.581+0000] {processor.py:208} INFO - Processing /home/airflow/.local/lib/python3.12/site-packages/airflow/example_dags/tutorial_objectstorage.py took 0.042 seconds
[2024-09-08T07:05:27.889+0000] {processor.py:186} INFO - Started process (PID=3226) to work on /home/airflow/.local/lib/python3.12/site-packages/airflow/example_dags/tutorial_objectstorage.py
[2024-09-08T07:05:27.890+0000] {processor.py:914} INFO - Processing file /home/airflow/.local/lib/python3.12/site-packages/airflow/example_dags/tutorial_objectstorage.py for tasks to queue
[2024-09-08T07:05:27.891+0000] {logging_mixin.py:190} INFO - [2024-09-08T07:05:27.891+0000] {dagbag.py:587} INFO - Filling up the DagBag from /home/airflow/.local/lib/python3.12/site-packages/airflow/example_dags/tutorial_objectstorage.py
[2024-09-08T07:05:27.897+0000] {processor.py:925} INFO - DAG(s) 'tutorial_objectstorage' retrieved from /home/airflow/.local/lib/python3.12/site-packages/airflow/example_dags/tutorial_objectstorage.py
[2024-09-08T07:05:27.911+0000] {logging_mixin.py:190} INFO - [2024-09-08T07:05:27.911+0000] {dag.py:3229} INFO - Sync 1 DAGs
[2024-09-08T07:05:27.922+0000] {logging_mixin.py:190} INFO - [2024-09-08T07:05:27.922+0000] {dag.py:4156} INFO - Setting next_dagrun for tutorial_objectstorage to None, run_after=None
[2024-09-08T07:05:27.934+0000] {processor.py:208} INFO - Processing /home/airflow/.local/lib/python3.12/site-packages/airflow/example_dags/tutorial_objectstorage.py took 0.048 seconds
[2024-09-08T07:05:58.782+0000] {processor.py:186} INFO - Started process (PID=3288) to work on /home/airflow/.local/lib/python3.12/site-packages/airflow/example_dags/tutorial_objectstorage.py
[2024-09-08T07:05:58.782+0000] {processor.py:914} INFO - Processing file /home/airflow/.local/lib/python3.12/site-packages/airflow/example_dags/tutorial_objectstorage.py for tasks to queue
[2024-09-08T07:05:58.783+0000] {logging_mixin.py:190} INFO - [2024-09-08T07:05:58.783+0000] {dagbag.py:587} INFO - Filling up the DagBag from /home/airflow/.local/lib/python3.12/site-packages/airflow/example_dags/tutorial_objectstorage.py
[2024-09-08T07:05:58.788+0000] {processor.py:925} INFO - DAG(s) 'tutorial_objectstorage' retrieved from /home/airflow/.local/lib/python3.12/site-packages/airflow/example_dags/tutorial_objectstorage.py
[2024-09-08T07:05:58.801+0000] {logging_mixin.py:190} INFO - [2024-09-08T07:05:58.801+0000] {dag.py:3229} INFO - Sync 1 DAGs
[2024-09-08T07:05:58.812+0000] {logging_mixin.py:190} INFO - [2024-09-08T07:05:58.812+0000] {dag.py:4156} INFO - Setting next_dagrun for tutorial_objectstorage to None, run_after=None
[2024-09-08T07:05:58.826+0000] {processor.py:208} INFO - Processing /home/airflow/.local/lib/python3.12/site-packages/airflow/example_dags/tutorial_objectstorage.py took 0.047 seconds
[2024-09-08T07:06:29.183+0000] {processor.py:186} INFO - Started process (PID=3350) to work on /home/airflow/.local/lib/python3.12/site-packages/airflow/example_dags/tutorial_objectstorage.py
[2024-09-08T07:06:29.183+0000] {processor.py:914} INFO - Processing file /home/airflow/.local/lib/python3.12/site-packages/airflow/example_dags/tutorial_objectstorage.py for tasks to queue
[2024-09-08T07:06:29.184+0000] {logging_mixin.py:190} INFO - [2024-09-08T07:06:29.184+0000] {dagbag.py:587} INFO - Filling up the DagBag from /home/airflow/.local/lib/python3.12/site-packages/airflow/example_dags/tutorial_objectstorage.py
[2024-09-08T07:06:29.190+0000] {processor.py:925} INFO - DAG(s) 'tutorial_objectstorage' retrieved from /home/airflow/.local/lib/python3.12/site-packages/airflow/example_dags/tutorial_objectstorage.py
[2024-09-08T07:06:29.204+0000] {logging_mixin.py:190} INFO - [2024-09-08T07:06:29.204+0000] {dag.py:3229} INFO - Sync 1 DAGs
[2024-09-08T07:06:29.215+0000] {logging_mixin.py:190} INFO - [2024-09-08T07:06:29.215+0000] {dag.py:4156} INFO - Setting next_dagrun for tutorial_objectstorage to None, run_after=None
[2024-09-08T07:06:29.230+0000] {processor.py:208} INFO - Processing /home/airflow/.local/lib/python3.12/site-packages/airflow/example_dags/tutorial_objectstorage.py took 0.050 seconds
[2024-09-08T07:06:59.785+0000] {processor.py:186} INFO - Started process (PID=3412) to work on /home/airflow/.local/lib/python3.12/site-packages/airflow/example_dags/tutorial_objectstorage.py
[2024-09-08T07:06:59.785+0000] {processor.py:914} INFO - Processing file /home/airflow/.local/lib/python3.12/site-packages/airflow/example_dags/tutorial_objectstorage.py for tasks to queue
[2024-09-08T07:06:59.787+0000] {logging_mixin.py:190} INFO - [2024-09-08T07:06:59.787+0000] {dagbag.py:587} INFO - Filling up the DagBag from /home/airflow/.local/lib/python3.12/site-packages/airflow/example_dags/tutorial_objectstorage.py
[2024-09-08T07:06:59.792+0000] {processor.py:925} INFO - DAG(s) 'tutorial_objectstorage' retrieved from /home/airflow/.local/lib/python3.12/site-packages/airflow/example_dags/tutorial_objectstorage.py
[2024-09-08T07:06:59.807+0000] {logging_mixin.py:190} INFO - [2024-09-08T07:06:59.807+0000] {dag.py:3229} INFO - Sync 1 DAGs
[2024-09-08T07:06:59.817+0000] {logging_mixin.py:190} INFO - [2024-09-08T07:06:59.816+0000] {dag.py:4156} INFO - Setting next_dagrun for tutorial_objectstorage to None, run_after=None
[2024-09-08T07:06:59.830+0000] {processor.py:208} INFO - Processing /home/airflow/.local/lib/python3.12/site-packages/airflow/example_dags/tutorial_objectstorage.py took 0.049 seconds
[2024-09-08T07:07:30.217+0000] {processor.py:186} INFO - Started process (PID=3474) to work on /home/airflow/.local/lib/python3.12/site-packages/airflow/example_dags/tutorial_objectstorage.py
[2024-09-08T07:07:30.218+0000] {processor.py:914} INFO - Processing file /home/airflow/.local/lib/python3.12/site-packages/airflow/example_dags/tutorial_objectstorage.py for tasks to queue
[2024-09-08T07:07:30.219+0000] {logging_mixin.py:190} INFO - [2024-09-08T07:07:30.219+0000] {dagbag.py:587} INFO - Filling up the DagBag from /home/airflow/.local/lib/python3.12/site-packages/airflow/example_dags/tutorial_objectstorage.py
[2024-09-08T07:07:30.226+0000] {processor.py:925} INFO - DAG(s) 'tutorial_objectstorage' retrieved from /home/airflow/.local/lib/python3.12/site-packages/airflow/example_dags/tutorial_objectstorage.py
[2024-09-08T07:07:30.236+0000] {logging_mixin.py:190} INFO - [2024-09-08T07:07:30.236+0000] {dag.py:3229} INFO - Sync 1 DAGs
[2024-09-08T07:07:30.243+0000] {logging_mixin.py:190} INFO - [2024-09-08T07:07:30.243+0000] {dag.py:4156} INFO - Setting next_dagrun for tutorial_objectstorage to None, run_after=None
[2024-09-08T07:07:30.254+0000] {processor.py:208} INFO - Processing /home/airflow/.local/lib/python3.12/site-packages/airflow/example_dags/tutorial_objectstorage.py took 0.041 seconds
[2024-09-08T07:08:00.604+0000] {processor.py:186} INFO - Started process (PID=3536) to work on /home/airflow/.local/lib/python3.12/site-packages/airflow/example_dags/tutorial_objectstorage.py
[2024-09-08T07:08:00.604+0000] {processor.py:914} INFO - Processing file /home/airflow/.local/lib/python3.12/site-packages/airflow/example_dags/tutorial_objectstorage.py for tasks to queue
[2024-09-08T07:08:00.605+0000] {logging_mixin.py:190} INFO - [2024-09-08T07:08:00.605+0000] {dagbag.py:587} INFO - Filling up the DagBag from /home/airflow/.local/lib/python3.12/site-packages/airflow/example_dags/tutorial_objectstorage.py
[2024-09-08T07:08:00.610+0000] {processor.py:925} INFO - DAG(s) 'tutorial_objectstorage' retrieved from /home/airflow/.local/lib/python3.12/site-packages/airflow/example_dags/tutorial_objectstorage.py
[2024-09-08T07:08:00.622+0000] {logging_mixin.py:190} INFO - [2024-09-08T07:08:00.622+0000] {dag.py:3229} INFO - Sync 1 DAGs
[2024-09-08T07:08:00.629+0000] {logging_mixin.py:190} INFO - [2024-09-08T07:08:00.629+0000] {dag.py:4156} INFO - Setting next_dagrun for tutorial_objectstorage to None, run_after=None
[2024-09-08T07:08:00.640+0000] {processor.py:208} INFO - Processing /home/airflow/.local/lib/python3.12/site-packages/airflow/example_dags/tutorial_objectstorage.py took 0.039 seconds
[2024-09-08T07:08:31.127+0000] {processor.py:186} INFO - Started process (PID=3598) to work on /home/airflow/.local/lib/python3.12/site-packages/airflow/example_dags/tutorial_objectstorage.py
[2024-09-08T07:08:31.127+0000] {processor.py:914} INFO - Processing file /home/airflow/.local/lib/python3.12/site-packages/airflow/example_dags/tutorial_objectstorage.py for tasks to queue
[2024-09-08T07:08:31.128+0000] {logging_mixin.py:190} INFO - [2024-09-08T07:08:31.128+0000] {dagbag.py:587} INFO - Filling up the DagBag from /home/airflow/.local/lib/python3.12/site-packages/airflow/example_dags/tutorial_objectstorage.py
[2024-09-08T07:08:31.133+0000] {processor.py:925} INFO - DAG(s) 'tutorial_objectstorage' retrieved from /home/airflow/.local/lib/python3.12/site-packages/airflow/example_dags/tutorial_objectstorage.py
[2024-09-08T07:08:31.145+0000] {logging_mixin.py:190} INFO - [2024-09-08T07:08:31.145+0000] {dag.py:3229} INFO - Sync 1 DAGs
[2024-09-08T07:08:31.156+0000] {logging_mixin.py:190} INFO - [2024-09-08T07:08:31.155+0000] {dag.py:4156} INFO - Setting next_dagrun for tutorial_objectstorage to None, run_after=None
[2024-09-08T07:08:31.169+0000] {processor.py:208} INFO - Processing /home/airflow/.local/lib/python3.12/site-packages/airflow/example_dags/tutorial_objectstorage.py took 0.046 seconds
[2024-09-08T07:09:01.788+0000] {processor.py:186} INFO - Started process (PID=3660) to work on /home/airflow/.local/lib/python3.12/site-packages/airflow/example_dags/tutorial_objectstorage.py
[2024-09-08T07:09:01.789+0000] {processor.py:914} INFO - Processing file /home/airflow/.local/lib/python3.12/site-packages/airflow/example_dags/tutorial_objectstorage.py for tasks to queue
[2024-09-08T07:09:01.790+0000] {logging_mixin.py:190} INFO - [2024-09-08T07:09:01.790+0000] {dagbag.py:587} INFO - Filling up the DagBag from /home/airflow/.local/lib/python3.12/site-packages/airflow/example_dags/tutorial_objectstorage.py
[2024-09-08T07:09:01.795+0000] {processor.py:925} INFO - DAG(s) 'tutorial_objectstorage' retrieved from /home/airflow/.local/lib/python3.12/site-packages/airflow/example_dags/tutorial_objectstorage.py
[2024-09-08T07:09:01.807+0000] {logging_mixin.py:190} INFO - [2024-09-08T07:09:01.807+0000] {dag.py:3229} INFO - Sync 1 DAGs
[2024-09-08T07:09:01.815+0000] {logging_mixin.py:190} INFO - [2024-09-08T07:09:01.815+0000] {dag.py:4156} INFO - Setting next_dagrun for tutorial_objectstorage to None, run_after=None
[2024-09-08T07:09:01.825+0000] {processor.py:208} INFO - Processing /home/airflow/.local/lib/python3.12/site-packages/airflow/example_dags/tutorial_objectstorage.py took 0.041 seconds
[2024-09-08T07:09:32.161+0000] {processor.py:186} INFO - Started process (PID=3722) to work on /home/airflow/.local/lib/python3.12/site-packages/airflow/example_dags/tutorial_objectstorage.py
[2024-09-08T07:09:32.162+0000] {processor.py:914} INFO - Processing file /home/airflow/.local/lib/python3.12/site-packages/airflow/example_dags/tutorial_objectstorage.py for tasks to queue
[2024-09-08T07:09:32.163+0000] {logging_mixin.py:190} INFO - [2024-09-08T07:09:32.163+0000] {dagbag.py:587} INFO - Filling up the DagBag from /home/airflow/.local/lib/python3.12/site-packages/airflow/example_dags/tutorial_objectstorage.py
[2024-09-08T07:09:32.168+0000] {processor.py:925} INFO - DAG(s) 'tutorial_objectstorage' retrieved from /home/airflow/.local/lib/python3.12/site-packages/airflow/example_dags/tutorial_objectstorage.py
[2024-09-08T07:09:32.182+0000] {logging_mixin.py:190} INFO - [2024-09-08T07:09:32.182+0000] {dag.py:3229} INFO - Sync 1 DAGs
[2024-09-08T07:09:32.190+0000] {logging_mixin.py:190} INFO - [2024-09-08T07:09:32.189+0000] {dag.py:4156} INFO - Setting next_dagrun for tutorial_objectstorage to None, run_after=None
[2024-09-08T07:09:32.201+0000] {processor.py:208} INFO - Processing /home/airflow/.local/lib/python3.12/site-packages/airflow/example_dags/tutorial_objectstorage.py took 0.043 seconds
[2024-09-08T07:10:02.719+0000] {processor.py:186} INFO - Started process (PID=3784) to work on /home/airflow/.local/lib/python3.12/site-packages/airflow/example_dags/tutorial_objectstorage.py
[2024-09-08T07:10:02.720+0000] {processor.py:914} INFO - Processing file /home/airflow/.local/lib/python3.12/site-packages/airflow/example_dags/tutorial_objectstorage.py for tasks to queue
[2024-09-08T07:10:02.722+0000] {logging_mixin.py:190} INFO - [2024-09-08T07:10:02.721+0000] {dagbag.py:587} INFO - Filling up the DagBag from /home/airflow/.local/lib/python3.12/site-packages/airflow/example_dags/tutorial_objectstorage.py
[2024-09-08T07:10:02.726+0000] {processor.py:925} INFO - DAG(s) 'tutorial_objectstorage' retrieved from /home/airflow/.local/lib/python3.12/site-packages/airflow/example_dags/tutorial_objectstorage.py
[2024-09-08T07:10:02.739+0000] {logging_mixin.py:190} INFO - [2024-09-08T07:10:02.739+0000] {dag.py:3229} INFO - Sync 1 DAGs
[2024-09-08T07:10:02.750+0000] {logging_mixin.py:190} INFO - [2024-09-08T07:10:02.750+0000] {dag.py:4156} INFO - Setting next_dagrun for tutorial_objectstorage to None, run_after=None
[2024-09-08T07:10:02.762+0000] {processor.py:208} INFO - Processing /home/airflow/.local/lib/python3.12/site-packages/airflow/example_dags/tutorial_objectstorage.py took 0.047 seconds
[2024-09-08T07:10:33.244+0000] {processor.py:186} INFO - Started process (PID=3846) to work on /home/airflow/.local/lib/python3.12/site-packages/airflow/example_dags/tutorial_objectstorage.py
[2024-09-08T07:10:33.244+0000] {processor.py:914} INFO - Processing file /home/airflow/.local/lib/python3.12/site-packages/airflow/example_dags/tutorial_objectstorage.py for tasks to queue
[2024-09-08T07:10:33.246+0000] {logging_mixin.py:190} INFO - [2024-09-08T07:10:33.245+0000] {dagbag.py:587} INFO - Filling up the DagBag from /home/airflow/.local/lib/python3.12/site-packages/airflow/example_dags/tutorial_objectstorage.py
[2024-09-08T07:10:33.250+0000] {processor.py:925} INFO - DAG(s) 'tutorial_objectstorage' retrieved from /home/airflow/.local/lib/python3.12/site-packages/airflow/example_dags/tutorial_objectstorage.py
[2024-09-08T07:10:33.265+0000] {logging_mixin.py:190} INFO - [2024-09-08T07:10:33.264+0000] {dag.py:3229} INFO - Sync 1 DAGs
[2024-09-08T07:10:33.275+0000] {logging_mixin.py:190} INFO - [2024-09-08T07:10:33.275+0000] {dag.py:4156} INFO - Setting next_dagrun for tutorial_objectstorage to None, run_after=None
[2024-09-08T07:10:33.287+0000] {processor.py:208} INFO - Processing /home/airflow/.local/lib/python3.12/site-packages/airflow/example_dags/tutorial_objectstorage.py took 0.047 seconds
[2024-09-08T07:11:03.741+0000] {processor.py:186} INFO - Started process (PID=3908) to work on /home/airflow/.local/lib/python3.12/site-packages/airflow/example_dags/tutorial_objectstorage.py
[2024-09-08T07:11:03.741+0000] {processor.py:914} INFO - Processing file /home/airflow/.local/lib/python3.12/site-packages/airflow/example_dags/tutorial_objectstorage.py for tasks to queue
[2024-09-08T07:11:03.742+0000] {logging_mixin.py:190} INFO - [2024-09-08T07:11:03.742+0000] {dagbag.py:587} INFO - Filling up the DagBag from /home/airflow/.local/lib/python3.12/site-packages/airflow/example_dags/tutorial_objectstorage.py
[2024-09-08T07:11:03.747+0000] {processor.py:925} INFO - DAG(s) 'tutorial_objectstorage' retrieved from /home/airflow/.local/lib/python3.12/site-packages/airflow/example_dags/tutorial_objectstorage.py
[2024-09-08T07:11:03.762+0000] {logging_mixin.py:190} INFO - [2024-09-08T07:11:03.761+0000] {dag.py:3229} INFO - Sync 1 DAGs
[2024-09-08T07:11:03.773+0000] {logging_mixin.py:190} INFO - [2024-09-08T07:11:03.772+0000] {dag.py:4156} INFO - Setting next_dagrun for tutorial_objectstorage to None, run_after=None
[2024-09-08T07:11:03.785+0000] {processor.py:208} INFO - Processing /home/airflow/.local/lib/python3.12/site-packages/airflow/example_dags/tutorial_objectstorage.py took 0.048 seconds
[2024-09-08T07:11:34.242+0000] {processor.py:186} INFO - Started process (PID=3970) to work on /home/airflow/.local/lib/python3.12/site-packages/airflow/example_dags/tutorial_objectstorage.py
[2024-09-08T07:11:34.243+0000] {processor.py:914} INFO - Processing file /home/airflow/.local/lib/python3.12/site-packages/airflow/example_dags/tutorial_objectstorage.py for tasks to queue
[2024-09-08T07:11:34.244+0000] {logging_mixin.py:190} INFO - [2024-09-08T07:11:34.244+0000] {dagbag.py:587} INFO - Filling up the DagBag from /home/airflow/.local/lib/python3.12/site-packages/airflow/example_dags/tutorial_objectstorage.py
[2024-09-08T07:11:34.248+0000] {processor.py:925} INFO - DAG(s) 'tutorial_objectstorage' retrieved from /home/airflow/.local/lib/python3.12/site-packages/airflow/example_dags/tutorial_objectstorage.py
[2024-09-08T07:11:34.262+0000] {logging_mixin.py:190} INFO - [2024-09-08T07:11:34.262+0000] {dag.py:3229} INFO - Sync 1 DAGs
[2024-09-08T07:11:34.273+0000] {logging_mixin.py:190} INFO - [2024-09-08T07:11:34.272+0000] {dag.py:4156} INFO - Setting next_dagrun for tutorial_objectstorage to None, run_after=None
[2024-09-08T07:11:34.286+0000] {processor.py:208} INFO - Processing /home/airflow/.local/lib/python3.12/site-packages/airflow/example_dags/tutorial_objectstorage.py took 0.046 seconds
[2024-09-08T07:16:39.276+0000] {processor.py:186} INFO - Started process (PID=4032) to work on /home/airflow/.local/lib/python3.12/site-packages/airflow/example_dags/tutorial_objectstorage.py
[2024-09-08T07:16:39.278+0000] {processor.py:914} INFO - Processing file /home/airflow/.local/lib/python3.12/site-packages/airflow/example_dags/tutorial_objectstorage.py for tasks to queue
[2024-09-08T07:16:39.279+0000] {logging_mixin.py:190} INFO - [2024-09-08T07:16:39.279+0000] {dagbag.py:587} INFO - Filling up the DagBag from /home/airflow/.local/lib/python3.12/site-packages/airflow/example_dags/tutorial_objectstorage.py
[2024-09-08T07:16:39.285+0000] {processor.py:925} INFO - DAG(s) 'tutorial_objectstorage' retrieved from /home/airflow/.local/lib/python3.12/site-packages/airflow/example_dags/tutorial_objectstorage.py
[2024-09-08T07:16:39.299+0000] {logging_mixin.py:190} INFO - [2024-09-08T07:16:39.299+0000] {dag.py:3229} INFO - Sync 1 DAGs
[2024-09-08T07:16:39.308+0000] {logging_mixin.py:190} INFO - [2024-09-08T07:16:39.308+0000] {dag.py:4156} INFO - Setting next_dagrun for tutorial_objectstorage to None, run_after=None
[2024-09-08T07:16:39.321+0000] {processor.py:208} INFO - Processing /home/airflow/.local/lib/python3.12/site-packages/airflow/example_dags/tutorial_objectstorage.py took 0.049 seconds
[2024-09-08T07:17:09.761+0000] {processor.py:186} INFO - Started process (PID=4094) to work on /home/airflow/.local/lib/python3.12/site-packages/airflow/example_dags/tutorial_objectstorage.py
[2024-09-08T07:17:09.761+0000] {processor.py:914} INFO - Processing file /home/airflow/.local/lib/python3.12/site-packages/airflow/example_dags/tutorial_objectstorage.py for tasks to queue
[2024-09-08T07:17:09.763+0000] {logging_mixin.py:190} INFO - [2024-09-08T07:17:09.762+0000] {dagbag.py:587} INFO - Filling up the DagBag from /home/airflow/.local/lib/python3.12/site-packages/airflow/example_dags/tutorial_objectstorage.py
[2024-09-08T07:17:09.768+0000] {processor.py:925} INFO - DAG(s) 'tutorial_objectstorage' retrieved from /home/airflow/.local/lib/python3.12/site-packages/airflow/example_dags/tutorial_objectstorage.py
[2024-09-08T07:17:09.783+0000] {logging_mixin.py:190} INFO - [2024-09-08T07:17:09.783+0000] {dag.py:3229} INFO - Sync 1 DAGs
[2024-09-08T07:17:09.792+0000] {logging_mixin.py:190} INFO - [2024-09-08T07:17:09.792+0000] {dag.py:4156} INFO - Setting next_dagrun for tutorial_objectstorage to None, run_after=None
[2024-09-08T07:17:09.805+0000] {processor.py:208} INFO - Processing /home/airflow/.local/lib/python3.12/site-packages/airflow/example_dags/tutorial_objectstorage.py took 0.047 seconds
[2024-09-08T07:17:40.356+0000] {processor.py:186} INFO - Started process (PID=4156) to work on /home/airflow/.local/lib/python3.12/site-packages/airflow/example_dags/tutorial_objectstorage.py
[2024-09-08T07:17:40.356+0000] {processor.py:914} INFO - Processing file /home/airflow/.local/lib/python3.12/site-packages/airflow/example_dags/tutorial_objectstorage.py for tasks to queue
[2024-09-08T07:17:40.358+0000] {logging_mixin.py:190} INFO - [2024-09-08T07:17:40.358+0000] {dagbag.py:587} INFO - Filling up the DagBag from /home/airflow/.local/lib/python3.12/site-packages/airflow/example_dags/tutorial_objectstorage.py
[2024-09-08T07:17:40.364+0000] {processor.py:925} INFO - DAG(s) 'tutorial_objectstorage' retrieved from /home/airflow/.local/lib/python3.12/site-packages/airflow/example_dags/tutorial_objectstorage.py
[2024-09-08T07:17:40.376+0000] {logging_mixin.py:190} INFO - [2024-09-08T07:17:40.376+0000] {dag.py:3229} INFO - Sync 1 DAGs
[2024-09-08T07:17:40.383+0000] {logging_mixin.py:190} INFO - [2024-09-08T07:17:40.383+0000] {dag.py:4156} INFO - Setting next_dagrun for tutorial_objectstorage to None, run_after=None
[2024-09-08T07:17:40.394+0000] {processor.py:208} INFO - Processing /home/airflow/.local/lib/python3.12/site-packages/airflow/example_dags/tutorial_objectstorage.py took 0.042 seconds
[2024-09-08T07:18:10.876+0000] {processor.py:186} INFO - Started process (PID=4218) to work on /home/airflow/.local/lib/python3.12/site-packages/airflow/example_dags/tutorial_objectstorage.py
[2024-09-08T07:18:10.876+0000] {processor.py:914} INFO - Processing file /home/airflow/.local/lib/python3.12/site-packages/airflow/example_dags/tutorial_objectstorage.py for tasks to queue
[2024-09-08T07:18:10.877+0000] {logging_mixin.py:190} INFO - [2024-09-08T07:18:10.877+0000] {dagbag.py:587} INFO - Filling up the DagBag from /home/airflow/.local/lib/python3.12/site-packages/airflow/example_dags/tutorial_objectstorage.py
[2024-09-08T07:18:10.882+0000] {processor.py:925} INFO - DAG(s) 'tutorial_objectstorage' retrieved from /home/airflow/.local/lib/python3.12/site-packages/airflow/example_dags/tutorial_objectstorage.py
[2024-09-08T07:18:10.894+0000] {logging_mixin.py:190} INFO - [2024-09-08T07:18:10.894+0000] {dag.py:3229} INFO - Sync 1 DAGs
[2024-09-08T07:18:10.901+0000] {logging_mixin.py:190} INFO - [2024-09-08T07:18:10.901+0000] {dag.py:4156} INFO - Setting next_dagrun for tutorial_objectstorage to None, run_after=None
[2024-09-08T07:18:10.914+0000] {processor.py:208} INFO - Processing /home/airflow/.local/lib/python3.12/site-packages/airflow/example_dags/tutorial_objectstorage.py took 0.041 seconds
[2024-09-08T07:18:41.541+0000] {processor.py:186} INFO - Started process (PID=4279) to work on /home/airflow/.local/lib/python3.12/site-packages/airflow/example_dags/tutorial_objectstorage.py
[2024-09-08T07:18:41.542+0000] {processor.py:914} INFO - Processing file /home/airflow/.local/lib/python3.12/site-packages/airflow/example_dags/tutorial_objectstorage.py for tasks to queue
[2024-09-08T07:18:41.543+0000] {logging_mixin.py:190} INFO - [2024-09-08T07:18:41.543+0000] {dagbag.py:587} INFO - Filling up the DagBag from /home/airflow/.local/lib/python3.12/site-packages/airflow/example_dags/tutorial_objectstorage.py
[2024-09-08T07:18:41.548+0000] {processor.py:925} INFO - DAG(s) 'tutorial_objectstorage' retrieved from /home/airflow/.local/lib/python3.12/site-packages/airflow/example_dags/tutorial_objectstorage.py
[2024-09-08T07:18:41.561+0000] {logging_mixin.py:190} INFO - [2024-09-08T07:18:41.561+0000] {dag.py:3229} INFO - Sync 1 DAGs
[2024-09-08T07:18:41.570+0000] {logging_mixin.py:190} INFO - [2024-09-08T07:18:41.570+0000] {dag.py:4156} INFO - Setting next_dagrun for tutorial_objectstorage to None, run_after=None
[2024-09-08T07:18:41.581+0000] {processor.py:208} INFO - Processing /home/airflow/.local/lib/python3.12/site-packages/airflow/example_dags/tutorial_objectstorage.py took 0.044 seconds
[2024-09-08T07:19:12.018+0000] {processor.py:186} INFO - Started process (PID=4342) to work on /home/airflow/.local/lib/python3.12/site-packages/airflow/example_dags/tutorial_objectstorage.py
[2024-09-08T07:19:12.018+0000] {processor.py:914} INFO - Processing file /home/airflow/.local/lib/python3.12/site-packages/airflow/example_dags/tutorial_objectstorage.py for tasks to queue
[2024-09-08T07:19:12.019+0000] {logging_mixin.py:190} INFO - [2024-09-08T07:19:12.019+0000] {dagbag.py:587} INFO - Filling up the DagBag from /home/airflow/.local/lib/python3.12/site-packages/airflow/example_dags/tutorial_objectstorage.py
[2024-09-08T07:19:12.024+0000] {processor.py:925} INFO - DAG(s) 'tutorial_objectstorage' retrieved from /home/airflow/.local/lib/python3.12/site-packages/airflow/example_dags/tutorial_objectstorage.py
[2024-09-08T07:19:12.037+0000] {logging_mixin.py:190} INFO - [2024-09-08T07:19:12.036+0000] {dag.py:3229} INFO - Sync 1 DAGs
[2024-09-08T07:19:12.048+0000] {logging_mixin.py:190} INFO - [2024-09-08T07:19:12.048+0000] {dag.py:4156} INFO - Setting next_dagrun for tutorial_objectstorage to None, run_after=None
[2024-09-08T07:19:12.061+0000] {processor.py:208} INFO - Processing /home/airflow/.local/lib/python3.12/site-packages/airflow/example_dags/tutorial_objectstorage.py took 0.047 seconds
[2024-09-08T07:19:42.855+0000] {processor.py:186} INFO - Started process (PID=4404) to work on /home/airflow/.local/lib/python3.12/site-packages/airflow/example_dags/tutorial_objectstorage.py
[2024-09-08T07:19:42.855+0000] {processor.py:914} INFO - Processing file /home/airflow/.local/lib/python3.12/site-packages/airflow/example_dags/tutorial_objectstorage.py for tasks to queue
[2024-09-08T07:19:42.856+0000] {logging_mixin.py:190} INFO - [2024-09-08T07:19:42.856+0000] {dagbag.py:587} INFO - Filling up the DagBag from /home/airflow/.local/lib/python3.12/site-packages/airflow/example_dags/tutorial_objectstorage.py
[2024-09-08T07:19:42.861+0000] {processor.py:925} INFO - DAG(s) 'tutorial_objectstorage' retrieved from /home/airflow/.local/lib/python3.12/site-packages/airflow/example_dags/tutorial_objectstorage.py
[2024-09-08T07:19:42.875+0000] {logging_mixin.py:190} INFO - [2024-09-08T07:19:42.874+0000] {dag.py:3229} INFO - Sync 1 DAGs
[2024-09-08T07:19:42.886+0000] {logging_mixin.py:190} INFO - [2024-09-08T07:19:42.886+0000] {dag.py:4156} INFO - Setting next_dagrun for tutorial_objectstorage to None, run_after=None
[2024-09-08T07:19:42.899+0000] {processor.py:208} INFO - Processing /home/airflow/.local/lib/python3.12/site-packages/airflow/example_dags/tutorial_objectstorage.py took 0.047 seconds
[2024-09-08T07:20:13.632+0000] {processor.py:186} INFO - Started process (PID=4466) to work on /home/airflow/.local/lib/python3.12/site-packages/airflow/example_dags/tutorial_objectstorage.py
[2024-09-08T07:20:13.632+0000] {processor.py:914} INFO - Processing file /home/airflow/.local/lib/python3.12/site-packages/airflow/example_dags/tutorial_objectstorage.py for tasks to queue
[2024-09-08T07:20:13.634+0000] {logging_mixin.py:190} INFO - [2024-09-08T07:20:13.633+0000] {dagbag.py:587} INFO - Filling up the DagBag from /home/airflow/.local/lib/python3.12/site-packages/airflow/example_dags/tutorial_objectstorage.py
[2024-09-08T07:20:13.639+0000] {processor.py:925} INFO - DAG(s) 'tutorial_objectstorage' retrieved from /home/airflow/.local/lib/python3.12/site-packages/airflow/example_dags/tutorial_objectstorage.py
[2024-09-08T07:20:13.651+0000] {logging_mixin.py:190} INFO - [2024-09-08T07:20:13.651+0000] {dag.py:3229} INFO - Sync 1 DAGs
[2024-09-08T07:20:13.660+0000] {logging_mixin.py:190} INFO - [2024-09-08T07:20:13.660+0000] {dag.py:4156} INFO - Setting next_dagrun for tutorial_objectstorage to None, run_after=None
[2024-09-08T07:20:13.672+0000] {processor.py:208} INFO - Processing /home/airflow/.local/lib/python3.12/site-packages/airflow/example_dags/tutorial_objectstorage.py took 0.044 seconds
[2024-09-08T07:20:44.074+0000] {processor.py:186} INFO - Started process (PID=4528) to work on /home/airflow/.local/lib/python3.12/site-packages/airflow/example_dags/tutorial_objectstorage.py
[2024-09-08T07:20:44.074+0000] {processor.py:914} INFO - Processing file /home/airflow/.local/lib/python3.12/site-packages/airflow/example_dags/tutorial_objectstorage.py for tasks to queue
[2024-09-08T07:20:44.076+0000] {logging_mixin.py:190} INFO - [2024-09-08T07:20:44.076+0000] {dagbag.py:587} INFO - Filling up the DagBag from /home/airflow/.local/lib/python3.12/site-packages/airflow/example_dags/tutorial_objectstorage.py
[2024-09-08T07:20:44.082+0000] {processor.py:925} INFO - DAG(s) 'tutorial_objectstorage' retrieved from /home/airflow/.local/lib/python3.12/site-packages/airflow/example_dags/tutorial_objectstorage.py
[2024-09-08T07:20:44.096+0000] {logging_mixin.py:190} INFO - [2024-09-08T07:20:44.095+0000] {dag.py:3229} INFO - Sync 1 DAGs
[2024-09-08T07:20:44.106+0000] {logging_mixin.py:190} INFO - [2024-09-08T07:20:44.106+0000] {dag.py:4156} INFO - Setting next_dagrun for tutorial_objectstorage to None, run_after=None
[2024-09-08T07:20:44.120+0000] {processor.py:208} INFO - Processing /home/airflow/.local/lib/python3.12/site-packages/airflow/example_dags/tutorial_objectstorage.py took 0.051 seconds
[2024-09-08T07:21:14.530+0000] {processor.py:186} INFO - Started process (PID=4590) to work on /home/airflow/.local/lib/python3.12/site-packages/airflow/example_dags/tutorial_objectstorage.py
[2024-09-08T07:21:14.531+0000] {processor.py:914} INFO - Processing file /home/airflow/.local/lib/python3.12/site-packages/airflow/example_dags/tutorial_objectstorage.py for tasks to queue
[2024-09-08T07:21:14.532+0000] {logging_mixin.py:190} INFO - [2024-09-08T07:21:14.532+0000] {dagbag.py:587} INFO - Filling up the DagBag from /home/airflow/.local/lib/python3.12/site-packages/airflow/example_dags/tutorial_objectstorage.py
[2024-09-08T07:21:14.537+0000] {processor.py:925} INFO - DAG(s) 'tutorial_objectstorage' retrieved from /home/airflow/.local/lib/python3.12/site-packages/airflow/example_dags/tutorial_objectstorage.py
[2024-09-08T07:21:14.549+0000] {logging_mixin.py:190} INFO - [2024-09-08T07:21:14.549+0000] {dag.py:3229} INFO - Sync 1 DAGs
[2024-09-08T07:21:14.558+0000] {logging_mixin.py:190} INFO - [2024-09-08T07:21:14.558+0000] {dag.py:4156} INFO - Setting next_dagrun for tutorial_objectstorage to None, run_after=None
[2024-09-08T07:21:14.570+0000] {processor.py:208} INFO - Processing /home/airflow/.local/lib/python3.12/site-packages/airflow/example_dags/tutorial_objectstorage.py took 0.043 seconds
