[2024-09-08T06:39:30.825+0000] {processor.py:186} INFO - Started process (PID=94) to work on /home/airflow/.local/lib/python3.12/site-packages/airflow/example_dags/tutorial.py
[2024-09-08T06:39:30.825+0000] {processor.py:914} INFO - Processing file /home/airflow/.local/lib/python3.12/site-packages/airflow/example_dags/tutorial.py for tasks to queue
[2024-09-08T06:39:30.827+0000] {logging_mixin.py:190} INFO - [2024-09-08T06:39:30.827+0000] {dagbag.py:587} INFO - Filling up the DagBag from /home/airflow/.local/lib/python3.12/site-packages/airflow/example_dags/tutorial.py
[2024-09-08T06:39:30.832+0000] {processor.py:925} INFO - DAG(s) 'tutorial' retrieved from /home/airflow/.local/lib/python3.12/site-packages/airflow/example_dags/tutorial.py
[2024-09-08T06:39:30.908+0000] {logging_mixin.py:190} INFO - [2024-09-08T06:39:30.907+0000] {override.py:1900} INFO - Created Permission View: can edit on DAG:tutorial
[2024-09-08T06:39:30.916+0000] {logging_mixin.py:190} INFO - [2024-09-08T06:39:30.916+0000] {override.py:1900} INFO - Created Permission View: can read on DAG:tutorial
[2024-09-08T06:39:30.922+0000] {logging_mixin.py:190} INFO - [2024-09-08T06:39:30.921+0000] {override.py:1900} INFO - Created Permission View: can delete on DAG:tutorial
[2024-09-08T06:39:30.926+0000] {logging_mixin.py:190} INFO - [2024-09-08T06:39:30.926+0000] {override.py:1900} INFO - Created Permission View: can read on DAG Run:tutorial
[2024-09-08T06:39:30.931+0000] {logging_mixin.py:190} INFO - [2024-09-08T06:39:30.930+0000] {override.py:1900} INFO - Created Permission View: can delete on DAG Run:tutorial
[2024-09-08T06:39:30.935+0000] {logging_mixin.py:190} INFO - [2024-09-08T06:39:30.935+0000] {override.py:1900} INFO - Created Permission View: can create on DAG Run:tutorial
[2024-09-08T06:39:30.939+0000] {logging_mixin.py:190} INFO - [2024-09-08T06:39:30.939+0000] {override.py:1900} INFO - Created Permission View: menu access on DAG Run:tutorial
[2024-09-08T06:39:30.939+0000] {logging_mixin.py:190} INFO - [2024-09-08T06:39:30.939+0000] {dag.py:3229} INFO - Sync 1 DAGs
[2024-09-08T06:39:30.948+0000] {logging_mixin.py:190} INFO - [2024-09-08T06:39:30.948+0000] {dag.py:3252} INFO - Creating ORM DAG for tutorial
[2024-09-08T06:39:30.956+0000] {logging_mixin.py:190} INFO - [2024-09-08T06:39:30.956+0000] {dag.py:4156} INFO - Setting next_dagrun for tutorial to 2024-09-07 00:00:00+00:00, run_after=2024-09-08 00:00:00+00:00
[2024-09-08T06:39:30.968+0000] {processor.py:208} INFO - Processing /home/airflow/.local/lib/python3.12/site-packages/airflow/example_dags/tutorial.py took 0.146 seconds
[2024-09-08T06:40:01.543+0000] {processor.py:186} INFO - Started process (PID=156) to work on /home/airflow/.local/lib/python3.12/site-packages/airflow/example_dags/tutorial.py
[2024-09-08T06:40:01.544+0000] {processor.py:914} INFO - Processing file /home/airflow/.local/lib/python3.12/site-packages/airflow/example_dags/tutorial.py for tasks to queue
[2024-09-08T06:40:01.545+0000] {logging_mixin.py:190} INFO - [2024-09-08T06:40:01.545+0000] {dagbag.py:587} INFO - Filling up the DagBag from /home/airflow/.local/lib/python3.12/site-packages/airflow/example_dags/tutorial.py
[2024-09-08T06:40:01.551+0000] {processor.py:925} INFO - DAG(s) 'tutorial' retrieved from /home/airflow/.local/lib/python3.12/site-packages/airflow/example_dags/tutorial.py
[2024-09-08T06:40:01.564+0000] {logging_mixin.py:190} INFO - [2024-09-08T06:40:01.564+0000] {dag.py:3229} INFO - Sync 1 DAGs
[2024-09-08T06:40:01.581+0000] {logging_mixin.py:190} INFO - [2024-09-08T06:40:01.581+0000] {dag.py:4156} INFO - Setting next_dagrun for tutorial to 2024-09-07 00:00:00+00:00, run_after=2024-09-08 00:00:00+00:00
[2024-09-08T06:40:01.594+0000] {processor.py:208} INFO - Processing /home/airflow/.local/lib/python3.12/site-packages/airflow/example_dags/tutorial.py took 0.055 seconds
[2024-09-08T06:40:32.018+0000] {processor.py:186} INFO - Started process (PID=218) to work on /home/airflow/.local/lib/python3.12/site-packages/airflow/example_dags/tutorial.py
[2024-09-08T06:40:32.019+0000] {processor.py:914} INFO - Processing file /home/airflow/.local/lib/python3.12/site-packages/airflow/example_dags/tutorial.py for tasks to queue
[2024-09-08T06:40:32.020+0000] {logging_mixin.py:190} INFO - [2024-09-08T06:40:32.020+0000] {dagbag.py:587} INFO - Filling up the DagBag from /home/airflow/.local/lib/python3.12/site-packages/airflow/example_dags/tutorial.py
[2024-09-08T06:40:32.025+0000] {processor.py:925} INFO - DAG(s) 'tutorial' retrieved from /home/airflow/.local/lib/python3.12/site-packages/airflow/example_dags/tutorial.py
[2024-09-08T06:40:32.037+0000] {logging_mixin.py:190} INFO - [2024-09-08T06:40:32.037+0000] {dag.py:3229} INFO - Sync 1 DAGs
[2024-09-08T06:40:32.049+0000] {logging_mixin.py:190} INFO - [2024-09-08T06:40:32.049+0000] {dag.py:4156} INFO - Setting next_dagrun for tutorial to 2024-09-07 00:00:00+00:00, run_after=2024-09-08 00:00:00+00:00
[2024-09-08T06:40:32.061+0000] {processor.py:208} INFO - Processing /home/airflow/.local/lib/python3.12/site-packages/airflow/example_dags/tutorial.py took 0.047 seconds
[2024-09-08T06:41:02.504+0000] {processor.py:186} INFO - Started process (PID=280) to work on /home/airflow/.local/lib/python3.12/site-packages/airflow/example_dags/tutorial.py
[2024-09-08T06:41:02.504+0000] {processor.py:914} INFO - Processing file /home/airflow/.local/lib/python3.12/site-packages/airflow/example_dags/tutorial.py for tasks to queue
[2024-09-08T06:41:02.506+0000] {logging_mixin.py:190} INFO - [2024-09-08T06:41:02.506+0000] {dagbag.py:587} INFO - Filling up the DagBag from /home/airflow/.local/lib/python3.12/site-packages/airflow/example_dags/tutorial.py
[2024-09-08T06:41:02.512+0000] {processor.py:925} INFO - DAG(s) 'tutorial' retrieved from /home/airflow/.local/lib/python3.12/site-packages/airflow/example_dags/tutorial.py
[2024-09-08T06:41:02.526+0000] {logging_mixin.py:190} INFO - [2024-09-08T06:41:02.526+0000] {dag.py:3229} INFO - Sync 1 DAGs
[2024-09-08T06:41:02.542+0000] {logging_mixin.py:190} INFO - [2024-09-08T06:41:02.542+0000] {dag.py:4156} INFO - Setting next_dagrun for tutorial to 2024-09-07 00:00:00+00:00, run_after=2024-09-08 00:00:00+00:00
[2024-09-08T06:41:02.553+0000] {processor.py:208} INFO - Processing /home/airflow/.local/lib/python3.12/site-packages/airflow/example_dags/tutorial.py took 0.053 seconds
[2024-09-08T06:41:33.096+0000] {processor.py:186} INFO - Started process (PID=342) to work on /home/airflow/.local/lib/python3.12/site-packages/airflow/example_dags/tutorial.py
[2024-09-08T06:41:33.097+0000] {processor.py:914} INFO - Processing file /home/airflow/.local/lib/python3.12/site-packages/airflow/example_dags/tutorial.py for tasks to queue
[2024-09-08T06:41:33.098+0000] {logging_mixin.py:190} INFO - [2024-09-08T06:41:33.098+0000] {dagbag.py:587} INFO - Filling up the DagBag from /home/airflow/.local/lib/python3.12/site-packages/airflow/example_dags/tutorial.py
[2024-09-08T06:41:33.103+0000] {processor.py:925} INFO - DAG(s) 'tutorial' retrieved from /home/airflow/.local/lib/python3.12/site-packages/airflow/example_dags/tutorial.py
[2024-09-08T06:41:33.116+0000] {logging_mixin.py:190} INFO - [2024-09-08T06:41:33.115+0000] {dag.py:3229} INFO - Sync 1 DAGs
[2024-09-08T06:41:33.128+0000] {logging_mixin.py:190} INFO - [2024-09-08T06:41:33.128+0000] {dag.py:4156} INFO - Setting next_dagrun for tutorial to 2024-09-07 00:00:00+00:00, run_after=2024-09-08 00:00:00+00:00
[2024-09-08T06:41:33.140+0000] {processor.py:208} INFO - Processing /home/airflow/.local/lib/python3.12/site-packages/airflow/example_dags/tutorial.py took 0.048 seconds
[2024-09-08T06:42:03.662+0000] {processor.py:186} INFO - Started process (PID=404) to work on /home/airflow/.local/lib/python3.12/site-packages/airflow/example_dags/tutorial.py
[2024-09-08T06:42:03.662+0000] {processor.py:914} INFO - Processing file /home/airflow/.local/lib/python3.12/site-packages/airflow/example_dags/tutorial.py for tasks to queue
[2024-09-08T06:42:03.664+0000] {logging_mixin.py:190} INFO - [2024-09-08T06:42:03.663+0000] {dagbag.py:587} INFO - Filling up the DagBag from /home/airflow/.local/lib/python3.12/site-packages/airflow/example_dags/tutorial.py
[2024-09-08T06:42:03.668+0000] {processor.py:925} INFO - DAG(s) 'tutorial' retrieved from /home/airflow/.local/lib/python3.12/site-packages/airflow/example_dags/tutorial.py
[2024-09-08T06:42:03.680+0000] {logging_mixin.py:190} INFO - [2024-09-08T06:42:03.680+0000] {dag.py:3229} INFO - Sync 1 DAGs
[2024-09-08T06:42:03.693+0000] {logging_mixin.py:190} INFO - [2024-09-08T06:42:03.692+0000] {dag.py:4156} INFO - Setting next_dagrun for tutorial to 2024-09-07 00:00:00+00:00, run_after=2024-09-08 00:00:00+00:00
[2024-09-08T06:42:03.703+0000] {processor.py:208} INFO - Processing /home/airflow/.local/lib/python3.12/site-packages/airflow/example_dags/tutorial.py took 0.046 seconds
[2024-09-08T06:42:34.147+0000] {processor.py:186} INFO - Started process (PID=466) to work on /home/airflow/.local/lib/python3.12/site-packages/airflow/example_dags/tutorial.py
[2024-09-08T06:42:34.148+0000] {processor.py:914} INFO - Processing file /home/airflow/.local/lib/python3.12/site-packages/airflow/example_dags/tutorial.py for tasks to queue
[2024-09-08T06:42:34.149+0000] {logging_mixin.py:190} INFO - [2024-09-08T06:42:34.149+0000] {dagbag.py:587} INFO - Filling up the DagBag from /home/airflow/.local/lib/python3.12/site-packages/airflow/example_dags/tutorial.py
[2024-09-08T06:42:34.153+0000] {processor.py:925} INFO - DAG(s) 'tutorial' retrieved from /home/airflow/.local/lib/python3.12/site-packages/airflow/example_dags/tutorial.py
[2024-09-08T06:42:34.169+0000] {logging_mixin.py:190} INFO - [2024-09-08T06:42:34.169+0000] {dag.py:3229} INFO - Sync 1 DAGs
[2024-09-08T06:42:34.183+0000] {logging_mixin.py:190} INFO - [2024-09-08T06:42:34.183+0000] {dag.py:4156} INFO - Setting next_dagrun for tutorial to 2024-09-07 00:00:00+00:00, run_after=2024-09-08 00:00:00+00:00
[2024-09-08T06:42:34.196+0000] {processor.py:208} INFO - Processing /home/airflow/.local/lib/python3.12/site-packages/airflow/example_dags/tutorial.py took 0.053 seconds
[2024-09-08T06:43:04.486+0000] {processor.py:186} INFO - Started process (PID=528) to work on /home/airflow/.local/lib/python3.12/site-packages/airflow/example_dags/tutorial.py
[2024-09-08T06:43:04.487+0000] {processor.py:914} INFO - Processing file /home/airflow/.local/lib/python3.12/site-packages/airflow/example_dags/tutorial.py for tasks to queue
[2024-09-08T06:43:04.488+0000] {logging_mixin.py:190} INFO - [2024-09-08T06:43:04.488+0000] {dagbag.py:587} INFO - Filling up the DagBag from /home/airflow/.local/lib/python3.12/site-packages/airflow/example_dags/tutorial.py
[2024-09-08T06:43:04.493+0000] {processor.py:925} INFO - DAG(s) 'tutorial' retrieved from /home/airflow/.local/lib/python3.12/site-packages/airflow/example_dags/tutorial.py
[2024-09-08T06:43:04.507+0000] {logging_mixin.py:190} INFO - [2024-09-08T06:43:04.507+0000] {dag.py:3229} INFO - Sync 1 DAGs
[2024-09-08T06:43:04.519+0000] {logging_mixin.py:190} INFO - [2024-09-08T06:43:04.519+0000] {dag.py:4156} INFO - Setting next_dagrun for tutorial to 2024-09-07 00:00:00+00:00, run_after=2024-09-08 00:00:00+00:00
[2024-09-08T06:43:04.530+0000] {processor.py:208} INFO - Processing /home/airflow/.local/lib/python3.12/site-packages/airflow/example_dags/tutorial.py took 0.048 seconds
[2024-09-08T06:43:34.995+0000] {processor.py:186} INFO - Started process (PID=590) to work on /home/airflow/.local/lib/python3.12/site-packages/airflow/example_dags/tutorial.py
[2024-09-08T06:43:34.995+0000] {processor.py:914} INFO - Processing file /home/airflow/.local/lib/python3.12/site-packages/airflow/example_dags/tutorial.py for tasks to queue
[2024-09-08T06:43:34.996+0000] {logging_mixin.py:190} INFO - [2024-09-08T06:43:34.996+0000] {dagbag.py:587} INFO - Filling up the DagBag from /home/airflow/.local/lib/python3.12/site-packages/airflow/example_dags/tutorial.py
[2024-09-08T06:43:35.001+0000] {processor.py:925} INFO - DAG(s) 'tutorial' retrieved from /home/airflow/.local/lib/python3.12/site-packages/airflow/example_dags/tutorial.py
[2024-09-08T06:43:35.013+0000] {logging_mixin.py:190} INFO - [2024-09-08T06:43:35.013+0000] {dag.py:3229} INFO - Sync 1 DAGs
[2024-09-08T06:43:35.027+0000] {logging_mixin.py:190} INFO - [2024-09-08T06:43:35.027+0000] {dag.py:4156} INFO - Setting next_dagrun for tutorial to 2024-09-07 00:00:00+00:00, run_after=2024-09-08 00:00:00+00:00
[2024-09-08T06:43:35.041+0000] {processor.py:208} INFO - Processing /home/airflow/.local/lib/python3.12/site-packages/airflow/example_dags/tutorial.py took 0.050 seconds
[2024-09-08T06:44:05.550+0000] {processor.py:186} INFO - Started process (PID=652) to work on /home/airflow/.local/lib/python3.12/site-packages/airflow/example_dags/tutorial.py
[2024-09-08T06:44:05.551+0000] {processor.py:914} INFO - Processing file /home/airflow/.local/lib/python3.12/site-packages/airflow/example_dags/tutorial.py for tasks to queue
[2024-09-08T06:44:05.552+0000] {logging_mixin.py:190} INFO - [2024-09-08T06:44:05.552+0000] {dagbag.py:587} INFO - Filling up the DagBag from /home/airflow/.local/lib/python3.12/site-packages/airflow/example_dags/tutorial.py
[2024-09-08T06:44:05.556+0000] {processor.py:925} INFO - DAG(s) 'tutorial' retrieved from /home/airflow/.local/lib/python3.12/site-packages/airflow/example_dags/tutorial.py
[2024-09-08T06:44:05.570+0000] {logging_mixin.py:190} INFO - [2024-09-08T06:44:05.570+0000] {dag.py:3229} INFO - Sync 1 DAGs
[2024-09-08T06:44:05.587+0000] {logging_mixin.py:190} INFO - [2024-09-08T06:44:05.587+0000] {dag.py:4156} INFO - Setting next_dagrun for tutorial to 2024-09-07 00:00:00+00:00, run_after=2024-09-08 00:00:00+00:00
[2024-09-08T06:44:05.598+0000] {processor.py:208} INFO - Processing /home/airflow/.local/lib/python3.12/site-packages/airflow/example_dags/tutorial.py took 0.052 seconds
[2024-09-08T06:44:36.054+0000] {processor.py:186} INFO - Started process (PID=714) to work on /home/airflow/.local/lib/python3.12/site-packages/airflow/example_dags/tutorial.py
[2024-09-08T06:44:36.055+0000] {processor.py:914} INFO - Processing file /home/airflow/.local/lib/python3.12/site-packages/airflow/example_dags/tutorial.py for tasks to queue
[2024-09-08T06:44:36.056+0000] {logging_mixin.py:190} INFO - [2024-09-08T06:44:36.056+0000] {dagbag.py:587} INFO - Filling up the DagBag from /home/airflow/.local/lib/python3.12/site-packages/airflow/example_dags/tutorial.py
[2024-09-08T06:44:36.061+0000] {processor.py:925} INFO - DAG(s) 'tutorial' retrieved from /home/airflow/.local/lib/python3.12/site-packages/airflow/example_dags/tutorial.py
[2024-09-08T06:44:36.078+0000] {logging_mixin.py:190} INFO - [2024-09-08T06:44:36.077+0000] {dag.py:3229} INFO - Sync 1 DAGs
[2024-09-08T06:44:36.094+0000] {logging_mixin.py:190} INFO - [2024-09-08T06:44:36.094+0000] {dag.py:4156} INFO - Setting next_dagrun for tutorial to 2024-09-07 00:00:00+00:00, run_after=2024-09-08 00:00:00+00:00
[2024-09-08T06:44:36.107+0000] {processor.py:208} INFO - Processing /home/airflow/.local/lib/python3.12/site-packages/airflow/example_dags/tutorial.py took 0.058 seconds
[2024-09-08T06:45:06.715+0000] {processor.py:186} INFO - Started process (PID=776) to work on /home/airflow/.local/lib/python3.12/site-packages/airflow/example_dags/tutorial.py
[2024-09-08T06:45:06.715+0000] {processor.py:914} INFO - Processing file /home/airflow/.local/lib/python3.12/site-packages/airflow/example_dags/tutorial.py for tasks to queue
[2024-09-08T06:45:06.716+0000] {logging_mixin.py:190} INFO - [2024-09-08T06:45:06.716+0000] {dagbag.py:587} INFO - Filling up the DagBag from /home/airflow/.local/lib/python3.12/site-packages/airflow/example_dags/tutorial.py
[2024-09-08T06:45:06.721+0000] {processor.py:925} INFO - DAG(s) 'tutorial' retrieved from /home/airflow/.local/lib/python3.12/site-packages/airflow/example_dags/tutorial.py
[2024-09-08T06:45:06.735+0000] {logging_mixin.py:190} INFO - [2024-09-08T06:45:06.735+0000] {dag.py:3229} INFO - Sync 1 DAGs
[2024-09-08T06:45:06.749+0000] {logging_mixin.py:190} INFO - [2024-09-08T06:45:06.749+0000] {dag.py:4156} INFO - Setting next_dagrun for tutorial to 2024-09-07 00:00:00+00:00, run_after=2024-09-08 00:00:00+00:00
[2024-09-08T06:45:06.762+0000] {processor.py:208} INFO - Processing /home/airflow/.local/lib/python3.12/site-packages/airflow/example_dags/tutorial.py took 0.052 seconds
[2024-09-08T06:45:37.092+0000] {processor.py:186} INFO - Started process (PID=838) to work on /home/airflow/.local/lib/python3.12/site-packages/airflow/example_dags/tutorial.py
[2024-09-08T06:45:37.092+0000] {processor.py:914} INFO - Processing file /home/airflow/.local/lib/python3.12/site-packages/airflow/example_dags/tutorial.py for tasks to queue
[2024-09-08T06:45:37.093+0000] {logging_mixin.py:190} INFO - [2024-09-08T06:45:37.093+0000] {dagbag.py:587} INFO - Filling up the DagBag from /home/airflow/.local/lib/python3.12/site-packages/airflow/example_dags/tutorial.py
[2024-09-08T06:45:37.097+0000] {processor.py:925} INFO - DAG(s) 'tutorial' retrieved from /home/airflow/.local/lib/python3.12/site-packages/airflow/example_dags/tutorial.py
[2024-09-08T06:45:37.112+0000] {logging_mixin.py:190} INFO - [2024-09-08T06:45:37.112+0000] {dag.py:3229} INFO - Sync 1 DAGs
[2024-09-08T06:45:37.131+0000] {logging_mixin.py:190} INFO - [2024-09-08T06:45:37.131+0000] {dag.py:4156} INFO - Setting next_dagrun for tutorial to 2024-09-07 00:00:00+00:00, run_after=2024-09-08 00:00:00+00:00
[2024-09-08T06:45:37.143+0000] {processor.py:208} INFO - Processing /home/airflow/.local/lib/python3.12/site-packages/airflow/example_dags/tutorial.py took 0.054 seconds
[2024-09-08T06:46:07.559+0000] {processor.py:186} INFO - Started process (PID=900) to work on /home/airflow/.local/lib/python3.12/site-packages/airflow/example_dags/tutorial.py
[2024-09-08T06:46:07.559+0000] {processor.py:914} INFO - Processing file /home/airflow/.local/lib/python3.12/site-packages/airflow/example_dags/tutorial.py for tasks to queue
[2024-09-08T06:46:07.560+0000] {logging_mixin.py:190} INFO - [2024-09-08T06:46:07.560+0000] {dagbag.py:587} INFO - Filling up the DagBag from /home/airflow/.local/lib/python3.12/site-packages/airflow/example_dags/tutorial.py
[2024-09-08T06:46:07.564+0000] {processor.py:925} INFO - DAG(s) 'tutorial' retrieved from /home/airflow/.local/lib/python3.12/site-packages/airflow/example_dags/tutorial.py
[2024-09-08T06:46:07.578+0000] {logging_mixin.py:190} INFO - [2024-09-08T06:46:07.578+0000] {dag.py:3229} INFO - Sync 1 DAGs
[2024-09-08T06:46:07.593+0000] {logging_mixin.py:190} INFO - [2024-09-08T06:46:07.593+0000] {dag.py:4156} INFO - Setting next_dagrun for tutorial to 2024-09-07 00:00:00+00:00, run_after=2024-09-08 00:00:00+00:00
[2024-09-08T06:46:07.605+0000] {processor.py:208} INFO - Processing /home/airflow/.local/lib/python3.12/site-packages/airflow/example_dags/tutorial.py took 0.049 seconds
[2024-09-08T06:46:38.093+0000] {processor.py:186} INFO - Started process (PID=962) to work on /home/airflow/.local/lib/python3.12/site-packages/airflow/example_dags/tutorial.py
[2024-09-08T06:46:38.093+0000] {processor.py:914} INFO - Processing file /home/airflow/.local/lib/python3.12/site-packages/airflow/example_dags/tutorial.py for tasks to queue
[2024-09-08T06:46:38.094+0000] {logging_mixin.py:190} INFO - [2024-09-08T06:46:38.094+0000] {dagbag.py:587} INFO - Filling up the DagBag from /home/airflow/.local/lib/python3.12/site-packages/airflow/example_dags/tutorial.py
[2024-09-08T06:46:38.098+0000] {processor.py:925} INFO - DAG(s) 'tutorial' retrieved from /home/airflow/.local/lib/python3.12/site-packages/airflow/example_dags/tutorial.py
[2024-09-08T06:46:38.111+0000] {logging_mixin.py:190} INFO - [2024-09-08T06:46:38.111+0000] {dag.py:3229} INFO - Sync 1 DAGs
[2024-09-08T06:46:38.127+0000] {logging_mixin.py:190} INFO - [2024-09-08T06:46:38.127+0000] {dag.py:4156} INFO - Setting next_dagrun for tutorial to 2024-09-07 00:00:00+00:00, run_after=2024-09-08 00:00:00+00:00
[2024-09-08T06:46:38.142+0000] {processor.py:208} INFO - Processing /home/airflow/.local/lib/python3.12/site-packages/airflow/example_dags/tutorial.py took 0.053 seconds
[2024-09-08T06:47:08.572+0000] {processor.py:186} INFO - Started process (PID=1024) to work on /home/airflow/.local/lib/python3.12/site-packages/airflow/example_dags/tutorial.py
[2024-09-08T06:47:08.572+0000] {processor.py:914} INFO - Processing file /home/airflow/.local/lib/python3.12/site-packages/airflow/example_dags/tutorial.py for tasks to queue
[2024-09-08T06:47:08.574+0000] {logging_mixin.py:190} INFO - [2024-09-08T06:47:08.573+0000] {dagbag.py:587} INFO - Filling up the DagBag from /home/airflow/.local/lib/python3.12/site-packages/airflow/example_dags/tutorial.py
[2024-09-08T06:47:08.579+0000] {processor.py:925} INFO - DAG(s) 'tutorial' retrieved from /home/airflow/.local/lib/python3.12/site-packages/airflow/example_dags/tutorial.py
[2024-09-08T06:47:08.594+0000] {logging_mixin.py:190} INFO - [2024-09-08T06:47:08.594+0000] {dag.py:3229} INFO - Sync 1 DAGs
[2024-09-08T06:47:08.610+0000] {logging_mixin.py:190} INFO - [2024-09-08T06:47:08.610+0000] {dag.py:4156} INFO - Setting next_dagrun for tutorial to 2024-09-07 00:00:00+00:00, run_after=2024-09-08 00:00:00+00:00
[2024-09-08T06:47:08.624+0000] {processor.py:208} INFO - Processing /home/airflow/.local/lib/python3.12/site-packages/airflow/example_dags/tutorial.py took 0.056 seconds
[2024-09-08T06:47:39.177+0000] {processor.py:186} INFO - Started process (PID=1086) to work on /home/airflow/.local/lib/python3.12/site-packages/airflow/example_dags/tutorial.py
[2024-09-08T06:47:39.177+0000] {processor.py:914} INFO - Processing file /home/airflow/.local/lib/python3.12/site-packages/airflow/example_dags/tutorial.py for tasks to queue
[2024-09-08T06:47:39.178+0000] {logging_mixin.py:190} INFO - [2024-09-08T06:47:39.178+0000] {dagbag.py:587} INFO - Filling up the DagBag from /home/airflow/.local/lib/python3.12/site-packages/airflow/example_dags/tutorial.py
[2024-09-08T06:47:39.182+0000] {processor.py:925} INFO - DAG(s) 'tutorial' retrieved from /home/airflow/.local/lib/python3.12/site-packages/airflow/example_dags/tutorial.py
[2024-09-08T06:47:39.195+0000] {logging_mixin.py:190} INFO - [2024-09-08T06:47:39.195+0000] {dag.py:3229} INFO - Sync 1 DAGs
[2024-09-08T06:47:39.213+0000] {logging_mixin.py:190} INFO - [2024-09-08T06:47:39.213+0000] {dag.py:4156} INFO - Setting next_dagrun for tutorial to 2024-09-07 00:00:00+00:00, run_after=2024-09-08 00:00:00+00:00
[2024-09-08T06:47:39.226+0000] {processor.py:208} INFO - Processing /home/airflow/.local/lib/python3.12/site-packages/airflow/example_dags/tutorial.py took 0.053 seconds
[2024-09-08T06:48:09.661+0000] {processor.py:186} INFO - Started process (PID=1148) to work on /home/airflow/.local/lib/python3.12/site-packages/airflow/example_dags/tutorial.py
[2024-09-08T06:48:09.662+0000] {processor.py:914} INFO - Processing file /home/airflow/.local/lib/python3.12/site-packages/airflow/example_dags/tutorial.py for tasks to queue
[2024-09-08T06:48:09.663+0000] {logging_mixin.py:190} INFO - [2024-09-08T06:48:09.663+0000] {dagbag.py:587} INFO - Filling up the DagBag from /home/airflow/.local/lib/python3.12/site-packages/airflow/example_dags/tutorial.py
[2024-09-08T06:48:09.669+0000] {processor.py:925} INFO - DAG(s) 'tutorial' retrieved from /home/airflow/.local/lib/python3.12/site-packages/airflow/example_dags/tutorial.py
[2024-09-08T06:48:09.683+0000] {logging_mixin.py:190} INFO - [2024-09-08T06:48:09.683+0000] {dag.py:3229} INFO - Sync 1 DAGs
[2024-09-08T06:48:09.696+0000] {logging_mixin.py:190} INFO - [2024-09-08T06:48:09.696+0000] {dag.py:4156} INFO - Setting next_dagrun for tutorial to 2024-09-07 00:00:00+00:00, run_after=2024-09-08 00:00:00+00:00
[2024-09-08T06:48:09.709+0000] {processor.py:208} INFO - Processing /home/airflow/.local/lib/python3.12/site-packages/airflow/example_dags/tutorial.py took 0.052 seconds
[2024-09-08T06:48:40.386+0000] {processor.py:186} INFO - Started process (PID=1210) to work on /home/airflow/.local/lib/python3.12/site-packages/airflow/example_dags/tutorial.py
[2024-09-08T06:48:40.386+0000] {processor.py:914} INFO - Processing file /home/airflow/.local/lib/python3.12/site-packages/airflow/example_dags/tutorial.py for tasks to queue
[2024-09-08T06:48:40.388+0000] {logging_mixin.py:190} INFO - [2024-09-08T06:48:40.387+0000] {dagbag.py:587} INFO - Filling up the DagBag from /home/airflow/.local/lib/python3.12/site-packages/airflow/example_dags/tutorial.py
[2024-09-08T06:48:40.392+0000] {processor.py:925} INFO - DAG(s) 'tutorial' retrieved from /home/airflow/.local/lib/python3.12/site-packages/airflow/example_dags/tutorial.py
[2024-09-08T06:48:40.409+0000] {logging_mixin.py:190} INFO - [2024-09-08T06:48:40.408+0000] {dag.py:3229} INFO - Sync 1 DAGs
[2024-09-08T06:48:40.422+0000] {logging_mixin.py:190} INFO - [2024-09-08T06:48:40.422+0000] {dag.py:4156} INFO - Setting next_dagrun for tutorial to 2024-09-07 00:00:00+00:00, run_after=2024-09-08 00:00:00+00:00
[2024-09-08T06:48:40.432+0000] {processor.py:208} INFO - Processing /home/airflow/.local/lib/python3.12/site-packages/airflow/example_dags/tutorial.py took 0.050 seconds
[2024-09-08T06:49:10.865+0000] {processor.py:186} INFO - Started process (PID=1272) to work on /home/airflow/.local/lib/python3.12/site-packages/airflow/example_dags/tutorial.py
[2024-09-08T06:49:10.865+0000] {processor.py:914} INFO - Processing file /home/airflow/.local/lib/python3.12/site-packages/airflow/example_dags/tutorial.py for tasks to queue
[2024-09-08T06:49:10.866+0000] {logging_mixin.py:190} INFO - [2024-09-08T06:49:10.866+0000] {dagbag.py:587} INFO - Filling up the DagBag from /home/airflow/.local/lib/python3.12/site-packages/airflow/example_dags/tutorial.py
[2024-09-08T06:49:10.870+0000] {processor.py:925} INFO - DAG(s) 'tutorial' retrieved from /home/airflow/.local/lib/python3.12/site-packages/airflow/example_dags/tutorial.py
[2024-09-08T06:49:10.884+0000] {logging_mixin.py:190} INFO - [2024-09-08T06:49:10.884+0000] {dag.py:3229} INFO - Sync 1 DAGs
[2024-09-08T06:49:10.903+0000] {logging_mixin.py:190} INFO - [2024-09-08T06:49:10.903+0000] {dag.py:4156} INFO - Setting next_dagrun for tutorial to 2024-09-07 00:00:00+00:00, run_after=2024-09-08 00:00:00+00:00
[2024-09-08T06:49:10.918+0000] {processor.py:208} INFO - Processing /home/airflow/.local/lib/python3.12/site-packages/airflow/example_dags/tutorial.py took 0.057 seconds
[2024-09-08T06:49:41.520+0000] {processor.py:186} INFO - Started process (PID=1334) to work on /home/airflow/.local/lib/python3.12/site-packages/airflow/example_dags/tutorial.py
[2024-09-08T06:49:41.520+0000] {processor.py:914} INFO - Processing file /home/airflow/.local/lib/python3.12/site-packages/airflow/example_dags/tutorial.py for tasks to queue
[2024-09-08T06:49:41.522+0000] {logging_mixin.py:190} INFO - [2024-09-08T06:49:41.522+0000] {dagbag.py:587} INFO - Filling up the DagBag from /home/airflow/.local/lib/python3.12/site-packages/airflow/example_dags/tutorial.py
[2024-09-08T06:49:41.528+0000] {processor.py:925} INFO - DAG(s) 'tutorial' retrieved from /home/airflow/.local/lib/python3.12/site-packages/airflow/example_dags/tutorial.py
[2024-09-08T06:49:41.543+0000] {logging_mixin.py:190} INFO - [2024-09-08T06:49:41.542+0000] {dag.py:3229} INFO - Sync 1 DAGs
[2024-09-08T06:49:41.558+0000] {logging_mixin.py:190} INFO - [2024-09-08T06:49:41.558+0000] {dag.py:4156} INFO - Setting next_dagrun for tutorial to 2024-09-07 00:00:00+00:00, run_after=2024-09-08 00:00:00+00:00
[2024-09-08T06:49:41.570+0000] {processor.py:208} INFO - Processing /home/airflow/.local/lib/python3.12/site-packages/airflow/example_dags/tutorial.py took 0.054 seconds
[2024-09-08T06:50:12.035+0000] {processor.py:186} INFO - Started process (PID=1396) to work on /home/airflow/.local/lib/python3.12/site-packages/airflow/example_dags/tutorial.py
[2024-09-08T06:50:12.036+0000] {processor.py:914} INFO - Processing file /home/airflow/.local/lib/python3.12/site-packages/airflow/example_dags/tutorial.py for tasks to queue
[2024-09-08T06:50:12.037+0000] {logging_mixin.py:190} INFO - [2024-09-08T06:50:12.037+0000] {dagbag.py:587} INFO - Filling up the DagBag from /home/airflow/.local/lib/python3.12/site-packages/airflow/example_dags/tutorial.py
[2024-09-08T06:50:12.041+0000] {processor.py:925} INFO - DAG(s) 'tutorial' retrieved from /home/airflow/.local/lib/python3.12/site-packages/airflow/example_dags/tutorial.py
[2024-09-08T06:50:12.054+0000] {logging_mixin.py:190} INFO - [2024-09-08T06:50:12.054+0000] {dag.py:3229} INFO - Sync 1 DAGs
[2024-09-08T06:50:12.067+0000] {logging_mixin.py:190} INFO - [2024-09-08T06:50:12.067+0000] {dag.py:4156} INFO - Setting next_dagrun for tutorial to 2024-09-07 00:00:00+00:00, run_after=2024-09-08 00:00:00+00:00
[2024-09-08T06:50:12.079+0000] {processor.py:208} INFO - Processing /home/airflow/.local/lib/python3.12/site-packages/airflow/example_dags/tutorial.py took 0.047 seconds
[2024-09-08T06:50:42.571+0000] {processor.py:186} INFO - Started process (PID=1458) to work on /home/airflow/.local/lib/python3.12/site-packages/airflow/example_dags/tutorial.py
[2024-09-08T06:50:42.572+0000] {processor.py:914} INFO - Processing file /home/airflow/.local/lib/python3.12/site-packages/airflow/example_dags/tutorial.py for tasks to queue
[2024-09-08T06:50:42.573+0000] {logging_mixin.py:190} INFO - [2024-09-08T06:50:42.573+0000] {dagbag.py:587} INFO - Filling up the DagBag from /home/airflow/.local/lib/python3.12/site-packages/airflow/example_dags/tutorial.py
[2024-09-08T06:50:42.577+0000] {processor.py:925} INFO - DAG(s) 'tutorial' retrieved from /home/airflow/.local/lib/python3.12/site-packages/airflow/example_dags/tutorial.py
[2024-09-08T06:50:42.591+0000] {logging_mixin.py:190} INFO - [2024-09-08T06:50:42.590+0000] {dag.py:3229} INFO - Sync 1 DAGs
[2024-09-08T06:50:42.607+0000] {logging_mixin.py:190} INFO - [2024-09-08T06:50:42.607+0000] {dag.py:4156} INFO - Setting next_dagrun for tutorial to 2024-09-07 00:00:00+00:00, run_after=2024-09-08 00:00:00+00:00
[2024-09-08T06:50:42.620+0000] {processor.py:208} INFO - Processing /home/airflow/.local/lib/python3.12/site-packages/airflow/example_dags/tutorial.py took 0.051 seconds
[2024-09-08T06:51:13.136+0000] {processor.py:186} INFO - Started process (PID=1520) to work on /home/airflow/.local/lib/python3.12/site-packages/airflow/example_dags/tutorial.py
[2024-09-08T06:51:13.136+0000] {processor.py:914} INFO - Processing file /home/airflow/.local/lib/python3.12/site-packages/airflow/example_dags/tutorial.py for tasks to queue
[2024-09-08T06:51:13.138+0000] {logging_mixin.py:190} INFO - [2024-09-08T06:51:13.137+0000] {dagbag.py:587} INFO - Filling up the DagBag from /home/airflow/.local/lib/python3.12/site-packages/airflow/example_dags/tutorial.py
[2024-09-08T06:51:13.142+0000] {processor.py:925} INFO - DAG(s) 'tutorial' retrieved from /home/airflow/.local/lib/python3.12/site-packages/airflow/example_dags/tutorial.py
[2024-09-08T06:51:13.157+0000] {logging_mixin.py:190} INFO - [2024-09-08T06:51:13.156+0000] {dag.py:3229} INFO - Sync 1 DAGs
[2024-09-08T06:51:13.173+0000] {logging_mixin.py:190} INFO - [2024-09-08T06:51:13.173+0000] {dag.py:4156} INFO - Setting next_dagrun for tutorial to 2024-09-07 00:00:00+00:00, run_after=2024-09-08 00:00:00+00:00
[2024-09-08T06:51:13.186+0000] {processor.py:208} INFO - Processing /home/airflow/.local/lib/python3.12/site-packages/airflow/example_dags/tutorial.py took 0.054 seconds
[2024-09-08T06:51:43.549+0000] {processor.py:186} INFO - Started process (PID=1582) to work on /home/airflow/.local/lib/python3.12/site-packages/airflow/example_dags/tutorial.py
[2024-09-08T06:51:43.549+0000] {processor.py:914} INFO - Processing file /home/airflow/.local/lib/python3.12/site-packages/airflow/example_dags/tutorial.py for tasks to queue
[2024-09-08T06:51:43.551+0000] {logging_mixin.py:190} INFO - [2024-09-08T06:51:43.551+0000] {dagbag.py:587} INFO - Filling up the DagBag from /home/airflow/.local/lib/python3.12/site-packages/airflow/example_dags/tutorial.py
[2024-09-08T06:51:43.556+0000] {processor.py:925} INFO - DAG(s) 'tutorial' retrieved from /home/airflow/.local/lib/python3.12/site-packages/airflow/example_dags/tutorial.py
[2024-09-08T06:51:43.567+0000] {logging_mixin.py:190} INFO - [2024-09-08T06:51:43.567+0000] {dag.py:3229} INFO - Sync 1 DAGs
[2024-09-08T06:51:43.579+0000] {logging_mixin.py:190} INFO - [2024-09-08T06:51:43.579+0000] {dag.py:4156} INFO - Setting next_dagrun for tutorial to 2024-09-07 00:00:00+00:00, run_after=2024-09-08 00:00:00+00:00
[2024-09-08T06:51:43.590+0000] {processor.py:208} INFO - Processing /home/airflow/.local/lib/python3.12/site-packages/airflow/example_dags/tutorial.py took 0.045 seconds
[2024-09-08T06:52:14.187+0000] {processor.py:186} INFO - Started process (PID=1644) to work on /home/airflow/.local/lib/python3.12/site-packages/airflow/example_dags/tutorial.py
[2024-09-08T06:52:14.188+0000] {processor.py:914} INFO - Processing file /home/airflow/.local/lib/python3.12/site-packages/airflow/example_dags/tutorial.py for tasks to queue
[2024-09-08T06:52:14.189+0000] {logging_mixin.py:190} INFO - [2024-09-08T06:52:14.189+0000] {dagbag.py:587} INFO - Filling up the DagBag from /home/airflow/.local/lib/python3.12/site-packages/airflow/example_dags/tutorial.py
[2024-09-08T06:52:14.192+0000] {processor.py:925} INFO - DAG(s) 'tutorial' retrieved from /home/airflow/.local/lib/python3.12/site-packages/airflow/example_dags/tutorial.py
[2024-09-08T06:52:14.205+0000] {logging_mixin.py:190} INFO - [2024-09-08T06:52:14.205+0000] {dag.py:3229} INFO - Sync 1 DAGs
[2024-09-08T06:52:14.220+0000] {logging_mixin.py:190} INFO - [2024-09-08T06:52:14.220+0000] {dag.py:4156} INFO - Setting next_dagrun for tutorial to 2024-09-07 00:00:00+00:00, run_after=2024-09-08 00:00:00+00:00
[2024-09-08T06:52:14.233+0000] {processor.py:208} INFO - Processing /home/airflow/.local/lib/python3.12/site-packages/airflow/example_dags/tutorial.py took 0.049 seconds
[2024-09-08T06:52:44.811+0000] {processor.py:186} INFO - Started process (PID=1712) to work on /home/airflow/.local/lib/python3.12/site-packages/airflow/example_dags/tutorial.py
[2024-09-08T06:52:44.811+0000] {processor.py:914} INFO - Processing file /home/airflow/.local/lib/python3.12/site-packages/airflow/example_dags/tutorial.py for tasks to queue
[2024-09-08T06:52:44.812+0000] {logging_mixin.py:190} INFO - [2024-09-08T06:52:44.812+0000] {dagbag.py:587} INFO - Filling up the DagBag from /home/airflow/.local/lib/python3.12/site-packages/airflow/example_dags/tutorial.py
[2024-09-08T06:52:44.816+0000] {processor.py:925} INFO - DAG(s) 'tutorial' retrieved from /home/airflow/.local/lib/python3.12/site-packages/airflow/example_dags/tutorial.py
[2024-09-08T06:52:44.829+0000] {logging_mixin.py:190} INFO - [2024-09-08T06:52:44.829+0000] {dag.py:3229} INFO - Sync 1 DAGs
[2024-09-08T06:52:44.846+0000] {logging_mixin.py:190} INFO - [2024-09-08T06:52:44.846+0000] {dag.py:4156} INFO - Setting next_dagrun for tutorial to 2024-09-07 00:00:00+00:00, run_after=2024-09-08 00:00:00+00:00
[2024-09-08T06:52:44.860+0000] {processor.py:208} INFO - Processing /home/airflow/.local/lib/python3.12/site-packages/airflow/example_dags/tutorial.py took 0.052 seconds
[2024-09-08T06:53:15.479+0000] {processor.py:186} INFO - Started process (PID=1774) to work on /home/airflow/.local/lib/python3.12/site-packages/airflow/example_dags/tutorial.py
[2024-09-08T06:53:15.479+0000] {processor.py:914} INFO - Processing file /home/airflow/.local/lib/python3.12/site-packages/airflow/example_dags/tutorial.py for tasks to queue
[2024-09-08T06:53:15.480+0000] {logging_mixin.py:190} INFO - [2024-09-08T06:53:15.480+0000] {dagbag.py:587} INFO - Filling up the DagBag from /home/airflow/.local/lib/python3.12/site-packages/airflow/example_dags/tutorial.py
[2024-09-08T06:53:15.484+0000] {processor.py:925} INFO - DAG(s) 'tutorial' retrieved from /home/airflow/.local/lib/python3.12/site-packages/airflow/example_dags/tutorial.py
[2024-09-08T06:53:15.499+0000] {logging_mixin.py:190} INFO - [2024-09-08T06:53:15.499+0000] {dag.py:3229} INFO - Sync 1 DAGs
[2024-09-08T06:53:15.514+0000] {logging_mixin.py:190} INFO - [2024-09-08T06:53:15.514+0000] {dag.py:4156} INFO - Setting next_dagrun for tutorial to 2024-09-07 00:00:00+00:00, run_after=2024-09-08 00:00:00+00:00
[2024-09-08T06:53:15.529+0000] {processor.py:208} INFO - Processing /home/airflow/.local/lib/python3.12/site-packages/airflow/example_dags/tutorial.py took 0.053 seconds
[2024-09-08T06:53:46.056+0000] {processor.py:186} INFO - Started process (PID=1836) to work on /home/airflow/.local/lib/python3.12/site-packages/airflow/example_dags/tutorial.py
[2024-09-08T06:53:46.057+0000] {processor.py:914} INFO - Processing file /home/airflow/.local/lib/python3.12/site-packages/airflow/example_dags/tutorial.py for tasks to queue
[2024-09-08T06:53:46.058+0000] {logging_mixin.py:190} INFO - [2024-09-08T06:53:46.058+0000] {dagbag.py:587} INFO - Filling up the DagBag from /home/airflow/.local/lib/python3.12/site-packages/airflow/example_dags/tutorial.py
[2024-09-08T06:53:46.062+0000] {processor.py:925} INFO - DAG(s) 'tutorial' retrieved from /home/airflow/.local/lib/python3.12/site-packages/airflow/example_dags/tutorial.py
[2024-09-08T06:53:46.076+0000] {logging_mixin.py:190} INFO - [2024-09-08T06:53:46.075+0000] {dag.py:3229} INFO - Sync 1 DAGs
[2024-09-08T06:53:46.090+0000] {logging_mixin.py:190} INFO - [2024-09-08T06:53:46.090+0000] {dag.py:4156} INFO - Setting next_dagrun for tutorial to 2024-09-07 00:00:00+00:00, run_after=2024-09-08 00:00:00+00:00
[2024-09-08T06:53:46.100+0000] {processor.py:208} INFO - Processing /home/airflow/.local/lib/python3.12/site-packages/airflow/example_dags/tutorial.py took 0.047 seconds
[2024-09-08T06:54:16.636+0000] {processor.py:186} INFO - Started process (PID=1898) to work on /home/airflow/.local/lib/python3.12/site-packages/airflow/example_dags/tutorial.py
[2024-09-08T06:54:16.637+0000] {processor.py:914} INFO - Processing file /home/airflow/.local/lib/python3.12/site-packages/airflow/example_dags/tutorial.py for tasks to queue
[2024-09-08T06:54:16.638+0000] {logging_mixin.py:190} INFO - [2024-09-08T06:54:16.638+0000] {dagbag.py:587} INFO - Filling up the DagBag from /home/airflow/.local/lib/python3.12/site-packages/airflow/example_dags/tutorial.py
[2024-09-08T06:54:16.643+0000] {processor.py:925} INFO - DAG(s) 'tutorial' retrieved from /home/airflow/.local/lib/python3.12/site-packages/airflow/example_dags/tutorial.py
[2024-09-08T06:54:16.657+0000] {logging_mixin.py:190} INFO - [2024-09-08T06:54:16.656+0000] {dag.py:3229} INFO - Sync 1 DAGs
[2024-09-08T06:54:16.673+0000] {logging_mixin.py:190} INFO - [2024-09-08T06:54:16.673+0000] {dag.py:4156} INFO - Setting next_dagrun for tutorial to 2024-09-07 00:00:00+00:00, run_after=2024-09-08 00:00:00+00:00
[2024-09-08T06:54:16.687+0000] {processor.py:208} INFO - Processing /home/airflow/.local/lib/python3.12/site-packages/airflow/example_dags/tutorial.py took 0.054 seconds
[2024-09-08T06:54:47.205+0000] {processor.py:186} INFO - Started process (PID=1960) to work on /home/airflow/.local/lib/python3.12/site-packages/airflow/example_dags/tutorial.py
[2024-09-08T06:54:47.206+0000] {processor.py:914} INFO - Processing file /home/airflow/.local/lib/python3.12/site-packages/airflow/example_dags/tutorial.py for tasks to queue
[2024-09-08T06:54:47.207+0000] {logging_mixin.py:190} INFO - [2024-09-08T06:54:47.207+0000] {dagbag.py:587} INFO - Filling up the DagBag from /home/airflow/.local/lib/python3.12/site-packages/airflow/example_dags/tutorial.py
[2024-09-08T06:54:47.211+0000] {processor.py:925} INFO - DAG(s) 'tutorial' retrieved from /home/airflow/.local/lib/python3.12/site-packages/airflow/example_dags/tutorial.py
[2024-09-08T06:54:47.226+0000] {logging_mixin.py:190} INFO - [2024-09-08T06:54:47.225+0000] {dag.py:3229} INFO - Sync 1 DAGs
[2024-09-08T06:54:47.238+0000] {logging_mixin.py:190} INFO - [2024-09-08T06:54:47.238+0000] {dag.py:4156} INFO - Setting next_dagrun for tutorial to 2024-09-07 00:00:00+00:00, run_after=2024-09-08 00:00:00+00:00
[2024-09-08T06:54:47.250+0000] {processor.py:208} INFO - Processing /home/airflow/.local/lib/python3.12/site-packages/airflow/example_dags/tutorial.py took 0.049 seconds
[2024-09-08T06:55:17.613+0000] {processor.py:186} INFO - Started process (PID=2022) to work on /home/airflow/.local/lib/python3.12/site-packages/airflow/example_dags/tutorial.py
[2024-09-08T06:55:17.613+0000] {processor.py:914} INFO - Processing file /home/airflow/.local/lib/python3.12/site-packages/airflow/example_dags/tutorial.py for tasks to queue
[2024-09-08T06:55:17.614+0000] {logging_mixin.py:190} INFO - [2024-09-08T06:55:17.614+0000] {dagbag.py:587} INFO - Filling up the DagBag from /home/airflow/.local/lib/python3.12/site-packages/airflow/example_dags/tutorial.py
[2024-09-08T06:55:17.618+0000] {processor.py:925} INFO - DAG(s) 'tutorial' retrieved from /home/airflow/.local/lib/python3.12/site-packages/airflow/example_dags/tutorial.py
[2024-09-08T06:55:17.633+0000] {logging_mixin.py:190} INFO - [2024-09-08T06:55:17.633+0000] {dag.py:3229} INFO - Sync 1 DAGs
[2024-09-08T06:55:17.651+0000] {logging_mixin.py:190} INFO - [2024-09-08T06:55:17.650+0000] {dag.py:4156} INFO - Setting next_dagrun for tutorial to 2024-09-07 00:00:00+00:00, run_after=2024-09-08 00:00:00+00:00
[2024-09-08T06:55:17.664+0000] {processor.py:208} INFO - Processing /home/airflow/.local/lib/python3.12/site-packages/airflow/example_dags/tutorial.py took 0.054 seconds
[2024-09-08T06:55:48.217+0000] {processor.py:186} INFO - Started process (PID=2084) to work on /home/airflow/.local/lib/python3.12/site-packages/airflow/example_dags/tutorial.py
[2024-09-08T06:55:48.218+0000] {processor.py:914} INFO - Processing file /home/airflow/.local/lib/python3.12/site-packages/airflow/example_dags/tutorial.py for tasks to queue
[2024-09-08T06:55:48.219+0000] {logging_mixin.py:190} INFO - [2024-09-08T06:55:48.219+0000] {dagbag.py:587} INFO - Filling up the DagBag from /home/airflow/.local/lib/python3.12/site-packages/airflow/example_dags/tutorial.py
[2024-09-08T06:55:48.224+0000] {processor.py:925} INFO - DAG(s) 'tutorial' retrieved from /home/airflow/.local/lib/python3.12/site-packages/airflow/example_dags/tutorial.py
[2024-09-08T06:55:48.238+0000] {logging_mixin.py:190} INFO - [2024-09-08T06:55:48.237+0000] {dag.py:3229} INFO - Sync 1 DAGs
[2024-09-08T06:55:48.253+0000] {logging_mixin.py:190} INFO - [2024-09-08T06:55:48.252+0000] {dag.py:4156} INFO - Setting next_dagrun for tutorial to 2024-09-07 00:00:00+00:00, run_after=2024-09-08 00:00:00+00:00
[2024-09-08T06:55:48.264+0000] {processor.py:208} INFO - Processing /home/airflow/.local/lib/python3.12/site-packages/airflow/example_dags/tutorial.py took 0.050 seconds
[2024-09-08T06:56:18.798+0000] {processor.py:186} INFO - Started process (PID=2146) to work on /home/airflow/.local/lib/python3.12/site-packages/airflow/example_dags/tutorial.py
[2024-09-08T06:56:18.799+0000] {processor.py:914} INFO - Processing file /home/airflow/.local/lib/python3.12/site-packages/airflow/example_dags/tutorial.py for tasks to queue
[2024-09-08T06:56:18.800+0000] {logging_mixin.py:190} INFO - [2024-09-08T06:56:18.800+0000] {dagbag.py:587} INFO - Filling up the DagBag from /home/airflow/.local/lib/python3.12/site-packages/airflow/example_dags/tutorial.py
[2024-09-08T06:56:18.805+0000] {processor.py:925} INFO - DAG(s) 'tutorial' retrieved from /home/airflow/.local/lib/python3.12/site-packages/airflow/example_dags/tutorial.py
[2024-09-08T06:56:18.820+0000] {logging_mixin.py:190} INFO - [2024-09-08T06:56:18.820+0000] {dag.py:3229} INFO - Sync 1 DAGs
[2024-09-08T06:56:18.839+0000] {logging_mixin.py:190} INFO - [2024-09-08T06:56:18.839+0000] {dag.py:4156} INFO - Setting next_dagrun for tutorial to 2024-09-07 00:00:00+00:00, run_after=2024-09-08 00:00:00+00:00
[2024-09-08T06:56:18.852+0000] {processor.py:208} INFO - Processing /home/airflow/.local/lib/python3.12/site-packages/airflow/example_dags/tutorial.py took 0.058 seconds
[2024-09-08T06:56:49.485+0000] {processor.py:186} INFO - Started process (PID=2208) to work on /home/airflow/.local/lib/python3.12/site-packages/airflow/example_dags/tutorial.py
[2024-09-08T06:56:49.486+0000] {processor.py:914} INFO - Processing file /home/airflow/.local/lib/python3.12/site-packages/airflow/example_dags/tutorial.py for tasks to queue
[2024-09-08T06:56:49.487+0000] {logging_mixin.py:190} INFO - [2024-09-08T06:56:49.487+0000] {dagbag.py:587} INFO - Filling up the DagBag from /home/airflow/.local/lib/python3.12/site-packages/airflow/example_dags/tutorial.py
[2024-09-08T06:56:49.491+0000] {processor.py:925} INFO - DAG(s) 'tutorial' retrieved from /home/airflow/.local/lib/python3.12/site-packages/airflow/example_dags/tutorial.py
[2024-09-08T06:56:49.506+0000] {logging_mixin.py:190} INFO - [2024-09-08T06:56:49.505+0000] {dag.py:3229} INFO - Sync 1 DAGs
[2024-09-08T06:56:49.523+0000] {logging_mixin.py:190} INFO - [2024-09-08T06:56:49.523+0000] {dag.py:4156} INFO - Setting next_dagrun for tutorial to 2024-09-07 00:00:00+00:00, run_after=2024-09-08 00:00:00+00:00
[2024-09-08T06:56:49.536+0000] {processor.py:208} INFO - Processing /home/airflow/.local/lib/python3.12/site-packages/airflow/example_dags/tutorial.py took 0.054 seconds
[2024-09-08T06:57:20.196+0000] {processor.py:186} INFO - Started process (PID=2270) to work on /home/airflow/.local/lib/python3.12/site-packages/airflow/example_dags/tutorial.py
[2024-09-08T06:57:20.196+0000] {processor.py:914} INFO - Processing file /home/airflow/.local/lib/python3.12/site-packages/airflow/example_dags/tutorial.py for tasks to queue
[2024-09-08T06:57:20.197+0000] {logging_mixin.py:190} INFO - [2024-09-08T06:57:20.197+0000] {dagbag.py:587} INFO - Filling up the DagBag from /home/airflow/.local/lib/python3.12/site-packages/airflow/example_dags/tutorial.py
[2024-09-08T06:57:20.201+0000] {processor.py:925} INFO - DAG(s) 'tutorial' retrieved from /home/airflow/.local/lib/python3.12/site-packages/airflow/example_dags/tutorial.py
[2024-09-08T06:57:20.214+0000] {logging_mixin.py:190} INFO - [2024-09-08T06:57:20.213+0000] {dag.py:3229} INFO - Sync 1 DAGs
[2024-09-08T06:57:20.226+0000] {logging_mixin.py:190} INFO - [2024-09-08T06:57:20.226+0000] {dag.py:4156} INFO - Setting next_dagrun for tutorial to 2024-09-07 00:00:00+00:00, run_after=2024-09-08 00:00:00+00:00
[2024-09-08T06:57:20.238+0000] {processor.py:208} INFO - Processing /home/airflow/.local/lib/python3.12/site-packages/airflow/example_dags/tutorial.py took 0.045 seconds
[2024-09-08T06:57:50.846+0000] {processor.py:186} INFO - Started process (PID=2332) to work on /home/airflow/.local/lib/python3.12/site-packages/airflow/example_dags/tutorial.py
[2024-09-08T06:57:50.846+0000] {processor.py:914} INFO - Processing file /home/airflow/.local/lib/python3.12/site-packages/airflow/example_dags/tutorial.py for tasks to queue
[2024-09-08T06:57:50.847+0000] {logging_mixin.py:190} INFO - [2024-09-08T06:57:50.847+0000] {dagbag.py:587} INFO - Filling up the DagBag from /home/airflow/.local/lib/python3.12/site-packages/airflow/example_dags/tutorial.py
[2024-09-08T06:57:50.851+0000] {processor.py:925} INFO - DAG(s) 'tutorial' retrieved from /home/airflow/.local/lib/python3.12/site-packages/airflow/example_dags/tutorial.py
[2024-09-08T06:57:50.865+0000] {logging_mixin.py:190} INFO - [2024-09-08T06:57:50.865+0000] {dag.py:3229} INFO - Sync 1 DAGs
[2024-09-08T06:57:50.882+0000] {logging_mixin.py:190} INFO - [2024-09-08T06:57:50.882+0000] {dag.py:4156} INFO - Setting next_dagrun for tutorial to 2024-09-07 00:00:00+00:00, run_after=2024-09-08 00:00:00+00:00
[2024-09-08T06:57:50.895+0000] {processor.py:208} INFO - Processing /home/airflow/.local/lib/python3.12/site-packages/airflow/example_dags/tutorial.py took 0.053 seconds
[2024-09-08T06:58:21.797+0000] {processor.py:186} INFO - Started process (PID=2394) to work on /home/airflow/.local/lib/python3.12/site-packages/airflow/example_dags/tutorial.py
[2024-09-08T06:58:21.797+0000] {processor.py:914} INFO - Processing file /home/airflow/.local/lib/python3.12/site-packages/airflow/example_dags/tutorial.py for tasks to queue
[2024-09-08T06:58:21.798+0000] {logging_mixin.py:190} INFO - [2024-09-08T06:58:21.798+0000] {dagbag.py:587} INFO - Filling up the DagBag from /home/airflow/.local/lib/python3.12/site-packages/airflow/example_dags/tutorial.py
[2024-09-08T06:58:21.803+0000] {processor.py:925} INFO - DAG(s) 'tutorial' retrieved from /home/airflow/.local/lib/python3.12/site-packages/airflow/example_dags/tutorial.py
[2024-09-08T06:58:21.815+0000] {logging_mixin.py:190} INFO - [2024-09-08T06:58:21.815+0000] {dag.py:3229} INFO - Sync 1 DAGs
[2024-09-08T06:58:21.829+0000] {logging_mixin.py:190} INFO - [2024-09-08T06:58:21.829+0000] {dag.py:4156} INFO - Setting next_dagrun for tutorial to 2024-09-07 00:00:00+00:00, run_after=2024-09-08 00:00:00+00:00
[2024-09-08T06:58:21.839+0000] {processor.py:208} INFO - Processing /home/airflow/.local/lib/python3.12/site-packages/airflow/example_dags/tutorial.py took 0.046 seconds
[2024-09-08T06:58:52.417+0000] {processor.py:186} INFO - Started process (PID=2456) to work on /home/airflow/.local/lib/python3.12/site-packages/airflow/example_dags/tutorial.py
[2024-09-08T06:58:52.418+0000] {processor.py:914} INFO - Processing file /home/airflow/.local/lib/python3.12/site-packages/airflow/example_dags/tutorial.py for tasks to queue
[2024-09-08T06:58:52.419+0000] {logging_mixin.py:190} INFO - [2024-09-08T06:58:52.419+0000] {dagbag.py:587} INFO - Filling up the DagBag from /home/airflow/.local/lib/python3.12/site-packages/airflow/example_dags/tutorial.py
[2024-09-08T06:58:52.424+0000] {processor.py:925} INFO - DAG(s) 'tutorial' retrieved from /home/airflow/.local/lib/python3.12/site-packages/airflow/example_dags/tutorial.py
[2024-09-08T06:58:52.437+0000] {logging_mixin.py:190} INFO - [2024-09-08T06:58:52.437+0000] {dag.py:3229} INFO - Sync 1 DAGs
[2024-09-08T06:58:52.449+0000] {logging_mixin.py:190} INFO - [2024-09-08T06:58:52.449+0000] {dag.py:4156} INFO - Setting next_dagrun for tutorial to 2024-09-07 00:00:00+00:00, run_after=2024-09-08 00:00:00+00:00
[2024-09-08T06:58:52.460+0000] {processor.py:208} INFO - Processing /home/airflow/.local/lib/python3.12/site-packages/airflow/example_dags/tutorial.py took 0.047 seconds
[2024-09-08T06:59:23.186+0000] {processor.py:186} INFO - Started process (PID=2518) to work on /home/airflow/.local/lib/python3.12/site-packages/airflow/example_dags/tutorial.py
[2024-09-08T06:59:23.186+0000] {processor.py:914} INFO - Processing file /home/airflow/.local/lib/python3.12/site-packages/airflow/example_dags/tutorial.py for tasks to queue
[2024-09-08T06:59:23.187+0000] {logging_mixin.py:190} INFO - [2024-09-08T06:59:23.187+0000] {dagbag.py:587} INFO - Filling up the DagBag from /home/airflow/.local/lib/python3.12/site-packages/airflow/example_dags/tutorial.py
[2024-09-08T06:59:23.191+0000] {processor.py:925} INFO - DAG(s) 'tutorial' retrieved from /home/airflow/.local/lib/python3.12/site-packages/airflow/example_dags/tutorial.py
[2024-09-08T06:59:23.204+0000] {logging_mixin.py:190} INFO - [2024-09-08T06:59:23.204+0000] {dag.py:3229} INFO - Sync 1 DAGs
[2024-09-08T06:59:23.219+0000] {logging_mixin.py:190} INFO - [2024-09-08T06:59:23.219+0000] {dag.py:4156} INFO - Setting next_dagrun for tutorial to 2024-09-07 00:00:00+00:00, run_after=2024-09-08 00:00:00+00:00
[2024-09-08T06:59:23.232+0000] {processor.py:208} INFO - Processing /home/airflow/.local/lib/python3.12/site-packages/airflow/example_dags/tutorial.py took 0.049 seconds
[2024-09-08T06:59:53.890+0000] {processor.py:186} INFO - Started process (PID=2580) to work on /home/airflow/.local/lib/python3.12/site-packages/airflow/example_dags/tutorial.py
[2024-09-08T06:59:53.891+0000] {processor.py:914} INFO - Processing file /home/airflow/.local/lib/python3.12/site-packages/airflow/example_dags/tutorial.py for tasks to queue
[2024-09-08T06:59:53.892+0000] {logging_mixin.py:190} INFO - [2024-09-08T06:59:53.892+0000] {dagbag.py:587} INFO - Filling up the DagBag from /home/airflow/.local/lib/python3.12/site-packages/airflow/example_dags/tutorial.py
[2024-09-08T06:59:53.897+0000] {processor.py:925} INFO - DAG(s) 'tutorial' retrieved from /home/airflow/.local/lib/python3.12/site-packages/airflow/example_dags/tutorial.py
[2024-09-08T06:59:53.913+0000] {logging_mixin.py:190} INFO - [2024-09-08T06:59:53.913+0000] {dag.py:3229} INFO - Sync 1 DAGs
[2024-09-08T06:59:53.929+0000] {logging_mixin.py:190} INFO - [2024-09-08T06:59:53.928+0000] {dag.py:4156} INFO - Setting next_dagrun for tutorial to 2024-09-07 00:00:00+00:00, run_after=2024-09-08 00:00:00+00:00
[2024-09-08T06:59:53.942+0000] {processor.py:208} INFO - Processing /home/airflow/.local/lib/python3.12/site-packages/airflow/example_dags/tutorial.py took 0.055 seconds
[2024-09-08T07:00:24.505+0000] {processor.py:186} INFO - Started process (PID=2642) to work on /home/airflow/.local/lib/python3.12/site-packages/airflow/example_dags/tutorial.py
[2024-09-08T07:00:24.505+0000] {processor.py:914} INFO - Processing file /home/airflow/.local/lib/python3.12/site-packages/airflow/example_dags/tutorial.py for tasks to queue
[2024-09-08T07:00:24.506+0000] {logging_mixin.py:190} INFO - [2024-09-08T07:00:24.506+0000] {dagbag.py:587} INFO - Filling up the DagBag from /home/airflow/.local/lib/python3.12/site-packages/airflow/example_dags/tutorial.py
[2024-09-08T07:00:24.510+0000] {processor.py:925} INFO - DAG(s) 'tutorial' retrieved from /home/airflow/.local/lib/python3.12/site-packages/airflow/example_dags/tutorial.py
[2024-09-08T07:00:24.523+0000] {logging_mixin.py:190} INFO - [2024-09-08T07:00:24.523+0000] {dag.py:3229} INFO - Sync 1 DAGs
[2024-09-08T07:00:24.540+0000] {logging_mixin.py:190} INFO - [2024-09-08T07:00:24.540+0000] {dag.py:4156} INFO - Setting next_dagrun for tutorial to 2024-09-07 00:00:00+00:00, run_after=2024-09-08 00:00:00+00:00
[2024-09-08T07:00:24.554+0000] {processor.py:208} INFO - Processing /home/airflow/.local/lib/python3.12/site-packages/airflow/example_dags/tutorial.py took 0.053 seconds
[2024-09-08T07:00:55.272+0000] {processor.py:186} INFO - Started process (PID=2704) to work on /home/airflow/.local/lib/python3.12/site-packages/airflow/example_dags/tutorial.py
[2024-09-08T07:00:55.273+0000] {processor.py:914} INFO - Processing file /home/airflow/.local/lib/python3.12/site-packages/airflow/example_dags/tutorial.py for tasks to queue
[2024-09-08T07:00:55.274+0000] {logging_mixin.py:190} INFO - [2024-09-08T07:00:55.274+0000] {dagbag.py:587} INFO - Filling up the DagBag from /home/airflow/.local/lib/python3.12/site-packages/airflow/example_dags/tutorial.py
[2024-09-08T07:00:55.280+0000] {processor.py:925} INFO - DAG(s) 'tutorial' retrieved from /home/airflow/.local/lib/python3.12/site-packages/airflow/example_dags/tutorial.py
[2024-09-08T07:00:55.293+0000] {logging_mixin.py:190} INFO - [2024-09-08T07:00:55.293+0000] {dag.py:3229} INFO - Sync 1 DAGs
[2024-09-08T07:00:55.309+0000] {logging_mixin.py:190} INFO - [2024-09-08T07:00:55.309+0000] {dag.py:4156} INFO - Setting next_dagrun for tutorial to 2024-09-07 00:00:00+00:00, run_after=2024-09-08 00:00:00+00:00
[2024-09-08T07:00:55.324+0000] {processor.py:208} INFO - Processing /home/airflow/.local/lib/python3.12/site-packages/airflow/example_dags/tutorial.py took 0.056 seconds
[2024-09-08T07:01:26.257+0000] {processor.py:186} INFO - Started process (PID=2766) to work on /home/airflow/.local/lib/python3.12/site-packages/airflow/example_dags/tutorial.py
[2024-09-08T07:01:26.257+0000] {processor.py:914} INFO - Processing file /home/airflow/.local/lib/python3.12/site-packages/airflow/example_dags/tutorial.py for tasks to queue
[2024-09-08T07:01:26.259+0000] {logging_mixin.py:190} INFO - [2024-09-08T07:01:26.259+0000] {dagbag.py:587} INFO - Filling up the DagBag from /home/airflow/.local/lib/python3.12/site-packages/airflow/example_dags/tutorial.py
[2024-09-08T07:01:26.263+0000] {processor.py:925} INFO - DAG(s) 'tutorial' retrieved from /home/airflow/.local/lib/python3.12/site-packages/airflow/example_dags/tutorial.py
[2024-09-08T07:01:26.277+0000] {logging_mixin.py:190} INFO - [2024-09-08T07:01:26.276+0000] {dag.py:3229} INFO - Sync 1 DAGs
[2024-09-08T07:01:26.289+0000] {logging_mixin.py:190} INFO - [2024-09-08T07:01:26.289+0000] {dag.py:4156} INFO - Setting next_dagrun for tutorial to 2024-09-07 00:00:00+00:00, run_after=2024-09-08 00:00:00+00:00
[2024-09-08T07:01:26.299+0000] {processor.py:208} INFO - Processing /home/airflow/.local/lib/python3.12/site-packages/airflow/example_dags/tutorial.py took 0.045 seconds
[2024-09-08T07:01:57.184+0000] {processor.py:186} INFO - Started process (PID=2828) to work on /home/airflow/.local/lib/python3.12/site-packages/airflow/example_dags/tutorial.py
[2024-09-08T07:01:57.185+0000] {processor.py:914} INFO - Processing file /home/airflow/.local/lib/python3.12/site-packages/airflow/example_dags/tutorial.py for tasks to queue
[2024-09-08T07:01:57.186+0000] {logging_mixin.py:190} INFO - [2024-09-08T07:01:57.186+0000] {dagbag.py:587} INFO - Filling up the DagBag from /home/airflow/.local/lib/python3.12/site-packages/airflow/example_dags/tutorial.py
[2024-09-08T07:01:57.192+0000] {processor.py:925} INFO - DAG(s) 'tutorial' retrieved from /home/airflow/.local/lib/python3.12/site-packages/airflow/example_dags/tutorial.py
[2024-09-08T07:01:57.206+0000] {logging_mixin.py:190} INFO - [2024-09-08T07:01:57.206+0000] {dag.py:3229} INFO - Sync 1 DAGs
[2024-09-08T07:01:57.223+0000] {logging_mixin.py:190} INFO - [2024-09-08T07:01:57.223+0000] {dag.py:4156} INFO - Setting next_dagrun for tutorial to 2024-09-07 00:00:00+00:00, run_after=2024-09-08 00:00:00+00:00
[2024-09-08T07:01:57.236+0000] {processor.py:208} INFO - Processing /home/airflow/.local/lib/python3.12/site-packages/airflow/example_dags/tutorial.py took 0.055 seconds
[2024-09-08T07:02:28.107+0000] {processor.py:186} INFO - Started process (PID=2890) to work on /home/airflow/.local/lib/python3.12/site-packages/airflow/example_dags/tutorial.py
[2024-09-08T07:02:28.108+0000] {processor.py:914} INFO - Processing file /home/airflow/.local/lib/python3.12/site-packages/airflow/example_dags/tutorial.py for tasks to queue
[2024-09-08T07:02:28.109+0000] {logging_mixin.py:190} INFO - [2024-09-08T07:02:28.109+0000] {dagbag.py:587} INFO - Filling up the DagBag from /home/airflow/.local/lib/python3.12/site-packages/airflow/example_dags/tutorial.py
[2024-09-08T07:02:28.114+0000] {processor.py:925} INFO - DAG(s) 'tutorial' retrieved from /home/airflow/.local/lib/python3.12/site-packages/airflow/example_dags/tutorial.py
[2024-09-08T07:02:28.129+0000] {logging_mixin.py:190} INFO - [2024-09-08T07:02:28.129+0000] {dag.py:3229} INFO - Sync 1 DAGs
[2024-09-08T07:02:28.145+0000] {logging_mixin.py:190} INFO - [2024-09-08T07:02:28.144+0000] {dag.py:4156} INFO - Setting next_dagrun for tutorial to 2024-09-07 00:00:00+00:00, run_after=2024-09-08 00:00:00+00:00
[2024-09-08T07:02:28.158+0000] {processor.py:208} INFO - Processing /home/airflow/.local/lib/python3.12/site-packages/airflow/example_dags/tutorial.py took 0.055 seconds
[2024-09-08T07:02:58.585+0000] {processor.py:186} INFO - Started process (PID=2952) to work on /home/airflow/.local/lib/python3.12/site-packages/airflow/example_dags/tutorial.py
[2024-09-08T07:02:58.586+0000] {processor.py:914} INFO - Processing file /home/airflow/.local/lib/python3.12/site-packages/airflow/example_dags/tutorial.py for tasks to queue
[2024-09-08T07:02:58.587+0000] {logging_mixin.py:190} INFO - [2024-09-08T07:02:58.587+0000] {dagbag.py:587} INFO - Filling up the DagBag from /home/airflow/.local/lib/python3.12/site-packages/airflow/example_dags/tutorial.py
[2024-09-08T07:02:58.591+0000] {processor.py:925} INFO - DAG(s) 'tutorial' retrieved from /home/airflow/.local/lib/python3.12/site-packages/airflow/example_dags/tutorial.py
[2024-09-08T07:02:58.604+0000] {logging_mixin.py:190} INFO - [2024-09-08T07:02:58.603+0000] {dag.py:3229} INFO - Sync 1 DAGs
[2024-09-08T07:02:58.616+0000] {logging_mixin.py:190} INFO - [2024-09-08T07:02:58.616+0000] {dag.py:4156} INFO - Setting next_dagrun for tutorial to 2024-09-07 00:00:00+00:00, run_after=2024-09-08 00:00:00+00:00
[2024-09-08T07:02:58.627+0000] {processor.py:208} INFO - Processing /home/airflow/.local/lib/python3.12/site-packages/airflow/example_dags/tutorial.py took 0.044 seconds
[2024-09-08T07:03:29.193+0000] {processor.py:186} INFO - Started process (PID=3014) to work on /home/airflow/.local/lib/python3.12/site-packages/airflow/example_dags/tutorial.py
[2024-09-08T07:03:29.194+0000] {processor.py:914} INFO - Processing file /home/airflow/.local/lib/python3.12/site-packages/airflow/example_dags/tutorial.py for tasks to queue
[2024-09-08T07:03:29.195+0000] {logging_mixin.py:190} INFO - [2024-09-08T07:03:29.195+0000] {dagbag.py:587} INFO - Filling up the DagBag from /home/airflow/.local/lib/python3.12/site-packages/airflow/example_dags/tutorial.py
[2024-09-08T07:03:29.199+0000] {processor.py:925} INFO - DAG(s) 'tutorial' retrieved from /home/airflow/.local/lib/python3.12/site-packages/airflow/example_dags/tutorial.py
[2024-09-08T07:03:29.213+0000] {logging_mixin.py:190} INFO - [2024-09-08T07:03:29.213+0000] {dag.py:3229} INFO - Sync 1 DAGs
[2024-09-08T07:03:29.230+0000] {logging_mixin.py:190} INFO - [2024-09-08T07:03:29.230+0000] {dag.py:4156} INFO - Setting next_dagrun for tutorial to 2024-09-07 00:00:00+00:00, run_after=2024-09-08 00:00:00+00:00
[2024-09-08T07:03:29.241+0000] {processor.py:208} INFO - Processing /home/airflow/.local/lib/python3.12/site-packages/airflow/example_dags/tutorial.py took 0.051 seconds
[2024-09-08T07:04:00.861+0000] {processor.py:186} INFO - Started process (PID=3076) to work on /home/airflow/.local/lib/python3.12/site-packages/airflow/example_dags/tutorial.py
[2024-09-08T07:04:00.862+0000] {processor.py:914} INFO - Processing file /home/airflow/.local/lib/python3.12/site-packages/airflow/example_dags/tutorial.py for tasks to queue
[2024-09-08T07:04:00.863+0000] {logging_mixin.py:190} INFO - [2024-09-08T07:04:00.863+0000] {dagbag.py:587} INFO - Filling up the DagBag from /home/airflow/.local/lib/python3.12/site-packages/airflow/example_dags/tutorial.py
[2024-09-08T07:04:00.867+0000] {processor.py:925} INFO - DAG(s) 'tutorial' retrieved from /home/airflow/.local/lib/python3.12/site-packages/airflow/example_dags/tutorial.py
[2024-09-08T07:04:00.882+0000] {logging_mixin.py:190} INFO - [2024-09-08T07:04:00.882+0000] {dag.py:3229} INFO - Sync 1 DAGs
[2024-09-08T07:04:01.009+0000] {logging_mixin.py:190} INFO - [2024-09-08T07:04:01.009+0000] {dag.py:4156} INFO - Setting next_dagrun for tutorial to 2024-09-07 00:00:00+00:00, run_after=2024-09-08 00:00:00+00:00
[2024-09-08T07:04:01.021+0000] {processor.py:208} INFO - Processing /home/airflow/.local/lib/python3.12/site-packages/airflow/example_dags/tutorial.py took 0.164 seconds
[2024-09-08T07:04:31.357+0000] {processor.py:186} INFO - Started process (PID=3138) to work on /home/airflow/.local/lib/python3.12/site-packages/airflow/example_dags/tutorial.py
[2024-09-08T07:04:31.357+0000] {processor.py:914} INFO - Processing file /home/airflow/.local/lib/python3.12/site-packages/airflow/example_dags/tutorial.py for tasks to queue
[2024-09-08T07:04:31.358+0000] {logging_mixin.py:190} INFO - [2024-09-08T07:04:31.358+0000] {dagbag.py:587} INFO - Filling up the DagBag from /home/airflow/.local/lib/python3.12/site-packages/airflow/example_dags/tutorial.py
[2024-09-08T07:04:31.362+0000] {processor.py:925} INFO - DAG(s) 'tutorial' retrieved from /home/airflow/.local/lib/python3.12/site-packages/airflow/example_dags/tutorial.py
[2024-09-08T07:04:31.374+0000] {logging_mixin.py:190} INFO - [2024-09-08T07:04:31.373+0000] {dag.py:3229} INFO - Sync 1 DAGs
[2024-09-08T07:04:31.496+0000] {logging_mixin.py:190} INFO - [2024-09-08T07:04:31.496+0000] {dag.py:4156} INFO - Setting next_dagrun for tutorial to 2024-09-07 00:00:00+00:00, run_after=2024-09-08 00:00:00+00:00
[2024-09-08T07:04:31.505+0000] {processor.py:208} INFO - Processing /home/airflow/.local/lib/python3.12/site-packages/airflow/example_dags/tutorial.py took 0.151 seconds
[2024-09-08T07:05:01.677+0000] {processor.py:186} INFO - Started process (PID=3202) to work on /home/airflow/.local/lib/python3.12/site-packages/airflow/example_dags/tutorial.py
[2024-09-08T07:05:01.678+0000] {processor.py:914} INFO - Processing file /home/airflow/.local/lib/python3.12/site-packages/airflow/example_dags/tutorial.py for tasks to queue
[2024-09-08T07:05:01.679+0000] {logging_mixin.py:190} INFO - [2024-09-08T07:05:01.679+0000] {dagbag.py:587} INFO - Filling up the DagBag from /home/airflow/.local/lib/python3.12/site-packages/airflow/example_dags/tutorial.py
[2024-09-08T07:05:01.684+0000] {processor.py:925} INFO - DAG(s) 'tutorial' retrieved from /home/airflow/.local/lib/python3.12/site-packages/airflow/example_dags/tutorial.py
[2024-09-08T07:05:01.699+0000] {logging_mixin.py:190} INFO - [2024-09-08T07:05:01.699+0000] {dag.py:3229} INFO - Sync 1 DAGs
[2024-09-08T07:05:01.822+0000] {logging_mixin.py:190} INFO - [2024-09-08T07:05:01.822+0000] {dag.py:4156} INFO - Setting next_dagrun for tutorial to 2024-09-07 00:00:00+00:00, run_after=2024-09-08 00:00:00+00:00
[2024-09-08T07:05:01.832+0000] {processor.py:208} INFO - Processing /home/airflow/.local/lib/python3.12/site-packages/airflow/example_dags/tutorial.py took 0.159 seconds
[2024-09-08T07:05:32.063+0000] {processor.py:186} INFO - Started process (PID=3262) to work on /home/airflow/.local/lib/python3.12/site-packages/airflow/example_dags/tutorial.py
[2024-09-08T07:05:32.064+0000] {processor.py:914} INFO - Processing file /home/airflow/.local/lib/python3.12/site-packages/airflow/example_dags/tutorial.py for tasks to queue
[2024-09-08T07:05:32.065+0000] {logging_mixin.py:190} INFO - [2024-09-08T07:05:32.065+0000] {dagbag.py:587} INFO - Filling up the DagBag from /home/airflow/.local/lib/python3.12/site-packages/airflow/example_dags/tutorial.py
[2024-09-08T07:05:32.072+0000] {processor.py:925} INFO - DAG(s) 'tutorial' retrieved from /home/airflow/.local/lib/python3.12/site-packages/airflow/example_dags/tutorial.py
[2024-09-08T07:05:32.088+0000] {logging_mixin.py:190} INFO - [2024-09-08T07:05:32.088+0000] {dag.py:3229} INFO - Sync 1 DAGs
[2024-09-08T07:05:32.104+0000] {logging_mixin.py:190} INFO - [2024-09-08T07:05:32.104+0000] {dag.py:4156} INFO - Setting next_dagrun for tutorial to 2024-09-07 00:00:00+00:00, run_after=2024-09-08 00:00:00+00:00
[2024-09-08T07:05:32.233+0000] {processor.py:208} INFO - Processing /home/airflow/.local/lib/python3.12/site-packages/airflow/example_dags/tutorial.py took 0.175 seconds
[2024-09-08T07:06:02.268+0000] {processor.py:186} INFO - Started process (PID=3327) to work on /home/airflow/.local/lib/python3.12/site-packages/airflow/example_dags/tutorial.py
[2024-09-08T07:06:02.269+0000] {processor.py:914} INFO - Processing file /home/airflow/.local/lib/python3.12/site-packages/airflow/example_dags/tutorial.py for tasks to queue
[2024-09-08T07:06:02.270+0000] {logging_mixin.py:190} INFO - [2024-09-08T07:06:02.269+0000] {dagbag.py:587} INFO - Filling up the DagBag from /home/airflow/.local/lib/python3.12/site-packages/airflow/example_dags/tutorial.py
[2024-09-08T07:06:02.273+0000] {processor.py:925} INFO - DAG(s) 'tutorial' retrieved from /home/airflow/.local/lib/python3.12/site-packages/airflow/example_dags/tutorial.py
[2024-09-08T07:06:02.286+0000] {logging_mixin.py:190} INFO - [2024-09-08T07:06:02.286+0000] {dag.py:3229} INFO - Sync 1 DAGs
[2024-09-08T07:06:02.299+0000] {logging_mixin.py:190} INFO - [2024-09-08T07:06:02.299+0000] {dag.py:4156} INFO - Setting next_dagrun for tutorial to 2024-09-07 00:00:00+00:00, run_after=2024-09-08 00:00:00+00:00
[2024-09-08T07:06:02.309+0000] {processor.py:208} INFO - Processing /home/airflow/.local/lib/python3.12/site-packages/airflow/example_dags/tutorial.py took 0.044 seconds
[2024-09-08T07:06:32.651+0000] {processor.py:186} INFO - Started process (PID=3386) to work on /home/airflow/.local/lib/python3.12/site-packages/airflow/example_dags/tutorial.py
[2024-09-08T07:06:32.652+0000] {processor.py:914} INFO - Processing file /home/airflow/.local/lib/python3.12/site-packages/airflow/example_dags/tutorial.py for tasks to queue
[2024-09-08T07:06:32.654+0000] {logging_mixin.py:190} INFO - [2024-09-08T07:06:32.654+0000] {dagbag.py:587} INFO - Filling up the DagBag from /home/airflow/.local/lib/python3.12/site-packages/airflow/example_dags/tutorial.py
[2024-09-08T07:06:32.659+0000] {processor.py:925} INFO - DAG(s) 'tutorial' retrieved from /home/airflow/.local/lib/python3.12/site-packages/airflow/example_dags/tutorial.py
[2024-09-08T07:06:32.673+0000] {logging_mixin.py:190} INFO - [2024-09-08T07:06:32.673+0000] {dag.py:3229} INFO - Sync 1 DAGs
[2024-09-08T07:06:32.690+0000] {logging_mixin.py:190} INFO - [2024-09-08T07:06:32.690+0000] {dag.py:4156} INFO - Setting next_dagrun for tutorial to 2024-09-07 00:00:00+00:00, run_after=2024-09-08 00:00:00+00:00
[2024-09-08T07:06:32.702+0000] {processor.py:208} INFO - Processing /home/airflow/.local/lib/python3.12/site-packages/airflow/example_dags/tutorial.py took 0.054 seconds
[2024-09-08T07:07:03.136+0000] {processor.py:186} INFO - Started process (PID=3448) to work on /home/airflow/.local/lib/python3.12/site-packages/airflow/example_dags/tutorial.py
[2024-09-08T07:07:03.137+0000] {processor.py:914} INFO - Processing file /home/airflow/.local/lib/python3.12/site-packages/airflow/example_dags/tutorial.py for tasks to queue
[2024-09-08T07:07:03.138+0000] {logging_mixin.py:190} INFO - [2024-09-08T07:07:03.138+0000] {dagbag.py:587} INFO - Filling up the DagBag from /home/airflow/.local/lib/python3.12/site-packages/airflow/example_dags/tutorial.py
[2024-09-08T07:07:03.144+0000] {processor.py:925} INFO - DAG(s) 'tutorial' retrieved from /home/airflow/.local/lib/python3.12/site-packages/airflow/example_dags/tutorial.py
[2024-09-08T07:07:03.158+0000] {logging_mixin.py:190} INFO - [2024-09-08T07:07:03.158+0000] {dag.py:3229} INFO - Sync 1 DAGs
[2024-09-08T07:07:03.172+0000] {logging_mixin.py:190} INFO - [2024-09-08T07:07:03.172+0000] {dag.py:4156} INFO - Setting next_dagrun for tutorial to 2024-09-07 00:00:00+00:00, run_after=2024-09-08 00:00:00+00:00
[2024-09-08T07:07:03.183+0000] {processor.py:208} INFO - Processing /home/airflow/.local/lib/python3.12/site-packages/airflow/example_dags/tutorial.py took 0.051 seconds
[2024-09-08T07:07:33.596+0000] {processor.py:186} INFO - Started process (PID=3510) to work on /home/airflow/.local/lib/python3.12/site-packages/airflow/example_dags/tutorial.py
[2024-09-08T07:07:33.596+0000] {processor.py:914} INFO - Processing file /home/airflow/.local/lib/python3.12/site-packages/airflow/example_dags/tutorial.py for tasks to queue
[2024-09-08T07:07:33.598+0000] {logging_mixin.py:190} INFO - [2024-09-08T07:07:33.598+0000] {dagbag.py:587} INFO - Filling up the DagBag from /home/airflow/.local/lib/python3.12/site-packages/airflow/example_dags/tutorial.py
[2024-09-08T07:07:33.604+0000] {processor.py:925} INFO - DAG(s) 'tutorial' retrieved from /home/airflow/.local/lib/python3.12/site-packages/airflow/example_dags/tutorial.py
[2024-09-08T07:07:33.615+0000] {logging_mixin.py:190} INFO - [2024-09-08T07:07:33.615+0000] {dag.py:3229} INFO - Sync 1 DAGs
[2024-09-08T07:07:33.626+0000] {logging_mixin.py:190} INFO - [2024-09-08T07:07:33.626+0000] {dag.py:4156} INFO - Setting next_dagrun for tutorial to 2024-09-07 00:00:00+00:00, run_after=2024-09-08 00:00:00+00:00
[2024-09-08T07:07:33.637+0000] {processor.py:208} INFO - Processing /home/airflow/.local/lib/python3.12/site-packages/airflow/example_dags/tutorial.py took 0.045 seconds
[2024-09-08T07:08:04.061+0000] {processor.py:186} INFO - Started process (PID=3572) to work on /home/airflow/.local/lib/python3.12/site-packages/airflow/example_dags/tutorial.py
[2024-09-08T07:08:04.062+0000] {processor.py:914} INFO - Processing file /home/airflow/.local/lib/python3.12/site-packages/airflow/example_dags/tutorial.py for tasks to queue
[2024-09-08T07:08:04.064+0000] {logging_mixin.py:190} INFO - [2024-09-08T07:08:04.063+0000] {dagbag.py:587} INFO - Filling up the DagBag from /home/airflow/.local/lib/python3.12/site-packages/airflow/example_dags/tutorial.py
[2024-09-08T07:08:04.068+0000] {processor.py:925} INFO - DAG(s) 'tutorial' retrieved from /home/airflow/.local/lib/python3.12/site-packages/airflow/example_dags/tutorial.py
[2024-09-08T07:08:04.083+0000] {logging_mixin.py:190} INFO - [2024-09-08T07:08:04.083+0000] {dag.py:3229} INFO - Sync 1 DAGs
[2024-09-08T07:08:04.101+0000] {logging_mixin.py:190} INFO - [2024-09-08T07:08:04.101+0000] {dag.py:4156} INFO - Setting next_dagrun for tutorial to 2024-09-07 00:00:00+00:00, run_after=2024-09-08 00:00:00+00:00
[2024-09-08T07:08:04.114+0000] {processor.py:208} INFO - Processing /home/airflow/.local/lib/python3.12/site-packages/airflow/example_dags/tutorial.py took 0.057 seconds
[2024-09-08T07:08:34.635+0000] {processor.py:186} INFO - Started process (PID=3634) to work on /home/airflow/.local/lib/python3.12/site-packages/airflow/example_dags/tutorial.py
[2024-09-08T07:08:34.635+0000] {processor.py:914} INFO - Processing file /home/airflow/.local/lib/python3.12/site-packages/airflow/example_dags/tutorial.py for tasks to queue
[2024-09-08T07:08:34.637+0000] {logging_mixin.py:190} INFO - [2024-09-08T07:08:34.637+0000] {dagbag.py:587} INFO - Filling up the DagBag from /home/airflow/.local/lib/python3.12/site-packages/airflow/example_dags/tutorial.py
[2024-09-08T07:08:34.641+0000] {processor.py:925} INFO - DAG(s) 'tutorial' retrieved from /home/airflow/.local/lib/python3.12/site-packages/airflow/example_dags/tutorial.py
[2024-09-08T07:08:34.659+0000] {logging_mixin.py:190} INFO - [2024-09-08T07:08:34.659+0000] {dag.py:3229} INFO - Sync 1 DAGs
[2024-09-08T07:08:34.675+0000] {logging_mixin.py:190} INFO - [2024-09-08T07:08:34.675+0000] {dag.py:4156} INFO - Setting next_dagrun for tutorial to 2024-09-07 00:00:00+00:00, run_after=2024-09-08 00:00:00+00:00
[2024-09-08T07:08:34.689+0000] {processor.py:208} INFO - Processing /home/airflow/.local/lib/python3.12/site-packages/airflow/example_dags/tutorial.py took 0.057 seconds
[2024-09-08T07:09:05.132+0000] {processor.py:186} INFO - Started process (PID=3696) to work on /home/airflow/.local/lib/python3.12/site-packages/airflow/example_dags/tutorial.py
[2024-09-08T07:09:05.133+0000] {processor.py:914} INFO - Processing file /home/airflow/.local/lib/python3.12/site-packages/airflow/example_dags/tutorial.py for tasks to queue
[2024-09-08T07:09:05.134+0000] {logging_mixin.py:190} INFO - [2024-09-08T07:09:05.134+0000] {dagbag.py:587} INFO - Filling up the DagBag from /home/airflow/.local/lib/python3.12/site-packages/airflow/example_dags/tutorial.py
[2024-09-08T07:09:05.139+0000] {processor.py:925} INFO - DAG(s) 'tutorial' retrieved from /home/airflow/.local/lib/python3.12/site-packages/airflow/example_dags/tutorial.py
[2024-09-08T07:09:05.152+0000] {logging_mixin.py:190} INFO - [2024-09-08T07:09:05.152+0000] {dag.py:3229} INFO - Sync 1 DAGs
[2024-09-08T07:09:05.167+0000] {logging_mixin.py:190} INFO - [2024-09-08T07:09:05.167+0000] {dag.py:4156} INFO - Setting next_dagrun for tutorial to 2024-09-07 00:00:00+00:00, run_after=2024-09-08 00:00:00+00:00
[2024-09-08T07:09:05.178+0000] {processor.py:208} INFO - Processing /home/airflow/.local/lib/python3.12/site-packages/airflow/example_dags/tutorial.py took 0.050 seconds
[2024-09-08T07:09:35.579+0000] {processor.py:186} INFO - Started process (PID=3758) to work on /home/airflow/.local/lib/python3.12/site-packages/airflow/example_dags/tutorial.py
[2024-09-08T07:09:35.579+0000] {processor.py:914} INFO - Processing file /home/airflow/.local/lib/python3.12/site-packages/airflow/example_dags/tutorial.py for tasks to queue
[2024-09-08T07:09:35.580+0000] {logging_mixin.py:190} INFO - [2024-09-08T07:09:35.580+0000] {dagbag.py:587} INFO - Filling up the DagBag from /home/airflow/.local/lib/python3.12/site-packages/airflow/example_dags/tutorial.py
[2024-09-08T07:09:35.585+0000] {processor.py:925} INFO - DAG(s) 'tutorial' retrieved from /home/airflow/.local/lib/python3.12/site-packages/airflow/example_dags/tutorial.py
[2024-09-08T07:09:35.596+0000] {logging_mixin.py:190} INFO - [2024-09-08T07:09:35.596+0000] {dag.py:3229} INFO - Sync 1 DAGs
[2024-09-08T07:09:35.609+0000] {logging_mixin.py:190} INFO - [2024-09-08T07:09:35.608+0000] {dag.py:4156} INFO - Setting next_dagrun for tutorial to 2024-09-07 00:00:00+00:00, run_after=2024-09-08 00:00:00+00:00
[2024-09-08T07:09:35.619+0000] {processor.py:208} INFO - Processing /home/airflow/.local/lib/python3.12/site-packages/airflow/example_dags/tutorial.py took 0.043 seconds
[2024-09-08T07:10:06.134+0000] {processor.py:186} INFO - Started process (PID=3820) to work on /home/airflow/.local/lib/python3.12/site-packages/airflow/example_dags/tutorial.py
[2024-09-08T07:10:06.135+0000] {processor.py:914} INFO - Processing file /home/airflow/.local/lib/python3.12/site-packages/airflow/example_dags/tutorial.py for tasks to queue
[2024-09-08T07:10:06.136+0000] {logging_mixin.py:190} INFO - [2024-09-08T07:10:06.136+0000] {dagbag.py:587} INFO - Filling up the DagBag from /home/airflow/.local/lib/python3.12/site-packages/airflow/example_dags/tutorial.py
[2024-09-08T07:10:06.142+0000] {processor.py:925} INFO - DAG(s) 'tutorial' retrieved from /home/airflow/.local/lib/python3.12/site-packages/airflow/example_dags/tutorial.py
[2024-09-08T07:10:06.154+0000] {logging_mixin.py:190} INFO - [2024-09-08T07:10:06.154+0000] {dag.py:3229} INFO - Sync 1 DAGs
[2024-09-08T07:10:06.166+0000] {logging_mixin.py:190} INFO - [2024-09-08T07:10:06.166+0000] {dag.py:4156} INFO - Setting next_dagrun for tutorial to 2024-09-07 00:00:00+00:00, run_after=2024-09-08 00:00:00+00:00
[2024-09-08T07:10:06.177+0000] {processor.py:208} INFO - Processing /home/airflow/.local/lib/python3.12/site-packages/airflow/example_dags/tutorial.py took 0.046 seconds
[2024-09-08T07:10:36.657+0000] {processor.py:186} INFO - Started process (PID=3882) to work on /home/airflow/.local/lib/python3.12/site-packages/airflow/example_dags/tutorial.py
[2024-09-08T07:10:36.658+0000] {processor.py:914} INFO - Processing file /home/airflow/.local/lib/python3.12/site-packages/airflow/example_dags/tutorial.py for tasks to queue
[2024-09-08T07:10:36.659+0000] {logging_mixin.py:190} INFO - [2024-09-08T07:10:36.659+0000] {dagbag.py:587} INFO - Filling up the DagBag from /home/airflow/.local/lib/python3.12/site-packages/airflow/example_dags/tutorial.py
[2024-09-08T07:10:36.663+0000] {processor.py:925} INFO - DAG(s) 'tutorial' retrieved from /home/airflow/.local/lib/python3.12/site-packages/airflow/example_dags/tutorial.py
[2024-09-08T07:10:36.674+0000] {logging_mixin.py:190} INFO - [2024-09-08T07:10:36.674+0000] {dag.py:3229} INFO - Sync 1 DAGs
[2024-09-08T07:10:36.686+0000] {logging_mixin.py:190} INFO - [2024-09-08T07:10:36.686+0000] {dag.py:4156} INFO - Setting next_dagrun for tutorial to 2024-09-07 00:00:00+00:00, run_after=2024-09-08 00:00:00+00:00
[2024-09-08T07:10:36.697+0000] {processor.py:208} INFO - Processing /home/airflow/.local/lib/python3.12/site-packages/airflow/example_dags/tutorial.py took 0.043 seconds
[2024-09-08T07:11:07.144+0000] {processor.py:186} INFO - Started process (PID=3944) to work on /home/airflow/.local/lib/python3.12/site-packages/airflow/example_dags/tutorial.py
[2024-09-08T07:11:07.144+0000] {processor.py:914} INFO - Processing file /home/airflow/.local/lib/python3.12/site-packages/airflow/example_dags/tutorial.py for tasks to queue
[2024-09-08T07:11:07.146+0000] {logging_mixin.py:190} INFO - [2024-09-08T07:11:07.145+0000] {dagbag.py:587} INFO - Filling up the DagBag from /home/airflow/.local/lib/python3.12/site-packages/airflow/example_dags/tutorial.py
[2024-09-08T07:11:07.150+0000] {processor.py:925} INFO - DAG(s) 'tutorial' retrieved from /home/airflow/.local/lib/python3.12/site-packages/airflow/example_dags/tutorial.py
[2024-09-08T07:11:07.162+0000] {logging_mixin.py:190} INFO - [2024-09-08T07:11:07.162+0000] {dag.py:3229} INFO - Sync 1 DAGs
[2024-09-08T07:11:07.174+0000] {logging_mixin.py:190} INFO - [2024-09-08T07:11:07.174+0000] {dag.py:4156} INFO - Setting next_dagrun for tutorial to 2024-09-07 00:00:00+00:00, run_after=2024-09-08 00:00:00+00:00
[2024-09-08T07:11:07.185+0000] {processor.py:208} INFO - Processing /home/airflow/.local/lib/python3.12/site-packages/airflow/example_dags/tutorial.py took 0.045 seconds
[2024-09-08T07:11:37.659+0000] {processor.py:186} INFO - Started process (PID=4006) to work on /home/airflow/.local/lib/python3.12/site-packages/airflow/example_dags/tutorial.py
[2024-09-08T07:11:37.659+0000] {processor.py:914} INFO - Processing file /home/airflow/.local/lib/python3.12/site-packages/airflow/example_dags/tutorial.py for tasks to queue
[2024-09-08T07:11:37.660+0000] {logging_mixin.py:190} INFO - [2024-09-08T07:11:37.660+0000] {dagbag.py:587} INFO - Filling up the DagBag from /home/airflow/.local/lib/python3.12/site-packages/airflow/example_dags/tutorial.py
[2024-09-08T07:11:37.664+0000] {processor.py:925} INFO - DAG(s) 'tutorial' retrieved from /home/airflow/.local/lib/python3.12/site-packages/airflow/example_dags/tutorial.py
[2024-09-08T07:11:37.678+0000] {logging_mixin.py:190} INFO - [2024-09-08T07:11:37.678+0000] {dag.py:3229} INFO - Sync 1 DAGs
[2024-09-08T07:11:37.696+0000] {logging_mixin.py:190} INFO - [2024-09-08T07:11:37.695+0000] {dag.py:4156} INFO - Setting next_dagrun for tutorial to 2024-09-07 00:00:00+00:00, run_after=2024-09-08 00:00:00+00:00
[2024-09-08T07:11:37.709+0000] {processor.py:208} INFO - Processing /home/airflow/.local/lib/python3.12/site-packages/airflow/example_dags/tutorial.py took 0.054 seconds
[2024-09-08T07:16:40.723+0000] {processor.py:186} INFO - Started process (PID=4068) to work on /home/airflow/.local/lib/python3.12/site-packages/airflow/example_dags/tutorial.py
[2024-09-08T07:16:40.724+0000] {processor.py:914} INFO - Processing file /home/airflow/.local/lib/python3.12/site-packages/airflow/example_dags/tutorial.py for tasks to queue
[2024-09-08T07:16:40.725+0000] {logging_mixin.py:190} INFO - [2024-09-08T07:16:40.724+0000] {dagbag.py:587} INFO - Filling up the DagBag from /home/airflow/.local/lib/python3.12/site-packages/airflow/example_dags/tutorial.py
[2024-09-08T07:16:40.729+0000] {processor.py:925} INFO - DAG(s) 'tutorial' retrieved from /home/airflow/.local/lib/python3.12/site-packages/airflow/example_dags/tutorial.py
[2024-09-08T07:16:40.744+0000] {logging_mixin.py:190} INFO - [2024-09-08T07:16:40.744+0000] {dag.py:3229} INFO - Sync 1 DAGs
[2024-09-08T07:16:40.759+0000] {logging_mixin.py:190} INFO - [2024-09-08T07:16:40.759+0000] {dag.py:4156} INFO - Setting next_dagrun for tutorial to 2024-09-07 00:00:00+00:00, run_after=2024-09-08 00:00:00+00:00
[2024-09-08T07:16:40.770+0000] {processor.py:208} INFO - Processing /home/airflow/.local/lib/python3.12/site-packages/airflow/example_dags/tutorial.py took 0.050 seconds
[2024-09-08T07:17:11.253+0000] {processor.py:186} INFO - Started process (PID=4130) to work on /home/airflow/.local/lib/python3.12/site-packages/airflow/example_dags/tutorial.py
[2024-09-08T07:17:11.254+0000] {processor.py:914} INFO - Processing file /home/airflow/.local/lib/python3.12/site-packages/airflow/example_dags/tutorial.py for tasks to queue
[2024-09-08T07:17:11.256+0000] {logging_mixin.py:190} INFO - [2024-09-08T07:17:11.256+0000] {dagbag.py:587} INFO - Filling up the DagBag from /home/airflow/.local/lib/python3.12/site-packages/airflow/example_dags/tutorial.py
[2024-09-08T07:17:11.262+0000] {processor.py:925} INFO - DAG(s) 'tutorial' retrieved from /home/airflow/.local/lib/python3.12/site-packages/airflow/example_dags/tutorial.py
[2024-09-08T07:17:11.279+0000] {logging_mixin.py:190} INFO - [2024-09-08T07:17:11.279+0000] {dag.py:3229} INFO - Sync 1 DAGs
[2024-09-08T07:17:11.301+0000] {logging_mixin.py:190} INFO - [2024-09-08T07:17:11.301+0000] {dag.py:4156} INFO - Setting next_dagrun for tutorial to 2024-09-07 00:00:00+00:00, run_after=2024-09-08 00:00:00+00:00
[2024-09-08T07:17:11.317+0000] {processor.py:208} INFO - Processing /home/airflow/.local/lib/python3.12/site-packages/airflow/example_dags/tutorial.py took 0.069 seconds
[2024-09-08T07:17:41.801+0000] {processor.py:186} INFO - Started process (PID=4192) to work on /home/airflow/.local/lib/python3.12/site-packages/airflow/example_dags/tutorial.py
[2024-09-08T07:17:41.801+0000] {processor.py:914} INFO - Processing file /home/airflow/.local/lib/python3.12/site-packages/airflow/example_dags/tutorial.py for tasks to queue
[2024-09-08T07:17:41.802+0000] {logging_mixin.py:190} INFO - [2024-09-08T07:17:41.802+0000] {dagbag.py:587} INFO - Filling up the DagBag from /home/airflow/.local/lib/python3.12/site-packages/airflow/example_dags/tutorial.py
[2024-09-08T07:17:41.807+0000] {processor.py:925} INFO - DAG(s) 'tutorial' retrieved from /home/airflow/.local/lib/python3.12/site-packages/airflow/example_dags/tutorial.py
[2024-09-08T07:17:41.820+0000] {logging_mixin.py:190} INFO - [2024-09-08T07:17:41.819+0000] {dag.py:3229} INFO - Sync 1 DAGs
[2024-09-08T07:17:41.835+0000] {logging_mixin.py:190} INFO - [2024-09-08T07:17:41.835+0000] {dag.py:4156} INFO - Setting next_dagrun for tutorial to 2024-09-07 00:00:00+00:00, run_after=2024-09-08 00:00:00+00:00
[2024-09-08T07:17:41.849+0000] {processor.py:208} INFO - Processing /home/airflow/.local/lib/python3.12/site-packages/airflow/example_dags/tutorial.py took 0.052 seconds
[2024-09-08T07:18:12.270+0000] {processor.py:186} INFO - Started process (PID=4254) to work on /home/airflow/.local/lib/python3.12/site-packages/airflow/example_dags/tutorial.py
[2024-09-08T07:18:12.271+0000] {processor.py:914} INFO - Processing file /home/airflow/.local/lib/python3.12/site-packages/airflow/example_dags/tutorial.py for tasks to queue
[2024-09-08T07:18:12.273+0000] {logging_mixin.py:190} INFO - [2024-09-08T07:18:12.272+0000] {dagbag.py:587} INFO - Filling up the DagBag from /home/airflow/.local/lib/python3.12/site-packages/airflow/example_dags/tutorial.py
[2024-09-08T07:18:12.277+0000] {processor.py:925} INFO - DAG(s) 'tutorial' retrieved from /home/airflow/.local/lib/python3.12/site-packages/airflow/example_dags/tutorial.py
[2024-09-08T07:18:12.289+0000] {logging_mixin.py:190} INFO - [2024-09-08T07:18:12.289+0000] {dag.py:3229} INFO - Sync 1 DAGs
[2024-09-08T07:18:12.303+0000] {logging_mixin.py:190} INFO - [2024-09-08T07:18:12.303+0000] {dag.py:4156} INFO - Setting next_dagrun for tutorial to 2024-09-07 00:00:00+00:00, run_after=2024-09-08 00:00:00+00:00
[2024-09-08T07:18:12.312+0000] {processor.py:208} INFO - Processing /home/airflow/.local/lib/python3.12/site-packages/airflow/example_dags/tutorial.py took 0.046 seconds
[2024-09-08T07:18:42.957+0000] {processor.py:186} INFO - Started process (PID=4315) to work on /home/airflow/.local/lib/python3.12/site-packages/airflow/example_dags/tutorial.py
[2024-09-08T07:18:42.958+0000] {processor.py:914} INFO - Processing file /home/airflow/.local/lib/python3.12/site-packages/airflow/example_dags/tutorial.py for tasks to queue
[2024-09-08T07:18:42.959+0000] {logging_mixin.py:190} INFO - [2024-09-08T07:18:42.959+0000] {dagbag.py:587} INFO - Filling up the DagBag from /home/airflow/.local/lib/python3.12/site-packages/airflow/example_dags/tutorial.py
[2024-09-08T07:18:42.964+0000] {processor.py:925} INFO - DAG(s) 'tutorial' retrieved from /home/airflow/.local/lib/python3.12/site-packages/airflow/example_dags/tutorial.py
[2024-09-08T07:18:42.978+0000] {logging_mixin.py:190} INFO - [2024-09-08T07:18:42.978+0000] {dag.py:3229} INFO - Sync 1 DAGs
[2024-09-08T07:18:42.996+0000] {logging_mixin.py:190} INFO - [2024-09-08T07:18:42.996+0000] {dag.py:4156} INFO - Setting next_dagrun for tutorial to 2024-09-07 00:00:00+00:00, run_after=2024-09-08 00:00:00+00:00
[2024-09-08T07:18:43.011+0000] {processor.py:208} INFO - Processing /home/airflow/.local/lib/python3.12/site-packages/airflow/example_dags/tutorial.py took 0.057 seconds
[2024-09-08T07:19:13.597+0000] {processor.py:186} INFO - Started process (PID=4378) to work on /home/airflow/.local/lib/python3.12/site-packages/airflow/example_dags/tutorial.py
[2024-09-08T07:19:13.597+0000] {processor.py:914} INFO - Processing file /home/airflow/.local/lib/python3.12/site-packages/airflow/example_dags/tutorial.py for tasks to queue
[2024-09-08T07:19:13.599+0000] {logging_mixin.py:190} INFO - [2024-09-08T07:19:13.599+0000] {dagbag.py:587} INFO - Filling up the DagBag from /home/airflow/.local/lib/python3.12/site-packages/airflow/example_dags/tutorial.py
[2024-09-08T07:19:13.605+0000] {processor.py:925} INFO - DAG(s) 'tutorial' retrieved from /home/airflow/.local/lib/python3.12/site-packages/airflow/example_dags/tutorial.py
[2024-09-08T07:19:13.620+0000] {logging_mixin.py:190} INFO - [2024-09-08T07:19:13.620+0000] {dag.py:3229} INFO - Sync 1 DAGs
[2024-09-08T07:19:13.637+0000] {logging_mixin.py:190} INFO - [2024-09-08T07:19:13.637+0000] {dag.py:4156} INFO - Setting next_dagrun for tutorial to 2024-09-07 00:00:00+00:00, run_after=2024-09-08 00:00:00+00:00
[2024-09-08T07:19:13.650+0000] {processor.py:208} INFO - Processing /home/airflow/.local/lib/python3.12/site-packages/airflow/example_dags/tutorial.py took 0.057 seconds
[2024-09-08T07:19:44.422+0000] {processor.py:186} INFO - Started process (PID=4440) to work on /home/airflow/.local/lib/python3.12/site-packages/airflow/example_dags/tutorial.py
[2024-09-08T07:19:44.423+0000] {processor.py:914} INFO - Processing file /home/airflow/.local/lib/python3.12/site-packages/airflow/example_dags/tutorial.py for tasks to queue
[2024-09-08T07:19:44.425+0000] {logging_mixin.py:190} INFO - [2024-09-08T07:19:44.425+0000] {dagbag.py:587} INFO - Filling up the DagBag from /home/airflow/.local/lib/python3.12/site-packages/airflow/example_dags/tutorial.py
[2024-09-08T07:19:44.430+0000] {processor.py:925} INFO - DAG(s) 'tutorial' retrieved from /home/airflow/.local/lib/python3.12/site-packages/airflow/example_dags/tutorial.py
[2024-09-08T07:19:44.445+0000] {logging_mixin.py:190} INFO - [2024-09-08T07:19:44.445+0000] {dag.py:3229} INFO - Sync 1 DAGs
[2024-09-08T07:19:44.461+0000] {logging_mixin.py:190} INFO - [2024-09-08T07:19:44.461+0000] {dag.py:4156} INFO - Setting next_dagrun for tutorial to 2024-09-07 00:00:00+00:00, run_after=2024-09-08 00:00:00+00:00
[2024-09-08T07:19:44.474+0000] {processor.py:208} INFO - Processing /home/airflow/.local/lib/python3.12/site-packages/airflow/example_dags/tutorial.py took 0.056 seconds
[2024-09-08T07:20:14.995+0000] {processor.py:186} INFO - Started process (PID=4502) to work on /home/airflow/.local/lib/python3.12/site-packages/airflow/example_dags/tutorial.py
[2024-09-08T07:20:14.995+0000] {processor.py:914} INFO - Processing file /home/airflow/.local/lib/python3.12/site-packages/airflow/example_dags/tutorial.py for tasks to queue
[2024-09-08T07:20:14.996+0000] {logging_mixin.py:190} INFO - [2024-09-08T07:20:14.996+0000] {dagbag.py:587} INFO - Filling up the DagBag from /home/airflow/.local/lib/python3.12/site-packages/airflow/example_dags/tutorial.py
[2024-09-08T07:20:15.000+0000] {processor.py:925} INFO - DAG(s) 'tutorial' retrieved from /home/airflow/.local/lib/python3.12/site-packages/airflow/example_dags/tutorial.py
[2024-09-08T07:20:15.012+0000] {logging_mixin.py:190} INFO - [2024-09-08T07:20:15.012+0000] {dag.py:3229} INFO - Sync 1 DAGs
[2024-09-08T07:20:15.024+0000] {logging_mixin.py:190} INFO - [2024-09-08T07:20:15.023+0000] {dag.py:4156} INFO - Setting next_dagrun for tutorial to 2024-09-07 00:00:00+00:00, run_after=2024-09-08 00:00:00+00:00
[2024-09-08T07:20:15.034+0000] {processor.py:208} INFO - Processing /home/airflow/.local/lib/python3.12/site-packages/airflow/example_dags/tutorial.py took 0.042 seconds
[2024-09-08T07:20:45.423+0000] {processor.py:186} INFO - Started process (PID=4564) to work on /home/airflow/.local/lib/python3.12/site-packages/airflow/example_dags/tutorial.py
[2024-09-08T07:20:45.423+0000] {processor.py:914} INFO - Processing file /home/airflow/.local/lib/python3.12/site-packages/airflow/example_dags/tutorial.py for tasks to queue
[2024-09-08T07:20:45.424+0000] {logging_mixin.py:190} INFO - [2024-09-08T07:20:45.424+0000] {dagbag.py:587} INFO - Filling up the DagBag from /home/airflow/.local/lib/python3.12/site-packages/airflow/example_dags/tutorial.py
[2024-09-08T07:20:45.429+0000] {processor.py:925} INFO - DAG(s) 'tutorial' retrieved from /home/airflow/.local/lib/python3.12/site-packages/airflow/example_dags/tutorial.py
[2024-09-08T07:20:45.442+0000] {logging_mixin.py:190} INFO - [2024-09-08T07:20:45.442+0000] {dag.py:3229} INFO - Sync 1 DAGs
[2024-09-08T07:20:45.460+0000] {logging_mixin.py:190} INFO - [2024-09-08T07:20:45.460+0000] {dag.py:4156} INFO - Setting next_dagrun for tutorial to 2024-09-07 00:00:00+00:00, run_after=2024-09-08 00:00:00+00:00
[2024-09-08T07:20:45.474+0000] {processor.py:208} INFO - Processing /home/airflow/.local/lib/python3.12/site-packages/airflow/example_dags/tutorial.py took 0.056 seconds
[2024-09-08T07:21:15.935+0000] {processor.py:186} INFO - Started process (PID=4626) to work on /home/airflow/.local/lib/python3.12/site-packages/airflow/example_dags/tutorial.py
[2024-09-08T07:21:15.936+0000] {processor.py:914} INFO - Processing file /home/airflow/.local/lib/python3.12/site-packages/airflow/example_dags/tutorial.py for tasks to queue
[2024-09-08T07:21:15.937+0000] {logging_mixin.py:190} INFO - [2024-09-08T07:21:15.937+0000] {dagbag.py:587} INFO - Filling up the DagBag from /home/airflow/.local/lib/python3.12/site-packages/airflow/example_dags/tutorial.py
[2024-09-08T07:21:15.941+0000] {processor.py:925} INFO - DAG(s) 'tutorial' retrieved from /home/airflow/.local/lib/python3.12/site-packages/airflow/example_dags/tutorial.py
[2024-09-08T07:21:15.953+0000] {logging_mixin.py:190} INFO - [2024-09-08T07:21:15.953+0000] {dag.py:3229} INFO - Sync 1 DAGs
[2024-09-08T07:21:15.965+0000] {logging_mixin.py:190} INFO - [2024-09-08T07:21:15.965+0000] {dag.py:4156} INFO - Setting next_dagrun for tutorial to 2024-09-07 00:00:00+00:00, run_after=2024-09-08 00:00:00+00:00
[2024-09-08T07:21:15.977+0000] {processor.py:208} INFO - Processing /home/airflow/.local/lib/python3.12/site-packages/airflow/example_dags/tutorial.py took 0.045 seconds
