[2024-09-09T11:33:38.432+0000] {processor.py:186} INFO - Started process (PID=80) to work on /home/airflow/.local/lib/python3.12/site-packages/airflow/example_dags/example_time_delta_sensor_async.py
[2024-09-09T11:33:38.432+0000] {processor.py:914} INFO - Processing file /home/airflow/.local/lib/python3.12/site-packages/airflow/example_dags/example_time_delta_sensor_async.py for tasks to queue
[2024-09-09T11:33:38.433+0000] {logging_mixin.py:190} INFO - [2024-09-09T11:33:38.433+0000] {dagbag.py:587} INFO - Filling up the DagBag from /home/airflow/.local/lib/python3.12/site-packages/airflow/example_dags/example_time_delta_sensor_async.py
[2024-09-09T11:33:38.437+0000] {processor.py:925} INFO - DAG(s) 'example_time_delta_sensor_async' retrieved from /home/airflow/.local/lib/python3.12/site-packages/airflow/example_dags/example_time_delta_sensor_async.py
[2024-09-09T11:33:38.780+0000] {logging_mixin.py:190} INFO - [2024-09-09T11:33:38.779+0000] {dag.py:3229} INFO - Sync 1 DAGs
[2024-09-09T11:33:38.789+0000] {logging_mixin.py:190} INFO - [2024-09-09T11:33:38.789+0000] {dag.py:4156} INFO - Setting next_dagrun for example_time_delta_sensor_async to None, run_after=None
[2024-09-09T11:33:38.809+0000] {processor.py:208} INFO - Processing /home/airflow/.local/lib/python3.12/site-packages/airflow/example_dags/example_time_delta_sensor_async.py took 0.380 seconds
[2024-09-09T11:34:10.107+0000] {processor.py:186} INFO - Started process (PID=142) to work on /home/airflow/.local/lib/python3.12/site-packages/airflow/example_dags/example_time_delta_sensor_async.py
[2024-09-09T11:34:10.110+0000] {processor.py:914} INFO - Processing file /home/airflow/.local/lib/python3.12/site-packages/airflow/example_dags/example_time_delta_sensor_async.py for tasks to queue
[2024-09-09T11:34:10.112+0000] {logging_mixin.py:190} INFO - [2024-09-09T11:34:10.112+0000] {dagbag.py:587} INFO - Filling up the DagBag from /home/airflow/.local/lib/python3.12/site-packages/airflow/example_dags/example_time_delta_sensor_async.py
[2024-09-09T11:34:10.116+0000] {processor.py:925} INFO - DAG(s) 'example_time_delta_sensor_async' retrieved from /home/airflow/.local/lib/python3.12/site-packages/airflow/example_dags/example_time_delta_sensor_async.py
[2024-09-09T11:34:10.446+0000] {logging_mixin.py:190} INFO - [2024-09-09T11:34:10.446+0000] {dag.py:3229} INFO - Sync 1 DAGs
[2024-09-09T11:34:10.458+0000] {logging_mixin.py:190} INFO - [2024-09-09T11:34:10.458+0000] {dag.py:4156} INFO - Setting next_dagrun for example_time_delta_sensor_async to None, run_after=None
[2024-09-09T11:34:10.470+0000] {processor.py:208} INFO - Processing /home/airflow/.local/lib/python3.12/site-packages/airflow/example_dags/example_time_delta_sensor_async.py took 0.367 seconds
[2024-09-09T11:34:41.878+0000] {processor.py:186} INFO - Started process (PID=204) to work on /home/airflow/.local/lib/python3.12/site-packages/airflow/example_dags/example_time_delta_sensor_async.py
[2024-09-09T11:34:41.879+0000] {processor.py:914} INFO - Processing file /home/airflow/.local/lib/python3.12/site-packages/airflow/example_dags/example_time_delta_sensor_async.py for tasks to queue
[2024-09-09T11:34:41.879+0000] {logging_mixin.py:190} INFO - [2024-09-09T11:34:41.879+0000] {dagbag.py:587} INFO - Filling up the DagBag from /home/airflow/.local/lib/python3.12/site-packages/airflow/example_dags/example_time_delta_sensor_async.py
[2024-09-09T11:34:41.883+0000] {processor.py:925} INFO - DAG(s) 'example_time_delta_sensor_async' retrieved from /home/airflow/.local/lib/python3.12/site-packages/airflow/example_dags/example_time_delta_sensor_async.py
[2024-09-09T11:34:42.103+0000] {logging_mixin.py:190} INFO - [2024-09-09T11:34:42.103+0000] {dag.py:3229} INFO - Sync 1 DAGs
[2024-09-09T11:34:42.111+0000] {logging_mixin.py:190} INFO - [2024-09-09T11:34:42.111+0000] {dag.py:4156} INFO - Setting next_dagrun for example_time_delta_sensor_async to None, run_after=None
[2024-09-09T11:34:42.128+0000] {processor.py:208} INFO - Processing /home/airflow/.local/lib/python3.12/site-packages/airflow/example_dags/example_time_delta_sensor_async.py took 0.254 seconds
[2024-09-09T11:35:12.545+0000] {processor.py:186} INFO - Started process (PID=265) to work on /home/airflow/.local/lib/python3.12/site-packages/airflow/example_dags/example_time_delta_sensor_async.py
[2024-09-09T11:35:12.546+0000] {processor.py:914} INFO - Processing file /home/airflow/.local/lib/python3.12/site-packages/airflow/example_dags/example_time_delta_sensor_async.py for tasks to queue
[2024-09-09T11:35:12.546+0000] {logging_mixin.py:190} INFO - [2024-09-09T11:35:12.546+0000] {dagbag.py:587} INFO - Filling up the DagBag from /home/airflow/.local/lib/python3.12/site-packages/airflow/example_dags/example_time_delta_sensor_async.py
[2024-09-09T11:35:12.550+0000] {processor.py:925} INFO - DAG(s) 'example_time_delta_sensor_async' retrieved from /home/airflow/.local/lib/python3.12/site-packages/airflow/example_dags/example_time_delta_sensor_async.py
[2024-09-09T11:35:12.797+0000] {logging_mixin.py:190} INFO - [2024-09-09T11:35:12.797+0000] {dag.py:3229} INFO - Sync 1 DAGs
[2024-09-09T11:35:12.804+0000] {logging_mixin.py:190} INFO - [2024-09-09T11:35:12.804+0000] {dag.py:4156} INFO - Setting next_dagrun for example_time_delta_sensor_async to None, run_after=None
[2024-09-09T11:35:12.815+0000] {processor.py:208} INFO - Processing /home/airflow/.local/lib/python3.12/site-packages/airflow/example_dags/example_time_delta_sensor_async.py took 0.273 seconds
[2024-09-09T11:35:43.304+0000] {processor.py:186} INFO - Started process (PID=327) to work on /home/airflow/.local/lib/python3.12/site-packages/airflow/example_dags/example_time_delta_sensor_async.py
[2024-09-09T11:35:43.305+0000] {processor.py:914} INFO - Processing file /home/airflow/.local/lib/python3.12/site-packages/airflow/example_dags/example_time_delta_sensor_async.py for tasks to queue
[2024-09-09T11:35:43.305+0000] {logging_mixin.py:190} INFO - [2024-09-09T11:35:43.305+0000] {dagbag.py:587} INFO - Filling up the DagBag from /home/airflow/.local/lib/python3.12/site-packages/airflow/example_dags/example_time_delta_sensor_async.py
[2024-09-09T11:35:43.310+0000] {processor.py:925} INFO - DAG(s) 'example_time_delta_sensor_async' retrieved from /home/airflow/.local/lib/python3.12/site-packages/airflow/example_dags/example_time_delta_sensor_async.py
[2024-09-09T11:35:43.322+0000] {logging_mixin.py:190} INFO - [2024-09-09T11:35:43.322+0000] {dag.py:3229} INFO - Sync 1 DAGs
[2024-09-09T11:35:43.330+0000] {logging_mixin.py:190} INFO - [2024-09-09T11:35:43.330+0000] {dag.py:4156} INFO - Setting next_dagrun for example_time_delta_sensor_async to None, run_after=None
[2024-09-09T11:35:43.339+0000] {processor.py:208} INFO - Processing /home/airflow/.local/lib/python3.12/site-packages/airflow/example_dags/example_time_delta_sensor_async.py took 0.039 seconds
[2024-09-09T11:36:13.551+0000] {processor.py:186} INFO - Started process (PID=388) to work on /home/airflow/.local/lib/python3.12/site-packages/airflow/example_dags/example_time_delta_sensor_async.py
[2024-09-09T11:36:13.551+0000] {processor.py:914} INFO - Processing file /home/airflow/.local/lib/python3.12/site-packages/airflow/example_dags/example_time_delta_sensor_async.py for tasks to queue
[2024-09-09T11:36:13.552+0000] {logging_mixin.py:190} INFO - [2024-09-09T11:36:13.552+0000] {dagbag.py:587} INFO - Filling up the DagBag from /home/airflow/.local/lib/python3.12/site-packages/airflow/example_dags/example_time_delta_sensor_async.py
[2024-09-09T11:36:13.555+0000] {processor.py:925} INFO - DAG(s) 'example_time_delta_sensor_async' retrieved from /home/airflow/.local/lib/python3.12/site-packages/airflow/example_dags/example_time_delta_sensor_async.py
[2024-09-09T11:36:13.778+0000] {logging_mixin.py:190} INFO - [2024-09-09T11:36:13.778+0000] {dag.py:3229} INFO - Sync 1 DAGs
[2024-09-09T11:36:13.788+0000] {logging_mixin.py:190} INFO - [2024-09-09T11:36:13.788+0000] {dag.py:4156} INFO - Setting next_dagrun for example_time_delta_sensor_async to None, run_after=None
[2024-09-09T11:36:13.799+0000] {processor.py:208} INFO - Processing /home/airflow/.local/lib/python3.12/site-packages/airflow/example_dags/example_time_delta_sensor_async.py took 0.252 seconds
[2024-09-09T12:13:05.398+0000] {processor.py:186} INFO - Started process (PID=81) to work on /home/airflow/.local/lib/python3.12/site-packages/airflow/example_dags/example_time_delta_sensor_async.py
[2024-09-09T12:13:05.398+0000] {processor.py:914} INFO - Processing file /home/airflow/.local/lib/python3.12/site-packages/airflow/example_dags/example_time_delta_sensor_async.py for tasks to queue
[2024-09-09T12:13:05.400+0000] {logging_mixin.py:190} INFO - [2024-09-09T12:13:05.400+0000] {dagbag.py:587} INFO - Filling up the DagBag from /home/airflow/.local/lib/python3.12/site-packages/airflow/example_dags/example_time_delta_sensor_async.py
[2024-09-09T12:13:05.405+0000] {processor.py:925} INFO - DAG(s) 'example_time_delta_sensor_async' retrieved from /home/airflow/.local/lib/python3.12/site-packages/airflow/example_dags/example_time_delta_sensor_async.py
[2024-09-09T12:13:05.420+0000] {logging_mixin.py:190} INFO - [2024-09-09T12:13:05.420+0000] {dag.py:3229} INFO - Sync 1 DAGs
[2024-09-09T12:13:05.432+0000] {logging_mixin.py:190} INFO - [2024-09-09T12:13:05.432+0000] {dag.py:4156} INFO - Setting next_dagrun for example_time_delta_sensor_async to None, run_after=None
[2024-09-09T12:13:05.445+0000] {processor.py:208} INFO - Processing /home/airflow/.local/lib/python3.12/site-packages/airflow/example_dags/example_time_delta_sensor_async.py took 0.051 seconds
[2024-09-09T12:13:35.902+0000] {processor.py:186} INFO - Started process (PID=143) to work on /home/airflow/.local/lib/python3.12/site-packages/airflow/example_dags/example_time_delta_sensor_async.py
[2024-09-09T12:13:35.902+0000] {processor.py:914} INFO - Processing file /home/airflow/.local/lib/python3.12/site-packages/airflow/example_dags/example_time_delta_sensor_async.py for tasks to queue
[2024-09-09T12:13:35.903+0000] {logging_mixin.py:190} INFO - [2024-09-09T12:13:35.903+0000] {dagbag.py:587} INFO - Filling up the DagBag from /home/airflow/.local/lib/python3.12/site-packages/airflow/example_dags/example_time_delta_sensor_async.py
[2024-09-09T12:13:35.907+0000] {processor.py:925} INFO - DAG(s) 'example_time_delta_sensor_async' retrieved from /home/airflow/.local/lib/python3.12/site-packages/airflow/example_dags/example_time_delta_sensor_async.py
[2024-09-09T12:13:35.919+0000] {logging_mixin.py:190} INFO - [2024-09-09T12:13:35.919+0000] {dag.py:3229} INFO - Sync 1 DAGs
[2024-09-09T12:13:35.929+0000] {logging_mixin.py:190} INFO - [2024-09-09T12:13:35.929+0000] {dag.py:4156} INFO - Setting next_dagrun for example_time_delta_sensor_async to None, run_after=None
[2024-09-09T12:13:35.940+0000] {processor.py:208} INFO - Processing /home/airflow/.local/lib/python3.12/site-packages/airflow/example_dags/example_time_delta_sensor_async.py took 0.041 seconds
[2024-09-09T12:14:06.392+0000] {processor.py:186} INFO - Started process (PID=205) to work on /home/airflow/.local/lib/python3.12/site-packages/airflow/example_dags/example_time_delta_sensor_async.py
[2024-09-09T12:14:06.393+0000] {processor.py:914} INFO - Processing file /home/airflow/.local/lib/python3.12/site-packages/airflow/example_dags/example_time_delta_sensor_async.py for tasks to queue
[2024-09-09T12:14:06.395+0000] {logging_mixin.py:190} INFO - [2024-09-09T12:14:06.394+0000] {dagbag.py:587} INFO - Filling up the DagBag from /home/airflow/.local/lib/python3.12/site-packages/airflow/example_dags/example_time_delta_sensor_async.py
[2024-09-09T12:14:06.399+0000] {processor.py:925} INFO - DAG(s) 'example_time_delta_sensor_async' retrieved from /home/airflow/.local/lib/python3.12/site-packages/airflow/example_dags/example_time_delta_sensor_async.py
[2024-09-09T12:14:06.411+0000] {logging_mixin.py:190} INFO - [2024-09-09T12:14:06.411+0000] {dag.py:3229} INFO - Sync 1 DAGs
[2024-09-09T12:14:06.419+0000] {logging_mixin.py:190} INFO - [2024-09-09T12:14:06.419+0000] {dag.py:4156} INFO - Setting next_dagrun for example_time_delta_sensor_async to None, run_after=None
[2024-09-09T12:14:06.433+0000] {processor.py:208} INFO - Processing /home/airflow/.local/lib/python3.12/site-packages/airflow/example_dags/example_time_delta_sensor_async.py took 0.044 seconds
[2024-09-09T12:14:36.787+0000] {processor.py:186} INFO - Started process (PID=267) to work on /home/airflow/.local/lib/python3.12/site-packages/airflow/example_dags/example_time_delta_sensor_async.py
[2024-09-09T12:14:36.788+0000] {processor.py:914} INFO - Processing file /home/airflow/.local/lib/python3.12/site-packages/airflow/example_dags/example_time_delta_sensor_async.py for tasks to queue
[2024-09-09T12:14:36.789+0000] {logging_mixin.py:190} INFO - [2024-09-09T12:14:36.789+0000] {dagbag.py:587} INFO - Filling up the DagBag from /home/airflow/.local/lib/python3.12/site-packages/airflow/example_dags/example_time_delta_sensor_async.py
[2024-09-09T12:14:36.792+0000] {processor.py:925} INFO - DAG(s) 'example_time_delta_sensor_async' retrieved from /home/airflow/.local/lib/python3.12/site-packages/airflow/example_dags/example_time_delta_sensor_async.py
[2024-09-09T12:14:36.804+0000] {logging_mixin.py:190} INFO - [2024-09-09T12:14:36.804+0000] {dag.py:3229} INFO - Sync 1 DAGs
[2024-09-09T12:14:36.812+0000] {logging_mixin.py:190} INFO - [2024-09-09T12:14:36.812+0000] {dag.py:4156} INFO - Setting next_dagrun for example_time_delta_sensor_async to None, run_after=None
[2024-09-09T12:14:36.821+0000] {processor.py:208} INFO - Processing /home/airflow/.local/lib/python3.12/site-packages/airflow/example_dags/example_time_delta_sensor_async.py took 0.038 seconds
[2024-09-09T12:15:07.240+0000] {processor.py:186} INFO - Started process (PID=329) to work on /home/airflow/.local/lib/python3.12/site-packages/airflow/example_dags/example_time_delta_sensor_async.py
[2024-09-09T12:15:07.240+0000] {processor.py:914} INFO - Processing file /home/airflow/.local/lib/python3.12/site-packages/airflow/example_dags/example_time_delta_sensor_async.py for tasks to queue
[2024-09-09T12:15:07.242+0000] {logging_mixin.py:190} INFO - [2024-09-09T12:15:07.241+0000] {dagbag.py:587} INFO - Filling up the DagBag from /home/airflow/.local/lib/python3.12/site-packages/airflow/example_dags/example_time_delta_sensor_async.py
[2024-09-09T12:15:07.246+0000] {processor.py:925} INFO - DAG(s) 'example_time_delta_sensor_async' retrieved from /home/airflow/.local/lib/python3.12/site-packages/airflow/example_dags/example_time_delta_sensor_async.py
[2024-09-09T12:15:07.259+0000] {logging_mixin.py:190} INFO - [2024-09-09T12:15:07.259+0000] {dag.py:3229} INFO - Sync 1 DAGs
[2024-09-09T12:15:07.271+0000] {logging_mixin.py:190} INFO - [2024-09-09T12:15:07.270+0000] {dag.py:4156} INFO - Setting next_dagrun for example_time_delta_sensor_async to None, run_after=None
[2024-09-09T12:15:07.283+0000] {processor.py:208} INFO - Processing /home/airflow/.local/lib/python3.12/site-packages/airflow/example_dags/example_time_delta_sensor_async.py took 0.047 seconds
