[2024-09-09T11:33:36.661+0000] {processor.py:186} INFO - Started process (PID=73) to work on /home/airflow/.local/lib/python3.12/site-packages/airflow/example_dags/example_dag_decorator.py
[2024-09-09T11:33:36.662+0000] {processor.py:914} INFO - Processing file /home/airflow/.local/lib/python3.12/site-packages/airflow/example_dags/example_dag_decorator.py for tasks to queue
[2024-09-09T11:33:36.663+0000] {logging_mixin.py:190} INFO - [2024-09-09T11:33:36.662+0000] {dagbag.py:587} INFO - Filling up the DagBag from /home/airflow/.local/lib/python3.12/site-packages/airflow/example_dags/example_dag_decorator.py
[2024-09-09T11:33:36.669+0000] {processor.py:925} INFO - DAG(s) 'example_dag_decorator' retrieved from /home/airflow/.local/lib/python3.12/site-packages/airflow/example_dags/example_dag_decorator.py
[2024-09-09T11:33:36.729+0000] {logging_mixin.py:190} INFO - [2024-09-09T11:33:36.729+0000] {dag.py:3229} INFO - Sync 1 DAGs
[2024-09-09T11:33:36.735+0000] {logging_mixin.py:190} INFO - [2024-09-09T11:33:36.735+0000] {dag.py:4156} INFO - Setting next_dagrun for example_dag_decorator to None, run_after=None
[2024-09-09T11:33:36.747+0000] {processor.py:208} INFO - Processing /home/airflow/.local/lib/python3.12/site-packages/airflow/example_dags/example_dag_decorator.py took 0.089 seconds
[2024-09-09T11:34:08.165+0000] {processor.py:186} INFO - Started process (PID=134) to work on /home/airflow/.local/lib/python3.12/site-packages/airflow/example_dags/example_dag_decorator.py
[2024-09-09T11:34:08.165+0000] {processor.py:914} INFO - Processing file /home/airflow/.local/lib/python3.12/site-packages/airflow/example_dags/example_dag_decorator.py for tasks to queue
[2024-09-09T11:34:08.166+0000] {logging_mixin.py:190} INFO - [2024-09-09T11:34:08.166+0000] {dagbag.py:587} INFO - Filling up the DagBag from /home/airflow/.local/lib/python3.12/site-packages/airflow/example_dags/example_dag_decorator.py
[2024-09-09T11:34:08.172+0000] {processor.py:925} INFO - DAG(s) 'example_dag_decorator' retrieved from /home/airflow/.local/lib/python3.12/site-packages/airflow/example_dags/example_dag_decorator.py
[2024-09-09T11:34:08.229+0000] {logging_mixin.py:190} INFO - [2024-09-09T11:34:08.229+0000] {dag.py:3229} INFO - Sync 1 DAGs
[2024-09-09T11:34:08.235+0000] {logging_mixin.py:190} INFO - [2024-09-09T11:34:08.235+0000] {dag.py:4156} INFO - Setting next_dagrun for example_dag_decorator to None, run_after=None
[2024-09-09T11:34:08.245+0000] {processor.py:208} INFO - Processing /home/airflow/.local/lib/python3.12/site-packages/airflow/example_dags/example_dag_decorator.py took 0.083 seconds
[2024-09-09T11:34:40.635+0000] {processor.py:186} INFO - Started process (PID=197) to work on /home/airflow/.local/lib/python3.12/site-packages/airflow/example_dags/example_dag_decorator.py
[2024-09-09T11:34:40.635+0000] {processor.py:914} INFO - Processing file /home/airflow/.local/lib/python3.12/site-packages/airflow/example_dags/example_dag_decorator.py for tasks to queue
[2024-09-09T11:34:40.636+0000] {logging_mixin.py:190} INFO - [2024-09-09T11:34:40.636+0000] {dagbag.py:587} INFO - Filling up the DagBag from /home/airflow/.local/lib/python3.12/site-packages/airflow/example_dags/example_dag_decorator.py
[2024-09-09T11:34:40.642+0000] {processor.py:925} INFO - DAG(s) 'example_dag_decorator' retrieved from /home/airflow/.local/lib/python3.12/site-packages/airflow/example_dags/example_dag_decorator.py
[2024-09-09T11:34:40.701+0000] {logging_mixin.py:190} INFO - [2024-09-09T11:34:40.701+0000] {dag.py:3229} INFO - Sync 1 DAGs
[2024-09-09T11:34:40.707+0000] {logging_mixin.py:190} INFO - [2024-09-09T11:34:40.707+0000] {dag.py:4156} INFO - Setting next_dagrun for example_dag_decorator to None, run_after=None
[2024-09-09T11:34:40.716+0000] {processor.py:208} INFO - Processing /home/airflow/.local/lib/python3.12/site-packages/airflow/example_dags/example_dag_decorator.py took 0.085 seconds
[2024-09-09T11:35:11.486+0000] {processor.py:186} INFO - Started process (PID=259) to work on /home/airflow/.local/lib/python3.12/site-packages/airflow/example_dags/example_dag_decorator.py
[2024-09-09T11:35:11.486+0000] {processor.py:914} INFO - Processing file /home/airflow/.local/lib/python3.12/site-packages/airflow/example_dags/example_dag_decorator.py for tasks to queue
[2024-09-09T11:35:11.487+0000] {logging_mixin.py:190} INFO - [2024-09-09T11:35:11.486+0000] {dagbag.py:587} INFO - Filling up the DagBag from /home/airflow/.local/lib/python3.12/site-packages/airflow/example_dags/example_dag_decorator.py
[2024-09-09T11:35:11.493+0000] {processor.py:925} INFO - DAG(s) 'example_dag_decorator' retrieved from /home/airflow/.local/lib/python3.12/site-packages/airflow/example_dags/example_dag_decorator.py
[2024-09-09T11:35:11.561+0000] {logging_mixin.py:190} INFO - [2024-09-09T11:35:11.561+0000] {dag.py:3229} INFO - Sync 1 DAGs
[2024-09-09T11:35:11.568+0000] {logging_mixin.py:190} INFO - [2024-09-09T11:35:11.567+0000] {dag.py:4156} INFO - Setting next_dagrun for example_dag_decorator to None, run_after=None
[2024-09-09T11:35:11.578+0000] {processor.py:208} INFO - Processing /home/airflow/.local/lib/python3.12/site-packages/airflow/example_dags/example_dag_decorator.py took 0.096 seconds
[2024-09-09T11:35:42.046+0000] {processor.py:186} INFO - Started process (PID=321) to work on /home/airflow/.local/lib/python3.12/site-packages/airflow/example_dags/example_dag_decorator.py
[2024-09-09T11:35:42.046+0000] {processor.py:914} INFO - Processing file /home/airflow/.local/lib/python3.12/site-packages/airflow/example_dags/example_dag_decorator.py for tasks to queue
[2024-09-09T11:35:42.047+0000] {logging_mixin.py:190} INFO - [2024-09-09T11:35:42.047+0000] {dagbag.py:587} INFO - Filling up the DagBag from /home/airflow/.local/lib/python3.12/site-packages/airflow/example_dags/example_dag_decorator.py
[2024-09-09T11:35:42.053+0000] {processor.py:925} INFO - DAG(s) 'example_dag_decorator' retrieved from /home/airflow/.local/lib/python3.12/site-packages/airflow/example_dags/example_dag_decorator.py
[2024-09-09T11:35:42.283+0000] {logging_mixin.py:190} INFO - [2024-09-09T11:35:42.283+0000] {dag.py:3229} INFO - Sync 1 DAGs
[2024-09-09T11:35:42.289+0000] {logging_mixin.py:190} INFO - [2024-09-09T11:35:42.288+0000] {dag.py:4156} INFO - Setting next_dagrun for example_dag_decorator to None, run_after=None
[2024-09-09T11:35:42.302+0000] {processor.py:208} INFO - Processing /home/airflow/.local/lib/python3.12/site-packages/airflow/example_dags/example_dag_decorator.py took 0.260 seconds
[2024-09-09T11:36:13.052+0000] {processor.py:186} INFO - Started process (PID=383) to work on /home/airflow/.local/lib/python3.12/site-packages/airflow/example_dags/example_dag_decorator.py
[2024-09-09T11:36:13.052+0000] {processor.py:914} INFO - Processing file /home/airflow/.local/lib/python3.12/site-packages/airflow/example_dags/example_dag_decorator.py for tasks to queue
[2024-09-09T11:36:13.053+0000] {logging_mixin.py:190} INFO - [2024-09-09T11:36:13.053+0000] {dagbag.py:587} INFO - Filling up the DagBag from /home/airflow/.local/lib/python3.12/site-packages/airflow/example_dags/example_dag_decorator.py
[2024-09-09T11:36:13.059+0000] {processor.py:925} INFO - DAG(s) 'example_dag_decorator' retrieved from /home/airflow/.local/lib/python3.12/site-packages/airflow/example_dags/example_dag_decorator.py
[2024-09-09T11:36:13.126+0000] {logging_mixin.py:190} INFO - [2024-09-09T11:36:13.125+0000] {dag.py:3229} INFO - Sync 1 DAGs
[2024-09-09T11:36:13.135+0000] {logging_mixin.py:190} INFO - [2024-09-09T11:36:13.135+0000] {dag.py:4156} INFO - Setting next_dagrun for example_dag_decorator to None, run_after=None
[2024-09-09T11:36:13.147+0000] {processor.py:208} INFO - Processing /home/airflow/.local/lib/python3.12/site-packages/airflow/example_dags/example_dag_decorator.py took 0.098 seconds
[2024-09-09T12:13:05.008+0000] {processor.py:186} INFO - Started process (PID=74) to work on /home/airflow/.local/lib/python3.12/site-packages/airflow/example_dags/example_dag_decorator.py
[2024-09-09T12:13:05.008+0000] {processor.py:914} INFO - Processing file /home/airflow/.local/lib/python3.12/site-packages/airflow/example_dags/example_dag_decorator.py for tasks to queue
[2024-09-09T12:13:05.009+0000] {logging_mixin.py:190} INFO - [2024-09-09T12:13:05.009+0000] {dagbag.py:587} INFO - Filling up the DagBag from /home/airflow/.local/lib/python3.12/site-packages/airflow/example_dags/example_dag_decorator.py
[2024-09-09T12:13:05.017+0000] {processor.py:925} INFO - DAG(s) 'example_dag_decorator' retrieved from /home/airflow/.local/lib/python3.12/site-packages/airflow/example_dags/example_dag_decorator.py
[2024-09-09T12:13:05.090+0000] {logging_mixin.py:190} INFO - [2024-09-09T12:13:05.089+0000] {dag.py:3229} INFO - Sync 1 DAGs
[2024-09-09T12:13:05.097+0000] {logging_mixin.py:190} INFO - [2024-09-09T12:13:05.097+0000] {dag.py:4156} INFO - Setting next_dagrun for example_dag_decorator to None, run_after=None
[2024-09-09T12:13:05.111+0000] {processor.py:208} INFO - Processing /home/airflow/.local/lib/python3.12/site-packages/airflow/example_dags/example_dag_decorator.py took 0.107 seconds
[2024-09-09T12:13:35.547+0000] {processor.py:186} INFO - Started process (PID=136) to work on /home/airflow/.local/lib/python3.12/site-packages/airflow/example_dags/example_dag_decorator.py
[2024-09-09T12:13:35.547+0000] {processor.py:914} INFO - Processing file /home/airflow/.local/lib/python3.12/site-packages/airflow/example_dags/example_dag_decorator.py for tasks to queue
[2024-09-09T12:13:35.548+0000] {logging_mixin.py:190} INFO - [2024-09-09T12:13:35.548+0000] {dagbag.py:587} INFO - Filling up the DagBag from /home/airflow/.local/lib/python3.12/site-packages/airflow/example_dags/example_dag_decorator.py
[2024-09-09T12:13:35.554+0000] {processor.py:925} INFO - DAG(s) 'example_dag_decorator' retrieved from /home/airflow/.local/lib/python3.12/site-packages/airflow/example_dags/example_dag_decorator.py
[2024-09-09T12:13:35.617+0000] {logging_mixin.py:190} INFO - [2024-09-09T12:13:35.617+0000] {dag.py:3229} INFO - Sync 1 DAGs
[2024-09-09T12:13:35.623+0000] {logging_mixin.py:190} INFO - [2024-09-09T12:13:35.623+0000] {dag.py:4156} INFO - Setting next_dagrun for example_dag_decorator to None, run_after=None
[2024-09-09T12:13:35.633+0000] {processor.py:208} INFO - Processing /home/airflow/.local/lib/python3.12/site-packages/airflow/example_dags/example_dag_decorator.py took 0.090 seconds
[2024-09-09T12:14:06.000+0000] {processor.py:186} INFO - Started process (PID=198) to work on /home/airflow/.local/lib/python3.12/site-packages/airflow/example_dags/example_dag_decorator.py
[2024-09-09T12:14:06.000+0000] {processor.py:914} INFO - Processing file /home/airflow/.local/lib/python3.12/site-packages/airflow/example_dags/example_dag_decorator.py for tasks to queue
[2024-09-09T12:14:06.001+0000] {logging_mixin.py:190} INFO - [2024-09-09T12:14:06.001+0000] {dagbag.py:587} INFO - Filling up the DagBag from /home/airflow/.local/lib/python3.12/site-packages/airflow/example_dags/example_dag_decorator.py
[2024-09-09T12:14:06.007+0000] {processor.py:925} INFO - DAG(s) 'example_dag_decorator' retrieved from /home/airflow/.local/lib/python3.12/site-packages/airflow/example_dags/example_dag_decorator.py
[2024-09-09T12:14:06.089+0000] {logging_mixin.py:190} INFO - [2024-09-09T12:14:06.089+0000] {dag.py:3229} INFO - Sync 1 DAGs
[2024-09-09T12:14:06.098+0000] {logging_mixin.py:190} INFO - [2024-09-09T12:14:06.097+0000] {dag.py:4156} INFO - Setting next_dagrun for example_dag_decorator to None, run_after=None
[2024-09-09T12:14:06.109+0000] {processor.py:208} INFO - Processing /home/airflow/.local/lib/python3.12/site-packages/airflow/example_dags/example_dag_decorator.py took 0.113 seconds
[2024-09-09T12:14:36.465+0000] {processor.py:186} INFO - Started process (PID=260) to work on /home/airflow/.local/lib/python3.12/site-packages/airflow/example_dags/example_dag_decorator.py
[2024-09-09T12:14:36.466+0000] {processor.py:914} INFO - Processing file /home/airflow/.local/lib/python3.12/site-packages/airflow/example_dags/example_dag_decorator.py for tasks to queue
[2024-09-09T12:14:36.467+0000] {logging_mixin.py:190} INFO - [2024-09-09T12:14:36.467+0000] {dagbag.py:587} INFO - Filling up the DagBag from /home/airflow/.local/lib/python3.12/site-packages/airflow/example_dags/example_dag_decorator.py
[2024-09-09T12:14:36.473+0000] {processor.py:925} INFO - DAG(s) 'example_dag_decorator' retrieved from /home/airflow/.local/lib/python3.12/site-packages/airflow/example_dags/example_dag_decorator.py
[2024-09-09T12:14:36.488+0000] {logging_mixin.py:190} INFO - [2024-09-09T12:14:36.488+0000] {dag.py:3229} INFO - Sync 1 DAGs
[2024-09-09T12:14:36.496+0000] {logging_mixin.py:190} INFO - [2024-09-09T12:14:36.496+0000] {dag.py:4156} INFO - Setting next_dagrun for example_dag_decorator to None, run_after=None
[2024-09-09T12:14:36.509+0000] {processor.py:208} INFO - Processing /home/airflow/.local/lib/python3.12/site-packages/airflow/example_dags/example_dag_decorator.py took 0.048 seconds
[2024-09-09T12:15:06.884+0000] {processor.py:186} INFO - Started process (PID=322) to work on /home/airflow/.local/lib/python3.12/site-packages/airflow/example_dags/example_dag_decorator.py
[2024-09-09T12:15:06.885+0000] {processor.py:914} INFO - Processing file /home/airflow/.local/lib/python3.12/site-packages/airflow/example_dags/example_dag_decorator.py for tasks to queue
[2024-09-09T12:15:06.886+0000] {logging_mixin.py:190} INFO - [2024-09-09T12:15:06.886+0000] {dagbag.py:587} INFO - Filling up the DagBag from /home/airflow/.local/lib/python3.12/site-packages/airflow/example_dags/example_dag_decorator.py
[2024-09-09T12:15:06.892+0000] {processor.py:925} INFO - DAG(s) 'example_dag_decorator' retrieved from /home/airflow/.local/lib/python3.12/site-packages/airflow/example_dags/example_dag_decorator.py
[2024-09-09T12:15:06.953+0000] {logging_mixin.py:190} INFO - [2024-09-09T12:15:06.953+0000] {dag.py:3229} INFO - Sync 1 DAGs
[2024-09-09T12:15:06.960+0000] {logging_mixin.py:190} INFO - [2024-09-09T12:15:06.959+0000] {dag.py:4156} INFO - Setting next_dagrun for example_dag_decorator to None, run_after=None
[2024-09-09T12:15:06.968+0000] {processor.py:208} INFO - Processing /home/airflow/.local/lib/python3.12/site-packages/airflow/example_dags/example_dag_decorator.py took 0.089 seconds
