[2024-09-09T11:33:36.407+0000] {processor.py:186} INFO - Started process (PID=68) to work on /home/airflow/.local/lib/python3.12/site-packages/airflow/example_dags/example_branch_python_dop_operator_3.py
[2024-09-09T11:33:36.407+0000] {processor.py:914} INFO - Processing file /home/airflow/.local/lib/python3.12/site-packages/airflow/example_dags/example_branch_python_dop_operator_3.py for tasks to queue
[2024-09-09T11:33:36.408+0000] {logging_mixin.py:190} INFO - [2024-09-09T11:33:36.408+0000] {dagbag.py:587} INFO - Filling up the DagBag from /home/airflow/.local/lib/python3.12/site-packages/airflow/example_dags/example_branch_python_dop_operator_3.py
[2024-09-09T11:33:36.414+0000] {processor.py:925} INFO - DAG(s) 'example_branch_dop_operator_v3' retrieved from /home/airflow/.local/lib/python3.12/site-packages/airflow/example_dags/example_branch_python_dop_operator_3.py
[2024-09-09T11:33:36.429+0000] {logging_mixin.py:190} INFO - [2024-09-09T11:33:36.429+0000] {dag.py:3229} INFO - Sync 1 DAGs
[2024-09-09T11:33:36.450+0000] {logging_mixin.py:190} INFO - [2024-09-09T11:33:36.449+0000] {dag.py:4156} INFO - Setting next_dagrun for example_branch_dop_operator_v3 to 2024-09-09 11:32:00+00:00, run_after=2024-09-09 11:33:00+00:00
[2024-09-09T11:33:36.463+0000] {processor.py:208} INFO - Processing /home/airflow/.local/lib/python3.12/site-packages/airflow/example_dags/example_branch_python_dop_operator_3.py took 0.060 seconds
[2024-09-09T11:34:07.797+0000] {processor.py:186} INFO - Started process (PID=130) to work on /home/airflow/.local/lib/python3.12/site-packages/airflow/example_dags/example_branch_python_dop_operator_3.py
[2024-09-09T11:34:07.797+0000] {processor.py:914} INFO - Processing file /home/airflow/.local/lib/python3.12/site-packages/airflow/example_dags/example_branch_python_dop_operator_3.py for tasks to queue
[2024-09-09T11:34:07.798+0000] {logging_mixin.py:190} INFO - [2024-09-09T11:34:07.798+0000] {dagbag.py:587} INFO - Filling up the DagBag from /home/airflow/.local/lib/python3.12/site-packages/airflow/example_dags/example_branch_python_dop_operator_3.py
[2024-09-09T11:34:07.803+0000] {processor.py:925} INFO - DAG(s) 'example_branch_dop_operator_v3' retrieved from /home/airflow/.local/lib/python3.12/site-packages/airflow/example_dags/example_branch_python_dop_operator_3.py
[2024-09-09T11:34:09.165+0000] {logging_mixin.py:190} INFO - [2024-09-09T11:34:09.165+0000] {dag.py:3229} INFO - Sync 1 DAGs
[2024-09-09T11:34:09.185+0000] {logging_mixin.py:190} INFO - [2024-09-09T11:34:09.185+0000] {dag.py:4156} INFO - Setting next_dagrun for example_branch_dop_operator_v3 to 2024-09-09 11:33:00+00:00, run_after=2024-09-09 11:34:00+00:00
[2024-09-09T11:34:09.198+0000] {processor.py:208} INFO - Processing /home/airflow/.local/lib/python3.12/site-packages/airflow/example_dags/example_branch_python_dop_operator_3.py took 1.405 seconds
[2024-09-09T11:34:39.640+0000] {processor.py:186} INFO - Started process (PID=192) to work on /home/airflow/.local/lib/python3.12/site-packages/airflow/example_dags/example_branch_python_dop_operator_3.py
[2024-09-09T11:34:39.640+0000] {processor.py:914} INFO - Processing file /home/airflow/.local/lib/python3.12/site-packages/airflow/example_dags/example_branch_python_dop_operator_3.py for tasks to queue
[2024-09-09T11:34:39.641+0000] {logging_mixin.py:190} INFO - [2024-09-09T11:34:39.641+0000] {dagbag.py:587} INFO - Filling up the DagBag from /home/airflow/.local/lib/python3.12/site-packages/airflow/example_dags/example_branch_python_dop_operator_3.py
[2024-09-09T11:34:39.646+0000] {processor.py:925} INFO - DAG(s) 'example_branch_dop_operator_v3' retrieved from /home/airflow/.local/lib/python3.12/site-packages/airflow/example_dags/example_branch_python_dop_operator_3.py
[2024-09-09T11:34:40.587+0000] {logging_mixin.py:190} INFO - [2024-09-09T11:34:40.587+0000] {dag.py:3229} INFO - Sync 1 DAGs
[2024-09-09T11:34:40.605+0000] {logging_mixin.py:190} INFO - [2024-09-09T11:34:40.605+0000] {dag.py:4156} INFO - Setting next_dagrun for example_branch_dop_operator_v3 to 2024-09-09 11:33:00+00:00, run_after=2024-09-09 11:34:00+00:00
[2024-09-09T11:34:40.617+0000] {processor.py:208} INFO - Processing /home/airflow/.local/lib/python3.12/site-packages/airflow/example_dags/example_branch_python_dop_operator_3.py took 0.980 seconds
[2024-09-09T11:35:10.872+0000] {processor.py:186} INFO - Started process (PID=255) to work on /home/airflow/.local/lib/python3.12/site-packages/airflow/example_dags/example_branch_python_dop_operator_3.py
[2024-09-09T11:35:10.872+0000] {processor.py:914} INFO - Processing file /home/airflow/.local/lib/python3.12/site-packages/airflow/example_dags/example_branch_python_dop_operator_3.py for tasks to queue
[2024-09-09T11:35:10.873+0000] {logging_mixin.py:190} INFO - [2024-09-09T11:35:10.872+0000] {dagbag.py:587} INFO - Filling up the DagBag from /home/airflow/.local/lib/python3.12/site-packages/airflow/example_dags/example_branch_python_dop_operator_3.py
[2024-09-09T11:35:10.878+0000] {processor.py:925} INFO - DAG(s) 'example_branch_dop_operator_v3' retrieved from /home/airflow/.local/lib/python3.12/site-packages/airflow/example_dags/example_branch_python_dop_operator_3.py
[2024-09-09T11:35:10.894+0000] {logging_mixin.py:190} INFO - [2024-09-09T11:35:10.894+0000] {dag.py:3229} INFO - Sync 1 DAGs
[2024-09-09T11:35:10.914+0000] {logging_mixin.py:190} INFO - [2024-09-09T11:35:10.914+0000] {dag.py:4156} INFO - Setting next_dagrun for example_branch_dop_operator_v3 to 2024-09-09 11:34:00+00:00, run_after=2024-09-09 11:35:00+00:00
[2024-09-09T11:35:10.924+0000] {processor.py:208} INFO - Processing /home/airflow/.local/lib/python3.12/site-packages/airflow/example_dags/example_branch_python_dop_operator_3.py took 0.056 seconds
[2024-09-09T11:35:41.451+0000] {processor.py:186} INFO - Started process (PID=316) to work on /home/airflow/.local/lib/python3.12/site-packages/airflow/example_dags/example_branch_python_dop_operator_3.py
[2024-09-09T11:35:41.452+0000] {processor.py:914} INFO - Processing file /home/airflow/.local/lib/python3.12/site-packages/airflow/example_dags/example_branch_python_dop_operator_3.py for tasks to queue
[2024-09-09T11:35:41.452+0000] {logging_mixin.py:190} INFO - [2024-09-09T11:35:41.452+0000] {dagbag.py:587} INFO - Filling up the DagBag from /home/airflow/.local/lib/python3.12/site-packages/airflow/example_dags/example_branch_python_dop_operator_3.py
[2024-09-09T11:35:41.457+0000] {processor.py:925} INFO - DAG(s) 'example_branch_dop_operator_v3' retrieved from /home/airflow/.local/lib/python3.12/site-packages/airflow/example_dags/example_branch_python_dop_operator_3.py
[2024-09-09T11:35:42.532+0000] {logging_mixin.py:190} INFO - [2024-09-09T11:35:42.532+0000] {dag.py:3229} INFO - Sync 1 DAGs
[2024-09-09T11:35:42.546+0000] {logging_mixin.py:190} INFO - [2024-09-09T11:35:42.546+0000] {dag.py:4156} INFO - Setting next_dagrun for example_branch_dop_operator_v3 to 2024-09-09 11:34:00+00:00, run_after=2024-09-09 11:35:00+00:00
[2024-09-09T11:35:42.556+0000] {processor.py:208} INFO - Processing /home/airflow/.local/lib/python3.12/site-packages/airflow/example_dags/example_branch_python_dop_operator_3.py took 1.109 seconds
[2024-09-09T11:36:12.816+0000] {processor.py:186} INFO - Started process (PID=378) to work on /home/airflow/.local/lib/python3.12/site-packages/airflow/example_dags/example_branch_python_dop_operator_3.py
[2024-09-09T11:36:12.816+0000] {processor.py:914} INFO - Processing file /home/airflow/.local/lib/python3.12/site-packages/airflow/example_dags/example_branch_python_dop_operator_3.py for tasks to queue
[2024-09-09T11:36:12.817+0000] {logging_mixin.py:190} INFO - [2024-09-09T11:36:12.817+0000] {dagbag.py:587} INFO - Filling up the DagBag from /home/airflow/.local/lib/python3.12/site-packages/airflow/example_dags/example_branch_python_dop_operator_3.py
[2024-09-09T11:36:12.823+0000] {processor.py:925} INFO - DAG(s) 'example_branch_dop_operator_v3' retrieved from /home/airflow/.local/lib/python3.12/site-packages/airflow/example_dags/example_branch_python_dop_operator_3.py
[2024-09-09T11:36:12.839+0000] {logging_mixin.py:190} INFO - [2024-09-09T11:36:12.839+0000] {dag.py:3229} INFO - Sync 1 DAGs
[2024-09-09T11:36:12.860+0000] {logging_mixin.py:190} INFO - [2024-09-09T11:36:12.860+0000] {dag.py:4156} INFO - Setting next_dagrun for example_branch_dop_operator_v3 to 2024-09-09 11:35:00+00:00, run_after=2024-09-09 11:36:00+00:00
[2024-09-09T11:36:12.871+0000] {processor.py:208} INFO - Processing /home/airflow/.local/lib/python3.12/site-packages/airflow/example_dags/example_branch_python_dop_operator_3.py took 0.059 seconds
[2024-09-09T12:13:04.805+0000] {processor.py:186} INFO - Started process (PID=69) to work on /home/airflow/.local/lib/python3.12/site-packages/airflow/example_dags/example_branch_python_dop_operator_3.py
[2024-09-09T12:13:04.805+0000] {processor.py:914} INFO - Processing file /home/airflow/.local/lib/python3.12/site-packages/airflow/example_dags/example_branch_python_dop_operator_3.py for tasks to queue
[2024-09-09T12:13:04.807+0000] {logging_mixin.py:190} INFO - [2024-09-09T12:13:04.807+0000] {dagbag.py:587} INFO - Filling up the DagBag from /home/airflow/.local/lib/python3.12/site-packages/airflow/example_dags/example_branch_python_dop_operator_3.py
[2024-09-09T12:13:04.814+0000] {processor.py:925} INFO - DAG(s) 'example_branch_dop_operator_v3' retrieved from /home/airflow/.local/lib/python3.12/site-packages/airflow/example_dags/example_branch_python_dop_operator_3.py
[2024-09-09T12:13:04.828+0000] {logging_mixin.py:190} INFO - [2024-09-09T12:13:04.828+0000] {dag.py:3229} INFO - Sync 1 DAGs
[2024-09-09T12:13:04.846+0000] {logging_mixin.py:190} INFO - [2024-09-09T12:13:04.845+0000] {dag.py:4156} INFO - Setting next_dagrun for example_branch_dop_operator_v3 to 2024-09-09 12:12:00+00:00, run_after=2024-09-09 12:13:00+00:00
[2024-09-09T12:13:04.861+0000] {processor.py:208} INFO - Processing /home/airflow/.local/lib/python3.12/site-packages/airflow/example_dags/example_branch_python_dop_operator_3.py took 0.060 seconds
[2024-09-09T12:13:35.404+0000] {processor.py:186} INFO - Started process (PID=131) to work on /home/airflow/.local/lib/python3.12/site-packages/airflow/example_dags/example_branch_python_dop_operator_3.py
[2024-09-09T12:13:35.404+0000] {processor.py:914} INFO - Processing file /home/airflow/.local/lib/python3.12/site-packages/airflow/example_dags/example_branch_python_dop_operator_3.py for tasks to queue
[2024-09-09T12:13:35.406+0000] {logging_mixin.py:190} INFO - [2024-09-09T12:13:35.405+0000] {dagbag.py:587} INFO - Filling up the DagBag from /home/airflow/.local/lib/python3.12/site-packages/airflow/example_dags/example_branch_python_dop_operator_3.py
[2024-09-09T12:13:35.411+0000] {processor.py:925} INFO - DAG(s) 'example_branch_dop_operator_v3' retrieved from /home/airflow/.local/lib/python3.12/site-packages/airflow/example_dags/example_branch_python_dop_operator_3.py
[2024-09-09T12:13:35.422+0000] {logging_mixin.py:190} INFO - [2024-09-09T12:13:35.422+0000] {dag.py:3229} INFO - Sync 1 DAGs
[2024-09-09T12:13:35.436+0000] {logging_mixin.py:190} INFO - [2024-09-09T12:13:35.436+0000] {dag.py:4156} INFO - Setting next_dagrun for example_branch_dop_operator_v3 to 2024-09-09 12:12:00+00:00, run_after=2024-09-09 12:13:00+00:00
[2024-09-09T12:13:35.447+0000] {processor.py:208} INFO - Processing /home/airflow/.local/lib/python3.12/site-packages/airflow/example_dags/example_branch_python_dop_operator_3.py took 0.047 seconds
[2024-09-09T12:14:05.806+0000] {processor.py:186} INFO - Started process (PID=193) to work on /home/airflow/.local/lib/python3.12/site-packages/airflow/example_dags/example_branch_python_dop_operator_3.py
[2024-09-09T12:14:05.806+0000] {processor.py:914} INFO - Processing file /home/airflow/.local/lib/python3.12/site-packages/airflow/example_dags/example_branch_python_dop_operator_3.py for tasks to queue
[2024-09-09T12:14:05.808+0000] {logging_mixin.py:190} INFO - [2024-09-09T12:14:05.807+0000] {dagbag.py:587} INFO - Filling up the DagBag from /home/airflow/.local/lib/python3.12/site-packages/airflow/example_dags/example_branch_python_dop_operator_3.py
[2024-09-09T12:14:05.814+0000] {processor.py:925} INFO - DAG(s) 'example_branch_dop_operator_v3' retrieved from /home/airflow/.local/lib/python3.12/site-packages/airflow/example_dags/example_branch_python_dop_operator_3.py
[2024-09-09T12:14:05.828+0000] {logging_mixin.py:190} INFO - [2024-09-09T12:14:05.828+0000] {dag.py:3229} INFO - Sync 1 DAGs
[2024-09-09T12:14:05.844+0000] {logging_mixin.py:190} INFO - [2024-09-09T12:14:05.844+0000] {dag.py:4156} INFO - Setting next_dagrun for example_branch_dop_operator_v3 to 2024-09-09 12:13:00+00:00, run_after=2024-09-09 12:14:00+00:00
[2024-09-09T12:14:05.857+0000] {processor.py:208} INFO - Processing /home/airflow/.local/lib/python3.12/site-packages/airflow/example_dags/example_branch_python_dop_operator_3.py took 0.056 seconds
[2024-09-09T12:14:36.300+0000] {processor.py:186} INFO - Started process (PID=255) to work on /home/airflow/.local/lib/python3.12/site-packages/airflow/example_dags/example_branch_python_dop_operator_3.py
[2024-09-09T12:14:36.300+0000] {processor.py:914} INFO - Processing file /home/airflow/.local/lib/python3.12/site-packages/airflow/example_dags/example_branch_python_dop_operator_3.py for tasks to queue
[2024-09-09T12:14:36.301+0000] {logging_mixin.py:190} INFO - [2024-09-09T12:14:36.301+0000] {dagbag.py:587} INFO - Filling up the DagBag from /home/airflow/.local/lib/python3.12/site-packages/airflow/example_dags/example_branch_python_dop_operator_3.py
[2024-09-09T12:14:36.307+0000] {processor.py:925} INFO - DAG(s) 'example_branch_dop_operator_v3' retrieved from /home/airflow/.local/lib/python3.12/site-packages/airflow/example_dags/example_branch_python_dop_operator_3.py
[2024-09-09T12:14:36.318+0000] {logging_mixin.py:190} INFO - [2024-09-09T12:14:36.318+0000] {dag.py:3229} INFO - Sync 1 DAGs
[2024-09-09T12:14:36.335+0000] {logging_mixin.py:190} INFO - [2024-09-09T12:14:36.335+0000] {dag.py:4156} INFO - Setting next_dagrun for example_branch_dop_operator_v3 to 2024-09-09 12:13:00+00:00, run_after=2024-09-09 12:14:00+00:00
[2024-09-09T12:14:36.349+0000] {processor.py:208} INFO - Processing /home/airflow/.local/lib/python3.12/site-packages/airflow/example_dags/example_branch_python_dop_operator_3.py took 0.053 seconds
[2024-09-09T12:15:06.640+0000] {processor.py:186} INFO - Started process (PID=317) to work on /home/airflow/.local/lib/python3.12/site-packages/airflow/example_dags/example_branch_python_dop_operator_3.py
[2024-09-09T12:15:06.640+0000] {processor.py:914} INFO - Processing file /home/airflow/.local/lib/python3.12/site-packages/airflow/example_dags/example_branch_python_dop_operator_3.py for tasks to queue
[2024-09-09T12:15:06.641+0000] {logging_mixin.py:190} INFO - [2024-09-09T12:15:06.641+0000] {dagbag.py:587} INFO - Filling up the DagBag from /home/airflow/.local/lib/python3.12/site-packages/airflow/example_dags/example_branch_python_dop_operator_3.py
[2024-09-09T12:15:06.647+0000] {processor.py:925} INFO - DAG(s) 'example_branch_dop_operator_v3' retrieved from /home/airflow/.local/lib/python3.12/site-packages/airflow/example_dags/example_branch_python_dop_operator_3.py
[2024-09-09T12:15:06.660+0000] {logging_mixin.py:190} INFO - [2024-09-09T12:15:06.660+0000] {dag.py:3229} INFO - Sync 1 DAGs
[2024-09-09T12:15:06.676+0000] {logging_mixin.py:190} INFO - [2024-09-09T12:15:06.676+0000] {dag.py:4156} INFO - Setting next_dagrun for example_branch_dop_operator_v3 to 2024-09-09 12:14:00+00:00, run_after=2024-09-09 12:15:00+00:00
[2024-09-09T12:15:06.685+0000] {processor.py:208} INFO - Processing /home/airflow/.local/lib/python3.12/site-packages/airflow/example_dags/example_branch_python_dop_operator_3.py took 0.048 seconds
