[2024-09-09T11:33:35.654+0000] {processor.py:186} INFO - Started process (PID=61) to work on /home/airflow/.local/lib/python3.12/site-packages/airflow/example_dags/example_python_operator.py
[2024-09-09T11:33:35.654+0000] {processor.py:914} INFO - Processing file /home/airflow/.local/lib/python3.12/site-packages/airflow/example_dags/example_python_operator.py for tasks to queue
[2024-09-09T11:33:35.655+0000] {logging_mixin.py:190} INFO - [2024-09-09T11:33:35.655+0000] {dagbag.py:587} INFO - Filling up the DagBag from /home/airflow/.local/lib/python3.12/site-packages/airflow/example_dags/example_python_operator.py
[2024-09-09T11:33:35.662+0000] {processor.py:925} INFO - DAG(s) 'example_python_operator' retrieved from /home/airflow/.local/lib/python3.12/site-packages/airflow/example_dags/example_python_operator.py
[2024-09-09T11:33:35.729+0000] {logging_mixin.py:190} INFO - [2024-09-09T11:33:35.728+0000] {dag.py:3229} INFO - Sync 1 DAGs
[2024-09-09T11:33:35.735+0000] {logging_mixin.py:190} INFO - [2024-09-09T11:33:35.735+0000] {dag.py:4156} INFO - Setting next_dagrun for example_python_operator to None, run_after=None
[2024-09-09T11:33:35.751+0000] {processor.py:208} INFO - Processing /home/airflow/.local/lib/python3.12/site-packages/airflow/example_dags/example_python_operator.py took 0.099 seconds
[2024-09-09T11:34:06.861+0000] {processor.py:186} INFO - Started process (PID=123) to work on /home/airflow/.local/lib/python3.12/site-packages/airflow/example_dags/example_python_operator.py
[2024-09-09T11:34:06.862+0000] {processor.py:914} INFO - Processing file /home/airflow/.local/lib/python3.12/site-packages/airflow/example_dags/example_python_operator.py for tasks to queue
[2024-09-09T11:34:06.863+0000] {logging_mixin.py:190} INFO - [2024-09-09T11:34:06.863+0000] {dagbag.py:587} INFO - Filling up the DagBag from /home/airflow/.local/lib/python3.12/site-packages/airflow/example_dags/example_python_operator.py
[2024-09-09T11:34:06.870+0000] {processor.py:925} INFO - DAG(s) 'example_python_operator' retrieved from /home/airflow/.local/lib/python3.12/site-packages/airflow/example_dags/example_python_operator.py
[2024-09-09T11:34:06.884+0000] {logging_mixin.py:190} INFO - [2024-09-09T11:34:06.884+0000] {dag.py:3229} INFO - Sync 1 DAGs
[2024-09-09T11:34:06.891+0000] {logging_mixin.py:190} INFO - [2024-09-09T11:34:06.891+0000] {dag.py:4156} INFO - Setting next_dagrun for example_python_operator to None, run_after=None
[2024-09-09T11:34:06.900+0000] {processor.py:208} INFO - Processing /home/airflow/.local/lib/python3.12/site-packages/airflow/example_dags/example_python_operator.py took 0.043 seconds
[2024-09-09T11:34:36.939+0000] {processor.py:186} INFO - Started process (PID=184) to work on /home/airflow/.local/lib/python3.12/site-packages/airflow/example_dags/example_python_operator.py
[2024-09-09T11:34:36.940+0000] {processor.py:914} INFO - Processing file /home/airflow/.local/lib/python3.12/site-packages/airflow/example_dags/example_python_operator.py for tasks to queue
[2024-09-09T11:34:36.940+0000] {logging_mixin.py:190} INFO - [2024-09-09T11:34:36.940+0000] {dagbag.py:587} INFO - Filling up the DagBag from /home/airflow/.local/lib/python3.12/site-packages/airflow/example_dags/example_python_operator.py
[2024-09-09T11:34:36.947+0000] {processor.py:925} INFO - DAG(s) 'example_python_operator' retrieved from /home/airflow/.local/lib/python3.12/site-packages/airflow/example_dags/example_python_operator.py
[2024-09-09T11:34:36.963+0000] {logging_mixin.py:190} INFO - [2024-09-09T11:34:36.962+0000] {dag.py:3229} INFO - Sync 1 DAGs
[2024-09-09T11:34:36.973+0000] {logging_mixin.py:190} INFO - [2024-09-09T11:34:36.972+0000] {dag.py:4156} INFO - Setting next_dagrun for example_python_operator to None, run_after=None
[2024-09-09T11:34:36.986+0000] {processor.py:208} INFO - Processing /home/airflow/.local/lib/python3.12/site-packages/airflow/example_dags/example_python_operator.py took 0.049 seconds
[2024-09-09T11:35:07.851+0000] {processor.py:186} INFO - Started process (PID=245) to work on /home/airflow/.local/lib/python3.12/site-packages/airflow/example_dags/example_python_operator.py
[2024-09-09T11:35:07.852+0000] {processor.py:914} INFO - Processing file /home/airflow/.local/lib/python3.12/site-packages/airflow/example_dags/example_python_operator.py for tasks to queue
[2024-09-09T11:35:07.853+0000] {logging_mixin.py:190} INFO - [2024-09-09T11:35:07.852+0000] {dagbag.py:587} INFO - Filling up the DagBag from /home/airflow/.local/lib/python3.12/site-packages/airflow/example_dags/example_python_operator.py
[2024-09-09T11:35:07.860+0000] {processor.py:925} INFO - DAG(s) 'example_python_operator' retrieved from /home/airflow/.local/lib/python3.12/site-packages/airflow/example_dags/example_python_operator.py
[2024-09-09T11:35:07.878+0000] {logging_mixin.py:190} INFO - [2024-09-09T11:35:07.878+0000] {dag.py:3229} INFO - Sync 1 DAGs
[2024-09-09T11:35:07.888+0000] {logging_mixin.py:190} INFO - [2024-09-09T11:35:07.888+0000] {dag.py:4156} INFO - Setting next_dagrun for example_python_operator to None, run_after=None
[2024-09-09T11:35:07.899+0000] {processor.py:208} INFO - Processing /home/airflow/.local/lib/python3.12/site-packages/airflow/example_dags/example_python_operator.py took 0.052 seconds
[2024-09-09T11:35:39.501+0000] {processor.py:186} INFO - Started process (PID=307) to work on /home/airflow/.local/lib/python3.12/site-packages/airflow/example_dags/example_python_operator.py
[2024-09-09T11:35:39.503+0000] {processor.py:914} INFO - Processing file /home/airflow/.local/lib/python3.12/site-packages/airflow/example_dags/example_python_operator.py for tasks to queue
[2024-09-09T11:35:39.503+0000] {logging_mixin.py:190} INFO - [2024-09-09T11:35:39.503+0000] {dagbag.py:587} INFO - Filling up the DagBag from /home/airflow/.local/lib/python3.12/site-packages/airflow/example_dags/example_python_operator.py
[2024-09-09T11:35:39.510+0000] {processor.py:925} INFO - DAG(s) 'example_python_operator' retrieved from /home/airflow/.local/lib/python3.12/site-packages/airflow/example_dags/example_python_operator.py
[2024-09-09T11:35:39.526+0000] {logging_mixin.py:190} INFO - [2024-09-09T11:35:39.526+0000] {dag.py:3229} INFO - Sync 1 DAGs
[2024-09-09T11:35:39.534+0000] {logging_mixin.py:190} INFO - [2024-09-09T11:35:39.534+0000] {dag.py:4156} INFO - Setting next_dagrun for example_python_operator to None, run_after=None
[2024-09-09T11:35:39.545+0000] {processor.py:208} INFO - Processing /home/airflow/.local/lib/python3.12/site-packages/airflow/example_dags/example_python_operator.py took 0.047 seconds
[2024-09-09T11:36:09.720+0000] {processor.py:186} INFO - Started process (PID=368) to work on /home/airflow/.local/lib/python3.12/site-packages/airflow/example_dags/example_python_operator.py
[2024-09-09T11:36:09.720+0000] {processor.py:914} INFO - Processing file /home/airflow/.local/lib/python3.12/site-packages/airflow/example_dags/example_python_operator.py for tasks to queue
[2024-09-09T11:36:09.721+0000] {logging_mixin.py:190} INFO - [2024-09-09T11:36:09.721+0000] {dagbag.py:587} INFO - Filling up the DagBag from /home/airflow/.local/lib/python3.12/site-packages/airflow/example_dags/example_python_operator.py
[2024-09-09T11:36:09.727+0000] {processor.py:925} INFO - DAG(s) 'example_python_operator' retrieved from /home/airflow/.local/lib/python3.12/site-packages/airflow/example_dags/example_python_operator.py
[2024-09-09T11:36:09.744+0000] {logging_mixin.py:190} INFO - [2024-09-09T11:36:09.744+0000] {dag.py:3229} INFO - Sync 1 DAGs
[2024-09-09T11:36:09.756+0000] {logging_mixin.py:190} INFO - [2024-09-09T11:36:09.756+0000] {dag.py:4156} INFO - Setting next_dagrun for example_python_operator to None, run_after=None
[2024-09-09T11:36:09.767+0000] {processor.py:208} INFO - Processing /home/airflow/.local/lib/python3.12/site-packages/airflow/example_dags/example_python_operator.py took 0.051 seconds
[2024-09-09T12:13:04.479+0000] {processor.py:186} INFO - Started process (PID=62) to work on /home/airflow/.local/lib/python3.12/site-packages/airflow/example_dags/example_python_operator.py
[2024-09-09T12:13:04.479+0000] {processor.py:914} INFO - Processing file /home/airflow/.local/lib/python3.12/site-packages/airflow/example_dags/example_python_operator.py for tasks to queue
[2024-09-09T12:13:04.480+0000] {logging_mixin.py:190} INFO - [2024-09-09T12:13:04.480+0000] {dagbag.py:587} INFO - Filling up the DagBag from /home/airflow/.local/lib/python3.12/site-packages/airflow/example_dags/example_python_operator.py
[2024-09-09T12:13:04.488+0000] {processor.py:925} INFO - DAG(s) 'example_python_operator' retrieved from /home/airflow/.local/lib/python3.12/site-packages/airflow/example_dags/example_python_operator.py
[2024-09-09T12:13:04.562+0000] {logging_mixin.py:190} INFO - [2024-09-09T12:13:04.562+0000] {dag.py:3229} INFO - Sync 1 DAGs
[2024-09-09T12:13:04.570+0000] {logging_mixin.py:190} INFO - [2024-09-09T12:13:04.569+0000] {dag.py:4156} INFO - Setting next_dagrun for example_python_operator to None, run_after=None
[2024-09-09T12:13:04.582+0000] {processor.py:208} INFO - Processing /home/airflow/.local/lib/python3.12/site-packages/airflow/example_dags/example_python_operator.py took 0.107 seconds
[2024-09-09T12:13:35.187+0000] {processor.py:186} INFO - Started process (PID=124) to work on /home/airflow/.local/lib/python3.12/site-packages/airflow/example_dags/example_python_operator.py
[2024-09-09T12:13:35.188+0000] {processor.py:914} INFO - Processing file /home/airflow/.local/lib/python3.12/site-packages/airflow/example_dags/example_python_operator.py for tasks to queue
[2024-09-09T12:13:35.189+0000] {logging_mixin.py:190} INFO - [2024-09-09T12:13:35.189+0000] {dagbag.py:587} INFO - Filling up the DagBag from /home/airflow/.local/lib/python3.12/site-packages/airflow/example_dags/example_python_operator.py
[2024-09-09T12:13:35.195+0000] {processor.py:925} INFO - DAG(s) 'example_python_operator' retrieved from /home/airflow/.local/lib/python3.12/site-packages/airflow/example_dags/example_python_operator.py
[2024-09-09T12:13:35.208+0000] {logging_mixin.py:190} INFO - [2024-09-09T12:13:35.208+0000] {dag.py:3229} INFO - Sync 1 DAGs
[2024-09-09T12:13:35.218+0000] {logging_mixin.py:190} INFO - [2024-09-09T12:13:35.217+0000] {dag.py:4156} INFO - Setting next_dagrun for example_python_operator to None, run_after=None
[2024-09-09T12:13:35.232+0000] {processor.py:208} INFO - Processing /home/airflow/.local/lib/python3.12/site-packages/airflow/example_dags/example_python_operator.py took 0.047 seconds
[2024-09-09T12:14:05.473+0000] {processor.py:186} INFO - Started process (PID=186) to work on /home/airflow/.local/lib/python3.12/site-packages/airflow/example_dags/example_python_operator.py
[2024-09-09T12:14:05.474+0000] {processor.py:914} INFO - Processing file /home/airflow/.local/lib/python3.12/site-packages/airflow/example_dags/example_python_operator.py for tasks to queue
[2024-09-09T12:14:05.475+0000] {logging_mixin.py:190} INFO - [2024-09-09T12:14:05.475+0000] {dagbag.py:587} INFO - Filling up the DagBag from /home/airflow/.local/lib/python3.12/site-packages/airflow/example_dags/example_python_operator.py
[2024-09-09T12:14:05.482+0000] {processor.py:925} INFO - DAG(s) 'example_python_operator' retrieved from /home/airflow/.local/lib/python3.12/site-packages/airflow/example_dags/example_python_operator.py
[2024-09-09T12:14:05.494+0000] {logging_mixin.py:190} INFO - [2024-09-09T12:14:05.494+0000] {dag.py:3229} INFO - Sync 1 DAGs
[2024-09-09T12:14:05.502+0000] {logging_mixin.py:190} INFO - [2024-09-09T12:14:05.502+0000] {dag.py:4156} INFO - Setting next_dagrun for example_python_operator to None, run_after=None
[2024-09-09T12:14:05.512+0000] {processor.py:208} INFO - Processing /home/airflow/.local/lib/python3.12/site-packages/airflow/example_dags/example_python_operator.py took 0.042 seconds
[2024-09-09T12:14:36.093+0000] {processor.py:186} INFO - Started process (PID=248) to work on /home/airflow/.local/lib/python3.12/site-packages/airflow/example_dags/example_python_operator.py
[2024-09-09T12:14:36.094+0000] {processor.py:914} INFO - Processing file /home/airflow/.local/lib/python3.12/site-packages/airflow/example_dags/example_python_operator.py for tasks to queue
[2024-09-09T12:14:36.096+0000] {logging_mixin.py:190} INFO - [2024-09-09T12:14:36.095+0000] {dagbag.py:587} INFO - Filling up the DagBag from /home/airflow/.local/lib/python3.12/site-packages/airflow/example_dags/example_python_operator.py
[2024-09-09T12:14:36.104+0000] {processor.py:925} INFO - DAG(s) 'example_python_operator' retrieved from /home/airflow/.local/lib/python3.12/site-packages/airflow/example_dags/example_python_operator.py
[2024-09-09T12:14:36.116+0000] {logging_mixin.py:190} INFO - [2024-09-09T12:14:36.116+0000] {dag.py:3229} INFO - Sync 1 DAGs
[2024-09-09T12:14:36.123+0000] {logging_mixin.py:190} INFO - [2024-09-09T12:14:36.123+0000] {dag.py:4156} INFO - Setting next_dagrun for example_python_operator to None, run_after=None
[2024-09-09T12:14:36.134+0000] {processor.py:208} INFO - Processing /home/airflow/.local/lib/python3.12/site-packages/airflow/example_dags/example_python_operator.py took 0.044 seconds
[2024-09-09T12:15:06.374+0000] {processor.py:186} INFO - Started process (PID=310) to work on /home/airflow/.local/lib/python3.12/site-packages/airflow/example_dags/example_python_operator.py
[2024-09-09T12:15:06.375+0000] {processor.py:914} INFO - Processing file /home/airflow/.local/lib/python3.12/site-packages/airflow/example_dags/example_python_operator.py for tasks to queue
[2024-09-09T12:15:06.376+0000] {logging_mixin.py:190} INFO - [2024-09-09T12:15:06.376+0000] {dagbag.py:587} INFO - Filling up the DagBag from /home/airflow/.local/lib/python3.12/site-packages/airflow/example_dags/example_python_operator.py
[2024-09-09T12:15:06.382+0000] {processor.py:925} INFO - DAG(s) 'example_python_operator' retrieved from /home/airflow/.local/lib/python3.12/site-packages/airflow/example_dags/example_python_operator.py
[2024-09-09T12:15:06.398+0000] {logging_mixin.py:190} INFO - [2024-09-09T12:15:06.398+0000] {dag.py:3229} INFO - Sync 1 DAGs
[2024-09-09T12:15:06.409+0000] {logging_mixin.py:190} INFO - [2024-09-09T12:15:06.408+0000] {dag.py:4156} INFO - Setting next_dagrun for example_python_operator to None, run_after=None
[2024-09-09T12:15:06.421+0000] {processor.py:208} INFO - Processing /home/airflow/.local/lib/python3.12/site-packages/airflow/example_dags/example_python_operator.py took 0.050 seconds
