[2024-09-09T11:33:38.902+0000] {processor.py:186} INFO - Started process (PID=83) to work on /home/airflow/.local/lib/python3.12/site-packages/airflow/example_dags/example_nested_branch_dag.py
[2024-09-09T11:33:38.902+0000] {processor.py:914} INFO - Processing file /home/airflow/.local/lib/python3.12/site-packages/airflow/example_dags/example_nested_branch_dag.py for tasks to queue
[2024-09-09T11:33:38.904+0000] {logging_mixin.py:190} INFO - [2024-09-09T11:33:38.903+0000] {dagbag.py:587} INFO - Filling up the DagBag from /home/airflow/.local/lib/python3.12/site-packages/airflow/example_dags/example_nested_branch_dag.py
[2024-09-09T11:33:38.910+0000] {processor.py:925} INFO - DAG(s) 'example_nested_branch_dag' retrieved from /home/airflow/.local/lib/python3.12/site-packages/airflow/example_dags/example_nested_branch_dag.py
[2024-09-09T11:33:38.923+0000] {logging_mixin.py:190} INFO - [2024-09-09T11:33:38.923+0000] {dag.py:3229} INFO - Sync 1 DAGs
[2024-09-09T11:33:38.936+0000] {logging_mixin.py:190} INFO - [2024-09-09T11:33:38.936+0000] {dag.py:4156} INFO - Setting next_dagrun for example_nested_branch_dag to 2024-09-08 00:00:00+00:00, run_after=2024-09-09 00:00:00+00:00
[2024-09-09T11:33:38.945+0000] {processor.py:208} INFO - Processing /home/airflow/.local/lib/python3.12/site-packages/airflow/example_dags/example_nested_branch_dag.py took 0.046 seconds
[2024-09-09T11:34:10.200+0000] {processor.py:186} INFO - Started process (PID=144) to work on /home/airflow/.local/lib/python3.12/site-packages/airflow/example_dags/example_nested_branch_dag.py
[2024-09-09T11:34:10.200+0000] {processor.py:914} INFO - Processing file /home/airflow/.local/lib/python3.12/site-packages/airflow/example_dags/example_nested_branch_dag.py for tasks to queue
[2024-09-09T11:34:10.202+0000] {logging_mixin.py:190} INFO - [2024-09-09T11:34:10.201+0000] {dagbag.py:587} INFO - Filling up the DagBag from /home/airflow/.local/lib/python3.12/site-packages/airflow/example_dags/example_nested_branch_dag.py
[2024-09-09T11:34:10.207+0000] {processor.py:925} INFO - DAG(s) 'example_nested_branch_dag' retrieved from /home/airflow/.local/lib/python3.12/site-packages/airflow/example_dags/example_nested_branch_dag.py
[2024-09-09T11:34:11.662+0000] {logging_mixin.py:190} INFO - [2024-09-09T11:34:11.662+0000] {dag.py:3229} INFO - Sync 1 DAGs
[2024-09-09T11:34:11.675+0000] {logging_mixin.py:190} INFO - [2024-09-09T11:34:11.675+0000] {dag.py:4156} INFO - Setting next_dagrun for example_nested_branch_dag to 2024-09-08 00:00:00+00:00, run_after=2024-09-09 00:00:00+00:00
[2024-09-09T11:34:11.685+0000] {processor.py:208} INFO - Processing /home/airflow/.local/lib/python3.12/site-packages/airflow/example_dags/example_nested_branch_dag.py took 1.488 seconds
[2024-09-09T11:34:42.885+0000] {processor.py:186} INFO - Started process (PID=209) to work on /home/airflow/.local/lib/python3.12/site-packages/airflow/example_dags/example_nested_branch_dag.py
[2024-09-09T11:34:42.885+0000] {processor.py:914} INFO - Processing file /home/airflow/.local/lib/python3.12/site-packages/airflow/example_dags/example_nested_branch_dag.py for tasks to queue
[2024-09-09T11:34:42.886+0000] {logging_mixin.py:190} INFO - [2024-09-09T11:34:42.886+0000] {dagbag.py:587} INFO - Filling up the DagBag from /home/airflow/.local/lib/python3.12/site-packages/airflow/example_dags/example_nested_branch_dag.py
[2024-09-09T11:34:42.893+0000] {processor.py:925} INFO - DAG(s) 'example_nested_branch_dag' retrieved from /home/airflow/.local/lib/python3.12/site-packages/airflow/example_dags/example_nested_branch_dag.py
[2024-09-09T11:34:44.202+0000] {logging_mixin.py:190} INFO - [2024-09-09T11:34:44.202+0000] {dag.py:3229} INFO - Sync 1 DAGs
[2024-09-09T11:34:44.222+0000] {logging_mixin.py:190} INFO - [2024-09-09T11:34:44.222+0000] {dag.py:4156} INFO - Setting next_dagrun for example_nested_branch_dag to 2024-09-08 00:00:00+00:00, run_after=2024-09-09 00:00:00+00:00
[2024-09-09T11:34:44.235+0000] {processor.py:208} INFO - Processing /home/airflow/.local/lib/python3.12/site-packages/airflow/example_dags/example_nested_branch_dag.py took 1.354 seconds
[2024-09-09T11:35:14.468+0000] {processor.py:186} INFO - Started process (PID=275) to work on /home/airflow/.local/lib/python3.12/site-packages/airflow/example_dags/example_nested_branch_dag.py
[2024-09-09T11:35:14.468+0000] {processor.py:914} INFO - Processing file /home/airflow/.local/lib/python3.12/site-packages/airflow/example_dags/example_nested_branch_dag.py for tasks to queue
[2024-09-09T11:35:14.469+0000] {logging_mixin.py:190} INFO - [2024-09-09T11:35:14.469+0000] {dagbag.py:587} INFO - Filling up the DagBag from /home/airflow/.local/lib/python3.12/site-packages/airflow/example_dags/example_nested_branch_dag.py
[2024-09-09T11:35:14.476+0000] {processor.py:925} INFO - DAG(s) 'example_nested_branch_dag' retrieved from /home/airflow/.local/lib/python3.12/site-packages/airflow/example_dags/example_nested_branch_dag.py
[2024-09-09T11:35:14.492+0000] {logging_mixin.py:190} INFO - [2024-09-09T11:35:14.492+0000] {dag.py:3229} INFO - Sync 1 DAGs
[2024-09-09T11:35:14.508+0000] {logging_mixin.py:190} INFO - [2024-09-09T11:35:14.508+0000] {dag.py:4156} INFO - Setting next_dagrun for example_nested_branch_dag to 2024-09-08 00:00:00+00:00, run_after=2024-09-09 00:00:00+00:00
[2024-09-09T11:35:14.521+0000] {processor.py:208} INFO - Processing /home/airflow/.local/lib/python3.12/site-packages/airflow/example_dags/example_nested_branch_dag.py took 0.058 seconds
[2024-09-09T11:35:44.681+0000] {processor.py:186} INFO - Started process (PID=335) to work on /home/airflow/.local/lib/python3.12/site-packages/airflow/example_dags/example_nested_branch_dag.py
[2024-09-09T11:35:44.681+0000] {processor.py:914} INFO - Processing file /home/airflow/.local/lib/python3.12/site-packages/airflow/example_dags/example_nested_branch_dag.py for tasks to queue
[2024-09-09T11:35:44.682+0000] {logging_mixin.py:190} INFO - [2024-09-09T11:35:44.682+0000] {dagbag.py:587} INFO - Filling up the DagBag from /home/airflow/.local/lib/python3.12/site-packages/airflow/example_dags/example_nested_branch_dag.py
[2024-09-09T11:35:44.688+0000] {processor.py:925} INFO - DAG(s) 'example_nested_branch_dag' retrieved from /home/airflow/.local/lib/python3.12/site-packages/airflow/example_dags/example_nested_branch_dag.py
[2024-09-09T11:35:45.501+0000] {logging_mixin.py:190} INFO - [2024-09-09T11:35:45.501+0000] {dag.py:3229} INFO - Sync 1 DAGs
[2024-09-09T11:35:45.513+0000] {logging_mixin.py:190} INFO - [2024-09-09T11:35:45.513+0000] {dag.py:4156} INFO - Setting next_dagrun for example_nested_branch_dag to 2024-09-08 00:00:00+00:00, run_after=2024-09-09 00:00:00+00:00
[2024-09-09T11:35:45.522+0000] {processor.py:208} INFO - Processing /home/airflow/.local/lib/python3.12/site-packages/airflow/example_dags/example_nested_branch_dag.py took 0.845 seconds
[2024-09-09T11:36:16.359+0000] {processor.py:186} INFO - Started process (PID=400) to work on /home/airflow/.local/lib/python3.12/site-packages/airflow/example_dags/example_nested_branch_dag.py
[2024-09-09T11:36:16.365+0000] {processor.py:914} INFO - Processing file /home/airflow/.local/lib/python3.12/site-packages/airflow/example_dags/example_nested_branch_dag.py for tasks to queue
[2024-09-09T11:36:16.366+0000] {logging_mixin.py:190} INFO - [2024-09-09T11:36:16.366+0000] {dagbag.py:587} INFO - Filling up the DagBag from /home/airflow/.local/lib/python3.12/site-packages/airflow/example_dags/example_nested_branch_dag.py
[2024-09-09T11:36:16.371+0000] {processor.py:925} INFO - DAG(s) 'example_nested_branch_dag' retrieved from /home/airflow/.local/lib/python3.12/site-packages/airflow/example_dags/example_nested_branch_dag.py
[2024-09-09T11:36:16.384+0000] {logging_mixin.py:190} INFO - [2024-09-09T11:36:16.384+0000] {dag.py:3229} INFO - Sync 1 DAGs
[2024-09-09T11:36:16.400+0000] {logging_mixin.py:190} INFO - [2024-09-09T11:36:16.399+0000] {dag.py:4156} INFO - Setting next_dagrun for example_nested_branch_dag to 2024-09-08 00:00:00+00:00, run_after=2024-09-09 00:00:00+00:00
[2024-09-09T11:36:16.412+0000] {processor.py:208} INFO - Processing /home/airflow/.local/lib/python3.12/site-packages/airflow/example_dags/example_nested_branch_dag.py took 0.057 seconds
[2024-09-09T12:13:05.491+0000] {processor.py:186} INFO - Started process (PID=84) to work on /home/airflow/.local/lib/python3.12/site-packages/airflow/example_dags/example_nested_branch_dag.py
[2024-09-09T12:13:05.491+0000] {processor.py:914} INFO - Processing file /home/airflow/.local/lib/python3.12/site-packages/airflow/example_dags/example_nested_branch_dag.py for tasks to queue
[2024-09-09T12:13:05.493+0000] {logging_mixin.py:190} INFO - [2024-09-09T12:13:05.492+0000] {dagbag.py:587} INFO - Filling up the DagBag from /home/airflow/.local/lib/python3.12/site-packages/airflow/example_dags/example_nested_branch_dag.py
[2024-09-09T12:13:05.500+0000] {processor.py:925} INFO - DAG(s) 'example_nested_branch_dag' retrieved from /home/airflow/.local/lib/python3.12/site-packages/airflow/example_dags/example_nested_branch_dag.py
[2024-09-09T12:13:05.517+0000] {logging_mixin.py:190} INFO - [2024-09-09T12:13:05.517+0000] {dag.py:3229} INFO - Sync 1 DAGs
[2024-09-09T12:13:05.531+0000] {logging_mixin.py:190} INFO - [2024-09-09T12:13:05.531+0000] {dag.py:4156} INFO - Setting next_dagrun for example_nested_branch_dag to 2024-09-08 00:00:00+00:00, run_after=2024-09-09 00:00:00+00:00
[2024-09-09T12:13:05.544+0000] {processor.py:208} INFO - Processing /home/airflow/.local/lib/python3.12/site-packages/airflow/example_dags/example_nested_branch_dag.py took 0.056 seconds
[2024-09-09T12:13:36.004+0000] {processor.py:186} INFO - Started process (PID=146) to work on /home/airflow/.local/lib/python3.12/site-packages/airflow/example_dags/example_nested_branch_dag.py
[2024-09-09T12:13:36.005+0000] {processor.py:914} INFO - Processing file /home/airflow/.local/lib/python3.12/site-packages/airflow/example_dags/example_nested_branch_dag.py for tasks to queue
[2024-09-09T12:13:36.006+0000] {logging_mixin.py:190} INFO - [2024-09-09T12:13:36.006+0000] {dagbag.py:587} INFO - Filling up the DagBag from /home/airflow/.local/lib/python3.12/site-packages/airflow/example_dags/example_nested_branch_dag.py
[2024-09-09T12:13:36.012+0000] {processor.py:925} INFO - DAG(s) 'example_nested_branch_dag' retrieved from /home/airflow/.local/lib/python3.12/site-packages/airflow/example_dags/example_nested_branch_dag.py
[2024-09-09T12:13:36.024+0000] {logging_mixin.py:190} INFO - [2024-09-09T12:13:36.024+0000] {dag.py:3229} INFO - Sync 1 DAGs
[2024-09-09T12:13:36.037+0000] {logging_mixin.py:190} INFO - [2024-09-09T12:13:36.037+0000] {dag.py:4156} INFO - Setting next_dagrun for example_nested_branch_dag to 2024-09-08 00:00:00+00:00, run_after=2024-09-09 00:00:00+00:00
[2024-09-09T12:13:36.049+0000] {processor.py:208} INFO - Processing /home/airflow/.local/lib/python3.12/site-packages/airflow/example_dags/example_nested_branch_dag.py took 0.049 seconds
[2024-09-09T12:14:06.478+0000] {processor.py:186} INFO - Started process (PID=208) to work on /home/airflow/.local/lib/python3.12/site-packages/airflow/example_dags/example_nested_branch_dag.py
[2024-09-09T12:14:06.479+0000] {processor.py:914} INFO - Processing file /home/airflow/.local/lib/python3.12/site-packages/airflow/example_dags/example_nested_branch_dag.py for tasks to queue
[2024-09-09T12:14:06.480+0000] {logging_mixin.py:190} INFO - [2024-09-09T12:14:06.480+0000] {dagbag.py:587} INFO - Filling up the DagBag from /home/airflow/.local/lib/python3.12/site-packages/airflow/example_dags/example_nested_branch_dag.py
[2024-09-09T12:14:06.487+0000] {processor.py:925} INFO - DAG(s) 'example_nested_branch_dag' retrieved from /home/airflow/.local/lib/python3.12/site-packages/airflow/example_dags/example_nested_branch_dag.py
[2024-09-09T12:14:06.501+0000] {logging_mixin.py:190} INFO - [2024-09-09T12:14:06.501+0000] {dag.py:3229} INFO - Sync 1 DAGs
[2024-09-09T12:14:06.516+0000] {logging_mixin.py:190} INFO - [2024-09-09T12:14:06.516+0000] {dag.py:4156} INFO - Setting next_dagrun for example_nested_branch_dag to 2024-09-08 00:00:00+00:00, run_after=2024-09-09 00:00:00+00:00
[2024-09-09T12:14:06.529+0000] {processor.py:208} INFO - Processing /home/airflow/.local/lib/python3.12/site-packages/airflow/example_dags/example_nested_branch_dag.py took 0.054 seconds
[2024-09-09T12:14:36.865+0000] {processor.py:186} INFO - Started process (PID=270) to work on /home/airflow/.local/lib/python3.12/site-packages/airflow/example_dags/example_nested_branch_dag.py
[2024-09-09T12:14:36.865+0000] {processor.py:914} INFO - Processing file /home/airflow/.local/lib/python3.12/site-packages/airflow/example_dags/example_nested_branch_dag.py for tasks to queue
[2024-09-09T12:14:36.867+0000] {logging_mixin.py:190} INFO - [2024-09-09T12:14:36.866+0000] {dagbag.py:587} INFO - Filling up the DagBag from /home/airflow/.local/lib/python3.12/site-packages/airflow/example_dags/example_nested_branch_dag.py
[2024-09-09T12:14:36.872+0000] {processor.py:925} INFO - DAG(s) 'example_nested_branch_dag' retrieved from /home/airflow/.local/lib/python3.12/site-packages/airflow/example_dags/example_nested_branch_dag.py
[2024-09-09T12:14:36.886+0000] {logging_mixin.py:190} INFO - [2024-09-09T12:14:36.885+0000] {dag.py:3229} INFO - Sync 1 DAGs
[2024-09-09T12:14:36.904+0000] {logging_mixin.py:190} INFO - [2024-09-09T12:14:36.904+0000] {dag.py:4156} INFO - Setting next_dagrun for example_nested_branch_dag to 2024-09-08 00:00:00+00:00, run_after=2024-09-09 00:00:00+00:00
[2024-09-09T12:14:36.917+0000] {processor.py:208} INFO - Processing /home/airflow/.local/lib/python3.12/site-packages/airflow/example_dags/example_nested_branch_dag.py took 0.055 seconds
[2024-09-09T12:15:07.319+0000] {processor.py:186} INFO - Started process (PID=332) to work on /home/airflow/.local/lib/python3.12/site-packages/airflow/example_dags/example_nested_branch_dag.py
[2024-09-09T12:15:07.319+0000] {processor.py:914} INFO - Processing file /home/airflow/.local/lib/python3.12/site-packages/airflow/example_dags/example_nested_branch_dag.py for tasks to queue
[2024-09-09T12:15:07.321+0000] {logging_mixin.py:190} INFO - [2024-09-09T12:15:07.320+0000] {dagbag.py:587} INFO - Filling up the DagBag from /home/airflow/.local/lib/python3.12/site-packages/airflow/example_dags/example_nested_branch_dag.py
[2024-09-09T12:15:07.327+0000] {processor.py:925} INFO - DAG(s) 'example_nested_branch_dag' retrieved from /home/airflow/.local/lib/python3.12/site-packages/airflow/example_dags/example_nested_branch_dag.py
[2024-09-09T12:15:07.342+0000] {logging_mixin.py:190} INFO - [2024-09-09T12:15:07.342+0000] {dag.py:3229} INFO - Sync 1 DAGs
[2024-09-09T12:15:07.356+0000] {logging_mixin.py:190} INFO - [2024-09-09T12:15:07.356+0000] {dag.py:4156} INFO - Setting next_dagrun for example_nested_branch_dag to 2024-09-08 00:00:00+00:00, run_after=2024-09-09 00:00:00+00:00
[2024-09-09T12:15:07.367+0000] {processor.py:208} INFO - Processing /home/airflow/.local/lib/python3.12/site-packages/airflow/example_dags/example_nested_branch_dag.py took 0.051 seconds
