[2024-09-09T11:33:35.428+0000] {processor.py:186} INFO - Started process (PID=58) to work on /home/airflow/.local/lib/python3.12/site-packages/airflow/example_dags/example_branch_labels.py
[2024-09-09T11:33:35.429+0000] {processor.py:914} INFO - Processing file /home/airflow/.local/lib/python3.12/site-packages/airflow/example_dags/example_branch_labels.py for tasks to queue
[2024-09-09T11:33:35.430+0000] {logging_mixin.py:190} INFO - [2024-09-09T11:33:35.430+0000] {dagbag.py:587} INFO - Filling up the DagBag from /home/airflow/.local/lib/python3.12/site-packages/airflow/example_dags/example_branch_labels.py
[2024-09-09T11:33:35.436+0000] {processor.py:925} INFO - DAG(s) 'example_branch_labels' retrieved from /home/airflow/.local/lib/python3.12/site-packages/airflow/example_dags/example_branch_labels.py
[2024-09-09T11:33:35.454+0000] {logging_mixin.py:190} INFO - [2024-09-09T11:33:35.454+0000] {dag.py:3229} INFO - Sync 1 DAGs
[2024-09-09T11:33:35.471+0000] {logging_mixin.py:190} INFO - [2024-09-09T11:33:35.471+0000] {dag.py:4156} INFO - Setting next_dagrun for example_branch_labels to 2024-09-08 00:00:00+00:00, run_after=2024-09-09 00:00:00+00:00
[2024-09-09T11:33:35.485+0000] {processor.py:208} INFO - Processing /home/airflow/.local/lib/python3.12/site-packages/airflow/example_dags/example_branch_labels.py took 0.060 seconds
[2024-09-09T11:34:05.873+0000] {processor.py:186} INFO - Started process (PID=119) to work on /home/airflow/.local/lib/python3.12/site-packages/airflow/example_dags/example_branch_labels.py
[2024-09-09T11:34:05.874+0000] {processor.py:914} INFO - Processing file /home/airflow/.local/lib/python3.12/site-packages/airflow/example_dags/example_branch_labels.py for tasks to queue
[2024-09-09T11:34:05.875+0000] {logging_mixin.py:190} INFO - [2024-09-09T11:34:05.874+0000] {dagbag.py:587} INFO - Filling up the DagBag from /home/airflow/.local/lib/python3.12/site-packages/airflow/example_dags/example_branch_labels.py
[2024-09-09T11:34:05.879+0000] {processor.py:925} INFO - DAG(s) 'example_branch_labels' retrieved from /home/airflow/.local/lib/python3.12/site-packages/airflow/example_dags/example_branch_labels.py
[2024-09-09T11:34:06.001+0000] {logging_mixin.py:190} INFO - [2024-09-09T11:34:06.000+0000] {dag.py:3229} INFO - Sync 1 DAGs
[2024-09-09T11:34:06.013+0000] {logging_mixin.py:190} INFO - [2024-09-09T11:34:06.013+0000] {dag.py:4156} INFO - Setting next_dagrun for example_branch_labels to 2024-09-08 00:00:00+00:00, run_after=2024-09-09 00:00:00+00:00
[2024-09-09T11:34:06.028+0000] {processor.py:208} INFO - Processing /home/airflow/.local/lib/python3.12/site-packages/airflow/example_dags/example_branch_labels.py took 0.158 seconds
[2024-09-09T11:34:36.719+0000] {processor.py:186} INFO - Started process (PID=180) to work on /home/airflow/.local/lib/python3.12/site-packages/airflow/example_dags/example_branch_labels.py
[2024-09-09T11:34:36.720+0000] {processor.py:914} INFO - Processing file /home/airflow/.local/lib/python3.12/site-packages/airflow/example_dags/example_branch_labels.py for tasks to queue
[2024-09-09T11:34:36.720+0000] {logging_mixin.py:190} INFO - [2024-09-09T11:34:36.720+0000] {dagbag.py:587} INFO - Filling up the DagBag from /home/airflow/.local/lib/python3.12/site-packages/airflow/example_dags/example_branch_labels.py
[2024-09-09T11:34:36.727+0000] {processor.py:925} INFO - DAG(s) 'example_branch_labels' retrieved from /home/airflow/.local/lib/python3.12/site-packages/airflow/example_dags/example_branch_labels.py
[2024-09-09T11:34:36.740+0000] {logging_mixin.py:190} INFO - [2024-09-09T11:34:36.740+0000] {dag.py:3229} INFO - Sync 1 DAGs
[2024-09-09T11:34:36.753+0000] {logging_mixin.py:190} INFO - [2024-09-09T11:34:36.753+0000] {dag.py:4156} INFO - Setting next_dagrun for example_branch_labels to 2024-09-08 00:00:00+00:00, run_after=2024-09-09 00:00:00+00:00
[2024-09-09T11:34:36.763+0000] {processor.py:208} INFO - Processing /home/airflow/.local/lib/python3.12/site-packages/airflow/example_dags/example_branch_labels.py took 0.048 seconds
[2024-09-09T11:35:07.716+0000] {processor.py:186} INFO - Started process (PID=243) to work on /home/airflow/.local/lib/python3.12/site-packages/airflow/example_dags/example_branch_labels.py
[2024-09-09T11:35:07.717+0000] {processor.py:914} INFO - Processing file /home/airflow/.local/lib/python3.12/site-packages/airflow/example_dags/example_branch_labels.py for tasks to queue
[2024-09-09T11:35:07.717+0000] {logging_mixin.py:190} INFO - [2024-09-09T11:35:07.717+0000] {dagbag.py:587} INFO - Filling up the DagBag from /home/airflow/.local/lib/python3.12/site-packages/airflow/example_dags/example_branch_labels.py
[2024-09-09T11:35:07.722+0000] {processor.py:925} INFO - DAG(s) 'example_branch_labels' retrieved from /home/airflow/.local/lib/python3.12/site-packages/airflow/example_dags/example_branch_labels.py
[2024-09-09T11:35:07.737+0000] {logging_mixin.py:190} INFO - [2024-09-09T11:35:07.737+0000] {dag.py:3229} INFO - Sync 1 DAGs
[2024-09-09T11:35:07.755+0000] {logging_mixin.py:190} INFO - [2024-09-09T11:35:07.755+0000] {dag.py:4156} INFO - Setting next_dagrun for example_branch_labels to 2024-09-08 00:00:00+00:00, run_after=2024-09-09 00:00:00+00:00
[2024-09-09T11:35:07.767+0000] {processor.py:208} INFO - Processing /home/airflow/.local/lib/python3.12/site-packages/airflow/example_dags/example_branch_labels.py took 0.054 seconds
[2024-09-09T11:35:38.627+0000] {processor.py:186} INFO - Started process (PID=305) to work on /home/airflow/.local/lib/python3.12/site-packages/airflow/example_dags/example_branch_labels.py
[2024-09-09T11:35:38.628+0000] {processor.py:914} INFO - Processing file /home/airflow/.local/lib/python3.12/site-packages/airflow/example_dags/example_branch_labels.py for tasks to queue
[2024-09-09T11:35:38.628+0000] {logging_mixin.py:190} INFO - [2024-09-09T11:35:38.628+0000] {dagbag.py:587} INFO - Filling up the DagBag from /home/airflow/.local/lib/python3.12/site-packages/airflow/example_dags/example_branch_labels.py
[2024-09-09T11:35:38.634+0000] {processor.py:925} INFO - DAG(s) 'example_branch_labels' retrieved from /home/airflow/.local/lib/python3.12/site-packages/airflow/example_dags/example_branch_labels.py
[2024-09-09T11:35:38.648+0000] {logging_mixin.py:190} INFO - [2024-09-09T11:35:38.648+0000] {dag.py:3229} INFO - Sync 1 DAGs
[2024-09-09T11:35:38.664+0000] {logging_mixin.py:190} INFO - [2024-09-09T11:35:38.663+0000] {dag.py:4156} INFO - Setting next_dagrun for example_branch_labels to 2024-09-08 00:00:00+00:00, run_after=2024-09-09 00:00:00+00:00
[2024-09-09T11:35:38.676+0000] {processor.py:208} INFO - Processing /home/airflow/.local/lib/python3.12/site-packages/airflow/example_dags/example_branch_labels.py took 0.052 seconds
[2024-09-09T11:36:09.605+0000] {processor.py:186} INFO - Started process (PID=366) to work on /home/airflow/.local/lib/python3.12/site-packages/airflow/example_dags/example_branch_labels.py
[2024-09-09T11:36:09.606+0000] {processor.py:914} INFO - Processing file /home/airflow/.local/lib/python3.12/site-packages/airflow/example_dags/example_branch_labels.py for tasks to queue
[2024-09-09T11:36:09.607+0000] {logging_mixin.py:190} INFO - [2024-09-09T11:36:09.607+0000] {dagbag.py:587} INFO - Filling up the DagBag from /home/airflow/.local/lib/python3.12/site-packages/airflow/example_dags/example_branch_labels.py
[2024-09-09T11:36:09.614+0000] {processor.py:925} INFO - DAG(s) 'example_branch_labels' retrieved from /home/airflow/.local/lib/python3.12/site-packages/airflow/example_dags/example_branch_labels.py
[2024-09-09T11:36:09.629+0000] {logging_mixin.py:190} INFO - [2024-09-09T11:36:09.628+0000] {dag.py:3229} INFO - Sync 1 DAGs
[2024-09-09T11:36:09.646+0000] {logging_mixin.py:190} INFO - [2024-09-09T11:36:09.646+0000] {dag.py:4156} INFO - Setting next_dagrun for example_branch_labels to 2024-09-08 00:00:00+00:00, run_after=2024-09-09 00:00:00+00:00
[2024-09-09T11:36:09.658+0000] {processor.py:208} INFO - Processing /home/airflow/.local/lib/python3.12/site-packages/airflow/example_dags/example_branch_labels.py took 0.057 seconds
[2024-09-09T12:13:04.326+0000] {processor.py:186} INFO - Started process (PID=59) to work on /home/airflow/.local/lib/python3.12/site-packages/airflow/example_dags/example_branch_labels.py
[2024-09-09T12:13:04.327+0000] {processor.py:914} INFO - Processing file /home/airflow/.local/lib/python3.12/site-packages/airflow/example_dags/example_branch_labels.py for tasks to queue
[2024-09-09T12:13:04.328+0000] {logging_mixin.py:190} INFO - [2024-09-09T12:13:04.328+0000] {dagbag.py:587} INFO - Filling up the DagBag from /home/airflow/.local/lib/python3.12/site-packages/airflow/example_dags/example_branch_labels.py
[2024-09-09T12:13:04.335+0000] {processor.py:925} INFO - DAG(s) 'example_branch_labels' retrieved from /home/airflow/.local/lib/python3.12/site-packages/airflow/example_dags/example_branch_labels.py
[2024-09-09T12:13:04.356+0000] {logging_mixin.py:190} INFO - [2024-09-09T12:13:04.356+0000] {dag.py:3229} INFO - Sync 1 DAGs
[2024-09-09T12:13:04.371+0000] {logging_mixin.py:190} INFO - [2024-09-09T12:13:04.371+0000] {dag.py:4156} INFO - Setting next_dagrun for example_branch_labels to 2024-09-08 00:00:00+00:00, run_after=2024-09-09 00:00:00+00:00
[2024-09-09T12:13:04.382+0000] {processor.py:208} INFO - Processing /home/airflow/.local/lib/python3.12/site-packages/airflow/example_dags/example_branch_labels.py took 0.060 seconds
[2024-09-09T12:13:35.065+0000] {processor.py:186} INFO - Started process (PID=121) to work on /home/airflow/.local/lib/python3.12/site-packages/airflow/example_dags/example_branch_labels.py
[2024-09-09T12:13:35.066+0000] {processor.py:914} INFO - Processing file /home/airflow/.local/lib/python3.12/site-packages/airflow/example_dags/example_branch_labels.py for tasks to queue
[2024-09-09T12:13:35.067+0000] {logging_mixin.py:190} INFO - [2024-09-09T12:13:35.067+0000] {dagbag.py:587} INFO - Filling up the DagBag from /home/airflow/.local/lib/python3.12/site-packages/airflow/example_dags/example_branch_labels.py
[2024-09-09T12:13:35.072+0000] {processor.py:925} INFO - DAG(s) 'example_branch_labels' retrieved from /home/airflow/.local/lib/python3.12/site-packages/airflow/example_dags/example_branch_labels.py
[2024-09-09T12:13:35.086+0000] {logging_mixin.py:190} INFO - [2024-09-09T12:13:35.085+0000] {dag.py:3229} INFO - Sync 1 DAGs
[2024-09-09T12:13:35.100+0000] {logging_mixin.py:190} INFO - [2024-09-09T12:13:35.100+0000] {dag.py:4156} INFO - Setting next_dagrun for example_branch_labels to 2024-09-08 00:00:00+00:00, run_after=2024-09-09 00:00:00+00:00
[2024-09-09T12:13:35.110+0000] {processor.py:208} INFO - Processing /home/airflow/.local/lib/python3.12/site-packages/airflow/example_dags/example_branch_labels.py took 0.048 seconds
[2024-09-09T12:14:05.389+0000] {processor.py:186} INFO - Started process (PID=183) to work on /home/airflow/.local/lib/python3.12/site-packages/airflow/example_dags/example_branch_labels.py
[2024-09-09T12:14:05.389+0000] {processor.py:914} INFO - Processing file /home/airflow/.local/lib/python3.12/site-packages/airflow/example_dags/example_branch_labels.py for tasks to queue
[2024-09-09T12:14:05.391+0000] {logging_mixin.py:190} INFO - [2024-09-09T12:14:05.390+0000] {dagbag.py:587} INFO - Filling up the DagBag from /home/airflow/.local/lib/python3.12/site-packages/airflow/example_dags/example_branch_labels.py
[2024-09-09T12:14:05.396+0000] {processor.py:925} INFO - DAG(s) 'example_branch_labels' retrieved from /home/airflow/.local/lib/python3.12/site-packages/airflow/example_dags/example_branch_labels.py
[2024-09-09T12:14:05.410+0000] {logging_mixin.py:190} INFO - [2024-09-09T12:14:05.410+0000] {dag.py:3229} INFO - Sync 1 DAGs
[2024-09-09T12:14:05.424+0000] {logging_mixin.py:190} INFO - [2024-09-09T12:14:05.424+0000] {dag.py:4156} INFO - Setting next_dagrun for example_branch_labels to 2024-09-08 00:00:00+00:00, run_after=2024-09-09 00:00:00+00:00
[2024-09-09T12:14:05.435+0000] {processor.py:208} INFO - Processing /home/airflow/.local/lib/python3.12/site-packages/airflow/example_dags/example_branch_labels.py took 0.050 seconds
[2024-09-09T12:14:35.960+0000] {processor.py:186} INFO - Started process (PID=245) to work on /home/airflow/.local/lib/python3.12/site-packages/airflow/example_dags/example_branch_labels.py
[2024-09-09T12:14:35.960+0000] {processor.py:914} INFO - Processing file /home/airflow/.local/lib/python3.12/site-packages/airflow/example_dags/example_branch_labels.py for tasks to queue
[2024-09-09T12:14:35.962+0000] {logging_mixin.py:190} INFO - [2024-09-09T12:14:35.962+0000] {dagbag.py:587} INFO - Filling up the DagBag from /home/airflow/.local/lib/python3.12/site-packages/airflow/example_dags/example_branch_labels.py
[2024-09-09T12:14:35.967+0000] {processor.py:925} INFO - DAG(s) 'example_branch_labels' retrieved from /home/airflow/.local/lib/python3.12/site-packages/airflow/example_dags/example_branch_labels.py
[2024-09-09T12:14:35.980+0000] {logging_mixin.py:190} INFO - [2024-09-09T12:14:35.980+0000] {dag.py:3229} INFO - Sync 1 DAGs
[2024-09-09T12:14:35.998+0000] {logging_mixin.py:190} INFO - [2024-09-09T12:14:35.998+0000] {dag.py:4156} INFO - Setting next_dagrun for example_branch_labels to 2024-09-08 00:00:00+00:00, run_after=2024-09-09 00:00:00+00:00
[2024-09-09T12:14:36.010+0000] {processor.py:208} INFO - Processing /home/airflow/.local/lib/python3.12/site-packages/airflow/example_dags/example_branch_labels.py took 0.053 seconds
[2024-09-09T12:15:06.246+0000] {processor.py:186} INFO - Started process (PID=307) to work on /home/airflow/.local/lib/python3.12/site-packages/airflow/example_dags/example_branch_labels.py
[2024-09-09T12:15:06.246+0000] {processor.py:914} INFO - Processing file /home/airflow/.local/lib/python3.12/site-packages/airflow/example_dags/example_branch_labels.py for tasks to queue
[2024-09-09T12:15:06.248+0000] {logging_mixin.py:190} INFO - [2024-09-09T12:15:06.247+0000] {dagbag.py:587} INFO - Filling up the DagBag from /home/airflow/.local/lib/python3.12/site-packages/airflow/example_dags/example_branch_labels.py
[2024-09-09T12:15:06.253+0000] {processor.py:925} INFO - DAG(s) 'example_branch_labels' retrieved from /home/airflow/.local/lib/python3.12/site-packages/airflow/example_dags/example_branch_labels.py
[2024-09-09T12:15:06.266+0000] {logging_mixin.py:190} INFO - [2024-09-09T12:15:06.266+0000] {dag.py:3229} INFO - Sync 1 DAGs
[2024-09-09T12:15:06.283+0000] {logging_mixin.py:190} INFO - [2024-09-09T12:15:06.283+0000] {dag.py:4156} INFO - Setting next_dagrun for example_branch_labels to 2024-09-08 00:00:00+00:00, run_after=2024-09-09 00:00:00+00:00
[2024-09-09T12:15:06.296+0000] {processor.py:208} INFO - Processing /home/airflow/.local/lib/python3.12/site-packages/airflow/example_dags/example_branch_labels.py took 0.053 seconds
