[2024-09-09T11:33:39.069+0000] {processor.py:186} INFO - Started process (PID=85) to work on /home/airflow/.local/lib/python3.12/site-packages/airflow/example_dags/example_python_decorator.py
[2024-09-09T11:33:39.069+0000] {processor.py:914} INFO - Processing file /home/airflow/.local/lib/python3.12/site-packages/airflow/example_dags/example_python_decorator.py for tasks to queue
[2024-09-09T11:33:39.071+0000] {logging_mixin.py:190} INFO - [2024-09-09T11:33:39.070+0000] {dagbag.py:587} INFO - Filling up the DagBag from /home/airflow/.local/lib/python3.12/site-packages/airflow/example_dags/example_python_decorator.py
[2024-09-09T11:33:39.081+0000] {processor.py:925} INFO - DAG(s) 'example_python_decorator' retrieved from /home/airflow/.local/lib/python3.12/site-packages/airflow/example_dags/example_python_decorator.py
[2024-09-09T11:33:39.159+0000] {logging_mixin.py:190} INFO - [2024-09-09T11:33:39.159+0000] {dag.py:3229} INFO - Sync 1 DAGs
[2024-09-09T11:33:39.167+0000] {logging_mixin.py:190} INFO - [2024-09-09T11:33:39.166+0000] {dag.py:4156} INFO - Setting next_dagrun for example_python_decorator to None, run_after=None
[2024-09-09T11:33:39.184+0000] {processor.py:208} INFO - Processing /home/airflow/.local/lib/python3.12/site-packages/airflow/example_dags/example_python_decorator.py took 0.120 seconds
[2024-09-09T11:34:10.595+0000] {processor.py:186} INFO - Started process (PID=146) to work on /home/airflow/.local/lib/python3.12/site-packages/airflow/example_dags/example_python_decorator.py
[2024-09-09T11:34:10.596+0000] {processor.py:914} INFO - Processing file /home/airflow/.local/lib/python3.12/site-packages/airflow/example_dags/example_python_decorator.py for tasks to queue
[2024-09-09T11:34:10.597+0000] {logging_mixin.py:190} INFO - [2024-09-09T11:34:10.597+0000] {dagbag.py:587} INFO - Filling up the DagBag from /home/airflow/.local/lib/python3.12/site-packages/airflow/example_dags/example_python_decorator.py
[2024-09-09T11:34:10.607+0000] {processor.py:925} INFO - DAG(s) 'example_python_decorator' retrieved from /home/airflow/.local/lib/python3.12/site-packages/airflow/example_dags/example_python_decorator.py
[2024-09-09T11:34:11.010+0000] {logging_mixin.py:190} INFO - [2024-09-09T11:34:11.010+0000] {dag.py:3229} INFO - Sync 1 DAGs
[2024-09-09T11:34:11.017+0000] {logging_mixin.py:190} INFO - [2024-09-09T11:34:11.017+0000] {dag.py:4156} INFO - Setting next_dagrun for example_python_decorator to None, run_after=None
[2024-09-09T11:34:11.033+0000] {processor.py:208} INFO - Processing /home/airflow/.local/lib/python3.12/site-packages/airflow/example_dags/example_python_decorator.py took 0.442 seconds
[2024-09-09T11:34:42.856+0000] {processor.py:186} INFO - Started process (PID=208) to work on /home/airflow/.local/lib/python3.12/site-packages/airflow/example_dags/example_python_decorator.py
[2024-09-09T11:34:42.857+0000] {processor.py:914} INFO - Processing file /home/airflow/.local/lib/python3.12/site-packages/airflow/example_dags/example_python_decorator.py for tasks to queue
[2024-09-09T11:34:42.858+0000] {logging_mixin.py:190} INFO - [2024-09-09T11:34:42.857+0000] {dagbag.py:587} INFO - Filling up the DagBag from /home/airflow/.local/lib/python3.12/site-packages/airflow/example_dags/example_python_decorator.py
[2024-09-09T11:34:42.867+0000] {processor.py:925} INFO - DAG(s) 'example_python_decorator' retrieved from /home/airflow/.local/lib/python3.12/site-packages/airflow/example_dags/example_python_decorator.py
[2024-09-09T11:34:43.317+0000] {logging_mixin.py:190} INFO - [2024-09-09T11:34:43.317+0000] {dag.py:3229} INFO - Sync 1 DAGs
[2024-09-09T11:34:43.325+0000] {logging_mixin.py:190} INFO - [2024-09-09T11:34:43.325+0000] {dag.py:4156} INFO - Setting next_dagrun for example_python_decorator to None, run_after=None
[2024-09-09T11:34:43.335+0000] {processor.py:208} INFO - Processing /home/airflow/.local/lib/python3.12/site-packages/airflow/example_dags/example_python_decorator.py took 0.483 seconds
[2024-09-09T11:35:13.840+0000] {processor.py:186} INFO - Started process (PID=270) to work on /home/airflow/.local/lib/python3.12/site-packages/airflow/example_dags/example_python_decorator.py
[2024-09-09T11:35:13.840+0000] {processor.py:914} INFO - Processing file /home/airflow/.local/lib/python3.12/site-packages/airflow/example_dags/example_python_decorator.py for tasks to queue
[2024-09-09T11:35:13.841+0000] {logging_mixin.py:190} INFO - [2024-09-09T11:35:13.841+0000] {dagbag.py:587} INFO - Filling up the DagBag from /home/airflow/.local/lib/python3.12/site-packages/airflow/example_dags/example_python_decorator.py
[2024-09-09T11:35:13.849+0000] {processor.py:925} INFO - DAG(s) 'example_python_decorator' retrieved from /home/airflow/.local/lib/python3.12/site-packages/airflow/example_dags/example_python_decorator.py
[2024-09-09T11:35:13.864+0000] {logging_mixin.py:190} INFO - [2024-09-09T11:35:13.864+0000] {dag.py:3229} INFO - Sync 1 DAGs
[2024-09-09T11:35:13.873+0000] {logging_mixin.py:190} INFO - [2024-09-09T11:35:13.873+0000] {dag.py:4156} INFO - Setting next_dagrun for example_python_decorator to None, run_after=None
[2024-09-09T11:35:13.883+0000] {processor.py:208} INFO - Processing /home/airflow/.local/lib/python3.12/site-packages/airflow/example_dags/example_python_decorator.py took 0.048 seconds
[2024-09-09T11:35:44.094+0000] {processor.py:186} INFO - Started process (PID=331) to work on /home/airflow/.local/lib/python3.12/site-packages/airflow/example_dags/example_python_decorator.py
[2024-09-09T11:35:44.094+0000] {processor.py:914} INFO - Processing file /home/airflow/.local/lib/python3.12/site-packages/airflow/example_dags/example_python_decorator.py for tasks to queue
[2024-09-09T11:35:44.095+0000] {logging_mixin.py:190} INFO - [2024-09-09T11:35:44.095+0000] {dagbag.py:587} INFO - Filling up the DagBag from /home/airflow/.local/lib/python3.12/site-packages/airflow/example_dags/example_python_decorator.py
[2024-09-09T11:35:44.102+0000] {processor.py:925} INFO - DAG(s) 'example_python_decorator' retrieved from /home/airflow/.local/lib/python3.12/site-packages/airflow/example_dags/example_python_decorator.py
[2024-09-09T11:35:44.115+0000] {logging_mixin.py:190} INFO - [2024-09-09T11:35:44.115+0000] {dag.py:3229} INFO - Sync 1 DAGs
[2024-09-09T11:35:44.123+0000] {logging_mixin.py:190} INFO - [2024-09-09T11:35:44.123+0000] {dag.py:4156} INFO - Setting next_dagrun for example_python_decorator to None, run_after=None
[2024-09-09T11:35:44.131+0000] {processor.py:208} INFO - Processing /home/airflow/.local/lib/python3.12/site-packages/airflow/example_dags/example_python_decorator.py took 0.040 seconds
[2024-09-09T11:36:14.661+0000] {processor.py:186} INFO - Started process (PID=393) to work on /home/airflow/.local/lib/python3.12/site-packages/airflow/example_dags/example_python_decorator.py
[2024-09-09T11:36:14.661+0000] {processor.py:914} INFO - Processing file /home/airflow/.local/lib/python3.12/site-packages/airflow/example_dags/example_python_decorator.py for tasks to queue
[2024-09-09T11:36:14.662+0000] {logging_mixin.py:190} INFO - [2024-09-09T11:36:14.662+0000] {dagbag.py:587} INFO - Filling up the DagBag from /home/airflow/.local/lib/python3.12/site-packages/airflow/example_dags/example_python_decorator.py
[2024-09-09T11:36:14.671+0000] {processor.py:925} INFO - DAG(s) 'example_python_decorator' retrieved from /home/airflow/.local/lib/python3.12/site-packages/airflow/example_dags/example_python_decorator.py
[2024-09-09T11:36:15.131+0000] {logging_mixin.py:190} INFO - [2024-09-09T11:36:15.130+0000] {dag.py:3229} INFO - Sync 1 DAGs
[2024-09-09T11:36:15.142+0000] {logging_mixin.py:190} INFO - [2024-09-09T11:36:15.142+0000] {dag.py:4156} INFO - Setting next_dagrun for example_python_decorator to None, run_after=None
[2024-09-09T11:36:15.161+0000] {processor.py:208} INFO - Processing /home/airflow/.local/lib/python3.12/site-packages/airflow/example_dags/example_python_decorator.py took 0.504 seconds
[2024-09-09T12:13:05.565+0000] {processor.py:186} INFO - Started process (PID=86) to work on /home/airflow/.local/lib/python3.12/site-packages/airflow/example_dags/example_python_decorator.py
[2024-09-09T12:13:05.566+0000] {processor.py:914} INFO - Processing file /home/airflow/.local/lib/python3.12/site-packages/airflow/example_dags/example_python_decorator.py for tasks to queue
[2024-09-09T12:13:05.567+0000] {logging_mixin.py:190} INFO - [2024-09-09T12:13:05.567+0000] {dagbag.py:587} INFO - Filling up the DagBag from /home/airflow/.local/lib/python3.12/site-packages/airflow/example_dags/example_python_decorator.py
[2024-09-09T12:13:05.580+0000] {processor.py:925} INFO - DAG(s) 'example_python_decorator' retrieved from /home/airflow/.local/lib/python3.12/site-packages/airflow/example_dags/example_python_decorator.py
[2024-09-09T12:13:05.648+0000] {logging_mixin.py:190} INFO - [2024-09-09T12:13:05.647+0000] {dag.py:3229} INFO - Sync 1 DAGs
[2024-09-09T12:13:05.658+0000] {logging_mixin.py:190} INFO - [2024-09-09T12:13:05.658+0000] {dag.py:4156} INFO - Setting next_dagrun for example_python_decorator to None, run_after=None
[2024-09-09T12:13:05.675+0000] {processor.py:208} INFO - Processing /home/airflow/.local/lib/python3.12/site-packages/airflow/example_dags/example_python_decorator.py took 0.114 seconds
[2024-09-09T12:13:36.067+0000] {processor.py:186} INFO - Started process (PID=148) to work on /home/airflow/.local/lib/python3.12/site-packages/airflow/example_dags/example_python_decorator.py
[2024-09-09T12:13:36.067+0000] {processor.py:914} INFO - Processing file /home/airflow/.local/lib/python3.12/site-packages/airflow/example_dags/example_python_decorator.py for tasks to queue
[2024-09-09T12:13:36.068+0000] {logging_mixin.py:190} INFO - [2024-09-09T12:13:36.068+0000] {dagbag.py:587} INFO - Filling up the DagBag from /home/airflow/.local/lib/python3.12/site-packages/airflow/example_dags/example_python_decorator.py
[2024-09-09T12:13:36.076+0000] {processor.py:925} INFO - DAG(s) 'example_python_decorator' retrieved from /home/airflow/.local/lib/python3.12/site-packages/airflow/example_dags/example_python_decorator.py
[2024-09-09T12:13:36.092+0000] {logging_mixin.py:190} INFO - [2024-09-09T12:13:36.092+0000] {dag.py:3229} INFO - Sync 1 DAGs
[2024-09-09T12:13:36.101+0000] {logging_mixin.py:190} INFO - [2024-09-09T12:13:36.101+0000] {dag.py:4156} INFO - Setting next_dagrun for example_python_decorator to None, run_after=None
[2024-09-09T12:13:36.113+0000] {processor.py:208} INFO - Processing /home/airflow/.local/lib/python3.12/site-packages/airflow/example_dags/example_python_decorator.py took 0.050 seconds
[2024-09-09T12:14:06.552+0000] {processor.py:186} INFO - Started process (PID=210) to work on /home/airflow/.local/lib/python3.12/site-packages/airflow/example_dags/example_python_decorator.py
[2024-09-09T12:14:06.553+0000] {processor.py:914} INFO - Processing file /home/airflow/.local/lib/python3.12/site-packages/airflow/example_dags/example_python_decorator.py for tasks to queue
[2024-09-09T12:14:06.554+0000] {logging_mixin.py:190} INFO - [2024-09-09T12:14:06.554+0000] {dagbag.py:587} INFO - Filling up the DagBag from /home/airflow/.local/lib/python3.12/site-packages/airflow/example_dags/example_python_decorator.py
[2024-09-09T12:14:06.563+0000] {processor.py:925} INFO - DAG(s) 'example_python_decorator' retrieved from /home/airflow/.local/lib/python3.12/site-packages/airflow/example_dags/example_python_decorator.py
[2024-09-09T12:14:06.581+0000] {logging_mixin.py:190} INFO - [2024-09-09T12:14:06.581+0000] {dag.py:3229} INFO - Sync 1 DAGs
[2024-09-09T12:14:06.592+0000] {logging_mixin.py:190} INFO - [2024-09-09T12:14:06.592+0000] {dag.py:4156} INFO - Setting next_dagrun for example_python_decorator to None, run_after=None
[2024-09-09T12:14:06.606+0000] {processor.py:208} INFO - Processing /home/airflow/.local/lib/python3.12/site-packages/airflow/example_dags/example_python_decorator.py took 0.057 seconds
[2024-09-09T12:14:36.934+0000] {processor.py:186} INFO - Started process (PID=272) to work on /home/airflow/.local/lib/python3.12/site-packages/airflow/example_dags/example_python_decorator.py
[2024-09-09T12:14:36.935+0000] {processor.py:914} INFO - Processing file /home/airflow/.local/lib/python3.12/site-packages/airflow/example_dags/example_python_decorator.py for tasks to queue
[2024-09-09T12:14:36.936+0000] {logging_mixin.py:190} INFO - [2024-09-09T12:14:36.936+0000] {dagbag.py:587} INFO - Filling up the DagBag from /home/airflow/.local/lib/python3.12/site-packages/airflow/example_dags/example_python_decorator.py
[2024-09-09T12:14:36.945+0000] {processor.py:925} INFO - DAG(s) 'example_python_decorator' retrieved from /home/airflow/.local/lib/python3.12/site-packages/airflow/example_dags/example_python_decorator.py
[2024-09-09T12:14:36.960+0000] {logging_mixin.py:190} INFO - [2024-09-09T12:14:36.959+0000] {dag.py:3229} INFO - Sync 1 DAGs
[2024-09-09T12:14:36.968+0000] {logging_mixin.py:190} INFO - [2024-09-09T12:14:36.968+0000] {dag.py:4156} INFO - Setting next_dagrun for example_python_decorator to None, run_after=None
[2024-09-09T12:14:36.980+0000] {processor.py:208} INFO - Processing /home/airflow/.local/lib/python3.12/site-packages/airflow/example_dags/example_python_decorator.py took 0.050 seconds
[2024-09-09T12:15:07.386+0000] {processor.py:186} INFO - Started process (PID=334) to work on /home/airflow/.local/lib/python3.12/site-packages/airflow/example_dags/example_python_decorator.py
[2024-09-09T12:15:07.386+0000] {processor.py:914} INFO - Processing file /home/airflow/.local/lib/python3.12/site-packages/airflow/example_dags/example_python_decorator.py for tasks to queue
[2024-09-09T12:15:07.388+0000] {logging_mixin.py:190} INFO - [2024-09-09T12:15:07.388+0000] {dagbag.py:587} INFO - Filling up the DagBag from /home/airflow/.local/lib/python3.12/site-packages/airflow/example_dags/example_python_decorator.py
[2024-09-09T12:15:07.398+0000] {processor.py:925} INFO - DAG(s) 'example_python_decorator' retrieved from /home/airflow/.local/lib/python3.12/site-packages/airflow/example_dags/example_python_decorator.py
[2024-09-09T12:15:07.412+0000] {logging_mixin.py:190} INFO - [2024-09-09T12:15:07.412+0000] {dag.py:3229} INFO - Sync 1 DAGs
[2024-09-09T12:15:07.421+0000] {logging_mixin.py:190} INFO - [2024-09-09T12:15:07.421+0000] {dag.py:4156} INFO - Setting next_dagrun for example_python_decorator to None, run_after=None
[2024-09-09T12:15:07.434+0000] {processor.py:208} INFO - Processing /home/airflow/.local/lib/python3.12/site-packages/airflow/example_dags/example_python_decorator.py took 0.053 seconds
