[2024-09-09T11:33:36.597+0000] {processor.py:186} INFO - Started process (PID=71) to work on /home/airflow/.local/lib/python3.12/site-packages/airflow/example_dags/example_xcom.py
[2024-09-09T11:33:36.597+0000] {processor.py:914} INFO - Processing file /home/airflow/.local/lib/python3.12/site-packages/airflow/example_dags/example_xcom.py for tasks to queue
[2024-09-09T11:33:36.599+0000] {logging_mixin.py:190} INFO - [2024-09-09T11:33:36.598+0000] {dagbag.py:587} INFO - Filling up the DagBag from /home/airflow/.local/lib/python3.12/site-packages/airflow/example_dags/example_xcom.py
[2024-09-09T11:33:36.605+0000] {processor.py:925} INFO - DAG(s) 'example_xcom' retrieved from /home/airflow/.local/lib/python3.12/site-packages/airflow/example_dags/example_xcom.py
[2024-09-09T11:33:37.130+0000] {logging_mixin.py:190} INFO - [2024-09-09T11:33:37.129+0000] {dag.py:3229} INFO - Sync 1 DAGs
[2024-09-09T11:33:37.150+0000] {logging_mixin.py:190} INFO - [2024-09-09T11:33:37.150+0000] {dag.py:4156} INFO - Setting next_dagrun for example_xcom to 2021-01-01 00:00:00+00:00, run_after=2021-01-01 00:00:00+00:00
[2024-09-09T11:33:37.167+0000] {processor.py:208} INFO - Processing /home/airflow/.local/lib/python3.12/site-packages/airflow/example_dags/example_xcom.py took 0.574 seconds
[2024-09-09T11:34:08.262+0000] {processor.py:186} INFO - Started process (PID=135) to work on /home/airflow/.local/lib/python3.12/site-packages/airflow/example_dags/example_xcom.py
[2024-09-09T11:34:08.263+0000] {processor.py:914} INFO - Processing file /home/airflow/.local/lib/python3.12/site-packages/airflow/example_dags/example_xcom.py for tasks to queue
[2024-09-09T11:34:08.264+0000] {logging_mixin.py:190} INFO - [2024-09-09T11:34:08.264+0000] {dagbag.py:587} INFO - Filling up the DagBag from /home/airflow/.local/lib/python3.12/site-packages/airflow/example_dags/example_xcom.py
[2024-09-09T11:34:08.270+0000] {processor.py:925} INFO - DAG(s) 'example_xcom' retrieved from /home/airflow/.local/lib/python3.12/site-packages/airflow/example_dags/example_xcom.py
[2024-09-09T11:34:08.286+0000] {logging_mixin.py:190} INFO - [2024-09-09T11:34:08.286+0000] {dag.py:3229} INFO - Sync 1 DAGs
[2024-09-09T11:34:08.297+0000] {logging_mixin.py:190} INFO - [2024-09-09T11:34:08.297+0000] {dag.py:4156} INFO - Setting next_dagrun for example_xcom to 2021-01-01 00:00:00+00:00, run_after=2021-01-01 00:00:00+00:00
[2024-09-09T11:34:08.307+0000] {processor.py:208} INFO - Processing /home/airflow/.local/lib/python3.12/site-packages/airflow/example_dags/example_xcom.py took 0.049 seconds
[2024-09-09T11:34:40.555+0000] {processor.py:186} INFO - Started process (PID=195) to work on /home/airflow/.local/lib/python3.12/site-packages/airflow/example_dags/example_xcom.py
[2024-09-09T11:34:40.555+0000] {processor.py:914} INFO - Processing file /home/airflow/.local/lib/python3.12/site-packages/airflow/example_dags/example_xcom.py for tasks to queue
[2024-09-09T11:34:40.556+0000] {logging_mixin.py:190} INFO - [2024-09-09T11:34:40.555+0000] {dagbag.py:587} INFO - Filling up the DagBag from /home/airflow/.local/lib/python3.12/site-packages/airflow/example_dags/example_xcom.py
[2024-09-09T11:34:40.560+0000] {processor.py:925} INFO - DAG(s) 'example_xcom' retrieved from /home/airflow/.local/lib/python3.12/site-packages/airflow/example_dags/example_xcom.py
[2024-09-09T11:34:40.572+0000] {logging_mixin.py:190} INFO - [2024-09-09T11:34:40.572+0000] {dag.py:3229} INFO - Sync 1 DAGs
[2024-09-09T11:34:40.584+0000] {logging_mixin.py:190} INFO - [2024-09-09T11:34:40.584+0000] {dag.py:4156} INFO - Setting next_dagrun for example_xcom to 2021-01-01 00:00:00+00:00, run_after=2021-01-01 00:00:00+00:00
[2024-09-09T11:34:40.594+0000] {processor.py:208} INFO - Processing /home/airflow/.local/lib/python3.12/site-packages/airflow/example_dags/example_xcom.py took 0.042 seconds
[2024-09-09T11:35:11.420+0000] {processor.py:186} INFO - Started process (PID=257) to work on /home/airflow/.local/lib/python3.12/site-packages/airflow/example_dags/example_xcom.py
[2024-09-09T11:35:11.421+0000] {processor.py:914} INFO - Processing file /home/airflow/.local/lib/python3.12/site-packages/airflow/example_dags/example_xcom.py for tasks to queue
[2024-09-09T11:35:11.421+0000] {logging_mixin.py:190} INFO - [2024-09-09T11:35:11.421+0000] {dagbag.py:587} INFO - Filling up the DagBag from /home/airflow/.local/lib/python3.12/site-packages/airflow/example_dags/example_xcom.py
[2024-09-09T11:35:11.428+0000] {processor.py:925} INFO - DAG(s) 'example_xcom' retrieved from /home/airflow/.local/lib/python3.12/site-packages/airflow/example_dags/example_xcom.py
[2024-09-09T11:35:11.443+0000] {logging_mixin.py:190} INFO - [2024-09-09T11:35:11.442+0000] {dag.py:3229} INFO - Sync 1 DAGs
[2024-09-09T11:35:11.457+0000] {logging_mixin.py:190} INFO - [2024-09-09T11:35:11.456+0000] {dag.py:4156} INFO - Setting next_dagrun for example_xcom to 2021-01-01 00:00:00+00:00, run_after=2021-01-01 00:00:00+00:00
[2024-09-09T11:35:11.467+0000] {processor.py:208} INFO - Processing /home/airflow/.local/lib/python3.12/site-packages/airflow/example_dags/example_xcom.py took 0.051 seconds
[2024-09-09T11:35:41.930+0000] {processor.py:186} INFO - Started process (PID=319) to work on /home/airflow/.local/lib/python3.12/site-packages/airflow/example_dags/example_xcom.py
[2024-09-09T11:35:41.931+0000] {processor.py:914} INFO - Processing file /home/airflow/.local/lib/python3.12/site-packages/airflow/example_dags/example_xcom.py for tasks to queue
[2024-09-09T11:35:41.931+0000] {logging_mixin.py:190} INFO - [2024-09-09T11:35:41.931+0000] {dagbag.py:587} INFO - Filling up the DagBag from /home/airflow/.local/lib/python3.12/site-packages/airflow/example_dags/example_xcom.py
[2024-09-09T11:35:41.936+0000] {processor.py:925} INFO - DAG(s) 'example_xcom' retrieved from /home/airflow/.local/lib/python3.12/site-packages/airflow/example_dags/example_xcom.py
[2024-09-09T11:35:41.947+0000] {logging_mixin.py:190} INFO - [2024-09-09T11:35:41.947+0000] {dag.py:3229} INFO - Sync 1 DAGs
[2024-09-09T11:35:41.958+0000] {logging_mixin.py:190} INFO - [2024-09-09T11:35:41.958+0000] {dag.py:4156} INFO - Setting next_dagrun for example_xcom to 2021-01-01 00:00:00+00:00, run_after=2021-01-01 00:00:00+00:00
[2024-09-09T11:35:41.967+0000] {processor.py:208} INFO - Processing /home/airflow/.local/lib/python3.12/site-packages/airflow/example_dags/example_xcom.py took 0.042 seconds
[2024-09-09T11:36:12.955+0000] {processor.py:186} INFO - Started process (PID=381) to work on /home/airflow/.local/lib/python3.12/site-packages/airflow/example_dags/example_xcom.py
[2024-09-09T11:36:12.955+0000] {processor.py:914} INFO - Processing file /home/airflow/.local/lib/python3.12/site-packages/airflow/example_dags/example_xcom.py for tasks to queue
[2024-09-09T11:36:12.956+0000] {logging_mixin.py:190} INFO - [2024-09-09T11:36:12.956+0000] {dagbag.py:587} INFO - Filling up the DagBag from /home/airflow/.local/lib/python3.12/site-packages/airflow/example_dags/example_xcom.py
[2024-09-09T11:36:12.961+0000] {processor.py:925} INFO - DAG(s) 'example_xcom' retrieved from /home/airflow/.local/lib/python3.12/site-packages/airflow/example_dags/example_xcom.py
[2024-09-09T11:36:12.975+0000] {logging_mixin.py:190} INFO - [2024-09-09T11:36:12.974+0000] {dag.py:3229} INFO - Sync 1 DAGs
[2024-09-09T11:36:12.991+0000] {logging_mixin.py:190} INFO - [2024-09-09T11:36:12.991+0000] {dag.py:4156} INFO - Setting next_dagrun for example_xcom to 2021-01-01 00:00:00+00:00, run_after=2021-01-01 00:00:00+00:00
[2024-09-09T11:36:13.003+0000] {processor.py:208} INFO - Processing /home/airflow/.local/lib/python3.12/site-packages/airflow/example_dags/example_xcom.py took 0.052 seconds
[2024-09-09T12:13:04.938+0000] {processor.py:186} INFO - Started process (PID=72) to work on /home/airflow/.local/lib/python3.12/site-packages/airflow/example_dags/example_xcom.py
[2024-09-09T12:13:04.939+0000] {processor.py:914} INFO - Processing file /home/airflow/.local/lib/python3.12/site-packages/airflow/example_dags/example_xcom.py for tasks to queue
[2024-09-09T12:13:04.940+0000] {logging_mixin.py:190} INFO - [2024-09-09T12:13:04.940+0000] {dagbag.py:587} INFO - Filling up the DagBag from /home/airflow/.local/lib/python3.12/site-packages/airflow/example_dags/example_xcom.py
[2024-09-09T12:13:04.945+0000] {processor.py:925} INFO - DAG(s) 'example_xcom' retrieved from /home/airflow/.local/lib/python3.12/site-packages/airflow/example_dags/example_xcom.py
[2024-09-09T12:13:04.961+0000] {logging_mixin.py:190} INFO - [2024-09-09T12:13:04.961+0000] {dag.py:3229} INFO - Sync 1 DAGs
[2024-09-09T12:13:04.978+0000] {logging_mixin.py:190} INFO - [2024-09-09T12:13:04.978+0000] {dag.py:4156} INFO - Setting next_dagrun for example_xcom to 2021-01-01 00:00:00+00:00, run_after=2021-01-01 00:00:00+00:00
[2024-09-09T12:13:04.989+0000] {processor.py:208} INFO - Processing /home/airflow/.local/lib/python3.12/site-packages/airflow/example_dags/example_xcom.py took 0.054 seconds
[2024-09-09T12:13:35.487+0000] {processor.py:186} INFO - Started process (PID=134) to work on /home/airflow/.local/lib/python3.12/site-packages/airflow/example_dags/example_xcom.py
[2024-09-09T12:13:35.488+0000] {processor.py:914} INFO - Processing file /home/airflow/.local/lib/python3.12/site-packages/airflow/example_dags/example_xcom.py for tasks to queue
[2024-09-09T12:13:35.489+0000] {logging_mixin.py:190} INFO - [2024-09-09T12:13:35.489+0000] {dagbag.py:587} INFO - Filling up the DagBag from /home/airflow/.local/lib/python3.12/site-packages/airflow/example_dags/example_xcom.py
[2024-09-09T12:13:35.494+0000] {processor.py:925} INFO - DAG(s) 'example_xcom' retrieved from /home/airflow/.local/lib/python3.12/site-packages/airflow/example_dags/example_xcom.py
[2024-09-09T12:13:35.506+0000] {logging_mixin.py:190} INFO - [2024-09-09T12:13:35.506+0000] {dag.py:3229} INFO - Sync 1 DAGs
[2024-09-09T12:13:35.519+0000] {logging_mixin.py:190} INFO - [2024-09-09T12:13:35.519+0000] {dag.py:4156} INFO - Setting next_dagrun for example_xcom to 2021-01-01 00:00:00+00:00, run_after=2021-01-01 00:00:00+00:00
[2024-09-09T12:13:35.529+0000] {processor.py:208} INFO - Processing /home/airflow/.local/lib/python3.12/site-packages/airflow/example_dags/example_xcom.py took 0.045 seconds
[2024-09-09T12:14:05.938+0000] {processor.py:186} INFO - Started process (PID=196) to work on /home/airflow/.local/lib/python3.12/site-packages/airflow/example_dags/example_xcom.py
[2024-09-09T12:14:05.939+0000] {processor.py:914} INFO - Processing file /home/airflow/.local/lib/python3.12/site-packages/airflow/example_dags/example_xcom.py for tasks to queue
[2024-09-09T12:14:05.940+0000] {logging_mixin.py:190} INFO - [2024-09-09T12:14:05.940+0000] {dagbag.py:587} INFO - Filling up the DagBag from /home/airflow/.local/lib/python3.12/site-packages/airflow/example_dags/example_xcom.py
[2024-09-09T12:14:05.945+0000] {processor.py:925} INFO - DAG(s) 'example_xcom' retrieved from /home/airflow/.local/lib/python3.12/site-packages/airflow/example_dags/example_xcom.py
[2024-09-09T12:14:05.957+0000] {logging_mixin.py:190} INFO - [2024-09-09T12:14:05.957+0000] {dag.py:3229} INFO - Sync 1 DAGs
[2024-09-09T12:14:05.970+0000] {logging_mixin.py:190} INFO - [2024-09-09T12:14:05.970+0000] {dag.py:4156} INFO - Setting next_dagrun for example_xcom to 2021-01-01 00:00:00+00:00, run_after=2021-01-01 00:00:00+00:00
[2024-09-09T12:14:05.982+0000] {processor.py:208} INFO - Processing /home/airflow/.local/lib/python3.12/site-packages/airflow/example_dags/example_xcom.py took 0.047 seconds
[2024-09-09T12:14:36.400+0000] {processor.py:186} INFO - Started process (PID=258) to work on /home/airflow/.local/lib/python3.12/site-packages/airflow/example_dags/example_xcom.py
[2024-09-09T12:14:36.401+0000] {processor.py:914} INFO - Processing file /home/airflow/.local/lib/python3.12/site-packages/airflow/example_dags/example_xcom.py for tasks to queue
[2024-09-09T12:14:36.403+0000] {logging_mixin.py:190} INFO - [2024-09-09T12:14:36.402+0000] {dagbag.py:587} INFO - Filling up the DagBag from /home/airflow/.local/lib/python3.12/site-packages/airflow/example_dags/example_xcom.py
[2024-09-09T12:14:36.408+0000] {processor.py:925} INFO - DAG(s) 'example_xcom' retrieved from /home/airflow/.local/lib/python3.12/site-packages/airflow/example_dags/example_xcom.py
[2024-09-09T12:14:36.420+0000] {logging_mixin.py:190} INFO - [2024-09-09T12:14:36.420+0000] {dag.py:3229} INFO - Sync 1 DAGs
[2024-09-09T12:14:36.432+0000] {logging_mixin.py:190} INFO - [2024-09-09T12:14:36.432+0000] {dag.py:4156} INFO - Setting next_dagrun for example_xcom to 2021-01-01 00:00:00+00:00, run_after=2021-01-01 00:00:00+00:00
[2024-09-09T12:14:36.444+0000] {processor.py:208} INFO - Processing /home/airflow/.local/lib/python3.12/site-packages/airflow/example_dags/example_xcom.py took 0.047 seconds
[2024-09-09T12:15:06.823+0000] {processor.py:186} INFO - Started process (PID=320) to work on /home/airflow/.local/lib/python3.12/site-packages/airflow/example_dags/example_xcom.py
[2024-09-09T12:15:06.823+0000] {processor.py:914} INFO - Processing file /home/airflow/.local/lib/python3.12/site-packages/airflow/example_dags/example_xcom.py for tasks to queue
[2024-09-09T12:15:06.824+0000] {logging_mixin.py:190} INFO - [2024-09-09T12:15:06.824+0000] {dagbag.py:587} INFO - Filling up the DagBag from /home/airflow/.local/lib/python3.12/site-packages/airflow/example_dags/example_xcom.py
[2024-09-09T12:15:06.829+0000] {processor.py:925} INFO - DAG(s) 'example_xcom' retrieved from /home/airflow/.local/lib/python3.12/site-packages/airflow/example_dags/example_xcom.py
[2024-09-09T12:15:06.842+0000] {logging_mixin.py:190} INFO - [2024-09-09T12:15:06.841+0000] {dag.py:3229} INFO - Sync 1 DAGs
[2024-09-09T12:15:06.854+0000] {logging_mixin.py:190} INFO - [2024-09-09T12:15:06.853+0000] {dag.py:4156} INFO - Setting next_dagrun for example_xcom to 2021-01-01 00:00:00+00:00, run_after=2021-01-01 00:00:00+00:00
[2024-09-09T12:15:06.865+0000] {processor.py:208} INFO - Processing /home/airflow/.local/lib/python3.12/site-packages/airflow/example_dags/example_xcom.py took 0.045 seconds
