[2024-09-09T11:33:38.269+0000] {processor.py:186} INFO - Started process (PID=78) to work on /home/airflow/.local/lib/python3.12/site-packages/airflow/example_dags/example_datasets.py
[2024-09-09T11:33:38.270+0000] {processor.py:914} INFO - Processing file /home/airflow/.local/lib/python3.12/site-packages/airflow/example_dags/example_datasets.py for tasks to queue
[2024-09-09T11:33:38.271+0000] {logging_mixin.py:190} INFO - [2024-09-09T11:33:38.271+0000] {dagbag.py:587} INFO - Filling up the DagBag from /home/airflow/.local/lib/python3.12/site-packages/airflow/example_dags/example_datasets.py
[2024-09-09T11:33:38.351+0000] {processor.py:925} INFO - DAG(s) 'consume_1_or_2_with_dataset_expressions', 'dataset_consumes_1', 'consume_1_and_2_with_dataset_expressions', 'consume_1_or_both_2_and_3_with_dataset_expressions', 'dataset_consumes_1_never_scheduled', 'dataset_produces_1', 'conditional_dataset_and_time_based_timetable', 'dataset_consumes_1_and_2', 'dataset_consumes_unknown_never_scheduled', 'dataset_produces_2' retrieved from /home/airflow/.local/lib/python3.12/site-packages/airflow/example_dags/example_datasets.py
[2024-09-09T11:33:38.375+0000] {logging_mixin.py:190} INFO - [2024-09-09T11:33:38.374+0000] {dag.py:3229} INFO - Sync 10 DAGs
[2024-09-09T11:33:38.389+0000] {logging_mixin.py:190} INFO - [2024-09-09T11:33:38.389+0000] {dag.py:4156} INFO - Setting next_dagrun for conditional_dataset_and_time_based_timetable to 2024-09-04 01:00:00+00:00, run_after=2024-09-04 01:00:00+00:00
[2024-09-09T11:33:38.391+0000] {logging_mixin.py:190} INFO - [2024-09-09T11:33:38.391+0000] {dag.py:4156} INFO - Setting next_dagrun for consume_1_and_2_with_dataset_expressions to None, run_after=None
[2024-09-09T11:33:38.392+0000] {logging_mixin.py:190} INFO - [2024-09-09T11:33:38.392+0000] {dag.py:4156} INFO - Setting next_dagrun for consume_1_or_2_with_dataset_expressions to None, run_after=None
[2024-09-09T11:33:38.392+0000] {logging_mixin.py:190} INFO - [2024-09-09T11:33:38.392+0000] {dag.py:4156} INFO - Setting next_dagrun for consume_1_or_both_2_and_3_with_dataset_expressions to None, run_after=None
[2024-09-09T11:33:38.393+0000] {logging_mixin.py:190} INFO - [2024-09-09T11:33:38.393+0000] {dag.py:4156} INFO - Setting next_dagrun for dataset_consumes_1 to None, run_after=None
[2024-09-09T11:33:38.394+0000] {logging_mixin.py:190} INFO - [2024-09-09T11:33:38.394+0000] {dag.py:4156} INFO - Setting next_dagrun for dataset_consumes_1_and_2 to None, run_after=None
[2024-09-09T11:33:38.395+0000] {logging_mixin.py:190} INFO - [2024-09-09T11:33:38.394+0000] {dag.py:4156} INFO - Setting next_dagrun for dataset_consumes_1_never_scheduled to None, run_after=None
[2024-09-09T11:33:38.395+0000] {logging_mixin.py:190} INFO - [2024-09-09T11:33:38.395+0000] {dag.py:4156} INFO - Setting next_dagrun for dataset_consumes_unknown_never_scheduled to None, run_after=None
[2024-09-09T11:33:38.396+0000] {logging_mixin.py:190} INFO - [2024-09-09T11:33:38.396+0000] {dag.py:4156} INFO - Setting next_dagrun for dataset_produces_1 to 2024-09-08 00:00:00+00:00, run_after=2024-09-09 00:00:00+00:00
[2024-09-09T11:33:38.397+0000] {logging_mixin.py:190} INFO - [2024-09-09T11:33:38.397+0000] {dag.py:4156} INFO - Setting next_dagrun for dataset_produces_2 to None, run_after=None
[2024-09-09T11:33:38.415+0000] {processor.py:208} INFO - Processing /home/airflow/.local/lib/python3.12/site-packages/airflow/example_dags/example_datasets.py took 0.149 seconds
[2024-09-09T11:34:09.117+0000] {processor.py:186} INFO - Started process (PID=140) to work on /home/airflow/.local/lib/python3.12/site-packages/airflow/example_dags/example_datasets.py
[2024-09-09T11:34:09.123+0000] {processor.py:914} INFO - Processing file /home/airflow/.local/lib/python3.12/site-packages/airflow/example_dags/example_datasets.py for tasks to queue
[2024-09-09T11:34:09.125+0000] {logging_mixin.py:190} INFO - [2024-09-09T11:34:09.124+0000] {dagbag.py:587} INFO - Filling up the DagBag from /home/airflow/.local/lib/python3.12/site-packages/airflow/example_dags/example_datasets.py
[2024-09-09T11:34:09.203+0000] {processor.py:925} INFO - DAG(s) 'dataset_consumes_1_and_2', 'dataset_consumes_1', 'dataset_consumes_unknown_never_scheduled', 'consume_1_or_both_2_and_3_with_dataset_expressions', 'dataset_produces_2', 'dataset_produces_1', 'dataset_consumes_1_never_scheduled', 'consume_1_or_2_with_dataset_expressions', 'consume_1_and_2_with_dataset_expressions', 'conditional_dataset_and_time_based_timetable' retrieved from /home/airflow/.local/lib/python3.12/site-packages/airflow/example_dags/example_datasets.py
[2024-09-09T11:34:10.080+0000] {processor.py:211} ERROR - Got an exception! Propagating...
Traceback (most recent call last):
  File "/home/airflow/.local/lib/python3.12/site-packages/sqlalchemy/engine/base.py", line 3371, in _wrap_pool_connect
    return fn()
           ^^^^
  File "/home/airflow/.local/lib/python3.12/site-packages/sqlalchemy/pool/base.py", line 327, in connect
    return _ConnectionFairy._checkout(self)
           ^^^^^^^^^^^^^^^^^^^^^^^^^^^^^^^^
  File "/home/airflow/.local/lib/python3.12/site-packages/sqlalchemy/pool/base.py", line 894, in _checkout
    fairy = _ConnectionRecord.checkout(pool)
            ^^^^^^^^^^^^^^^^^^^^^^^^^^^^^^^^
  File "/home/airflow/.local/lib/python3.12/site-packages/sqlalchemy/pool/base.py", line 493, in checkout
    rec = pool._do_get()
          ^^^^^^^^^^^^^^
  File "/home/airflow/.local/lib/python3.12/site-packages/sqlalchemy/pool/impl.py", line 145, in _do_get
    with util.safe_reraise():
  File "/home/airflow/.local/lib/python3.12/site-packages/sqlalchemy/util/langhelpers.py", line 70, in __exit__
    compat.raise_(
  File "/home/airflow/.local/lib/python3.12/site-packages/sqlalchemy/util/compat.py", line 211, in raise_
    raise exception
  File "/home/airflow/.local/lib/python3.12/site-packages/sqlalchemy/pool/impl.py", line 143, in _do_get
    return self._create_connection()
           ^^^^^^^^^^^^^^^^^^^^^^^^^
  File "/home/airflow/.local/lib/python3.12/site-packages/sqlalchemy/pool/base.py", line 273, in _create_connection
    return _ConnectionRecord(self)
           ^^^^^^^^^^^^^^^^^^^^^^^
  File "/home/airflow/.local/lib/python3.12/site-packages/sqlalchemy/pool/base.py", line 388, in __init__
    self.__connect()
  File "/home/airflow/.local/lib/python3.12/site-packages/sqlalchemy/pool/base.py", line 690, in __connect
    with util.safe_reraise():
  File "/home/airflow/.local/lib/python3.12/site-packages/sqlalchemy/util/langhelpers.py", line 70, in __exit__
    compat.raise_(
  File "/home/airflow/.local/lib/python3.12/site-packages/sqlalchemy/util/compat.py", line 211, in raise_
    raise exception
  File "/home/airflow/.local/lib/python3.12/site-packages/sqlalchemy/pool/base.py", line 686, in __connect
    self.dbapi_connection = connection = pool._invoke_creator(self)
                                         ^^^^^^^^^^^^^^^^^^^^^^^^^^
  File "/home/airflow/.local/lib/python3.12/site-packages/sqlalchemy/engine/create.py", line 574, in connect
    return dialect.connect(*cargs, **cparams)
           ^^^^^^^^^^^^^^^^^^^^^^^^^^^^^^^^^^
  File "/home/airflow/.local/lib/python3.12/site-packages/sqlalchemy/engine/default.py", line 598, in connect
    return self.dbapi.connect(*cargs, **cparams)
           ^^^^^^^^^^^^^^^^^^^^^^^^^^^^^^^^^^^^^
  File "/home/airflow/.local/lib/python3.12/site-packages/psycopg2/__init__.py", line 122, in connect
    conn = _connect(dsn, connection_factory=connection_factory, **kwasync)
           ^^^^^^^^^^^^^^^^^^^^^^^^^^^^^^^^^^^^^^^^^^^^^^^^^^^^^^^^^^^^^^^
psycopg2.OperationalError: connection to server at "postgres" (172.26.0.7), port 5432 failed: FATAL:  password authentication failed for user "airflow"


The above exception was the direct cause of the following exception:

Traceback (most recent call last):
  File "/home/airflow/.local/lib/python3.12/site-packages/airflow/dag_processing/processor.py", line 207, in _run_file_processor
    _handle_dag_file_processing()
  File "/home/airflow/.local/lib/python3.12/site-packages/airflow/dag_processing/processor.py", line 188, in _handle_dag_file_processing
    result: tuple[int, int, int] = dag_file_processor.process_file(
                                   ^^^^^^^^^^^^^^^^^^^^^^^^^^^^^^^^
  File "/home/airflow/.local/lib/python3.12/site-packages/airflow/utils/session.py", line 97, in wrapper
    return func(*args, session=session, **kwargs)
           ^^^^^^^^^^^^^^^^^^^^^^^^^^^^^^^^^^^^^^
  File "/home/airflow/.local/lib/python3.12/site-packages/airflow/dag_processing/processor.py", line 942, in process_file
    serialize_errors = DagFileProcessor.save_dag_to_db(
                       ^^^^^^^^^^^^^^^^^^^^^^^^^^^^^^^^
  File "/home/airflow/.local/lib/python3.12/site-packages/airflow/api_internal/internal_api_call.py", line 139, in wrapper
    return func(*args, **kwargs)
           ^^^^^^^^^^^^^^^^^^^^^
  File "/home/airflow/.local/lib/python3.12/site-packages/airflow/utils/session.py", line 97, in wrapper
    return func(*args, session=session, **kwargs)
           ^^^^^^^^^^^^^^^^^^^^^^^^^^^^^^^^^^^^^^
  File "/home/airflow/.local/lib/python3.12/site-packages/airflow/dag_processing/processor.py", line 982, in save_dag_to_db
    import_errors = DagBag._sync_to_db(dags=dags, processor_subdir=dag_directory, session=session)
                    ^^^^^^^^^^^^^^^^^^^^^^^^^^^^^^^^^^^^^^^^^^^^^^^^^^^^^^^^^^^^^^^^^^^^^^^^^^^^^^
  File "/home/airflow/.local/lib/python3.12/site-packages/airflow/utils/session.py", line 94, in wrapper
    return func(*args, **kwargs)
           ^^^^^^^^^^^^^^^^^^^^^
  File "/home/airflow/.local/lib/python3.12/site-packages/airflow/models/dagbag.py", line 707, in _sync_to_db
    for attempt in run_with_db_retries(logger=log):
                   ^^^^^^^^^^^^^^^^^^^^^^^^^^^^^^^
  File "/home/airflow/.local/lib/python3.12/site-packages/tenacity/__init__.py", line 443, in __iter__
    do = self.iter(retry_state=retry_state)
         ^^^^^^^^^^^^^^^^^^^^^^^^^^^^^^^^^^
  File "/home/airflow/.local/lib/python3.12/site-packages/tenacity/__init__.py", line 376, in iter
    result = action(retry_state)
             ^^^^^^^^^^^^^^^^^^^
  File "/home/airflow/.local/lib/python3.12/site-packages/tenacity/__init__.py", line 418, in exc_check
    raise retry_exc.reraise()
          ^^^^^^^^^^^^^^^^^^^
  File "/home/airflow/.local/lib/python3.12/site-packages/tenacity/__init__.py", line 185, in reraise
    raise self.last_attempt.result()
          ^^^^^^^^^^^^^^^^^^^^^^^^^^
  File "/usr/local/lib/python3.12/concurrent/futures/_base.py", line 449, in result
    return self.__get_result()
           ^^^^^^^^^^^^^^^^^^^
  File "/usr/local/lib/python3.12/concurrent/futures/_base.py", line 401, in __get_result
    raise self._exception
  File "/home/airflow/.local/lib/python3.12/site-packages/airflow/models/dagbag.py", line 720, in _sync_to_db
    _serialize_dag_capturing_errors(dag, session, processor_subdir)
  File "/home/airflow/.local/lib/python3.12/site-packages/airflow/models/dagbag.py", line 685, in _serialize_dag_capturing_errors
    dag_was_updated = SerializedDagModel.write_dag(
                      ^^^^^^^^^^^^^^^^^^^^^^^^^^^^^
  File "/home/airflow/.local/lib/python3.12/site-packages/airflow/utils/session.py", line 94, in wrapper
    return func(*args, **kwargs)
           ^^^^^^^^^^^^^^^^^^^^^
  File "/home/airflow/.local/lib/python3.12/site-packages/airflow/models/serialized_dag.py", line 160, in write_dag
    if session.scalar(
       ^^^^^^^^^^^^^^^
  File "/home/airflow/.local/lib/python3.12/site-packages/sqlalchemy/orm/session.py", line 1747, in scalar
    return self.execute(
           ^^^^^^^^^^^^^
  File "/home/airflow/.local/lib/python3.12/site-packages/sqlalchemy/orm/session.py", line 1716, in execute
    conn = self._connection_for_bind(bind)
           ^^^^^^^^^^^^^^^^^^^^^^^^^^^^^^^
  File "/home/airflow/.local/lib/python3.12/site-packages/sqlalchemy/orm/session.py", line 1555, in _connection_for_bind
    return self._transaction._connection_for_bind(
           ^^^^^^^^^^^^^^^^^^^^^^^^^^^^^^^^^^^^^^^
  File "/home/airflow/.local/lib/python3.12/site-packages/sqlalchemy/orm/session.py", line 750, in _connection_for_bind
    conn = bind.connect()
           ^^^^^^^^^^^^^^
  File "/home/airflow/.local/lib/python3.12/site-packages/sqlalchemy/future/engine.py", line 412, in connect
    return super(Engine, self).connect()
           ^^^^^^^^^^^^^^^^^^^^^^^^^^^^^
  File "/home/airflow/.local/lib/python3.12/site-packages/sqlalchemy/engine/base.py", line 3325, in connect
    return self._connection_cls(self, close_with_result=close_with_result)
           ^^^^^^^^^^^^^^^^^^^^^^^^^^^^^^^^^^^^^^^^^^^^^^^^^^^^^^^^^^^^^^^
  File "/home/airflow/.local/lib/python3.12/site-packages/sqlalchemy/engine/base.py", line 96, in __init__
    else engine.raw_connection()
         ^^^^^^^^^^^^^^^^^^^^^^^
  File "/home/airflow/.local/lib/python3.12/site-packages/sqlalchemy/engine/base.py", line 3404, in raw_connection
    return self._wrap_pool_connect(self.pool.connect, _connection)
           ^^^^^^^^^^^^^^^^^^^^^^^^^^^^^^^^^^^^^^^^^^^^^^^^^^^^^^^
  File "/home/airflow/.local/lib/python3.12/site-packages/sqlalchemy/engine/base.py", line 3374, in _wrap_pool_connect
    Connection._handle_dbapi_exception_noconnection(
  File "/home/airflow/.local/lib/python3.12/site-packages/sqlalchemy/engine/base.py", line 2208, in _handle_dbapi_exception_noconnection
    util.raise_(
  File "/home/airflow/.local/lib/python3.12/site-packages/sqlalchemy/util/compat.py", line 211, in raise_
    raise exception
  File "/home/airflow/.local/lib/python3.12/site-packages/sqlalchemy/engine/base.py", line 3371, in _wrap_pool_connect
    return fn()
           ^^^^
  File "/home/airflow/.local/lib/python3.12/site-packages/sqlalchemy/pool/base.py", line 327, in connect
    return _ConnectionFairy._checkout(self)
           ^^^^^^^^^^^^^^^^^^^^^^^^^^^^^^^^
  File "/home/airflow/.local/lib/python3.12/site-packages/sqlalchemy/pool/base.py", line 894, in _checkout
    fairy = _ConnectionRecord.checkout(pool)
            ^^^^^^^^^^^^^^^^^^^^^^^^^^^^^^^^
  File "/home/airflow/.local/lib/python3.12/site-packages/sqlalchemy/pool/base.py", line 493, in checkout
    rec = pool._do_get()
          ^^^^^^^^^^^^^^
  File "/home/airflow/.local/lib/python3.12/site-packages/sqlalchemy/pool/impl.py", line 145, in _do_get
    with util.safe_reraise():
  File "/home/airflow/.local/lib/python3.12/site-packages/sqlalchemy/util/langhelpers.py", line 70, in __exit__
    compat.raise_(
  File "/home/airflow/.local/lib/python3.12/site-packages/sqlalchemy/util/compat.py", line 211, in raise_
    raise exception
  File "/home/airflow/.local/lib/python3.12/site-packages/sqlalchemy/pool/impl.py", line 143, in _do_get
    return self._create_connection()
           ^^^^^^^^^^^^^^^^^^^^^^^^^
  File "/home/airflow/.local/lib/python3.12/site-packages/sqlalchemy/pool/base.py", line 273, in _create_connection
    return _ConnectionRecord(self)
           ^^^^^^^^^^^^^^^^^^^^^^^
  File "/home/airflow/.local/lib/python3.12/site-packages/sqlalchemy/pool/base.py", line 388, in __init__
    self.__connect()
  File "/home/airflow/.local/lib/python3.12/site-packages/sqlalchemy/pool/base.py", line 690, in __connect
    with util.safe_reraise():
  File "/home/airflow/.local/lib/python3.12/site-packages/sqlalchemy/util/langhelpers.py", line 70, in __exit__
    compat.raise_(
  File "/home/airflow/.local/lib/python3.12/site-packages/sqlalchemy/util/compat.py", line 211, in raise_
    raise exception
  File "/home/airflow/.local/lib/python3.12/site-packages/sqlalchemy/pool/base.py", line 686, in __connect
    self.dbapi_connection = connection = pool._invoke_creator(self)
                                         ^^^^^^^^^^^^^^^^^^^^^^^^^^
  File "/home/airflow/.local/lib/python3.12/site-packages/sqlalchemy/engine/create.py", line 574, in connect
    return dialect.connect(*cargs, **cparams)
           ^^^^^^^^^^^^^^^^^^^^^^^^^^^^^^^^^^
  File "/home/airflow/.local/lib/python3.12/site-packages/sqlalchemy/engine/default.py", line 598, in connect
    return self.dbapi.connect(*cargs, **cparams)
           ^^^^^^^^^^^^^^^^^^^^^^^^^^^^^^^^^^^^^
  File "/home/airflow/.local/lib/python3.12/site-packages/psycopg2/__init__.py", line 122, in connect
    conn = _connect(dsn, connection_factory=connection_factory, **kwasync)
           ^^^^^^^^^^^^^^^^^^^^^^^^^^^^^^^^^^^^^^^^^^^^^^^^^^^^^^^^^^^^^^^
sqlalchemy.exc.OperationalError: (psycopg2.OperationalError) connection to server at "postgres" (172.26.0.7), port 5432 failed: FATAL:  password authentication failed for user "airflow"

(Background on this error at: https://sqlalche.me/e/14/e3q8)
[2024-09-09T11:34:41.647+0000] {processor.py:186} INFO - Started process (PID=202) to work on /home/airflow/.local/lib/python3.12/site-packages/airflow/example_dags/example_datasets.py
[2024-09-09T11:34:41.648+0000] {processor.py:914} INFO - Processing file /home/airflow/.local/lib/python3.12/site-packages/airflow/example_dags/example_datasets.py for tasks to queue
[2024-09-09T11:34:41.648+0000] {logging_mixin.py:190} INFO - [2024-09-09T11:34:41.648+0000] {dagbag.py:587} INFO - Filling up the DagBag from /home/airflow/.local/lib/python3.12/site-packages/airflow/example_dags/example_datasets.py
[2024-09-09T11:34:41.727+0000] {processor.py:925} INFO - DAG(s) 'consume_1_or_2_with_dataset_expressions', 'consume_1_and_2_with_dataset_expressions', 'consume_1_or_both_2_and_3_with_dataset_expressions', 'conditional_dataset_and_time_based_timetable', 'dataset_consumes_1', 'dataset_consumes_1_and_2', 'dataset_produces_1', 'dataset_consumes_1_never_scheduled', 'dataset_produces_2', 'dataset_consumes_unknown_never_scheduled' retrieved from /home/airflow/.local/lib/python3.12/site-packages/airflow/example_dags/example_datasets.py
[2024-09-09T11:34:42.810+0000] {logging_mixin.py:190} INFO - [2024-09-09T11:34:42.810+0000] {dag.py:3229} INFO - Sync 10 DAGs
[2024-09-09T11:34:42.827+0000] {logging_mixin.py:190} INFO - [2024-09-09T11:34:42.827+0000] {dag.py:4156} INFO - Setting next_dagrun for conditional_dataset_and_time_based_timetable to 2024-09-04 01:00:00+00:00, run_after=2024-09-04 01:00:00+00:00
[2024-09-09T11:34:42.829+0000] {logging_mixin.py:190} INFO - [2024-09-09T11:34:42.829+0000] {dag.py:4156} INFO - Setting next_dagrun for consume_1_and_2_with_dataset_expressions to None, run_after=None
[2024-09-09T11:34:42.830+0000] {logging_mixin.py:190} INFO - [2024-09-09T11:34:42.829+0000] {dag.py:4156} INFO - Setting next_dagrun for consume_1_or_2_with_dataset_expressions to None, run_after=None
[2024-09-09T11:34:42.830+0000] {logging_mixin.py:190} INFO - [2024-09-09T11:34:42.830+0000] {dag.py:4156} INFO - Setting next_dagrun for consume_1_or_both_2_and_3_with_dataset_expressions to None, run_after=None
[2024-09-09T11:34:42.831+0000] {logging_mixin.py:190} INFO - [2024-09-09T11:34:42.831+0000] {dag.py:4156} INFO - Setting next_dagrun for dataset_consumes_1 to None, run_after=None
[2024-09-09T11:34:42.831+0000] {logging_mixin.py:190} INFO - [2024-09-09T11:34:42.831+0000] {dag.py:4156} INFO - Setting next_dagrun for dataset_consumes_1_and_2 to None, run_after=None
[2024-09-09T11:34:42.832+0000] {logging_mixin.py:190} INFO - [2024-09-09T11:34:42.832+0000] {dag.py:4156} INFO - Setting next_dagrun for dataset_consumes_1_never_scheduled to None, run_after=None
[2024-09-09T11:34:42.833+0000] {logging_mixin.py:190} INFO - [2024-09-09T11:34:42.833+0000] {dag.py:4156} INFO - Setting next_dagrun for dataset_consumes_unknown_never_scheduled to None, run_after=None
[2024-09-09T11:34:42.835+0000] {logging_mixin.py:190} INFO - [2024-09-09T11:34:42.835+0000] {dag.py:4156} INFO - Setting next_dagrun for dataset_produces_1 to 2024-09-08 00:00:00+00:00, run_after=2024-09-09 00:00:00+00:00
[2024-09-09T11:34:42.836+0000] {logging_mixin.py:190} INFO - [2024-09-09T11:34:42.835+0000] {dag.py:4156} INFO - Setting next_dagrun for dataset_produces_2 to None, run_after=None
[2024-09-09T11:34:42.862+0000] {processor.py:208} INFO - Processing /home/airflow/.local/lib/python3.12/site-packages/airflow/example_dags/example_datasets.py took 1.219 seconds
[2024-09-09T11:35:13.416+0000] {processor.py:186} INFO - Started process (PID=268) to work on /home/airflow/.local/lib/python3.12/site-packages/airflow/example_dags/example_datasets.py
[2024-09-09T11:35:13.417+0000] {processor.py:914} INFO - Processing file /home/airflow/.local/lib/python3.12/site-packages/airflow/example_dags/example_datasets.py for tasks to queue
[2024-09-09T11:35:13.418+0000] {logging_mixin.py:190} INFO - [2024-09-09T11:35:13.418+0000] {dagbag.py:587} INFO - Filling up the DagBag from /home/airflow/.local/lib/python3.12/site-packages/airflow/example_dags/example_datasets.py
[2024-09-09T11:35:13.492+0000] {processor.py:925} INFO - DAG(s) 'dataset_consumes_1_and_2', 'dataset_consumes_1_never_scheduled', 'dataset_produces_1', 'consume_1_and_2_with_dataset_expressions', 'dataset_produces_2', 'conditional_dataset_and_time_based_timetable', 'dataset_consumes_unknown_never_scheduled', 'dataset_consumes_1', 'consume_1_or_2_with_dataset_expressions', 'consume_1_or_both_2_and_3_with_dataset_expressions' retrieved from /home/airflow/.local/lib/python3.12/site-packages/airflow/example_dags/example_datasets.py
[2024-09-09T11:35:13.516+0000] {logging_mixin.py:190} INFO - [2024-09-09T11:35:13.516+0000] {dag.py:3229} INFO - Sync 10 DAGs
[2024-09-09T11:35:13.529+0000] {logging_mixin.py:190} INFO - [2024-09-09T11:35:13.529+0000] {dag.py:4156} INFO - Setting next_dagrun for conditional_dataset_and_time_based_timetable to 2024-09-04 01:00:00+00:00, run_after=2024-09-04 01:00:00+00:00
[2024-09-09T11:35:13.531+0000] {logging_mixin.py:190} INFO - [2024-09-09T11:35:13.531+0000] {dag.py:4156} INFO - Setting next_dagrun for consume_1_and_2_with_dataset_expressions to None, run_after=None
[2024-09-09T11:35:13.531+0000] {logging_mixin.py:190} INFO - [2024-09-09T11:35:13.531+0000] {dag.py:4156} INFO - Setting next_dagrun for consume_1_or_2_with_dataset_expressions to None, run_after=None
[2024-09-09T11:35:13.532+0000] {logging_mixin.py:190} INFO - [2024-09-09T11:35:13.532+0000] {dag.py:4156} INFO - Setting next_dagrun for consume_1_or_both_2_and_3_with_dataset_expressions to None, run_after=None
[2024-09-09T11:35:13.533+0000] {logging_mixin.py:190} INFO - [2024-09-09T11:35:13.533+0000] {dag.py:4156} INFO - Setting next_dagrun for dataset_consumes_1 to None, run_after=None
[2024-09-09T11:35:13.534+0000] {logging_mixin.py:190} INFO - [2024-09-09T11:35:13.533+0000] {dag.py:4156} INFO - Setting next_dagrun for dataset_consumes_1_and_2 to None, run_after=None
[2024-09-09T11:35:13.534+0000] {logging_mixin.py:190} INFO - [2024-09-09T11:35:13.534+0000] {dag.py:4156} INFO - Setting next_dagrun for dataset_consumes_1_never_scheduled to None, run_after=None
[2024-09-09T11:35:13.535+0000] {logging_mixin.py:190} INFO - [2024-09-09T11:35:13.535+0000] {dag.py:4156} INFO - Setting next_dagrun for dataset_consumes_unknown_never_scheduled to None, run_after=None
[2024-09-09T11:35:13.536+0000] {logging_mixin.py:190} INFO - [2024-09-09T11:35:13.536+0000] {dag.py:4156} INFO - Setting next_dagrun for dataset_produces_1 to 2024-09-08 00:00:00+00:00, run_after=2024-09-09 00:00:00+00:00
[2024-09-09T11:35:13.537+0000] {logging_mixin.py:190} INFO - [2024-09-09T11:35:13.537+0000] {dag.py:4156} INFO - Setting next_dagrun for dataset_produces_2 to None, run_after=None
[2024-09-09T11:35:13.568+0000] {processor.py:208} INFO - Processing /home/airflow/.local/lib/python3.12/site-packages/airflow/example_dags/example_datasets.py took 0.156 seconds
[2024-09-09T11:35:43.630+0000] {processor.py:186} INFO - Started process (PID=328) to work on /home/airflow/.local/lib/python3.12/site-packages/airflow/example_dags/example_datasets.py
[2024-09-09T11:35:43.630+0000] {processor.py:914} INFO - Processing file /home/airflow/.local/lib/python3.12/site-packages/airflow/example_dags/example_datasets.py for tasks to queue
[2024-09-09T11:35:43.631+0000] {logging_mixin.py:190} INFO - [2024-09-09T11:35:43.631+0000] {dagbag.py:587} INFO - Filling up the DagBag from /home/airflow/.local/lib/python3.12/site-packages/airflow/example_dags/example_datasets.py
[2024-09-09T11:35:43.708+0000] {processor.py:925} INFO - DAG(s) 'dataset_consumes_1_and_2', 'consume_1_or_both_2_and_3_with_dataset_expressions', 'dataset_produces_2', 'dataset_consumes_1_never_scheduled', 'dataset_consumes_1', 'consume_1_or_2_with_dataset_expressions', 'consume_1_and_2_with_dataset_expressions', 'dataset_consumes_unknown_never_scheduled', 'conditional_dataset_and_time_based_timetable', 'dataset_produces_1' retrieved from /home/airflow/.local/lib/python3.12/site-packages/airflow/example_dags/example_datasets.py
[2024-09-09T11:35:44.214+0000] {logging_mixin.py:190} INFO - [2024-09-09T11:35:44.214+0000] {dag.py:3229} INFO - Sync 10 DAGs
[2024-09-09T11:35:44.233+0000] {logging_mixin.py:190} INFO - [2024-09-09T11:35:44.233+0000] {dag.py:4156} INFO - Setting next_dagrun for conditional_dataset_and_time_based_timetable to 2024-09-04 01:00:00+00:00, run_after=2024-09-04 01:00:00+00:00
[2024-09-09T11:35:44.235+0000] {logging_mixin.py:190} INFO - [2024-09-09T11:35:44.235+0000] {dag.py:4156} INFO - Setting next_dagrun for consume_1_and_2_with_dataset_expressions to None, run_after=None
[2024-09-09T11:35:44.236+0000] {logging_mixin.py:190} INFO - [2024-09-09T11:35:44.236+0000] {dag.py:4156} INFO - Setting next_dagrun for consume_1_or_2_with_dataset_expressions to None, run_after=None
[2024-09-09T11:35:44.237+0000] {logging_mixin.py:190} INFO - [2024-09-09T11:35:44.237+0000] {dag.py:4156} INFO - Setting next_dagrun for consume_1_or_both_2_and_3_with_dataset_expressions to None, run_after=None
[2024-09-09T11:35:44.237+0000] {logging_mixin.py:190} INFO - [2024-09-09T11:35:44.237+0000] {dag.py:4156} INFO - Setting next_dagrun for dataset_consumes_1 to None, run_after=None
[2024-09-09T11:35:44.238+0000] {logging_mixin.py:190} INFO - [2024-09-09T11:35:44.238+0000] {dag.py:4156} INFO - Setting next_dagrun for dataset_consumes_1_and_2 to None, run_after=None
[2024-09-09T11:35:44.239+0000] {logging_mixin.py:190} INFO - [2024-09-09T11:35:44.239+0000] {dag.py:4156} INFO - Setting next_dagrun for dataset_consumes_1_never_scheduled to None, run_after=None
[2024-09-09T11:35:44.240+0000] {logging_mixin.py:190} INFO - [2024-09-09T11:35:44.240+0000] {dag.py:4156} INFO - Setting next_dagrun for dataset_consumes_unknown_never_scheduled to None, run_after=None
[2024-09-09T11:35:44.241+0000] {logging_mixin.py:190} INFO - [2024-09-09T11:35:44.241+0000] {dag.py:4156} INFO - Setting next_dagrun for dataset_produces_1 to 2024-09-08 00:00:00+00:00, run_after=2024-09-09 00:00:00+00:00
[2024-09-09T11:35:44.242+0000] {logging_mixin.py:190} INFO - [2024-09-09T11:35:44.242+0000] {dag.py:4156} INFO - Setting next_dagrun for dataset_produces_2 to None, run_after=None
[2024-09-09T11:35:44.264+0000] {processor.py:208} INFO - Processing /home/airflow/.local/lib/python3.12/site-packages/airflow/example_dags/example_datasets.py took 0.637 seconds
[2024-09-09T11:36:14.547+0000] {processor.py:186} INFO - Started process (PID=391) to work on /home/airflow/.local/lib/python3.12/site-packages/airflow/example_dags/example_datasets.py
[2024-09-09T11:36:14.553+0000] {processor.py:914} INFO - Processing file /home/airflow/.local/lib/python3.12/site-packages/airflow/example_dags/example_datasets.py for tasks to queue
[2024-09-09T11:36:14.554+0000] {logging_mixin.py:190} INFO - [2024-09-09T11:36:14.554+0000] {dagbag.py:587} INFO - Filling up the DagBag from /home/airflow/.local/lib/python3.12/site-packages/airflow/example_dags/example_datasets.py
[2024-09-09T11:36:14.628+0000] {processor.py:925} INFO - DAG(s) 'dataset_consumes_unknown_never_scheduled', 'conditional_dataset_and_time_based_timetable', 'dataset_produces_1', 'consume_1_and_2_with_dataset_expressions', 'consume_1_or_2_with_dataset_expressions', 'dataset_consumes_1_and_2', 'consume_1_or_both_2_and_3_with_dataset_expressions', 'dataset_produces_2', 'dataset_consumes_1_never_scheduled', 'dataset_consumes_1' retrieved from /home/airflow/.local/lib/python3.12/site-packages/airflow/example_dags/example_datasets.py
[2024-09-09T11:36:14.654+0000] {logging_mixin.py:190} INFO - [2024-09-09T11:36:14.654+0000] {dag.py:3229} INFO - Sync 10 DAGs
[2024-09-09T11:36:14.671+0000] {logging_mixin.py:190} INFO - [2024-09-09T11:36:14.671+0000] {dag.py:4156} INFO - Setting next_dagrun for conditional_dataset_and_time_based_timetable to 2024-09-04 01:00:00+00:00, run_after=2024-09-04 01:00:00+00:00
[2024-09-09T11:36:14.673+0000] {logging_mixin.py:190} INFO - [2024-09-09T11:36:14.673+0000] {dag.py:4156} INFO - Setting next_dagrun for consume_1_and_2_with_dataset_expressions to None, run_after=None
[2024-09-09T11:36:14.674+0000] {logging_mixin.py:190} INFO - [2024-09-09T11:36:14.674+0000] {dag.py:4156} INFO - Setting next_dagrun for consume_1_or_2_with_dataset_expressions to None, run_after=None
[2024-09-09T11:36:14.675+0000] {logging_mixin.py:190} INFO - [2024-09-09T11:36:14.675+0000] {dag.py:4156} INFO - Setting next_dagrun for consume_1_or_both_2_and_3_with_dataset_expressions to None, run_after=None
[2024-09-09T11:36:14.675+0000] {logging_mixin.py:190} INFO - [2024-09-09T11:36:14.675+0000] {dag.py:4156} INFO - Setting next_dagrun for dataset_consumes_1 to None, run_after=None
[2024-09-09T11:36:14.676+0000] {logging_mixin.py:190} INFO - [2024-09-09T11:36:14.676+0000] {dag.py:4156} INFO - Setting next_dagrun for dataset_consumes_1_and_2 to None, run_after=None
[2024-09-09T11:36:14.677+0000] {logging_mixin.py:190} INFO - [2024-09-09T11:36:14.677+0000] {dag.py:4156} INFO - Setting next_dagrun for dataset_consumes_1_never_scheduled to None, run_after=None
[2024-09-09T11:36:14.677+0000] {logging_mixin.py:190} INFO - [2024-09-09T11:36:14.677+0000] {dag.py:4156} INFO - Setting next_dagrun for dataset_consumes_unknown_never_scheduled to None, run_after=None
[2024-09-09T11:36:14.679+0000] {logging_mixin.py:190} INFO - [2024-09-09T11:36:14.679+0000] {dag.py:4156} INFO - Setting next_dagrun for dataset_produces_1 to 2024-09-08 00:00:00+00:00, run_after=2024-09-09 00:00:00+00:00
[2024-09-09T11:36:14.679+0000] {logging_mixin.py:190} INFO - [2024-09-09T11:36:14.679+0000] {dag.py:4156} INFO - Setting next_dagrun for dataset_produces_2 to None, run_after=None
[2024-09-09T11:36:14.694+0000] {processor.py:208} INFO - Processing /home/airflow/.local/lib/python3.12/site-packages/airflow/example_dags/example_datasets.py took 0.151 seconds
[2024-09-09T12:13:05.202+0000] {processor.py:186} INFO - Started process (PID=79) to work on /home/airflow/.local/lib/python3.12/site-packages/airflow/example_dags/example_datasets.py
[2024-09-09T12:13:05.202+0000] {processor.py:914} INFO - Processing file /home/airflow/.local/lib/python3.12/site-packages/airflow/example_dags/example_datasets.py for tasks to queue
[2024-09-09T12:13:05.203+0000] {logging_mixin.py:190} INFO - [2024-09-09T12:13:05.203+0000] {dagbag.py:587} INFO - Filling up the DagBag from /home/airflow/.local/lib/python3.12/site-packages/airflow/example_dags/example_datasets.py
[2024-09-09T12:13:05.289+0000] {processor.py:925} INFO - DAG(s) 'dataset_consumes_1_and_2', 'consume_1_and_2_with_dataset_expressions', 'conditional_dataset_and_time_based_timetable', 'dataset_consumes_unknown_never_scheduled', 'consume_1_or_2_with_dataset_expressions', 'dataset_produces_1', 'dataset_consumes_1_never_scheduled', 'dataset_produces_2', 'dataset_consumes_1', 'consume_1_or_both_2_and_3_with_dataset_expressions' retrieved from /home/airflow/.local/lib/python3.12/site-packages/airflow/example_dags/example_datasets.py
[2024-09-09T12:13:05.323+0000] {logging_mixin.py:190} INFO - [2024-09-09T12:13:05.323+0000] {dag.py:3229} INFO - Sync 10 DAGs
[2024-09-09T12:13:05.344+0000] {logging_mixin.py:190} INFO - [2024-09-09T12:13:05.343+0000] {dag.py:4156} INFO - Setting next_dagrun for conditional_dataset_and_time_based_timetable to 2024-09-04 01:00:00+00:00, run_after=2024-09-04 01:00:00+00:00
[2024-09-09T12:13:05.346+0000] {logging_mixin.py:190} INFO - [2024-09-09T12:13:05.346+0000] {dag.py:4156} INFO - Setting next_dagrun for consume_1_and_2_with_dataset_expressions to None, run_after=None
[2024-09-09T12:13:05.347+0000] {logging_mixin.py:190} INFO - [2024-09-09T12:13:05.347+0000] {dag.py:4156} INFO - Setting next_dagrun for consume_1_or_2_with_dataset_expressions to None, run_after=None
[2024-09-09T12:13:05.348+0000] {logging_mixin.py:190} INFO - [2024-09-09T12:13:05.348+0000] {dag.py:4156} INFO - Setting next_dagrun for consume_1_or_both_2_and_3_with_dataset_expressions to None, run_after=None
[2024-09-09T12:13:05.349+0000] {logging_mixin.py:190} INFO - [2024-09-09T12:13:05.349+0000] {dag.py:4156} INFO - Setting next_dagrun for dataset_consumes_1 to None, run_after=None
[2024-09-09T12:13:05.350+0000] {logging_mixin.py:190} INFO - [2024-09-09T12:13:05.350+0000] {dag.py:4156} INFO - Setting next_dagrun for dataset_consumes_1_and_2 to None, run_after=None
[2024-09-09T12:13:05.351+0000] {logging_mixin.py:190} INFO - [2024-09-09T12:13:05.351+0000] {dag.py:4156} INFO - Setting next_dagrun for dataset_consumes_1_never_scheduled to None, run_after=None
[2024-09-09T12:13:05.352+0000] {logging_mixin.py:190} INFO - [2024-09-09T12:13:05.352+0000] {dag.py:4156} INFO - Setting next_dagrun for dataset_consumes_unknown_never_scheduled to None, run_after=None
[2024-09-09T12:13:05.354+0000] {logging_mixin.py:190} INFO - [2024-09-09T12:13:05.353+0000] {dag.py:4156} INFO - Setting next_dagrun for dataset_produces_1 to 2024-09-08 00:00:00+00:00, run_after=2024-09-09 00:00:00+00:00
[2024-09-09T12:13:05.354+0000] {logging_mixin.py:190} INFO - [2024-09-09T12:13:05.354+0000] {dag.py:4156} INFO - Setting next_dagrun for dataset_produces_2 to None, run_after=None
[2024-09-09T12:13:05.377+0000] {processor.py:208} INFO - Processing /home/airflow/.local/lib/python3.12/site-packages/airflow/example_dags/example_datasets.py took 0.179 seconds
[2024-09-09T12:13:35.775+0000] {processor.py:186} INFO - Started process (PID=141) to work on /home/airflow/.local/lib/python3.12/site-packages/airflow/example_dags/example_datasets.py
[2024-09-09T12:13:35.776+0000] {processor.py:914} INFO - Processing file /home/airflow/.local/lib/python3.12/site-packages/airflow/example_dags/example_datasets.py for tasks to queue
[2024-09-09T12:13:35.777+0000] {logging_mixin.py:190} INFO - [2024-09-09T12:13:35.777+0000] {dagbag.py:587} INFO - Filling up the DagBag from /home/airflow/.local/lib/python3.12/site-packages/airflow/example_dags/example_datasets.py
[2024-09-09T12:13:35.855+0000] {processor.py:925} INFO - DAG(s) 'consume_1_and_2_with_dataset_expressions', 'consume_1_or_both_2_and_3_with_dataset_expressions', 'dataset_consumes_1', 'dataset_produces_1', 'consume_1_or_2_with_dataset_expressions', 'dataset_produces_2', 'conditional_dataset_and_time_based_timetable', 'dataset_consumes_1_never_scheduled', 'dataset_consumes_1_and_2', 'dataset_consumes_unknown_never_scheduled' retrieved from /home/airflow/.local/lib/python3.12/site-packages/airflow/example_dags/example_datasets.py
[2024-09-09T12:13:35.885+0000] {logging_mixin.py:190} INFO - [2024-09-09T12:13:35.885+0000] {dag.py:3229} INFO - Sync 10 DAGs
[2024-09-09T12:13:35.901+0000] {logging_mixin.py:190} INFO - [2024-09-09T12:13:35.900+0000] {dag.py:4156} INFO - Setting next_dagrun for conditional_dataset_and_time_based_timetable to 2024-09-04 01:00:00+00:00, run_after=2024-09-04 01:00:00+00:00
[2024-09-09T12:13:35.902+0000] {logging_mixin.py:190} INFO - [2024-09-09T12:13:35.902+0000] {dag.py:4156} INFO - Setting next_dagrun for consume_1_and_2_with_dataset_expressions to None, run_after=None
[2024-09-09T12:13:35.903+0000] {logging_mixin.py:190} INFO - [2024-09-09T12:13:35.903+0000] {dag.py:4156} INFO - Setting next_dagrun for consume_1_or_2_with_dataset_expressions to None, run_after=None
[2024-09-09T12:13:35.904+0000] {logging_mixin.py:190} INFO - [2024-09-09T12:13:35.904+0000] {dag.py:4156} INFO - Setting next_dagrun for consume_1_or_both_2_and_3_with_dataset_expressions to None, run_after=None
[2024-09-09T12:13:35.905+0000] {logging_mixin.py:190} INFO - [2024-09-09T12:13:35.904+0000] {dag.py:4156} INFO - Setting next_dagrun for dataset_consumes_1 to None, run_after=None
[2024-09-09T12:13:35.905+0000] {logging_mixin.py:190} INFO - [2024-09-09T12:13:35.905+0000] {dag.py:4156} INFO - Setting next_dagrun for dataset_consumes_1_and_2 to None, run_after=None
[2024-09-09T12:13:35.906+0000] {logging_mixin.py:190} INFO - [2024-09-09T12:13:35.906+0000] {dag.py:4156} INFO - Setting next_dagrun for dataset_consumes_1_never_scheduled to None, run_after=None
[2024-09-09T12:13:35.907+0000] {logging_mixin.py:190} INFO - [2024-09-09T12:13:35.907+0000] {dag.py:4156} INFO - Setting next_dagrun for dataset_consumes_unknown_never_scheduled to None, run_after=None
[2024-09-09T12:13:35.908+0000] {logging_mixin.py:190} INFO - [2024-09-09T12:13:35.908+0000] {dag.py:4156} INFO - Setting next_dagrun for dataset_produces_1 to 2024-09-08 00:00:00+00:00, run_after=2024-09-09 00:00:00+00:00
[2024-09-09T12:13:35.909+0000] {logging_mixin.py:190} INFO - [2024-09-09T12:13:35.909+0000] {dag.py:4156} INFO - Setting next_dagrun for dataset_produces_2 to None, run_after=None
[2024-09-09T12:13:35.926+0000] {processor.py:208} INFO - Processing /home/airflow/.local/lib/python3.12/site-packages/airflow/example_dags/example_datasets.py took 0.155 seconds
[2024-09-09T12:14:06.196+0000] {processor.py:186} INFO - Started process (PID=203) to work on /home/airflow/.local/lib/python3.12/site-packages/airflow/example_dags/example_datasets.py
[2024-09-09T12:14:06.197+0000] {processor.py:914} INFO - Processing file /home/airflow/.local/lib/python3.12/site-packages/airflow/example_dags/example_datasets.py for tasks to queue
[2024-09-09T12:14:06.198+0000] {logging_mixin.py:190} INFO - [2024-09-09T12:14:06.198+0000] {dagbag.py:587} INFO - Filling up the DagBag from /home/airflow/.local/lib/python3.12/site-packages/airflow/example_dags/example_datasets.py
[2024-09-09T12:14:06.291+0000] {processor.py:925} INFO - DAG(s) 'dataset_produces_2', 'dataset_produces_1', 'dataset_consumes_1', 'consume_1_and_2_with_dataset_expressions', 'conditional_dataset_and_time_based_timetable', 'consume_1_or_2_with_dataset_expressions', 'dataset_consumes_unknown_never_scheduled', 'dataset_consumes_1_and_2', 'consume_1_or_both_2_and_3_with_dataset_expressions', 'dataset_consumes_1_never_scheduled' retrieved from /home/airflow/.local/lib/python3.12/site-packages/airflow/example_dags/example_datasets.py
[2024-09-09T12:14:06.322+0000] {logging_mixin.py:190} INFO - [2024-09-09T12:14:06.322+0000] {dag.py:3229} INFO - Sync 10 DAGs
[2024-09-09T12:14:06.340+0000] {logging_mixin.py:190} INFO - [2024-09-09T12:14:06.340+0000] {dag.py:4156} INFO - Setting next_dagrun for conditional_dataset_and_time_based_timetable to 2024-09-04 01:00:00+00:00, run_after=2024-09-04 01:00:00+00:00
[2024-09-09T12:14:06.342+0000] {logging_mixin.py:190} INFO - [2024-09-09T12:14:06.342+0000] {dag.py:4156} INFO - Setting next_dagrun for consume_1_and_2_with_dataset_expressions to None, run_after=None
[2024-09-09T12:14:06.343+0000] {logging_mixin.py:190} INFO - [2024-09-09T12:14:06.343+0000] {dag.py:4156} INFO - Setting next_dagrun for consume_1_or_2_with_dataset_expressions to None, run_after=None
[2024-09-09T12:14:06.344+0000] {logging_mixin.py:190} INFO - [2024-09-09T12:14:06.344+0000] {dag.py:4156} INFO - Setting next_dagrun for consume_1_or_both_2_and_3_with_dataset_expressions to None, run_after=None
[2024-09-09T12:14:06.345+0000] {logging_mixin.py:190} INFO - [2024-09-09T12:14:06.345+0000] {dag.py:4156} INFO - Setting next_dagrun for dataset_consumes_1 to None, run_after=None
[2024-09-09T12:14:06.346+0000] {logging_mixin.py:190} INFO - [2024-09-09T12:14:06.345+0000] {dag.py:4156} INFO - Setting next_dagrun for dataset_consumes_1_and_2 to None, run_after=None
[2024-09-09T12:14:06.346+0000] {logging_mixin.py:190} INFO - [2024-09-09T12:14:06.346+0000] {dag.py:4156} INFO - Setting next_dagrun for dataset_consumes_1_never_scheduled to None, run_after=None
[2024-09-09T12:14:06.347+0000] {logging_mixin.py:190} INFO - [2024-09-09T12:14:06.347+0000] {dag.py:4156} INFO - Setting next_dagrun for dataset_consumes_unknown_never_scheduled to None, run_after=None
[2024-09-09T12:14:06.348+0000] {logging_mixin.py:190} INFO - [2024-09-09T12:14:06.348+0000] {dag.py:4156} INFO - Setting next_dagrun for dataset_produces_1 to 2024-09-08 00:00:00+00:00, run_after=2024-09-09 00:00:00+00:00
[2024-09-09T12:14:06.349+0000] {logging_mixin.py:190} INFO - [2024-09-09T12:14:06.349+0000] {dag.py:4156} INFO - Setting next_dagrun for dataset_produces_2 to None, run_after=None
[2024-09-09T12:14:06.372+0000] {processor.py:208} INFO - Processing /home/airflow/.local/lib/python3.12/site-packages/airflow/example_dags/example_datasets.py took 0.180 seconds
[2024-09-09T12:14:36.620+0000] {processor.py:186} INFO - Started process (PID=265) to work on /home/airflow/.local/lib/python3.12/site-packages/airflow/example_dags/example_datasets.py
[2024-09-09T12:14:36.621+0000] {processor.py:914} INFO - Processing file /home/airflow/.local/lib/python3.12/site-packages/airflow/example_dags/example_datasets.py for tasks to queue
[2024-09-09T12:14:36.622+0000] {logging_mixin.py:190} INFO - [2024-09-09T12:14:36.622+0000] {dagbag.py:587} INFO - Filling up the DagBag from /home/airflow/.local/lib/python3.12/site-packages/airflow/example_dags/example_datasets.py
[2024-09-09T12:14:36.701+0000] {processor.py:925} INFO - DAG(s) 'dataset_produces_1', 'dataset_consumes_1_and_2', 'dataset_produces_2', 'dataset_consumes_unknown_never_scheduled', 'consume_1_or_both_2_and_3_with_dataset_expressions', 'conditional_dataset_and_time_based_timetable', 'consume_1_and_2_with_dataset_expressions', 'dataset_consumes_1', 'dataset_consumes_1_never_scheduled', 'consume_1_or_2_with_dataset_expressions' retrieved from /home/airflow/.local/lib/python3.12/site-packages/airflow/example_dags/example_datasets.py
[2024-09-09T12:14:36.725+0000] {logging_mixin.py:190} INFO - [2024-09-09T12:14:36.725+0000] {dag.py:3229} INFO - Sync 10 DAGs
[2024-09-09T12:14:36.742+0000] {logging_mixin.py:190} INFO - [2024-09-09T12:14:36.742+0000] {dag.py:4156} INFO - Setting next_dagrun for conditional_dataset_and_time_based_timetable to 2024-09-04 01:00:00+00:00, run_after=2024-09-04 01:00:00+00:00
[2024-09-09T12:14:36.745+0000] {logging_mixin.py:190} INFO - [2024-09-09T12:14:36.744+0000] {dag.py:4156} INFO - Setting next_dagrun for consume_1_and_2_with_dataset_expressions to None, run_after=None
[2024-09-09T12:14:36.745+0000] {logging_mixin.py:190} INFO - [2024-09-09T12:14:36.745+0000] {dag.py:4156} INFO - Setting next_dagrun for consume_1_or_2_with_dataset_expressions to None, run_after=None
[2024-09-09T12:14:36.746+0000] {logging_mixin.py:190} INFO - [2024-09-09T12:14:36.746+0000] {dag.py:4156} INFO - Setting next_dagrun for consume_1_or_both_2_and_3_with_dataset_expressions to None, run_after=None
[2024-09-09T12:14:36.747+0000] {logging_mixin.py:190} INFO - [2024-09-09T12:14:36.747+0000] {dag.py:4156} INFO - Setting next_dagrun for dataset_consumes_1 to None, run_after=None
[2024-09-09T12:14:36.748+0000] {logging_mixin.py:190} INFO - [2024-09-09T12:14:36.747+0000] {dag.py:4156} INFO - Setting next_dagrun for dataset_consumes_1_and_2 to None, run_after=None
[2024-09-09T12:14:36.748+0000] {logging_mixin.py:190} INFO - [2024-09-09T12:14:36.748+0000] {dag.py:4156} INFO - Setting next_dagrun for dataset_consumes_1_never_scheduled to None, run_after=None
[2024-09-09T12:14:36.749+0000] {logging_mixin.py:190} INFO - [2024-09-09T12:14:36.749+0000] {dag.py:4156} INFO - Setting next_dagrun for dataset_consumes_unknown_never_scheduled to None, run_after=None
[2024-09-09T12:14:36.750+0000] {logging_mixin.py:190} INFO - [2024-09-09T12:14:36.750+0000] {dag.py:4156} INFO - Setting next_dagrun for dataset_produces_1 to 2024-09-08 00:00:00+00:00, run_after=2024-09-09 00:00:00+00:00
[2024-09-09T12:14:36.751+0000] {logging_mixin.py:190} INFO - [2024-09-09T12:14:36.751+0000] {dag.py:4156} INFO - Setting next_dagrun for dataset_produces_2 to None, run_after=None
[2024-09-09T12:14:36.769+0000] {processor.py:208} INFO - Processing /home/airflow/.local/lib/python3.12/site-packages/airflow/example_dags/example_datasets.py took 0.152 seconds
[2024-09-09T12:15:07.052+0000] {processor.py:186} INFO - Started process (PID=327) to work on /home/airflow/.local/lib/python3.12/site-packages/airflow/example_dags/example_datasets.py
[2024-09-09T12:15:07.052+0000] {processor.py:914} INFO - Processing file /home/airflow/.local/lib/python3.12/site-packages/airflow/example_dags/example_datasets.py for tasks to queue
[2024-09-09T12:15:07.054+0000] {logging_mixin.py:190} INFO - [2024-09-09T12:15:07.053+0000] {dagbag.py:587} INFO - Filling up the DagBag from /home/airflow/.local/lib/python3.12/site-packages/airflow/example_dags/example_datasets.py
[2024-09-09T12:15:07.135+0000] {processor.py:925} INFO - DAG(s) 'consume_1_or_both_2_and_3_with_dataset_expressions', 'dataset_consumes_unknown_never_scheduled', 'dataset_produces_1', 'dataset_consumes_1', 'dataset_consumes_1_never_scheduled', 'dataset_produces_2', 'consume_1_or_2_with_dataset_expressions', 'dataset_consumes_1_and_2', 'consume_1_and_2_with_dataset_expressions', 'conditional_dataset_and_time_based_timetable' retrieved from /home/airflow/.local/lib/python3.12/site-packages/airflow/example_dags/example_datasets.py
[2024-09-09T12:15:07.172+0000] {logging_mixin.py:190} INFO - [2024-09-09T12:15:07.172+0000] {dag.py:3229} INFO - Sync 10 DAGs
[2024-09-09T12:15:07.194+0000] {logging_mixin.py:190} INFO - [2024-09-09T12:15:07.193+0000] {dag.py:4156} INFO - Setting next_dagrun for conditional_dataset_and_time_based_timetable to 2024-09-04 01:00:00+00:00, run_after=2024-09-04 01:00:00+00:00
[2024-09-09T12:15:07.196+0000] {logging_mixin.py:190} INFO - [2024-09-09T12:15:07.196+0000] {dag.py:4156} INFO - Setting next_dagrun for consume_1_and_2_with_dataset_expressions to None, run_after=None
[2024-09-09T12:15:07.196+0000] {logging_mixin.py:190} INFO - [2024-09-09T12:15:07.196+0000] {dag.py:4156} INFO - Setting next_dagrun for consume_1_or_2_with_dataset_expressions to None, run_after=None
[2024-09-09T12:15:07.197+0000] {logging_mixin.py:190} INFO - [2024-09-09T12:15:07.197+0000] {dag.py:4156} INFO - Setting next_dagrun for consume_1_or_both_2_and_3_with_dataset_expressions to None, run_after=None
[2024-09-09T12:15:07.198+0000] {logging_mixin.py:190} INFO - [2024-09-09T12:15:07.198+0000] {dag.py:4156} INFO - Setting next_dagrun for dataset_consumes_1 to None, run_after=None
[2024-09-09T12:15:07.199+0000] {logging_mixin.py:190} INFO - [2024-09-09T12:15:07.199+0000] {dag.py:4156} INFO - Setting next_dagrun for dataset_consumes_1_and_2 to None, run_after=None
[2024-09-09T12:15:07.199+0000] {logging_mixin.py:190} INFO - [2024-09-09T12:15:07.199+0000] {dag.py:4156} INFO - Setting next_dagrun for dataset_consumes_1_never_scheduled to None, run_after=None
[2024-09-09T12:15:07.200+0000] {logging_mixin.py:190} INFO - [2024-09-09T12:15:07.200+0000] {dag.py:4156} INFO - Setting next_dagrun for dataset_consumes_unknown_never_scheduled to None, run_after=None
[2024-09-09T12:15:07.201+0000] {logging_mixin.py:190} INFO - [2024-09-09T12:15:07.201+0000] {dag.py:4156} INFO - Setting next_dagrun for dataset_produces_1 to 2024-09-08 00:00:00+00:00, run_after=2024-09-09 00:00:00+00:00
[2024-09-09T12:15:07.202+0000] {logging_mixin.py:190} INFO - [2024-09-09T12:15:07.202+0000] {dag.py:4156} INFO - Setting next_dagrun for dataset_produces_2 to None, run_after=None
[2024-09-09T12:15:07.221+0000] {processor.py:208} INFO - Processing /home/airflow/.local/lib/python3.12/site-packages/airflow/example_dags/example_datasets.py took 0.172 seconds
