[2024-09-09T11:33:39.815+0000] {processor.py:186} INFO - Started process (PID=88) to work on /home/airflow/.local/lib/python3.12/site-packages/airflow/example_dags/example_task_group.py
[2024-09-09T11:33:39.815+0000] {processor.py:914} INFO - Processing file /home/airflow/.local/lib/python3.12/site-packages/airflow/example_dags/example_task_group.py for tasks to queue
[2024-09-09T11:33:39.816+0000] {logging_mixin.py:190} INFO - [2024-09-09T11:33:39.816+0000] {dagbag.py:587} INFO - Filling up the DagBag from /home/airflow/.local/lib/python3.12/site-packages/airflow/example_dags/example_task_group.py
[2024-09-09T11:33:39.821+0000] {processor.py:925} INFO - DAG(s) 'example_task_group' retrieved from /home/airflow/.local/lib/python3.12/site-packages/airflow/example_dags/example_task_group.py
[2024-09-09T11:33:39.837+0000] {logging_mixin.py:190} INFO - [2024-09-09T11:33:39.837+0000] {dag.py:3229} INFO - Sync 1 DAGs
[2024-09-09T11:33:39.845+0000] {logging_mixin.py:190} INFO - [2024-09-09T11:33:39.845+0000] {dag.py:4156} INFO - Setting next_dagrun for example_task_group to None, run_after=None
[2024-09-09T11:33:39.858+0000] {processor.py:208} INFO - Processing /home/airflow/.local/lib/python3.12/site-packages/airflow/example_dags/example_task_group.py took 0.046 seconds
[2024-09-09T11:34:12.010+0000] {processor.py:186} INFO - Started process (PID=150) to work on /home/airflow/.local/lib/python3.12/site-packages/airflow/example_dags/example_task_group.py
[2024-09-09T11:34:12.011+0000] {processor.py:914} INFO - Processing file /home/airflow/.local/lib/python3.12/site-packages/airflow/example_dags/example_task_group.py for tasks to queue
[2024-09-09T11:34:12.012+0000] {logging_mixin.py:190} INFO - [2024-09-09T11:34:12.012+0000] {dagbag.py:587} INFO - Filling up the DagBag from /home/airflow/.local/lib/python3.12/site-packages/airflow/example_dags/example_task_group.py
[2024-09-09T11:34:12.016+0000] {processor.py:925} INFO - DAG(s) 'example_task_group' retrieved from /home/airflow/.local/lib/python3.12/site-packages/airflow/example_dags/example_task_group.py
[2024-09-09T11:34:12.028+0000] {logging_mixin.py:190} INFO - [2024-09-09T11:34:12.028+0000] {dag.py:3229} INFO - Sync 1 DAGs
[2024-09-09T11:34:12.035+0000] {logging_mixin.py:190} INFO - [2024-09-09T11:34:12.035+0000] {dag.py:4156} INFO - Setting next_dagrun for example_task_group to None, run_after=None
[2024-09-09T11:34:12.045+0000] {processor.py:208} INFO - Processing /home/airflow/.local/lib/python3.12/site-packages/airflow/example_dags/example_task_group.py took 0.038 seconds
[2024-09-09T11:34:43.597+0000] {processor.py:186} INFO - Started process (PID=212) to work on /home/airflow/.local/lib/python3.12/site-packages/airflow/example_dags/example_task_group.py
[2024-09-09T11:34:43.598+0000] {processor.py:914} INFO - Processing file /home/airflow/.local/lib/python3.12/site-packages/airflow/example_dags/example_task_group.py for tasks to queue
[2024-09-09T11:34:43.598+0000] {logging_mixin.py:190} INFO - [2024-09-09T11:34:43.598+0000] {dagbag.py:587} INFO - Filling up the DagBag from /home/airflow/.local/lib/python3.12/site-packages/airflow/example_dags/example_task_group.py
[2024-09-09T11:34:43.604+0000] {processor.py:925} INFO - DAG(s) 'example_task_group' retrieved from /home/airflow/.local/lib/python3.12/site-packages/airflow/example_dags/example_task_group.py
[2024-09-09T11:34:44.053+0000] {logging_mixin.py:190} INFO - [2024-09-09T11:34:44.053+0000] {dag.py:3229} INFO - Sync 1 DAGs
[2024-09-09T11:34:44.061+0000] {logging_mixin.py:190} INFO - [2024-09-09T11:34:44.061+0000] {dag.py:4156} INFO - Setting next_dagrun for example_task_group to None, run_after=None
[2024-09-09T11:34:44.076+0000] {processor.py:208} INFO - Processing /home/airflow/.local/lib/python3.12/site-packages/airflow/example_dags/example_task_group.py took 0.482 seconds
[2024-09-09T11:35:14.176+0000] {processor.py:186} INFO - Started process (PID=273) to work on /home/airflow/.local/lib/python3.12/site-packages/airflow/example_dags/example_task_group.py
[2024-09-09T11:35:14.176+0000] {processor.py:914} INFO - Processing file /home/airflow/.local/lib/python3.12/site-packages/airflow/example_dags/example_task_group.py for tasks to queue
[2024-09-09T11:35:14.177+0000] {logging_mixin.py:190} INFO - [2024-09-09T11:35:14.177+0000] {dagbag.py:587} INFO - Filling up the DagBag from /home/airflow/.local/lib/python3.12/site-packages/airflow/example_dags/example_task_group.py
[2024-09-09T11:35:14.181+0000] {processor.py:925} INFO - DAG(s) 'example_task_group' retrieved from /home/airflow/.local/lib/python3.12/site-packages/airflow/example_dags/example_task_group.py
[2024-09-09T11:35:15.120+0000] {logging_mixin.py:190} INFO - [2024-09-09T11:35:15.120+0000] {dag.py:3229} INFO - Sync 1 DAGs
[2024-09-09T11:35:15.127+0000] {logging_mixin.py:190} INFO - [2024-09-09T11:35:15.127+0000] {dag.py:4156} INFO - Setting next_dagrun for example_task_group to None, run_after=None
[2024-09-09T11:35:15.142+0000] {processor.py:208} INFO - Processing /home/airflow/.local/lib/python3.12/site-packages/airflow/example_dags/example_task_group.py took 0.970 seconds
[2024-09-09T11:35:45.537+0000] {processor.py:186} INFO - Started process (PID=339) to work on /home/airflow/.local/lib/python3.12/site-packages/airflow/example_dags/example_task_group.py
[2024-09-09T11:35:45.538+0000] {processor.py:914} INFO - Processing file /home/airflow/.local/lib/python3.12/site-packages/airflow/example_dags/example_task_group.py for tasks to queue
[2024-09-09T11:35:45.538+0000] {logging_mixin.py:190} INFO - [2024-09-09T11:35:45.538+0000] {dagbag.py:587} INFO - Filling up the DagBag from /home/airflow/.local/lib/python3.12/site-packages/airflow/example_dags/example_task_group.py
[2024-09-09T11:35:45.543+0000] {processor.py:925} INFO - DAG(s) 'example_task_group' retrieved from /home/airflow/.local/lib/python3.12/site-packages/airflow/example_dags/example_task_group.py
[2024-09-09T11:35:45.628+0000] {logging_mixin.py:190} INFO - [2024-09-09T11:35:45.627+0000] {dag.py:3229} INFO - Sync 1 DAGs
[2024-09-09T11:35:45.634+0000] {logging_mixin.py:190} INFO - [2024-09-09T11:35:45.634+0000] {dag.py:4156} INFO - Setting next_dagrun for example_task_group to None, run_after=None
[2024-09-09T11:35:45.645+0000] {processor.py:208} INFO - Processing /home/airflow/.local/lib/python3.12/site-packages/airflow/example_dags/example_task_group.py took 0.111 seconds
[2024-09-09T11:36:16.362+0000] {processor.py:186} INFO - Started process (PID=401) to work on /home/airflow/.local/lib/python3.12/site-packages/airflow/example_dags/example_task_group.py
[2024-09-09T11:36:16.365+0000] {processor.py:914} INFO - Processing file /home/airflow/.local/lib/python3.12/site-packages/airflow/example_dags/example_task_group.py for tasks to queue
[2024-09-09T11:36:16.366+0000] {logging_mixin.py:190} INFO - [2024-09-09T11:36:16.366+0000] {dagbag.py:587} INFO - Filling up the DagBag from /home/airflow/.local/lib/python3.12/site-packages/airflow/example_dags/example_task_group.py
[2024-09-09T11:36:16.370+0000] {processor.py:925} INFO - DAG(s) 'example_task_group' retrieved from /home/airflow/.local/lib/python3.12/site-packages/airflow/example_dags/example_task_group.py
[2024-09-09T11:36:16.382+0000] {logging_mixin.py:190} INFO - [2024-09-09T11:36:16.381+0000] {dag.py:3229} INFO - Sync 1 DAGs
[2024-09-09T11:36:16.389+0000] {logging_mixin.py:190} INFO - [2024-09-09T11:36:16.389+0000] {dag.py:4156} INFO - Setting next_dagrun for example_task_group to None, run_after=None
[2024-09-09T11:36:16.399+0000] {processor.py:208} INFO - Processing /home/airflow/.local/lib/python3.12/site-packages/airflow/example_dags/example_task_group.py took 0.040 seconds
[2024-09-09T12:13:05.793+0000] {processor.py:186} INFO - Started process (PID=89) to work on /home/airflow/.local/lib/python3.12/site-packages/airflow/example_dags/example_task_group.py
[2024-09-09T12:13:05.794+0000] {processor.py:914} INFO - Processing file /home/airflow/.local/lib/python3.12/site-packages/airflow/example_dags/example_task_group.py for tasks to queue
[2024-09-09T12:13:05.795+0000] {logging_mixin.py:190} INFO - [2024-09-09T12:13:05.795+0000] {dagbag.py:587} INFO - Filling up the DagBag from /home/airflow/.local/lib/python3.12/site-packages/airflow/example_dags/example_task_group.py
[2024-09-09T12:13:05.801+0000] {processor.py:925} INFO - DAG(s) 'example_task_group' retrieved from /home/airflow/.local/lib/python3.12/site-packages/airflow/example_dags/example_task_group.py
[2024-09-09T12:13:05.816+0000] {logging_mixin.py:190} INFO - [2024-09-09T12:13:05.816+0000] {dag.py:3229} INFO - Sync 1 DAGs
[2024-09-09T12:13:05.824+0000] {logging_mixin.py:190} INFO - [2024-09-09T12:13:05.824+0000] {dag.py:4156} INFO - Setting next_dagrun for example_task_group to None, run_after=None
[2024-09-09T12:13:05.836+0000] {processor.py:208} INFO - Processing /home/airflow/.local/lib/python3.12/site-packages/airflow/example_dags/example_task_group.py took 0.047 seconds
[2024-09-09T12:13:36.208+0000] {processor.py:186} INFO - Started process (PID=151) to work on /home/airflow/.local/lib/python3.12/site-packages/airflow/example_dags/example_task_group.py
[2024-09-09T12:13:36.208+0000] {processor.py:914} INFO - Processing file /home/airflow/.local/lib/python3.12/site-packages/airflow/example_dags/example_task_group.py for tasks to queue
[2024-09-09T12:13:36.209+0000] {logging_mixin.py:190} INFO - [2024-09-09T12:13:36.209+0000] {dagbag.py:587} INFO - Filling up the DagBag from /home/airflow/.local/lib/python3.12/site-packages/airflow/example_dags/example_task_group.py
[2024-09-09T12:13:36.214+0000] {processor.py:925} INFO - DAG(s) 'example_task_group' retrieved from /home/airflow/.local/lib/python3.12/site-packages/airflow/example_dags/example_task_group.py
[2024-09-09T12:13:36.226+0000] {logging_mixin.py:190} INFO - [2024-09-09T12:13:36.226+0000] {dag.py:3229} INFO - Sync 1 DAGs
[2024-09-09T12:13:36.234+0000] {logging_mixin.py:190} INFO - [2024-09-09T12:13:36.234+0000] {dag.py:4156} INFO - Setting next_dagrun for example_task_group to None, run_after=None
[2024-09-09T12:13:36.244+0000] {processor.py:208} INFO - Processing /home/airflow/.local/lib/python3.12/site-packages/airflow/example_dags/example_task_group.py took 0.040 seconds
[2024-09-09T12:14:06.722+0000] {processor.py:186} INFO - Started process (PID=213) to work on /home/airflow/.local/lib/python3.12/site-packages/airflow/example_dags/example_task_group.py
[2024-09-09T12:14:06.722+0000] {processor.py:914} INFO - Processing file /home/airflow/.local/lib/python3.12/site-packages/airflow/example_dags/example_task_group.py for tasks to queue
[2024-09-09T12:14:06.724+0000] {logging_mixin.py:190} INFO - [2024-09-09T12:14:06.723+0000] {dagbag.py:587} INFO - Filling up the DagBag from /home/airflow/.local/lib/python3.12/site-packages/airflow/example_dags/example_task_group.py
[2024-09-09T12:14:06.728+0000] {processor.py:925} INFO - DAG(s) 'example_task_group' retrieved from /home/airflow/.local/lib/python3.12/site-packages/airflow/example_dags/example_task_group.py
[2024-09-09T12:14:06.743+0000] {logging_mixin.py:190} INFO - [2024-09-09T12:14:06.743+0000] {dag.py:3229} INFO - Sync 1 DAGs
[2024-09-09T12:14:06.751+0000] {logging_mixin.py:190} INFO - [2024-09-09T12:14:06.751+0000] {dag.py:4156} INFO - Setting next_dagrun for example_task_group to None, run_after=None
[2024-09-09T12:14:06.763+0000] {processor.py:208} INFO - Processing /home/airflow/.local/lib/python3.12/site-packages/airflow/example_dags/example_task_group.py took 0.044 seconds
[2024-09-09T12:14:37.074+0000] {processor.py:186} INFO - Started process (PID=275) to work on /home/airflow/.local/lib/python3.12/site-packages/airflow/example_dags/example_task_group.py
[2024-09-09T12:14:37.075+0000] {processor.py:914} INFO - Processing file /home/airflow/.local/lib/python3.12/site-packages/airflow/example_dags/example_task_group.py for tasks to queue
[2024-09-09T12:14:37.076+0000] {logging_mixin.py:190} INFO - [2024-09-09T12:14:37.076+0000] {dagbag.py:587} INFO - Filling up the DagBag from /home/airflow/.local/lib/python3.12/site-packages/airflow/example_dags/example_task_group.py
[2024-09-09T12:14:37.082+0000] {processor.py:925} INFO - DAG(s) 'example_task_group' retrieved from /home/airflow/.local/lib/python3.12/site-packages/airflow/example_dags/example_task_group.py
[2024-09-09T12:14:37.097+0000] {logging_mixin.py:190} INFO - [2024-09-09T12:14:37.097+0000] {dag.py:3229} INFO - Sync 1 DAGs
[2024-09-09T12:14:37.108+0000] {logging_mixin.py:190} INFO - [2024-09-09T12:14:37.108+0000] {dag.py:4156} INFO - Setting next_dagrun for example_task_group to None, run_after=None
[2024-09-09T12:14:37.121+0000] {processor.py:208} INFO - Processing /home/airflow/.local/lib/python3.12/site-packages/airflow/example_dags/example_task_group.py took 0.051 seconds
[2024-09-09T12:15:07.540+0000] {processor.py:186} INFO - Started process (PID=337) to work on /home/airflow/.local/lib/python3.12/site-packages/airflow/example_dags/example_task_group.py
[2024-09-09T12:15:07.540+0000] {processor.py:914} INFO - Processing file /home/airflow/.local/lib/python3.12/site-packages/airflow/example_dags/example_task_group.py for tasks to queue
[2024-09-09T12:15:07.541+0000] {logging_mixin.py:190} INFO - [2024-09-09T12:15:07.541+0000] {dagbag.py:587} INFO - Filling up the DagBag from /home/airflow/.local/lib/python3.12/site-packages/airflow/example_dags/example_task_group.py
[2024-09-09T12:15:07.546+0000] {processor.py:925} INFO - DAG(s) 'example_task_group' retrieved from /home/airflow/.local/lib/python3.12/site-packages/airflow/example_dags/example_task_group.py
[2024-09-09T12:15:07.560+0000] {logging_mixin.py:190} INFO - [2024-09-09T12:15:07.560+0000] {dag.py:3229} INFO - Sync 1 DAGs
[2024-09-09T12:15:07.568+0000] {logging_mixin.py:190} INFO - [2024-09-09T12:15:07.568+0000] {dag.py:4156} INFO - Setting next_dagrun for example_task_group to None, run_after=None
[2024-09-09T12:15:07.578+0000] {processor.py:208} INFO - Processing /home/airflow/.local/lib/python3.12/site-packages/airflow/example_dags/example_task_group.py took 0.042 seconds
