[2024-09-09T11:33:39.708+0000] {processor.py:186} INFO - Started process (PID=87) to work on /home/airflow/.local/lib/python3.12/site-packages/airflow/example_dags/tutorial_taskflow_api_virtualenv.py
[2024-09-09T11:33:39.709+0000] {processor.py:914} INFO - Processing file /home/airflow/.local/lib/python3.12/site-packages/airflow/example_dags/tutorial_taskflow_api_virtualenv.py for tasks to queue
[2024-09-09T11:33:39.710+0000] {logging_mixin.py:190} INFO - [2024-09-09T11:33:39.710+0000] {dagbag.py:587} INFO - Filling up the DagBag from /home/airflow/.local/lib/python3.12/site-packages/airflow/example_dags/tutorial_taskflow_api_virtualenv.py
[2024-09-09T11:33:39.718+0000] {processor.py:925} INFO - DAG(s) 'tutorial_taskflow_api_virtualenv' retrieved from /home/airflow/.local/lib/python3.12/site-packages/airflow/example_dags/tutorial_taskflow_api_virtualenv.py
[2024-09-09T11:33:39.786+0000] {logging_mixin.py:190} INFO - [2024-09-09T11:33:39.786+0000] {dag.py:3229} INFO - Sync 1 DAGs
[2024-09-09T11:33:39.794+0000] {logging_mixin.py:190} INFO - [2024-09-09T11:33:39.794+0000] {dag.py:4156} INFO - Setting next_dagrun for tutorial_taskflow_api_virtualenv to None, run_after=None
[2024-09-09T11:33:39.805+0000] {processor.py:208} INFO - Processing /home/airflow/.local/lib/python3.12/site-packages/airflow/example_dags/tutorial_taskflow_api_virtualenv.py took 0.101 seconds
[2024-09-09T11:34:11.702+0000] {processor.py:186} INFO - Started process (PID=149) to work on /home/airflow/.local/lib/python3.12/site-packages/airflow/example_dags/tutorial_taskflow_api_virtualenv.py
[2024-09-09T11:34:11.703+0000] {processor.py:914} INFO - Processing file /home/airflow/.local/lib/python3.12/site-packages/airflow/example_dags/tutorial_taskflow_api_virtualenv.py for tasks to queue
[2024-09-09T11:34:11.704+0000] {logging_mixin.py:190} INFO - [2024-09-09T11:34:11.704+0000] {dagbag.py:587} INFO - Filling up the DagBag from /home/airflow/.local/lib/python3.12/site-packages/airflow/example_dags/tutorial_taskflow_api_virtualenv.py
[2024-09-09T11:34:11.711+0000] {processor.py:925} INFO - DAG(s) 'tutorial_taskflow_api_virtualenv' retrieved from /home/airflow/.local/lib/python3.12/site-packages/airflow/example_dags/tutorial_taskflow_api_virtualenv.py
[2024-09-09T11:34:11.968+0000] {logging_mixin.py:190} INFO - [2024-09-09T11:34:11.968+0000] {dag.py:3229} INFO - Sync 1 DAGs
[2024-09-09T11:34:11.975+0000] {logging_mixin.py:190} INFO - [2024-09-09T11:34:11.974+0000] {dag.py:4156} INFO - Setting next_dagrun for tutorial_taskflow_api_virtualenv to None, run_after=None
[2024-09-09T11:34:11.990+0000] {processor.py:208} INFO - Processing /home/airflow/.local/lib/python3.12/site-packages/airflow/example_dags/tutorial_taskflow_api_virtualenv.py took 0.292 seconds
[2024-09-09T11:34:43.464+0000] {processor.py:186} INFO - Started process (PID=211) to work on /home/airflow/.local/lib/python3.12/site-packages/airflow/example_dags/tutorial_taskflow_api_virtualenv.py
[2024-09-09T11:34:43.464+0000] {processor.py:914} INFO - Processing file /home/airflow/.local/lib/python3.12/site-packages/airflow/example_dags/tutorial_taskflow_api_virtualenv.py for tasks to queue
[2024-09-09T11:34:43.465+0000] {logging_mixin.py:190} INFO - [2024-09-09T11:34:43.465+0000] {dagbag.py:587} INFO - Filling up the DagBag from /home/airflow/.local/lib/python3.12/site-packages/airflow/example_dags/tutorial_taskflow_api_virtualenv.py
[2024-09-09T11:34:43.471+0000] {processor.py:925} INFO - DAG(s) 'tutorial_taskflow_api_virtualenv' retrieved from /home/airflow/.local/lib/python3.12/site-packages/airflow/example_dags/tutorial_taskflow_api_virtualenv.py
[2024-09-09T11:34:43.556+0000] {logging_mixin.py:190} INFO - [2024-09-09T11:34:43.556+0000] {dag.py:3229} INFO - Sync 1 DAGs
[2024-09-09T11:34:43.563+0000] {logging_mixin.py:190} INFO - [2024-09-09T11:34:43.563+0000] {dag.py:4156} INFO - Setting next_dagrun for tutorial_taskflow_api_virtualenv to None, run_after=None
[2024-09-09T11:34:43.579+0000] {processor.py:208} INFO - Processing /home/airflow/.local/lib/python3.12/site-packages/airflow/example_dags/tutorial_taskflow_api_virtualenv.py took 0.119 seconds
[2024-09-09T11:35:13.999+0000] {processor.py:186} INFO - Started process (PID=272) to work on /home/airflow/.local/lib/python3.12/site-packages/airflow/example_dags/tutorial_taskflow_api_virtualenv.py
[2024-09-09T11:35:13.999+0000] {processor.py:914} INFO - Processing file /home/airflow/.local/lib/python3.12/site-packages/airflow/example_dags/tutorial_taskflow_api_virtualenv.py for tasks to queue
[2024-09-09T11:35:14.000+0000] {logging_mixin.py:190} INFO - [2024-09-09T11:35:14.000+0000] {dagbag.py:587} INFO - Filling up the DagBag from /home/airflow/.local/lib/python3.12/site-packages/airflow/example_dags/tutorial_taskflow_api_virtualenv.py
[2024-09-09T11:35:14.009+0000] {processor.py:925} INFO - DAG(s) 'tutorial_taskflow_api_virtualenv' retrieved from /home/airflow/.local/lib/python3.12/site-packages/airflow/example_dags/tutorial_taskflow_api_virtualenv.py
[2024-09-09T11:35:14.132+0000] {logging_mixin.py:190} INFO - [2024-09-09T11:35:14.132+0000] {dag.py:3229} INFO - Sync 1 DAGs
[2024-09-09T11:35:14.141+0000] {logging_mixin.py:190} INFO - [2024-09-09T11:35:14.141+0000] {dag.py:4156} INFO - Setting next_dagrun for tutorial_taskflow_api_virtualenv to None, run_after=None
[2024-09-09T11:35:14.159+0000] {processor.py:208} INFO - Processing /home/airflow/.local/lib/python3.12/site-packages/airflow/example_dags/tutorial_taskflow_api_virtualenv.py took 0.164 seconds
[2024-09-09T11:35:44.282+0000] {processor.py:186} INFO - Started process (PID=333) to work on /home/airflow/.local/lib/python3.12/site-packages/airflow/example_dags/tutorial_taskflow_api_virtualenv.py
[2024-09-09T11:35:44.282+0000] {processor.py:914} INFO - Processing file /home/airflow/.local/lib/python3.12/site-packages/airflow/example_dags/tutorial_taskflow_api_virtualenv.py for tasks to queue
[2024-09-09T11:35:44.283+0000] {logging_mixin.py:190} INFO - [2024-09-09T11:35:44.283+0000] {dagbag.py:587} INFO - Filling up the DagBag from /home/airflow/.local/lib/python3.12/site-packages/airflow/example_dags/tutorial_taskflow_api_virtualenv.py
[2024-09-09T11:35:44.289+0000] {processor.py:925} INFO - DAG(s) 'tutorial_taskflow_api_virtualenv' retrieved from /home/airflow/.local/lib/python3.12/site-packages/airflow/example_dags/tutorial_taskflow_api_virtualenv.py
[2024-09-09T11:35:44.386+0000] {logging_mixin.py:190} INFO - [2024-09-09T11:35:44.386+0000] {dag.py:3229} INFO - Sync 1 DAGs
[2024-09-09T11:35:44.393+0000] {logging_mixin.py:190} INFO - [2024-09-09T11:35:44.393+0000] {dag.py:4156} INFO - Setting next_dagrun for tutorial_taskflow_api_virtualenv to None, run_after=None
[2024-09-09T11:35:44.407+0000] {processor.py:208} INFO - Processing /home/airflow/.local/lib/python3.12/site-packages/airflow/example_dags/tutorial_taskflow_api_virtualenv.py took 0.129 seconds
[2024-09-09T11:36:14.713+0000] {processor.py:186} INFO - Started process (PID=394) to work on /home/airflow/.local/lib/python3.12/site-packages/airflow/example_dags/tutorial_taskflow_api_virtualenv.py
[2024-09-09T11:36:14.714+0000] {processor.py:914} INFO - Processing file /home/airflow/.local/lib/python3.12/site-packages/airflow/example_dags/tutorial_taskflow_api_virtualenv.py for tasks to queue
[2024-09-09T11:36:14.715+0000] {logging_mixin.py:190} INFO - [2024-09-09T11:36:14.714+0000] {dagbag.py:587} INFO - Filling up the DagBag from /home/airflow/.local/lib/python3.12/site-packages/airflow/example_dags/tutorial_taskflow_api_virtualenv.py
[2024-09-09T11:36:14.723+0000] {processor.py:925} INFO - DAG(s) 'tutorial_taskflow_api_virtualenv' retrieved from /home/airflow/.local/lib/python3.12/site-packages/airflow/example_dags/tutorial_taskflow_api_virtualenv.py
[2024-09-09T11:36:14.738+0000] {logging_mixin.py:190} INFO - [2024-09-09T11:36:14.738+0000] {dag.py:3229} INFO - Sync 1 DAGs
[2024-09-09T11:36:14.748+0000] {logging_mixin.py:190} INFO - [2024-09-09T11:36:14.748+0000] {dag.py:4156} INFO - Setting next_dagrun for tutorial_taskflow_api_virtualenv to None, run_after=None
[2024-09-09T11:36:14.761+0000] {processor.py:208} INFO - Processing /home/airflow/.local/lib/python3.12/site-packages/airflow/example_dags/tutorial_taskflow_api_virtualenv.py took 0.052 seconds
[2024-09-09T12:13:05.788+0000] {processor.py:186} INFO - Started process (PID=88) to work on /home/airflow/.local/lib/python3.12/site-packages/airflow/example_dags/tutorial_taskflow_api_virtualenv.py
[2024-09-09T12:13:05.789+0000] {processor.py:914} INFO - Processing file /home/airflow/.local/lib/python3.12/site-packages/airflow/example_dags/tutorial_taskflow_api_virtualenv.py for tasks to queue
[2024-09-09T12:13:05.790+0000] {logging_mixin.py:190} INFO - [2024-09-09T12:13:05.790+0000] {dagbag.py:587} INFO - Filling up the DagBag from /home/airflow/.local/lib/python3.12/site-packages/airflow/example_dags/tutorial_taskflow_api_virtualenv.py
[2024-09-09T12:13:05.797+0000] {processor.py:925} INFO - DAG(s) 'tutorial_taskflow_api_virtualenv' retrieved from /home/airflow/.local/lib/python3.12/site-packages/airflow/example_dags/tutorial_taskflow_api_virtualenv.py
[2024-09-09T12:13:05.868+0000] {logging_mixin.py:190} INFO - [2024-09-09T12:13:05.868+0000] {dag.py:3229} INFO - Sync 1 DAGs
[2024-09-09T12:13:05.875+0000] {logging_mixin.py:190} INFO - [2024-09-09T12:13:05.875+0000] {dag.py:4156} INFO - Setting next_dagrun for tutorial_taskflow_api_virtualenv to None, run_after=None
[2024-09-09T12:13:05.886+0000] {processor.py:208} INFO - Processing /home/airflow/.local/lib/python3.12/site-packages/airflow/example_dags/tutorial_taskflow_api_virtualenv.py took 0.101 seconds
[2024-09-09T12:13:36.174+0000] {processor.py:186} INFO - Started process (PID=150) to work on /home/airflow/.local/lib/python3.12/site-packages/airflow/example_dags/tutorial_taskflow_api_virtualenv.py
[2024-09-09T12:13:36.174+0000] {processor.py:914} INFO - Processing file /home/airflow/.local/lib/python3.12/site-packages/airflow/example_dags/tutorial_taskflow_api_virtualenv.py for tasks to queue
[2024-09-09T12:13:36.176+0000] {logging_mixin.py:190} INFO - [2024-09-09T12:13:36.175+0000] {dagbag.py:587} INFO - Filling up the DagBag from /home/airflow/.local/lib/python3.12/site-packages/airflow/example_dags/tutorial_taskflow_api_virtualenv.py
[2024-09-09T12:13:36.182+0000] {processor.py:925} INFO - DAG(s) 'tutorial_taskflow_api_virtualenv' retrieved from /home/airflow/.local/lib/python3.12/site-packages/airflow/example_dags/tutorial_taskflow_api_virtualenv.py
[2024-09-09T12:13:36.194+0000] {logging_mixin.py:190} INFO - [2024-09-09T12:13:36.194+0000] {dag.py:3229} INFO - Sync 1 DAGs
[2024-09-09T12:13:36.202+0000] {logging_mixin.py:190} INFO - [2024-09-09T12:13:36.202+0000] {dag.py:4156} INFO - Setting next_dagrun for tutorial_taskflow_api_virtualenv to None, run_after=None
[2024-09-09T12:13:36.212+0000] {processor.py:208} INFO - Processing /home/airflow/.local/lib/python3.12/site-packages/airflow/example_dags/tutorial_taskflow_api_virtualenv.py took 0.042 seconds
[2024-09-09T12:14:06.705+0000] {processor.py:186} INFO - Started process (PID=212) to work on /home/airflow/.local/lib/python3.12/site-packages/airflow/example_dags/tutorial_taskflow_api_virtualenv.py
[2024-09-09T12:14:06.706+0000] {processor.py:914} INFO - Processing file /home/airflow/.local/lib/python3.12/site-packages/airflow/example_dags/tutorial_taskflow_api_virtualenv.py for tasks to queue
[2024-09-09T12:14:06.707+0000] {logging_mixin.py:190} INFO - [2024-09-09T12:14:06.707+0000] {dagbag.py:587} INFO - Filling up the DagBag from /home/airflow/.local/lib/python3.12/site-packages/airflow/example_dags/tutorial_taskflow_api_virtualenv.py
[2024-09-09T12:14:06.715+0000] {processor.py:925} INFO - DAG(s) 'tutorial_taskflow_api_virtualenv' retrieved from /home/airflow/.local/lib/python3.12/site-packages/airflow/example_dags/tutorial_taskflow_api_virtualenv.py
[2024-09-09T12:14:06.730+0000] {logging_mixin.py:190} INFO - [2024-09-09T12:14:06.730+0000] {dag.py:3229} INFO - Sync 1 DAGs
[2024-09-09T12:14:06.741+0000] {logging_mixin.py:190} INFO - [2024-09-09T12:14:06.741+0000] {dag.py:4156} INFO - Setting next_dagrun for tutorial_taskflow_api_virtualenv to None, run_after=None
[2024-09-09T12:14:06.755+0000] {processor.py:208} INFO - Processing /home/airflow/.local/lib/python3.12/site-packages/airflow/example_dags/tutorial_taskflow_api_virtualenv.py took 0.053 seconds
[2024-09-09T12:14:37.054+0000] {processor.py:186} INFO - Started process (PID=274) to work on /home/airflow/.local/lib/python3.12/site-packages/airflow/example_dags/tutorial_taskflow_api_virtualenv.py
[2024-09-09T12:14:37.054+0000] {processor.py:914} INFO - Processing file /home/airflow/.local/lib/python3.12/site-packages/airflow/example_dags/tutorial_taskflow_api_virtualenv.py for tasks to queue
[2024-09-09T12:14:37.055+0000] {logging_mixin.py:190} INFO - [2024-09-09T12:14:37.055+0000] {dagbag.py:587} INFO - Filling up the DagBag from /home/airflow/.local/lib/python3.12/site-packages/airflow/example_dags/tutorial_taskflow_api_virtualenv.py
[2024-09-09T12:14:37.062+0000] {processor.py:925} INFO - DAG(s) 'tutorial_taskflow_api_virtualenv' retrieved from /home/airflow/.local/lib/python3.12/site-packages/airflow/example_dags/tutorial_taskflow_api_virtualenv.py
[2024-09-09T12:14:37.076+0000] {logging_mixin.py:190} INFO - [2024-09-09T12:14:37.075+0000] {dag.py:3229} INFO - Sync 1 DAGs
[2024-09-09T12:14:37.087+0000] {logging_mixin.py:190} INFO - [2024-09-09T12:14:37.087+0000] {dag.py:4156} INFO - Setting next_dagrun for tutorial_taskflow_api_virtualenv to None, run_after=None
[2024-09-09T12:14:37.099+0000] {processor.py:208} INFO - Processing /home/airflow/.local/lib/python3.12/site-packages/airflow/example_dags/tutorial_taskflow_api_virtualenv.py took 0.048 seconds
[2024-09-09T12:15:07.521+0000] {processor.py:186} INFO - Started process (PID=336) to work on /home/airflow/.local/lib/python3.12/site-packages/airflow/example_dags/tutorial_taskflow_api_virtualenv.py
[2024-09-09T12:15:07.522+0000] {processor.py:914} INFO - Processing file /home/airflow/.local/lib/python3.12/site-packages/airflow/example_dags/tutorial_taskflow_api_virtualenv.py for tasks to queue
[2024-09-09T12:15:07.524+0000] {logging_mixin.py:190} INFO - [2024-09-09T12:15:07.523+0000] {dagbag.py:587} INFO - Filling up the DagBag from /home/airflow/.local/lib/python3.12/site-packages/airflow/example_dags/tutorial_taskflow_api_virtualenv.py
[2024-09-09T12:15:07.531+0000] {processor.py:925} INFO - DAG(s) 'tutorial_taskflow_api_virtualenv' retrieved from /home/airflow/.local/lib/python3.12/site-packages/airflow/example_dags/tutorial_taskflow_api_virtualenv.py
[2024-09-09T12:15:07.542+0000] {logging_mixin.py:190} INFO - [2024-09-09T12:15:07.542+0000] {dag.py:3229} INFO - Sync 1 DAGs
[2024-09-09T12:15:07.550+0000] {logging_mixin.py:190} INFO - [2024-09-09T12:15:07.549+0000] {dag.py:4156} INFO - Setting next_dagrun for tutorial_taskflow_api_virtualenv to None, run_after=None
[2024-09-09T12:15:07.562+0000] {processor.py:208} INFO - Processing /home/airflow/.local/lib/python3.12/site-packages/airflow/example_dags/tutorial_taskflow_api_virtualenv.py took 0.044 seconds
